printing solutions in: ./dogs-color/insts/cgshop22/sqrp18603.instance.json.solution.json
printing perfs in: ./dogs-color/insts/cgshop22/sqrp18603.instance.json.perf.json

CGSHOP Instance: compute neighbors...
computing neighbors (0 / 18603)...
computing neighbors (1000 / 18603)...
computing neighbors (2000 / 18603)...
computing neighbors (3000 / 18603)...
computing neighbors (4000 / 18603)...
computing neighbors (5000 / 18603)...
computing neighbors (6000 / 18603)...
computing neighbors (7000 / 18603)...
computing neighbors (8000 / 18603)...
computing neighbors (9000 / 18603)...
computing neighbors (10000 / 18603)...
computing neighbors (11000 / 18603)...
computing neighbors (12000 / 18603)...
computing neighbors (13000 / 18603)...
computing neighbors (14000 / 18603)...
computing neighbors (15000 / 18603)...
computing neighbors (16000 / 18603)...
computing neighbors (17000 / 18603)...
computing neighbors (18000 / 18603)...
436        vertices
18603      segments
3472       dominations
=======================
CGSHOP Instance: compute neighbors...
computing neighbors (0 / 18603)...
computing neighbors (1000 / 18603)...
computing neighbors (2000 / 18603)...
computing neighbors (3000 / 18603)...
computing neighbors (4000 / 18603)...
computing neighbors (5000 / 18603)...
computing neighbors (6000 / 18603)...
computing neighbors (7000 / 18603)...
computing neighbors (8000 / 18603)...
computing neighbors (9000 / 18603)...
computing neighbors (10000 / 18603)...
computing neighbors (11000 / 18603)...
computing neighbors (12000 / 18603)...
computing neighbors (13000 / 18603)...
computing neighbors (14000 / 18603)...
computing neighbors (15000 / 18603)...
computing neighbors (16000 / 18603)...
computing neighbors (17000 / 18603)...
computing neighbors (18000 / 18603)...
colored 1000 / 18603...
colored 2000 / 18603...
colored 3000 / 18603...
colored 4000 / 18603...
colored 5000 / 18603...
colored 6000 / 18603...
colored 7000 / 18603...
colored 8000 / 18603...
colored 9000 / 18603...
colored 10000 / 18603...
colored 11000 / 18603...
colored 12000 / 18603...
colored 13000 / 18603...
colored 14000 / 18603...
colored 15000 / 18603...
colored 16000 / 18603...
colored 17000 / 18603...
colored 18000 / 18603...
greedy found 158 colors in 7.339 seconds
 time (s)      nb nodes       objective      
---------------------------------------------
  2.095                       158            
  6.698        203.5 k        157            
  19.077       243.6 k        156            
  57.494       331.2 k        155            
  107.622      442.1 k        154            
