printing solutions in: ./dogs-color/insts/cgshop22/rvisp11339.instance.json.solution.json
printing perfs in: ./dogs-color/insts/cgshop22/rvisp11339.instance.json.perf.json

CGSHOP Instance: compute neighbors...
computing neighbors (0 / 11339)...
computing neighbors (1000 / 11339)...
computing neighbors (2000 / 11339)...
computing neighbors (3000 / 11339)...
computing neighbors (4000 / 11339)...
computing neighbors (5000 / 11339)...
computing neighbors (6000 / 11339)...
computing neighbors (7000 / 11339)...
computing neighbors (8000 / 11339)...
computing neighbors (9000 / 11339)...
computing neighbors (10000 / 11339)...
computing neighbors (11000 / 11339)...
293        vertices
11339      segments
5428       dominations
=======================
CGSHOP Instance: compute neighbors...
computing neighbors (0 / 11339)...
computing neighbors (1000 / 11339)...
computing neighbors (2000 / 11339)...
computing neighbors (3000 / 11339)...
computing neighbors (4000 / 11339)...
computing neighbors (5000 / 11339)...
computing neighbors (6000 / 11339)...
computing neighbors (7000 / 11339)...
computing neighbors (8000 / 11339)...
computing neighbors (9000 / 11339)...
computing neighbors (10000 / 11339)...
computing neighbors (11000 / 11339)...
colored 1000 / 11339...
colored 2000 / 11339...
colored 3000 / 11339...
colored 4000 / 11339...
colored 5000 / 11339...
colored 6000 / 11339...
colored 7000 / 11339...
colored 8000 / 11339...
colored 9000 / 11339...
colored 10000 / 11339...
colored 11000 / 11339...
greedy found 94 colors in 1.131 seconds
 time (s)      nb nodes       objective      
---------------------------------------------
  0.542                       94             
  2.032        8.8 M          93             
  2.515        10.8 M         92             
  3.095        12.2 M         91             
  3.555        13.1 M         90             
  3.928        13.8 M         89             
  4.363        14.3 M         88             
  4.737        14.6 M         87             
  5.284        14.7 M         86             
  5.949        14.9 M         85             
  7.972        15.0 M         84             
  8.477        15.0 M         83             
  9.764        15.1 M         82             
  12.447       15.1 M         81             
  13.685       15.1 M         80             
  14.481       15.2 M         79             
  26.486       15.3 M         78             
  46.658       15.5 M         77             
  82.979       15.8 M         76             
  139.233      16.2 M         75             
  33304.809    215.9 M        74             
