printing solutions in: ./dogs-color/insts/cgshop22/vispecn10178.instance.json.solution.json
printing perfs in: ./dogs-color/insts/cgshop22/vispecn10178.instance.json.perf.json

CGSHOP Instance: compute neighbors...
computing neighbors (0 / 10178)...
computing neighbors (1000 / 10178)...
computing neighbors (2000 / 10178)...
computing neighbors (3000 / 10178)...
computing neighbors (4000 / 10178)...
computing neighbors (5000 / 10178)...
computing neighbors (6000 / 10178)...
computing neighbors (7000 / 10178)...
computing neighbors (8000 / 10178)...
computing neighbors (9000 / 10178)...
computing neighbors (10000 / 10178)...
15196      vertices
10178      segments
149        dominations
=======================
CGSHOP Instance: compute neighbors...
computing neighbors (0 / 10178)...
computing neighbors (1000 / 10178)...
computing neighbors (2000 / 10178)...
computing neighbors (3000 / 10178)...
computing neighbors (4000 / 10178)...
computing neighbors (5000 / 10178)...
computing neighbors (6000 / 10178)...
computing neighbors (7000 / 10178)...
computing neighbors (8000 / 10178)...
computing neighbors (9000 / 10178)...
computing neighbors (10000 / 10178)...
colored 1000 / 10178...
colored 2000 / 10178...
colored 3000 / 10178...
colored 4000 / 10178...
colored 5000 / 10178...
colored 6000 / 10178...
colored 7000 / 10178...
colored 8000 / 10178...
colored 9000 / 10178...
colored 10000 / 10178...
greedy found 148 colors in 0.820 seconds
 time (s)      nb nodes       objective      
---------------------------------------------
  0.368                       148            
  0.546        1.1 M          147            
  0.705        1.9 M          146            
  0.862        2.7 M          145            
  1.121        3.3 M          144            
  1.280        3.7 M          143            
  1.427        4.2 M          142            
  1.552        4.3 M          141            
  1.693        4.6 M          140            
  1.829        4.9 M          139            
  1.946        5.1 M          138            
  2.086        5.3 M          137            
  2.201        5.3 M          136            
  2.294        5.5 M          135            
  2.417        5.6 M          134            
  2.517        5.7 M          133            
  2.653        5.8 M          132            
  2.775        5.9 M          131            
  2.969        5.9 M          130            
  3.075        5.9 M          129            
  3.265        6.0 M          128            
  3.422        6.0 M          127            
  3.619        6.1 M          126            
  3.941        6.1 M          125            
  4.216        6.1 M          124            
  4.472        6.1 M          123            
  4.898        6.1 M          122            
  6.071        6.2 M          121            
  6.646        6.2 M          120            
  8.459        6.3 M          119            
  10.503       6.3 M          118            
  14.920       6.4 M          117            
  16.674       6.5 M          116            
  187.267      9.2 M          115            
  267.797      10.4 M         114            
