printing solutions in: ./dogs-color/insts/cgshop22/rvisp15254.instance.json.solution.json
printing perfs in: ./dogs-color/insts/cgshop22/rvisp15254.instance.json.perf.json

CGSHOP Instance: compute neighbors...
computing neighbors (0 / 15254)...
computing neighbors (1000 / 15254)...
computing neighbors (2000 / 15254)...
computing neighbors (3000 / 15254)...
computing neighbors (4000 / 15254)...
computing neighbors (5000 / 15254)...
computing neighbors (6000 / 15254)...
computing neighbors (7000 / 15254)...
computing neighbors (8000 / 15254)...
computing neighbors (9000 / 15254)...
computing neighbors (10000 / 15254)...
computing neighbors (11000 / 15254)...
computing neighbors (12000 / 15254)...
computing neighbors (13000 / 15254)...
computing neighbors (14000 / 15254)...
computing neighbors (15000 / 15254)...
379        vertices
15254      segments
7509       dominations
=======================
CGSHOP Instance: compute neighbors...
computing neighbors (0 / 15254)...
computing neighbors (1000 / 15254)...
computing neighbors (2000 / 15254)...
computing neighbors (3000 / 15254)...
computing neighbors (4000 / 15254)...
computing neighbors (5000 / 15254)...
computing neighbors (6000 / 15254)...
computing neighbors (7000 / 15254)...
computing neighbors (8000 / 15254)...
computing neighbors (9000 / 15254)...
computing neighbors (10000 / 15254)...
computing neighbors (11000 / 15254)...
computing neighbors (12000 / 15254)...
computing neighbors (13000 / 15254)...
computing neighbors (14000 / 15254)...
computing neighbors (15000 / 15254)...
colored 1000 / 15254...
colored 2000 / 15254...
colored 3000 / 15254...
colored 4000 / 15254...
colored 5000 / 15254...
colored 6000 / 15254...
colored 7000 / 15254...
colored 8000 / 15254...
colored 9000 / 15254...
colored 10000 / 15254...
colored 11000 / 15254...
colored 12000 / 15254...
colored 13000 / 15254...
colored 14000 / 15254...
colored 15000 / 15254...
greedy found 101 colors in 2.666 seconds
 time (s)      nb nodes       objective      
---------------------------------------------
  1.053                       101            
  5.512        12.2 M         100            
  7.959        17.1 M         99             
  10.496       20.5 M         98             
  12.397       22.0 M         97             
  14.262       23.2 M         96             
  15.419       24.0 M         95             
  16.596       24.6 M         94             
  18.713       25.1 M         93             
  22.464       25.4 M         92             
  24.085       25.6 M         91             
  25.776       25.8 M         90             
  29.156       26.0 M         89             
  33.060       26.1 M         88             
  37.747       26.2 M         87             
  59.506       26.4 M         86             
  71.428       26.5 M         85             
  80.697       26.6 M         84             
  153.349      26.9 M         83             
  569.220      28.2 M         82             
  7852.295     50.5 M         81             
