printing solutions in: ./dogs-color/insts/cgshop22/sqrp53087.instance.json.solution.json
printing perfs in: ./dogs-color/insts/cgshop22/sqrp53087.instance.json.perf.json

CGSHOP Instance: compute neighbors...
computing neighbors (0 / 53087)...
computing neighbors (1000 / 53087)...
computing neighbors (2000 / 53087)...
computing neighbors (3000 / 53087)...
computing neighbors (4000 / 53087)...
computing neighbors (5000 / 53087)...
computing neighbors (6000 / 53087)...
computing neighbors (7000 / 53087)...
computing neighbors (8000 / 53087)...
computing neighbors (9000 / 53087)...
computing neighbors (10000 / 53087)...
computing neighbors (11000 / 53087)...
computing neighbors (12000 / 53087)...
computing neighbors (13000 / 53087)...
computing neighbors (14000 / 53087)...
computing neighbors (15000 / 53087)...
computing neighbors (16000 / 53087)...
computing neighbors (17000 / 53087)...
computing neighbors (18000 / 53087)...
computing neighbors (19000 / 53087)...
computing neighbors (20000 / 53087)...
computing neighbors (21000 / 53087)...
computing neighbors (22000 / 53087)...
computing neighbors (23000 / 53087)...
computing neighbors (24000 / 53087)...
computing neighbors (25000 / 53087)...
computing neighbors (26000 / 53087)...
computing neighbors (27000 / 53087)...
computing neighbors (28000 / 53087)...
computing neighbors (29000 / 53087)...
computing neighbors (30000 / 53087)...
computing neighbors (31000 / 53087)...
computing neighbors (32000 / 53087)...
computing neighbors (33000 / 53087)...
computing neighbors (34000 / 53087)...
computing neighbors (35000 / 53087)...
computing neighbors (36000 / 53087)...
computing neighbors (37000 / 53087)...
computing neighbors (38000 / 53087)...
computing neighbors (39000 / 53087)...
computing neighbors (40000 / 53087)...
computing neighbors (41000 / 53087)...
computing neighbors (42000 / 53087)...
computing neighbors (43000 / 53087)...
computing neighbors (44000 / 53087)...
computing neighbors (45000 / 53087)...
computing neighbors (46000 / 53087)...
computing neighbors (47000 / 53087)...
computing neighbors (48000 / 53087)...
computing neighbors (49000 / 53087)...
computing neighbors (50000 / 53087)...
computing neighbors (51000 / 53087)...
computing neighbors (52000 / 53087)...
computing neighbors (53000 / 53087)...
793        vertices
53087      segments
9437       dominations
=======================
CGSHOP Instance: compute neighbors...
computing neighbors (0 / 53087)...
computing neighbors (1000 / 53087)...
computing neighbors (2000 / 53087)...
computing neighbors (3000 / 53087)...
computing neighbors (4000 / 53087)...
computing neighbors (5000 / 53087)...
computing neighbors (6000 / 53087)...
computing neighbors (7000 / 53087)...
computing neighbors (8000 / 53087)...
computing neighbors (9000 / 53087)...
computing neighbors (10000 / 53087)...
computing neighbors (11000 / 53087)...
computing neighbors (12000 / 53087)...
computing neighbors (13000 / 53087)...
computing neighbors (14000 / 53087)...
computing neighbors (15000 / 53087)...
computing neighbors (16000 / 53087)...
computing neighbors (17000 / 53087)...
computing neighbors (18000 / 53087)...
computing neighbors (19000 / 53087)...
computing neighbors (20000 / 53087)...
computing neighbors (21000 / 53087)...
computing neighbors (22000 / 53087)...
computing neighbors (23000 / 53087)...
computing neighbors (24000 / 53087)...
computing neighbors (25000 / 53087)...
computing neighbors (26000 / 53087)...
computing neighbors (27000 / 53087)...
computing neighbors (28000 / 53087)...
computing neighbors (29000 / 53087)...
computing neighbors (30000 / 53087)...
computing neighbors (31000 / 53087)...
computing neighbors (32000 / 53087)...
computing neighbors (33000 / 53087)...
computing neighbors (34000 / 53087)...
computing neighbors (35000 / 53087)...
computing neighbors (36000 / 53087)...
computing neighbors (37000 / 53087)...
computing neighbors (38000 / 53087)...
computing neighbors (39000 / 53087)...
computing neighbors (40000 / 53087)...
computing neighbors (41000 / 53087)...
computing neighbors (42000 / 53087)...
computing neighbors (43000 / 53087)...
computing neighbors (44000 / 53087)...
computing neighbors (45000 / 53087)...
computing neighbors (46000 / 53087)...
computing neighbors (47000 / 53087)...
computing neighbors (48000 / 53087)...
computing neighbors (49000 / 53087)...
computing neighbors (50000 / 53087)...
computing neighbors (51000 / 53087)...
computing neighbors (52000 / 53087)...
computing neighbors (53000 / 53087)...
colored 1000 / 53087...
colored 2000 / 53087...
colored 3000 / 53087...
colored 4000 / 53087...
colored 5000 / 53087...
colored 6000 / 53087...
colored 7000 / 53087...
colored 8000 / 53087...
colored 9000 / 53087...
colored 10000 / 53087...
colored 11000 / 53087...
colored 12000 / 53087...
colored 13000 / 53087...
colored 14000 / 53087...
colored 15000 / 53087...
colored 16000 / 53087...
colored 17000 / 53087...
colored 18000 / 53087...
colored 19000 / 53087...
colored 20000 / 53087...
colored 21000 / 53087...
colored 22000 / 53087...
colored 23000 / 53087...
colored 24000 / 53087...
colored 25000 / 53087...
colored 26000 / 53087...
colored 27000 / 53087...
colored 28000 / 53087...
colored 29000 / 53087...
colored 30000 / 53087...
colored 31000 / 53087...
colored 32000 / 53087...
colored 33000 / 53087...
colored 34000 / 53087...
colored 35000 / 53087...
colored 36000 / 53087...
colored 37000 / 53087...
colored 38000 / 53087...
colored 39000 / 53087...
colored 40000 / 53087...
colored 41000 / 53087...
colored 42000 / 53087...
colored 43000 / 53087...
colored 44000 / 53087...
colored 45000 / 53087...
colored 46000 / 53087...
colored 47000 / 53087...
colored 48000 / 53087...
colored 49000 / 53087...
colored 50000 / 53087...
colored 51000 / 53087...
colored 52000 / 53087...
colored 53000 / 53087...
greedy found 265 colors in 109.503 seconds
 time (s)      nb nodes       objective      
---------------------------------------------
  17.742                      265            
  21.047       1.4 M          264            
  23.747       2.3 M          263            
  27.081       2.8 M          262            
  35.016       3.2 M          261            
  39.576       3.5 M          260            
  50.196       3.6 M          259            
  86.106       3.7 M          258            
  101.733      3.8 M          257            
  120.112      3.8 M          256            
  143.394      3.8 M          255            
  257.083      3.9 M          254            
  332.385      4.0 M          253            
  425.245      4.0 M          252            
  510.489      4.1 M          251            
  616.483      4.2 M          250            
  827.476      4.3 M          249            
  1046.249     4.4 M          248            
  1916.228     4.9 M          247            
  19550.826    14.4 M         246            
  72952.008    41.6 M         245            
