printing solutions in: ./dogs-color/insts/cgshop22/sqrpecn18520.instance.json.solution.json
printing perfs in: ./dogs-color/insts/cgshop22/sqrpecn18520.instance.json.perf.json

CGSHOP Instance: compute neighbors...
computing neighbors (0 / 18520)...
computing neighbors (1000 / 18520)...
computing neighbors (2000 / 18520)...
computing neighbors (3000 / 18520)...
computing neighbors (4000 / 18520)...
computing neighbors (5000 / 18520)...
computing neighbors (6000 / 18520)...
computing neighbors (7000 / 18520)...
computing neighbors (8000 / 18520)...
computing neighbors (9000 / 18520)...
computing neighbors (10000 / 18520)...
computing neighbors (11000 / 18520)...
computing neighbors (12000 / 18520)...
computing neighbors (13000 / 18520)...
computing neighbors (14000 / 18520)...
computing neighbors (15000 / 18520)...
computing neighbors (16000 / 18520)...
computing neighbors (17000 / 18520)...
computing neighbors (18000 / 18520)...
29600      vertices
18520      segments
220        dominations
=======================
CGSHOP Instance: compute neighbors...
computing neighbors (0 / 18520)...
computing neighbors (1000 / 18520)...
computing neighbors (2000 / 18520)...
computing neighbors (3000 / 18520)...
computing neighbors (4000 / 18520)...
computing neighbors (5000 / 18520)...
computing neighbors (6000 / 18520)...
computing neighbors (7000 / 18520)...
computing neighbors (8000 / 18520)...
computing neighbors (9000 / 18520)...
computing neighbors (10000 / 18520)...
computing neighbors (11000 / 18520)...
computing neighbors (12000 / 18520)...
computing neighbors (13000 / 18520)...
computing neighbors (14000 / 18520)...
computing neighbors (15000 / 18520)...
computing neighbors (16000 / 18520)...
computing neighbors (17000 / 18520)...
computing neighbors (18000 / 18520)...
colored 1000 / 18520...
colored 2000 / 18520...
colored 3000 / 18520...
colored 4000 / 18520...
colored 5000 / 18520...
colored 6000 / 18520...
colored 7000 / 18520...
colored 8000 / 18520...
colored 9000 / 18520...
colored 10000 / 18520...
colored 11000 / 18520...
colored 12000 / 18520...
colored 13000 / 18520...
colored 14000 / 18520...
colored 15000 / 18520...
colored 16000 / 18520...
colored 17000 / 18520...
colored 18000 / 18520...
greedy found 383 colors in 5.302 seconds
 time (s)      nb nodes       objective      
---------------------------------------------
  1.971                       383            
  2.108        366.0 k        382            
  2.212        530.9 k        381            
  2.487        586.2 k        380            
  2.695        653.6 k        379            
  2.988        672.7 k        378            
  3.256        702.5 k        377            
  3.471        721.7 k        376            
  4.014        747.5 k        375            
  4.347        761.5 k        374            
  4.673        772.8 k        373            
  5.549        789.6 k        372            
  6.034        806.3 k        371            
  6.717        815.4 k        370            
  7.257        823.9 k        369            
  7.920        835.7 k        368            
  8.498        850.1 k        367            
  8.797        854.7 k        366            
  9.560        865.3 k        365            
  10.181       871.5 k        364            
  11.052       883.9 k        363            
  11.434       888.7 k        362            
  12.730       900.3 k        361            
  12.818       903.5 k        360            
  13.188       909.4 k        359            
  13.980       917.8 k        358            
  14.888       924.6 k        357            
  15.837       932.5 k        356            
  16.130       935.5 k        355            
  16.611       942.6 k        354            
  17.468       949.0 k        353            
  17.808       956.3 k        352            
  18.515       966.5 k        351            
  19.290       973.9 k        350            
  20.045       982.6 k        349            
  21.962       996.2 k        348            
  23.204       1.0 M          347            
  24.017       1.0 M          346            
  26.083       1.0 M          345            
  26.854       1.0 M          344            
  28.267       1.0 M          343            
  29.175       1.0 M          342            
  31.120       1.1 M          341            
  31.833       1.1 M          340            
  33.854       1.1 M          339            
  35.517       1.1 M          338            
  38.553       1.1 M          337            
  43.966       1.1 M          336            
  47.359       1.2 M          335            
  57.090       1.2 M          334            
  61.518       1.2 M          333            
  88.886       1.3 M          332            
  96.657       1.4 M          331            
  105.546      1.4 M          330            
  131.218      1.5 M          329            
  154.334      1.6 M          328            
  252.811      1.9 M          327            
  522.386      2.7 M          326            
  1358.252     5.3 M          325            
  6015.871     18.7 M         324            
  6599.611     20.3 M         323            
