printing solutions in: ./dogs-color/insts/cgshop22/visp31334.instance.json.solution.json
printing perfs in: ./dogs-color/insts/cgshop22/visp31334.instance.json.perf.json

CGSHOP Instance: compute neighbors...
computing neighbors (0 / 31334)...
computing neighbors (1000 / 31334)...
computing neighbors (2000 / 31334)...
computing neighbors (3000 / 31334)...
computing neighbors (4000 / 31334)...
computing neighbors (5000 / 31334)...
computing neighbors (6000 / 31334)...
computing neighbors (7000 / 31334)...
computing neighbors (8000 / 31334)...
computing neighbors (9000 / 31334)...
computing neighbors (10000 / 31334)...
computing neighbors (11000 / 31334)...
computing neighbors (12000 / 31334)...
computing neighbors (13000 / 31334)...
computing neighbors (14000 / 31334)...
computing neighbors (15000 / 31334)...
computing neighbors (16000 / 31334)...
computing neighbors (17000 / 31334)...
computing neighbors (18000 / 31334)...
computing neighbors (19000 / 31334)...
computing neighbors (20000 / 31334)...
computing neighbors (21000 / 31334)...
computing neighbors (22000 / 31334)...
computing neighbors (23000 / 31334)...
computing neighbors (24000 / 31334)...
computing neighbors (25000 / 31334)...
computing neighbors (26000 / 31334)...
computing neighbors (27000 / 31334)...
computing neighbors (28000 / 31334)...
computing neighbors (29000 / 31334)...
computing neighbors (30000 / 31334)...
computing neighbors (31000 / 31334)...
805        vertices
31334      segments
14835      dominations
=======================
CGSHOP Instance: compute neighbors...
computing neighbors (0 / 31334)...
computing neighbors (1000 / 31334)...
computing neighbors (2000 / 31334)...
computing neighbors (3000 / 31334)...
computing neighbors (4000 / 31334)...
computing neighbors (5000 / 31334)...
computing neighbors (6000 / 31334)...
computing neighbors (7000 / 31334)...
computing neighbors (8000 / 31334)...
computing neighbors (9000 / 31334)...
computing neighbors (10000 / 31334)...
computing neighbors (11000 / 31334)...
computing neighbors (12000 / 31334)...
computing neighbors (13000 / 31334)...
computing neighbors (14000 / 31334)...
computing neighbors (15000 / 31334)...
computing neighbors (16000 / 31334)...
computing neighbors (17000 / 31334)...
computing neighbors (18000 / 31334)...
computing neighbors (19000 / 31334)...
computing neighbors (20000 / 31334)...
computing neighbors (21000 / 31334)...
computing neighbors (22000 / 31334)...
computing neighbors (23000 / 31334)...
computing neighbors (24000 / 31334)...
computing neighbors (25000 / 31334)...
computing neighbors (26000 / 31334)...
computing neighbors (27000 / 31334)...
computing neighbors (28000 / 31334)...
computing neighbors (29000 / 31334)...
computing neighbors (30000 / 31334)...
computing neighbors (31000 / 31334)...
colored 1000 / 31334...
colored 2000 / 31334...
colored 3000 / 31334...
colored 4000 / 31334...
colored 5000 / 31334...
colored 6000 / 31334...
colored 7000 / 31334...
colored 8000 / 31334...
colored 9000 / 31334...
colored 10000 / 31334...
colored 11000 / 31334...
colored 12000 / 31334...
colored 13000 / 31334...
colored 14000 / 31334...
colored 15000 / 31334...
colored 16000 / 31334...
colored 17000 / 31334...
colored 18000 / 31334...
colored 19000 / 31334...
colored 20000 / 31334...
colored 21000 / 31334...
colored 22000 / 31334...
colored 23000 / 31334...
colored 24000 / 31334...
colored 25000 / 31334...
colored 26000 / 31334...
colored 27000 / 31334...
colored 28000 / 31334...
colored 29000 / 31334...
colored 30000 / 31334...
colored 31000 / 31334...
greedy found 92 colors in 6.585 seconds
 time (s)      nb nodes       objective      
---------------------------------------------
  3.259                       92             
  39.463       97.0 M         91             
  51.244       113.2 M        90             
  60.958       124.7 M        89             
  78.251       131.5 M        88             
  92.147       136.4 M        87             
  118.422      139.5 M        86             
  232.794      141.5 M        85             
  1137.729     145.6 M        84             
  13631.081    177.6 M        83             
