printing solutions in: ./dogs-color/insts/cgshop22/reecn11799.instance.json.solution.json
printing perfs in: ./dogs-color/insts/cgshop22/reecn11799.instance.json.perf.json

CGSHOP Instance: compute neighbors...
computing neighbors (0 / 11799)...
computing neighbors (1000 / 11799)...
computing neighbors (2000 / 11799)...
computing neighbors (3000 / 11799)...
computing neighbors (4000 / 11799)...
computing neighbors (5000 / 11799)...
computing neighbors (6000 / 11799)...
computing neighbors (7000 / 11799)...
computing neighbors (8000 / 11799)...
computing neighbors (9000 / 11799)...
computing neighbors (10000 / 11799)...
computing neighbors (11000 / 11799)...
16464      vertices
11799      segments
197        dominations
=======================
CGSHOP Instance: compute neighbors...
computing neighbors (0 / 11799)...
computing neighbors (1000 / 11799)...
computing neighbors (2000 / 11799)...
computing neighbors (3000 / 11799)...
computing neighbors (4000 / 11799)...
computing neighbors (5000 / 11799)...
computing neighbors (6000 / 11799)...
computing neighbors (7000 / 11799)...
computing neighbors (8000 / 11799)...
computing neighbors (9000 / 11799)...
computing neighbors (10000 / 11799)...
computing neighbors (11000 / 11799)...
colored 1000 / 11799...
colored 2000 / 11799...
colored 3000 / 11799...
colored 4000 / 11799...
colored 5000 / 11799...
colored 6000 / 11799...
colored 7000 / 11799...
colored 8000 / 11799...
colored 9000 / 11799...
colored 10000 / 11799...
colored 11000 / 11799...
greedy found 197 colors in 1.898 seconds
 time (s)      nb nodes       objective      
---------------------------------------------
  0.735                       197            
  0.862        221.4 k        196            
  0.949        286.1 k        195            
  1.141        331.0 k        194            
  1.289        348.8 k        193            
  1.471        367.4 k        192            
  1.610        375.3 k        191            
  1.954        384.6 k        190            
  2.240        392.3 k        189            
  2.876        402.2 k        188            
  3.294        411.0 k        187            
  3.533        416.2 k        186            
  4.000        423.7 k        185            
  4.445        432.2 k        184            
  4.822        437.4 k        183            
  5.535        446.4 k        182            
  5.796        450.0 k        181            
  6.198        455.0 k        180            
  6.635        460.9 k        179            
  7.056        466.5 k        178            
  7.595        473.3 k        177            
  8.409        482.9 k        176            
  9.228        492.5 k        175            
  10.606       507.7 k        174            
  11.643       516.5 k        173            
  12.192       522.9 k        172            
  13.116       533.9 k        171            
  14.781       549.0 k        170            
  16.389       563.0 k        169            
  20.497       590.1 k        168            
  26.221       624.3 k        167            
  36.381       692.3 k        166            
  55.474       799.6 k        165            
  73.876       917.3 k        164            
  145.781      1.3 M          163            
  312.805      2.3 M          162            
  8841.862     53.1 M         161            
  39254.168    230.5 M        160            
