printing solutions in: ./dogs-color/insts/cgshop22/sqrpecn41897.instance.json.solution.json
printing perfs in: ./dogs-color/insts/cgshop22/sqrpecn41897.instance.json.perf.json

CGSHOP Instance: compute neighbors...
computing neighbors (0 / 41897)...
computing neighbors (1000 / 41897)...
computing neighbors (2000 / 41897)...
computing neighbors (3000 / 41897)...
computing neighbors (4000 / 41897)...
computing neighbors (5000 / 41897)...
computing neighbors (6000 / 41897)...
computing neighbors (7000 / 41897)...
computing neighbors (8000 / 41897)...
computing neighbors (9000 / 41897)...
computing neighbors (10000 / 41897)...
computing neighbors (11000 / 41897)...
computing neighbors (12000 / 41897)...
computing neighbors (13000 / 41897)...
computing neighbors (14000 / 41897)...
computing neighbors (15000 / 41897)...
computing neighbors (16000 / 41897)...
computing neighbors (17000 / 41897)...
computing neighbors (18000 / 41897)...
computing neighbors (19000 / 41897)...
computing neighbors (20000 / 41897)...
computing neighbors (21000 / 41897)...
computing neighbors (22000 / 41897)...
computing neighbors (23000 / 41897)...
computing neighbors (24000 / 41897)...
computing neighbors (25000 / 41897)...
computing neighbors (26000 / 41897)...
computing neighbors (27000 / 41897)...
computing neighbors (28000 / 41897)...
computing neighbors (29000 / 41897)...
computing neighbors (30000 / 41897)...
computing neighbors (31000 / 41897)...
computing neighbors (32000 / 41897)...
computing neighbors (33000 / 41897)...
computing neighbors (34000 / 41897)...
computing neighbors (35000 / 41897)...
computing neighbors (36000 / 41897)...
computing neighbors (37000 / 41897)...
computing neighbors (38000 / 41897)...
computing neighbors (39000 / 41897)...
computing neighbors (40000 / 41897)...
computing neighbors (41000 / 41897)...
62666      vertices
41897      segments
449        dominations
=======================
CGSHOP Instance: compute neighbors...
computing neighbors (0 / 41897)...
computing neighbors (1000 / 41897)...
computing neighbors (2000 / 41897)...
computing neighbors (3000 / 41897)...
computing neighbors (4000 / 41897)...
computing neighbors (5000 / 41897)...
computing neighbors (6000 / 41897)...
computing neighbors (7000 / 41897)...
computing neighbors (8000 / 41897)...
computing neighbors (9000 / 41897)...
computing neighbors (10000 / 41897)...
computing neighbors (11000 / 41897)...
computing neighbors (12000 / 41897)...
computing neighbors (13000 / 41897)...
computing neighbors (14000 / 41897)...
computing neighbors (15000 / 41897)...
computing neighbors (16000 / 41897)...
computing neighbors (17000 / 41897)...
computing neighbors (18000 / 41897)...
computing neighbors (19000 / 41897)...
computing neighbors (20000 / 41897)...
computing neighbors (21000 / 41897)...
computing neighbors (22000 / 41897)...
computing neighbors (23000 / 41897)...
computing neighbors (24000 / 41897)...
computing neighbors (25000 / 41897)...
computing neighbors (26000 / 41897)...
computing neighbors (27000 / 41897)...
computing neighbors (28000 / 41897)...
computing neighbors (29000 / 41897)...
computing neighbors (30000 / 41897)...
computing neighbors (31000 / 41897)...
computing neighbors (32000 / 41897)...
computing neighbors (33000 / 41897)...
computing neighbors (34000 / 41897)...
computing neighbors (35000 / 41897)...
computing neighbors (36000 / 41897)...
computing neighbors (37000 / 41897)...
computing neighbors (38000 / 41897)...
computing neighbors (39000 / 41897)...
computing neighbors (40000 / 41897)...
computing neighbors (41000 / 41897)...
colored 1000 / 41897...
colored 2000 / 41897...
colored 3000 / 41897...
colored 4000 / 41897...
colored 5000 / 41897...
colored 6000 / 41897...
colored 7000 / 41897...
colored 8000 / 41897...
colored 9000 / 41897...
colored 10000 / 41897...
colored 11000 / 41897...
colored 12000 / 41897...
colored 13000 / 41897...
colored 14000 / 41897...
colored 15000 / 41897...
colored 16000 / 41897...
colored 17000 / 41897...
colored 18000 / 41897...
colored 19000 / 41897...
colored 20000 / 41897...
colored 21000 / 41897...
colored 22000 / 41897...
colored 23000 / 41897...
colored 24000 / 41897...
colored 25000 / 41897...
colored 26000 / 41897...
colored 27000 / 41897...
colored 28000 / 41897...
colored 29000 / 41897...
colored 30000 / 41897...
colored 31000 / 41897...
colored 32000 / 41897...
colored 33000 / 41897...
colored 34000 / 41897...
colored 35000 / 41897...
colored 36000 / 41897...
colored 37000 / 41897...
colored 38000 / 41897...
colored 39000 / 41897...
colored 40000 / 41897...
colored 41000 / 41897...
greedy found 515 colors in 33.924 seconds
 time (s)      nb nodes       objective      
---------------------------------------------
  10.440                      515            
  11.305       1.8 M          514            
  11.763       2.6 M          513            
  12.098       2.9 M          512            
  12.389       3.1 M          511            
  12.843       3.3 M          510            
  13.094       3.4 M          509            
  13.436       3.4 M          508            
  13.814       3.5 M          507            
  14.364       3.5 M          506            
  15.627       3.6 M          505            
  17.987       3.6 M          504            
  20.578       3.6 M          503            
  21.554       3.7 M          502            
  22.644       3.7 M          501            
  24.650       3.7 M          500            
  26.918       3.7 M          499            
  29.054       3.8 M          498            
  32.431       3.8 M          497            
  35.357       3.8 M          496            
  40.310       3.8 M          495            
  45.280       3.8 M          494            
  49.292       3.9 M          493            
  54.308       3.9 M          492            
  61.292       3.9 M          491            
  69.415       3.9 M          490            
  70.010       4.0 M          489            
  81.927       4.0 M          488            
  84.059       4.0 M          487            
  86.961       4.0 M          486            
  101.092      4.1 M          485            
  102.925      4.1 M          484            
  110.094      4.1 M          483            
  117.923      4.1 M          482            
  121.844      4.2 M          481            
  127.394      4.2 M          480            
  134.257      4.2 M          479            
  149.536      4.2 M          478            
  151.221      4.2 M          477            
  160.496      4.3 M          476            
  172.290      4.3 M          475            
  188.964      4.3 M          474            
  194.096      4.3 M          473            
  202.364      4.4 M          472            
  229.811      4.4 M          471            
  232.763      4.4 M          470            
  272.267      4.5 M          469            
  274.803      4.5 M          468            
  337.765      4.6 M          467            
  349.127      4.6 M          466            
  406.191      4.7 M          465            
  470.597      4.8 M          464            
  484.956      4.8 M          463            
  812.853      5.2 M          462            
  870.427      5.3 M          461            
  1730.548     6.3 M          460            
  1973.719     6.6 M          459            
  4037.397     8.9 M          458            
  23479.139    30.1 M         457            
  33051.145    40.5 M         456            
