printing solutions in: ./dogs-color/insts/cgshop22/visp46936.instance.json.solution.json
printing perfs in: ./dogs-color/insts/cgshop22/visp46936.instance.json.perf.json

CGSHOP Instance: compute neighbors...
computing neighbors (0 / 46936)...
computing neighbors (1000 / 46936)...
computing neighbors (2000 / 46936)...
computing neighbors (3000 / 46936)...
computing neighbors (4000 / 46936)...
computing neighbors (5000 / 46936)...
computing neighbors (6000 / 46936)...
computing neighbors (7000 / 46936)...
computing neighbors (8000 / 46936)...
computing neighbors (9000 / 46936)...
computing neighbors (10000 / 46936)...
computing neighbors (11000 / 46936)...
computing neighbors (12000 / 46936)...
computing neighbors (13000 / 46936)...
computing neighbors (14000 / 46936)...
computing neighbors (15000 / 46936)...
computing neighbors (16000 / 46936)...
computing neighbors (17000 / 46936)...
computing neighbors (18000 / 46936)...
computing neighbors (19000 / 46936)...
computing neighbors (20000 / 46936)...
computing neighbors (21000 / 46936)...
computing neighbors (22000 / 46936)...
computing neighbors (23000 / 46936)...
computing neighbors (24000 / 46936)...
computing neighbors (25000 / 46936)...
computing neighbors (26000 / 46936)...
computing neighbors (27000 / 46936)...
computing neighbors (28000 / 46936)...
computing neighbors (29000 / 46936)...
computing neighbors (30000 / 46936)...
computing neighbors (31000 / 46936)...
computing neighbors (32000 / 46936)...
computing neighbors (33000 / 46936)...
computing neighbors (34000 / 46936)...
computing neighbors (35000 / 46936)...
computing neighbors (36000 / 46936)...
computing neighbors (37000 / 46936)...
computing neighbors (38000 / 46936)...
computing neighbors (39000 / 46936)...
computing neighbors (40000 / 46936)...
computing neighbors (41000 / 46936)...
computing neighbors (42000 / 46936)...
computing neighbors (43000 / 46936)...
computing neighbors (44000 / 46936)...
computing neighbors (45000 / 46936)...
computing neighbors (46000 / 46936)...
918        vertices
46936      segments
22049      dominations
=======================
CGSHOP Instance: compute neighbors...
computing neighbors (0 / 46936)...
computing neighbors (1000 / 46936)...
computing neighbors (2000 / 46936)...
computing neighbors (3000 / 46936)...
computing neighbors (4000 / 46936)...
computing neighbors (5000 / 46936)...
computing neighbors (6000 / 46936)...
computing neighbors (7000 / 46936)...
computing neighbors (8000 / 46936)...
computing neighbors (9000 / 46936)...
computing neighbors (10000 / 46936)...
computing neighbors (11000 / 46936)...
computing neighbors (12000 / 46936)...
computing neighbors (13000 / 46936)...
computing neighbors (14000 / 46936)...
computing neighbors (15000 / 46936)...
computing neighbors (16000 / 46936)...
computing neighbors (17000 / 46936)...
computing neighbors (18000 / 46936)...
computing neighbors (19000 / 46936)...
computing neighbors (20000 / 46936)...
computing neighbors (21000 / 46936)...
computing neighbors (22000 / 46936)...
computing neighbors (23000 / 46936)...
computing neighbors (24000 / 46936)...
computing neighbors (25000 / 46936)...
computing neighbors (26000 / 46936)...
computing neighbors (27000 / 46936)...
computing neighbors (28000 / 46936)...
computing neighbors (29000 / 46936)...
computing neighbors (30000 / 46936)...
computing neighbors (31000 / 46936)...
computing neighbors (32000 / 46936)...
computing neighbors (33000 / 46936)...
computing neighbors (34000 / 46936)...
computing neighbors (35000 / 46936)...
computing neighbors (36000 / 46936)...
computing neighbors (37000 / 46936)...
computing neighbors (38000 / 46936)...
computing neighbors (39000 / 46936)...
computing neighbors (40000 / 46936)...
computing neighbors (41000 / 46936)...
computing neighbors (42000 / 46936)...
computing neighbors (43000 / 46936)...
computing neighbors (44000 / 46936)...
computing neighbors (45000 / 46936)...
computing neighbors (46000 / 46936)...
colored 1000 / 46936...
colored 2000 / 46936...
colored 3000 / 46936...
colored 4000 / 46936...
colored 5000 / 46936...
colored 6000 / 46936...
colored 7000 / 46936...
colored 8000 / 46936...
colored 9000 / 46936...
colored 10000 / 46936...
colored 11000 / 46936...
colored 12000 / 46936...
colored 13000 / 46936...
colored 14000 / 46936...
colored 15000 / 46936...
colored 16000 / 46936...
colored 17000 / 46936...
colored 18000 / 46936...
colored 19000 / 46936...
colored 20000 / 46936...
colored 21000 / 46936...
colored 22000 / 46936...
colored 23000 / 46936...
colored 24000 / 46936...
colored 25000 / 46936...
colored 26000 / 46936...
colored 27000 / 46936...
colored 28000 / 46936...
colored 29000 / 46936...
colored 30000 / 46936...
colored 31000 / 46936...
colored 32000 / 46936...
colored 33000 / 46936...
colored 34000 / 46936...
colored 35000 / 46936...
colored 36000 / 46936...
colored 37000 / 46936...
colored 38000 / 46936...
colored 39000 / 46936...
colored 40000 / 46936...
colored 41000 / 46936...
colored 42000 / 46936...
colored 43000 / 46936...
colored 44000 / 46936...
colored 45000 / 46936...
colored 46000 / 46936...
greedy found 120 colors in 16.857 seconds
 time (s)      nb nodes       objective      
---------------------------------------------
  7.375                       120            
  86.959       169.7 M        119            
  127.496      221.9 M        118            
  158.878      250.4 M        117            
  182.664      266.2 M        116            
  204.787      276.0 M        115            
  223.858      283.6 M        114            
  245.646      289.5 M        113            
  265.577      293.5 M        112            
  281.932      295.9 M        111            
  297.837      298.2 M        110            
  313.052      301.2 M        109            
  332.814      302.9 M        108            
  350.337      304.5 M        107            
  373.648      305.5 M        106            
  399.852      306.1 M        105            
  413.504      307.3 M        104            
  436.641      307.8 M        103            
  471.642      308.5 M        102            
  490.886      308.9 M        101            
  544.629      309.4 M        100            
  604.081      309.9 M        99             
  782.975      310.5 M        98             
  1002.841     311.0 M        97             
  1911.491     312.6 M        96             
  3661.890     314.9 M        95             
  29189.080    353.4 M        94             
