printing solutions in: ./dogs-color/insts/cgshop22/sqrp32894.instance.json.solution.json
printing perfs in: ./dogs-color/insts/cgshop22/sqrp32894.instance.json.perf.json

CGSHOP Instance: compute neighbors...
computing neighbors (0 / 32894)...
computing neighbors (1000 / 32894)...
computing neighbors (2000 / 32894)...
computing neighbors (3000 / 32894)...
computing neighbors (4000 / 32894)...
computing neighbors (5000 / 32894)...
computing neighbors (6000 / 32894)...
computing neighbors (7000 / 32894)...
computing neighbors (8000 / 32894)...
computing neighbors (9000 / 32894)...
computing neighbors (10000 / 32894)...
computing neighbors (11000 / 32894)...
computing neighbors (12000 / 32894)...
computing neighbors (13000 / 32894)...
computing neighbors (14000 / 32894)...
computing neighbors (15000 / 32894)...
computing neighbors (16000 / 32894)...
computing neighbors (17000 / 32894)...
computing neighbors (18000 / 32894)...
computing neighbors (19000 / 32894)...
computing neighbors (20000 / 32894)...
computing neighbors (21000 / 32894)...
computing neighbors (22000 / 32894)...
computing neighbors (23000 / 32894)...
computing neighbors (24000 / 32894)...
computing neighbors (25000 / 32894)...
computing neighbors (26000 / 32894)...
computing neighbors (27000 / 32894)...
computing neighbors (28000 / 32894)...
computing neighbors (29000 / 32894)...
computing neighbors (30000 / 32894)...
computing neighbors (31000 / 32894)...
computing neighbors (32000 / 32894)...
507        vertices
32894      segments
6772       dominations
=======================
CGSHOP Instance: compute neighbors...
computing neighbors (0 / 32894)...
computing neighbors (1000 / 32894)...
computing neighbors (2000 / 32894)...
computing neighbors (3000 / 32894)...
computing neighbors (4000 / 32894)...
computing neighbors (5000 / 32894)...
computing neighbors (6000 / 32894)...
computing neighbors (7000 / 32894)...
computing neighbors (8000 / 32894)...
computing neighbors (9000 / 32894)...
computing neighbors (10000 / 32894)...
computing neighbors (11000 / 32894)...
computing neighbors (12000 / 32894)...
computing neighbors (13000 / 32894)...
computing neighbors (14000 / 32894)...
computing neighbors (15000 / 32894)...
computing neighbors (16000 / 32894)...
computing neighbors (17000 / 32894)...
computing neighbors (18000 / 32894)...
computing neighbors (19000 / 32894)...
computing neighbors (20000 / 32894)...
computing neighbors (21000 / 32894)...
computing neighbors (22000 / 32894)...
computing neighbors (23000 / 32894)...
computing neighbors (24000 / 32894)...
computing neighbors (25000 / 32894)...
computing neighbors (26000 / 32894)...
computing neighbors (27000 / 32894)...
computing neighbors (28000 / 32894)...
computing neighbors (29000 / 32894)...
computing neighbors (30000 / 32894)...
computing neighbors (31000 / 32894)...
computing neighbors (32000 / 32894)...
colored 1000 / 32894...
colored 2000 / 32894...
colored 3000 / 32894...
colored 4000 / 32894...
colored 5000 / 32894...
colored 6000 / 32894...
colored 7000 / 32894...
colored 8000 / 32894...
colored 9000 / 32894...
colored 10000 / 32894...
colored 11000 / 32894...
colored 12000 / 32894...
colored 13000 / 32894...
colored 14000 / 32894...
colored 15000 / 32894...
colored 16000 / 32894...
colored 17000 / 32894...
colored 18000 / 32894...
colored 19000 / 32894...
colored 20000 / 32894...
colored 21000 / 32894...
colored 22000 / 32894...
colored 23000 / 32894...
colored 24000 / 32894...
colored 25000 / 32894...
colored 26000 / 32894...
colored 27000 / 32894...
colored 28000 / 32894...
colored 29000 / 32894...
colored 30000 / 32894...
colored 31000 / 32894...
colored 32000 / 32894...
greedy found 195 colors in 15.553 seconds
 time (s)      nb nodes       objective      
---------------------------------------------
  6.128                       195            
  12.459       541.8 k        194            
  15.826       625.7 k        193            
  18.811       765.1 k        192            
  25.999       873.1 k        191            
  42.923       963.7 k        190            
  80.605       1.1 M          189            
  106.654      1.2 M          188            
  215.823      1.4 M          187            
