printing solutions in: ./dogs-color/insts/cgshop22/sqrpecn37744.instance.json.solution.json
printing perfs in: ./dogs-color/insts/cgshop22/sqrpecn37744.instance.json.perf.json

CGSHOP Instance: compute neighbors...
computing neighbors (0 / 37744)...
computing neighbors (1000 / 37744)...
computing neighbors (2000 / 37744)...
computing neighbors (3000 / 37744)...
computing neighbors (4000 / 37744)...
computing neighbors (5000 / 37744)...
computing neighbors (6000 / 37744)...
computing neighbors (7000 / 37744)...
computing neighbors (8000 / 37744)...
computing neighbors (9000 / 37744)...
computing neighbors (10000 / 37744)...
computing neighbors (11000 / 37744)...
computing neighbors (12000 / 37744)...
computing neighbors (13000 / 37744)...
computing neighbors (14000 / 37744)...
computing neighbors (15000 / 37744)...
computing neighbors (16000 / 37744)...
computing neighbors (17000 / 37744)...
computing neighbors (18000 / 37744)...
computing neighbors (19000 / 37744)...
computing neighbors (20000 / 37744)...
computing neighbors (21000 / 37744)...
computing neighbors (22000 / 37744)...
computing neighbors (23000 / 37744)...
computing neighbors (24000 / 37744)...
computing neighbors (25000 / 37744)...
computing neighbors (26000 / 37744)...
computing neighbors (27000 / 37744)...
computing neighbors (28000 / 37744)...
computing neighbors (29000 / 37744)...
computing neighbors (30000 / 37744)...
computing neighbors (31000 / 37744)...
computing neighbors (32000 / 37744)...
computing neighbors (33000 / 37744)...
computing neighbors (34000 / 37744)...
computing neighbors (35000 / 37744)...
computing neighbors (36000 / 37744)...
computing neighbors (37000 / 37744)...
56406      vertices
37744      segments
428        dominations
=======================
CGSHOP Instance: compute neighbors...
computing neighbors (0 / 37744)...
computing neighbors (1000 / 37744)...
computing neighbors (2000 / 37744)...
computing neighbors (3000 / 37744)...
computing neighbors (4000 / 37744)...
computing neighbors (5000 / 37744)...
computing neighbors (6000 / 37744)...
computing neighbors (7000 / 37744)...
computing neighbors (8000 / 37744)...
computing neighbors (9000 / 37744)...
computing neighbors (10000 / 37744)...
computing neighbors (11000 / 37744)...
computing neighbors (12000 / 37744)...
computing neighbors (13000 / 37744)...
computing neighbors (14000 / 37744)...
computing neighbors (15000 / 37744)...
computing neighbors (16000 / 37744)...
computing neighbors (17000 / 37744)...
computing neighbors (18000 / 37744)...
computing neighbors (19000 / 37744)...
computing neighbors (20000 / 37744)...
computing neighbors (21000 / 37744)...
computing neighbors (22000 / 37744)...
computing neighbors (23000 / 37744)...
computing neighbors (24000 / 37744)...
computing neighbors (25000 / 37744)...
computing neighbors (26000 / 37744)...
computing neighbors (27000 / 37744)...
computing neighbors (28000 / 37744)...
computing neighbors (29000 / 37744)...
computing neighbors (30000 / 37744)...
computing neighbors (31000 / 37744)...
computing neighbors (32000 / 37744)...
computing neighbors (33000 / 37744)...
computing neighbors (34000 / 37744)...
computing neighbors (35000 / 37744)...
computing neighbors (36000 / 37744)...
computing neighbors (37000 / 37744)...
colored 1000 / 37744...
colored 2000 / 37744...
colored 3000 / 37744...
colored 4000 / 37744...
colored 5000 / 37744...
colored 6000 / 37744...
colored 7000 / 37744...
colored 8000 / 37744...
colored 9000 / 37744...
colored 10000 / 37744...
colored 11000 / 37744...
colored 12000 / 37744...
colored 13000 / 37744...
colored 14000 / 37744...
colored 15000 / 37744...
colored 16000 / 37744...
colored 17000 / 37744...
colored 18000 / 37744...
colored 19000 / 37744...
colored 20000 / 37744...
colored 21000 / 37744...
colored 22000 / 37744...
colored 23000 / 37744...
colored 24000 / 37744...
colored 25000 / 37744...
colored 26000 / 37744...
colored 27000 / 37744...
colored 28000 / 37744...
colored 29000 / 37744...
colored 30000 / 37744...
colored 31000 / 37744...
colored 32000 / 37744...
colored 33000 / 37744...
colored 34000 / 37744...
colored 35000 / 37744...
colored 36000 / 37744...
colored 37000 / 37744...
greedy found 541 colors in 28.799 seconds
 time (s)      nb nodes       objective      
---------------------------------------------
  8.260                       541            
  8.985        1.9 M          540            
  9.404        2.5 M          539            
  9.685        2.8 M          538            
  10.436       3.0 M          537            
  10.914       3.1 M          536            
  11.477       3.2 M          535            
  11.951       3.3 M          534            
  12.456       3.3 M          533            
  13.748       3.4 M          532            
  14.556       3.4 M          531            
  15.720       3.5 M          530            
  17.073       3.5 M          529            
  18.611       3.5 M          528            
  21.696       3.6 M          527            
  24.627       3.6 M          526            
  25.585       3.6 M          525            
  27.907       3.6 M          524            
  29.424       3.7 M          523            
  32.363       3.7 M          522            
  35.147       3.7 M          521            
  38.169       3.8 M          520            
  41.962       3.8 M          519            
  44.063       3.8 M          518            
  44.980       3.8 M          517            
  48.094       3.8 M          516            
  50.747       3.9 M          515            
  54.191       3.9 M          514            
  54.697       3.9 M          513            
  57.570       3.9 M          512            
  62.563       3.9 M          511            
  66.093       4.0 M          510            
  68.284       4.0 M          509            
  74.553       4.0 M          508            
  76.640       4.0 M          507            
  78.709       4.1 M          506            
  83.157       4.1 M          505            
  84.409       4.1 M          504            
  86.858       4.1 M          503            
  94.084       4.1 M          502            
  96.039       4.1 M          501            
  103.921      4.2 M          500            
  107.778      4.2 M          499            
  113.870      4.2 M          498            
  118.957      4.2 M          497            
  121.208      4.2 M          496            
  130.619      4.3 M          495            
  140.010      4.3 M          494            
  143.500      4.3 M          493            
  147.832      4.3 M          492            
  155.853      4.3 M          491            
  159.000      4.3 M          490            
  162.536      4.4 M          489            
  168.164      4.4 M          488            
  192.986      4.4 M          487            
  197.399      4.5 M          486            
  206.314      4.5 M          485            
  214.020      4.5 M          484            
  245.263      4.6 M          483            
  251.635      4.6 M          482            
  263.931      4.6 M          481            
  273.504      4.6 M          480            
  295.717      4.7 M          479            
  336.417      4.7 M          478            
  364.960      4.8 M          477            
  423.272      4.8 M          476            
  535.747      5.0 M          475            
  592.483      5.1 M          474            
  724.282      5.3 M          473            
  865.947      5.5 M          472            
  1066.819     5.8 M          471            
  1273.283     6.1 M          470            
  1402.325     6.3 M          469            
  1473.842     6.4 M          468            
  1684.384     6.7 M          467            
  3725.248     9.3 M          466            
  4804.736     10.6 M         465            
  5784.656     11.8 M         464            
  9229.279     16.1 M         463            
  13751.731    20.9 M         462            
  45357.008    58.5 M         461            
