printing solutions in: ./dogs-color/insts/cgshop22/sqrpecn49763.instance.json.solution.json
printing perfs in: ./dogs-color/insts/cgshop22/sqrpecn49763.instance.json.perf.json

CGSHOP Instance: compute neighbors...
computing neighbors (0 / 49763)...
computing neighbors (1000 / 49763)...
computing neighbors (2000 / 49763)...
computing neighbors (3000 / 49763)...
computing neighbors (4000 / 49763)...
computing neighbors (5000 / 49763)...
computing neighbors (6000 / 49763)...
computing neighbors (7000 / 49763)...
computing neighbors (8000 / 49763)...
computing neighbors (9000 / 49763)...
computing neighbors (10000 / 49763)...
computing neighbors (11000 / 49763)...
computing neighbors (12000 / 49763)...
computing neighbors (13000 / 49763)...
computing neighbors (14000 / 49763)...
computing neighbors (15000 / 49763)...
computing neighbors (16000 / 49763)...
computing neighbors (17000 / 49763)...
computing neighbors (18000 / 49763)...
computing neighbors (19000 / 49763)...
computing neighbors (20000 / 49763)...
computing neighbors (21000 / 49763)...
computing neighbors (22000 / 49763)...
computing neighbors (23000 / 49763)...
computing neighbors (24000 / 49763)...
computing neighbors (25000 / 49763)...
computing neighbors (26000 / 49763)...
computing neighbors (27000 / 49763)...
computing neighbors (28000 / 49763)...
computing neighbors (29000 / 49763)...
computing neighbors (30000 / 49763)...
computing neighbors (31000 / 49763)...
computing neighbors (32000 / 49763)...
computing neighbors (33000 / 49763)...
computing neighbors (34000 / 49763)...
computing neighbors (35000 / 49763)...
computing neighbors (36000 / 49763)...
computing neighbors (37000 / 49763)...
computing neighbors (38000 / 49763)...
computing neighbors (39000 / 49763)...
computing neighbors (40000 / 49763)...
computing neighbors (41000 / 49763)...
computing neighbors (42000 / 49763)...
computing neighbors (43000 / 49763)...
computing neighbors (44000 / 49763)...
computing neighbors (45000 / 49763)...
computing neighbors (46000 / 49763)...
computing neighbors (47000 / 49763)...
computing neighbors (48000 / 49763)...
computing neighbors (49000 / 49763)...
74976      vertices
49763      segments
522        dominations
=======================
CGSHOP Instance: compute neighbors...
computing neighbors (0 / 49763)...
computing neighbors (1000 / 49763)...
computing neighbors (2000 / 49763)...
computing neighbors (3000 / 49763)...
computing neighbors (4000 / 49763)...
computing neighbors (5000 / 49763)...
computing neighbors (6000 / 49763)...
computing neighbors (7000 / 49763)...
computing neighbors (8000 / 49763)...
computing neighbors (9000 / 49763)...
computing neighbors (10000 / 49763)...
computing neighbors (11000 / 49763)...
computing neighbors (12000 / 49763)...
computing neighbors (13000 / 49763)...
computing neighbors (14000 / 49763)...
computing neighbors (15000 / 49763)...
computing neighbors (16000 / 49763)...
computing neighbors (17000 / 49763)...
computing neighbors (18000 / 49763)...
computing neighbors (19000 / 49763)...
computing neighbors (20000 / 49763)...
computing neighbors (21000 / 49763)...
computing neighbors (22000 / 49763)...
computing neighbors (23000 / 49763)...
computing neighbors (24000 / 49763)...
computing neighbors (25000 / 49763)...
computing neighbors (26000 / 49763)...
computing neighbors (27000 / 49763)...
computing neighbors (28000 / 49763)...
computing neighbors (29000 / 49763)...
computing neighbors (30000 / 49763)...
computing neighbors (31000 / 49763)...
computing neighbors (32000 / 49763)...
computing neighbors (33000 / 49763)...
computing neighbors (34000 / 49763)...
computing neighbors (35000 / 49763)...
computing neighbors (36000 / 49763)...
computing neighbors (37000 / 49763)...
computing neighbors (38000 / 49763)...
computing neighbors (39000 / 49763)...
computing neighbors (40000 / 49763)...
computing neighbors (41000 / 49763)...
computing neighbors (42000 / 49763)...
computing neighbors (43000 / 49763)...
computing neighbors (44000 / 49763)...
computing neighbors (45000 / 49763)...
computing neighbors (46000 / 49763)...
computing neighbors (47000 / 49763)...
computing neighbors (48000 / 49763)...
computing neighbors (49000 / 49763)...
colored 1000 / 49763...
colored 2000 / 49763...
colored 3000 / 49763...
colored 4000 / 49763...
colored 5000 / 49763...
colored 6000 / 49763...
colored 7000 / 49763...
colored 8000 / 49763...
colored 9000 / 49763...
colored 10000 / 49763...
colored 11000 / 49763...
colored 12000 / 49763...
colored 13000 / 49763...
colored 14000 / 49763...
colored 15000 / 49763...
colored 16000 / 49763...
colored 17000 / 49763...
colored 18000 / 49763...
colored 19000 / 49763...
colored 20000 / 49763...
colored 21000 / 49763...
colored 22000 / 49763...
colored 23000 / 49763...
colored 24000 / 49763...
colored 25000 / 49763...
colored 26000 / 49763...
colored 27000 / 49763...
colored 28000 / 49763...
colored 29000 / 49763...
colored 30000 / 49763...
colored 31000 / 49763...
colored 32000 / 49763...
colored 33000 / 49763...
colored 34000 / 49763...
colored 35000 / 49763...
colored 36000 / 49763...
colored 37000 / 49763...
colored 38000 / 49763...
colored 39000 / 49763...
colored 40000 / 49763...
colored 41000 / 49763...
colored 42000 / 49763...
colored 43000 / 49763...
colored 44000 / 49763...
colored 45000 / 49763...
colored 46000 / 49763...
colored 47000 / 49763...
colored 48000 / 49763...
colored 49000 / 49763...
greedy found 553 colors in 66.873 seconds
 time (s)      nb nodes       objective      
---------------------------------------------
  14.848                      553            
  16.078       2.3 M          552            
  16.669       2.9 M          551            
  17.246       3.2 M          550            
  18.021       3.5 M          549            
  18.795       3.7 M          548            
  19.478       3.8 M          547            
  20.437       3.9 M          546            
  21.634       3.9 M          545            
  22.676       4.0 M          544            
  24.057       4.1 M          543            
  26.760       4.1 M          542            
  27.983       4.2 M          541            
  29.590       4.2 M          540            
  31.449       4.2 M          539            
  33.607       4.2 M          538            
  37.553       4.3 M          537            
  41.306       4.3 M          536            
  46.408       4.3 M          535            
  51.755       4.4 M          534            
  54.891       4.4 M          533            
  57.594       4.4 M          532            
  61.386       4.4 M          531            
  65.871       4.4 M          530            
  69.472       4.5 M          529            
  75.034       4.5 M          528            
  83.112       4.5 M          527            
  88.959       4.5 M          526            
  98.311       4.5 M          525            
  99.783       4.6 M          524            
  101.744      4.6 M          523            
  114.221      4.6 M          522            
  117.673      4.6 M          521            
  119.706      4.7 M          520            
  125.675      4.7 M          519            
  129.933      4.7 M          518            
  141.110      4.7 M          517            
  154.733      4.7 M          516            
  164.486      4.8 M          515            
  169.538      4.8 M          514            
  186.606      4.8 M          513            
  194.589      4.8 M          512            
  207.746      4.8 M          511            
  214.748      4.9 M          510            
  224.968      4.9 M          509            
  234.283      4.9 M          508            
  237.011      4.9 M          507            
  246.352      4.9 M          506            
  274.484      5.0 M          505            
  279.858      5.0 M          504            
  283.788      5.0 M          503            
  290.122      5.0 M          502            
  320.051      5.0 M          501            
  357.409      5.1 M          500            
  367.840      5.1 M          499            
  378.955      5.1 M          498            
  387.033      5.1 M          497            
  393.013      5.2 M          496            
  409.384      5.2 M          495            
  431.009      5.2 M          494            
  440.115      5.2 M          493            
  456.824      5.2 M          492            
  510.610      5.3 M          491            
  535.070      5.3 M          490            
  560.794      5.4 M          489            
  595.340      5.4 M          488            
  603.298      5.4 M          487            
  664.347      5.5 M          486            
  723.629      5.5 M          485            
  805.915      5.6 M          484            
  878.833      5.6 M          483            
  1031.664     5.7 M          482            
  1084.331     5.8 M          481            
  1291.545     5.9 M          480            
  1348.682     6.0 M          479            
  1534.479     6.1 M          478            
  1685.833     6.2 M          477            
  2098.906     6.5 M          476            
  2379.733     6.7 M          475            
  2826.865     6.9 M          474            
  3929.138     7.6 M          473            
  4261.473     7.8 M          472            
  5963.644     8.9 M          471            
  6784.203     9.6 M          470            
  8013.167     10.3 M         469            
  8153.174     10.4 M         468            
  10334.137    12.0 M         467            
  13247.154    14.0 M         466            
  24627.574    21.8 M         465            
  37367.078    29.8 M         464            
