printing solutions in: ./dogs-color/insts/cgshop22/reecn58325.instance.json.solution.json
printing perfs in: ./dogs-color/insts/cgshop22/reecn58325.instance.json.perf.json

CGSHOP Instance: compute neighbors...
computing neighbors (0 / 58325)...
computing neighbors (1000 / 58325)...
computing neighbors (2000 / 58325)...
computing neighbors (3000 / 58325)...
computing neighbors (4000 / 58325)...
computing neighbors (5000 / 58325)...
computing neighbors (6000 / 58325)...
computing neighbors (7000 / 58325)...
computing neighbors (8000 / 58325)...
computing neighbors (9000 / 58325)...
computing neighbors (10000 / 58325)...
computing neighbors (11000 / 58325)...
computing neighbors (12000 / 58325)...
computing neighbors (13000 / 58325)...
computing neighbors (14000 / 58325)...
computing neighbors (15000 / 58325)...
computing neighbors (16000 / 58325)...
computing neighbors (17000 / 58325)...
computing neighbors (18000 / 58325)...
computing neighbors (19000 / 58325)...
computing neighbors (20000 / 58325)...
computing neighbors (21000 / 58325)...
computing neighbors (22000 / 58325)...
computing neighbors (23000 / 58325)...
computing neighbors (24000 / 58325)...
computing neighbors (25000 / 58325)...
computing neighbors (26000 / 58325)...
computing neighbors (27000 / 58325)...
computing neighbors (28000 / 58325)...
computing neighbors (29000 / 58325)...
computing neighbors (30000 / 58325)...
computing neighbors (31000 / 58325)...
computing neighbors (32000 / 58325)...
computing neighbors (33000 / 58325)...
computing neighbors (34000 / 58325)...
computing neighbors (35000 / 58325)...
computing neighbors (36000 / 58325)...
computing neighbors (37000 / 58325)...
computing neighbors (38000 / 58325)...
computing neighbors (39000 / 58325)...
computing neighbors (40000 / 58325)...
computing neighbors (41000 / 58325)...
computing neighbors (42000 / 58325)...
computing neighbors (43000 / 58325)...
computing neighbors (44000 / 58325)...
computing neighbors (45000 / 58325)...
computing neighbors (46000 / 58325)...
computing neighbors (47000 / 58325)...
computing neighbors (48000 / 58325)...
computing neighbors (49000 / 58325)...
computing neighbors (50000 / 58325)...
computing neighbors (51000 / 58325)...
computing neighbors (52000 / 58325)...
computing neighbors (53000 / 58325)...
computing neighbors (54000 / 58325)...
computing neighbors (55000 / 58325)...
computing neighbors (56000 / 58325)...
computing neighbors (57000 / 58325)...
computing neighbors (58000 / 58325)...
82080      vertices
58325      segments
383        dominations
=======================
CGSHOP Instance: compute neighbors...
computing neighbors (0 / 58325)...
computing neighbors (1000 / 58325)...
computing neighbors (2000 / 58325)...
computing neighbors (3000 / 58325)...
computing neighbors (4000 / 58325)...
computing neighbors (5000 / 58325)...
computing neighbors (6000 / 58325)...
computing neighbors (7000 / 58325)...
computing neighbors (8000 / 58325)...
computing neighbors (9000 / 58325)...
computing neighbors (10000 / 58325)...
computing neighbors (11000 / 58325)...
computing neighbors (12000 / 58325)...
computing neighbors (13000 / 58325)...
computing neighbors (14000 / 58325)...
computing neighbors (15000 / 58325)...
computing neighbors (16000 / 58325)...
computing neighbors (17000 / 58325)...
computing neighbors (18000 / 58325)...
computing neighbors (19000 / 58325)...
computing neighbors (20000 / 58325)...
computing neighbors (21000 / 58325)...
computing neighbors (22000 / 58325)...
computing neighbors (23000 / 58325)...
computing neighbors (24000 / 58325)...
computing neighbors (25000 / 58325)...
computing neighbors (26000 / 58325)...
computing neighbors (27000 / 58325)...
computing neighbors (28000 / 58325)...
computing neighbors (29000 / 58325)...
computing neighbors (30000 / 58325)...
computing neighbors (31000 / 58325)...
computing neighbors (32000 / 58325)...
computing neighbors (33000 / 58325)...
computing neighbors (34000 / 58325)...
computing neighbors (35000 / 58325)...
computing neighbors (36000 / 58325)...
computing neighbors (37000 / 58325)...
computing neighbors (38000 / 58325)...
computing neighbors (39000 / 58325)...
computing neighbors (40000 / 58325)...
computing neighbors (41000 / 58325)...
computing neighbors (42000 / 58325)...
computing neighbors (43000 / 58325)...
computing neighbors (44000 / 58325)...
computing neighbors (45000 / 58325)...
computing neighbors (46000 / 58325)...
computing neighbors (47000 / 58325)...
computing neighbors (48000 / 58325)...
computing neighbors (49000 / 58325)...
computing neighbors (50000 / 58325)...
computing neighbors (51000 / 58325)...
computing neighbors (52000 / 58325)...
computing neighbors (53000 / 58325)...
computing neighbors (54000 / 58325)...
computing neighbors (55000 / 58325)...
computing neighbors (56000 / 58325)...
computing neighbors (57000 / 58325)...
computing neighbors (58000 / 58325)...
colored 1000 / 58325...
colored 2000 / 58325...
colored 3000 / 58325...
colored 4000 / 58325...
colored 5000 / 58325...
colored 6000 / 58325...
colored 7000 / 58325...
colored 8000 / 58325...
colored 9000 / 58325...
colored 10000 / 58325...
colored 11000 / 58325...
colored 12000 / 58325...
colored 13000 / 58325...
colored 14000 / 58325...
colored 15000 / 58325...
colored 16000 / 58325...
colored 17000 / 58325...
colored 18000 / 58325...
colored 19000 / 58325...
colored 20000 / 58325...
colored 21000 / 58325...
colored 22000 / 58325...
colored 23000 / 58325...
colored 24000 / 58325...
colored 25000 / 58325...
colored 26000 / 58325...
colored 27000 / 58325...
colored 28000 / 58325...
colored 29000 / 58325...
colored 30000 / 58325...
colored 31000 / 58325...
colored 32000 / 58325...
colored 33000 / 58325...
colored 34000 / 58325...
colored 35000 / 58325...
colored 36000 / 58325...
colored 37000 / 58325...
colored 38000 / 58325...
colored 39000 / 58325...
colored 40000 / 58325...
colored 41000 / 58325...
colored 42000 / 58325...
colored 43000 / 58325...
colored 44000 / 58325...
colored 45000 / 58325...
colored 46000 / 58325...
colored 47000 / 58325...
colored 48000 / 58325...
colored 49000 / 58325...
colored 50000 / 58325...
colored 51000 / 58325...
colored 52000 / 58325...
colored 53000 / 58325...
colored 54000 / 58325...
colored 55000 / 58325...
colored 56000 / 58325...
colored 57000 / 58325...
colored 58000 / 58325...
greedy found 429 colors in 89.013 seconds
 time (s)      nb nodes       objective      
---------------------------------------------
  17.284                      429            
  20.515       2.3 M          428            
  22.247       3.1 M          427            
  24.062       3.7 M          426            
  25.459       4.0 M          425            
  27.517       4.2 M          424            
  29.108       4.5 M          423            
  33.131       4.6 M          422            
  36.700       4.7 M          421            
  39.548       4.8 M          420            
  44.433       4.8 M          419            
  47.584       4.9 M          418            
  51.386       4.9 M          417            
  61.513       5.0 M          416            
  69.043       5.0 M          415            
  78.367       5.0 M          414            
  85.341       5.1 M          413            
  92.059       5.1 M          412            
  104.332      5.1 M          411            
  112.194      5.1 M          410            
  125.241      5.2 M          409            
  136.367      5.2 M          408            
  145.796      5.2 M          407            
  153.422      5.3 M          406            
  166.972      5.3 M          405            
  180.676      5.3 M          404            
  189.802      5.3 M          403            
  198.968      5.3 M          402            
  213.673      5.4 M          401            
  223.492      5.4 M          400            
  232.979      5.4 M          399            
  243.693      5.4 M          398            
  255.841      5.5 M          397            
  267.360      5.5 M          396            
  288.548      5.5 M          395            
  311.022      5.5 M          394            
  337.869      5.6 M          393            
  350.903      5.6 M          392            
  361.906      5.6 M          391            
  380.578      5.6 M          390            
  402.410      5.6 M          389            
  416.697      5.7 M          388            
  433.255      5.7 M          387            
  448.203      5.7 M          386            
  472.833      5.7 M          385            
  495.813      5.8 M          384            
  510.668      5.8 M          383            
  564.433      5.8 M          382            
  613.456      5.9 M          381            
  632.721      5.9 M          380            
  658.406      5.9 M          379            
  718.721      5.9 M          378            
  747.904      6.0 M          377            
  807.546      6.0 M          376            
  898.010      6.1 M          375            
  1015.260     6.1 M          374            
  1114.407     6.2 M          373            
  1185.171     6.3 M          372            
  1231.751     6.3 M          371            
  1361.536     6.4 M          370            
  1653.039     6.6 M          369            
  1802.527     6.7 M          368            
  2106.230     6.8 M          367            
  2518.442     7.1 M          366            
  2862.223     7.3 M          365            
  3309.393     7.5 M          364            
  4321.415     8.0 M          363            
  6316.471     9.1 M          362            
  8157.645     10.0 M         361            
  12289.420    12.2 M         360            
  13905.654    13.1 M         359            
  22194.969    16.8 M         358            
