printing solutions in: ./dogs-color/insts/cgshop22/sqrp12451.instance.json.solution.json
printing perfs in: ./dogs-color/insts/cgshop22/sqrp12451.instance.json.perf.json

CGSHOP Instance: compute neighbors...
computing neighbors (0 / 12451)...
computing neighbors (1000 / 12451)...
computing neighbors (2000 / 12451)...
computing neighbors (3000 / 12451)...
computing neighbors (4000 / 12451)...
computing neighbors (5000 / 12451)...
computing neighbors (6000 / 12451)...
computing neighbors (7000 / 12451)...
computing neighbors (8000 / 12451)...
computing neighbors (9000 / 12451)...
computing neighbors (10000 / 12451)...
computing neighbors (11000 / 12451)...
computing neighbors (12000 / 12451)...
365        vertices
12451      segments
2138       dominations
=======================
CGSHOP Instance: compute neighbors...
computing neighbors (0 / 12451)...
computing neighbors (1000 / 12451)...
computing neighbors (2000 / 12451)...
computing neighbors (3000 / 12451)...
computing neighbors (4000 / 12451)...
computing neighbors (5000 / 12451)...
computing neighbors (6000 / 12451)...
computing neighbors (7000 / 12451)...
computing neighbors (8000 / 12451)...
computing neighbors (9000 / 12451)...
computing neighbors (10000 / 12451)...
computing neighbors (11000 / 12451)...
computing neighbors (12000 / 12451)...
colored 1000 / 12451...
colored 2000 / 12451...
colored 3000 / 12451...
colored 4000 / 12451...
colored 5000 / 12451...
colored 6000 / 12451...
colored 7000 / 12451...
colored 8000 / 12451...
colored 9000 / 12451...
colored 10000 / 12451...
colored 11000 / 12451...
colored 12000 / 12451...
greedy found 132 colors in 2.114 seconds
 time (s)      nb nodes       objective      
---------------------------------------------
  0.786                       132            
  1.395        123.6 k        131            
  7.127        174.5 k        130            
  8.878        188.6 k        129            
  28.439       289.6 k        128            
  5619.568     29.3 M         127            
