printing solutions in: ./dogs-color/insts/cgshop22/reecn34307.instance.json.solution.json
printing perfs in: ./dogs-color/insts/cgshop22/reecn34307.instance.json.perf.json

CGSHOP Instance: compute neighbors...
computing neighbors (0 / 34307)...
computing neighbors (1000 / 34307)...
computing neighbors (2000 / 34307)...
computing neighbors (3000 / 34307)...
computing neighbors (4000 / 34307)...
computing neighbors (5000 / 34307)...
computing neighbors (6000 / 34307)...
computing neighbors (7000 / 34307)...
computing neighbors (8000 / 34307)...
computing neighbors (9000 / 34307)...
computing neighbors (10000 / 34307)...
computing neighbors (11000 / 34307)...
computing neighbors (12000 / 34307)...
computing neighbors (13000 / 34307)...
computing neighbors (14000 / 34307)...
computing neighbors (15000 / 34307)...
computing neighbors (16000 / 34307)...
computing neighbors (17000 / 34307)...
computing neighbors (18000 / 34307)...
computing neighbors (19000 / 34307)...
computing neighbors (20000 / 34307)...
computing neighbors (21000 / 34307)...
computing neighbors (22000 / 34307)...
computing neighbors (23000 / 34307)...
computing neighbors (24000 / 34307)...
computing neighbors (25000 / 34307)...
computing neighbors (26000 / 34307)...
computing neighbors (27000 / 34307)...
computing neighbors (28000 / 34307)...
computing neighbors (29000 / 34307)...
computing neighbors (30000 / 34307)...
computing neighbors (31000 / 34307)...
computing neighbors (32000 / 34307)...
computing neighbors (33000 / 34307)...
computing neighbors (34000 / 34307)...
47880      vertices
34307      segments
320        dominations
=======================
CGSHOP Instance: compute neighbors...
computing neighbors (0 / 34307)...
computing neighbors (1000 / 34307)...
computing neighbors (2000 / 34307)...
computing neighbors (3000 / 34307)...
computing neighbors (4000 / 34307)...
computing neighbors (5000 / 34307)...
computing neighbors (6000 / 34307)...
computing neighbors (7000 / 34307)...
computing neighbors (8000 / 34307)...
computing neighbors (9000 / 34307)...
computing neighbors (10000 / 34307)...
computing neighbors (11000 / 34307)...
computing neighbors (12000 / 34307)...
computing neighbors (13000 / 34307)...
computing neighbors (14000 / 34307)...
computing neighbors (15000 / 34307)...
computing neighbors (16000 / 34307)...
computing neighbors (17000 / 34307)...
computing neighbors (18000 / 34307)...
computing neighbors (19000 / 34307)...
computing neighbors (20000 / 34307)...
computing neighbors (21000 / 34307)...
computing neighbors (22000 / 34307)...
computing neighbors (23000 / 34307)...
computing neighbors (24000 / 34307)...
computing neighbors (25000 / 34307)...
computing neighbors (26000 / 34307)...
computing neighbors (27000 / 34307)...
computing neighbors (28000 / 34307)...
computing neighbors (29000 / 34307)...
computing neighbors (30000 / 34307)...
computing neighbors (31000 / 34307)...
computing neighbors (32000 / 34307)...
computing neighbors (33000 / 34307)...
computing neighbors (34000 / 34307)...
colored 1000 / 34307...
colored 2000 / 34307...
colored 3000 / 34307...
colored 4000 / 34307...
colored 5000 / 34307...
colored 6000 / 34307...
colored 7000 / 34307...
colored 8000 / 34307...
colored 9000 / 34307...
colored 10000 / 34307...
colored 11000 / 34307...
colored 12000 / 34307...
colored 13000 / 34307...
colored 14000 / 34307...
colored 15000 / 34307...
colored 16000 / 34307...
colored 17000 / 34307...
colored 18000 / 34307...
colored 19000 / 34307...
colored 20000 / 34307...
colored 21000 / 34307...
colored 22000 / 34307...
colored 23000 / 34307...
colored 24000 / 34307...
colored 25000 / 34307...
colored 26000 / 34307...
colored 27000 / 34307...
colored 28000 / 34307...
colored 29000 / 34307...
colored 30000 / 34307...
colored 31000 / 34307...
colored 32000 / 34307...
colored 33000 / 34307...
colored 34000 / 34307...
greedy found 359 colors in 27.739 seconds
 time (s)      nb nodes       objective      
---------------------------------------------
  7.037                       359            
  8.250        1.1 M          358            
  8.980        1.6 M          357            
  9.676        1.9 M          356            
  10.536       2.0 M          355            
  11.574       2.1 M          354            
  12.647       2.1 M          353            
  14.135       2.2 M          352            
  15.569       2.2 M          351            
  17.297       2.3 M          350            
  19.515       2.3 M          349            
  21.666       2.3 M          348            
  25.366       2.3 M          347            
  29.537       2.4 M          346            
  33.656       2.4 M          345            
  38.638       2.4 M          344            
  41.130       2.4 M          343            
  43.268       2.4 M          342            
  46.397       2.5 M          341            
  48.782       2.5 M          340            
  50.059       2.5 M          339            
  52.763       2.5 M          338            
  58.340       2.5 M          337            
  61.306       2.5 M          336            
  67.013       2.5 M          335            
  70.738       2.6 M          334            
  75.572       2.6 M          333            
  82.100       2.6 M          332            
  84.817       2.6 M          331            
  90.522       2.6 M          330            
  93.103       2.6 M          329            
  97.270       2.6 M          328            
  102.963      2.6 M          327            
  107.917      2.7 M          326            
  114.899      2.7 M          325            
  126.540      2.7 M          324            
  131.787      2.7 M          323            
  143.378      2.7 M          322            
  154.196      2.7 M          321            
  171.759      2.8 M          320            
  187.081      2.8 M          319            
  196.043      2.8 M          318            
  201.601      2.8 M          317            
  215.671      2.9 M          316            
  247.786      2.9 M          315            
  265.097      2.9 M          314            
  275.858      3.0 M          313            
  290.528      3.0 M          312            
  318.324      3.0 M          311            
  343.455      3.1 M          310            
  381.868      3.1 M          309            
  412.567      3.2 M          308            
  442.391      3.2 M          307            
  467.505      3.2 M          306            
  514.966      3.3 M          305            
  589.588      3.4 M          304            
  645.794      3.5 M          303            
  761.418      3.6 M          302            
  855.387      3.7 M          301            
  1127.803     4.0 M          300            
  1333.163     4.2 M          299            
  1559.326     4.4 M          298            
  2217.404     5.1 M          297            
  3381.253     6.4 M          296            
  5976.481     9.4 M          295            
  16641.662    20.8 M         294            
  50221.422    54.4 M         293            
