printing solutions in: ./dogs-color/insts/cgshop22/vispecn31031.instance.json.solution.json
printing perfs in: ./dogs-color/insts/cgshop22/vispecn31031.instance.json.perf.json

CGSHOP Instance: compute neighbors...
computing neighbors (0 / 31031)...
computing neighbors (1000 / 31031)...
computing neighbors (2000 / 31031)...
computing neighbors (3000 / 31031)...
computing neighbors (4000 / 31031)...
computing neighbors (5000 / 31031)...
computing neighbors (6000 / 31031)...
computing neighbors (7000 / 31031)...
computing neighbors (8000 / 31031)...
computing neighbors (9000 / 31031)...
computing neighbors (10000 / 31031)...
computing neighbors (11000 / 31031)...
computing neighbors (12000 / 31031)...
computing neighbors (13000 / 31031)...
computing neighbors (14000 / 31031)...
computing neighbors (15000 / 31031)...
computing neighbors (16000 / 31031)...
computing neighbors (17000 / 31031)...
computing neighbors (18000 / 31031)...
computing neighbors (19000 / 31031)...
computing neighbors (20000 / 31031)...
computing neighbors (21000 / 31031)...
computing neighbors (22000 / 31031)...
computing neighbors (23000 / 31031)...
computing neighbors (24000 / 31031)...
computing neighbors (25000 / 31031)...
computing neighbors (26000 / 31031)...
computing neighbors (27000 / 31031)...
computing neighbors (28000 / 31031)...
computing neighbors (29000 / 31031)...
computing neighbors (30000 / 31031)...
computing neighbors (31000 / 31031)...
43356      vertices
31031      segments
263        dominations
=======================
CGSHOP Instance: compute neighbors...
computing neighbors (0 / 31031)...
computing neighbors (1000 / 31031)...
computing neighbors (2000 / 31031)...
computing neighbors (3000 / 31031)...
computing neighbors (4000 / 31031)...
computing neighbors (5000 / 31031)...
computing neighbors (6000 / 31031)...
computing neighbors (7000 / 31031)...
computing neighbors (8000 / 31031)...
computing neighbors (9000 / 31031)...
computing neighbors (10000 / 31031)...
computing neighbors (11000 / 31031)...
computing neighbors (12000 / 31031)...
computing neighbors (13000 / 31031)...
computing neighbors (14000 / 31031)...
computing neighbors (15000 / 31031)...
computing neighbors (16000 / 31031)...
computing neighbors (17000 / 31031)...
computing neighbors (18000 / 31031)...
computing neighbors (19000 / 31031)...
computing neighbors (20000 / 31031)...
computing neighbors (21000 / 31031)...
computing neighbors (22000 / 31031)...
computing neighbors (23000 / 31031)...
computing neighbors (24000 / 31031)...
computing neighbors (25000 / 31031)...
computing neighbors (26000 / 31031)...
computing neighbors (27000 / 31031)...
computing neighbors (28000 / 31031)...
computing neighbors (29000 / 31031)...
computing neighbors (30000 / 31031)...
computing neighbors (31000 / 31031)...
colored 1000 / 31031...
colored 2000 / 31031...
colored 3000 / 31031...
colored 4000 / 31031...
colored 5000 / 31031...
colored 6000 / 31031...
colored 7000 / 31031...
colored 8000 / 31031...
colored 9000 / 31031...
colored 10000 / 31031...
colored 11000 / 31031...
colored 12000 / 31031...
colored 13000 / 31031...
colored 14000 / 31031...
colored 15000 / 31031...
colored 16000 / 31031...
colored 17000 / 31031...
colored 18000 / 31031...
colored 19000 / 31031...
colored 20000 / 31031...
colored 21000 / 31031...
colored 22000 / 31031...
colored 23000 / 31031...
colored 24000 / 31031...
colored 25000 / 31031...
colored 26000 / 31031...
colored 27000 / 31031...
colored 28000 / 31031...
colored 29000 / 31031...
colored 30000 / 31031...
colored 31000 / 31031...
greedy found 331 colors in 10.241 seconds
 time (s)      nb nodes       objective      
---------------------------------------------
  3.677                       331            
  5.569        8.3 M          330            
  6.929        13.8 M         329            
  8.088        17.6 M         328            
  9.414        21.9 M         327            
  10.563       25.5 M         326            
  11.661       29.1 M         325            
  12.856       31.3 M         324            
  13.944       34.1 M         323            
  14.948       35.7 M         322            
  15.865       37.4 M         321            
  16.888       39.4 M         320            
  17.738       40.6 M         319            
  18.665       41.7 M         318            
  19.583       43.2 M         317            
  20.514       44.1 M         316            
  21.420       45.3 M         315            
  22.190       46.8 M         314            
  23.025       47.7 M         313            
  23.843       48.6 M         312            
  24.609       49.9 M         311            
  25.489       50.5 M         310            
  26.338       51.4 M         309            
  27.150       52.4 M         308            
  28.044       52.9 M         307            
  28.968       53.6 M         306            
  29.800       54.1 M         305            
  30.552       54.6 M         304            
  31.181       55.3 M         303            
  31.881       56.0 M         302            
  32.688       56.5 M         301            
  33.356       57.2 M         300            
  34.158       57.5 M         299            
  34.771       57.9 M         298            
  35.370       58.2 M         297            
  36.032       58.7 M         296            
  36.809       58.9 M         295            
  37.502       59.2 M         294            
  38.289       59.3 M         293            
  38.829       59.6 M         292            
  39.424       59.8 M         291            
  40.066       59.9 M         290            
  40.840       60.1 M         289            
  41.635       60.3 M         288            
  42.566       60.5 M         287            
  43.292       60.6 M         286            
  44.130       60.6 M         285            
  44.799       60.8 M         284            
  45.554       61.0 M         283            
  46.060       61.1 M         282            
  46.665       61.3 M         281            
  47.476       61.4 M         280            
  48.016       61.4 M         279            
  48.856       61.5 M         278            
  49.734       61.5 M         277            
  50.384       61.6 M         276            
  51.602       61.7 M         275            
  52.382       61.8 M         274            
  53.232       61.8 M         273            
  53.794       61.8 M         272            
  54.989       61.9 M         271            
  55.679       61.9 M         270            
  56.644       62.0 M         269            
  57.529       62.0 M         268            
  58.235       62.1 M         267            
  59.201       62.1 M         266            
  59.887       62.1 M         265            
  60.812       62.1 M         264            
  61.575       62.2 M         263            
  62.637       62.2 M         262            
  64.351       62.3 M         261            
  65.141       62.3 M         260            
  65.929       62.3 M         259            
  66.737       62.4 M         258            
  67.540       62.4 M         257            
  68.623       62.4 M         256            
  69.878       62.4 M         255            
  71.156       62.5 M         254            
  73.501       62.5 M         253            
  75.846       62.6 M         252            
  76.988       62.6 M         251            
  82.119       62.6 M         250            
  87.168       62.7 M         249            
  90.571       62.7 M         248            
  93.003       62.7 M         247            
  95.529       62.8 M         246            
  99.572       62.8 M         245            
  104.642      62.9 M         244            
  113.896      62.9 M         243            
  147.401      63.1 M         242            
  161.180      63.2 M         241            
  169.081      63.2 M         240            
  178.944      63.3 M         239            
  194.159      63.4 M         238            
  312.794      63.8 M         237            
  681.992      65.1 M         236            
  772.558      65.3 M         235            
  5166.661     78.6 M         234            
  7970.938     84.8 M         233            
