printing solutions in: ./dogs-color/insts/cgshop22/rvisp14562.instance.json.solution.json
printing perfs in: ./dogs-color/insts/cgshop22/rvisp14562.instance.json.perf.json

CGSHOP Instance: compute neighbors...
computing neighbors (0 / 14562)...
computing neighbors (1000 / 14562)...
computing neighbors (2000 / 14562)...
computing neighbors (3000 / 14562)...
computing neighbors (4000 / 14562)...
computing neighbors (5000 / 14562)...
computing neighbors (6000 / 14562)...
computing neighbors (7000 / 14562)...
computing neighbors (8000 / 14562)...
computing neighbors (9000 / 14562)...
computing neighbors (10000 / 14562)...
computing neighbors (11000 / 14562)...
computing neighbors (12000 / 14562)...
computing neighbors (13000 / 14562)...
computing neighbors (14000 / 14562)...
428        vertices
14562      segments
6999       dominations
=======================
CGSHOP Instance: compute neighbors...
computing neighbors (0 / 14562)...
computing neighbors (1000 / 14562)...
computing neighbors (2000 / 14562)...
computing neighbors (3000 / 14562)...
computing neighbors (4000 / 14562)...
computing neighbors (5000 / 14562)...
computing neighbors (6000 / 14562)...
computing neighbors (7000 / 14562)...
computing neighbors (8000 / 14562)...
computing neighbors (9000 / 14562)...
computing neighbors (10000 / 14562)...
computing neighbors (11000 / 14562)...
computing neighbors (12000 / 14562)...
computing neighbors (13000 / 14562)...
computing neighbors (14000 / 14562)...
colored 1000 / 14562...
colored 2000 / 14562...
colored 3000 / 14562...
colored 4000 / 14562...
colored 5000 / 14562...
colored 6000 / 14562...
colored 7000 / 14562...
colored 8000 / 14562...
colored 9000 / 14562...
colored 10000 / 14562...
colored 11000 / 14562...
colored 12000 / 14562...
colored 13000 / 14562...
colored 14000 / 14562...
greedy found 83 colors in 2.032 seconds
 time (s)      nb nodes       objective      
---------------------------------------------
  0.836                       83             
  6.257        16.9 M         82             
  9.719        23.7 M         81             
  12.564       27.1 M         80             
  15.597       28.8 M         79             
  17.564       29.8 M         78             
  18.912       30.5 M         77             
  21.115       31.0 M         76             
  23.701       31.3 M         75             
  25.769       31.5 M         74             
  30.552       31.8 M         73             
  35.916       32.0 M         72             
  43.453       32.1 M         71             
  48.523       32.3 M         70             
  58.129       32.4 M         69             
  82.511       32.6 M         68             
  135.303      32.9 M         67             
  1037.795     37.2 M         66             
