printing solutions in: ./dogs-color/insts/cgshop22/reecn3988.instance.json.solution.json
printing perfs in: ./dogs-color/insts/cgshop22/reecn3988.instance.json.perf.json

CGSHOP Instance: compute neighbors...
computing neighbors (0 / 3988)...
computing neighbors (1000 / 3988)...
computing neighbors (2000 / 3988)...
computing neighbors (3000 / 3988)...
5520       vertices
3988       segments
94         dominations
=======================
CGSHOP Instance: compute neighbors...
computing neighbors (0 / 3988)...
computing neighbors (1000 / 3988)...
computing neighbors (2000 / 3988)...
computing neighbors (3000 / 3988)...
colored 1000 / 3988...
colored 2000 / 3988...
colored 3000 / 3988...
greedy found 79 colors in 0.223 seconds
 time (s)      nb nodes       objective      
---------------------------------------------
  0.091                       79             
  0.112        54.1 k         78             
  0.124        69.0 k         77             
  0.139        79.1 k         76             
  0.156        84.6 k         75             
  0.206        90.7 k         74             
  0.261        94.9 k         73             
  0.325        99.4 k         72             
  0.459        105.5 k        71             
  0.653        114.1 k        70             
  0.790        118.2 k        69             
  0.927        123.5 k        68             
  2.258        161.0 k        67             
  30.114       905.4 k        66             
