printing solutions in: ./dogs-color/insts/cgshop22/reecn15355.instance.json.solution.json
printing perfs in: ./dogs-color/insts/cgshop22/reecn15355.instance.json.perf.json

CGSHOP Instance: compute neighbors...
computing neighbors (0 / 15355)...
computing neighbors (1000 / 15355)...
computing neighbors (2000 / 15355)...
computing neighbors (3000 / 15355)...
computing neighbors (4000 / 15355)...
computing neighbors (5000 / 15355)...
computing neighbors (6000 / 15355)...
computing neighbors (7000 / 15355)...
computing neighbors (8000 / 15355)...
computing neighbors (9000 / 15355)...
computing neighbors (10000 / 15355)...
computing neighbors (11000 / 15355)...
computing neighbors (12000 / 15355)...
computing neighbors (13000 / 15355)...
computing neighbors (14000 / 15355)...
computing neighbors (15000 / 15355)...
21546      vertices
15355      segments
199        dominations
=======================
CGSHOP Instance: compute neighbors...
computing neighbors (0 / 15355)...
computing neighbors (1000 / 15355)...
computing neighbors (2000 / 15355)...
computing neighbors (3000 / 15355)...
computing neighbors (4000 / 15355)...
computing neighbors (5000 / 15355)...
computing neighbors (6000 / 15355)...
computing neighbors (7000 / 15355)...
computing neighbors (8000 / 15355)...
computing neighbors (9000 / 15355)...
computing neighbors (10000 / 15355)...
computing neighbors (11000 / 15355)...
computing neighbors (12000 / 15355)...
computing neighbors (13000 / 15355)...
computing neighbors (14000 / 15355)...
computing neighbors (15000 / 15355)...
colored 1000 / 15355...
colored 2000 / 15355...
colored 3000 / 15355...
colored 4000 / 15355...
colored 5000 / 15355...
colored 6000 / 15355...
colored 7000 / 15355...
colored 8000 / 15355...
colored 9000 / 15355...
colored 10000 / 15355...
colored 11000 / 15355...
colored 12000 / 15355...
colored 13000 / 15355...
colored 14000 / 15355...
colored 15000 / 15355...
greedy found 199 colors in 3.247 seconds
 time (s)      nb nodes       objective      
---------------------------------------------
  1.205                       199            
  1.422        288.9 k        198            
  1.653        383.5 k        197            
  1.778        445.9 k        196            
  1.899        478.8 k        195            
  2.108        501.6 k        194            
  2.354        518.8 k        193            
  2.718        532.2 k        192            
  3.030        543.5 k        191            
  3.460        556.8 k        190            
  4.286        569.0 k        189            
  4.972        578.6 k        188            
  6.102        591.8 k        187            
  7.676        603.1 k        186            
  8.879        613.5 k        185            
  10.194       624.9 k        184            
  11.360       635.4 k        183            
  12.240       643.1 k        182            
  14.214       657.3 k        181            
  15.619       668.1 k        180            
  17.477       682.3 k        179            
  20.492       705.1 k        178            
  22.221       715.1 k        177            
  23.141       723.2 k        176            
  24.506       732.7 k        175            
  28.529       755.1 k        174            
  44.121       854.2 k        173            
  51.005       886.5 k        172            
  73.953       989.8 k        171            
  139.717      1.3 M          170            
  208.610      1.7 M          169            
  1492.005     7.2 M          168            
