printing solutions in: ./dogs-color/insts/cgshop22/vispecn43993.instance.json.solution.json
printing perfs in: ./dogs-color/insts/cgshop22/vispecn43993.instance.json.perf.json

CGSHOP Instance: compute neighbors...
computing neighbors (0 / 43993)...
computing neighbors (1000 / 43993)...
computing neighbors (2000 / 43993)...
computing neighbors (3000 / 43993)...
computing neighbors (4000 / 43993)...
computing neighbors (5000 / 43993)...
computing neighbors (6000 / 43993)...
computing neighbors (7000 / 43993)...
computing neighbors (8000 / 43993)...
computing neighbors (9000 / 43993)...
computing neighbors (10000 / 43993)...
computing neighbors (11000 / 43993)...
computing neighbors (12000 / 43993)...
computing neighbors (13000 / 43993)...
computing neighbors (14000 / 43993)...
computing neighbors (15000 / 43993)...
computing neighbors (16000 / 43993)...
computing neighbors (17000 / 43993)...
computing neighbors (18000 / 43993)...
computing neighbors (19000 / 43993)...
computing neighbors (20000 / 43993)...
computing neighbors (21000 / 43993)...
computing neighbors (22000 / 43993)...
computing neighbors (23000 / 43993)...
computing neighbors (24000 / 43993)...
computing neighbors (25000 / 43993)...
computing neighbors (26000 / 43993)...
computing neighbors (27000 / 43993)...
computing neighbors (28000 / 43993)...
computing neighbors (29000 / 43993)...
computing neighbors (30000 / 43993)...
computing neighbors (31000 / 43993)...
computing neighbors (32000 / 43993)...
computing neighbors (33000 / 43993)...
computing neighbors (34000 / 43993)...
computing neighbors (35000 / 43993)...
computing neighbors (36000 / 43993)...
computing neighbors (37000 / 43993)...
computing neighbors (38000 / 43993)...
computing neighbors (39000 / 43993)...
computing neighbors (40000 / 43993)...
computing neighbors (41000 / 43993)...
computing neighbors (42000 / 43993)...
computing neighbors (43000 / 43993)...
61568      vertices
43993      segments
307        dominations
=======================
CGSHOP Instance: compute neighbors...
computing neighbors (0 / 43993)...
computing neighbors (1000 / 43993)...
computing neighbors (2000 / 43993)...
computing neighbors (3000 / 43993)...
computing neighbors (4000 / 43993)...
computing neighbors (5000 / 43993)...
computing neighbors (6000 / 43993)...
computing neighbors (7000 / 43993)...
computing neighbors (8000 / 43993)...
computing neighbors (9000 / 43993)...
computing neighbors (10000 / 43993)...
computing neighbors (11000 / 43993)...
computing neighbors (12000 / 43993)...
computing neighbors (13000 / 43993)...
computing neighbors (14000 / 43993)...
computing neighbors (15000 / 43993)...
computing neighbors (16000 / 43993)...
computing neighbors (17000 / 43993)...
computing neighbors (18000 / 43993)...
computing neighbors (19000 / 43993)...
computing neighbors (20000 / 43993)...
computing neighbors (21000 / 43993)...
computing neighbors (22000 / 43993)...
computing neighbors (23000 / 43993)...
computing neighbors (24000 / 43993)...
computing neighbors (25000 / 43993)...
computing neighbors (26000 / 43993)...
computing neighbors (27000 / 43993)...
computing neighbors (28000 / 43993)...
computing neighbors (29000 / 43993)...
computing neighbors (30000 / 43993)...
computing neighbors (31000 / 43993)...
computing neighbors (32000 / 43993)...
computing neighbors (33000 / 43993)...
computing neighbors (34000 / 43993)...
computing neighbors (35000 / 43993)...
computing neighbors (36000 / 43993)...
computing neighbors (37000 / 43993)...
computing neighbors (38000 / 43993)...
computing neighbors (39000 / 43993)...
computing neighbors (40000 / 43993)...
computing neighbors (41000 / 43993)...
computing neighbors (42000 / 43993)...
computing neighbors (43000 / 43993)...
colored 1000 / 43993...
colored 2000 / 43993...
colored 3000 / 43993...
colored 4000 / 43993...
colored 5000 / 43993...
colored 6000 / 43993...
colored 7000 / 43993...
colored 8000 / 43993...
colored 9000 / 43993...
colored 10000 / 43993...
colored 11000 / 43993...
colored 12000 / 43993...
colored 13000 / 43993...
colored 14000 / 43993...
colored 15000 / 43993...
colored 16000 / 43993...
colored 17000 / 43993...
colored 18000 / 43993...
colored 19000 / 43993...
colored 20000 / 43993...
colored 21000 / 43993...
colored 22000 / 43993...
colored 23000 / 43993...
colored 24000 / 43993...
colored 25000 / 43993...
colored 26000 / 43993...
colored 27000 / 43993...
colored 28000 / 43993...
colored 29000 / 43993...
colored 30000 / 43993...
colored 31000 / 43993...
colored 32000 / 43993...
colored 33000 / 43993...
colored 34000 / 43993...
colored 35000 / 43993...
colored 36000 / 43993...
colored 37000 / 43993...
colored 38000 / 43993...
colored 39000 / 43993...
colored 40000 / 43993...
colored 41000 / 43993...
colored 42000 / 43993...
colored 43000 / 43993...
greedy found 459 colors in 26.909 seconds
 time (s)      nb nodes       objective      
---------------------------------------------
  7.928                       459            
  12.612       23.2 M         458            
  16.305       40.0 M         457            
  20.438       56.1 M         456            
  24.219       67.2 M         455            
  27.630       78.9 M         454            
  31.411       89.6 M         453            
  34.164       98.8 M         452            
  36.820       106.7 M        451            
  38.953       113.2 M        450            
  41.169       120.0 M        449            
  43.443       126.0 M        448            
  45.503       130.4 M        447            
  47.617       136.0 M        446            
  49.613       140.9 M        445            
  51.612       145.4 M        444            
  53.786       149.3 M        443            
  55.763       151.1 M        442            
  57.506       154.6 M        441            
  59.352       156.2 M        440            
  61.030       158.7 M        439            
  62.913       161.6 M        438            
  64.616       164.2 M        437            
  66.353       167.2 M        436            
  67.968       169.7 M        435            
  69.784       171.7 M        434            
  71.386       173.9 M        433            
  72.998       175.7 M        432            
  74.756       176.5 M        431            
  76.163       178.5 M        430            
  77.466       180.4 M        429            
  78.834       182.3 M        428            
  80.769       183.9 M        427            
  82.250       185.6 M        426            
  83.801       186.9 M        425            
  85.534       188.3 M        424            
  87.022       189.6 M        423            
  88.421       190.1 M        422            
  89.854       190.8 M        421            
  91.066       191.9 M        420            
  92.279       192.8 M        419            
  94.142       193.5 M        418            
  95.298       194.3 M        417            
  96.827       194.6 M        416            
  98.692       195.3 M        415            
  99.646       196.2 M        414            
  100.965      196.9 M        413            
  102.735      197.4 M        412            
  104.809      197.9 M        411            
  106.383      198.7 M        410            
  107.547      199.4 M        409            
  109.823      199.6 M        408            
  110.929      200.1 M        407            
  112.452      200.6 M        406            
  113.848      201.1 M        405            
  115.697      201.5 M        404            
  117.336      201.6 M        403            
  118.895      202.0 M        402            
  120.563      202.6 M        401            
  122.079      202.8 M        400            
  124.120      203.1 M        399            
  125.740      203.2 M        398            
  127.710      203.5 M        397            
  128.996      203.7 M        396            
  131.270      203.9 M        395            
  133.125      204.0 M        394            
  136.681      204.4 M        393            
  138.513      204.5 M        392            
  142.002      204.7 M        391            
  148.010      204.9 M        390            
  150.991      205.2 M        389            
  152.891      205.4 M        388            
  155.948      205.7 M        387            
  162.150      205.8 M        386            
  165.948      206.0 M        385            
  167.293      206.2 M        384            
  170.249      206.2 M        383            
  173.889      206.3 M        382            
  176.622      206.4 M        381            
  184.939      206.6 M        380            
  189.179      206.6 M        379            
  191.747      206.7 M        378            
  196.481      206.8 M        377            
  203.697      206.9 M        376            
  206.105      206.9 M        375            
  211.726      207.0 M        374            
  217.904      207.1 M        373            
  221.062      207.2 M        372            
  226.336      207.2 M        371            
  232.956      207.3 M        370            
  235.450      207.4 M        369            
  254.164      207.4 M        368            
  266.644      207.5 M        367            
  288.548      207.6 M        366            
  301.506      207.6 M        365            
  322.596      207.7 M        364            
  330.748      207.8 M        363            
  392.200      208.0 M        362            
  488.651      208.2 M        361            
  681.853      208.6 M        360            
  692.661      208.7 M        359            
  736.380      208.8 M        358            
  945.912      209.3 M        357            
  1002.976     209.4 M        356            
  1345.694     210.0 M        355            
  1743.142     210.7 M        354            
  6451.403     218.3 M        353            
  11321.236    225.9 M        352            
  32963.773    258.0 M        351            
