printing solutions in: ./dogs-color/insts/cgshop22/rvisp8432.instance.json.solution.json
printing perfs in: ./dogs-color/insts/cgshop22/rvisp8432.instance.json.perf.json

CGSHOP Instance: compute neighbors...
computing neighbors (0 / 8432)...
computing neighbors (1000 / 8432)...
computing neighbors (2000 / 8432)...
computing neighbors (3000 / 8432)...
computing neighbors (4000 / 8432)...
computing neighbors (5000 / 8432)...
computing neighbors (6000 / 8432)...
computing neighbors (7000 / 8432)...
computing neighbors (8000 / 8432)...
334        vertices
8432       segments
3997       dominations
=======================
CGSHOP Instance: compute neighbors...
computing neighbors (0 / 8432)...
computing neighbors (1000 / 8432)...
computing neighbors (2000 / 8432)...
computing neighbors (3000 / 8432)...
computing neighbors (4000 / 8432)...
computing neighbors (5000 / 8432)...
computing neighbors (6000 / 8432)...
computing neighbors (7000 / 8432)...
computing neighbors (8000 / 8432)...
colored 1000 / 8432...
colored 2000 / 8432...
colored 3000 / 8432...
colored 4000 / 8432...
colored 5000 / 8432...
colored 6000 / 8432...
colored 7000 / 8432...
colored 8000 / 8432...
greedy found 51 colors in 0.642 seconds
 time (s)      nb nodes       objective      
---------------------------------------------
  0.280                       51             
  2.125        6.6 M          50             
  2.765        8.1 M          49             
  3.265        9.0 M          48             
  3.756        9.5 M          47             
  4.385        9.9 M          46             
  4.985        10.1 M         45             
  5.753        10.2 M         44             
  8.014        10.3 M         43             
  10.299       10.4 M         42             
  41.360       10.7 M         41             
