printing solutions in: ./dogs-color/insts/cgshop22/reecn47287.instance.json.solution.json
printing perfs in: ./dogs-color/insts/cgshop22/reecn47287.instance.json.perf.json

CGSHOP Instance: compute neighbors...
computing neighbors (0 / 47287)...
computing neighbors (1000 / 47287)...
computing neighbors (2000 / 47287)...
computing neighbors (3000 / 47287)...
computing neighbors (4000 / 47287)...
computing neighbors (5000 / 47287)...
computing neighbors (6000 / 47287)...
computing neighbors (7000 / 47287)...
computing neighbors (8000 / 47287)...
computing neighbors (9000 / 47287)...
computing neighbors (10000 / 47287)...
computing neighbors (11000 / 47287)...
computing neighbors (12000 / 47287)...
computing neighbors (13000 / 47287)...
computing neighbors (14000 / 47287)...
computing neighbors (15000 / 47287)...
computing neighbors (16000 / 47287)...
computing neighbors (17000 / 47287)...
computing neighbors (18000 / 47287)...
computing neighbors (19000 / 47287)...
computing neighbors (20000 / 47287)...
computing neighbors (21000 / 47287)...
computing neighbors (22000 / 47287)...
computing neighbors (23000 / 47287)...
computing neighbors (24000 / 47287)...
computing neighbors (25000 / 47287)...
computing neighbors (26000 / 47287)...
computing neighbors (27000 / 47287)...
computing neighbors (28000 / 47287)...
computing neighbors (29000 / 47287)...
computing neighbors (30000 / 47287)...
computing neighbors (31000 / 47287)...
computing neighbors (32000 / 47287)...
computing neighbors (33000 / 47287)...
computing neighbors (34000 / 47287)...
computing neighbors (35000 / 47287)...
computing neighbors (36000 / 47287)...
computing neighbors (37000 / 47287)...
computing neighbors (38000 / 47287)...
computing neighbors (39000 / 47287)...
computing neighbors (40000 / 47287)...
computing neighbors (41000 / 47287)...
computing neighbors (42000 / 47287)...
computing neighbors (43000 / 47287)...
computing neighbors (44000 / 47287)...
computing neighbors (45000 / 47287)...
computing neighbors (46000 / 47287)...
computing neighbors (47000 / 47287)...
66286      vertices
47287      segments
315        dominations
=======================
CGSHOP Instance: compute neighbors...
computing neighbors (0 / 47287)...
computing neighbors (1000 / 47287)...
computing neighbors (2000 / 47287)...
computing neighbors (3000 / 47287)...
computing neighbors (4000 / 47287)...
computing neighbors (5000 / 47287)...
computing neighbors (6000 / 47287)...
computing neighbors (7000 / 47287)...
computing neighbors (8000 / 47287)...
computing neighbors (9000 / 47287)...
computing neighbors (10000 / 47287)...
computing neighbors (11000 / 47287)...
computing neighbors (12000 / 47287)...
computing neighbors (13000 / 47287)...
computing neighbors (14000 / 47287)...
computing neighbors (15000 / 47287)...
computing neighbors (16000 / 47287)...
computing neighbors (17000 / 47287)...
computing neighbors (18000 / 47287)...
computing neighbors (19000 / 47287)...
computing neighbors (20000 / 47287)...
computing neighbors (21000 / 47287)...
computing neighbors (22000 / 47287)...
computing neighbors (23000 / 47287)...
computing neighbors (24000 / 47287)...
computing neighbors (25000 / 47287)...
computing neighbors (26000 / 47287)...
computing neighbors (27000 / 47287)...
computing neighbors (28000 / 47287)...
computing neighbors (29000 / 47287)...
computing neighbors (30000 / 47287)...
computing neighbors (31000 / 47287)...
computing neighbors (32000 / 47287)...
computing neighbors (33000 / 47287)...
computing neighbors (34000 / 47287)...
computing neighbors (35000 / 47287)...
computing neighbors (36000 / 47287)...
computing neighbors (37000 / 47287)...
computing neighbors (38000 / 47287)...
computing neighbors (39000 / 47287)...
computing neighbors (40000 / 47287)...
computing neighbors (41000 / 47287)...
computing neighbors (42000 / 47287)...
computing neighbors (43000 / 47287)...
computing neighbors (44000 / 47287)...
computing neighbors (45000 / 47287)...
computing neighbors (46000 / 47287)...
computing neighbors (47000 / 47287)...
colored 1000 / 47287...
colored 2000 / 47287...
colored 3000 / 47287...
colored 4000 / 47287...
colored 5000 / 47287...
colored 6000 / 47287...
colored 7000 / 47287...
colored 8000 / 47287...
colored 9000 / 47287...
colored 10000 / 47287...
colored 11000 / 47287...
colored 12000 / 47287...
colored 13000 / 47287...
colored 14000 / 47287...
colored 15000 / 47287...
colored 16000 / 47287...
colored 17000 / 47287...
colored 18000 / 47287...
colored 19000 / 47287...
colored 20000 / 47287...
colored 21000 / 47287...
colored 22000 / 47287...
colored 23000 / 47287...
colored 24000 / 47287...
colored 25000 / 47287...
colored 26000 / 47287...
colored 27000 / 47287...
colored 28000 / 47287...
colored 29000 / 47287...
colored 30000 / 47287...
colored 31000 / 47287...
colored 32000 / 47287...
colored 33000 / 47287...
colored 34000 / 47287...
colored 35000 / 47287...
colored 36000 / 47287...
colored 37000 / 47287...
colored 38000 / 47287...
colored 39000 / 47287...
colored 40000 / 47287...
colored 41000 / 47287...
colored 42000 / 47287...
colored 43000 / 47287...
colored 44000 / 47287...
colored 45000 / 47287...
colored 46000 / 47287...
colored 47000 / 47287...
greedy found 359 colors in 39.469 seconds
 time (s)      nb nodes       objective      
---------------------------------------------
  12.180                      359            
  13.980       1.6 M          358            
  15.031       2.3 M          357            
  16.213       2.8 M          356            
  16.929       3.0 M          355            
  17.699       3.2 M          354            
  18.716       3.4 M          353            
  19.722       3.5 M          352            
  21.653       3.5 M          351            
  23.192       3.6 M          350            
  25.546       3.6 M          349            
  26.945       3.7 M          348            
  29.585       3.7 M          347            
  32.148       3.7 M          346            
  35.759       3.8 M          345            
  40.436       3.8 M          344            
  43.156       3.8 M          343            
  49.677       3.8 M          342            
  56.176       3.8 M          341            
  62.757       3.9 M          340            
  72.194       3.9 M          339            
  80.411       3.9 M          338            
  84.964       3.9 M          337            
  88.965       4.0 M          336            
  93.246       4.0 M          335            
  103.496      4.0 M          334            
  108.657      4.0 M          333            
  117.249      4.1 M          332            
  121.016      4.1 M          331            
  123.037      4.1 M          330            
  125.974      4.1 M          329            
  128.980      4.1 M          328            
  140.561      4.2 M          327            
  152.754      4.2 M          326            
  155.014      4.2 M          325            
  168.429      4.2 M          324            
  172.323      4.2 M          323            
  186.268      4.3 M          322            
  196.187      4.3 M          321            
  210.145      4.3 M          320            
  229.065      4.4 M          319            
  250.215      4.4 M          318            
  266.901      4.4 M          317            
  294.821      4.5 M          316            
  345.228      4.5 M          315            
  374.776      4.6 M          314            
  389.615      4.6 M          313            
  507.636      4.8 M          312            
  570.409      4.8 M          311            
  639.225      4.9 M          310            
  835.472      5.2 M          309            
  1129.391     5.6 M          308            
  1645.645     6.2 M          307            
  1757.440     6.3 M          306            
  3200.156     8.2 M          305            
  10900.643    18.1 M         304            
  18120.270    26.0 M         303            
