printing solutions in: ./dogs-color/insts/cgshop22/visp35881.instance.json.solution.json
printing perfs in: ./dogs-color/insts/cgshop22/visp35881.instance.json.perf.json

CGSHOP Instance: compute neighbors...
computing neighbors (0 / 35881)...
computing neighbors (1000 / 35881)...
computing neighbors (2000 / 35881)...
computing neighbors (3000 / 35881)...
computing neighbors (4000 / 35881)...
computing neighbors (5000 / 35881)...
computing neighbors (6000 / 35881)...
computing neighbors (7000 / 35881)...
computing neighbors (8000 / 35881)...
computing neighbors (9000 / 35881)...
computing neighbors (10000 / 35881)...
computing neighbors (11000 / 35881)...
computing neighbors (12000 / 35881)...
computing neighbors (13000 / 35881)...
computing neighbors (14000 / 35881)...
computing neighbors (15000 / 35881)...
computing neighbors (16000 / 35881)...
computing neighbors (17000 / 35881)...
computing neighbors (18000 / 35881)...
computing neighbors (19000 / 35881)...
computing neighbors (20000 / 35881)...
computing neighbors (21000 / 35881)...
computing neighbors (22000 / 35881)...
computing neighbors (23000 / 35881)...
computing neighbors (24000 / 35881)...
computing neighbors (25000 / 35881)...
computing neighbors (26000 / 35881)...
computing neighbors (27000 / 35881)...
computing neighbors (28000 / 35881)...
computing neighbors (29000 / 35881)...
computing neighbors (30000 / 35881)...
computing neighbors (31000 / 35881)...
computing neighbors (32000 / 35881)...
computing neighbors (33000 / 35881)...
computing neighbors (34000 / 35881)...
computing neighbors (35000 / 35881)...
748        vertices
35881      segments
17307      dominations
=======================
CGSHOP Instance: compute neighbors...
computing neighbors (0 / 35881)...
computing neighbors (1000 / 35881)...
computing neighbors (2000 / 35881)...
computing neighbors (3000 / 35881)...
computing neighbors (4000 / 35881)...
computing neighbors (5000 / 35881)...
computing neighbors (6000 / 35881)...
computing neighbors (7000 / 35881)...
computing neighbors (8000 / 35881)...
computing neighbors (9000 / 35881)...
computing neighbors (10000 / 35881)...
computing neighbors (11000 / 35881)...
computing neighbors (12000 / 35881)...
computing neighbors (13000 / 35881)...
computing neighbors (14000 / 35881)...
computing neighbors (15000 / 35881)...
computing neighbors (16000 / 35881)...
computing neighbors (17000 / 35881)...
computing neighbors (18000 / 35881)...
computing neighbors (19000 / 35881)...
computing neighbors (20000 / 35881)...
computing neighbors (21000 / 35881)...
computing neighbors (22000 / 35881)...
computing neighbors (23000 / 35881)...
computing neighbors (24000 / 35881)...
computing neighbors (25000 / 35881)...
computing neighbors (26000 / 35881)...
computing neighbors (27000 / 35881)...
computing neighbors (28000 / 35881)...
computing neighbors (29000 / 35881)...
computing neighbors (30000 / 35881)...
computing neighbors (31000 / 35881)...
computing neighbors (32000 / 35881)...
computing neighbors (33000 / 35881)...
computing neighbors (34000 / 35881)...
computing neighbors (35000 / 35881)...
colored 1000 / 35881...
colored 2000 / 35881...
colored 3000 / 35881...
colored 4000 / 35881...
colored 5000 / 35881...
colored 6000 / 35881...
colored 7000 / 35881...
colored 8000 / 35881...
colored 9000 / 35881...
colored 10000 / 35881...
colored 11000 / 35881...
colored 12000 / 35881...
colored 13000 / 35881...
colored 14000 / 35881...
colored 15000 / 35881...
colored 16000 / 35881...
colored 17000 / 35881...
colored 18000 / 35881...
colored 19000 / 35881...
colored 20000 / 35881...
colored 21000 / 35881...
colored 22000 / 35881...
colored 23000 / 35881...
colored 24000 / 35881...
colored 25000 / 35881...
colored 26000 / 35881...
colored 27000 / 35881...
colored 28000 / 35881...
colored 29000 / 35881...
colored 30000 / 35881...
colored 31000 / 35881...
colored 32000 / 35881...
colored 33000 / 35881...
colored 34000 / 35881...
colored 35000 / 35881...
greedy found 155 colors in 10.906 seconds
 time (s)      nb nodes       objective      
---------------------------------------------
  5.014                       155            
  38.124       115.6 M        154            
  52.796       154.8 M        153            
  65.923       183.1 M        152            
  76.292       200.9 M        151            
  85.626       214.1 M        150            
  96.079       223.2 M        149            
  104.070      229.1 M        148            
  112.229      232.3 M        147            
  118.885      236.1 M        146            
  126.706      239.6 M        145            
  135.580      241.1 M        144            
  141.020      242.9 M        143            
  149.465      243.8 M        142            
  155.254      246.0 M        141            
  164.181      246.8 M        140            
  178.012      247.3 M        139            
  196.018      247.9 M        138            
  212.788      248.6 M        137            
  229.427      249.7 M        136            
  239.097      250.1 M        135            
  270.559      250.4 M        134            
  299.277      250.7 M        133            
  358.497      251.2 M        132            
  577.915      251.7 M        131            
  711.124      252.0 M        130            
  890.772      252.5 M        129            
  3393.177     255.7 M        128            
  5417.012     259.2 M        127            
  21296.129    281.0 M        126            
  55283.746    330.5 M        125            
