printing solutions in: ./dogs-color/insts/cgshop22/reecn64798.instance.json.solution.json
printing perfs in: ./dogs-color/insts/cgshop22/reecn64798.instance.json.perf.json

CGSHOP Instance: compute neighbors...
computing neighbors (0 / 64798)...
computing neighbors (1000 / 64798)...
computing neighbors (2000 / 64798)...
computing neighbors (3000 / 64798)...
computing neighbors (4000 / 64798)...
computing neighbors (5000 / 64798)...
computing neighbors (6000 / 64798)...
computing neighbors (7000 / 64798)...
computing neighbors (8000 / 64798)...
computing neighbors (9000 / 64798)...
computing neighbors (10000 / 64798)...
computing neighbors (11000 / 64798)...
computing neighbors (12000 / 64798)...
computing neighbors (13000 / 64798)...
computing neighbors (14000 / 64798)...
computing neighbors (15000 / 64798)...
computing neighbors (16000 / 64798)...
computing neighbors (17000 / 64798)...
computing neighbors (18000 / 64798)...
computing neighbors (19000 / 64798)...
computing neighbors (20000 / 64798)...
computing neighbors (21000 / 64798)...
computing neighbors (22000 / 64798)...
computing neighbors (23000 / 64798)...
computing neighbors (24000 / 64798)...
computing neighbors (25000 / 64798)...
computing neighbors (26000 / 64798)...
computing neighbors (27000 / 64798)...
computing neighbors (28000 / 64798)...
computing neighbors (29000 / 64798)...
computing neighbors (30000 / 64798)...
computing neighbors (31000 / 64798)...
computing neighbors (32000 / 64798)...
computing neighbors (33000 / 64798)...
computing neighbors (34000 / 64798)...
computing neighbors (35000 / 64798)...
computing neighbors (36000 / 64798)...
computing neighbors (37000 / 64798)...
computing neighbors (38000 / 64798)...
computing neighbors (39000 / 64798)...
computing neighbors (40000 / 64798)...
computing neighbors (41000 / 64798)...
computing neighbors (42000 / 64798)...
computing neighbors (43000 / 64798)...
computing neighbors (44000 / 64798)...
computing neighbors (45000 / 64798)...
computing neighbors (46000 / 64798)...
computing neighbors (47000 / 64798)...
computing neighbors (48000 / 64798)...
computing neighbors (49000 / 64798)...
computing neighbors (50000 / 64798)...
computing neighbors (51000 / 64798)...
computing neighbors (52000 / 64798)...
computing neighbors (53000 / 64798)...
computing neighbors (54000 / 64798)...
computing neighbors (55000 / 64798)...
computing neighbors (56000 / 64798)...
computing neighbors (57000 / 64798)...
computing neighbors (58000 / 64798)...
computing neighbors (59000 / 64798)...
computing neighbors (60000 / 64798)...
computing neighbors (61000 / 64798)...
computing neighbors (62000 / 64798)...
computing neighbors (63000 / 64798)...
computing neighbors (64000 / 64798)...
90800      vertices
64798      segments
421        dominations
=======================
CGSHOP Instance: compute neighbors...
computing neighbors (0 / 64798)...
computing neighbors (1000 / 64798)...
computing neighbors (2000 / 64798)...
computing neighbors (3000 / 64798)...
computing neighbors (4000 / 64798)...
computing neighbors (5000 / 64798)...
computing neighbors (6000 / 64798)...
computing neighbors (7000 / 64798)...
computing neighbors (8000 / 64798)...
computing neighbors (9000 / 64798)...
computing neighbors (10000 / 64798)...
computing neighbors (11000 / 64798)...
computing neighbors (12000 / 64798)...
computing neighbors (13000 / 64798)...
computing neighbors (14000 / 64798)...
computing neighbors (15000 / 64798)...
computing neighbors (16000 / 64798)...
computing neighbors (17000 / 64798)...
computing neighbors (18000 / 64798)...
computing neighbors (19000 / 64798)...
computing neighbors (20000 / 64798)...
computing neighbors (21000 / 64798)...
computing neighbors (22000 / 64798)...
computing neighbors (23000 / 64798)...
computing neighbors (24000 / 64798)...
computing neighbors (25000 / 64798)...
computing neighbors (26000 / 64798)...
computing neighbors (27000 / 64798)...
computing neighbors (28000 / 64798)...
computing neighbors (29000 / 64798)...
computing neighbors (30000 / 64798)...
computing neighbors (31000 / 64798)...
computing neighbors (32000 / 64798)...
computing neighbors (33000 / 64798)...
computing neighbors (34000 / 64798)...
computing neighbors (35000 / 64798)...
computing neighbors (36000 / 64798)...
computing neighbors (37000 / 64798)...
computing neighbors (38000 / 64798)...
computing neighbors (39000 / 64798)...
computing neighbors (40000 / 64798)...
computing neighbors (41000 / 64798)...
computing neighbors (42000 / 64798)...
computing neighbors (43000 / 64798)...
computing neighbors (44000 / 64798)...
computing neighbors (45000 / 64798)...
computing neighbors (46000 / 64798)...
computing neighbors (47000 / 64798)...
computing neighbors (48000 / 64798)...
computing neighbors (49000 / 64798)...
computing neighbors (50000 / 64798)...
computing neighbors (51000 / 64798)...
computing neighbors (52000 / 64798)...
computing neighbors (53000 / 64798)...
computing neighbors (54000 / 64798)...
computing neighbors (55000 / 64798)...
computing neighbors (56000 / 64798)...
computing neighbors (57000 / 64798)...
computing neighbors (58000 / 64798)...
computing neighbors (59000 / 64798)...
computing neighbors (60000 / 64798)...
computing neighbors (61000 / 64798)...
computing neighbors (62000 / 64798)...
computing neighbors (63000 / 64798)...
computing neighbors (64000 / 64798)...
colored 1000 / 64798...
colored 2000 / 64798...
colored 3000 / 64798...
colored 4000 / 64798...
colored 5000 / 64798...
colored 6000 / 64798...
colored 7000 / 64798...
colored 8000 / 64798...
colored 9000 / 64798...
colored 10000 / 64798...
colored 11000 / 64798...
colored 12000 / 64798...
colored 13000 / 64798...
colored 14000 / 64798...
colored 15000 / 64798...
colored 16000 / 64798...
colored 17000 / 64798...
colored 18000 / 64798...
colored 19000 / 64798...
colored 20000 / 64798...
colored 21000 / 64798...
colored 22000 / 64798...
colored 23000 / 64798...
colored 24000 / 64798...
colored 25000 / 64798...
colored 26000 / 64798...
colored 27000 / 64798...
colored 28000 / 64798...
colored 29000 / 64798...
colored 30000 / 64798...
colored 31000 / 64798...
colored 32000 / 64798...
colored 33000 / 64798...
colored 34000 / 64798...
colored 35000 / 64798...
colored 36000 / 64798...
colored 37000 / 64798...
colored 38000 / 64798...
colored 39000 / 64798...
colored 40000 / 64798...
colored 41000 / 64798...
colored 42000 / 64798...
colored 43000 / 64798...
colored 44000 / 64798...
colored 45000 / 64798...
colored 46000 / 64798...
colored 47000 / 64798...
colored 48000 / 64798...
colored 49000 / 64798...
colored 50000 / 64798...
colored 51000 / 64798...
colored 52000 / 64798...
colored 53000 / 64798...
colored 54000 / 64798...
colored 55000 / 64798...
colored 56000 / 64798...
colored 57000 / 64798...
colored 58000 / 64798...
colored 59000 / 64798...
colored 60000 / 64798...
colored 61000 / 64798...
colored 62000 / 64798...
colored 63000 / 64798...
colored 64000 / 64798...
greedy found 488 colors in 148.826 seconds
 time (s)      nb nodes       objective      
---------------------------------------------
  25.862                      488            
  29.980       2.6 M          487            
  32.627       3.6 M          486            
  35.073       4.2 M          485            
  37.028       4.6 M          484            
  39.819       4.9 M          483            
  42.914       5.1 M          482            
  46.006       5.2 M          481            
  50.099       5.4 M          480            
  53.552       5.5 M          479            
  59.885       5.6 M          478            
  67.989       5.7 M          477            
  75.308       5.7 M          476            
  85.525       5.7 M          475            
  93.543       5.8 M          474            
  105.518      5.8 M          473            
  118.640      5.9 M          472            
  131.933      5.9 M          471            
  151.157      5.9 M          470            
  167.990      5.9 M          469            
  182.621      6.0 M          468            
  190.089      6.0 M          467            
  212.221      6.0 M          466            
  227.139      6.0 M          465            
  257.535      6.1 M          464            
  280.064      6.1 M          463            
  298.091      6.1 M          462            
  323.783      6.2 M          461            
  335.738      6.2 M          460            
  344.574      6.2 M          459            
  356.634      6.3 M          458            
  369.573      6.3 M          457            
  383.025      6.3 M          456            
  400.976      6.3 M          455            
  427.803      6.3 M          454            
  437.404      6.4 M          453            
  462.246      6.4 M          452            
  480.741      6.4 M          451            
  491.888      6.4 M          450            
  500.549      6.5 M          449            
  522.013      6.5 M          448            
  544.491      6.5 M          447            
  577.648      6.5 M          446            
  623.315      6.5 M          445            
  636.090      6.6 M          444            
  663.105      6.6 M          443            
  697.880      6.6 M          442            
  741.236      6.6 M          441            
  787.819      6.7 M          440            
  814.615      6.7 M          439            
  842.418      6.7 M          438            
  863.645      6.7 M          437            
  881.830      6.8 M          436            
  919.664      6.8 M          435            
  935.415      6.8 M          434            
  991.837      6.8 M          433            
  1041.544     6.9 M          432            
  1072.388     6.9 M          431            
  1129.930     6.9 M          430            
  1185.813     6.9 M          429            
  1263.909     7.0 M          428            
  1341.822     7.0 M          427            
  1438.443     7.1 M          426            
  1509.263     7.1 M          425            
  1578.274     7.1 M          424            
  1662.588     7.2 M          423            
  1856.891     7.3 M          422            
  1931.049     7.3 M          421            
  2047.597     7.4 M          420            
  2166.867     7.4 M          419            
  2256.017     7.5 M          418            
  2494.259     7.5 M          417            
  2708.143     7.6 M          416            
  3115.069     7.8 M          415            
  3448.717     7.9 M          414            
  3827.171     8.1 M          413            
  4305.429     8.3 M          412            
  4613.628     8.4 M          411            
  5107.530     8.6 M          410            
  6380.911     9.1 M          409            
  6936.950     9.3 M          408            
  8279.317     9.8 M          407            
  10124.387    10.4 M         406            
  13403.844    11.5 M         405            
  18289.980    13.4 M         404            
  19778.557    13.9 M         403            
  25058.590    15.7 M         402            
  32739.793    18.4 M         401            
  55574.730    25.7 M         400            
