printing solutions in: ./dogs-color/insts/cgshop22/reecn23945.instance.json.solution.json
printing perfs in: ./dogs-color/insts/cgshop22/reecn23945.instance.json.perf.json

CGSHOP Instance: compute neighbors...
computing neighbors (0 / 23945)...
computing neighbors (1000 / 23945)...
computing neighbors (2000 / 23945)...
computing neighbors (3000 / 23945)...
computing neighbors (4000 / 23945)...
computing neighbors (5000 / 23945)...
computing neighbors (6000 / 23945)...
computing neighbors (7000 / 23945)...
computing neighbors (8000 / 23945)...
computing neighbors (9000 / 23945)...
computing neighbors (10000 / 23945)...
computing neighbors (11000 / 23945)...
computing neighbors (12000 / 23945)...
computing neighbors (13000 / 23945)...
computing neighbors (14000 / 23945)...
computing neighbors (15000 / 23945)...
computing neighbors (16000 / 23945)...
computing neighbors (17000 / 23945)...
computing neighbors (18000 / 23945)...
computing neighbors (19000 / 23945)...
computing neighbors (20000 / 23945)...
computing neighbors (21000 / 23945)...
computing neighbors (22000 / 23945)...
computing neighbors (23000 / 23945)...
33654      vertices
23945      segments
223        dominations
=======================
CGSHOP Instance: compute neighbors...
computing neighbors (0 / 23945)...
computing neighbors (1000 / 23945)...
computing neighbors (2000 / 23945)...
computing neighbors (3000 / 23945)...
computing neighbors (4000 / 23945)...
computing neighbors (5000 / 23945)...
computing neighbors (6000 / 23945)...
computing neighbors (7000 / 23945)...
computing neighbors (8000 / 23945)...
computing neighbors (9000 / 23945)...
computing neighbors (10000 / 23945)...
computing neighbors (11000 / 23945)...
computing neighbors (12000 / 23945)...
computing neighbors (13000 / 23945)...
computing neighbors (14000 / 23945)...
computing neighbors (15000 / 23945)...
computing neighbors (16000 / 23945)...
computing neighbors (17000 / 23945)...
computing neighbors (18000 / 23945)...
computing neighbors (19000 / 23945)...
computing neighbors (20000 / 23945)...
computing neighbors (21000 / 23945)...
computing neighbors (22000 / 23945)...
computing neighbors (23000 / 23945)...
colored 1000 / 23945...
colored 2000 / 23945...
colored 3000 / 23945...
colored 4000 / 23945...
colored 5000 / 23945...
colored 6000 / 23945...
colored 7000 / 23945...
colored 8000 / 23945...
colored 9000 / 23945...
colored 10000 / 23945...
colored 11000 / 23945...
colored 12000 / 23945...
colored 13000 / 23945...
colored 14000 / 23945...
colored 15000 / 23945...
colored 16000 / 23945...
colored 17000 / 23945...
colored 18000 / 23945...
colored 19000 / 23945...
colored 20000 / 23945...
colored 21000 / 23945...
colored 22000 / 23945...
colored 23000 / 23945...
greedy found 230 colors in 7.780 seconds
 time (s)      nb nodes       objective      
---------------------------------------------
  2.861                       230            
  3.414        479.0 k        229            
  3.760        685.5 k        228            
  4.080        825.8 k        227            
  4.628        891.3 k        226            
  5.385        934.5 k        225            
  5.954        965.4 k        224            
  7.312        993.8 k        223            
  8.687        1.0 M          222            
  11.170       1.0 M          221            
  13.168       1.1 M          220            
  15.214       1.1 M          219            
  18.976       1.1 M          218            
  22.411       1.1 M          217            
  26.035       1.1 M          216            
  30.903       1.1 M          215            
  33.684       1.2 M          214            
  40.974       1.2 M          213            
  44.901       1.2 M          212            
  47.470       1.2 M          211            
  54.589       1.2 M          210            
  58.561       1.2 M          209            
  69.379       1.3 M          208            
  77.823       1.3 M          207            
  92.851       1.4 M          206            
  125.622      1.4 M          205            
  159.786      1.5 M          204            
  220.670      1.7 M          203            
  678.044      3.1 M          202            
  9114.521     27.3 M         201            
