printing solutions in: ./dogs-color/insts/cgshop22/visp60660.instance.json.solution.json
printing perfs in: ./dogs-color/insts/cgshop22/visp60660.instance.json.perf.json

CGSHOP Instance: compute neighbors...
computing neighbors (0 / 60660)...
computing neighbors (1000 / 60660)...
computing neighbors (2000 / 60660)...
computing neighbors (3000 / 60660)...
computing neighbors (4000 / 60660)...
computing neighbors (5000 / 60660)...
computing neighbors (6000 / 60660)...
computing neighbors (7000 / 60660)...
computing neighbors (8000 / 60660)...
computing neighbors (9000 / 60660)...
computing neighbors (10000 / 60660)...
computing neighbors (11000 / 60660)...
computing neighbors (12000 / 60660)...
computing neighbors (13000 / 60660)...
computing neighbors (14000 / 60660)...
computing neighbors (15000 / 60660)...
computing neighbors (16000 / 60660)...
computing neighbors (17000 / 60660)...
computing neighbors (18000 / 60660)...
computing neighbors (19000 / 60660)...
computing neighbors (20000 / 60660)...
computing neighbors (21000 / 60660)...
computing neighbors (22000 / 60660)...
computing neighbors (23000 / 60660)...
computing neighbors (24000 / 60660)...
computing neighbors (25000 / 60660)...
computing neighbors (26000 / 60660)...
computing neighbors (27000 / 60660)...
computing neighbors (28000 / 60660)...
computing neighbors (29000 / 60660)...
computing neighbors (30000 / 60660)...
computing neighbors (31000 / 60660)...
computing neighbors (32000 / 60660)...
computing neighbors (33000 / 60660)...
computing neighbors (34000 / 60660)...
computing neighbors (35000 / 60660)...
computing neighbors (36000 / 60660)...
computing neighbors (37000 / 60660)...
computing neighbors (38000 / 60660)...
computing neighbors (39000 / 60660)...
computing neighbors (40000 / 60660)...
computing neighbors (41000 / 60660)...
computing neighbors (42000 / 60660)...
computing neighbors (43000 / 60660)...
computing neighbors (44000 / 60660)...
computing neighbors (45000 / 60660)...
computing neighbors (46000 / 60660)...
computing neighbors (47000 / 60660)...
computing neighbors (48000 / 60660)...
computing neighbors (49000 / 60660)...
computing neighbors (50000 / 60660)...
computing neighbors (51000 / 60660)...
computing neighbors (52000 / 60660)...
computing neighbors (53000 / 60660)...
computing neighbors (54000 / 60660)...
computing neighbors (55000 / 60660)...
computing neighbors (56000 / 60660)...
computing neighbors (57000 / 60660)...
computing neighbors (58000 / 60660)...
computing neighbors (59000 / 60660)...
computing neighbors (60000 / 60660)...
1427       vertices
60660      segments
29078      dominations
=======================
CGSHOP Instance: compute neighbors...
computing neighbors (0 / 60660)...
computing neighbors (1000 / 60660)...
computing neighbors (2000 / 60660)...
computing neighbors (3000 / 60660)...
computing neighbors (4000 / 60660)...
computing neighbors (5000 / 60660)...
computing neighbors (6000 / 60660)...
computing neighbors (7000 / 60660)...
computing neighbors (8000 / 60660)...
computing neighbors (9000 / 60660)...
computing neighbors (10000 / 60660)...
computing neighbors (11000 / 60660)...
computing neighbors (12000 / 60660)...
computing neighbors (13000 / 60660)...
computing neighbors (14000 / 60660)...
computing neighbors (15000 / 60660)...
computing neighbors (16000 / 60660)...
computing neighbors (17000 / 60660)...
computing neighbors (18000 / 60660)...
computing neighbors (19000 / 60660)...
computing neighbors (20000 / 60660)...
computing neighbors (21000 / 60660)...
computing neighbors (22000 / 60660)...
computing neighbors (23000 / 60660)...
computing neighbors (24000 / 60660)...
computing neighbors (25000 / 60660)...
computing neighbors (26000 / 60660)...
computing neighbors (27000 / 60660)...
computing neighbors (28000 / 60660)...
computing neighbors (29000 / 60660)...
computing neighbors (30000 / 60660)...
computing neighbors (31000 / 60660)...
computing neighbors (32000 / 60660)...
computing neighbors (33000 / 60660)...
computing neighbors (34000 / 60660)...
computing neighbors (35000 / 60660)...
computing neighbors (36000 / 60660)...
computing neighbors (37000 / 60660)...
computing neighbors (38000 / 60660)...
computing neighbors (39000 / 60660)...
computing neighbors (40000 / 60660)...
computing neighbors (41000 / 60660)...
computing neighbors (42000 / 60660)...
computing neighbors (43000 / 60660)...
computing neighbors (44000 / 60660)...
computing neighbors (45000 / 60660)...
computing neighbors (46000 / 60660)...
computing neighbors (47000 / 60660)...
computing neighbors (48000 / 60660)...
computing neighbors (49000 / 60660)...
computing neighbors (50000 / 60660)...
computing neighbors (51000 / 60660)...
computing neighbors (52000 / 60660)...
computing neighbors (53000 / 60660)...
computing neighbors (54000 / 60660)...
computing neighbors (55000 / 60660)...
computing neighbors (56000 / 60660)...
computing neighbors (57000 / 60660)...
computing neighbors (58000 / 60660)...
computing neighbors (59000 / 60660)...
computing neighbors (60000 / 60660)...
colored 1000 / 60660...
colored 2000 / 60660...
colored 3000 / 60660...
colored 4000 / 60660...
colored 5000 / 60660...
colored 6000 / 60660...
colored 7000 / 60660...
colored 8000 / 60660...
colored 9000 / 60660...
colored 10000 / 60660...
colored 11000 / 60660...
colored 12000 / 60660...
colored 13000 / 60660...
colored 14000 / 60660...
colored 15000 / 60660...
colored 16000 / 60660...
colored 17000 / 60660...
colored 18000 / 60660...
colored 19000 / 60660...
colored 20000 / 60660...
colored 21000 / 60660...
colored 22000 / 60660...
colored 23000 / 60660...
colored 24000 / 60660...
colored 25000 / 60660...
colored 26000 / 60660...
colored 27000 / 60660...
colored 28000 / 60660...
colored 29000 / 60660...
colored 30000 / 60660...
colored 31000 / 60660...
colored 32000 / 60660...
colored 33000 / 60660...
colored 34000 / 60660...
colored 35000 / 60660...
colored 36000 / 60660...
colored 37000 / 60660...
colored 38000 / 60660...
colored 39000 / 60660...
colored 40000 / 60660...
colored 41000 / 60660...
colored 42000 / 60660...
colored 43000 / 60660...
colored 44000 / 60660...
colored 45000 / 60660...
colored 46000 / 60660...
colored 47000 / 60660...
colored 48000 / 60660...
colored 49000 / 60660...
colored 50000 / 60660...
colored 51000 / 60660...
colored 52000 / 60660...
colored 53000 / 60660...
colored 54000 / 60660...
colored 55000 / 60660...
colored 56000 / 60660...
colored 57000 / 60660...
colored 58000 / 60660...
colored 59000 / 60660...
colored 60000 / 60660...
greedy found 131 colors in 26.745 seconds
 time (s)      nb nodes       objective      
---------------------------------------------
  11.952                      131            
  245.394      463.6 M        130            
  360.360      618.9 M        129            
  449.846      706.1 M        128            
  518.958      757.0 M        127            
  581.415      798.6 M        126            
  634.421      821.7 M        125            
  690.729      843.3 M        124            
  741.949      861.7 M        123            
  786.416      872.5 M        122            
  829.057      881.3 M        121            
  862.483      888.4 M        120            
  894.864      893.2 M        119            
  938.647      898.3 M        118            
  969.495      901.7 M        117            
  1001.542     905.4 M        116            
  1050.360     908.0 M        115            
  1143.025     909.7 M        114            
  1194.179     911.6 M        113            
  1262.858     912.8 M        112            
  1835.567     914.7 M        111            
  2018.374     915.7 M        110            
  4487.499     919.2 M        109            
  13429.252    931.4 M        108            
