printing solutions in: ./dogs-color/insts/cgshop22/vispecn63113.instance.json.solution.json
printing perfs in: ./dogs-color/insts/cgshop22/vispecn63113.instance.json.perf.json

CGSHOP Instance: compute neighbors...
computing neighbors (0 / 63113)...
computing neighbors (1000 / 63113)...
computing neighbors (2000 / 63113)...
computing neighbors (3000 / 63113)...
computing neighbors (4000 / 63113)...
computing neighbors (5000 / 63113)...
computing neighbors (6000 / 63113)...
computing neighbors (7000 / 63113)...
computing neighbors (8000 / 63113)...
computing neighbors (9000 / 63113)...
computing neighbors (10000 / 63113)...
computing neighbors (11000 / 63113)...
computing neighbors (12000 / 63113)...
computing neighbors (13000 / 63113)...
computing neighbors (14000 / 63113)...
computing neighbors (15000 / 63113)...
computing neighbors (16000 / 63113)...
computing neighbors (17000 / 63113)...
computing neighbors (18000 / 63113)...
computing neighbors (19000 / 63113)...
computing neighbors (20000 / 63113)...
computing neighbors (21000 / 63113)...
computing neighbors (22000 / 63113)...
computing neighbors (23000 / 63113)...
computing neighbors (24000 / 63113)...
computing neighbors (25000 / 63113)...
computing neighbors (26000 / 63113)...
computing neighbors (27000 / 63113)...
computing neighbors (28000 / 63113)...
computing neighbors (29000 / 63113)...
computing neighbors (30000 / 63113)...
computing neighbors (31000 / 63113)...
computing neighbors (32000 / 63113)...
computing neighbors (33000 / 63113)...
computing neighbors (34000 / 63113)...
computing neighbors (35000 / 63113)...
computing neighbors (36000 / 63113)...
computing neighbors (37000 / 63113)...
computing neighbors (38000 / 63113)...
computing neighbors (39000 / 63113)...
computing neighbors (40000 / 63113)...
computing neighbors (41000 / 63113)...
computing neighbors (42000 / 63113)...
computing neighbors (43000 / 63113)...
computing neighbors (44000 / 63113)...
computing neighbors (45000 / 63113)...
computing neighbors (46000 / 63113)...
computing neighbors (47000 / 63113)...
computing neighbors (48000 / 63113)...
computing neighbors (49000 / 63113)...
computing neighbors (50000 / 63113)...
computing neighbors (51000 / 63113)...
computing neighbors (52000 / 63113)...
computing neighbors (53000 / 63113)...
computing neighbors (54000 / 63113)...
computing neighbors (55000 / 63113)...
computing neighbors (56000 / 63113)...
computing neighbors (57000 / 63113)...
computing neighbors (58000 / 63113)...
computing neighbors (59000 / 63113)...
computing neighbors (60000 / 63113)...
computing neighbors (61000 / 63113)...
computing neighbors (62000 / 63113)...
computing neighbors (63000 / 63113)...
88418      vertices
63113      segments
410        dominations
=======================
CGSHOP Instance: compute neighbors...
computing neighbors (0 / 63113)...
computing neighbors (1000 / 63113)...
computing neighbors (2000 / 63113)...
computing neighbors (3000 / 63113)...
computing neighbors (4000 / 63113)...
computing neighbors (5000 / 63113)...
computing neighbors (6000 / 63113)...
computing neighbors (7000 / 63113)...
computing neighbors (8000 / 63113)...
computing neighbors (9000 / 63113)...
computing neighbors (10000 / 63113)...
computing neighbors (11000 / 63113)...
computing neighbors (12000 / 63113)...
computing neighbors (13000 / 63113)...
computing neighbors (14000 / 63113)...
computing neighbors (15000 / 63113)...
computing neighbors (16000 / 63113)...
computing neighbors (17000 / 63113)...
computing neighbors (18000 / 63113)...
computing neighbors (19000 / 63113)...
computing neighbors (20000 / 63113)...
computing neighbors (21000 / 63113)...
computing neighbors (22000 / 63113)...
computing neighbors (23000 / 63113)...
computing neighbors (24000 / 63113)...
computing neighbors (25000 / 63113)...
computing neighbors (26000 / 63113)...
computing neighbors (27000 / 63113)...
computing neighbors (28000 / 63113)...
computing neighbors (29000 / 63113)...
computing neighbors (30000 / 63113)...
computing neighbors (31000 / 63113)...
computing neighbors (32000 / 63113)...
computing neighbors (33000 / 63113)...
computing neighbors (34000 / 63113)...
computing neighbors (35000 / 63113)...
computing neighbors (36000 / 63113)...
computing neighbors (37000 / 63113)...
computing neighbors (38000 / 63113)...
computing neighbors (39000 / 63113)...
computing neighbors (40000 / 63113)...
computing neighbors (41000 / 63113)...
computing neighbors (42000 / 63113)...
computing neighbors (43000 / 63113)...
computing neighbors (44000 / 63113)...
computing neighbors (45000 / 63113)...
computing neighbors (46000 / 63113)...
computing neighbors (47000 / 63113)...
computing neighbors (48000 / 63113)...
computing neighbors (49000 / 63113)...
computing neighbors (50000 / 63113)...
computing neighbors (51000 / 63113)...
computing neighbors (52000 / 63113)...
computing neighbors (53000 / 63113)...
computing neighbors (54000 / 63113)...
computing neighbors (55000 / 63113)...
computing neighbors (56000 / 63113)...
computing neighbors (57000 / 63113)...
computing neighbors (58000 / 63113)...
computing neighbors (59000 / 63113)...
computing neighbors (60000 / 63113)...
computing neighbors (61000 / 63113)...
computing neighbors (62000 / 63113)...
computing neighbors (63000 / 63113)...
colored 1000 / 63113...
colored 2000 / 63113...
colored 3000 / 63113...
colored 4000 / 63113...
colored 5000 / 63113...
colored 6000 / 63113...
colored 7000 / 63113...
colored 8000 / 63113...
colored 9000 / 63113...
colored 10000 / 63113...
colored 11000 / 63113...
colored 12000 / 63113...
colored 13000 / 63113...
colored 14000 / 63113...
colored 15000 / 63113...
colored 16000 / 63113...
colored 17000 / 63113...
colored 18000 / 63113...
colored 19000 / 63113...
colored 20000 / 63113...
colored 21000 / 63113...
colored 22000 / 63113...
colored 23000 / 63113...
colored 24000 / 63113...
colored 25000 / 63113...
colored 26000 / 63113...
colored 27000 / 63113...
colored 28000 / 63113...
colored 29000 / 63113...
colored 30000 / 63113...
colored 31000 / 63113...
colored 32000 / 63113...
colored 33000 / 63113...
colored 34000 / 63113...
colored 35000 / 63113...
colored 36000 / 63113...
colored 37000 / 63113...
colored 38000 / 63113...
colored 39000 / 63113...
colored 40000 / 63113...
colored 41000 / 63113...
colored 42000 / 63113...
colored 43000 / 63113...
colored 44000 / 63113...
colored 45000 / 63113...
colored 46000 / 63113...
colored 47000 / 63113...
colored 48000 / 63113...
colored 49000 / 63113...
colored 50000 / 63113...
colored 51000 / 63113...
colored 52000 / 63113...
colored 53000 / 63113...
colored 54000 / 63113...
colored 55000 / 63113...
colored 56000 / 63113...
colored 57000 / 63113...
colored 58000 / 63113...
colored 59000 / 63113...
colored 60000 / 63113...
colored 61000 / 63113...
colored 62000 / 63113...
colored 63000 / 63113...
greedy found 446 colors in 64.419 seconds
 time (s)      nb nodes       objective      
---------------------------------------------
  15.360                      446            
  24.671       27.4 M         445            
  33.180       48.3 M         444            
  41.034       67.7 M         443            
  47.490       81.0 M         442            
  53.679       95.2 M         441            
  59.758       109.2 M        440            
  65.937       119.2 M        439            
  73.023       129.4 M        438            
  78.845       137.8 M        437            
  84.210       145.7 M        436            
  89.583       154.1 M        435            
  95.102       158.8 M        434            
  100.664      164.3 M        433            
  105.714      170.0 M        432            
  111.425      175.6 M        431            
  116.065      180.1 M        430            
  120.549      185.6 M        429            
  125.162      189.8 M        428            
  130.754      192.6 M        427            
  136.024      195.2 M        426            
  140.360      200.1 M        425            
  144.294      204.3 M        424            
  148.728      206.8 M        423            
  153.344      209.1 M        422            
  157.450      211.4 M        421            
  161.155      214.7 M        420            
  165.799      217.4 M        419            
  169.912      219.9 M        418            
  175.321      221.4 M        417            
  180.188      223.3 M        416            
  185.055      224.9 M        415            
  188.693      227.6 M        414            
  193.063      229.7 M        413            
  197.268      230.9 M        412            
  201.503      232.2 M        411            
  205.223      234.3 M        410            
  208.802      235.5 M        409            
  211.738      237.6 M        408            
  216.163      238.7 M        407            
  220.182      240.2 M        406            
  223.060      242.3 M        405            
  227.014      243.2 M        404            
  230.249      244.7 M        403            
  234.659      245.4 M        402            
  238.231      246.2 M        401            
  242.620      246.9 M        400            
  246.092      247.4 M        399            
  249.343      248.5 M        398            
  253.725      249.1 M        397            
  257.228      249.9 M        396            
  260.884      250.6 M        395            
  265.323      251.0 M        394            
  269.665      251.7 M        393            
  273.318      252.3 M        392            
  277.877      252.7 M        391            
  282.262      253.1 M        390            
  286.689      253.6 M        389            
  290.805      254.1 M        388            
  294.554      254.4 M        387            
  297.793      254.7 M        386            
  301.148      255.2 M        385            
  303.315      255.5 M        384            
  306.598      255.9 M        383            
  310.055      256.4 M        382            
  314.500      256.6 M        381            
  318.318      256.9 M        380            
  321.161      257.1 M        379            
  324.189      257.3 M        378            
  328.133      257.6 M        377            
  332.433      257.8 M        376            
  336.506      257.8 M        375            
  339.571      258.0 M        374            
  341.736      258.2 M        373            
  344.884      258.3 M        372            
  348.210      258.5 M        371            
  351.653      258.6 M        370            
  355.873      258.7 M        369            
  360.678      258.9 M        368            
  364.158      259.1 M        367            
  368.773      259.2 M        366            
  374.133      259.3 M        365            
  380.115      259.4 M        364            
  383.593      259.5 M        363            
  387.577      259.6 M        362            
  393.382      259.7 M        361            
  400.358      259.7 M        360            
  405.158      259.9 M        359            
  409.465      259.9 M        358            
  414.566      260.0 M        357            
  420.591      260.0 M        356            
  424.025      260.1 M        355            
  429.078      260.1 M        354            
  436.247      260.2 M        353            
  440.935      260.3 M        352            
  445.914      260.4 M        351            
  449.557      260.5 M        350            
  454.173      260.6 M        349            
  459.290      260.6 M        348            
  465.357      260.7 M        347            
  471.594      260.8 M        346            
  476.911      260.9 M        345            
  485.248      260.9 M        344            
  494.036      260.9 M        343            
  505.056      261.0 M        342            
  513.919      261.0 M        341            
  526.281      261.1 M        340            
  541.121      261.2 M        339            
  553.376      261.2 M        338            
  580.268      261.3 M        337            
  599.079      261.4 M        336            
  614.297      261.5 M        335            
  632.602      261.5 M        334            
  650.945      261.6 M        333            
  678.955      261.7 M        332            
  690.315      261.8 M        331            
  708.903      261.8 M        330            
  736.701      261.9 M        329            
  761.857      262.0 M        328            
  794.965      262.1 M        327            
  839.055      262.2 M        326            
  878.077      262.3 M        325            
  909.347      262.4 M        324            
  943.729      262.5 M        323            
  976.424      262.6 M        322            
  1063.170     262.7 M        321            
  1117.529     262.8 M        320            
  1553.111     263.6 M        319            
  1619.978     263.7 M        318            
  1828.556     264.0 M        317            
  1896.624     264.1 M        316            
  2096.185     264.5 M        315            
  2244.889     264.8 M        314            
  2508.685     265.2 M        313            
  4788.652     267.9 M        312            
  5677.151     269.2 M        311            
  6174.410     269.8 M        310            
  9029.371     273.7 M        309            
  10506.410    275.8 M        308            
  28321.322    298.0 M        307            
  67375.094    344.6 M        306            
