printing solutions in: ./dogs-color/insts/cgshop22/sqrpecn35230.instance.json.solution.json
printing perfs in: ./dogs-color/insts/cgshop22/sqrpecn35230.instance.json.perf.json

CGSHOP Instance: compute neighbors...
computing neighbors (0 / 35230)...
computing neighbors (1000 / 35230)...
computing neighbors (2000 / 35230)...
computing neighbors (3000 / 35230)...
computing neighbors (4000 / 35230)...
computing neighbors (5000 / 35230)...
computing neighbors (6000 / 35230)...
computing neighbors (7000 / 35230)...
computing neighbors (8000 / 35230)...
computing neighbors (9000 / 35230)...
computing neighbors (10000 / 35230)...
computing neighbors (11000 / 35230)...
computing neighbors (12000 / 35230)...
computing neighbors (13000 / 35230)...
computing neighbors (14000 / 35230)...
computing neighbors (15000 / 35230)...
computing neighbors (16000 / 35230)...
computing neighbors (17000 / 35230)...
computing neighbors (18000 / 35230)...
computing neighbors (19000 / 35230)...
computing neighbors (20000 / 35230)...
computing neighbors (21000 / 35230)...
computing neighbors (22000 / 35230)...
computing neighbors (23000 / 35230)...
computing neighbors (24000 / 35230)...
computing neighbors (25000 / 35230)...
computing neighbors (26000 / 35230)...
computing neighbors (27000 / 35230)...
computing neighbors (28000 / 35230)...
computing neighbors (29000 / 35230)...
computing neighbors (30000 / 35230)...
computing neighbors (31000 / 35230)...
computing neighbors (32000 / 35230)...
computing neighbors (33000 / 35230)...
computing neighbors (34000 / 35230)...
computing neighbors (35000 / 35230)...
52954      vertices
35230      segments
393        dominations
=======================
CGSHOP Instance: compute neighbors...
computing neighbors (0 / 35230)...
computing neighbors (1000 / 35230)...
computing neighbors (2000 / 35230)...
computing neighbors (3000 / 35230)...
computing neighbors (4000 / 35230)...
computing neighbors (5000 / 35230)...
computing neighbors (6000 / 35230)...
computing neighbors (7000 / 35230)...
computing neighbors (8000 / 35230)...
computing neighbors (9000 / 35230)...
computing neighbors (10000 / 35230)...
computing neighbors (11000 / 35230)...
computing neighbors (12000 / 35230)...
computing neighbors (13000 / 35230)...
computing neighbors (14000 / 35230)...
computing neighbors (15000 / 35230)...
computing neighbors (16000 / 35230)...
computing neighbors (17000 / 35230)...
computing neighbors (18000 / 35230)...
computing neighbors (19000 / 35230)...
computing neighbors (20000 / 35230)...
computing neighbors (21000 / 35230)...
computing neighbors (22000 / 35230)...
computing neighbors (23000 / 35230)...
computing neighbors (24000 / 35230)...
computing neighbors (25000 / 35230)...
computing neighbors (26000 / 35230)...
computing neighbors (27000 / 35230)...
computing neighbors (28000 / 35230)...
computing neighbors (29000 / 35230)...
computing neighbors (30000 / 35230)...
computing neighbors (31000 / 35230)...
computing neighbors (32000 / 35230)...
computing neighbors (33000 / 35230)...
computing neighbors (34000 / 35230)...
computing neighbors (35000 / 35230)...
colored 1000 / 35230...
colored 2000 / 35230...
colored 3000 / 35230...
colored 4000 / 35230...
colored 5000 / 35230...
colored 6000 / 35230...
colored 7000 / 35230...
colored 8000 / 35230...
colored 9000 / 35230...
colored 10000 / 35230...
colored 11000 / 35230...
colored 12000 / 35230...
colored 13000 / 35230...
colored 14000 / 35230...
colored 15000 / 35230...
colored 16000 / 35230...
colored 17000 / 35230...
colored 18000 / 35230...
colored 19000 / 35230...
colored 20000 / 35230...
colored 21000 / 35230...
colored 22000 / 35230...
colored 23000 / 35230...
colored 24000 / 35230...
colored 25000 / 35230...
colored 26000 / 35230...
colored 27000 / 35230...
colored 28000 / 35230...
colored 29000 / 35230...
colored 30000 / 35230...
colored 31000 / 35230...
colored 32000 / 35230...
colored 33000 / 35230...
colored 34000 / 35230...
colored 35000 / 35230...
greedy found 493 colors in 34.200 seconds
 time (s)      nb nodes       objective      
---------------------------------------------
  7.753                       493            
  8.584        1.6 M          492            
  10.110       2.3 M          491            
  10.457       2.6 M          490            
  10.802       2.8 M          489            
  11.398       2.9 M          488            
  11.889       3.0 M          487            
  12.681       3.1 M          486            
  13.377       3.2 M          485            
  16.033       3.2 M          484            
  16.859       3.3 M          483            
  17.649       3.3 M          482            
  18.833       3.3 M          481            
  20.179       3.4 M          480            
  22.183       3.4 M          479            
  24.030       3.4 M          478            
  27.762       3.4 M          477            
  30.820       3.5 M          476            
  34.798       3.5 M          475            
  39.370       3.5 M          474            
  43.601       3.5 M          473            
  47.216       3.5 M          472            
  47.992       3.6 M          471            
  52.174       3.6 M          470            
  55.618       3.6 M          469            
  61.819       3.6 M          468            
  70.750       3.7 M          467            
  71.768       3.7 M          466            
  82.914       3.7 M          465            
  86.449       3.7 M          464            
  92.929       3.7 M          463            
  94.981       3.8 M          462            
  96.386       3.8 M          461            
  104.205      3.8 M          460            
  104.976      3.8 M          459            
  111.875      3.8 M          458            
  118.151      3.8 M          457            
  132.640      3.9 M          456            
  143.201      3.9 M          455            
  159.426      3.9 M          454            
  165.151      4.0 M          453            
  177.287      4.0 M          452            
  213.489      4.0 M          451            
  218.781      4.1 M          450            
  222.185      4.1 M          449            
  227.740      4.1 M          448            
  245.562      4.1 M          447            
  273.327      4.2 M          446            
  281.313      4.2 M          445            
  307.646      4.2 M          444            
  325.579      4.2 M          443            
  364.838      4.3 M          442            
  383.629      4.3 M          441            
  404.970      4.4 M          440            
  481.874      4.5 M          439            
  610.193      4.6 M          438            
  706.430      4.7 M          437            
  964.814      5.0 M          436            
  1203.491     5.3 M          435            
  1928.137     5.9 M          434            
  2420.348     6.4 M          433            
  4646.922     8.3 M          432            
  10108.389    13.2 M         431            
  58394.738    50.3 M         430            
