printing solutions in: ./dogs-color/insts/cgshop22/rsqrp4637.instance.json.solution.json
printing perfs in: ./dogs-color/insts/cgshop22/rsqrp4637.instance.json.perf.json

CGSHOP Instance: compute neighbors...
computing neighbors (0 / 4637)...
computing neighbors (1000 / 4637)...
computing neighbors (2000 / 4637)...
computing neighbors (3000 / 4637)...
computing neighbors (4000 / 4637)...
234        vertices
4637       segments
658        dominations
=======================
CGSHOP Instance: compute neighbors...
computing neighbors (0 / 4637)...
computing neighbors (1000 / 4637)...
computing neighbors (2000 / 4637)...
computing neighbors (3000 / 4637)...
computing neighbors (4000 / 4637)...
colored 1000 / 4637...
colored 2000 / 4637...
colored 3000 / 4637...
colored 4000 / 4637...
greedy found 81 colors in 0.380 seconds
 time (s)      nb nodes       objective      
---------------------------------------------
  0.137                       81             
  0.175        32.1 k         80             
  0.198        45.3 k         79             
  0.310        53.7 k         78             
  0.685        64.1 k         77             
  2.152        85.4 k         76             
  2.601        93.4 k         75             
  36.394       515.2 k        74             
