printing solutions in: ./dogs-color/insts/cgshop22/sqrpecn58790.instance.json.solution.json
printing perfs in: ./dogs-color/insts/cgshop22/sqrpecn58790.instance.json.perf.json

CGSHOP Instance: compute neighbors...
computing neighbors (0 / 58790)...
computing neighbors (1000 / 58790)...
computing neighbors (2000 / 58790)...
computing neighbors (3000 / 58790)...
computing neighbors (4000 / 58790)...
computing neighbors (5000 / 58790)...
computing neighbors (6000 / 58790)...
computing neighbors (7000 / 58790)...
computing neighbors (8000 / 58790)...
computing neighbors (9000 / 58790)...
computing neighbors (10000 / 58790)...
computing neighbors (11000 / 58790)...
computing neighbors (12000 / 58790)...
computing neighbors (13000 / 58790)...
computing neighbors (14000 / 58790)...
computing neighbors (15000 / 58790)...
computing neighbors (16000 / 58790)...
computing neighbors (17000 / 58790)...
computing neighbors (18000 / 58790)...
computing neighbors (19000 / 58790)...
computing neighbors (20000 / 58790)...
computing neighbors (21000 / 58790)...
computing neighbors (22000 / 58790)...
computing neighbors (23000 / 58790)...
computing neighbors (24000 / 58790)...
computing neighbors (25000 / 58790)...
computing neighbors (26000 / 58790)...
computing neighbors (27000 / 58790)...
computing neighbors (28000 / 58790)...
computing neighbors (29000 / 58790)...
computing neighbors (30000 / 58790)...
computing neighbors (31000 / 58790)...
computing neighbors (32000 / 58790)...
computing neighbors (33000 / 58790)...
computing neighbors (34000 / 58790)...
computing neighbors (35000 / 58790)...
computing neighbors (36000 / 58790)...
computing neighbors (37000 / 58790)...
computing neighbors (38000 / 58790)...
computing neighbors (39000 / 58790)...
computing neighbors (40000 / 58790)...
computing neighbors (41000 / 58790)...
computing neighbors (42000 / 58790)...
computing neighbors (43000 / 58790)...
computing neighbors (44000 / 58790)...
computing neighbors (45000 / 58790)...
computing neighbors (46000 / 58790)...
computing neighbors (47000 / 58790)...
computing neighbors (48000 / 58790)...
computing neighbors (49000 / 58790)...
computing neighbors (50000 / 58790)...
computing neighbors (51000 / 58790)...
computing neighbors (52000 / 58790)...
computing neighbors (53000 / 58790)...
computing neighbors (54000 / 58790)...
computing neighbors (55000 / 58790)...
computing neighbors (56000 / 58790)...
computing neighbors (57000 / 58790)...
computing neighbors (58000 / 58790)...
88172      vertices
58790      segments
533        dominations
=======================
CGSHOP Instance: compute neighbors...
computing neighbors (0 / 58790)...
computing neighbors (1000 / 58790)...
computing neighbors (2000 / 58790)...
computing neighbors (3000 / 58790)...
computing neighbors (4000 / 58790)...
computing neighbors (5000 / 58790)...
computing neighbors (6000 / 58790)...
computing neighbors (7000 / 58790)...
computing neighbors (8000 / 58790)...
computing neighbors (9000 / 58790)...
computing neighbors (10000 / 58790)...
computing neighbors (11000 / 58790)...
computing neighbors (12000 / 58790)...
computing neighbors (13000 / 58790)...
computing neighbors (14000 / 58790)...
computing neighbors (15000 / 58790)...
computing neighbors (16000 / 58790)...
computing neighbors (17000 / 58790)...
computing neighbors (18000 / 58790)...
computing neighbors (19000 / 58790)...
computing neighbors (20000 / 58790)...
computing neighbors (21000 / 58790)...
computing neighbors (22000 / 58790)...
computing neighbors (23000 / 58790)...
computing neighbors (24000 / 58790)...
computing neighbors (25000 / 58790)...
computing neighbors (26000 / 58790)...
computing neighbors (27000 / 58790)...
computing neighbors (28000 / 58790)...
computing neighbors (29000 / 58790)...
computing neighbors (30000 / 58790)...
computing neighbors (31000 / 58790)...
computing neighbors (32000 / 58790)...
computing neighbors (33000 / 58790)...
computing neighbors (34000 / 58790)...
computing neighbors (35000 / 58790)...
computing neighbors (36000 / 58790)...
computing neighbors (37000 / 58790)...
computing neighbors (38000 / 58790)...
computing neighbors (39000 / 58790)...
computing neighbors (40000 / 58790)...
computing neighbors (41000 / 58790)...
computing neighbors (42000 / 58790)...
computing neighbors (43000 / 58790)...
computing neighbors (44000 / 58790)...
computing neighbors (45000 / 58790)...
computing neighbors (46000 / 58790)...
computing neighbors (47000 / 58790)...
computing neighbors (48000 / 58790)...
computing neighbors (49000 / 58790)...
computing neighbors (50000 / 58790)...
computing neighbors (51000 / 58790)...
computing neighbors (52000 / 58790)...
computing neighbors (53000 / 58790)...
computing neighbors (54000 / 58790)...
computing neighbors (55000 / 58790)...
computing neighbors (56000 / 58790)...
computing neighbors (57000 / 58790)...
computing neighbors (58000 / 58790)...
colored 1000 / 58790...
colored 2000 / 58790...
colored 3000 / 58790...
colored 4000 / 58790...
colored 5000 / 58790...
colored 6000 / 58790...
colored 7000 / 58790...
colored 8000 / 58790...
colored 9000 / 58790...
colored 10000 / 58790...
colored 11000 / 58790...
colored 12000 / 58790...
colored 13000 / 58790...
colored 14000 / 58790...
colored 15000 / 58790...
colored 16000 / 58790...
colored 17000 / 58790...
colored 18000 / 58790...
colored 19000 / 58790...
colored 20000 / 58790...
colored 21000 / 58790...
colored 22000 / 58790...
colored 23000 / 58790...
colored 24000 / 58790...
colored 25000 / 58790...
colored 26000 / 58790...
colored 27000 / 58790...
colored 28000 / 58790...
colored 29000 / 58790...
colored 30000 / 58790...
colored 31000 / 58790...
colored 32000 / 58790...
colored 33000 / 58790...
colored 34000 / 58790...
colored 35000 / 58790...
colored 36000 / 58790...
colored 37000 / 58790...
colored 38000 / 58790...
colored 39000 / 58790...
colored 40000 / 58790...
colored 41000 / 58790...
colored 42000 / 58790...
colored 43000 / 58790...
colored 44000 / 58790...
colored 45000 / 58790...
colored 46000 / 58790...
colored 47000 / 58790...
colored 48000 / 58790...
colored 49000 / 58790...
colored 50000 / 58790...
colored 51000 / 58790...
colored 52000 / 58790...
colored 53000 / 58790...
colored 54000 / 58790...
colored 55000 / 58790...
colored 56000 / 58790...
colored 57000 / 58790...
colored 58000 / 58790...
greedy found 643 colors in 189.143 seconds
 time (s)      nb nodes       objective      
---------------------------------------------
  20.721                      643            
  23.343       4.1 M          642            
  24.833       4.9 M          641            
  25.985       5.5 M          640            
  27.107       6.1 M          639            
  28.961       6.5 M          638            
  30.428       6.7 M          637            
  34.510       6.8 M          636            
  36.556       7.0 M          635            
  39.200       7.2 M          634            
  44.390       7.3 M          633            
  50.597       7.3 M          632            
  53.499       7.4 M          631            
  58.329       7.4 M          630            
  62.521       7.5 M          629            
  70.691       7.5 M          628            
  80.730       7.5 M          627            
  91.394       7.5 M          626            
  104.227      7.6 M          625            
  119.345      7.6 M          624            
  127.526      7.7 M          623            
  149.003      7.7 M          622            
  153.993      7.7 M          621            
  160.006      7.8 M          620            
  164.055      7.8 M          619            
  175.887      7.8 M          618            
  191.596      7.9 M          617            
  193.572      7.9 M          616            
  225.824      8.0 M          615            
  235.388      8.1 M          614            
  237.906      8.1 M          613            
  249.238      8.2 M          612            
  276.165      8.2 M          611            
  291.695      8.2 M          610            
  333.386      8.3 M          609            
  385.579      8.3 M          608            
  402.747      8.4 M          607            
  420.103      8.4 M          606            
  429.832      8.4 M          605            
  434.793      8.5 M          604            
  483.639      8.5 M          603            
  496.530      8.5 M          602            
  513.310      8.6 M          601            
  569.091      8.6 M          600            
  609.361      8.7 M          599            
  621.017      8.7 M          598            
  719.215      8.7 M          597            
  723.325      8.8 M          596            
  786.846      8.8 M          595            
  832.490      8.9 M          594            
  849.026      8.9 M          593            
  879.931      8.9 M          592            
  916.557      8.9 M          591            
  1016.842     9.0 M          590            
  1204.592     9.1 M          589            
  1352.967     9.2 M          588            
  1574.404     9.2 M          587            
  1779.551     9.3 M          586            
  1965.557     9.4 M          585            
  2420.948     9.6 M          584            
  2882.581     9.8 M          583            
  3346.206     9.9 M          582            
  3877.234     10.1 M         581            
  3918.430     10.2 M         580            
  5576.176     10.7 M         579            
  9299.363     12.0 M         578            
  10714.267    12.5 M         577            
  24004.799    16.7 M         576            
