printing solutions in: ./dogs-color/insts/cgshop22/sqrpecn51856.instance.json.solution.json
printing perfs in: ./dogs-color/insts/cgshop22/sqrpecn51856.instance.json.perf.json

CGSHOP Instance: compute neighbors...
computing neighbors (0 / 51856)...
computing neighbors (1000 / 51856)...
computing neighbors (2000 / 51856)...
computing neighbors (3000 / 51856)...
computing neighbors (4000 / 51856)...
computing neighbors (5000 / 51856)...
computing neighbors (6000 / 51856)...
computing neighbors (7000 / 51856)...
computing neighbors (8000 / 51856)...
computing neighbors (9000 / 51856)...
computing neighbors (10000 / 51856)...
computing neighbors (11000 / 51856)...
computing neighbors (12000 / 51856)...
computing neighbors (13000 / 51856)...
computing neighbors (14000 / 51856)...
computing neighbors (15000 / 51856)...
computing neighbors (16000 / 51856)...
computing neighbors (17000 / 51856)...
computing neighbors (18000 / 51856)...
computing neighbors (19000 / 51856)...
computing neighbors (20000 / 51856)...
computing neighbors (21000 / 51856)...
computing neighbors (22000 / 51856)...
computing neighbors (23000 / 51856)...
computing neighbors (24000 / 51856)...
computing neighbors (25000 / 51856)...
computing neighbors (26000 / 51856)...
computing neighbors (27000 / 51856)...
computing neighbors (28000 / 51856)...
computing neighbors (29000 / 51856)...
computing neighbors (30000 / 51856)...
computing neighbors (31000 / 51856)...
computing neighbors (32000 / 51856)...
computing neighbors (33000 / 51856)...
computing neighbors (34000 / 51856)...
computing neighbors (35000 / 51856)...
computing neighbors (36000 / 51856)...
computing neighbors (37000 / 51856)...
computing neighbors (38000 / 51856)...
computing neighbors (39000 / 51856)...
computing neighbors (40000 / 51856)...
computing neighbors (41000 / 51856)...
computing neighbors (42000 / 51856)...
computing neighbors (43000 / 51856)...
computing neighbors (44000 / 51856)...
computing neighbors (45000 / 51856)...
computing neighbors (46000 / 51856)...
computing neighbors (47000 / 51856)...
computing neighbors (48000 / 51856)...
computing neighbors (49000 / 51856)...
computing neighbors (50000 / 51856)...
computing neighbors (51000 / 51856)...
77905      vertices
51856      segments
516        dominations
=======================
CGSHOP Instance: compute neighbors...
computing neighbors (0 / 51856)...
computing neighbors (1000 / 51856)...
computing neighbors (2000 / 51856)...
computing neighbors (3000 / 51856)...
computing neighbors (4000 / 51856)...
computing neighbors (5000 / 51856)...
computing neighbors (6000 / 51856)...
computing neighbors (7000 / 51856)...
computing neighbors (8000 / 51856)...
computing neighbors (9000 / 51856)...
computing neighbors (10000 / 51856)...
computing neighbors (11000 / 51856)...
computing neighbors (12000 / 51856)...
computing neighbors (13000 / 51856)...
computing neighbors (14000 / 51856)...
computing neighbors (15000 / 51856)...
computing neighbors (16000 / 51856)...
computing neighbors (17000 / 51856)...
computing neighbors (18000 / 51856)...
computing neighbors (19000 / 51856)...
computing neighbors (20000 / 51856)...
computing neighbors (21000 / 51856)...
computing neighbors (22000 / 51856)...
computing neighbors (23000 / 51856)...
computing neighbors (24000 / 51856)...
computing neighbors (25000 / 51856)...
computing neighbors (26000 / 51856)...
computing neighbors (27000 / 51856)...
computing neighbors (28000 / 51856)...
computing neighbors (29000 / 51856)...
computing neighbors (30000 / 51856)...
computing neighbors (31000 / 51856)...
computing neighbors (32000 / 51856)...
computing neighbors (33000 / 51856)...
computing neighbors (34000 / 51856)...
computing neighbors (35000 / 51856)...
computing neighbors (36000 / 51856)...
computing neighbors (37000 / 51856)...
computing neighbors (38000 / 51856)...
computing neighbors (39000 / 51856)...
computing neighbors (40000 / 51856)...
computing neighbors (41000 / 51856)...
computing neighbors (42000 / 51856)...
computing neighbors (43000 / 51856)...
computing neighbors (44000 / 51856)...
computing neighbors (45000 / 51856)...
computing neighbors (46000 / 51856)...
computing neighbors (47000 / 51856)...
computing neighbors (48000 / 51856)...
computing neighbors (49000 / 51856)...
computing neighbors (50000 / 51856)...
computing neighbors (51000 / 51856)...
colored 1000 / 51856...
colored 2000 / 51856...
colored 3000 / 51856...
colored 4000 / 51856...
colored 5000 / 51856...
colored 6000 / 51856...
colored 7000 / 51856...
colored 8000 / 51856...
colored 9000 / 51856...
colored 10000 / 51856...
colored 11000 / 51856...
colored 12000 / 51856...
colored 13000 / 51856...
colored 14000 / 51856...
colored 15000 / 51856...
colored 16000 / 51856...
colored 17000 / 51856...
colored 18000 / 51856...
colored 19000 / 51856...
colored 20000 / 51856...
colored 21000 / 51856...
colored 22000 / 51856...
colored 23000 / 51856...
colored 24000 / 51856...
colored 25000 / 51856...
colored 26000 / 51856...
colored 27000 / 51856...
colored 28000 / 51856...
colored 29000 / 51856...
colored 30000 / 51856...
colored 31000 / 51856...
colored 32000 / 51856...
colored 33000 / 51856...
colored 34000 / 51856...
colored 35000 / 51856...
colored 36000 / 51856...
colored 37000 / 51856...
colored 38000 / 51856...
colored 39000 / 51856...
colored 40000 / 51856...
colored 41000 / 51856...
colored 42000 / 51856...
colored 43000 / 51856...
colored 44000 / 51856...
colored 45000 / 51856...
colored 46000 / 51856...
colored 47000 / 51856...
colored 48000 / 51856...
colored 49000 / 51856...
colored 50000 / 51856...
colored 51000 / 51856...
greedy found 554 colors in 74.225 seconds
 time (s)      nb nodes       objective      
---------------------------------------------
  17.112                      554            
  18.586       2.6 M          553            
  19.558       3.4 M          552            
  20.460       4.0 M          551            
  21.272       4.3 M          550            
  22.144       4.5 M          549            
  23.642       4.7 M          548            
  25.642       4.9 M          547            
  27.501       5.0 M          546            
  30.529       5.0 M          545            
  33.191       5.1 M          544            
  37.808       5.1 M          543            
  40.905       5.1 M          542            
  46.811       5.1 M          541            
  54.710       5.2 M          540            
  60.420       5.2 M          539            
  66.944       5.2 M          538            
  71.718       5.3 M          537            
  76.290       5.3 M          536            
  87.505       5.3 M          535            
  95.698       5.3 M          534            
  97.607       5.4 M          533            
  106.876      5.4 M          532            
  112.047      5.4 M          531            
  120.765      5.4 M          530            
  140.195      5.5 M          529            
  145.936      5.5 M          528            
  162.285      5.6 M          527            
  169.232      5.6 M          526            
  172.717      5.7 M          525            
  179.769      5.7 M          524            
  185.366      5.7 M          523            
  195.759      5.7 M          522            
  213.315      5.8 M          521            
  226.191      5.8 M          520            
  256.071      5.9 M          519            
  271.662      5.9 M          518            
  287.579      5.9 M          517            
  307.091      6.0 M          516            
  311.506      6.0 M          515            
  317.167      6.0 M          514            
  373.511      6.1 M          513            
  415.015      6.1 M          512            
  496.305      6.2 M          511            
  561.479      6.3 M          510            
  588.185      6.3 M          509            
  652.938      6.4 M          508            
  666.225      6.4 M          507            
  769.069      6.5 M          506            
  931.745      6.6 M          505            
  1242.109     6.8 M          504            
  1507.181     7.1 M          503            
  2064.467     7.5 M          502            
  2652.171     7.9 M          501            
  8281.651     11.9 M         500            
  10629.033    13.5 M         499            
