printing solutions in: ./dogs-color/insts/cgshop22/visp62685.instance.json.solution.json
printing perfs in: ./dogs-color/insts/cgshop22/visp62685.instance.json.perf.json

CGSHOP Instance: compute neighbors...
computing neighbors (0 / 62685)...
computing neighbors (1000 / 62685)...
computing neighbors (2000 / 62685)...
computing neighbors (3000 / 62685)...
computing neighbors (4000 / 62685)...
computing neighbors (5000 / 62685)...
computing neighbors (6000 / 62685)...
computing neighbors (7000 / 62685)...
computing neighbors (8000 / 62685)...
computing neighbors (9000 / 62685)...
computing neighbors (10000 / 62685)...
computing neighbors (11000 / 62685)...
computing neighbors (12000 / 62685)...
computing neighbors (13000 / 62685)...
computing neighbors (14000 / 62685)...
computing neighbors (15000 / 62685)...
computing neighbors (16000 / 62685)...
computing neighbors (17000 / 62685)...
computing neighbors (18000 / 62685)...
computing neighbors (19000 / 62685)...
computing neighbors (20000 / 62685)...
computing neighbors (21000 / 62685)...
computing neighbors (22000 / 62685)...
computing neighbors (23000 / 62685)...
computing neighbors (24000 / 62685)...
computing neighbors (25000 / 62685)...
computing neighbors (26000 / 62685)...
computing neighbors (27000 / 62685)...
computing neighbors (28000 / 62685)...
computing neighbors (29000 / 62685)...
computing neighbors (30000 / 62685)...
computing neighbors (31000 / 62685)...
computing neighbors (32000 / 62685)...
computing neighbors (33000 / 62685)...
computing neighbors (34000 / 62685)...
computing neighbors (35000 / 62685)...
computing neighbors (36000 / 62685)...
computing neighbors (37000 / 62685)...
computing neighbors (38000 / 62685)...
computing neighbors (39000 / 62685)...
computing neighbors (40000 / 62685)...
computing neighbors (41000 / 62685)...
computing neighbors (42000 / 62685)...
computing neighbors (43000 / 62685)...
computing neighbors (44000 / 62685)...
computing neighbors (45000 / 62685)...
computing neighbors (46000 / 62685)...
computing neighbors (47000 / 62685)...
computing neighbors (48000 / 62685)...
computing neighbors (49000 / 62685)...
computing neighbors (50000 / 62685)...
computing neighbors (51000 / 62685)...
computing neighbors (52000 / 62685)...
computing neighbors (53000 / 62685)...
computing neighbors (54000 / 62685)...
computing neighbors (55000 / 62685)...
computing neighbors (56000 / 62685)...
computing neighbors (57000 / 62685)...
computing neighbors (58000 / 62685)...
computing neighbors (59000 / 62685)...
computing neighbors (60000 / 62685)...
computing neighbors (61000 / 62685)...
computing neighbors (62000 / 62685)...
1270       vertices
62685      segments
29618      dominations
=======================
CGSHOP Instance: compute neighbors...
computing neighbors (0 / 62685)...
computing neighbors (1000 / 62685)...
computing neighbors (2000 / 62685)...
computing neighbors (3000 / 62685)...
computing neighbors (4000 / 62685)...
computing neighbors (5000 / 62685)...
computing neighbors (6000 / 62685)...
computing neighbors (7000 / 62685)...
computing neighbors (8000 / 62685)...
computing neighbors (9000 / 62685)...
computing neighbors (10000 / 62685)...
computing neighbors (11000 / 62685)...
computing neighbors (12000 / 62685)...
computing neighbors (13000 / 62685)...
computing neighbors (14000 / 62685)...
computing neighbors (15000 / 62685)...
computing neighbors (16000 / 62685)...
computing neighbors (17000 / 62685)...
computing neighbors (18000 / 62685)...
computing neighbors (19000 / 62685)...
computing neighbors (20000 / 62685)...
computing neighbors (21000 / 62685)...
computing neighbors (22000 / 62685)...
computing neighbors (23000 / 62685)...
computing neighbors (24000 / 62685)...
computing neighbors (25000 / 62685)...
computing neighbors (26000 / 62685)...
computing neighbors (27000 / 62685)...
computing neighbors (28000 / 62685)...
computing neighbors (29000 / 62685)...
computing neighbors (30000 / 62685)...
computing neighbors (31000 / 62685)...
computing neighbors (32000 / 62685)...
computing neighbors (33000 / 62685)...
computing neighbors (34000 / 62685)...
computing neighbors (35000 / 62685)...
computing neighbors (36000 / 62685)...
computing neighbors (37000 / 62685)...
computing neighbors (38000 / 62685)...
computing neighbors (39000 / 62685)...
computing neighbors (40000 / 62685)...
computing neighbors (41000 / 62685)...
computing neighbors (42000 / 62685)...
computing neighbors (43000 / 62685)...
computing neighbors (44000 / 62685)...
computing neighbors (45000 / 62685)...
computing neighbors (46000 / 62685)...
computing neighbors (47000 / 62685)...
computing neighbors (48000 / 62685)...
computing neighbors (49000 / 62685)...
computing neighbors (50000 / 62685)...
computing neighbors (51000 / 62685)...
computing neighbors (52000 / 62685)...
computing neighbors (53000 / 62685)...
computing neighbors (54000 / 62685)...
computing neighbors (55000 / 62685)...
computing neighbors (56000 / 62685)...
computing neighbors (57000 / 62685)...
computing neighbors (58000 / 62685)...
computing neighbors (59000 / 62685)...
computing neighbors (60000 / 62685)...
computing neighbors (61000 / 62685)...
computing neighbors (62000 / 62685)...
colored 1000 / 62685...
colored 2000 / 62685...
colored 3000 / 62685...
colored 4000 / 62685...
colored 5000 / 62685...
colored 6000 / 62685...
colored 7000 / 62685...
colored 8000 / 62685...
colored 9000 / 62685...
colored 10000 / 62685...
colored 11000 / 62685...
colored 12000 / 62685...
colored 13000 / 62685...
colored 14000 / 62685...
colored 15000 / 62685...
colored 16000 / 62685...
colored 17000 / 62685...
colored 18000 / 62685...
colored 19000 / 62685...
colored 20000 / 62685...
colored 21000 / 62685...
colored 22000 / 62685...
colored 23000 / 62685...
colored 24000 / 62685...
colored 25000 / 62685...
colored 26000 / 62685...
colored 27000 / 62685...
colored 28000 / 62685...
colored 29000 / 62685...
colored 30000 / 62685...
colored 31000 / 62685...
colored 32000 / 62685...
colored 33000 / 62685...
colored 34000 / 62685...
colored 35000 / 62685...
colored 36000 / 62685...
colored 37000 / 62685...
colored 38000 / 62685...
colored 39000 / 62685...
colored 40000 / 62685...
colored 41000 / 62685...
colored 42000 / 62685...
colored 43000 / 62685...
colored 44000 / 62685...
colored 45000 / 62685...
colored 46000 / 62685...
colored 47000 / 62685...
colored 48000 / 62685...
colored 49000 / 62685...
colored 50000 / 62685...
colored 51000 / 62685...
colored 52000 / 62685...
colored 53000 / 62685...
colored 54000 / 62685...
colored 55000 / 62685...
colored 56000 / 62685...
colored 57000 / 62685...
colored 58000 / 62685...
colored 59000 / 62685...
colored 60000 / 62685...
colored 61000 / 62685...
colored 62000 / 62685...
greedy found 148 colors in 30.529 seconds
 time (s)      nb nodes       objective      
---------------------------------------------
  13.333                      148            
  187.866      356.1 M        147            
  273.256      472.1 M        146            
  344.902      541.9 M        145            
  402.831      582.8 M        144            
  457.706      620.7 M        143            
  502.715      642.8 M        142            
  547.832      658.5 M        141            
  580.479      669.5 M        140            
  615.574      677.2 M        139            
  649.795      684.7 M        138            
  685.750      690.9 M        137            
  714.196      695.1 M        136            
  752.659      697.6 M        135            
  823.224      701.3 M        134            
  858.098      704.1 M        133            
  927.893      705.8 M        132            
  958.857      707.5 M        131            
  1048.973     709.8 M        130            
  1119.455     711.5 M        129            
  1289.992     713.3 M        128            
  1406.874     714.3 M        127            
  1786.999     716.1 M        126            
  4237.945     718.2 M        125            
  8316.726     722.7 M        124            
  25551.248    736.4 M        123            
  42944.168    752.7 M        122            
