printing solutions in: ./dogs-color/insts/cgshop22/sqrp56833.instance.json.solution.json
printing perfs in: ./dogs-color/insts/cgshop22/sqrp56833.instance.json.perf.json

CGSHOP Instance: compute neighbors...
computing neighbors (0 / 56833)...
computing neighbors (1000 / 56833)...
computing neighbors (2000 / 56833)...
computing neighbors (3000 / 56833)...
computing neighbors (4000 / 56833)...
computing neighbors (5000 / 56833)...
computing neighbors (6000 / 56833)...
computing neighbors (7000 / 56833)...
computing neighbors (8000 / 56833)...
computing neighbors (9000 / 56833)...
computing neighbors (10000 / 56833)...
computing neighbors (11000 / 56833)...
computing neighbors (12000 / 56833)...
computing neighbors (13000 / 56833)...
computing neighbors (14000 / 56833)...
computing neighbors (15000 / 56833)...
computing neighbors (16000 / 56833)...
computing neighbors (17000 / 56833)...
computing neighbors (18000 / 56833)...
computing neighbors (19000 / 56833)...
computing neighbors (20000 / 56833)...
computing neighbors (21000 / 56833)...
computing neighbors (22000 / 56833)...
computing neighbors (23000 / 56833)...
computing neighbors (24000 / 56833)...
computing neighbors (25000 / 56833)...
computing neighbors (26000 / 56833)...
computing neighbors (27000 / 56833)...
computing neighbors (28000 / 56833)...
computing neighbors (29000 / 56833)...
computing neighbors (30000 / 56833)...
computing neighbors (31000 / 56833)...
computing neighbors (32000 / 56833)...
computing neighbors (33000 / 56833)...
computing neighbors (34000 / 56833)...
computing neighbors (35000 / 56833)...
computing neighbors (36000 / 56833)...
computing neighbors (37000 / 56833)...
computing neighbors (38000 / 56833)...
computing neighbors (39000 / 56833)...
computing neighbors (40000 / 56833)...
computing neighbors (41000 / 56833)...
computing neighbors (42000 / 56833)...
computing neighbors (43000 / 56833)...
computing neighbors (44000 / 56833)...
computing neighbors (45000 / 56833)...
computing neighbors (46000 / 56833)...
computing neighbors (47000 / 56833)...
computing neighbors (48000 / 56833)...
computing neighbors (49000 / 56833)...
computing neighbors (50000 / 56833)...
computing neighbors (51000 / 56833)...
computing neighbors (52000 / 56833)...
computing neighbors (53000 / 56833)...
computing neighbors (54000 / 56833)...
computing neighbors (55000 / 56833)...
computing neighbors (56000 / 56833)...
745        vertices
56833      segments
8972       dominations
=======================
CGSHOP Instance: compute neighbors...
computing neighbors (0 / 56833)...
computing neighbors (1000 / 56833)...
computing neighbors (2000 / 56833)...
computing neighbors (3000 / 56833)...
computing neighbors (4000 / 56833)...
computing neighbors (5000 / 56833)...
computing neighbors (6000 / 56833)...
computing neighbors (7000 / 56833)...
computing neighbors (8000 / 56833)...
computing neighbors (9000 / 56833)...
computing neighbors (10000 / 56833)...
computing neighbors (11000 / 56833)...
computing neighbors (12000 / 56833)...
computing neighbors (13000 / 56833)...
computing neighbors (14000 / 56833)...
computing neighbors (15000 / 56833)...
computing neighbors (16000 / 56833)...
computing neighbors (17000 / 56833)...
computing neighbors (18000 / 56833)...
computing neighbors (19000 / 56833)...
computing neighbors (20000 / 56833)...
computing neighbors (21000 / 56833)...
computing neighbors (22000 / 56833)...
computing neighbors (23000 / 56833)...
computing neighbors (24000 / 56833)...
computing neighbors (25000 / 56833)...
computing neighbors (26000 / 56833)...
computing neighbors (27000 / 56833)...
computing neighbors (28000 / 56833)...
computing neighbors (29000 / 56833)...
computing neighbors (30000 / 56833)...
computing neighbors (31000 / 56833)...
computing neighbors (32000 / 56833)...
computing neighbors (33000 / 56833)...
computing neighbors (34000 / 56833)...
computing neighbors (35000 / 56833)...
computing neighbors (36000 / 56833)...
computing neighbors (37000 / 56833)...
computing neighbors (38000 / 56833)...
computing neighbors (39000 / 56833)...
computing neighbors (40000 / 56833)...
computing neighbors (41000 / 56833)...
computing neighbors (42000 / 56833)...
computing neighbors (43000 / 56833)...
computing neighbors (44000 / 56833)...
computing neighbors (45000 / 56833)...
computing neighbors (46000 / 56833)...
computing neighbors (47000 / 56833)...
computing neighbors (48000 / 56833)...
computing neighbors (49000 / 56833)...
computing neighbors (50000 / 56833)...
computing neighbors (51000 / 56833)...
computing neighbors (52000 / 56833)...
computing neighbors (53000 / 56833)...
computing neighbors (54000 / 56833)...
computing neighbors (55000 / 56833)...
computing neighbors (56000 / 56833)...
colored 1000 / 56833...
colored 2000 / 56833...
colored 3000 / 56833...
colored 4000 / 56833...
colored 5000 / 56833...
colored 6000 / 56833...
colored 7000 / 56833...
colored 8000 / 56833...
colored 9000 / 56833...
colored 10000 / 56833...
colored 11000 / 56833...
colored 12000 / 56833...
colored 13000 / 56833...
colored 14000 / 56833...
colored 15000 / 56833...
colored 16000 / 56833...
colored 17000 / 56833...
colored 18000 / 56833...
colored 19000 / 56833...
colored 20000 / 56833...
colored 21000 / 56833...
colored 22000 / 56833...
colored 23000 / 56833...
colored 24000 / 56833...
colored 25000 / 56833...
colored 26000 / 56833...
colored 27000 / 56833...
colored 28000 / 56833...
colored 29000 / 56833...
colored 30000 / 56833...
colored 31000 / 56833...
colored 32000 / 56833...
colored 33000 / 56833...
colored 34000 / 56833...
colored 35000 / 56833...
colored 36000 / 56833...
colored 37000 / 56833...
colored 38000 / 56833...
colored 39000 / 56833...
colored 40000 / 56833...
colored 41000 / 56833...
colored 42000 / 56833...
colored 43000 / 56833...
colored 44000 / 56833...
colored 45000 / 56833...
colored 46000 / 56833...
colored 47000 / 56833...
colored 48000 / 56833...
colored 49000 / 56833...
colored 50000 / 56833...
colored 51000 / 56833...
colored 52000 / 56833...
colored 53000 / 56833...
colored 54000 / 56833...
colored 55000 / 56833...
colored 56000 / 56833...
greedy found 263 colors in 69.785 seconds
 time (s)      nb nodes       objective      
---------------------------------------------
  19.089                      263            
  21.507       1.0 M          262            
  30.968       1.5 M          261            
  74.090       1.9 M          260            
  100.373      2.0 M          259            
  177.817      2.2 M          258            
  243.472      2.5 M          257            
  365.398      2.7 M          256            
  490.892      2.8 M          255            
  749.486      3.0 M          254            
  907.650      3.1 M          253            
  1572.276     3.5 M          252            
  2406.971     4.0 M          251            
  9038.966     7.7 M          250            
