printing solutions in: ./dogs-color/insts/cgshop22/rsqrp7320.instance.json.solution.json
printing perfs in: ./dogs-color/insts/cgshop22/rsqrp7320.instance.json.perf.json

CGSHOP Instance: compute neighbors...
computing neighbors (0 / 7320)...
computing neighbors (1000 / 7320)...
computing neighbors (2000 / 7320)...
computing neighbors (3000 / 7320)...
computing neighbors (4000 / 7320)...
computing neighbors (5000 / 7320)...
computing neighbors (6000 / 7320)...
computing neighbors (7000 / 7320)...
248        vertices
7320       segments
1357       dominations
=======================
CGSHOP Instance: compute neighbors...
computing neighbors (0 / 7320)...
computing neighbors (1000 / 7320)...
computing neighbors (2000 / 7320)...
computing neighbors (3000 / 7320)...
computing neighbors (4000 / 7320)...
computing neighbors (5000 / 7320)...
computing neighbors (6000 / 7320)...
computing neighbors (7000 / 7320)...
colored 1000 / 7320...
colored 2000 / 7320...
colored 3000 / 7320...
colored 4000 / 7320...
colored 5000 / 7320...
colored 6000 / 7320...
colored 7000 / 7320...
greedy found 95 colors in 1.051 seconds
 time (s)      nb nodes       objective      
---------------------------------------------
  0.323                       95             
  1.050        55.1 k         94             
  8.311        122.9 k        93             
  206.275      1.6 M          92             
