printing solutions in: ./dogs-color/insts/cgshop22/sqrp57865.instance.json.solution.json
printing perfs in: ./dogs-color/insts/cgshop22/sqrp57865.instance.json.perf.json

CGSHOP Instance: compute neighbors...
computing neighbors (0 / 57865)...
computing neighbors (1000 / 57865)...
computing neighbors (2000 / 57865)...
computing neighbors (3000 / 57865)...
computing neighbors (4000 / 57865)...
computing neighbors (5000 / 57865)...
computing neighbors (6000 / 57865)...
computing neighbors (7000 / 57865)...
computing neighbors (8000 / 57865)...
computing neighbors (9000 / 57865)...
computing neighbors (10000 / 57865)...
computing neighbors (11000 / 57865)...
computing neighbors (12000 / 57865)...
computing neighbors (13000 / 57865)...
computing neighbors (14000 / 57865)...
computing neighbors (15000 / 57865)...
computing neighbors (16000 / 57865)...
computing neighbors (17000 / 57865)...
computing neighbors (18000 / 57865)...
computing neighbors (19000 / 57865)...
computing neighbors (20000 / 57865)...
computing neighbors (21000 / 57865)...
computing neighbors (22000 / 57865)...
computing neighbors (23000 / 57865)...
computing neighbors (24000 / 57865)...
computing neighbors (25000 / 57865)...
computing neighbors (26000 / 57865)...
computing neighbors (27000 / 57865)...
computing neighbors (28000 / 57865)...
computing neighbors (29000 / 57865)...
computing neighbors (30000 / 57865)...
computing neighbors (31000 / 57865)...
computing neighbors (32000 / 57865)...
computing neighbors (33000 / 57865)...
computing neighbors (34000 / 57865)...
computing neighbors (35000 / 57865)...
computing neighbors (36000 / 57865)...
computing neighbors (37000 / 57865)...
computing neighbors (38000 / 57865)...
computing neighbors (39000 / 57865)...
computing neighbors (40000 / 57865)...
computing neighbors (41000 / 57865)...
computing neighbors (42000 / 57865)...
computing neighbors (43000 / 57865)...
computing neighbors (44000 / 57865)...
computing neighbors (45000 / 57865)...
computing neighbors (46000 / 57865)...
computing neighbors (47000 / 57865)...
computing neighbors (48000 / 57865)...
computing neighbors (49000 / 57865)...
computing neighbors (50000 / 57865)...
computing neighbors (51000 / 57865)...
computing neighbors (52000 / 57865)...
computing neighbors (53000 / 57865)...
computing neighbors (54000 / 57865)...
computing neighbors (55000 / 57865)...
computing neighbors (56000 / 57865)...
computing neighbors (57000 / 57865)...
786        vertices
57865      segments
8846       dominations
=======================
CGSHOP Instance: compute neighbors...
computing neighbors (0 / 57865)...
computing neighbors (1000 / 57865)...
computing neighbors (2000 / 57865)...
computing neighbors (3000 / 57865)...
computing neighbors (4000 / 57865)...
computing neighbors (5000 / 57865)...
computing neighbors (6000 / 57865)...
computing neighbors (7000 / 57865)...
computing neighbors (8000 / 57865)...
computing neighbors (9000 / 57865)...
computing neighbors (10000 / 57865)...
computing neighbors (11000 / 57865)...
computing neighbors (12000 / 57865)...
computing neighbors (13000 / 57865)...
computing neighbors (14000 / 57865)...
computing neighbors (15000 / 57865)...
computing neighbors (16000 / 57865)...
computing neighbors (17000 / 57865)...
computing neighbors (18000 / 57865)...
computing neighbors (19000 / 57865)...
computing neighbors (20000 / 57865)...
computing neighbors (21000 / 57865)...
computing neighbors (22000 / 57865)...
computing neighbors (23000 / 57865)...
computing neighbors (24000 / 57865)...
computing neighbors (25000 / 57865)...
computing neighbors (26000 / 57865)...
computing neighbors (27000 / 57865)...
computing neighbors (28000 / 57865)...
computing neighbors (29000 / 57865)...
computing neighbors (30000 / 57865)...
computing neighbors (31000 / 57865)...
computing neighbors (32000 / 57865)...
computing neighbors (33000 / 57865)...
computing neighbors (34000 / 57865)...
computing neighbors (35000 / 57865)...
computing neighbors (36000 / 57865)...
computing neighbors (37000 / 57865)...
computing neighbors (38000 / 57865)...
computing neighbors (39000 / 57865)...
computing neighbors (40000 / 57865)...
computing neighbors (41000 / 57865)...
computing neighbors (42000 / 57865)...
computing neighbors (43000 / 57865)...
computing neighbors (44000 / 57865)...
computing neighbors (45000 / 57865)...
computing neighbors (46000 / 57865)...
computing neighbors (47000 / 57865)...
computing neighbors (48000 / 57865)...
computing neighbors (49000 / 57865)...
computing neighbors (50000 / 57865)...
computing neighbors (51000 / 57865)...
computing neighbors (52000 / 57865)...
computing neighbors (53000 / 57865)...
computing neighbors (54000 / 57865)...
computing neighbors (55000 / 57865)...
computing neighbors (56000 / 57865)...
computing neighbors (57000 / 57865)...
colored 1000 / 57865...
colored 2000 / 57865...
colored 3000 / 57865...
colored 4000 / 57865...
colored 5000 / 57865...
colored 6000 / 57865...
colored 7000 / 57865...
colored 8000 / 57865...
colored 9000 / 57865...
colored 10000 / 57865...
colored 11000 / 57865...
colored 12000 / 57865...
colored 13000 / 57865...
colored 14000 / 57865...
colored 15000 / 57865...
colored 16000 / 57865...
colored 17000 / 57865...
colored 18000 / 57865...
colored 19000 / 57865...
colored 20000 / 57865...
colored 21000 / 57865...
colored 22000 / 57865...
colored 23000 / 57865...
colored 24000 / 57865...
colored 25000 / 57865...
colored 26000 / 57865...
colored 27000 / 57865...
colored 28000 / 57865...
colored 29000 / 57865...
colored 30000 / 57865...
colored 31000 / 57865...
colored 32000 / 57865...
colored 33000 / 57865...
colored 34000 / 57865...
colored 35000 / 57865...
colored 36000 / 57865...
colored 37000 / 57865...
colored 38000 / 57865...
colored 39000 / 57865...
colored 40000 / 57865...
colored 41000 / 57865...
colored 42000 / 57865...
colored 43000 / 57865...
colored 44000 / 57865...
colored 45000 / 57865...
colored 46000 / 57865...
colored 47000 / 57865...
colored 48000 / 57865...
colored 49000 / 57865...
colored 50000 / 57865...
colored 51000 / 57865...
colored 52000 / 57865...
colored 53000 / 57865...
colored 54000 / 57865...
colored 55000 / 57865...
colored 56000 / 57865...
colored 57000 / 57865...
greedy found 283 colors in 58.872 seconds
 time (s)      nb nodes       objective      
---------------------------------------------
  17.656                      283            
  19.802       1.3 M          282            
  288.689      1.5 M          281            
  310.064      2.1 M          280            
  757.433      2.4 M          279            
  1397.922     2.8 M          278            
  5436.573     5.5 M          277            
