printing solutions in: ./dogs-color/insts/cgshop22/vispecn48944.instance.json.solution.json
printing perfs in: ./dogs-color/insts/cgshop22/vispecn48944.instance.json.perf.json

CGSHOP Instance: compute neighbors...
computing neighbors (0 / 48944)...
computing neighbors (1000 / 48944)...
computing neighbors (2000 / 48944)...
computing neighbors (3000 / 48944)...
computing neighbors (4000 / 48944)...
computing neighbors (5000 / 48944)...
computing neighbors (6000 / 48944)...
computing neighbors (7000 / 48944)...
computing neighbors (8000 / 48944)...
computing neighbors (9000 / 48944)...
computing neighbors (10000 / 48944)...
computing neighbors (11000 / 48944)...
computing neighbors (12000 / 48944)...
computing neighbors (13000 / 48944)...
computing neighbors (14000 / 48944)...
computing neighbors (15000 / 48944)...
computing neighbors (16000 / 48944)...
computing neighbors (17000 / 48944)...
computing neighbors (18000 / 48944)...
computing neighbors (19000 / 48944)...
computing neighbors (20000 / 48944)...
computing neighbors (21000 / 48944)...
computing neighbors (22000 / 48944)...
computing neighbors (23000 / 48944)...
computing neighbors (24000 / 48944)...
computing neighbors (25000 / 48944)...
computing neighbors (26000 / 48944)...
computing neighbors (27000 / 48944)...
computing neighbors (28000 / 48944)...
computing neighbors (29000 / 48944)...
computing neighbors (30000 / 48944)...
computing neighbors (31000 / 48944)...
computing neighbors (32000 / 48944)...
computing neighbors (33000 / 48944)...
computing neighbors (34000 / 48944)...
computing neighbors (35000 / 48944)...
computing neighbors (36000 / 48944)...
computing neighbors (37000 / 48944)...
computing neighbors (38000 / 48944)...
computing neighbors (39000 / 48944)...
computing neighbors (40000 / 48944)...
computing neighbors (41000 / 48944)...
computing neighbors (42000 / 48944)...
computing neighbors (43000 / 48944)...
computing neighbors (44000 / 48944)...
computing neighbors (45000 / 48944)...
computing neighbors (46000 / 48944)...
computing neighbors (47000 / 48944)...
computing neighbors (48000 / 48944)...
68562      vertices
48944      segments
366        dominations
=======================
CGSHOP Instance: compute neighbors...
computing neighbors (0 / 48944)...
computing neighbors (1000 / 48944)...
computing neighbors (2000 / 48944)...
computing neighbors (3000 / 48944)...
computing neighbors (4000 / 48944)...
computing neighbors (5000 / 48944)...
computing neighbors (6000 / 48944)...
computing neighbors (7000 / 48944)...
computing neighbors (8000 / 48944)...
computing neighbors (9000 / 48944)...
computing neighbors (10000 / 48944)...
computing neighbors (11000 / 48944)...
computing neighbors (12000 / 48944)...
computing neighbors (13000 / 48944)...
computing neighbors (14000 / 48944)...
computing neighbors (15000 / 48944)...
computing neighbors (16000 / 48944)...
computing neighbors (17000 / 48944)...
computing neighbors (18000 / 48944)...
computing neighbors (19000 / 48944)...
computing neighbors (20000 / 48944)...
computing neighbors (21000 / 48944)...
computing neighbors (22000 / 48944)...
computing neighbors (23000 / 48944)...
computing neighbors (24000 / 48944)...
computing neighbors (25000 / 48944)...
computing neighbors (26000 / 48944)...
computing neighbors (27000 / 48944)...
computing neighbors (28000 / 48944)...
computing neighbors (29000 / 48944)...
computing neighbors (30000 / 48944)...
computing neighbors (31000 / 48944)...
computing neighbors (32000 / 48944)...
computing neighbors (33000 / 48944)...
computing neighbors (34000 / 48944)...
computing neighbors (35000 / 48944)...
computing neighbors (36000 / 48944)...
computing neighbors (37000 / 48944)...
computing neighbors (38000 / 48944)...
computing neighbors (39000 / 48944)...
computing neighbors (40000 / 48944)...
computing neighbors (41000 / 48944)...
computing neighbors (42000 / 48944)...
computing neighbors (43000 / 48944)...
computing neighbors (44000 / 48944)...
computing neighbors (45000 / 48944)...
computing neighbors (46000 / 48944)...
computing neighbors (47000 / 48944)...
computing neighbors (48000 / 48944)...
colored 1000 / 48944...
colored 2000 / 48944...
colored 3000 / 48944...
colored 4000 / 48944...
colored 5000 / 48944...
colored 6000 / 48944...
colored 7000 / 48944...
colored 8000 / 48944...
colored 9000 / 48944...
colored 10000 / 48944...
colored 11000 / 48944...
colored 12000 / 48944...
colored 13000 / 48944...
colored 14000 / 48944...
colored 15000 / 48944...
colored 16000 / 48944...
colored 17000 / 48944...
colored 18000 / 48944...
colored 19000 / 48944...
colored 20000 / 48944...
colored 21000 / 48944...
colored 22000 / 48944...
colored 23000 / 48944...
colored 24000 / 48944...
colored 25000 / 48944...
colored 26000 / 48944...
colored 27000 / 48944...
colored 28000 / 48944...
colored 29000 / 48944...
colored 30000 / 48944...
colored 31000 / 48944...
colored 32000 / 48944...
colored 33000 / 48944...
colored 34000 / 48944...
colored 35000 / 48944...
colored 36000 / 48944...
colored 37000 / 48944...
colored 38000 / 48944...
colored 39000 / 48944...
colored 40000 / 48944...
colored 41000 / 48944...
colored 42000 / 48944...
colored 43000 / 48944...
colored 44000 / 48944...
colored 45000 / 48944...
colored 46000 / 48944...
colored 47000 / 48944...
colored 48000 / 48944...
greedy found 377 colors in 22.851 seconds
 time (s)      nb nodes       objective      
---------------------------------------------
  8.931                       377            
  14.580       21.8 M         376            
  19.666       38.3 M         375            
  24.311       53.2 M         374            
  28.790       67.6 M         373            
  32.598       79.6 M         372            
  36.698       90.1 M         371            
  40.371       99.4 M         370            
  43.897       104.8 M        369            
  47.238       112.4 M        368            
  50.406       117.0 M        367            
  53.867       123.1 M        366            
  57.048       126.5 M        365            
  60.010       131.8 M        364            
  63.234       137.0 M        363            
  66.503       141.1 M        362            
  69.424       145.2 M        361            
  72.243       147.7 M        360            
  75.531       149.6 M        359            
  78.215       153.4 M        358            
  80.876       156.5 M        357            
  83.594       159.2 M        356            
  86.266       162.5 M        355            
  89.719       163.9 M        354            
  92.669       165.4 M        353            
  95.308       167.6 M        352            
  97.601       169.8 M        351            
  100.199      171.7 M        350            
  102.508      173.6 M        349            
  104.874      175.9 M        348            
  108.222      176.8 M        347            
  111.179      177.8 M        346            
  113.413      178.5 M        345            
  115.321      179.6 M        344            
  117.812      180.2 M        343            
  120.124      180.8 M        342            
  123.120      181.5 M        341            
  125.301      182.6 M        340            
  127.538      183.5 M        339            
  130.073      184.0 M        338            
  132.870      184.3 M        337            
  135.286      184.7 M        336            
  137.710      185.1 M        335            
  140.319      186.0 M        334            
  142.814      186.3 M        333            
  145.016      186.6 M        332            
  147.473      186.9 M        331            
  149.159      187.4 M        330            
  152.333      187.7 M        329            
  154.945      187.9 M        328            
  156.685      188.4 M        327            
  159.419      188.6 M        326            
  161.768      189.1 M        325            
  163.892      189.4 M        324            
  166.375      189.7 M        323            
  168.469      189.8 M        322            
  170.888      190.0 M        321            
  174.609      190.1 M        320            
  177.113      190.3 M        319            
  179.701      190.4 M        318            
  182.466      190.7 M        317            
  185.256      190.8 M        316            
  188.160      190.9 M        315            
  190.161      191.0 M        314            
  192.474      191.1 M        313            
  196.489      191.2 M        312            
  198.340      191.3 M        311            
  200.749      191.3 M        310            
  206.644      191.4 M        309            
  208.721      191.5 M        308            
  211.135      191.5 M        307            
  213.309      191.7 M        306            
  216.856      191.7 M        305            
  220.395      191.8 M        304            
  223.683      191.8 M        303            
  226.694      191.9 M        302            
  232.735      191.9 M        301            
  241.188      192.0 M        300            
  243.873      192.0 M        299            
  248.653      192.1 M        298            
  252.023      192.1 M        297            
  261.008      192.2 M        296            
  270.307      192.3 M        295            
  282.219      192.3 M        294            
  288.315      192.4 M        293            
  293.358      192.4 M        292            
  299.574      192.5 M        291            
  309.246      192.5 M        290            
  313.531      192.6 M        289            
  344.240      192.7 M        288            
  357.919      192.8 M        287            
  384.804      192.9 M        286            
  408.554      193.0 M        285            
  508.295      193.3 M        284            
  544.765      193.4 M        283            
  555.242      193.5 M        282            
  806.436      194.2 M        281            
  1039.784     194.7 M        280            
  1087.674     194.9 M        279            
  1165.406     195.1 M        278            
  1416.096     195.7 M        277            
  2276.883     197.7 M        276            
  6182.729     205.1 M        275            
  8594.279     210.3 M        274            
  69834.062    326.4 M        273            
  78119.117    344.2 M        272            
