printing solutions in: ./dogs-color/insts/cgshop22/vispecn27480.instance.json.solution.json
printing perfs in: ./dogs-color/insts/cgshop22/vispecn27480.instance.json.perf.json

CGSHOP Instance: compute neighbors...
computing neighbors (0 / 27480)...
computing neighbors (1000 / 27480)...
computing neighbors (2000 / 27480)...
computing neighbors (3000 / 27480)...
computing neighbors (4000 / 27480)...
computing neighbors (5000 / 27480)...
computing neighbors (6000 / 27480)...
computing neighbors (7000 / 27480)...
computing neighbors (8000 / 27480)...
computing neighbors (9000 / 27480)...
computing neighbors (10000 / 27480)...
computing neighbors (11000 / 27480)...
computing neighbors (12000 / 27480)...
computing neighbors (13000 / 27480)...
computing neighbors (14000 / 27480)...
computing neighbors (15000 / 27480)...
computing neighbors (16000 / 27480)...
computing neighbors (17000 / 27480)...
computing neighbors (18000 / 27480)...
computing neighbors (19000 / 27480)...
computing neighbors (20000 / 27480)...
computing neighbors (21000 / 27480)...
computing neighbors (22000 / 27480)...
computing neighbors (23000 / 27480)...
computing neighbors (24000 / 27480)...
computing neighbors (25000 / 27480)...
computing neighbors (26000 / 27480)...
computing neighbors (27000 / 27480)...
38260      vertices
27480      segments
271        dominations
=======================
CGSHOP Instance: compute neighbors...
computing neighbors (0 / 27480)...
computing neighbors (1000 / 27480)...
computing neighbors (2000 / 27480)...
computing neighbors (3000 / 27480)...
computing neighbors (4000 / 27480)...
computing neighbors (5000 / 27480)...
computing neighbors (6000 / 27480)...
computing neighbors (7000 / 27480)...
computing neighbors (8000 / 27480)...
computing neighbors (9000 / 27480)...
computing neighbors (10000 / 27480)...
computing neighbors (11000 / 27480)...
computing neighbors (12000 / 27480)...
computing neighbors (13000 / 27480)...
computing neighbors (14000 / 27480)...
computing neighbors (15000 / 27480)...
computing neighbors (16000 / 27480)...
computing neighbors (17000 / 27480)...
computing neighbors (18000 / 27480)...
computing neighbors (19000 / 27480)...
computing neighbors (20000 / 27480)...
computing neighbors (21000 / 27480)...
computing neighbors (22000 / 27480)...
computing neighbors (23000 / 27480)...
computing neighbors (24000 / 27480)...
computing neighbors (25000 / 27480)...
computing neighbors (26000 / 27480)...
computing neighbors (27000 / 27480)...
colored 1000 / 27480...
colored 2000 / 27480...
colored 3000 / 27480...
colored 4000 / 27480...
colored 5000 / 27480...
colored 6000 / 27480...
colored 7000 / 27480...
colored 8000 / 27480...
colored 9000 / 27480...
colored 10000 / 27480...
colored 11000 / 27480...
colored 12000 / 27480...
colored 13000 / 27480...
colored 14000 / 27480...
colored 15000 / 27480...
colored 16000 / 27480...
colored 17000 / 27480...
colored 18000 / 27480...
colored 19000 / 27480...
colored 20000 / 27480...
colored 21000 / 27480...
colored 22000 / 27480...
colored 23000 / 27480...
colored 24000 / 27480...
colored 25000 / 27480...
colored 26000 / 27480...
colored 27000 / 27480...
greedy found 220 colors in 7.110 seconds
 time (s)      nb nodes       objective      
---------------------------------------------
  2.678                       220            
  4.629        7.8 M          219            
  6.384        14.2 M         218            
  8.003        19.3 M         217            
  9.528        23.5 M         216            
  10.938       26.7 M         215            
  12.427       29.1 M         214            
  14.141       32.0 M         213            
  15.606       34.6 M         212            
  16.955       36.8 M         211            
  18.104       39.0 M         210            
  19.542       40.4 M         209            
  20.799       42.1 M         208            
  22.552       43.2 M         207            
  23.896       44.4 M         206            
  25.058       45.3 M         205            
  26.151       46.4 M         204            
  27.292       47.2 M         203            
  28.794       47.9 M         202            
  29.812       48.9 M         201            
  31.397       49.4 M         200            
  32.363       50.1 M         199            
  34.073       50.6 M         198            
  35.547       50.9 M         197            
  37.024       51.3 M         196            
  38.230       51.7 M         195            
  39.815       51.9 M         194            
  40.969       52.1 M         193            
  42.055       52.2 M         192            
  43.190       52.5 M         191            
  44.337       52.6 M         190            
  45.718       52.7 M         189            
  46.986       52.8 M         188            
  48.721       53.0 M         187            
  50.265       53.1 M         186            
  51.711       53.2 M         185            
  53.895       53.3 M         184            
  55.293       53.4 M         183            
  57.366       53.6 M         182            
  59.224       53.6 M         181            
  60.839       53.7 M         180            
  63.565       53.7 M         179            
  66.413       53.8 M         178            
  68.565       53.8 M         177            
  74.958       53.9 M         176            
  79.245       53.9 M         175            
  82.894       54.0 M         174            
  87.781       54.0 M         173            
  97.781       54.1 M         172            
  106.697      54.2 M         171            
  114.479      54.2 M         170            
  137.865      54.3 M         169            
  143.302      54.4 M         168            
  155.752      54.5 M         167            
  192.571      54.7 M         166            
  311.221      55.1 M         165            
  366.070      55.4 M         164            
  740.142      56.4 M         163            
  1018.019     57.6 M         162            
  3220.798     64.5 M         161            
  11078.813    88.0 M         160            
