printing solutions in: ./dogs-color/insts/cgshop22/sqrp20602.instance.json.solution.json
printing perfs in: ./dogs-color/insts/cgshop22/sqrp20602.instance.json.perf.json

CGSHOP Instance: compute neighbors...
computing neighbors (0 / 20602)...
computing neighbors (1000 / 20602)...
computing neighbors (2000 / 20602)...
computing neighbors (3000 / 20602)...
computing neighbors (4000 / 20602)...
computing neighbors (5000 / 20602)...
computing neighbors (6000 / 20602)...
computing neighbors (7000 / 20602)...
computing neighbors (8000 / 20602)...
computing neighbors (9000 / 20602)...
computing neighbors (10000 / 20602)...
computing neighbors (11000 / 20602)...
computing neighbors (12000 / 20602)...
computing neighbors (13000 / 20602)...
computing neighbors (14000 / 20602)...
computing neighbors (15000 / 20602)...
computing neighbors (16000 / 20602)...
computing neighbors (17000 / 20602)...
computing neighbors (18000 / 20602)...
computing neighbors (19000 / 20602)...
computing neighbors (20000 / 20602)...
493        vertices
20602      segments
4438       dominations
=======================
CGSHOP Instance: compute neighbors...
computing neighbors (0 / 20602)...
computing neighbors (1000 / 20602)...
computing neighbors (2000 / 20602)...
computing neighbors (3000 / 20602)...
computing neighbors (4000 / 20602)...
computing neighbors (5000 / 20602)...
computing neighbors (6000 / 20602)...
computing neighbors (7000 / 20602)...
computing neighbors (8000 / 20602)...
computing neighbors (9000 / 20602)...
computing neighbors (10000 / 20602)...
computing neighbors (11000 / 20602)...
computing neighbors (12000 / 20602)...
computing neighbors (13000 / 20602)...
computing neighbors (14000 / 20602)...
computing neighbors (15000 / 20602)...
computing neighbors (16000 / 20602)...
computing neighbors (17000 / 20602)...
computing neighbors (18000 / 20602)...
computing neighbors (19000 / 20602)...
computing neighbors (20000 / 20602)...
colored 1000 / 20602...
colored 2000 / 20602...
colored 3000 / 20602...
colored 4000 / 20602...
colored 5000 / 20602...
colored 6000 / 20602...
colored 7000 / 20602...
colored 8000 / 20602...
colored 9000 / 20602...
colored 10000 / 20602...
colored 11000 / 20602...
colored 12000 / 20602...
colored 13000 / 20602...
colored 14000 / 20602...
colored 15000 / 20602...
colored 16000 / 20602...
colored 17000 / 20602...
colored 18000 / 20602...
colored 19000 / 20602...
colored 20000 / 20602...
greedy found 164 colors in 8.297 seconds
 time (s)      nb nodes       objective      
---------------------------------------------
  2.650                       164            
  3.688        295.8 k        163            
  4.998        492.1 k        162            
  6.990        593.0 k        161            
  8.724        648.3 k        160            
  12.675       668.3 k        159            
  31.878       748.0 k        158            
  44.723       784.5 k        157            
  80.803       877.4 k        156            
  120.832      977.5 k        155            
  358.498      1.5 M          154            
