printing solutions in: ./dogs-color/insts/cgshop22/sqrpecn17186.instance.json.solution.json
printing perfs in: ./dogs-color/insts/cgshop22/sqrpecn17186.instance.json.perf.json

CGSHOP Instance: compute neighbors...
computing neighbors (0 / 17186)...
computing neighbors (1000 / 17186)...
computing neighbors (2000 / 17186)...
computing neighbors (3000 / 17186)...
computing neighbors (4000 / 17186)...
computing neighbors (5000 / 17186)...
computing neighbors (6000 / 17186)...
computing neighbors (7000 / 17186)...
computing neighbors (8000 / 17186)...
computing neighbors (9000 / 17186)...
computing neighbors (10000 / 17186)...
computing neighbors (11000 / 17186)...
computing neighbors (12000 / 17186)...
computing neighbors (13000 / 17186)...
computing neighbors (14000 / 17186)...
computing neighbors (15000 / 17186)...
computing neighbors (16000 / 17186)...
computing neighbors (17000 / 17186)...
27766      vertices
17186      segments
181        dominations
=======================
CGSHOP Instance: compute neighbors...
computing neighbors (0 / 17186)...
computing neighbors (1000 / 17186)...
computing neighbors (2000 / 17186)...
computing neighbors (3000 / 17186)...
computing neighbors (4000 / 17186)...
computing neighbors (5000 / 17186)...
computing neighbors (6000 / 17186)...
computing neighbors (7000 / 17186)...
computing neighbors (8000 / 17186)...
computing neighbors (9000 / 17186)...
computing neighbors (10000 / 17186)...
computing neighbors (11000 / 17186)...
computing neighbors (12000 / 17186)...
computing neighbors (13000 / 17186)...
computing neighbors (14000 / 17186)...
computing neighbors (15000 / 17186)...
computing neighbors (16000 / 17186)...
computing neighbors (17000 / 17186)...
colored 1000 / 17186...
colored 2000 / 17186...
colored 3000 / 17186...
colored 4000 / 17186...
colored 5000 / 17186...
colored 6000 / 17186...
colored 7000 / 17186...
colored 8000 / 17186...
colored 9000 / 17186...
colored 10000 / 17186...
colored 11000 / 17186...
colored 12000 / 17186...
colored 13000 / 17186...
colored 14000 / 17186...
colored 15000 / 17186...
colored 16000 / 17186...
colored 17000 / 17186...
greedy found 332 colors in 4.468 seconds
 time (s)      nb nodes       objective      
---------------------------------------------
  1.754                       332            
  1.894        411.0 k        331            
  1.979        598.6 k        330            
  2.045        696.6 k        329            
  2.108        761.5 k        328            
  2.167        799.1 k        327            
  2.233        821.1 k        326            
  2.349        830.4 k        325            
  2.476        842.2 k        324            
  2.827        854.3 k        323            
  2.977        862.2 k        322            
  3.273        874.3 k        321            
  3.859        889.3 k        320            
  4.163        897.8 k        319            
  4.438        903.7 k        318            
  4.822        913.7 k        317            
  5.465        922.9 k        316            
  5.959        930.8 k        315            
  6.729        940.7 k        314            
  7.007        947.5 k        313            
  7.686        955.5 k        312            
  8.578        965.0 k        311            
  8.979        970.2 k        310            
  9.362        976.1 k        309            
  10.117       987.1 k        308            
  10.973       994.7 k        307            
  12.707       1.0 M          306            
  13.218       1.0 M          305            
  14.119       1.0 M          304            
  14.693       1.0 M          303            
  15.054       1.0 M          302            
  15.470       1.0 M          301            
  16.414       1.1 M          300            
  17.138       1.1 M          299            
  17.442       1.1 M          298            
  18.200       1.1 M          297            
  18.760       1.1 M          296            
  19.925       1.1 M          295            
  21.727       1.1 M          294            
  24.075       1.1 M          293            
  24.796       1.1 M          292            
  26.291       1.1 M          291            
  32.142       1.2 M          290            
  34.281       1.2 M          289            
  39.818       1.2 M          288            
  45.579       1.2 M          287            
  59.010       1.3 M          286            
  76.719       1.4 M          285            
  179.596      1.8 M          284            
  228.378      2.0 M          283            
  246.797      2.0 M          282            
  1310.449     5.6 M          281            
  4386.608     15.4 M         280            
  75012.859    205.2 M        279            
