printing solutions in: ./dogs-color/insts/cgshop22/sqrp49981.instance.json.solution.json
printing perfs in: ./dogs-color/insts/cgshop22/sqrp49981.instance.json.perf.json

CGSHOP Instance: compute neighbors...
computing neighbors (0 / 49981)...
computing neighbors (1000 / 49981)...
computing neighbors (2000 / 49981)...
computing neighbors (3000 / 49981)...
computing neighbors (4000 / 49981)...
computing neighbors (5000 / 49981)...
computing neighbors (6000 / 49981)...
computing neighbors (7000 / 49981)...
computing neighbors (8000 / 49981)...
computing neighbors (9000 / 49981)...
computing neighbors (10000 / 49981)...
computing neighbors (11000 / 49981)...
computing neighbors (12000 / 49981)...
computing neighbors (13000 / 49981)...
computing neighbors (14000 / 49981)...
computing neighbors (15000 / 49981)...
computing neighbors (16000 / 49981)...
computing neighbors (17000 / 49981)...
computing neighbors (18000 / 49981)...
computing neighbors (19000 / 49981)...
computing neighbors (20000 / 49981)...
computing neighbors (21000 / 49981)...
computing neighbors (22000 / 49981)...
computing neighbors (23000 / 49981)...
computing neighbors (24000 / 49981)...
computing neighbors (25000 / 49981)...
computing neighbors (26000 / 49981)...
computing neighbors (27000 / 49981)...
computing neighbors (28000 / 49981)...
computing neighbors (29000 / 49981)...
computing neighbors (30000 / 49981)...
computing neighbors (31000 / 49981)...
computing neighbors (32000 / 49981)...
computing neighbors (33000 / 49981)...
computing neighbors (34000 / 49981)...
computing neighbors (35000 / 49981)...
computing neighbors (36000 / 49981)...
computing neighbors (37000 / 49981)...
computing neighbors (38000 / 49981)...
computing neighbors (39000 / 49981)...
computing neighbors (40000 / 49981)...
computing neighbors (41000 / 49981)...
computing neighbors (42000 / 49981)...
computing neighbors (43000 / 49981)...
computing neighbors (44000 / 49981)...
computing neighbors (45000 / 49981)...
computing neighbors (46000 / 49981)...
computing neighbors (47000 / 49981)...
computing neighbors (48000 / 49981)...
computing neighbors (49000 / 49981)...
975        vertices
49981      segments
6570       dominations
=======================
CGSHOP Instance: compute neighbors...
computing neighbors (0 / 49981)...
computing neighbors (1000 / 49981)...
computing neighbors (2000 / 49981)...
computing neighbors (3000 / 49981)...
computing neighbors (4000 / 49981)...
computing neighbors (5000 / 49981)...
computing neighbors (6000 / 49981)...
computing neighbors (7000 / 49981)...
computing neighbors (8000 / 49981)...
computing neighbors (9000 / 49981)...
computing neighbors (10000 / 49981)...
computing neighbors (11000 / 49981)...
computing neighbors (12000 / 49981)...
computing neighbors (13000 / 49981)...
computing neighbors (14000 / 49981)...
computing neighbors (15000 / 49981)...
computing neighbors (16000 / 49981)...
computing neighbors (17000 / 49981)...
computing neighbors (18000 / 49981)...
computing neighbors (19000 / 49981)...
computing neighbors (20000 / 49981)...
computing neighbors (21000 / 49981)...
computing neighbors (22000 / 49981)...
computing neighbors (23000 / 49981)...
computing neighbors (24000 / 49981)...
computing neighbors (25000 / 49981)...
computing neighbors (26000 / 49981)...
computing neighbors (27000 / 49981)...
computing neighbors (28000 / 49981)...
computing neighbors (29000 / 49981)...
computing neighbors (30000 / 49981)...
computing neighbors (31000 / 49981)...
computing neighbors (32000 / 49981)...
computing neighbors (33000 / 49981)...
computing neighbors (34000 / 49981)...
computing neighbors (35000 / 49981)...
computing neighbors (36000 / 49981)...
computing neighbors (37000 / 49981)...
computing neighbors (38000 / 49981)...
computing neighbors (39000 / 49981)...
computing neighbors (40000 / 49981)...
computing neighbors (41000 / 49981)...
computing neighbors (42000 / 49981)...
computing neighbors (43000 / 49981)...
computing neighbors (44000 / 49981)...
computing neighbors (45000 / 49981)...
computing neighbors (46000 / 49981)...
computing neighbors (47000 / 49981)...
computing neighbors (48000 / 49981)...
computing neighbors (49000 / 49981)...
colored 1000 / 49981...
colored 2000 / 49981...
colored 3000 / 49981...
colored 4000 / 49981...
colored 5000 / 49981...
colored 6000 / 49981...
colored 7000 / 49981...
colored 8000 / 49981...
colored 9000 / 49981...
colored 10000 / 49981...
colored 11000 / 49981...
colored 12000 / 49981...
colored 13000 / 49981...
colored 14000 / 49981...
colored 15000 / 49981...
colored 16000 / 49981...
colored 17000 / 49981...
colored 18000 / 49981...
colored 19000 / 49981...
colored 20000 / 49981...
colored 21000 / 49981...
colored 22000 / 49981...
colored 23000 / 49981...
colored 24000 / 49981...
colored 25000 / 49981...
colored 26000 / 49981...
colored 27000 / 49981...
colored 28000 / 49981...
colored 29000 / 49981...
colored 30000 / 49981...
colored 31000 / 49981...
colored 32000 / 49981...
colored 33000 / 49981...
colored 34000 / 49981...
colored 35000 / 49981...
colored 36000 / 49981...
colored 37000 / 49981...
colored 38000 / 49981...
colored 39000 / 49981...
colored 40000 / 49981...
colored 41000 / 49981...
colored 42000 / 49981...
colored 43000 / 49981...
colored 44000 / 49981...
colored 45000 / 49981...
colored 46000 / 49981...
colored 47000 / 49981...
colored 48000 / 49981...
colored 49000 / 49981...
greedy found 282 colors in 101.341 seconds
 time (s)      nb nodes       objective      
---------------------------------------------
  15.775                      282            
  18.688       776.5 k        281            
  20.541       1.2 M          280            
  24.814       1.4 M          279            
  41.280       1.6 M          278            
  83.908       1.7 M          277            
  121.605      1.7 M          276            
  141.520      1.8 M          275            
  238.928      1.9 M          274            
  443.303      2.0 M          273            
  807.888      2.1 M          272            
  1515.609     2.5 M          271            
  2667.383     3.0 M          270            
