printing solutions in: ./dogs-color/insts/cgshop22/rvisp15474.instance.json.solution.json
printing perfs in: ./dogs-color/insts/cgshop22/rvisp15474.instance.json.perf.json

CGSHOP Instance: compute neighbors...
computing neighbors (0 / 15474)...
computing neighbors (1000 / 15474)...
computing neighbors (2000 / 15474)...
computing neighbors (3000 / 15474)...
computing neighbors (4000 / 15474)...
computing neighbors (5000 / 15474)...
computing neighbors (6000 / 15474)...
computing neighbors (7000 / 15474)...
computing neighbors (8000 / 15474)...
computing neighbors (9000 / 15474)...
computing neighbors (10000 / 15474)...
computing neighbors (11000 / 15474)...
computing neighbors (12000 / 15474)...
computing neighbors (13000 / 15474)...
computing neighbors (14000 / 15474)...
computing neighbors (15000 / 15474)...
201        vertices
15474      segments
7171       dominations
=======================
CGSHOP Instance: compute neighbors...
computing neighbors (0 / 15474)...
computing neighbors (1000 / 15474)...
computing neighbors (2000 / 15474)...
computing neighbors (3000 / 15474)...
computing neighbors (4000 / 15474)...
computing neighbors (5000 / 15474)...
computing neighbors (6000 / 15474)...
computing neighbors (7000 / 15474)...
computing neighbors (8000 / 15474)...
computing neighbors (9000 / 15474)...
computing neighbors (10000 / 15474)...
computing neighbors (11000 / 15474)...
computing neighbors (12000 / 15474)...
computing neighbors (13000 / 15474)...
computing neighbors (14000 / 15474)...
computing neighbors (15000 / 15474)...
colored 1000 / 15474...
colored 2000 / 15474...
colored 3000 / 15474...
colored 4000 / 15474...
colored 5000 / 15474...
colored 6000 / 15474...
colored 7000 / 15474...
colored 8000 / 15474...
colored 9000 / 15474...
colored 10000 / 15474...
colored 11000 / 15474...
colored 12000 / 15474...
colored 13000 / 15474...
colored 14000 / 15474...
colored 15000 / 15474...
greedy found 103 colors in 3.506 seconds
 time (s)      nb nodes       objective      
---------------------------------------------
  1.308                       103            
  2.881        3.2 M          102            
  5.573        3.8 M          101            
  6.926        4.1 M          100            
  12.967       4.3 M          99             
  19.095       4.4 M          98             
  26.476       4.5 M          97             
  48.452       4.6 M          96             
  79.788       4.8 M          95             
  171.884      5.0 M          94             
  1605.235     8.7 M          93             
  56753.133    120.3 M        92             
