printing solutions in: ./dogs-color/insts/cgshop22/reecn56737.instance.json.solution.json
printing perfs in: ./dogs-color/insts/cgshop22/reecn56737.instance.json.perf.json

CGSHOP Instance: compute neighbors...
computing neighbors (0 / 56737)...
computing neighbors (1000 / 56737)...
computing neighbors (2000 / 56737)...
computing neighbors (3000 / 56737)...
computing neighbors (4000 / 56737)...
computing neighbors (5000 / 56737)...
computing neighbors (6000 / 56737)...
computing neighbors (7000 / 56737)...
computing neighbors (8000 / 56737)...
computing neighbors (9000 / 56737)...
computing neighbors (10000 / 56737)...
computing neighbors (11000 / 56737)...
computing neighbors (12000 / 56737)...
computing neighbors (13000 / 56737)...
computing neighbors (14000 / 56737)...
computing neighbors (15000 / 56737)...
computing neighbors (16000 / 56737)...
computing neighbors (17000 / 56737)...
computing neighbors (18000 / 56737)...
computing neighbors (19000 / 56737)...
computing neighbors (20000 / 56737)...
computing neighbors (21000 / 56737)...
computing neighbors (22000 / 56737)...
computing neighbors (23000 / 56737)...
computing neighbors (24000 / 56737)...
computing neighbors (25000 / 56737)...
computing neighbors (26000 / 56737)...
computing neighbors (27000 / 56737)...
computing neighbors (28000 / 56737)...
computing neighbors (29000 / 56737)...
computing neighbors (30000 / 56737)...
computing neighbors (31000 / 56737)...
computing neighbors (32000 / 56737)...
computing neighbors (33000 / 56737)...
computing neighbors (34000 / 56737)...
computing neighbors (35000 / 56737)...
computing neighbors (36000 / 56737)...
computing neighbors (37000 / 56737)...
computing neighbors (38000 / 56737)...
computing neighbors (39000 / 56737)...
computing neighbors (40000 / 56737)...
computing neighbors (41000 / 56737)...
computing neighbors (42000 / 56737)...
computing neighbors (43000 / 56737)...
computing neighbors (44000 / 56737)...
computing neighbors (45000 / 56737)...
computing neighbors (46000 / 56737)...
computing neighbors (47000 / 56737)...
computing neighbors (48000 / 56737)...
computing neighbors (49000 / 56737)...
computing neighbors (50000 / 56737)...
computing neighbors (51000 / 56737)...
computing neighbors (52000 / 56737)...
computing neighbors (53000 / 56737)...
computing neighbors (54000 / 56737)...
computing neighbors (55000 / 56737)...
computing neighbors (56000 / 56737)...
79464      vertices
56737      segments
347        dominations
=======================
CGSHOP Instance: compute neighbors...
computing neighbors (0 / 56737)...
computing neighbors (1000 / 56737)...
computing neighbors (2000 / 56737)...
computing neighbors (3000 / 56737)...
computing neighbors (4000 / 56737)...
computing neighbors (5000 / 56737)...
computing neighbors (6000 / 56737)...
computing neighbors (7000 / 56737)...
computing neighbors (8000 / 56737)...
computing neighbors (9000 / 56737)...
computing neighbors (10000 / 56737)...
computing neighbors (11000 / 56737)...
computing neighbors (12000 / 56737)...
computing neighbors (13000 / 56737)...
computing neighbors (14000 / 56737)...
computing neighbors (15000 / 56737)...
computing neighbors (16000 / 56737)...
computing neighbors (17000 / 56737)...
computing neighbors (18000 / 56737)...
computing neighbors (19000 / 56737)...
computing neighbors (20000 / 56737)...
computing neighbors (21000 / 56737)...
computing neighbors (22000 / 56737)...
computing neighbors (23000 / 56737)...
computing neighbors (24000 / 56737)...
computing neighbors (25000 / 56737)...
computing neighbors (26000 / 56737)...
computing neighbors (27000 / 56737)...
computing neighbors (28000 / 56737)...
computing neighbors (29000 / 56737)...
computing neighbors (30000 / 56737)...
computing neighbors (31000 / 56737)...
computing neighbors (32000 / 56737)...
computing neighbors (33000 / 56737)...
computing neighbors (34000 / 56737)...
computing neighbors (35000 / 56737)...
computing neighbors (36000 / 56737)...
computing neighbors (37000 / 56737)...
computing neighbors (38000 / 56737)...
computing neighbors (39000 / 56737)...
computing neighbors (40000 / 56737)...
computing neighbors (41000 / 56737)...
computing neighbors (42000 / 56737)...
computing neighbors (43000 / 56737)...
computing neighbors (44000 / 56737)...
computing neighbors (45000 / 56737)...
computing neighbors (46000 / 56737)...
computing neighbors (47000 / 56737)...
computing neighbors (48000 / 56737)...
computing neighbors (49000 / 56737)...
computing neighbors (50000 / 56737)...
computing neighbors (51000 / 56737)...
computing neighbors (52000 / 56737)...
computing neighbors (53000 / 56737)...
computing neighbors (54000 / 56737)...
computing neighbors (55000 / 56737)...
computing neighbors (56000 / 56737)...
colored 1000 / 56737...
colored 2000 / 56737...
colored 3000 / 56737...
colored 4000 / 56737...
colored 5000 / 56737...
colored 6000 / 56737...
colored 7000 / 56737...
colored 8000 / 56737...
colored 9000 / 56737...
colored 10000 / 56737...
colored 11000 / 56737...
colored 12000 / 56737...
colored 13000 / 56737...
colored 14000 / 56737...
colored 15000 / 56737...
colored 16000 / 56737...
colored 17000 / 56737...
colored 18000 / 56737...
colored 19000 / 56737...
colored 20000 / 56737...
colored 21000 / 56737...
colored 22000 / 56737...
colored 23000 / 56737...
colored 24000 / 56737...
colored 25000 / 56737...
colored 26000 / 56737...
colored 27000 / 56737...
colored 28000 / 56737...
colored 29000 / 56737...
colored 30000 / 56737...
colored 31000 / 56737...
colored 32000 / 56737...
colored 33000 / 56737...
colored 34000 / 56737...
colored 35000 / 56737...
colored 36000 / 56737...
colored 37000 / 56737...
colored 38000 / 56737...
colored 39000 / 56737...
colored 40000 / 56737...
colored 41000 / 56737...
colored 42000 / 56737...
colored 43000 / 56737...
colored 44000 / 56737...
colored 45000 / 56737...
colored 46000 / 56737...
colored 47000 / 56737...
colored 48000 / 56737...
colored 49000 / 56737...
colored 50000 / 56737...
colored 51000 / 56737...
colored 52000 / 56737...
colored 53000 / 56737...
colored 54000 / 56737...
colored 55000 / 56737...
colored 56000 / 56737...
greedy found 279 colors in 87.815 seconds
 time (s)      nb nodes       objective      
---------------------------------------------
  17.974                      279            
  23.215       1.5 M          278            
  29.106       2.2 M          277            
  37.281       2.6 M          276            
  54.082       2.8 M          275            
  65.964       3.0 M          274            
  90.617       3.1 M          273            
  116.270      3.2 M          272            
  141.322      3.2 M          271            
  194.627      3.3 M          270            
  239.146      3.4 M          269            
  253.243      3.4 M          268            
  273.013      3.5 M          267            
  313.835      3.5 M          266            
  384.969      3.6 M          265            
  490.109      3.7 M          264            
  646.411      3.8 M          263            
  878.827      4.0 M          262            
  1144.403     4.2 M          261            
  4208.184     6.5 M          260            
