printing solutions in: ./dogs-color/insts/cgshop22/sqrpecn44118.instance.json.solution.json
printing perfs in: ./dogs-color/insts/cgshop22/sqrpecn44118.instance.json.perf.json

CGSHOP Instance: compute neighbors...
computing neighbors (0 / 44118)...
computing neighbors (1000 / 44118)...
computing neighbors (2000 / 44118)...
computing neighbors (3000 / 44118)...
computing neighbors (4000 / 44118)...
computing neighbors (5000 / 44118)...
computing neighbors (6000 / 44118)...
computing neighbors (7000 / 44118)...
computing neighbors (8000 / 44118)...
computing neighbors (9000 / 44118)...
computing neighbors (10000 / 44118)...
computing neighbors (11000 / 44118)...
computing neighbors (12000 / 44118)...
computing neighbors (13000 / 44118)...
computing neighbors (14000 / 44118)...
computing neighbors (15000 / 44118)...
computing neighbors (16000 / 44118)...
computing neighbors (17000 / 44118)...
computing neighbors (18000 / 44118)...
computing neighbors (19000 / 44118)...
computing neighbors (20000 / 44118)...
computing neighbors (21000 / 44118)...
computing neighbors (22000 / 44118)...
computing neighbors (23000 / 44118)...
computing neighbors (24000 / 44118)...
computing neighbors (25000 / 44118)...
computing neighbors (26000 / 44118)...
computing neighbors (27000 / 44118)...
computing neighbors (28000 / 44118)...
computing neighbors (29000 / 44118)...
computing neighbors (30000 / 44118)...
computing neighbors (31000 / 44118)...
computing neighbors (32000 / 44118)...
computing neighbors (33000 / 44118)...
computing neighbors (34000 / 44118)...
computing neighbors (35000 / 44118)...
computing neighbors (36000 / 44118)...
computing neighbors (37000 / 44118)...
computing neighbors (38000 / 44118)...
computing neighbors (39000 / 44118)...
computing neighbors (40000 / 44118)...
computing neighbors (41000 / 44118)...
computing neighbors (42000 / 44118)...
computing neighbors (43000 / 44118)...
computing neighbors (44000 / 44118)...
66436      vertices
44118      segments
452        dominations
=======================
CGSHOP Instance: compute neighbors...
computing neighbors (0 / 44118)...
computing neighbors (1000 / 44118)...
computing neighbors (2000 / 44118)...
computing neighbors (3000 / 44118)...
computing neighbors (4000 / 44118)...
computing neighbors (5000 / 44118)...
computing neighbors (6000 / 44118)...
computing neighbors (7000 / 44118)...
computing neighbors (8000 / 44118)...
computing neighbors (9000 / 44118)...
computing neighbors (10000 / 44118)...
computing neighbors (11000 / 44118)...
computing neighbors (12000 / 44118)...
computing neighbors (13000 / 44118)...
computing neighbors (14000 / 44118)...
computing neighbors (15000 / 44118)...
computing neighbors (16000 / 44118)...
computing neighbors (17000 / 44118)...
computing neighbors (18000 / 44118)...
computing neighbors (19000 / 44118)...
computing neighbors (20000 / 44118)...
computing neighbors (21000 / 44118)...
computing neighbors (22000 / 44118)...
computing neighbors (23000 / 44118)...
computing neighbors (24000 / 44118)...
computing neighbors (25000 / 44118)...
computing neighbors (26000 / 44118)...
computing neighbors (27000 / 44118)...
computing neighbors (28000 / 44118)...
computing neighbors (29000 / 44118)...
computing neighbors (30000 / 44118)...
computing neighbors (31000 / 44118)...
computing neighbors (32000 / 44118)...
computing neighbors (33000 / 44118)...
computing neighbors (34000 / 44118)...
computing neighbors (35000 / 44118)...
computing neighbors (36000 / 44118)...
computing neighbors (37000 / 44118)...
computing neighbors (38000 / 44118)...
computing neighbors (39000 / 44118)...
computing neighbors (40000 / 44118)...
computing neighbors (41000 / 44118)...
computing neighbors (42000 / 44118)...
computing neighbors (43000 / 44118)...
computing neighbors (44000 / 44118)...
colored 1000 / 44118...
colored 2000 / 44118...
colored 3000 / 44118...
colored 4000 / 44118...
colored 5000 / 44118...
colored 6000 / 44118...
colored 7000 / 44118...
colored 8000 / 44118...
colored 9000 / 44118...
colored 10000 / 44118...
colored 11000 / 44118...
colored 12000 / 44118...
colored 13000 / 44118...
colored 14000 / 44118...
colored 15000 / 44118...
colored 16000 / 44118...
colored 17000 / 44118...
colored 18000 / 44118...
colored 19000 / 44118...
colored 20000 / 44118...
colored 21000 / 44118...
colored 22000 / 44118...
colored 23000 / 44118...
colored 24000 / 44118...
colored 25000 / 44118...
colored 26000 / 44118...
colored 27000 / 44118...
colored 28000 / 44118...
colored 29000 / 44118...
colored 30000 / 44118...
colored 31000 / 44118...
colored 32000 / 44118...
colored 33000 / 44118...
colored 34000 / 44118...
colored 35000 / 44118...
colored 36000 / 44118...
colored 37000 / 44118...
colored 38000 / 44118...
colored 39000 / 44118...
colored 40000 / 44118...
colored 41000 / 44118...
colored 42000 / 44118...
colored 43000 / 44118...
colored 44000 / 44118...
greedy found 564 colors in 40.845 seconds
 time (s)      nb nodes       objective      
---------------------------------------------
  11.321                      564            
  12.307       2.5 M          563            
  12.965       3.1 M          562            
  13.632       3.4 M          561            
  15.011       3.7 M          560            
  15.777       3.8 M          559            
  16.680       3.9 M          558            
  18.344       4.0 M          557            
  19.851       4.1 M          556            
  22.208       4.2 M          555            
  25.135       4.2 M          554            
  29.218       4.3 M          553            
  31.327       4.4 M          552            
  34.788       4.4 M          551            
  41.193       4.4 M          550            
  47.713       4.5 M          549            
  53.828       4.5 M          548            
  56.621       4.5 M          547            
  61.149       4.6 M          546            
  67.136       4.6 M          545            
  71.254       4.6 M          544            
  76.440       4.7 M          543            
  77.925       4.7 M          542            
  80.022       4.7 M          541            
  82.217       4.8 M          540            
  87.336       4.8 M          539            
  95.160       4.8 M          538            
  103.281      4.9 M          537            
  112.680      4.9 M          536            
  117.372      4.9 M          535            
  122.976      5.0 M          534            
  125.025      5.0 M          533            
  132.618      5.0 M          532            
  145.381      5.0 M          531            
  156.970      5.1 M          530            
  178.223      5.1 M          529            
  181.323      5.1 M          528            
  185.361      5.1 M          527            
  190.884      5.2 M          526            
  198.965      5.2 M          525            
  204.570      5.2 M          524            
  219.189      5.3 M          523            
  231.926      5.3 M          522            
  237.614      5.3 M          521            
  265.516      5.4 M          520            
  290.091      5.4 M          519            
  316.205      5.5 M          518            
  329.762      5.5 M          517            
  378.176      5.6 M          516            
  450.787      5.7 M          515            
  505.703      5.8 M          514            
  557.460      5.8 M          513            
  903.327      6.3 M          512            
  1118.317     6.5 M          511            
  1362.299     6.9 M          510            
  1870.348     7.4 M          509            
  6253.932     11.6 M         508            
  7281.183     12.7 M         507            
  11573.685    16.7 M         506            
  48173.430    48.5 M         505            
