printing solutions in: ./dogs-color/insts/cgshop22/sqrp15532.instance.json.solution.json
printing perfs in: ./dogs-color/insts/cgshop22/sqrp15532.instance.json.perf.json

CGSHOP Instance: compute neighbors...
computing neighbors (0 / 15532)...
computing neighbors (1000 / 15532)...
computing neighbors (2000 / 15532)...
computing neighbors (3000 / 15532)...
computing neighbors (4000 / 15532)...
computing neighbors (5000 / 15532)...
computing neighbors (6000 / 15532)...
computing neighbors (7000 / 15532)...
computing neighbors (8000 / 15532)...
computing neighbors (9000 / 15532)...
computing neighbors (10000 / 15532)...
computing neighbors (11000 / 15532)...
computing neighbors (12000 / 15532)...
computing neighbors (13000 / 15532)...
computing neighbors (14000 / 15532)...
computing neighbors (15000 / 15532)...
401        vertices
15532      segments
2381       dominations
=======================
CGSHOP Instance: compute neighbors...
computing neighbors (0 / 15532)...
computing neighbors (1000 / 15532)...
computing neighbors (2000 / 15532)...
computing neighbors (3000 / 15532)...
computing neighbors (4000 / 15532)...
computing neighbors (5000 / 15532)...
computing neighbors (6000 / 15532)...
computing neighbors (7000 / 15532)...
computing neighbors (8000 / 15532)...
computing neighbors (9000 / 15532)...
computing neighbors (10000 / 15532)...
computing neighbors (11000 / 15532)...
computing neighbors (12000 / 15532)...
computing neighbors (13000 / 15532)...
computing neighbors (14000 / 15532)...
computing neighbors (15000 / 15532)...
colored 1000 / 15532...
colored 2000 / 15532...
colored 3000 / 15532...
colored 4000 / 15532...
colored 5000 / 15532...
colored 6000 / 15532...
colored 7000 / 15532...
colored 8000 / 15532...
colored 9000 / 15532...
colored 10000 / 15532...
colored 11000 / 15532...
colored 12000 / 15532...
colored 13000 / 15532...
colored 14000 / 15532...
colored 15000 / 15532...
greedy found 150 colors in 3.406 seconds
 time (s)      nb nodes       objective      
---------------------------------------------
  1.129                       150            
  2.335        13.8 k         149            
  14.028       70.4 k         148            
  18.956       105.0 k        147            
  35.589       169.6 k        146            
  70.966       278.7 k        145            
  2489.407     9.0 M          144            
