printing solutions in: ./dogs-color/insts/cgshop22/reecn44299.instance.json.solution.json
printing perfs in: ./dogs-color/insts/cgshop22/reecn44299.instance.json.perf.json

CGSHOP Instance: compute neighbors...
computing neighbors (0 / 44299)...
computing neighbors (1000 / 44299)...
computing neighbors (2000 / 44299)...
computing neighbors (3000 / 44299)...
computing neighbors (4000 / 44299)...
computing neighbors (5000 / 44299)...
computing neighbors (6000 / 44299)...
computing neighbors (7000 / 44299)...
computing neighbors (8000 / 44299)...
computing neighbors (9000 / 44299)...
computing neighbors (10000 / 44299)...
computing neighbors (11000 / 44299)...
computing neighbors (12000 / 44299)...
computing neighbors (13000 / 44299)...
computing neighbors (14000 / 44299)...
computing neighbors (15000 / 44299)...
computing neighbors (16000 / 44299)...
computing neighbors (17000 / 44299)...
computing neighbors (18000 / 44299)...
computing neighbors (19000 / 44299)...
computing neighbors (20000 / 44299)...
computing neighbors (21000 / 44299)...
computing neighbors (22000 / 44299)...
computing neighbors (23000 / 44299)...
computing neighbors (24000 / 44299)...
computing neighbors (25000 / 44299)...
computing neighbors (26000 / 44299)...
computing neighbors (27000 / 44299)...
computing neighbors (28000 / 44299)...
computing neighbors (29000 / 44299)...
computing neighbors (30000 / 44299)...
computing neighbors (31000 / 44299)...
computing neighbors (32000 / 44299)...
computing neighbors (33000 / 44299)...
computing neighbors (34000 / 44299)...
computing neighbors (35000 / 44299)...
computing neighbors (36000 / 44299)...
computing neighbors (37000 / 44299)...
computing neighbors (38000 / 44299)...
computing neighbors (39000 / 44299)...
computing neighbors (40000 / 44299)...
computing neighbors (41000 / 44299)...
computing neighbors (42000 / 44299)...
computing neighbors (43000 / 44299)...
computing neighbors (44000 / 44299)...
62040      vertices
44299      segments
376        dominations
=======================
CGSHOP Instance: compute neighbors...
computing neighbors (0 / 44299)...
computing neighbors (1000 / 44299)...
computing neighbors (2000 / 44299)...
computing neighbors (3000 / 44299)...
computing neighbors (4000 / 44299)...
computing neighbors (5000 / 44299)...
computing neighbors (6000 / 44299)...
computing neighbors (7000 / 44299)...
computing neighbors (8000 / 44299)...
computing neighbors (9000 / 44299)...
computing neighbors (10000 / 44299)...
computing neighbors (11000 / 44299)...
computing neighbors (12000 / 44299)...
computing neighbors (13000 / 44299)...
computing neighbors (14000 / 44299)...
computing neighbors (15000 / 44299)...
computing neighbors (16000 / 44299)...
computing neighbors (17000 / 44299)...
computing neighbors (18000 / 44299)...
computing neighbors (19000 / 44299)...
computing neighbors (20000 / 44299)...
computing neighbors (21000 / 44299)...
computing neighbors (22000 / 44299)...
computing neighbors (23000 / 44299)...
computing neighbors (24000 / 44299)...
computing neighbors (25000 / 44299)...
computing neighbors (26000 / 44299)...
computing neighbors (27000 / 44299)...
computing neighbors (28000 / 44299)...
computing neighbors (29000 / 44299)...
computing neighbors (30000 / 44299)...
computing neighbors (31000 / 44299)...
computing neighbors (32000 / 44299)...
computing neighbors (33000 / 44299)...
computing neighbors (34000 / 44299)...
computing neighbors (35000 / 44299)...
computing neighbors (36000 / 44299)...
computing neighbors (37000 / 44299)...
computing neighbors (38000 / 44299)...
computing neighbors (39000 / 44299)...
computing neighbors (40000 / 44299)...
computing neighbors (41000 / 44299)...
computing neighbors (42000 / 44299)...
computing neighbors (43000 / 44299)...
computing neighbors (44000 / 44299)...
colored 1000 / 44299...
colored 2000 / 44299...
colored 3000 / 44299...
colored 4000 / 44299...
colored 5000 / 44299...
colored 6000 / 44299...
colored 7000 / 44299...
colored 8000 / 44299...
colored 9000 / 44299...
colored 10000 / 44299...
colored 11000 / 44299...
colored 12000 / 44299...
colored 13000 / 44299...
colored 14000 / 44299...
colored 15000 / 44299...
colored 16000 / 44299...
colored 17000 / 44299...
colored 18000 / 44299...
colored 19000 / 44299...
colored 20000 / 44299...
colored 21000 / 44299...
colored 22000 / 44299...
colored 23000 / 44299...
colored 24000 / 44299...
colored 25000 / 44299...
colored 26000 / 44299...
colored 27000 / 44299...
colored 28000 / 44299...
colored 29000 / 44299...
colored 30000 / 44299...
colored 31000 / 44299...
colored 32000 / 44299...
colored 33000 / 44299...
colored 34000 / 44299...
colored 35000 / 44299...
colored 36000 / 44299...
colored 37000 / 44299...
colored 38000 / 44299...
colored 39000 / 44299...
colored 40000 / 44299...
colored 41000 / 44299...
colored 42000 / 44299...
colored 43000 / 44299...
colored 44000 / 44299...
greedy found 398 colors in 53.383 seconds
 time (s)      nb nodes       objective      
---------------------------------------------
  11.943                      398            
  13.984       1.9 M          397            
  14.958       2.4 M          396            
  15.848       2.8 M          395            
  16.557       3.0 M          394            
  17.394       3.2 M          393            
  18.410       3.3 M          392            
  19.883       3.4 M          391            
  21.466       3.5 M          390            
  24.619       3.5 M          389            
  28.397       3.5 M          388            
  32.649       3.6 M          387            
  37.278       3.6 M          386            
  39.447       3.6 M          385            
  44.679       3.6 M          384            
  48.360       3.7 M          383            
  55.341       3.7 M          382            
  60.508       3.7 M          381            
  65.389       3.7 M          380            
  73.972       3.8 M          379            
  86.271       3.8 M          378            
  97.021       3.8 M          377            
  106.239      3.8 M          376            
  109.725      3.9 M          375            
  117.557      3.9 M          374            
  124.719      3.9 M          373            
  133.492      3.9 M          372            
  142.669      3.9 M          371            
  151.917      3.9 M          370            
  153.329      3.9 M          369            
  165.783      4.0 M          368            
  169.479      4.0 M          367            
  183.972      4.0 M          366            
  190.164      4.0 M          365            
  208.886      4.0 M          364            
  213.426      4.0 M          363            
  219.244      4.0 M          362            
  226.619      4.1 M          361            
  242.032      4.1 M          360            
  264.904      4.1 M          359            
  272.178      4.1 M          358            
  298.834      4.1 M          357            
  317.134      4.2 M          356            
  321.208      4.2 M          355            
  341.178      4.2 M          354            
  368.752      4.2 M          353            
  391.603      4.2 M          352            
  415.280      4.3 M          351            
  449.677      4.3 M          350            
  463.927      4.3 M          349            
  505.198      4.4 M          348            
  530.615      4.4 M          347            
  595.026      4.4 M          346            
  620.664      4.5 M          345            
  684.690      4.5 M          344            
  751.586      4.6 M          343            
  820.833      4.6 M          342            
  922.172      4.7 M          341            
  988.269      4.8 M          340            
  1034.254     4.8 M          339            
  1137.278     4.9 M          338            
  1340.781     5.0 M          337            
  1709.741     5.4 M          336            
  2048.739     5.6 M          335            
  2288.179     5.8 M          334            
  2632.144     6.0 M          333            
  3030.529     6.3 M          332            
  3966.187     7.0 M          331            
  4731.125     7.5 M          330            
  5124.410     7.8 M          329            
  7170.594     9.0 M          328            
  20836.926    17.8 M         327            
  25399.508    20.7 M         326            
