printing solutions in: ./dogs-color/insts/cgshop22/sqrp20166.instance.json.solution.json
printing perfs in: ./dogs-color/insts/cgshop22/sqrp20166.instance.json.perf.json

CGSHOP Instance: compute neighbors...
computing neighbors (0 / 20166)...
computing neighbors (1000 / 20166)...
computing neighbors (2000 / 20166)...
computing neighbors (3000 / 20166)...
computing neighbors (4000 / 20166)...
computing neighbors (5000 / 20166)...
computing neighbors (6000 / 20166)...
computing neighbors (7000 / 20166)...
computing neighbors (8000 / 20166)...
computing neighbors (9000 / 20166)...
computing neighbors (10000 / 20166)...
computing neighbors (11000 / 20166)...
computing neighbors (12000 / 20166)...
computing neighbors (13000 / 20166)...
computing neighbors (14000 / 20166)...
computing neighbors (15000 / 20166)...
computing neighbors (16000 / 20166)...
computing neighbors (17000 / 20166)...
computing neighbors (18000 / 20166)...
computing neighbors (19000 / 20166)...
computing neighbors (20000 / 20166)...
426        vertices
20166      segments
3638       dominations
=======================
CGSHOP Instance: compute neighbors...
computing neighbors (0 / 20166)...
computing neighbors (1000 / 20166)...
computing neighbors (2000 / 20166)...
computing neighbors (3000 / 20166)...
computing neighbors (4000 / 20166)...
computing neighbors (5000 / 20166)...
computing neighbors (6000 / 20166)...
computing neighbors (7000 / 20166)...
computing neighbors (8000 / 20166)...
computing neighbors (9000 / 20166)...
computing neighbors (10000 / 20166)...
computing neighbors (11000 / 20166)...
computing neighbors (12000 / 20166)...
computing neighbors (13000 / 20166)...
computing neighbors (14000 / 20166)...
computing neighbors (15000 / 20166)...
computing neighbors (16000 / 20166)...
computing neighbors (17000 / 20166)...
computing neighbors (18000 / 20166)...
computing neighbors (19000 / 20166)...
computing neighbors (20000 / 20166)...
colored 1000 / 20166...
colored 2000 / 20166...
colored 3000 / 20166...
colored 4000 / 20166...
colored 5000 / 20166...
colored 6000 / 20166...
colored 7000 / 20166...
colored 8000 / 20166...
colored 9000 / 20166...
colored 10000 / 20166...
colored 11000 / 20166...
colored 12000 / 20166...
colored 13000 / 20166...
colored 14000 / 20166...
colored 15000 / 20166...
colored 16000 / 20166...
colored 17000 / 20166...
colored 18000 / 20166...
colored 19000 / 20166...
colored 20000 / 20166...
greedy found 160 colors in 8.815 seconds
 time (s)      nb nodes       objective      
---------------------------------------------
  2.431                       160            
  3.204        209.8 k        159            
  28.270       278.4 k        158            
  86.048       406.4 k        157            
  250.891      726.1 k        156            
  19575.744    33.7 M         155            
