printing solutions in: ./dogs-color/insts/cgshop22/visp34162.instance.json.solution.json
printing perfs in: ./dogs-color/insts/cgshop22/visp34162.instance.json.perf.json

CGSHOP Instance: compute neighbors...
computing neighbors (0 / 34162)...
computing neighbors (1000 / 34162)...
computing neighbors (2000 / 34162)...
computing neighbors (3000 / 34162)...
computing neighbors (4000 / 34162)...
computing neighbors (5000 / 34162)...
computing neighbors (6000 / 34162)...
computing neighbors (7000 / 34162)...
computing neighbors (8000 / 34162)...
computing neighbors (9000 / 34162)...
computing neighbors (10000 / 34162)...
computing neighbors (11000 / 34162)...
computing neighbors (12000 / 34162)...
computing neighbors (13000 / 34162)...
computing neighbors (14000 / 34162)...
computing neighbors (15000 / 34162)...
computing neighbors (16000 / 34162)...
computing neighbors (17000 / 34162)...
computing neighbors (18000 / 34162)...
computing neighbors (19000 / 34162)...
computing neighbors (20000 / 34162)...
computing neighbors (21000 / 34162)...
computing neighbors (22000 / 34162)...
computing neighbors (23000 / 34162)...
computing neighbors (24000 / 34162)...
computing neighbors (25000 / 34162)...
computing neighbors (26000 / 34162)...
computing neighbors (27000 / 34162)...
computing neighbors (28000 / 34162)...
computing neighbors (29000 / 34162)...
computing neighbors (30000 / 34162)...
computing neighbors (31000 / 34162)...
computing neighbors (32000 / 34162)...
computing neighbors (33000 / 34162)...
computing neighbors (34000 / 34162)...
484        vertices
34162      segments
15879      dominations
=======================
CGSHOP Instance: compute neighbors...
computing neighbors (0 / 34162)...
computing neighbors (1000 / 34162)...
computing neighbors (2000 / 34162)...
computing neighbors (3000 / 34162)...
computing neighbors (4000 / 34162)...
computing neighbors (5000 / 34162)...
computing neighbors (6000 / 34162)...
computing neighbors (7000 / 34162)...
computing neighbors (8000 / 34162)...
computing neighbors (9000 / 34162)...
computing neighbors (10000 / 34162)...
computing neighbors (11000 / 34162)...
computing neighbors (12000 / 34162)...
computing neighbors (13000 / 34162)...
computing neighbors (14000 / 34162)...
computing neighbors (15000 / 34162)...
computing neighbors (16000 / 34162)...
computing neighbors (17000 / 34162)...
computing neighbors (18000 / 34162)...
computing neighbors (19000 / 34162)...
computing neighbors (20000 / 34162)...
computing neighbors (21000 / 34162)...
computing neighbors (22000 / 34162)...
computing neighbors (23000 / 34162)...
computing neighbors (24000 / 34162)...
computing neighbors (25000 / 34162)...
computing neighbors (26000 / 34162)...
computing neighbors (27000 / 34162)...
computing neighbors (28000 / 34162)...
computing neighbors (29000 / 34162)...
computing neighbors (30000 / 34162)...
computing neighbors (31000 / 34162)...
computing neighbors (32000 / 34162)...
computing neighbors (33000 / 34162)...
computing neighbors (34000 / 34162)...
colored 1000 / 34162...
colored 2000 / 34162...
colored 3000 / 34162...
colored 4000 / 34162...
colored 5000 / 34162...
colored 6000 / 34162...
colored 7000 / 34162...
colored 8000 / 34162...
colored 9000 / 34162...
colored 10000 / 34162...
colored 11000 / 34162...
colored 12000 / 34162...
colored 13000 / 34162...
colored 14000 / 34162...
colored 15000 / 34162...
colored 16000 / 34162...
colored 17000 / 34162...
colored 18000 / 34162...
colored 19000 / 34162...
colored 20000 / 34162...
colored 21000 / 34162...
colored 22000 / 34162...
colored 23000 / 34162...
colored 24000 / 34162...
colored 25000 / 34162...
colored 26000 / 34162...
colored 27000 / 34162...
colored 28000 / 34162...
colored 29000 / 34162...
colored 30000 / 34162...
colored 31000 / 34162...
colored 32000 / 34162...
colored 33000 / 34162...
colored 34000 / 34162...
greedy found 150 colors in 17.896 seconds
 time (s)      nb nodes       objective      
---------------------------------------------
  5.254                       150            
  30.804       55.8 M         149            
  37.547       66.1 M         148            
  43.040       72.8 M         147            
  54.439       77.6 M         146            
  64.998       80.8 M         145            
  73.428       83.1 M         144            
  91.846       85.0 M         143            
  106.703      86.3 M         142            
  132.104      87.4 M         141            
  146.355      88.1 M         140            
  201.284      88.7 M         139            
  235.694      89.2 M         138            
  278.362      89.5 M         137            
  313.778      89.8 M         136            
  522.042      90.3 M         135            
  1007.935     91.1 M         134            
  2043.441     92.2 M         133            
  3154.860     93.4 M         132            
  11000.506    102.0 M        131            
  54632.672    140.1 M        130            
