printing solutions in: ./dogs-color/insts/cgshop22/visp45466.instance.json.solution.json
printing perfs in: ./dogs-color/insts/cgshop22/visp45466.instance.json.perf.json

CGSHOP Instance: compute neighbors...
computing neighbors (0 / 45466)...
computing neighbors (1000 / 45466)...
computing neighbors (2000 / 45466)...
computing neighbors (3000 / 45466)...
computing neighbors (4000 / 45466)...
computing neighbors (5000 / 45466)...
computing neighbors (6000 / 45466)...
computing neighbors (7000 / 45466)...
computing neighbors (8000 / 45466)...
computing neighbors (9000 / 45466)...
computing neighbors (10000 / 45466)...
computing neighbors (11000 / 45466)...
computing neighbors (12000 / 45466)...
computing neighbors (13000 / 45466)...
computing neighbors (14000 / 45466)...
computing neighbors (15000 / 45466)...
computing neighbors (16000 / 45466)...
computing neighbors (17000 / 45466)...
computing neighbors (18000 / 45466)...
computing neighbors (19000 / 45466)...
computing neighbors (20000 / 45466)...
computing neighbors (21000 / 45466)...
computing neighbors (22000 / 45466)...
computing neighbors (23000 / 45466)...
computing neighbors (24000 / 45466)...
computing neighbors (25000 / 45466)...
computing neighbors (26000 / 45466)...
computing neighbors (27000 / 45466)...
computing neighbors (28000 / 45466)...
computing neighbors (29000 / 45466)...
computing neighbors (30000 / 45466)...
computing neighbors (31000 / 45466)...
computing neighbors (32000 / 45466)...
computing neighbors (33000 / 45466)...
computing neighbors (34000 / 45466)...
computing neighbors (35000 / 45466)...
computing neighbors (36000 / 45466)...
computing neighbors (37000 / 45466)...
computing neighbors (38000 / 45466)...
computing neighbors (39000 / 45466)...
computing neighbors (40000 / 45466)...
computing neighbors (41000 / 45466)...
computing neighbors (42000 / 45466)...
computing neighbors (43000 / 45466)...
computing neighbors (44000 / 45466)...
computing neighbors (45000 / 45466)...
1008       vertices
45466      segments
21854      dominations
=======================
CGSHOP Instance: compute neighbors...
computing neighbors (0 / 45466)...
computing neighbors (1000 / 45466)...
computing neighbors (2000 / 45466)...
computing neighbors (3000 / 45466)...
computing neighbors (4000 / 45466)...
computing neighbors (5000 / 45466)...
computing neighbors (6000 / 45466)...
computing neighbors (7000 / 45466)...
computing neighbors (8000 / 45466)...
computing neighbors (9000 / 45466)...
computing neighbors (10000 / 45466)...
computing neighbors (11000 / 45466)...
computing neighbors (12000 / 45466)...
computing neighbors (13000 / 45466)...
computing neighbors (14000 / 45466)...
computing neighbors (15000 / 45466)...
computing neighbors (16000 / 45466)...
computing neighbors (17000 / 45466)...
computing neighbors (18000 / 45466)...
computing neighbors (19000 / 45466)...
computing neighbors (20000 / 45466)...
computing neighbors (21000 / 45466)...
computing neighbors (22000 / 45466)...
computing neighbors (23000 / 45466)...
computing neighbors (24000 / 45466)...
computing neighbors (25000 / 45466)...
computing neighbors (26000 / 45466)...
computing neighbors (27000 / 45466)...
computing neighbors (28000 / 45466)...
computing neighbors (29000 / 45466)...
computing neighbors (30000 / 45466)...
computing neighbors (31000 / 45466)...
computing neighbors (32000 / 45466)...
computing neighbors (33000 / 45466)...
computing neighbors (34000 / 45466)...
computing neighbors (35000 / 45466)...
computing neighbors (36000 / 45466)...
computing neighbors (37000 / 45466)...
computing neighbors (38000 / 45466)...
computing neighbors (39000 / 45466)...
computing neighbors (40000 / 45466)...
computing neighbors (41000 / 45466)...
computing neighbors (42000 / 45466)...
computing neighbors (43000 / 45466)...
computing neighbors (44000 / 45466)...
computing neighbors (45000 / 45466)...
colored 1000 / 45466...
colored 2000 / 45466...
colored 3000 / 45466...
colored 4000 / 45466...
colored 5000 / 45466...
colored 6000 / 45466...
colored 7000 / 45466...
colored 8000 / 45466...
colored 9000 / 45466...
colored 10000 / 45466...
colored 11000 / 45466...
colored 12000 / 45466...
colored 13000 / 45466...
colored 14000 / 45466...
colored 15000 / 45466...
colored 16000 / 45466...
colored 17000 / 45466...
colored 18000 / 45466...
colored 19000 / 45466...
colored 20000 / 45466...
colored 21000 / 45466...
colored 22000 / 45466...
colored 23000 / 45466...
colored 24000 / 45466...
colored 25000 / 45466...
colored 26000 / 45466...
colored 27000 / 45466...
colored 28000 / 45466...
colored 29000 / 45466...
colored 30000 / 45466...
colored 31000 / 45466...
colored 32000 / 45466...
colored 33000 / 45466...
colored 34000 / 45466...
colored 35000 / 45466...
colored 36000 / 45466...
colored 37000 / 45466...
colored 38000 / 45466...
colored 39000 / 45466...
colored 40000 / 45466...
colored 41000 / 45466...
colored 42000 / 45466...
colored 43000 / 45466...
colored 44000 / 45466...
colored 45000 / 45466...
greedy found 134 colors in 19.843 seconds
 time (s)      nb nodes       objective      
---------------------------------------------
  7.464                       134            
  126.374      244.4 M        133            
  158.215      297.8 M        132            
  187.407      339.6 M        131            
  211.342      369.8 M        130            
  231.288      389.2 M        129            
  252.692      403.8 M        128            
  273.919      414.8 M        127            
  300.865      423.9 M        126            
  317.531      430.3 M        125            
  339.592      435.4 M        124            
  360.915      438.3 M        123            
  386.729      440.6 M        122            
  416.960      443.1 M        121            
  440.083      444.8 M        120            
  480.869      446.0 M        119            
  567.261      446.8 M        118            
  617.263      447.3 M        117            
  644.960      448.0 M        116            
  925.336      449.2 M        115            
  1077.681     449.7 M        114            
  1514.417     450.6 M        113            
  2363.626     451.8 M        112            
