printing solutions in: ./dogs-color/insts/cgshop22/vispecn53314.instance.json.solution.json
printing perfs in: ./dogs-color/insts/cgshop22/vispecn53314.instance.json.perf.json

CGSHOP Instance: compute neighbors...
computing neighbors (0 / 53314)...
computing neighbors (1000 / 53314)...
computing neighbors (2000 / 53314)...
computing neighbors (3000 / 53314)...
computing neighbors (4000 / 53314)...
computing neighbors (5000 / 53314)...
computing neighbors (6000 / 53314)...
computing neighbors (7000 / 53314)...
computing neighbors (8000 / 53314)...
computing neighbors (9000 / 53314)...
computing neighbors (10000 / 53314)...
computing neighbors (11000 / 53314)...
computing neighbors (12000 / 53314)...
computing neighbors (13000 / 53314)...
computing neighbors (14000 / 53314)...
computing neighbors (15000 / 53314)...
computing neighbors (16000 / 53314)...
computing neighbors (17000 / 53314)...
computing neighbors (18000 / 53314)...
computing neighbors (19000 / 53314)...
computing neighbors (20000 / 53314)...
computing neighbors (21000 / 53314)...
computing neighbors (22000 / 53314)...
computing neighbors (23000 / 53314)...
computing neighbors (24000 / 53314)...
computing neighbors (25000 / 53314)...
computing neighbors (26000 / 53314)...
computing neighbors (27000 / 53314)...
computing neighbors (28000 / 53314)...
computing neighbors (29000 / 53314)...
computing neighbors (30000 / 53314)...
computing neighbors (31000 / 53314)...
computing neighbors (32000 / 53314)...
computing neighbors (33000 / 53314)...
computing neighbors (34000 / 53314)...
computing neighbors (35000 / 53314)...
computing neighbors (36000 / 53314)...
computing neighbors (37000 / 53314)...
computing neighbors (38000 / 53314)...
computing neighbors (39000 / 53314)...
computing neighbors (40000 / 53314)...
computing neighbors (41000 / 53314)...
computing neighbors (42000 / 53314)...
computing neighbors (43000 / 53314)...
computing neighbors (44000 / 53314)...
computing neighbors (45000 / 53314)...
computing neighbors (46000 / 53314)...
computing neighbors (47000 / 53314)...
computing neighbors (48000 / 53314)...
computing neighbors (49000 / 53314)...
computing neighbors (50000 / 53314)...
computing neighbors (51000 / 53314)...
computing neighbors (52000 / 53314)...
computing neighbors (53000 / 53314)...
75094      vertices
53314      segments
385        dominations
=======================
CGSHOP Instance: compute neighbors...
computing neighbors (0 / 53314)...
computing neighbors (1000 / 53314)...
computing neighbors (2000 / 53314)...
computing neighbors (3000 / 53314)...
computing neighbors (4000 / 53314)...
computing neighbors (5000 / 53314)...
computing neighbors (6000 / 53314)...
computing neighbors (7000 / 53314)...
computing neighbors (8000 / 53314)...
computing neighbors (9000 / 53314)...
computing neighbors (10000 / 53314)...
computing neighbors (11000 / 53314)...
computing neighbors (12000 / 53314)...
computing neighbors (13000 / 53314)...
computing neighbors (14000 / 53314)...
computing neighbors (15000 / 53314)...
computing neighbors (16000 / 53314)...
computing neighbors (17000 / 53314)...
computing neighbors (18000 / 53314)...
computing neighbors (19000 / 53314)...
computing neighbors (20000 / 53314)...
computing neighbors (21000 / 53314)...
computing neighbors (22000 / 53314)...
computing neighbors (23000 / 53314)...
computing neighbors (24000 / 53314)...
computing neighbors (25000 / 53314)...
computing neighbors (26000 / 53314)...
computing neighbors (27000 / 53314)...
computing neighbors (28000 / 53314)...
computing neighbors (29000 / 53314)...
computing neighbors (30000 / 53314)...
computing neighbors (31000 / 53314)...
computing neighbors (32000 / 53314)...
computing neighbors (33000 / 53314)...
computing neighbors (34000 / 53314)...
computing neighbors (35000 / 53314)...
computing neighbors (36000 / 53314)...
computing neighbors (37000 / 53314)...
computing neighbors (38000 / 53314)...
computing neighbors (39000 / 53314)...
computing neighbors (40000 / 53314)...
computing neighbors (41000 / 53314)...
computing neighbors (42000 / 53314)...
computing neighbors (43000 / 53314)...
computing neighbors (44000 / 53314)...
computing neighbors (45000 / 53314)...
computing neighbors (46000 / 53314)...
computing neighbors (47000 / 53314)...
computing neighbors (48000 / 53314)...
computing neighbors (49000 / 53314)...
computing neighbors (50000 / 53314)...
computing neighbors (51000 / 53314)...
computing neighbors (52000 / 53314)...
computing neighbors (53000 / 53314)...
colored 1000 / 53314...
colored 2000 / 53314...
colored 3000 / 53314...
colored 4000 / 53314...
colored 5000 / 53314...
colored 6000 / 53314...
colored 7000 / 53314...
colored 8000 / 53314...
colored 9000 / 53314...
colored 10000 / 53314...
colored 11000 / 53314...
colored 12000 / 53314...
colored 13000 / 53314...
colored 14000 / 53314...
colored 15000 / 53314...
colored 16000 / 53314...
colored 17000 / 53314...
colored 18000 / 53314...
colored 19000 / 53314...
colored 20000 / 53314...
colored 21000 / 53314...
colored 22000 / 53314...
colored 23000 / 53314...
colored 24000 / 53314...
colored 25000 / 53314...
colored 26000 / 53314...
colored 27000 / 53314...
colored 28000 / 53314...
colored 29000 / 53314...
colored 30000 / 53314...
colored 31000 / 53314...
colored 32000 / 53314...
colored 33000 / 53314...
colored 34000 / 53314...
colored 35000 / 53314...
colored 36000 / 53314...
colored 37000 / 53314...
colored 38000 / 53314...
colored 39000 / 53314...
colored 40000 / 53314...
colored 41000 / 53314...
colored 42000 / 53314...
colored 43000 / 53314...
colored 44000 / 53314...
colored 45000 / 53314...
colored 46000 / 53314...
colored 47000 / 53314...
colored 48000 / 53314...
colored 49000 / 53314...
colored 50000 / 53314...
colored 51000 / 53314...
colored 52000 / 53314...
colored 53000 / 53314...
greedy found 376 colors in 32.965 seconds
 time (s)      nb nodes       objective      
---------------------------------------------
  11.152                      376            
  17.193       16.3 M         375            
  22.421       27.9 M         374            
  27.203       37.6 M         373            
  32.234       48.2 M         372            
  37.083       56.6 M         371            
  41.568       61.0 M         370            
  45.978       66.7 M         369            
  50.301       69.8 M         368            
  54.865       73.3 M         367            
  59.986       77.0 M         366            
  63.703       81.7 M         365            
  67.828       83.7 M         364            
  73.501       87.0 M         363            
  77.147       91.1 M         362            
  80.859       94.1 M         361            
  84.363       96.1 M         360            
  88.104       97.7 M         359            
  92.057       100.2 M        358            
  95.779       103.2 M        357            
  99.428       104.6 M        356            
  103.859      106.5 M        355            
  106.882      107.8 M        354            
  110.470      108.7 M        353            
  113.965      109.6 M        352            
  117.787      111.2 M        351            
  121.875      112.0 M        350            
  124.684      114.3 M        349            
  128.666      115.2 M        348            
  132.228      116.4 M        347            
  135.934      117.0 M        346            
  139.535      118.5 M        345            
  142.714      119.1 M        344            
  145.547      120.0 M        343            
  148.474      121.6 M        342            
  151.563      122.1 M        341            
  155.662      123.1 M        340            
  158.935      123.5 M        339            
  162.569      124.0 M        338            
  168.179      124.8 M        337            
  171.527      125.2 M        336            
  175.023      126.1 M        335            
  179.288      126.7 M        334            
  183.441      127.1 M        333            
  187.372      127.5 M        332            
  191.243      127.9 M        331            
  195.478      128.1 M        330            
  199.051      128.9 M        329            
  202.717      129.1 M        328            
  209.093      129.5 M        327            
  212.417      129.9 M        326            
  214.862      130.3 M        325            
  219.711      130.9 M        324            
  224.072      131.0 M        323            
  226.620      131.3 M        322            
  229.857      131.5 M        321            
  232.669      131.6 M        320            
  235.568      131.7 M        319            
  239.043      131.8 M        318            
  242.689      131.9 M        317            
  246.817      131.9 M        316            
  249.033      132.0 M        315            
  252.855      132.1 M        314            
  256.453      132.2 M        313            
  261.885      132.2 M        312            
  268.281      132.3 M        311            
  272.625      132.3 M        310            
  278.776      132.5 M        309            
  284.845      132.5 M        308            
  290.330      132.6 M        307            
  298.031      132.7 M        306            
  307.036      132.7 M        305            
  315.893      132.8 M        304            
  322.083      132.9 M        303            
  329.777      132.9 M        302            
  343.119      133.0 M        301            
  358.440      133.1 M        300            
  376.390      133.1 M        299            
  395.185      133.2 M        298            
  401.196      133.3 M        297            
  413.829      133.3 M        296            
  439.008      133.4 M        295            
  467.444      133.5 M        294            
  516.301      133.6 M        293            
  582.921      133.7 M        292            
  662.266      133.8 M        291            
  685.074      133.9 M        290            
  742.569      134.0 M        289            
  858.042      134.2 M        288            
  903.618      134.3 M        287            
  1082.571     134.6 M        286            
  1310.085     134.9 M        285            
  1386.195     135.1 M        284            
  1832.694     135.8 M        283            
  3513.141     137.5 M        282            
  5829.750     140.2 M        281            
  7166.225     141.6 M        280            
  15232.580    152.1 M        279            
  29336.838    169.2 M        278            
  57361.898    196.7 M        277            
