printing solutions in: ./dogs-color/insts/cgshop22/rvisp3499.instance.json.solution.json
printing perfs in: ./dogs-color/insts/cgshop22/rvisp3499.instance.json.perf.json

CGSHOP Instance: compute neighbors...
computing neighbors (0 / 3499)...
computing neighbors (1000 / 3499)...
computing neighbors (2000 / 3499)...
computing neighbors (3000 / 3499)...
207        vertices
3499       segments
1667       dominations
=======================
CGSHOP Instance: compute neighbors...
computing neighbors (0 / 3499)...
computing neighbors (1000 / 3499)...
computing neighbors (2000 / 3499)...
computing neighbors (3000 / 3499)...
colored 1000 / 3499...
colored 2000 / 3499...
colored 3000 / 3499...
greedy found 40 colors in 0.092 seconds
 time (s)      nb nodes       objective      
---------------------------------------------
  0.045                       40             
  0.247        2.0 M          39             
  0.328        2.4 M          38             
  0.387        2.7 M          37             
  0.520        2.9 M          36             
  0.638        2.9 M          35             
  1.498        3.0 M          34             
  449.324      17.1 M         33             
