printing solutions in: ./dogs-color/insts/cgshop22/rvispecn2615.instance.json.solution.json
printing perfs in: ./dogs-color/insts/cgshop22/rvispecn2615.instance.json.perf.json

CGSHOP Instance: compute neighbors...
computing neighbors (0 / 2615)...
computing neighbors (1000 / 2615)...
computing neighbors (2000 / 2615)...
3715       vertices
2615       segments
127        dominations
=======================
CGSHOP Instance: compute neighbors...
computing neighbors (0 / 2615)...
computing neighbors (1000 / 2615)...
computing neighbors (2000 / 2615)...
colored 1000 / 2615...
colored 2000 / 2615...
greedy found 45 colors in 0.116 seconds
 time (s)      nb nodes       objective      
---------------------------------------------
  0.023                       45             
  0.066        309.9 k        44             
  0.091        473.7 k        43             
  0.132        598.3 k        42             
  0.167        695.0 k        41             
  0.231        763.9 k        40             
  0.326        802.0 k        39             
  17.444       2.4 M          38             
