printing solutions in: ./dogs-color/insts/cgshop22/reecn51526.instance.json.solution.json
printing perfs in: ./dogs-color/insts/cgshop22/reecn51526.instance.json.perf.json

CGSHOP Instance: compute neighbors...
computing neighbors (0 / 51526)...
computing neighbors (1000 / 51526)...
computing neighbors (2000 / 51526)...
computing neighbors (3000 / 51526)...
computing neighbors (4000 / 51526)...
computing neighbors (5000 / 51526)...
computing neighbors (6000 / 51526)...
computing neighbors (7000 / 51526)...
computing neighbors (8000 / 51526)...
computing neighbors (9000 / 51526)...
computing neighbors (10000 / 51526)...
computing neighbors (11000 / 51526)...
computing neighbors (12000 / 51526)...
computing neighbors (13000 / 51526)...
computing neighbors (14000 / 51526)...
computing neighbors (15000 / 51526)...
computing neighbors (16000 / 51526)...
computing neighbors (17000 / 51526)...
computing neighbors (18000 / 51526)...
computing neighbors (19000 / 51526)...
computing neighbors (20000 / 51526)...
computing neighbors (21000 / 51526)...
computing neighbors (22000 / 51526)...
computing neighbors (23000 / 51526)...
computing neighbors (24000 / 51526)...
computing neighbors (25000 / 51526)...
computing neighbors (26000 / 51526)...
computing neighbors (27000 / 51526)...
computing neighbors (28000 / 51526)...
computing neighbors (29000 / 51526)...
computing neighbors (30000 / 51526)...
computing neighbors (31000 / 51526)...
computing neighbors (32000 / 51526)...
computing neighbors (33000 / 51526)...
computing neighbors (34000 / 51526)...
computing neighbors (35000 / 51526)...
computing neighbors (36000 / 51526)...
computing neighbors (37000 / 51526)...
computing neighbors (38000 / 51526)...
computing neighbors (39000 / 51526)...
computing neighbors (40000 / 51526)...
computing neighbors (41000 / 51526)...
computing neighbors (42000 / 51526)...
computing neighbors (43000 / 51526)...
computing neighbors (44000 / 51526)...
computing neighbors (45000 / 51526)...
computing neighbors (46000 / 51526)...
computing neighbors (47000 / 51526)...
computing neighbors (48000 / 51526)...
computing neighbors (49000 / 51526)...
computing neighbors (50000 / 51526)...
computing neighbors (51000 / 51526)...
71940      vertices
51526      segments
308        dominations
=======================
CGSHOP Instance: compute neighbors...
computing neighbors (0 / 51526)...
computing neighbors (1000 / 51526)...
computing neighbors (2000 / 51526)...
computing neighbors (3000 / 51526)...
computing neighbors (4000 / 51526)...
computing neighbors (5000 / 51526)...
computing neighbors (6000 / 51526)...
computing neighbors (7000 / 51526)...
computing neighbors (8000 / 51526)...
computing neighbors (9000 / 51526)...
computing neighbors (10000 / 51526)...
computing neighbors (11000 / 51526)...
computing neighbors (12000 / 51526)...
computing neighbors (13000 / 51526)...
computing neighbors (14000 / 51526)...
computing neighbors (15000 / 51526)...
computing neighbors (16000 / 51526)...
computing neighbors (17000 / 51526)...
computing neighbors (18000 / 51526)...
computing neighbors (19000 / 51526)...
computing neighbors (20000 / 51526)...
computing neighbors (21000 / 51526)...
computing neighbors (22000 / 51526)...
computing neighbors (23000 / 51526)...
computing neighbors (24000 / 51526)...
computing neighbors (25000 / 51526)...
computing neighbors (26000 / 51526)...
computing neighbors (27000 / 51526)...
computing neighbors (28000 / 51526)...
computing neighbors (29000 / 51526)...
computing neighbors (30000 / 51526)...
computing neighbors (31000 / 51526)...
computing neighbors (32000 / 51526)...
computing neighbors (33000 / 51526)...
computing neighbors (34000 / 51526)...
computing neighbors (35000 / 51526)...
computing neighbors (36000 / 51526)...
computing neighbors (37000 / 51526)...
computing neighbors (38000 / 51526)...
computing neighbors (39000 / 51526)...
computing neighbors (40000 / 51526)...
computing neighbors (41000 / 51526)...
computing neighbors (42000 / 51526)...
computing neighbors (43000 / 51526)...
computing neighbors (44000 / 51526)...
computing neighbors (45000 / 51526)...
computing neighbors (46000 / 51526)...
computing neighbors (47000 / 51526)...
computing neighbors (48000 / 51526)...
computing neighbors (49000 / 51526)...
computing neighbors (50000 / 51526)...
computing neighbors (51000 / 51526)...
colored 1000 / 51526...
colored 2000 / 51526...
colored 3000 / 51526...
colored 4000 / 51526...
colored 5000 / 51526...
colored 6000 / 51526...
colored 7000 / 51526...
colored 8000 / 51526...
colored 9000 / 51526...
colored 10000 / 51526...
colored 11000 / 51526...
colored 12000 / 51526...
colored 13000 / 51526...
colored 14000 / 51526...
colored 15000 / 51526...
colored 16000 / 51526...
colored 17000 / 51526...
colored 18000 / 51526...
colored 19000 / 51526...
colored 20000 / 51526...
colored 21000 / 51526...
colored 22000 / 51526...
colored 23000 / 51526...
colored 24000 / 51526...
colored 25000 / 51526...
colored 26000 / 51526...
colored 27000 / 51526...
colored 28000 / 51526...
colored 29000 / 51526...
colored 30000 / 51526...
colored 31000 / 51526...
colored 32000 / 51526...
colored 33000 / 51526...
colored 34000 / 51526...
colored 35000 / 51526...
colored 36000 / 51526...
colored 37000 / 51526...
colored 38000 / 51526...
colored 39000 / 51526...
colored 40000 / 51526...
colored 41000 / 51526...
colored 42000 / 51526...
colored 43000 / 51526...
colored 44000 / 51526...
colored 45000 / 51526...
colored 46000 / 51526...
colored 47000 / 51526...
colored 48000 / 51526...
colored 49000 / 51526...
colored 50000 / 51526...
colored 51000 / 51526...
greedy found 367 colors in 77.413 seconds
 time (s)      nb nodes       objective      
---------------------------------------------
  15.841                      367            
  18.665       1.4 M          366            
  20.488       2.0 M          365            
  23.020       2.4 M          364            
  25.246       2.6 M          363            
  28.138       2.7 M          362            
  32.268       2.8 M          361            
  36.100       2.9 M          360            
  41.119       2.9 M          359            
  44.959       2.9 M          358            
  55.349       3.0 M          357            
  63.305       3.0 M          356            
  79.842       3.0 M          355            
  94.022       3.1 M          354            
  108.377      3.1 M          353            
  118.723      3.1 M          352            
  127.416      3.1 M          351            
  145.584      3.2 M          350            
  149.575      3.2 M          349            
  170.679      3.2 M          348            
  183.246      3.2 M          347            
  190.103      3.2 M          346            
  208.372      3.3 M          345            
  229.166      3.3 M          344            
  234.167      3.3 M          343            
  238.760      3.3 M          342            
  254.078      3.3 M          341            
  262.388      3.4 M          340            
  290.572      3.4 M          339            
  301.851      3.4 M          338            
  322.323      3.5 M          337            
  335.766      3.5 M          336            
  350.201      3.5 M          335            
  372.743      3.5 M          334            
  390.654      3.5 M          333            
  433.593      3.6 M          332            
  498.793      3.6 M          331            
  538.011      3.7 M          330            
  580.169      3.7 M          329            
  611.971      3.7 M          328            
  628.028      3.8 M          327            
  701.343      3.8 M          326            
  734.366      3.8 M          325            
  762.181      3.9 M          324            
  792.542      3.9 M          323            
  865.687      4.0 M          322            
  1197.616     4.2 M          321            
  1411.653     4.4 M          320            
  1971.369     4.8 M          319            
  3137.511     5.5 M          318            
  4588.601     6.5 M          317            
  7173.723     8.1 M          316            
  18282.260    14.2 M         315            
  36575.219    25.6 M         314            
