printing solutions in: ./dogs-color/insts/cgshop22/reecn17244.instance.json.solution.json
printing perfs in: ./dogs-color/insts/cgshop22/reecn17244.instance.json.perf.json

CGSHOP Instance: compute neighbors...
computing neighbors (0 / 17244)...
computing neighbors (1000 / 17244)...
computing neighbors (2000 / 17244)...
computing neighbors (3000 / 17244)...
computing neighbors (4000 / 17244)...
computing neighbors (5000 / 17244)...
computing neighbors (6000 / 17244)...
computing neighbors (7000 / 17244)...
computing neighbors (8000 / 17244)...
computing neighbors (9000 / 17244)...
computing neighbors (10000 / 17244)...
computing neighbors (11000 / 17244)...
computing neighbors (12000 / 17244)...
computing neighbors (13000 / 17244)...
computing neighbors (14000 / 17244)...
computing neighbors (15000 / 17244)...
computing neighbors (16000 / 17244)...
computing neighbors (17000 / 17244)...
23826      vertices
17244      segments
194        dominations
=======================
CGSHOP Instance: compute neighbors...
computing neighbors (0 / 17244)...
computing neighbors (1000 / 17244)...
computing neighbors (2000 / 17244)...
computing neighbors (3000 / 17244)...
computing neighbors (4000 / 17244)...
computing neighbors (5000 / 17244)...
computing neighbors (6000 / 17244)...
computing neighbors (7000 / 17244)...
computing neighbors (8000 / 17244)...
computing neighbors (9000 / 17244)...
computing neighbors (10000 / 17244)...
computing neighbors (11000 / 17244)...
computing neighbors (12000 / 17244)...
computing neighbors (13000 / 17244)...
computing neighbors (14000 / 17244)...
computing neighbors (15000 / 17244)...
computing neighbors (16000 / 17244)...
computing neighbors (17000 / 17244)...
colored 1000 / 17244...
colored 2000 / 17244...
colored 3000 / 17244...
colored 4000 / 17244...
colored 5000 / 17244...
colored 6000 / 17244...
colored 7000 / 17244...
colored 8000 / 17244...
colored 9000 / 17244...
colored 10000 / 17244...
colored 11000 / 17244...
colored 12000 / 17244...
colored 13000 / 17244...
colored 14000 / 17244...
colored 15000 / 17244...
colored 16000 / 17244...
colored 17000 / 17244...
greedy found 183 colors in 3.906 seconds
 time (s)      nb nodes       objective      
---------------------------------------------
  1.480                       183            
  1.793        366.4 k        182            
  1.995        478.1 k        181            
  2.293        525.2 k        180            
  2.739        563.8 k        179            
  3.204        580.0 k        178            
  3.798        600.3 k        177            
  4.427        612.7 k        176            
  5.247        624.1 k        175            
  6.734        641.1 k        174            
  8.929        659.9 k        173            
  11.006       677.6 k        172            
  12.588       689.1 k        171            
  15.928       711.2 k        170            
  17.395       722.6 k        169            
  18.959       737.4 k        168            
  21.411       749.0 k        167            
  28.186       780.6 k        166            
  32.528       807.6 k        165            
  46.714       887.4 k        164            
  60.061       955.3 k        163            
  76.625       1.0 M          162            
  304.874      2.1 M          161            
  6802.203     28.1 M         160            
