printing solutions in: ./dogs-color/insts/cgshop22/sqrpecn62891.instance.json.solution.json
printing perfs in: ./dogs-color/insts/cgshop22/sqrpecn62891.instance.json.perf.json

CGSHOP Instance: compute neighbors...
computing neighbors (0 / 62891)...
computing neighbors (1000 / 62891)...
computing neighbors (2000 / 62891)...
computing neighbors (3000 / 62891)...
computing neighbors (4000 / 62891)...
computing neighbors (5000 / 62891)...
computing neighbors (6000 / 62891)...
computing neighbors (7000 / 62891)...
computing neighbors (8000 / 62891)...
computing neighbors (9000 / 62891)...
computing neighbors (10000 / 62891)...
computing neighbors (11000 / 62891)...
computing neighbors (12000 / 62891)...
computing neighbors (13000 / 62891)...
computing neighbors (14000 / 62891)...
computing neighbors (15000 / 62891)...
computing neighbors (16000 / 62891)...
computing neighbors (17000 / 62891)...
computing neighbors (18000 / 62891)...
computing neighbors (19000 / 62891)...
computing neighbors (20000 / 62891)...
computing neighbors (21000 / 62891)...
computing neighbors (22000 / 62891)...
computing neighbors (23000 / 62891)...
computing neighbors (24000 / 62891)...
computing neighbors (25000 / 62891)...
computing neighbors (26000 / 62891)...
computing neighbors (27000 / 62891)...
computing neighbors (28000 / 62891)...
computing neighbors (29000 / 62891)...
computing neighbors (30000 / 62891)...
computing neighbors (31000 / 62891)...
computing neighbors (32000 / 62891)...
computing neighbors (33000 / 62891)...
computing neighbors (34000 / 62891)...
computing neighbors (35000 / 62891)...
computing neighbors (36000 / 62891)...
computing neighbors (37000 / 62891)...
computing neighbors (38000 / 62891)...
computing neighbors (39000 / 62891)...
computing neighbors (40000 / 62891)...
computing neighbors (41000 / 62891)...
computing neighbors (42000 / 62891)...
computing neighbors (43000 / 62891)...
computing neighbors (44000 / 62891)...
computing neighbors (45000 / 62891)...
computing neighbors (46000 / 62891)...
computing neighbors (47000 / 62891)...
computing neighbors (48000 / 62891)...
computing neighbors (49000 / 62891)...
computing neighbors (50000 / 62891)...
computing neighbors (51000 / 62891)...
computing neighbors (52000 / 62891)...
computing neighbors (53000 / 62891)...
computing neighbors (54000 / 62891)...
computing neighbors (55000 / 62891)...
computing neighbors (56000 / 62891)...
computing neighbors (57000 / 62891)...
computing neighbors (58000 / 62891)...
computing neighbors (59000 / 62891)...
computing neighbors (60000 / 62891)...
computing neighbors (61000 / 62891)...
computing neighbors (62000 / 62891)...
94324      vertices
62891      segments
560        dominations
=======================
CGSHOP Instance: compute neighbors...
computing neighbors (0 / 62891)...
computing neighbors (1000 / 62891)...
computing neighbors (2000 / 62891)...
computing neighbors (3000 / 62891)...
computing neighbors (4000 / 62891)...
computing neighbors (5000 / 62891)...
computing neighbors (6000 / 62891)...
computing neighbors (7000 / 62891)...
computing neighbors (8000 / 62891)...
computing neighbors (9000 / 62891)...
computing neighbors (10000 / 62891)...
computing neighbors (11000 / 62891)...
computing neighbors (12000 / 62891)...
computing neighbors (13000 / 62891)...
computing neighbors (14000 / 62891)...
computing neighbors (15000 / 62891)...
computing neighbors (16000 / 62891)...
computing neighbors (17000 / 62891)...
computing neighbors (18000 / 62891)...
computing neighbors (19000 / 62891)...
computing neighbors (20000 / 62891)...
computing neighbors (21000 / 62891)...
computing neighbors (22000 / 62891)...
computing neighbors (23000 / 62891)...
computing neighbors (24000 / 62891)...
computing neighbors (25000 / 62891)...
computing neighbors (26000 / 62891)...
computing neighbors (27000 / 62891)...
computing neighbors (28000 / 62891)...
computing neighbors (29000 / 62891)...
computing neighbors (30000 / 62891)...
computing neighbors (31000 / 62891)...
computing neighbors (32000 / 62891)...
computing neighbors (33000 / 62891)...
computing neighbors (34000 / 62891)...
computing neighbors (35000 / 62891)...
computing neighbors (36000 / 62891)...
computing neighbors (37000 / 62891)...
computing neighbors (38000 / 62891)...
computing neighbors (39000 / 62891)...
computing neighbors (40000 / 62891)...
computing neighbors (41000 / 62891)...
computing neighbors (42000 / 62891)...
computing neighbors (43000 / 62891)...
computing neighbors (44000 / 62891)...
computing neighbors (45000 / 62891)...
computing neighbors (46000 / 62891)...
computing neighbors (47000 / 62891)...
computing neighbors (48000 / 62891)...
computing neighbors (49000 / 62891)...
computing neighbors (50000 / 62891)...
computing neighbors (51000 / 62891)...
computing neighbors (52000 / 62891)...
computing neighbors (53000 / 62891)...
computing neighbors (54000 / 62891)...
computing neighbors (55000 / 62891)...
computing neighbors (56000 / 62891)...
computing neighbors (57000 / 62891)...
computing neighbors (58000 / 62891)...
computing neighbors (59000 / 62891)...
computing neighbors (60000 / 62891)...
computing neighbors (61000 / 62891)...
computing neighbors (62000 / 62891)...
colored 1000 / 62891...
colored 2000 / 62891...
colored 3000 / 62891...
colored 4000 / 62891...
colored 5000 / 62891...
colored 6000 / 62891...
colored 7000 / 62891...
colored 8000 / 62891...
colored 9000 / 62891...
colored 10000 / 62891...
colored 11000 / 62891...
colored 12000 / 62891...
colored 13000 / 62891...
colored 14000 / 62891...
colored 15000 / 62891...
colored 16000 / 62891...
colored 17000 / 62891...
colored 18000 / 62891...
colored 19000 / 62891...
colored 20000 / 62891...
colored 21000 / 62891...
colored 22000 / 62891...
colored 23000 / 62891...
colored 24000 / 62891...
colored 25000 / 62891...
colored 26000 / 62891...
colored 27000 / 62891...
colored 28000 / 62891...
colored 29000 / 62891...
colored 30000 / 62891...
colored 31000 / 62891...
colored 32000 / 62891...
colored 33000 / 62891...
colored 34000 / 62891...
colored 35000 / 62891...
colored 36000 / 62891...
colored 37000 / 62891...
colored 38000 / 62891...
colored 39000 / 62891...
colored 40000 / 62891...
colored 41000 / 62891...
colored 42000 / 62891...
colored 43000 / 62891...
colored 44000 / 62891...
colored 45000 / 62891...
colored 46000 / 62891...
colored 47000 / 62891...
colored 48000 / 62891...
colored 49000 / 62891...
colored 50000 / 62891...
colored 51000 / 62891...
colored 52000 / 62891...
colored 53000 / 62891...
colored 54000 / 62891...
colored 55000 / 62891...
colored 56000 / 62891...
colored 57000 / 62891...
colored 58000 / 62891...
colored 59000 / 62891...
colored 60000 / 62891...
colored 61000 / 62891...
colored 62000 / 62891...
greedy found 614 colors in 90.718 seconds
 time (s)      nb nodes       objective      
---------------------------------------------
  24.752                      614            
  26.874       3.2 M          613            
  27.992       4.4 M          612            
  28.820       5.2 M          611            
  30.043       5.8 M          610            
  30.770       6.3 M          609            
  31.385       6.6 M          608            
  32.377       6.8 M          607            
  33.374       6.9 M          606            
  34.406       6.9 M          605            
  35.936       7.0 M          604            
  38.505       7.0 M          603            
  39.827       7.1 M          602            
  41.403       7.2 M          601            
  42.796       7.3 M          600            
  44.721       7.3 M          599            
  48.342       7.3 M          598            
  51.647       7.4 M          597            
  53.532       7.4 M          596            
  57.483       7.5 M          595            
  61.637       7.5 M          594            
  68.372       7.5 M          593            
  72.893       7.5 M          592            
  87.000       7.6 M          591            
  93.810       7.6 M          590            
  99.548       7.6 M          589            
  105.918      7.6 M          588            
  110.405      7.7 M          587            
  121.067      7.7 M          586            
  134.612      7.7 M          585            
  137.935      7.8 M          584            
  153.388      7.8 M          583            
  155.147      7.8 M          582            
  162.309      7.8 M          581            
  168.355      7.8 M          580            
  169.608      7.9 M          579            
  173.965      7.9 M          578            
  177.471      7.9 M          577            
  179.151      7.9 M          576            
  193.319      7.9 M          575            
  202.614      8.0 M          574            
  208.951      8.0 M          573            
  222.362      8.0 M          572            
  230.984      8.0 M          571            
  237.148      8.0 M          570            
  246.289      8.1 M          569            
  253.611      8.1 M          568            
  272.747      8.1 M          567            
  276.787      8.1 M          566            
  284.525      8.1 M          565            
  288.770      8.2 M          564            
  303.808      8.2 M          563            
  312.263      8.2 M          562            
  320.888      8.3 M          561            
  323.980      8.3 M          560            
  350.698      8.3 M          559            
  367.631      8.3 M          558            
  405.332      8.4 M          557            
  423.514      8.4 M          556            
  451.678      8.5 M          555            
  476.343      8.5 M          554            
  507.079      8.5 M          553            
  518.628      8.5 M          552            
  532.676      8.6 M          551            
  539.110      8.6 M          550            
  546.655      8.6 M          549            
  560.347      8.6 M          548            
  580.104      8.7 M          547            
  621.883      8.7 M          546            
  673.004      8.7 M          545            
  686.408      8.8 M          544            
  719.192      8.8 M          543            
  730.843      8.8 M          542            
  772.120      8.9 M          541            
  783.440      8.9 M          540            
  846.098      8.9 M          539            
  932.416      9.0 M          538            
  1035.206     9.1 M          537            
  1123.593     9.1 M          536            
  1169.533     9.2 M          535            
  1232.779     9.3 M          534            
  1335.921     9.3 M          533            
  1414.391     9.4 M          532            
  1522.051     9.5 M          531            
  1691.332     9.6 M          530            
  1793.206     9.7 M          529            
  1878.993     9.8 M          528            
  2008.240     9.9 M          527            
  2206.195     10.0 M         526            
  2380.083     10.2 M         525            
  2812.281     10.5 M         524            
  3151.877     10.7 M         523            
  3659.200     11.1 M         522            
  3959.078     11.3 M         521            
  4710.477     11.8 M         520            
  5275.622     12.2 M         519            
  6655.312     13.2 M         518            
  6804.813     13.3 M         517            
  9232.304     14.8 M         516            
  15106.508    19.0 M         515            
  19792.818    22.1 M         514            
  21615.961    23.3 M         513            
  36785.898    33.4 M         512            
  61559.652    49.4 M         511            
