printing solutions in: ./dogs-color/insts/cgshop22/sqrpecn45700.instance.json.solution.json
printing perfs in: ./dogs-color/insts/cgshop22/sqrpecn45700.instance.json.perf.json

CGSHOP Instance: compute neighbors...
computing neighbors (0 / 45700)...
computing neighbors (1000 / 45700)...
computing neighbors (2000 / 45700)...
computing neighbors (3000 / 45700)...
computing neighbors (4000 / 45700)...
computing neighbors (5000 / 45700)...
computing neighbors (6000 / 45700)...
computing neighbors (7000 / 45700)...
computing neighbors (8000 / 45700)...
computing neighbors (9000 / 45700)...
computing neighbors (10000 / 45700)...
computing neighbors (11000 / 45700)...
computing neighbors (12000 / 45700)...
computing neighbors (13000 / 45700)...
computing neighbors (14000 / 45700)...
computing neighbors (15000 / 45700)...
computing neighbors (16000 / 45700)...
computing neighbors (17000 / 45700)...
computing neighbors (18000 / 45700)...
computing neighbors (19000 / 45700)...
computing neighbors (20000 / 45700)...
computing neighbors (21000 / 45700)...
computing neighbors (22000 / 45700)...
computing neighbors (23000 / 45700)...
computing neighbors (24000 / 45700)...
computing neighbors (25000 / 45700)...
computing neighbors (26000 / 45700)...
computing neighbors (27000 / 45700)...
computing neighbors (28000 / 45700)...
computing neighbors (29000 / 45700)...
computing neighbors (30000 / 45700)...
computing neighbors (31000 / 45700)...
computing neighbors (32000 / 45700)...
computing neighbors (33000 / 45700)...
computing neighbors (34000 / 45700)...
computing neighbors (35000 / 45700)...
computing neighbors (36000 / 45700)...
computing neighbors (37000 / 45700)...
computing neighbors (38000 / 45700)...
computing neighbors (39000 / 45700)...
computing neighbors (40000 / 45700)...
computing neighbors (41000 / 45700)...
computing neighbors (42000 / 45700)...
computing neighbors (43000 / 45700)...
computing neighbors (44000 / 45700)...
computing neighbors (45000 / 45700)...
68298      vertices
45700      segments
456        dominations
=======================
CGSHOP Instance: compute neighbors...
computing neighbors (0 / 45700)...
computing neighbors (1000 / 45700)...
computing neighbors (2000 / 45700)...
computing neighbors (3000 / 45700)...
computing neighbors (4000 / 45700)...
computing neighbors (5000 / 45700)...
computing neighbors (6000 / 45700)...
computing neighbors (7000 / 45700)...
computing neighbors (8000 / 45700)...
computing neighbors (9000 / 45700)...
computing neighbors (10000 / 45700)...
computing neighbors (11000 / 45700)...
computing neighbors (12000 / 45700)...
computing neighbors (13000 / 45700)...
computing neighbors (14000 / 45700)...
computing neighbors (15000 / 45700)...
computing neighbors (16000 / 45700)...
computing neighbors (17000 / 45700)...
computing neighbors (18000 / 45700)...
computing neighbors (19000 / 45700)...
computing neighbors (20000 / 45700)...
computing neighbors (21000 / 45700)...
computing neighbors (22000 / 45700)...
computing neighbors (23000 / 45700)...
computing neighbors (24000 / 45700)...
computing neighbors (25000 / 45700)...
computing neighbors (26000 / 45700)...
computing neighbors (27000 / 45700)...
computing neighbors (28000 / 45700)...
computing neighbors (29000 / 45700)...
computing neighbors (30000 / 45700)...
computing neighbors (31000 / 45700)...
computing neighbors (32000 / 45700)...
computing neighbors (33000 / 45700)...
computing neighbors (34000 / 45700)...
computing neighbors (35000 / 45700)...
computing neighbors (36000 / 45700)...
computing neighbors (37000 / 45700)...
computing neighbors (38000 / 45700)...
computing neighbors (39000 / 45700)...
computing neighbors (40000 / 45700)...
computing neighbors (41000 / 45700)...
computing neighbors (42000 / 45700)...
computing neighbors (43000 / 45700)...
computing neighbors (44000 / 45700)...
computing neighbors (45000 / 45700)...
colored 1000 / 45700...
colored 2000 / 45700...
colored 3000 / 45700...
colored 4000 / 45700...
colored 5000 / 45700...
colored 6000 / 45700...
colored 7000 / 45700...
colored 8000 / 45700...
colored 9000 / 45700...
colored 10000 / 45700...
colored 11000 / 45700...
colored 12000 / 45700...
colored 13000 / 45700...
colored 14000 / 45700...
colored 15000 / 45700...
colored 16000 / 45700...
colored 17000 / 45700...
colored 18000 / 45700...
colored 19000 / 45700...
colored 20000 / 45700...
colored 21000 / 45700...
colored 22000 / 45700...
colored 23000 / 45700...
colored 24000 / 45700...
colored 25000 / 45700...
colored 26000 / 45700...
colored 27000 / 45700...
colored 28000 / 45700...
colored 29000 / 45700...
colored 30000 / 45700...
colored 31000 / 45700...
colored 32000 / 45700...
colored 33000 / 45700...
colored 34000 / 45700...
colored 35000 / 45700...
colored 36000 / 45700...
colored 37000 / 45700...
colored 38000 / 45700...
colored 39000 / 45700...
colored 40000 / 45700...
colored 41000 / 45700...
colored 42000 / 45700...
colored 43000 / 45700...
colored 44000 / 45700...
colored 45000 / 45700...
greedy found 513 colors in 36.255 seconds
 time (s)      nb nodes       objective      
---------------------------------------------
  11.964                      513            
  12.963       2.1 M          512            
  13.432       2.5 M          511            
  13.788       2.8 M          510            
  14.166       3.0 M          509            
  14.529       3.1 M          508            
  15.266       3.3 M          507            
  15.993       3.3 M          506            
  16.939       3.4 M          505            
  18.413       3.4 M          504            
  20.718       3.4 M          503            
  25.646       3.5 M          502            
  27.313       3.5 M          501            
  29.820       3.5 M          500            
  35.987       3.6 M          499            
  42.744       3.6 M          498            
  49.700       3.6 M          497            
  54.601       3.7 M          496            
  62.638       3.7 M          495            
  68.853       3.7 M          494            
  78.731       3.7 M          493            
  82.423       3.8 M          492            
  86.909       3.8 M          491            
  92.997       3.8 M          490            
  98.067       3.9 M          489            
  112.629      3.9 M          488            
  125.136      3.9 M          487            
  128.569      4.0 M          486            
  131.891      4.0 M          485            
  150.325      4.0 M          484            
  165.435      4.1 M          483            
  177.815      4.1 M          482            
  190.776      4.1 M          481            
  215.456      4.2 M          480            
  216.931      4.2 M          479            
  226.053      4.2 M          478            
  264.131      4.3 M          477            
  300.973      4.3 M          476            
  330.038      4.4 M          475            
  339.414      4.4 M          474            
  370.484      4.4 M          473            
  386.596      4.5 M          472            
  501.722      4.6 M          471            
  526.585      4.6 M          470            
  605.666      4.8 M          469            
  985.626      5.2 M          468            
  1330.324     5.6 M          467            
  5195.467     9.4 M          466            
  47676.133    52.7 M         465            
