printing solutions in: ./dogs-color/insts/cgshop22/sqrpecn5276.instance.json.solution.json
printing perfs in: ./dogs-color/insts/cgshop22/sqrpecn5276.instance.json.perf.json

CGSHOP Instance: compute neighbors...
computing neighbors (0 / 5276)...
computing neighbors (1000 / 5276)...
computing neighbors (2000 / 5276)...
computing neighbors (3000 / 5276)...
computing neighbors (4000 / 5276)...
computing neighbors (5000 / 5276)...
7908       vertices
5276       segments
116        dominations
=======================
CGSHOP Instance: compute neighbors...
computing neighbors (0 / 5276)...
computing neighbors (1000 / 5276)...
computing neighbors (2000 / 5276)...
computing neighbors (3000 / 5276)...
computing neighbors (4000 / 5276)...
computing neighbors (5000 / 5276)...
colored 1000 / 5276...
colored 2000 / 5276...
colored 3000 / 5276...
colored 4000 / 5276...
colored 5000 / 5276...
greedy found 170 colors in 0.388 seconds
 time (s)      nb nodes       objective      
---------------------------------------------
  0.176                       170            
  0.195        101.7 k        169            
  0.231        151.7 k        168            
  0.245        202.2 k        167            
  0.263        227.0 k        166            
  0.279        243.6 k        165            
  0.298        254.1 k        164            
  0.325        266.1 k        163            
  0.350        275.0 k        162            
  0.396        280.9 k        161            
  0.431        286.9 k        160            
  0.461        295.1 k        159            
  0.511        299.8 k        158            
  0.592        306.2 k        157            
  0.625        309.5 k        156            
  0.654        315.3 k        155            
  0.735        322.3 k        154            
  0.815        326.5 k        153            
  1.164        337.1 k        152            
  1.452        345.0 k        151            
  1.694        351.3 k        150            
  8.752        484.1 k        149            
