printing solutions in: ./dogs-color/insts/cgshop22/rvispecn6048.instance.json.solution.json
printing perfs in: ./dogs-color/insts/cgshop22/rvispecn6048.instance.json.perf.json

CGSHOP Instance: compute neighbors...
computing neighbors (0 / 6048)...
computing neighbors (1000 / 6048)...
computing neighbors (2000 / 6048)...
computing neighbors (3000 / 6048)...
computing neighbors (4000 / 6048)...
computing neighbors (5000 / 6048)...
computing neighbors (6000 / 6048)...
8570       vertices
6048       segments
193        dominations
=======================
CGSHOP Instance: compute neighbors...
computing neighbors (0 / 6048)...
computing neighbors (1000 / 6048)...
computing neighbors (2000 / 6048)...
computing neighbors (3000 / 6048)...
computing neighbors (4000 / 6048)...
computing neighbors (5000 / 6048)...
computing neighbors (6000 / 6048)...
colored 1000 / 6048...
colored 2000 / 6048...
colored 3000 / 6048...
colored 4000 / 6048...
colored 5000 / 6048...
colored 6000 / 6048...
greedy found 90 colors in 0.287 seconds
 time (s)      nb nodes       objective      
---------------------------------------------
  0.120                       90             
  0.239        1.0 M          89             
  0.336        1.6 M          88             
  0.411        2.1 M          87             
  0.497        2.4 M          86             
  0.573        2.7 M          85             
  0.643        2.9 M          84             
  0.729        3.1 M          83             
  0.789        3.2 M          82             
  0.879        3.4 M          81             
  0.998        3.4 M          80             
  1.070        3.5 M          79             
  1.155        3.6 M          78             
  1.201        3.6 M          77             
  1.384        3.7 M          76             
  1.563        3.7 M          75             
  2.720        3.8 M          74             
  6.131        4.0 M          73             
  24.979       4.7 M          72             
