printing solutions in: ./dogs-color/insts/cgshop22/sqrpecn57317.instance.json.solution.json
printing perfs in: ./dogs-color/insts/cgshop22/sqrpecn57317.instance.json.perf.json

CGSHOP Instance: compute neighbors...
computing neighbors (0 / 57317)...
computing neighbors (1000 / 57317)...
computing neighbors (2000 / 57317)...
computing neighbors (3000 / 57317)...
computing neighbors (4000 / 57317)...
computing neighbors (5000 / 57317)...
computing neighbors (6000 / 57317)...
computing neighbors (7000 / 57317)...
computing neighbors (8000 / 57317)...
computing neighbors (9000 / 57317)...
computing neighbors (10000 / 57317)...
computing neighbors (11000 / 57317)...
computing neighbors (12000 / 57317)...
computing neighbors (13000 / 57317)...
computing neighbors (14000 / 57317)...
computing neighbors (15000 / 57317)...
computing neighbors (16000 / 57317)...
computing neighbors (17000 / 57317)...
computing neighbors (18000 / 57317)...
computing neighbors (19000 / 57317)...
computing neighbors (20000 / 57317)...
computing neighbors (21000 / 57317)...
computing neighbors (22000 / 57317)...
computing neighbors (23000 / 57317)...
computing neighbors (24000 / 57317)...
computing neighbors (25000 / 57317)...
computing neighbors (26000 / 57317)...
computing neighbors (27000 / 57317)...
computing neighbors (28000 / 57317)...
computing neighbors (29000 / 57317)...
computing neighbors (30000 / 57317)...
computing neighbors (31000 / 57317)...
computing neighbors (32000 / 57317)...
computing neighbors (33000 / 57317)...
computing neighbors (34000 / 57317)...
computing neighbors (35000 / 57317)...
computing neighbors (36000 / 57317)...
computing neighbors (37000 / 57317)...
computing neighbors (38000 / 57317)...
computing neighbors (39000 / 57317)...
computing neighbors (40000 / 57317)...
computing neighbors (41000 / 57317)...
computing neighbors (42000 / 57317)...
computing neighbors (43000 / 57317)...
computing neighbors (44000 / 57317)...
computing neighbors (45000 / 57317)...
computing neighbors (46000 / 57317)...
computing neighbors (47000 / 57317)...
computing neighbors (48000 / 57317)...
computing neighbors (49000 / 57317)...
computing neighbors (50000 / 57317)...
computing neighbors (51000 / 57317)...
computing neighbors (52000 / 57317)...
computing neighbors (53000 / 57317)...
computing neighbors (54000 / 57317)...
computing neighbors (55000 / 57317)...
computing neighbors (56000 / 57317)...
computing neighbors (57000 / 57317)...
86175      vertices
57317      segments
559        dominations
=======================
CGSHOP Instance: compute neighbors...
computing neighbors (0 / 57317)...
computing neighbors (1000 / 57317)...
computing neighbors (2000 / 57317)...
computing neighbors (3000 / 57317)...
computing neighbors (4000 / 57317)...
computing neighbors (5000 / 57317)...
computing neighbors (6000 / 57317)...
computing neighbors (7000 / 57317)...
computing neighbors (8000 / 57317)...
computing neighbors (9000 / 57317)...
computing neighbors (10000 / 57317)...
computing neighbors (11000 / 57317)...
computing neighbors (12000 / 57317)...
computing neighbors (13000 / 57317)...
computing neighbors (14000 / 57317)...
computing neighbors (15000 / 57317)...
computing neighbors (16000 / 57317)...
computing neighbors (17000 / 57317)...
computing neighbors (18000 / 57317)...
computing neighbors (19000 / 57317)...
computing neighbors (20000 / 57317)...
computing neighbors (21000 / 57317)...
computing neighbors (22000 / 57317)...
computing neighbors (23000 / 57317)...
computing neighbors (24000 / 57317)...
computing neighbors (25000 / 57317)...
computing neighbors (26000 / 57317)...
computing neighbors (27000 / 57317)...
computing neighbors (28000 / 57317)...
computing neighbors (29000 / 57317)...
computing neighbors (30000 / 57317)...
computing neighbors (31000 / 57317)...
computing neighbors (32000 / 57317)...
computing neighbors (33000 / 57317)...
computing neighbors (34000 / 57317)...
computing neighbors (35000 / 57317)...
computing neighbors (36000 / 57317)...
computing neighbors (37000 / 57317)...
computing neighbors (38000 / 57317)...
computing neighbors (39000 / 57317)...
computing neighbors (40000 / 57317)...
computing neighbors (41000 / 57317)...
computing neighbors (42000 / 57317)...
computing neighbors (43000 / 57317)...
computing neighbors (44000 / 57317)...
computing neighbors (45000 / 57317)...
computing neighbors (46000 / 57317)...
computing neighbors (47000 / 57317)...
computing neighbors (48000 / 57317)...
computing neighbors (49000 / 57317)...
computing neighbors (50000 / 57317)...
computing neighbors (51000 / 57317)...
computing neighbors (52000 / 57317)...
computing neighbors (53000 / 57317)...
computing neighbors (54000 / 57317)...
computing neighbors (55000 / 57317)...
computing neighbors (56000 / 57317)...
computing neighbors (57000 / 57317)...
colored 1000 / 57317...
colored 2000 / 57317...
colored 3000 / 57317...
colored 4000 / 57317...
colored 5000 / 57317...
colored 6000 / 57317...
colored 7000 / 57317...
colored 8000 / 57317...
colored 9000 / 57317...
colored 10000 / 57317...
colored 11000 / 57317...
colored 12000 / 57317...
colored 13000 / 57317...
colored 14000 / 57317...
colored 15000 / 57317...
colored 16000 / 57317...
colored 17000 / 57317...
colored 18000 / 57317...
colored 19000 / 57317...
colored 20000 / 57317...
colored 21000 / 57317...
colored 22000 / 57317...
colored 23000 / 57317...
colored 24000 / 57317...
colored 25000 / 57317...
colored 26000 / 57317...
colored 27000 / 57317...
colored 28000 / 57317...
colored 29000 / 57317...
colored 30000 / 57317...
colored 31000 / 57317...
colored 32000 / 57317...
colored 33000 / 57317...
colored 34000 / 57317...
colored 35000 / 57317...
colored 36000 / 57317...
colored 37000 / 57317...
colored 38000 / 57317...
colored 39000 / 57317...
colored 40000 / 57317...
colored 41000 / 57317...
colored 42000 / 57317...
colored 43000 / 57317...
colored 44000 / 57317...
colored 45000 / 57317...
colored 46000 / 57317...
colored 47000 / 57317...
colored 48000 / 57317...
colored 49000 / 57317...
colored 50000 / 57317...
colored 51000 / 57317...
colored 52000 / 57317...
colored 53000 / 57317...
colored 54000 / 57317...
colored 55000 / 57317...
colored 56000 / 57317...
colored 57000 / 57317...
greedy found 608 colors in 91.688 seconds
 time (s)      nb nodes       objective      
---------------------------------------------
  19.944                      608            
  21.536       3.0 M          607            
  22.475       4.3 M          606            
  23.211       5.1 M          605            
  23.790       5.7 M          604            
  24.566       6.1 M          603            
  25.237       6.5 M          602            
  26.203       6.8 M          601            
  26.874       7.0 M          600            
  28.239       7.2 M          599            
  28.900       7.2 M          598            
  29.629       7.3 M          597            
  30.564       7.4 M          596            
  32.973       7.4 M          595            
  34.395       7.5 M          594            
  35.733       7.5 M          593            
  37.990       7.6 M          592            
  39.965       7.6 M          591            
  41.870       7.6 M          590            
  44.154       7.6 M          589            
  46.408       7.7 M          588            
  49.910       7.7 M          587            
  52.682       7.7 M          586            
  56.204       7.7 M          585            
  60.630       7.8 M          584            
  62.309       7.8 M          583            
  66.467       7.8 M          582            
  71.622       7.8 M          581            
  73.426       7.9 M          580            
  77.696       7.9 M          579            
  79.699       7.9 M          578            
  83.507       8.0 M          577            
  87.469       8.0 M          576            
  88.951       8.0 M          575            
  93.579       8.0 M          574            
  96.715       8.0 M          573            
  100.567      8.1 M          572            
  103.551      8.1 M          571            
  109.097      8.1 M          570            
  113.936      8.1 M          569            
  123.560      8.1 M          568            
  129.595      8.1 M          567            
  138.864      8.2 M          566            
  141.971      8.2 M          565            
  152.184      8.2 M          564            
  155.315      8.2 M          563            
  159.120      8.2 M          562            
  164.264      8.2 M          561            
  174.461      8.3 M          560            
  180.959      8.3 M          559            
  186.154      8.3 M          558            
  190.787      8.4 M          557            
  198.109      8.4 M          556            
  203.077      8.4 M          555            
  217.349      8.5 M          554            
  223.576      8.5 M          553            
  234.124      8.5 M          552            
  256.050      8.5 M          551            
  270.989      8.5 M          550            
  291.385      8.6 M          549            
  311.835      8.6 M          548            
  330.141      8.6 M          547            
  336.157      8.6 M          546            
  360.902      8.7 M          545            
  383.925      8.7 M          544            
  409.816      8.7 M          543            
  455.261      8.7 M          542            
  488.001      8.8 M          541            
  493.524      8.8 M          540            
  502.841      8.8 M          539            
  516.170      8.8 M          538            
  524.940      8.9 M          537            
  575.035      8.9 M          536            
  588.751      8.9 M          535            
  618.623      8.9 M          534            
  634.347      9.0 M          533            
  654.599      9.0 M          532            
  696.092      9.0 M          531            
  719.030      9.1 M          530            
  740.673      9.1 M          529            
  896.120      9.2 M          528            
  957.170      9.2 M          527            
  1023.168     9.3 M          526            
  1055.431     9.3 M          525            
  1132.044     9.4 M          524            
  1193.404     9.4 M          523            
  1271.992     9.5 M          522            
  1329.415     9.6 M          521            
  1524.435     9.7 M          520            
  1784.177     9.9 M          519            
  1963.936     10.0 M         518            
  2066.625     10.1 M         517            
  2232.325     10.2 M         516            
  2372.329     10.3 M         515            
  2538.634     10.4 M         514            
  3196.335     10.8 M         513            
  3740.362     11.1 M         512            
  4266.189     11.5 M         511            
  5138.860     12.0 M         510            
  8671.061     14.1 M         509            
  12309.721    16.1 M         508            
  28904.311    26.5 M         507            
  38941.043    32.7 M         506            
  57561.531    42.6 M         505            
