printing solutions in: ./dogs-color/insts/cgshop22/vispecn37349.instance.json.solution.json
printing perfs in: ./dogs-color/insts/cgshop22/vispecn37349.instance.json.perf.json

CGSHOP Instance: compute neighbors...
computing neighbors (0 / 37349)...
computing neighbors (1000 / 37349)...
computing neighbors (2000 / 37349)...
computing neighbors (3000 / 37349)...
computing neighbors (4000 / 37349)...
computing neighbors (5000 / 37349)...
computing neighbors (6000 / 37349)...
computing neighbors (7000 / 37349)...
computing neighbors (8000 / 37349)...
computing neighbors (9000 / 37349)...
computing neighbors (10000 / 37349)...
computing neighbors (11000 / 37349)...
computing neighbors (12000 / 37349)...
computing neighbors (13000 / 37349)...
computing neighbors (14000 / 37349)...
computing neighbors (15000 / 37349)...
computing neighbors (16000 / 37349)...
computing neighbors (17000 / 37349)...
computing neighbors (18000 / 37349)...
computing neighbors (19000 / 37349)...
computing neighbors (20000 / 37349)...
computing neighbors (21000 / 37349)...
computing neighbors (22000 / 37349)...
computing neighbors (23000 / 37349)...
computing neighbors (24000 / 37349)...
computing neighbors (25000 / 37349)...
computing neighbors (26000 / 37349)...
computing neighbors (27000 / 37349)...
computing neighbors (28000 / 37349)...
computing neighbors (29000 / 37349)...
computing neighbors (30000 / 37349)...
computing neighbors (31000 / 37349)...
computing neighbors (32000 / 37349)...
computing neighbors (33000 / 37349)...
computing neighbors (34000 / 37349)...
computing neighbors (35000 / 37349)...
computing neighbors (36000 / 37349)...
computing neighbors (37000 / 37349)...
52222      vertices
37349      segments
270        dominations
=======================
CGSHOP Instance: compute neighbors...
computing neighbors (0 / 37349)...
computing neighbors (1000 / 37349)...
computing neighbors (2000 / 37349)...
computing neighbors (3000 / 37349)...
computing neighbors (4000 / 37349)...
computing neighbors (5000 / 37349)...
computing neighbors (6000 / 37349)...
computing neighbors (7000 / 37349)...
computing neighbors (8000 / 37349)...
computing neighbors (9000 / 37349)...
computing neighbors (10000 / 37349)...
computing neighbors (11000 / 37349)...
computing neighbors (12000 / 37349)...
computing neighbors (13000 / 37349)...
computing neighbors (14000 / 37349)...
computing neighbors (15000 / 37349)...
computing neighbors (16000 / 37349)...
computing neighbors (17000 / 37349)...
computing neighbors (18000 / 37349)...
computing neighbors (19000 / 37349)...
computing neighbors (20000 / 37349)...
computing neighbors (21000 / 37349)...
computing neighbors (22000 / 37349)...
computing neighbors (23000 / 37349)...
computing neighbors (24000 / 37349)...
computing neighbors (25000 / 37349)...
computing neighbors (26000 / 37349)...
computing neighbors (27000 / 37349)...
computing neighbors (28000 / 37349)...
computing neighbors (29000 / 37349)...
computing neighbors (30000 / 37349)...
computing neighbors (31000 / 37349)...
computing neighbors (32000 / 37349)...
computing neighbors (33000 / 37349)...
computing neighbors (34000 / 37349)...
computing neighbors (35000 / 37349)...
computing neighbors (36000 / 37349)...
computing neighbors (37000 / 37349)...
colored 1000 / 37349...
colored 2000 / 37349...
colored 3000 / 37349...
colored 4000 / 37349...
colored 5000 / 37349...
colored 6000 / 37349...
colored 7000 / 37349...
colored 8000 / 37349...
colored 9000 / 37349...
colored 10000 / 37349...
colored 11000 / 37349...
colored 12000 / 37349...
colored 13000 / 37349...
colored 14000 / 37349...
colored 15000 / 37349...
colored 16000 / 37349...
colored 17000 / 37349...
colored 18000 / 37349...
colored 19000 / 37349...
colored 20000 / 37349...
colored 21000 / 37349...
colored 22000 / 37349...
colored 23000 / 37349...
colored 24000 / 37349...
colored 25000 / 37349...
colored 26000 / 37349...
colored 27000 / 37349...
colored 28000 / 37349...
colored 29000 / 37349...
colored 30000 / 37349...
colored 31000 / 37349...
colored 32000 / 37349...
colored 33000 / 37349...
colored 34000 / 37349...
colored 35000 / 37349...
colored 36000 / 37349...
colored 37000 / 37349...
greedy found 455 colors in 18.394 seconds
 time (s)      nb nodes       objective      
---------------------------------------------
  6.213                       455            
  8.177        9.5 M          454            
  9.766        17.2 M         453            
  11.206       23.9 M         452            
  12.608       28.8 M         451            
  14.453       32.9 M         450            
  15.651       36.8 M         449            
  17.154       41.4 M         448            
  18.540       43.8 M         447            
  19.646       46.9 M         446            
  21.211       48.4 M         445            
  22.392       51.8 M         444            
  23.622       53.2 M         443            
  24.517       55.0 M         442            
  25.828       57.3 M         441            
  26.991       58.7 M         440            
  28.054       60.8 M         439            
  28.989       62.5 M         438            
  29.926       63.5 M         437            
  30.939       65.5 M         436            
  31.816       67.1 M         435            
  32.703       68.4 M         434            
  33.618       69.9 M         433            
  34.864       71.3 M         432            
  35.735       72.2 M         431            
  36.850       72.9 M         430            
  38.095       73.5 M         429            
  38.882       74.8 M         428            
  39.824       75.8 M         427            
  40.504       77.0 M         426            
  41.611       77.4 M         425            
  42.527       77.9 M         424            
  43.393       78.4 M         423            
  44.287       79.3 M         422            
  45.621       79.5 M         421            
  46.453       79.9 M         420            
  47.970       80.0 M         419            
  49.062       80.5 M         418            
  50.204       81.1 M         417            
  51.092       81.5 M         416            
  51.749       82.1 M         415            
  52.802       82.2 M         414            
  53.665       82.6 M         413            
  54.845       83.1 M         412            
  55.741       83.4 M         411            
  56.443       83.6 M         410            
  57.689       83.9 M         409            
  58.296       84.2 M         408            
  59.155       84.5 M         407            
  60.055       84.6 M         406            
  61.508       84.8 M         405            
  62.363       85.1 M         404            
  63.328       85.2 M         403            
  64.306       85.4 M         402            
  66.158       85.6 M         401            
  67.142       85.8 M         400            
  67.972       85.9 M         399            
  68.700       86.0 M         398            
  69.624       86.2 M         397            
  71.378       86.3 M         396            
  72.419       86.4 M         395            
  74.143       86.6 M         394            
  75.452       86.7 M         393            
  76.195       86.8 M         392            
  78.425       86.9 M         391            
  79.330       87.1 M         390            
  80.528       87.2 M         389            
  81.691       87.2 M         388            
  83.416       87.3 M         387            
  84.574       87.4 M         386            
  85.662       87.4 M         385            
  87.087       87.6 M         384            
  88.826       87.7 M         383            
  91.168       87.9 M         382            
  92.231       88.0 M         381            
  94.242       88.1 M         380            
  96.045       88.2 M         379            
  97.793       88.3 M         378            
  100.635      88.4 M         377            
  101.324      88.4 M         376            
  103.016      88.5 M         375            
  105.209      88.5 M         374            
  106.625      88.6 M         373            
  108.774      88.6 M         372            
  111.919      88.7 M         371            
  115.848      88.7 M         370            
  117.409      88.8 M         369            
  120.618      88.8 M         368            
  123.539      88.9 M         367            
  128.006      88.9 M         366            
  129.436      89.0 M         365            
  134.391      89.0 M         364            
  140.455      89.1 M         363            
  143.973      89.1 M         362            
  147.444      89.1 M         361            
  156.817      89.2 M         360            
  162.333      89.2 M         359            
  174.473      89.3 M         358            
  188.171      89.3 M         357            
  194.221      89.4 M         356            
  203.619      89.4 M         355            
  211.566      89.4 M         354            
  272.723      89.6 M         353            
  288.636      89.7 M         352            
  306.942      89.7 M         351            
  313.310      89.8 M         350            
  351.556      89.9 M         349            
  413.641      90.0 M         348            
  472.640      90.2 M         347            
  596.794      90.5 M         346            
  686.362      90.7 M         345            
  832.287      91.1 M         344            
  897.326      91.3 M         343            
  977.632      91.5 M         342            
  1026.299     91.6 M         341            
  1769.296     93.3 M         340            
  2930.501     95.5 M         339            
  3218.693     96.2 M         338            
  6074.812     101.6 M        337            
  11402.653    111.5 M        336            
  14842.078    117.6 M        335            
  50269.961    178.7 M        334            
