printing solutions in: ./dogs-color/insts/cgshop22/rsqrp4641.instance.json.solution.json
printing perfs in: ./dogs-color/insts/cgshop22/rsqrp4641.instance.json.perf.json

CGSHOP Instance: compute neighbors...
computing neighbors (0 / 4641)...
computing neighbors (1000 / 4641)...
computing neighbors (2000 / 4641)...
computing neighbors (3000 / 4641)...
computing neighbors (4000 / 4641)...
213        vertices
4641       segments
791        dominations
=======================
CGSHOP Instance: compute neighbors...
computing neighbors (0 / 4641)...
computing neighbors (1000 / 4641)...
computing neighbors (2000 / 4641)...
computing neighbors (3000 / 4641)...
computing neighbors (4000 / 4641)...
colored 1000 / 4641...
colored 2000 / 4641...
colored 3000 / 4641...
colored 4000 / 4641...
greedy found 77 colors in 0.327 seconds
 time (s)      nb nodes       objective      
---------------------------------------------
  0.117                       77             
  0.331        49.6 k         76             
  0.498        65.5 k         75             
  0.795        71.8 k         74             
  1.334        85.3 k         73             
  5.933        153.5 k        72             
