printing solutions in: ./dogs-color/insts/cgshop22/vispecn39381.instance.json.solution.json
printing perfs in: ./dogs-color/insts/cgshop22/vispecn39381.instance.json.perf.json

CGSHOP Instance: compute neighbors...
computing neighbors (0 / 39381)...
computing neighbors (1000 / 39381)...
computing neighbors (2000 / 39381)...
computing neighbors (3000 / 39381)...
computing neighbors (4000 / 39381)...
computing neighbors (5000 / 39381)...
computing neighbors (6000 / 39381)...
computing neighbors (7000 / 39381)...
computing neighbors (8000 / 39381)...
computing neighbors (9000 / 39381)...
computing neighbors (10000 / 39381)...
computing neighbors (11000 / 39381)...
computing neighbors (12000 / 39381)...
computing neighbors (13000 / 39381)...
computing neighbors (14000 / 39381)...
computing neighbors (15000 / 39381)...
computing neighbors (16000 / 39381)...
computing neighbors (17000 / 39381)...
computing neighbors (18000 / 39381)...
computing neighbors (19000 / 39381)...
computing neighbors (20000 / 39381)...
computing neighbors (21000 / 39381)...
computing neighbors (22000 / 39381)...
computing neighbors (23000 / 39381)...
computing neighbors (24000 / 39381)...
computing neighbors (25000 / 39381)...
computing neighbors (26000 / 39381)...
computing neighbors (27000 / 39381)...
computing neighbors (28000 / 39381)...
computing neighbors (29000 / 39381)...
computing neighbors (30000 / 39381)...
computing neighbors (31000 / 39381)...
computing neighbors (32000 / 39381)...
computing neighbors (33000 / 39381)...
computing neighbors (34000 / 39381)...
computing neighbors (35000 / 39381)...
computing neighbors (36000 / 39381)...
computing neighbors (37000 / 39381)...
computing neighbors (38000 / 39381)...
computing neighbors (39000 / 39381)...
55152      vertices
39381      segments
256        dominations
=======================
CGSHOP Instance: compute neighbors...
computing neighbors (0 / 39381)...
computing neighbors (1000 / 39381)...
computing neighbors (2000 / 39381)...
computing neighbors (3000 / 39381)...
computing neighbors (4000 / 39381)...
computing neighbors (5000 / 39381)...
computing neighbors (6000 / 39381)...
computing neighbors (7000 / 39381)...
computing neighbors (8000 / 39381)...
computing neighbors (9000 / 39381)...
computing neighbors (10000 / 39381)...
computing neighbors (11000 / 39381)...
computing neighbors (12000 / 39381)...
computing neighbors (13000 / 39381)...
computing neighbors (14000 / 39381)...
computing neighbors (15000 / 39381)...
computing neighbors (16000 / 39381)...
computing neighbors (17000 / 39381)...
computing neighbors (18000 / 39381)...
computing neighbors (19000 / 39381)...
computing neighbors (20000 / 39381)...
computing neighbors (21000 / 39381)...
computing neighbors (22000 / 39381)...
computing neighbors (23000 / 39381)...
computing neighbors (24000 / 39381)...
computing neighbors (25000 / 39381)...
computing neighbors (26000 / 39381)...
computing neighbors (27000 / 39381)...
computing neighbors (28000 / 39381)...
computing neighbors (29000 / 39381)...
computing neighbors (30000 / 39381)...
computing neighbors (31000 / 39381)...
computing neighbors (32000 / 39381)...
computing neighbors (33000 / 39381)...
computing neighbors (34000 / 39381)...
computing neighbors (35000 / 39381)...
computing neighbors (36000 / 39381)...
computing neighbors (37000 / 39381)...
computing neighbors (38000 / 39381)...
computing neighbors (39000 / 39381)...
colored 1000 / 39381...
colored 2000 / 39381...
colored 3000 / 39381...
colored 4000 / 39381...
colored 5000 / 39381...
colored 6000 / 39381...
colored 7000 / 39381...
colored 8000 / 39381...
colored 9000 / 39381...
colored 10000 / 39381...
colored 11000 / 39381...
colored 12000 / 39381...
colored 13000 / 39381...
colored 14000 / 39381...
colored 15000 / 39381...
colored 16000 / 39381...
colored 17000 / 39381...
colored 18000 / 39381...
colored 19000 / 39381...
colored 20000 / 39381...
colored 21000 / 39381...
colored 22000 / 39381...
colored 23000 / 39381...
colored 24000 / 39381...
colored 25000 / 39381...
colored 26000 / 39381...
colored 27000 / 39381...
colored 28000 / 39381...
colored 29000 / 39381...
colored 30000 / 39381...
colored 31000 / 39381...
colored 32000 / 39381...
colored 33000 / 39381...
colored 34000 / 39381...
colored 35000 / 39381...
colored 36000 / 39381...
colored 37000 / 39381...
colored 38000 / 39381...
colored 39000 / 39381...
greedy found 338 colors in 18.265 seconds
 time (s)      nb nodes       objective      
---------------------------------------------
  6.174                       338            
  8.276        5.2 M          337            
  10.070       8.5 M          336            
  13.000       11.0 M         335            
  15.426       13.5 M         334            
  17.136       15.8 M         333            
  19.059       17.4 M         332            
  20.788       19.1 M         331            
  22.346       20.6 M         330            
  24.094       21.4 M         329            
  25.911       22.3 M         328            
  27.420       23.2 M         327            
  28.879       24.3 M         326            
  30.511       25.1 M         325            
  32.095       26.1 M         324            
  33.474       26.7 M         323            
  35.139       27.3 M         322            
  36.527       27.8 M         321            
  38.320       28.3 M         320            
  39.625       29.0 M         319            
  42.012       29.4 M         318            
  43.677       29.9 M         317            
  45.368       30.2 M         316            
  46.539       30.6 M         315            
  48.396       31.0 M         314            
  49.875       31.3 M         313            
  51.551       31.5 M         312            
  52.663       32.0 M         311            
  54.201       32.2 M         310            
  55.870       32.6 M         309            
  57.362       32.8 M         308            
  59.062       33.0 M         307            
  60.589       33.2 M         306            
  62.452       33.4 M         305            
  63.983       33.5 M         304            
  65.811       33.7 M         303            
  67.812       33.9 M         302            
  69.983       34.0 M         301            
  71.881       34.1 M         300            
  73.270       34.3 M         299            
  75.594       34.4 M         298            
  76.872       34.5 M         297            
  78.835       34.6 M         296            
  80.471       34.7 M         295            
  81.498       34.8 M         294            
  82.584       34.9 M         293            
  84.676       35.1 M         292            
  86.828       35.2 M         291            
  88.530       35.3 M         290            
  90.444       35.4 M         289            
  94.082       35.5 M         288            
  95.802       35.6 M         287            
  97.880       35.6 M         286            
  101.256      35.7 M         285            
  103.792      35.8 M         284            
  105.456      35.8 M         283            
  107.087      35.9 M         282            
  110.874      35.9 M         281            
  113.719      36.0 M         280            
  116.358      36.0 M         279            
  119.563      36.0 M         278            
  123.899      36.1 M         277            
  128.180      36.1 M         276            
  129.763      36.2 M         275            
  136.195      36.2 M         274            
  142.169      36.3 M         273            
  150.682      36.3 M         272            
  155.224      36.3 M         271            
  159.751      36.4 M         270            
  165.123      36.4 M         269            
  174.201      36.4 M         268            
  192.958      36.5 M         267            
  208.263      36.6 M         266            
  216.149      36.6 M         265            
  237.185      36.7 M         264            
  254.781      36.7 M         263            
  263.634      36.8 M         262            
  290.849      36.9 M         261            
  306.090      36.9 M         260            
  365.990      37.1 M         259            
  411.155      37.2 M         258            
  478.528      37.3 M         257            
  545.343      37.5 M         256            
  656.337      37.8 M         255            
  705.287      37.9 M         254            
  883.724      38.3 M         253            
  1603.597     40.1 M         252            
  1743.868     40.5 M         251            
  3244.040     43.7 M         250            
  5513.733     48.0 M         249            
  11540.667    62.2 M         248            
  45187.273    135.9 M        247            
