printing solutions in: ./dogs-color/insts/cgshop22/sqrpecn32073.instance.json.solution.json
printing perfs in: ./dogs-color/insts/cgshop22/sqrpecn32073.instance.json.perf.json

CGSHOP Instance: compute neighbors...
computing neighbors (0 / 32073)...
computing neighbors (1000 / 32073)...
computing neighbors (2000 / 32073)...
computing neighbors (3000 / 32073)...
computing neighbors (4000 / 32073)...
computing neighbors (5000 / 32073)...
computing neighbors (6000 / 32073)...
computing neighbors (7000 / 32073)...
computing neighbors (8000 / 32073)...
computing neighbors (9000 / 32073)...
computing neighbors (10000 / 32073)...
computing neighbors (11000 / 32073)...
computing neighbors (12000 / 32073)...
computing neighbors (13000 / 32073)...
computing neighbors (14000 / 32073)...
computing neighbors (15000 / 32073)...
computing neighbors (16000 / 32073)...
computing neighbors (17000 / 32073)...
computing neighbors (18000 / 32073)...
computing neighbors (19000 / 32073)...
computing neighbors (20000 / 32073)...
computing neighbors (21000 / 32073)...
computing neighbors (22000 / 32073)...
computing neighbors (23000 / 32073)...
computing neighbors (24000 / 32073)...
computing neighbors (25000 / 32073)...
computing neighbors (26000 / 32073)...
computing neighbors (27000 / 32073)...
computing neighbors (28000 / 32073)...
computing neighbors (29000 / 32073)...
computing neighbors (30000 / 32073)...
computing neighbors (31000 / 32073)...
computing neighbors (32000 / 32073)...
48462      vertices
32073      segments
350        dominations
=======================
CGSHOP Instance: compute neighbors...
computing neighbors (0 / 32073)...
computing neighbors (1000 / 32073)...
computing neighbors (2000 / 32073)...
computing neighbors (3000 / 32073)...
computing neighbors (4000 / 32073)...
computing neighbors (5000 / 32073)...
computing neighbors (6000 / 32073)...
computing neighbors (7000 / 32073)...
computing neighbors (8000 / 32073)...
computing neighbors (9000 / 32073)...
computing neighbors (10000 / 32073)...
computing neighbors (11000 / 32073)...
computing neighbors (12000 / 32073)...
computing neighbors (13000 / 32073)...
computing neighbors (14000 / 32073)...
computing neighbors (15000 / 32073)...
computing neighbors (16000 / 32073)...
computing neighbors (17000 / 32073)...
computing neighbors (18000 / 32073)...
computing neighbors (19000 / 32073)...
computing neighbors (20000 / 32073)...
computing neighbors (21000 / 32073)...
computing neighbors (22000 / 32073)...
computing neighbors (23000 / 32073)...
computing neighbors (24000 / 32073)...
computing neighbors (25000 / 32073)...
computing neighbors (26000 / 32073)...
computing neighbors (27000 / 32073)...
computing neighbors (28000 / 32073)...
computing neighbors (29000 / 32073)...
computing neighbors (30000 / 32073)...
computing neighbors (31000 / 32073)...
computing neighbors (32000 / 32073)...
colored 1000 / 32073...
colored 2000 / 32073...
colored 3000 / 32073...
colored 4000 / 32073...
colored 5000 / 32073...
colored 6000 / 32073...
colored 7000 / 32073...
colored 8000 / 32073...
colored 9000 / 32073...
colored 10000 / 32073...
colored 11000 / 32073...
colored 12000 / 32073...
colored 13000 / 32073...
colored 14000 / 32073...
colored 15000 / 32073...
colored 16000 / 32073...
colored 17000 / 32073...
colored 18000 / 32073...
colored 19000 / 32073...
colored 20000 / 32073...
colored 21000 / 32073...
colored 22000 / 32073...
colored 23000 / 32073...
colored 24000 / 32073...
colored 25000 / 32073...
colored 26000 / 32073...
colored 27000 / 32073...
colored 28000 / 32073...
colored 29000 / 32073...
colored 30000 / 32073...
colored 31000 / 32073...
colored 32000 / 32073...
greedy found 532 colors in 27.952 seconds
 time (s)      nb nodes       objective      
---------------------------------------------
  6.213                       532            
  6.954        1.7 M          531            
  7.413        2.2 M          530            
  7.754        2.8 M          529            
  8.037        3.1 M          528            
  8.247        3.2 M          527            
  8.812        3.4 M          526            
  9.392        3.6 M          525            
  9.796        3.7 M          524            
  10.146       3.7 M          523            
  10.767       3.8 M          522            
  11.329       3.9 M          521            
  12.005       3.9 M          520            
  12.756       3.9 M          519            
  13.529       3.9 M          518            
  14.289       4.0 M          517            
  15.419       4.0 M          516            
  16.036       4.0 M          515            
  16.628       4.0 M          514            
  17.961       4.1 M          513            
  18.665       4.1 M          512            
  19.712       4.1 M          511            
  20.611       4.1 M          510            
  22.013       4.1 M          509            
  23.665       4.1 M          508            
  25.477       4.2 M          507            
  27.183       4.2 M          506            
  29.425       4.2 M          505            
  30.090       4.2 M          504            
  32.847       4.2 M          503            
  35.310       4.2 M          502            
  36.760       4.3 M          501            
  37.700       4.3 M          500            
  40.324       4.3 M          499            
  42.114       4.3 M          498            
  43.998       4.3 M          497            
  46.689       4.3 M          496            
  47.943       4.3 M          495            
  49.022       4.3 M          494            
  51.023       4.4 M          493            
  53.072       4.4 M          492            
  54.121       4.4 M          491            
  55.606       4.4 M          490            
  58.168       4.4 M          489            
  64.277       4.4 M          488            
  67.316       4.5 M          487            
  68.404       4.5 M          486            
  70.524       4.5 M          485            
  73.458       4.5 M          484            
  75.477       4.5 M          483            
  81.766       4.5 M          482            
  85.084       4.5 M          481            
  87.184       4.5 M          480            
  89.107       4.6 M          479            
  92.885       4.6 M          478            
  96.553       4.6 M          477            
  101.076      4.6 M          476            
  104.200      4.6 M          475            
  109.183      4.6 M          474            
  113.101      4.6 M          473            
  118.475      4.7 M          472            
  121.619      4.7 M          471            
  128.770      4.7 M          470            
  135.644      4.7 M          469            
  142.421      4.7 M          468            
  148.360      4.7 M          467            
  154.162      4.8 M          466            
  164.091      4.8 M          465            
  168.076      4.8 M          464            
  170.834      4.8 M          463            
  175.388      4.8 M          462            
  183.750      4.8 M          461            
  208.230      4.9 M          460            
  239.384      4.9 M          459            
  308.379      5.0 M          458            
  328.668      5.1 M          457            
  342.300      5.1 M          456            
  395.104      5.2 M          455            
  452.187      5.2 M          454            
  475.689      5.3 M          453            
  533.465      5.4 M          452            
  817.133      5.7 M          451            
  833.621      5.7 M          450            
  883.495      5.8 M          449            
  978.458      5.9 M          448            
  1170.723     6.1 M          447            
  2023.851     6.9 M          446            
  2786.876     7.8 M          445            
  7346.557     12.3 M         444            
  7826.238     12.8 M         443            
