printing solutions in: ./dogs-color/insts/cgshop22/visp26405.instance.json.solution.json
printing perfs in: ./dogs-color/insts/cgshop22/visp26405.instance.json.perf.json

CGSHOP Instance: compute neighbors...
computing neighbors (0 / 26405)...
computing neighbors (1000 / 26405)...
computing neighbors (2000 / 26405)...
computing neighbors (3000 / 26405)...
computing neighbors (4000 / 26405)...
computing neighbors (5000 / 26405)...
computing neighbors (6000 / 26405)...
computing neighbors (7000 / 26405)...
computing neighbors (8000 / 26405)...
computing neighbors (9000 / 26405)...
computing neighbors (10000 / 26405)...
computing neighbors (11000 / 26405)...
computing neighbors (12000 / 26405)...
computing neighbors (13000 / 26405)...
computing neighbors (14000 / 26405)...
computing neighbors (15000 / 26405)...
computing neighbors (16000 / 26405)...
computing neighbors (17000 / 26405)...
computing neighbors (18000 / 26405)...
computing neighbors (19000 / 26405)...
computing neighbors (20000 / 26405)...
computing neighbors (21000 / 26405)...
computing neighbors (22000 / 26405)...
computing neighbors (23000 / 26405)...
computing neighbors (24000 / 26405)...
computing neighbors (25000 / 26405)...
computing neighbors (26000 / 26405)...
729        vertices
26405      segments
12902      dominations
=======================
CGSHOP Instance: compute neighbors...
computing neighbors (0 / 26405)...
computing neighbors (1000 / 26405)...
computing neighbors (2000 / 26405)...
computing neighbors (3000 / 26405)...
computing neighbors (4000 / 26405)...
computing neighbors (5000 / 26405)...
computing neighbors (6000 / 26405)...
computing neighbors (7000 / 26405)...
computing neighbors (8000 / 26405)...
computing neighbors (9000 / 26405)...
computing neighbors (10000 / 26405)...
computing neighbors (11000 / 26405)...
computing neighbors (12000 / 26405)...
computing neighbors (13000 / 26405)...
computing neighbors (14000 / 26405)...
computing neighbors (15000 / 26405)...
computing neighbors (16000 / 26405)...
computing neighbors (17000 / 26405)...
computing neighbors (18000 / 26405)...
computing neighbors (19000 / 26405)...
computing neighbors (20000 / 26405)...
computing neighbors (21000 / 26405)...
computing neighbors (22000 / 26405)...
computing neighbors (23000 / 26405)...
computing neighbors (24000 / 26405)...
computing neighbors (25000 / 26405)...
computing neighbors (26000 / 26405)...
colored 1000 / 26405...
colored 2000 / 26405...
colored 3000 / 26405...
colored 4000 / 26405...
colored 5000 / 26405...
colored 6000 / 26405...
colored 7000 / 26405...
colored 8000 / 26405...
colored 9000 / 26405...
colored 10000 / 26405...
colored 11000 / 26405...
colored 12000 / 26405...
colored 13000 / 26405...
colored 14000 / 26405...
colored 15000 / 26405...
colored 16000 / 26405...
colored 17000 / 26405...
colored 18000 / 26405...
colored 19000 / 26405...
colored 20000 / 26405...
colored 21000 / 26405...
colored 22000 / 26405...
colored 23000 / 26405...
colored 24000 / 26405...
colored 25000 / 26405...
colored 26000 / 26405...
greedy found 98 colors in 4.737 seconds
 time (s)      nb nodes       objective      
---------------------------------------------
  2.396                       98             
  25.425       69.6 M         97             
  36.308       88.9 M         96             
  44.204       99.2 M         95             
  49.827       104.6 M        94             
  57.172       108.3 M        93             
  62.388       111.4 M        92             
  71.507       113.2 M        91             
  77.937       114.6 M        90             
  84.373       115.5 M        89             
  91.425       116.0 M        88             
  108.245      116.6 M        87             
  130.131      117.0 M        86             
  262.753      118.1 M        85             
  477.433      119.3 M        84             
  2551.317     126.0 M        83             
