printing solutions in: ./dogs-color/insts/cgshop22/rsqrp14364.instance.json.solution.json
printing perfs in: ./dogs-color/insts/cgshop22/rsqrp14364.instance.json.perf.json

CGSHOP Instance: compute neighbors...
computing neighbors (0 / 14364)...
computing neighbors (1000 / 14364)...
computing neighbors (2000 / 14364)...
computing neighbors (3000 / 14364)...
computing neighbors (4000 / 14364)...
computing neighbors (5000 / 14364)...
computing neighbors (6000 / 14364)...
computing neighbors (7000 / 14364)...
computing neighbors (8000 / 14364)...
computing neighbors (9000 / 14364)...
computing neighbors (10000 / 14364)...
computing neighbors (11000 / 14364)...
computing neighbors (12000 / 14364)...
computing neighbors (13000 / 14364)...
computing neighbors (14000 / 14364)...
410        vertices
14364      segments
2555       dominations
=======================
CGSHOP Instance: compute neighbors...
computing neighbors (0 / 14364)...
computing neighbors (1000 / 14364)...
computing neighbors (2000 / 14364)...
computing neighbors (3000 / 14364)...
computing neighbors (4000 / 14364)...
computing neighbors (5000 / 14364)...
computing neighbors (6000 / 14364)...
computing neighbors (7000 / 14364)...
computing neighbors (8000 / 14364)...
computing neighbors (9000 / 14364)...
computing neighbors (10000 / 14364)...
computing neighbors (11000 / 14364)...
computing neighbors (12000 / 14364)...
computing neighbors (13000 / 14364)...
computing neighbors (14000 / 14364)...
colored 1000 / 14364...
colored 2000 / 14364...
colored 3000 / 14364...
colored 4000 / 14364...
colored 5000 / 14364...
colored 6000 / 14364...
colored 7000 / 14364...
colored 8000 / 14364...
colored 9000 / 14364...
colored 10000 / 14364...
colored 11000 / 14364...
colored 12000 / 14364...
colored 13000 / 14364...
colored 14000 / 14364...
greedy found 143 colors in 2.814 seconds
 time (s)      nb nodes       objective      
---------------------------------------------
  1.111                       143            
  1.237        158.1 k        142            
  1.893        204.3 k        141            
  3.456        221.7 k        140            
  13.138       278.6 k        139            
  19.863       315.2 k        138            
  26.998       354.7 k        137            
