printing solutions in: ./dogs-color/insts/cgshop22/visp40191.instance.json.solution.json
printing perfs in: ./dogs-color/insts/cgshop22/visp40191.instance.json.perf.json

CGSHOP Instance: compute neighbors...
computing neighbors (0 / 40191)...
computing neighbors (1000 / 40191)...
computing neighbors (2000 / 40191)...
computing neighbors (3000 / 40191)...
computing neighbors (4000 / 40191)...
computing neighbors (5000 / 40191)...
computing neighbors (6000 / 40191)...
computing neighbors (7000 / 40191)...
computing neighbors (8000 / 40191)...
computing neighbors (9000 / 40191)...
computing neighbors (10000 / 40191)...
computing neighbors (11000 / 40191)...
computing neighbors (12000 / 40191)...
computing neighbors (13000 / 40191)...
computing neighbors (14000 / 40191)...
computing neighbors (15000 / 40191)...
computing neighbors (16000 / 40191)...
computing neighbors (17000 / 40191)...
computing neighbors (18000 / 40191)...
computing neighbors (19000 / 40191)...
computing neighbors (20000 / 40191)...
computing neighbors (21000 / 40191)...
computing neighbors (22000 / 40191)...
computing neighbors (23000 / 40191)...
computing neighbors (24000 / 40191)...
computing neighbors (25000 / 40191)...
computing neighbors (26000 / 40191)...
computing neighbors (27000 / 40191)...
computing neighbors (28000 / 40191)...
computing neighbors (29000 / 40191)...
computing neighbors (30000 / 40191)...
computing neighbors (31000 / 40191)...
computing neighbors (32000 / 40191)...
computing neighbors (33000 / 40191)...
computing neighbors (34000 / 40191)...
computing neighbors (35000 / 40191)...
computing neighbors (36000 / 40191)...
computing neighbors (37000 / 40191)...
computing neighbors (38000 / 40191)...
computing neighbors (39000 / 40191)...
computing neighbors (40000 / 40191)...
795        vertices
40191      segments
19062      dominations
=======================
CGSHOP Instance: compute neighbors...
computing neighbors (0 / 40191)...
computing neighbors (1000 / 40191)...
computing neighbors (2000 / 40191)...
computing neighbors (3000 / 40191)...
computing neighbors (4000 / 40191)...
computing neighbors (5000 / 40191)...
computing neighbors (6000 / 40191)...
computing neighbors (7000 / 40191)...
computing neighbors (8000 / 40191)...
computing neighbors (9000 / 40191)...
computing neighbors (10000 / 40191)...
computing neighbors (11000 / 40191)...
computing neighbors (12000 / 40191)...
computing neighbors (13000 / 40191)...
computing neighbors (14000 / 40191)...
computing neighbors (15000 / 40191)...
computing neighbors (16000 / 40191)...
computing neighbors (17000 / 40191)...
computing neighbors (18000 / 40191)...
computing neighbors (19000 / 40191)...
computing neighbors (20000 / 40191)...
computing neighbors (21000 / 40191)...
computing neighbors (22000 / 40191)...
computing neighbors (23000 / 40191)...
computing neighbors (24000 / 40191)...
computing neighbors (25000 / 40191)...
computing neighbors (26000 / 40191)...
computing neighbors (27000 / 40191)...
computing neighbors (28000 / 40191)...
computing neighbors (29000 / 40191)...
computing neighbors (30000 / 40191)...
computing neighbors (31000 / 40191)...
computing neighbors (32000 / 40191)...
computing neighbors (33000 / 40191)...
computing neighbors (34000 / 40191)...
computing neighbors (35000 / 40191)...
computing neighbors (36000 / 40191)...
computing neighbors (37000 / 40191)...
computing neighbors (38000 / 40191)...
computing neighbors (39000 / 40191)...
computing neighbors (40000 / 40191)...
colored 1000 / 40191...
colored 2000 / 40191...
colored 3000 / 40191...
colored 4000 / 40191...
colored 5000 / 40191...
colored 6000 / 40191...
colored 7000 / 40191...
colored 8000 / 40191...
colored 9000 / 40191...
colored 10000 / 40191...
colored 11000 / 40191...
colored 12000 / 40191...
colored 13000 / 40191...
colored 14000 / 40191...
colored 15000 / 40191...
colored 16000 / 40191...
colored 17000 / 40191...
colored 18000 / 40191...
colored 19000 / 40191...
colored 20000 / 40191...
colored 21000 / 40191...
colored 22000 / 40191...
colored 23000 / 40191...
colored 24000 / 40191...
colored 25000 / 40191...
colored 26000 / 40191...
colored 27000 / 40191...
colored 28000 / 40191...
colored 29000 / 40191...
colored 30000 / 40191...
colored 31000 / 40191...
colored 32000 / 40191...
colored 33000 / 40191...
colored 34000 / 40191...
colored 35000 / 40191...
colored 36000 / 40191...
colored 37000 / 40191...
colored 38000 / 40191...
colored 39000 / 40191...
colored 40000 / 40191...
greedy found 125 colors in 12.858 seconds
 time (s)      nb nodes       objective      
---------------------------------------------
  5.762                       125            
  56.626       124.3 M        124            
  87.071       165.7 M        123            
  107.159      185.8 M        122            
  127.065      198.7 M        121            
  143.764      206.7 M        120            
  156.213      211.4 M        119            
  168.151      215.0 M        118            
  179.207      219.4 M        117            
  191.740      221.7 M        116            
  203.820      223.3 M        115            
  217.015      224.6 M        114            
  230.593      226.0 M        113            
  286.452      227.0 M        112            
  334.144      227.5 M        111            
  356.878      228.8 M        110            
  715.922      229.9 M        109            
  1196.113     231.1 M        108            
  2437.183     233.5 M        107            
