printing solutions in: ./dogs-color/insts/cgshop22/sqrp10642.instance.json.solution.json
printing perfs in: ./dogs-color/insts/cgshop22/sqrp10642.instance.json.perf.json

CGSHOP Instance: compute neighbors...
computing neighbors (0 / 10642)...
computing neighbors (1000 / 10642)...
computing neighbors (2000 / 10642)...
computing neighbors (3000 / 10642)...
computing neighbors (4000 / 10642)...
computing neighbors (5000 / 10642)...
computing neighbors (6000 / 10642)...
computing neighbors (7000 / 10642)...
computing neighbors (8000 / 10642)...
computing neighbors (9000 / 10642)...
computing neighbors (10000 / 10642)...
471        vertices
10642      segments
1762       dominations
=======================
CGSHOP Instance: compute neighbors...
computing neighbors (0 / 10642)...
computing neighbors (1000 / 10642)...
computing neighbors (2000 / 10642)...
computing neighbors (3000 / 10642)...
computing neighbors (4000 / 10642)...
computing neighbors (5000 / 10642)...
computing neighbors (6000 / 10642)...
computing neighbors (7000 / 10642)...
computing neighbors (8000 / 10642)...
computing neighbors (9000 / 10642)...
computing neighbors (10000 / 10642)...
colored 1000 / 10642...
colored 2000 / 10642...
colored 3000 / 10642...
colored 4000 / 10642...
colored 5000 / 10642...
colored 6000 / 10642...
colored 7000 / 10642...
colored 8000 / 10642...
colored 9000 / 10642...
colored 10000 / 10642...
greedy found 132 colors in 1.513 seconds
 time (s)      nb nodes       objective      
---------------------------------------------
  0.627                       132            
  0.715        90.6 k         131            
  0.917        118.3 k        130            
  1.026        129.6 k        129            
  1.156        156.2 k        128            
  2.117        173.2 k        127            
  3.404        187.8 k        126            
  26.768       374.9 k        125            
