printing solutions in: ./dogs-color/insts/cgshop22/reecn42891.instance.json.solution.json
printing perfs in: ./dogs-color/insts/cgshop22/reecn42891.instance.json.perf.json

CGSHOP Instance: compute neighbors...
computing neighbors (0 / 42891)...
computing neighbors (1000 / 42891)...
computing neighbors (2000 / 42891)...
computing neighbors (3000 / 42891)...
computing neighbors (4000 / 42891)...
computing neighbors (5000 / 42891)...
computing neighbors (6000 / 42891)...
computing neighbors (7000 / 42891)...
computing neighbors (8000 / 42891)...
computing neighbors (9000 / 42891)...
computing neighbors (10000 / 42891)...
computing neighbors (11000 / 42891)...
computing neighbors (12000 / 42891)...
computing neighbors (13000 / 42891)...
computing neighbors (14000 / 42891)...
computing neighbors (15000 / 42891)...
computing neighbors (16000 / 42891)...
computing neighbors (17000 / 42891)...
computing neighbors (18000 / 42891)...
computing neighbors (19000 / 42891)...
computing neighbors (20000 / 42891)...
computing neighbors (21000 / 42891)...
computing neighbors (22000 / 42891)...
computing neighbors (23000 / 42891)...
computing neighbors (24000 / 42891)...
computing neighbors (25000 / 42891)...
computing neighbors (26000 / 42891)...
computing neighbors (27000 / 42891)...
computing neighbors (28000 / 42891)...
computing neighbors (29000 / 42891)...
computing neighbors (30000 / 42891)...
computing neighbors (31000 / 42891)...
computing neighbors (32000 / 42891)...
computing neighbors (33000 / 42891)...
computing neighbors (34000 / 42891)...
computing neighbors (35000 / 42891)...
computing neighbors (36000 / 42891)...
computing neighbors (37000 / 42891)...
computing neighbors (38000 / 42891)...
computing neighbors (39000 / 42891)...
computing neighbors (40000 / 42891)...
computing neighbors (41000 / 42891)...
computing neighbors (42000 / 42891)...
60160      vertices
42891      segments
399        dominations
=======================
CGSHOP Instance: compute neighbors...
computing neighbors (0 / 42891)...
computing neighbors (1000 / 42891)...
computing neighbors (2000 / 42891)...
computing neighbors (3000 / 42891)...
computing neighbors (4000 / 42891)...
computing neighbors (5000 / 42891)...
computing neighbors (6000 / 42891)...
computing neighbors (7000 / 42891)...
computing neighbors (8000 / 42891)...
computing neighbors (9000 / 42891)...
computing neighbors (10000 / 42891)...
computing neighbors (11000 / 42891)...
computing neighbors (12000 / 42891)...
computing neighbors (13000 / 42891)...
computing neighbors (14000 / 42891)...
computing neighbors (15000 / 42891)...
computing neighbors (16000 / 42891)...
computing neighbors (17000 / 42891)...
computing neighbors (18000 / 42891)...
computing neighbors (19000 / 42891)...
computing neighbors (20000 / 42891)...
computing neighbors (21000 / 42891)...
computing neighbors (22000 / 42891)...
computing neighbors (23000 / 42891)...
computing neighbors (24000 / 42891)...
computing neighbors (25000 / 42891)...
computing neighbors (26000 / 42891)...
computing neighbors (27000 / 42891)...
computing neighbors (28000 / 42891)...
computing neighbors (29000 / 42891)...
computing neighbors (30000 / 42891)...
computing neighbors (31000 / 42891)...
computing neighbors (32000 / 42891)...
computing neighbors (33000 / 42891)...
computing neighbors (34000 / 42891)...
computing neighbors (35000 / 42891)...
computing neighbors (36000 / 42891)...
computing neighbors (37000 / 42891)...
computing neighbors (38000 / 42891)...
computing neighbors (39000 / 42891)...
computing neighbors (40000 / 42891)...
computing neighbors (41000 / 42891)...
computing neighbors (42000 / 42891)...
colored 1000 / 42891...
colored 2000 / 42891...
colored 3000 / 42891...
colored 4000 / 42891...
colored 5000 / 42891...
colored 6000 / 42891...
colored 7000 / 42891...
colored 8000 / 42891...
colored 9000 / 42891...
colored 10000 / 42891...
colored 11000 / 42891...
colored 12000 / 42891...
colored 13000 / 42891...
colored 14000 / 42891...
colored 15000 / 42891...
colored 16000 / 42891...
colored 17000 / 42891...
colored 18000 / 42891...
colored 19000 / 42891...
colored 20000 / 42891...
colored 21000 / 42891...
colored 22000 / 42891...
colored 23000 / 42891...
colored 24000 / 42891...
colored 25000 / 42891...
colored 26000 / 42891...
colored 27000 / 42891...
colored 28000 / 42891...
colored 29000 / 42891...
colored 30000 / 42891...
colored 31000 / 42891...
colored 32000 / 42891...
colored 33000 / 42891...
colored 34000 / 42891...
colored 35000 / 42891...
colored 36000 / 42891...
colored 37000 / 42891...
colored 38000 / 42891...
colored 39000 / 42891...
colored 40000 / 42891...
colored 41000 / 42891...
colored 42000 / 42891...
greedy found 439 colors in 49.414 seconds
 time (s)      nb nodes       objective      
---------------------------------------------
  11.071                      439            
  12.710       1.7 M          438            
  13.545       2.3 M          437            
  14.415       2.7 M          436            
  15.713       2.9 M          435            
  16.650       3.0 M          434            
  17.609       3.2 M          433            
  20.455       3.2 M          432            
  22.547       3.3 M          431            
  25.298       3.3 M          430            
  27.688       3.4 M          429            
  30.521       3.4 M          428            
  34.866       3.4 M          427            
  37.989       3.5 M          426            
  44.137       3.5 M          425            
  49.717       3.5 M          424            
  57.413       3.5 M          423            
  61.206       3.6 M          422            
  67.991       3.6 M          421            
  74.083       3.6 M          420            
  78.834       3.6 M          419            
  81.913       3.6 M          418            
  88.292       3.7 M          417            
  93.783       3.7 M          416            
  98.501       3.7 M          415            
  107.094      3.7 M          414            
  112.477      3.7 M          413            
  118.012      3.7 M          412            
  119.828      3.7 M          411            
  128.317      3.8 M          410            
  131.392      3.8 M          409            
  137.319      3.8 M          408            
  144.017      3.8 M          407            
  149.769      3.8 M          406            
  154.411      3.8 M          405            
  162.137      3.8 M          404            
  166.637      3.9 M          403            
  175.820      3.9 M          402            
  190.250      3.9 M          401            
  198.927      3.9 M          400            
  208.237      3.9 M          399            
  217.931      3.9 M          398            
  223.169      4.0 M          397            
  229.170      4.0 M          396            
  241.308      4.0 M          395            
  251.975      4.0 M          394            
  257.423      4.0 M          393            
  276.128      4.0 M          392            
  288.185      4.1 M          391            
  303.671      4.1 M          390            
  319.231      4.1 M          389            
  339.776      4.1 M          388            
  354.030      4.2 M          387            
  361.746      4.2 M          386            
  387.379      4.2 M          385            
  414.850      4.2 M          384            
  436.191      4.3 M          383            
  451.504      4.3 M          382            
  475.068      4.3 M          381            
  530.172      4.4 M          380            
  558.653      4.4 M          379            
  650.743      4.5 M          378            
  696.597      4.5 M          377            
  720.093      4.6 M          376            
  739.702      4.6 M          375            
  790.363      4.6 M          374            
  834.717      4.7 M          373            
  962.995      4.8 M          372            
  995.073      4.8 M          371            
  1093.279     4.9 M          370            
  1173.268     5.0 M          369            
  1311.949     5.1 M          368            
  1454.139     5.3 M          367            
  1715.911     5.5 M          366            
  1796.064     5.6 M          365            
  1962.881     5.7 M          364            
  2429.113     6.1 M          363            
  3136.567     6.7 M          362            
  4140.096     7.5 M          361            
  4782.384     8.1 M          360            
  6217.884     9.2 M          359            
  12585.468    13.9 M         358            
  33410.684    30.7 M         357            
  45383.680    40.3 M         356            
