printing solutions in: ./dogs-color/insts/cgshop22/rvisp10374.instance.json.solution.json
printing perfs in: ./dogs-color/insts/cgshop22/rvisp10374.instance.json.perf.json

CGSHOP Instance: compute neighbors...
computing neighbors (0 / 10374)...
computing neighbors (1000 / 10374)...
computing neighbors (2000 / 10374)...
computing neighbors (3000 / 10374)...
computing neighbors (4000 / 10374)...
computing neighbors (5000 / 10374)...
computing neighbors (6000 / 10374)...
computing neighbors (7000 / 10374)...
computing neighbors (8000 / 10374)...
computing neighbors (9000 / 10374)...
computing neighbors (10000 / 10374)...
449        vertices
10374      segments
5078       dominations
=======================
CGSHOP Instance: compute neighbors...
computing neighbors (0 / 10374)...
computing neighbors (1000 / 10374)...
computing neighbors (2000 / 10374)...
computing neighbors (3000 / 10374)...
computing neighbors (4000 / 10374)...
computing neighbors (5000 / 10374)...
computing neighbors (6000 / 10374)...
computing neighbors (7000 / 10374)...
computing neighbors (8000 / 10374)...
computing neighbors (9000 / 10374)...
computing neighbors (10000 / 10374)...
colored 1000 / 10374...
colored 2000 / 10374...
colored 3000 / 10374...
colored 4000 / 10374...
colored 5000 / 10374...
colored 6000 / 10374...
colored 7000 / 10374...
colored 8000 / 10374...
colored 9000 / 10374...
colored 10000 / 10374...
greedy found 62 colors in 0.970 seconds
 time (s)      nb nodes       objective      
---------------------------------------------
  0.404                       62             
  4.248        12.6 M         61             
  6.074        16.9 M         60             
  9.226        19.8 M         59             
  11.136       21.1 M         58             
  12.361       21.9 M         57             
  13.935       22.5 M         56             
  74.067       23.2 M         55             
