printing solutions in: ./dogs-color/insts/cgshop22/sqrpecn56236.instance.json.solution.json
printing perfs in: ./dogs-color/insts/cgshop22/sqrpecn56236.instance.json.perf.json

CGSHOP Instance: compute neighbors...
computing neighbors (0 / 56236)...
computing neighbors (1000 / 56236)...
computing neighbors (2000 / 56236)...
computing neighbors (3000 / 56236)...
computing neighbors (4000 / 56236)...
computing neighbors (5000 / 56236)...
computing neighbors (6000 / 56236)...
computing neighbors (7000 / 56236)...
computing neighbors (8000 / 56236)...
computing neighbors (9000 / 56236)...
computing neighbors (10000 / 56236)...
computing neighbors (11000 / 56236)...
computing neighbors (12000 / 56236)...
computing neighbors (13000 / 56236)...
computing neighbors (14000 / 56236)...
computing neighbors (15000 / 56236)...
computing neighbors (16000 / 56236)...
computing neighbors (17000 / 56236)...
computing neighbors (18000 / 56236)...
computing neighbors (19000 / 56236)...
computing neighbors (20000 / 56236)...
computing neighbors (21000 / 56236)...
computing neighbors (22000 / 56236)...
computing neighbors (23000 / 56236)...
computing neighbors (24000 / 56236)...
computing neighbors (25000 / 56236)...
computing neighbors (26000 / 56236)...
computing neighbors (27000 / 56236)...
computing neighbors (28000 / 56236)...
computing neighbors (29000 / 56236)...
computing neighbors (30000 / 56236)...
computing neighbors (31000 / 56236)...
computing neighbors (32000 / 56236)...
computing neighbors (33000 / 56236)...
computing neighbors (34000 / 56236)...
computing neighbors (35000 / 56236)...
computing neighbors (36000 / 56236)...
computing neighbors (37000 / 56236)...
computing neighbors (38000 / 56236)...
computing neighbors (39000 / 56236)...
computing neighbors (40000 / 56236)...
computing neighbors (41000 / 56236)...
computing neighbors (42000 / 56236)...
computing neighbors (43000 / 56236)...
computing neighbors (44000 / 56236)...
computing neighbors (45000 / 56236)...
computing neighbors (46000 / 56236)...
computing neighbors (47000 / 56236)...
computing neighbors (48000 / 56236)...
computing neighbors (49000 / 56236)...
computing neighbors (50000 / 56236)...
computing neighbors (51000 / 56236)...
computing neighbors (52000 / 56236)...
computing neighbors (53000 / 56236)...
computing neighbors (54000 / 56236)...
computing neighbors (55000 / 56236)...
computing neighbors (56000 / 56236)...
84440      vertices
56236      segments
562        dominations
=======================
CGSHOP Instance: compute neighbors...
computing neighbors (0 / 56236)...
computing neighbors (1000 / 56236)...
computing neighbors (2000 / 56236)...
computing neighbors (3000 / 56236)...
computing neighbors (4000 / 56236)...
computing neighbors (5000 / 56236)...
computing neighbors (6000 / 56236)...
computing neighbors (7000 / 56236)...
computing neighbors (8000 / 56236)...
computing neighbors (9000 / 56236)...
computing neighbors (10000 / 56236)...
computing neighbors (11000 / 56236)...
computing neighbors (12000 / 56236)...
computing neighbors (13000 / 56236)...
computing neighbors (14000 / 56236)...
computing neighbors (15000 / 56236)...
computing neighbors (16000 / 56236)...
computing neighbors (17000 / 56236)...
computing neighbors (18000 / 56236)...
computing neighbors (19000 / 56236)...
computing neighbors (20000 / 56236)...
computing neighbors (21000 / 56236)...
computing neighbors (22000 / 56236)...
computing neighbors (23000 / 56236)...
computing neighbors (24000 / 56236)...
computing neighbors (25000 / 56236)...
computing neighbors (26000 / 56236)...
computing neighbors (27000 / 56236)...
computing neighbors (28000 / 56236)...
computing neighbors (29000 / 56236)...
computing neighbors (30000 / 56236)...
computing neighbors (31000 / 56236)...
computing neighbors (32000 / 56236)...
computing neighbors (33000 / 56236)...
computing neighbors (34000 / 56236)...
computing neighbors (35000 / 56236)...
computing neighbors (36000 / 56236)...
computing neighbors (37000 / 56236)...
computing neighbors (38000 / 56236)...
computing neighbors (39000 / 56236)...
computing neighbors (40000 / 56236)...
computing neighbors (41000 / 56236)...
computing neighbors (42000 / 56236)...
computing neighbors (43000 / 56236)...
computing neighbors (44000 / 56236)...
computing neighbors (45000 / 56236)...
computing neighbors (46000 / 56236)...
computing neighbors (47000 / 56236)...
computing neighbors (48000 / 56236)...
computing neighbors (49000 / 56236)...
computing neighbors (50000 / 56236)...
computing neighbors (51000 / 56236)...
computing neighbors (52000 / 56236)...
computing neighbors (53000 / 56236)...
computing neighbors (54000 / 56236)...
computing neighbors (55000 / 56236)...
computing neighbors (56000 / 56236)...
colored 1000 / 56236...
colored 2000 / 56236...
colored 3000 / 56236...
colored 4000 / 56236...
colored 5000 / 56236...
colored 6000 / 56236...
colored 7000 / 56236...
colored 8000 / 56236...
colored 9000 / 56236...
colored 10000 / 56236...
colored 11000 / 56236...
colored 12000 / 56236...
colored 13000 / 56236...
colored 14000 / 56236...
colored 15000 / 56236...
colored 16000 / 56236...
colored 17000 / 56236...
colored 18000 / 56236...
colored 19000 / 56236...
colored 20000 / 56236...
colored 21000 / 56236...
colored 22000 / 56236...
colored 23000 / 56236...
colored 24000 / 56236...
colored 25000 / 56236...
colored 26000 / 56236...
colored 27000 / 56236...
colored 28000 / 56236...
colored 29000 / 56236...
colored 30000 / 56236...
colored 31000 / 56236...
colored 32000 / 56236...
colored 33000 / 56236...
colored 34000 / 56236...
colored 35000 / 56236...
colored 36000 / 56236...
colored 37000 / 56236...
colored 38000 / 56236...
colored 39000 / 56236...
colored 40000 / 56236...
colored 41000 / 56236...
colored 42000 / 56236...
colored 43000 / 56236...
colored 44000 / 56236...
colored 45000 / 56236...
colored 46000 / 56236...
colored 47000 / 56236...
colored 48000 / 56236...
colored 49000 / 56236...
colored 50000 / 56236...
colored 51000 / 56236...
colored 52000 / 56236...
colored 53000 / 56236...
colored 54000 / 56236...
colored 55000 / 56236...
colored 56000 / 56236...
greedy found 625 colors in 71.433 seconds
 time (s)      nb nodes       objective      
---------------------------------------------
  19.118                      625            
  20.750       2.7 M          624            
  21.954       3.3 M          623            
  22.788       3.6 M          622            
  25.121       3.8 M          621            
  27.274       4.0 M          620            
  29.527       4.2 M          619            
  31.075       4.3 M          618            
  34.936       4.4 M          617            
  38.464       4.5 M          616            
  42.115       4.6 M          615            
  45.861       4.6 M          614            
  55.315       4.7 M          613            
  60.321       4.7 M          612            
  66.909       4.7 M          611            
  75.451       4.8 M          610            
  84.408       4.8 M          609            
  93.726       4.8 M          608            
  102.894      4.9 M          607            
  113.386      4.9 M          606            
  129.782      5.0 M          605            
  138.546      5.0 M          604            
  143.403      5.0 M          603            
  154.789      5.1 M          602            
  157.719      5.1 M          601            
  160.683      5.1 M          600            
  161.891      5.2 M          599            
  165.671      5.2 M          598            
  169.354      5.2 M          597            
  180.928      5.2 M          596            
  186.115      5.3 M          595            
  196.305      5.3 M          594            
  206.035      5.3 M          593            
  214.098      5.3 M          592            
  216.775      5.3 M          591            
  226.070      5.4 M          590            
  236.733      5.4 M          589            
  248.633      5.4 M          588            
  260.621      5.4 M          587            
  266.057      5.5 M          586            
  277.987      5.5 M          585            
  282.268      5.5 M          584            
  284.084      5.5 M          583            
  302.901      5.5 M          582            
  331.086      5.6 M          581            
  335.679      5.6 M          580            
  342.055      5.6 M          579            
  345.468      5.6 M          578            
  353.562      5.7 M          577            
  359.674      5.7 M          576            
  364.310      5.7 M          575            
  379.830      5.7 M          574            
  428.109      5.8 M          573            
  434.760      5.8 M          572            
  443.379      5.8 M          571            
  483.659      5.8 M          570            
  493.600      5.9 M          569            
  500.049      5.9 M          568            
  534.035      5.9 M          567            
  569.012      6.0 M          566            
  590.757      6.0 M          565            
  637.973      6.0 M          564            
  700.190      6.1 M          563            
  732.112      6.1 M          562            
  788.854      6.2 M          561            
  859.825      6.3 M          560            
  1030.695     6.4 M          559            
  1072.761     6.5 M          558            
  1135.995     6.6 M          557            
  1249.486     6.7 M          556            
  1521.093     6.9 M          555            
  1783.760     7.1 M          554            
  2022.110     7.4 M          553            
  2462.347     7.8 M          552            
  3294.742     8.4 M          551            
  3981.027     9.0 M          550            
  5010.065     9.9 M          549            
  5514.681     10.4 M         548            
  5657.395     10.5 M         547            
  10496.932    14.6 M         546            
  10844.857    14.9 M         545            
  13913.053    17.3 M         544            
  56839.234    49.0 M         543            
  65631.828    55.8 M         542            
