printing solutions in: ./dogs-color/insts/cgshop22/visp55158.instance.json.solution.json
printing perfs in: ./dogs-color/insts/cgshop22/visp55158.instance.json.perf.json

CGSHOP Instance: compute neighbors...
computing neighbors (0 / 55158)...
computing neighbors (1000 / 55158)...
computing neighbors (2000 / 55158)...
computing neighbors (3000 / 55158)...
computing neighbors (4000 / 55158)...
computing neighbors (5000 / 55158)...
computing neighbors (6000 / 55158)...
computing neighbors (7000 / 55158)...
computing neighbors (8000 / 55158)...
computing neighbors (9000 / 55158)...
computing neighbors (10000 / 55158)...
computing neighbors (11000 / 55158)...
computing neighbors (12000 / 55158)...
computing neighbors (13000 / 55158)...
computing neighbors (14000 / 55158)...
computing neighbors (15000 / 55158)...
computing neighbors (16000 / 55158)...
computing neighbors (17000 / 55158)...
computing neighbors (18000 / 55158)...
computing neighbors (19000 / 55158)...
computing neighbors (20000 / 55158)...
computing neighbors (21000 / 55158)...
computing neighbors (22000 / 55158)...
computing neighbors (23000 / 55158)...
computing neighbors (24000 / 55158)...
computing neighbors (25000 / 55158)...
computing neighbors (26000 / 55158)...
computing neighbors (27000 / 55158)...
computing neighbors (28000 / 55158)...
computing neighbors (29000 / 55158)...
computing neighbors (30000 / 55158)...
computing neighbors (31000 / 55158)...
computing neighbors (32000 / 55158)...
computing neighbors (33000 / 55158)...
computing neighbors (34000 / 55158)...
computing neighbors (35000 / 55158)...
computing neighbors (36000 / 55158)...
computing neighbors (37000 / 55158)...
computing neighbors (38000 / 55158)...
computing neighbors (39000 / 55158)...
computing neighbors (40000 / 55158)...
computing neighbors (41000 / 55158)...
computing neighbors (42000 / 55158)...
computing neighbors (43000 / 55158)...
computing neighbors (44000 / 55158)...
computing neighbors (45000 / 55158)...
computing neighbors (46000 / 55158)...
computing neighbors (47000 / 55158)...
computing neighbors (48000 / 55158)...
computing neighbors (49000 / 55158)...
computing neighbors (50000 / 55158)...
computing neighbors (51000 / 55158)...
computing neighbors (52000 / 55158)...
computing neighbors (53000 / 55158)...
computing neighbors (54000 / 55158)...
computing neighbors (55000 / 55158)...
1373       vertices
55158      segments
26342      dominations
=======================
CGSHOP Instance: compute neighbors...
computing neighbors (0 / 55158)...
computing neighbors (1000 / 55158)...
computing neighbors (2000 / 55158)...
computing neighbors (3000 / 55158)...
computing neighbors (4000 / 55158)...
computing neighbors (5000 / 55158)...
computing neighbors (6000 / 55158)...
computing neighbors (7000 / 55158)...
computing neighbors (8000 / 55158)...
computing neighbors (9000 / 55158)...
computing neighbors (10000 / 55158)...
computing neighbors (11000 / 55158)...
computing neighbors (12000 / 55158)...
computing neighbors (13000 / 55158)...
computing neighbors (14000 / 55158)...
computing neighbors (15000 / 55158)...
computing neighbors (16000 / 55158)...
computing neighbors (17000 / 55158)...
computing neighbors (18000 / 55158)...
computing neighbors (19000 / 55158)...
computing neighbors (20000 / 55158)...
computing neighbors (21000 / 55158)...
computing neighbors (22000 / 55158)...
computing neighbors (23000 / 55158)...
computing neighbors (24000 / 55158)...
computing neighbors (25000 / 55158)...
computing neighbors (26000 / 55158)...
computing neighbors (27000 / 55158)...
computing neighbors (28000 / 55158)...
computing neighbors (29000 / 55158)...
computing neighbors (30000 / 55158)...
computing neighbors (31000 / 55158)...
computing neighbors (32000 / 55158)...
computing neighbors (33000 / 55158)...
computing neighbors (34000 / 55158)...
computing neighbors (35000 / 55158)...
computing neighbors (36000 / 55158)...
computing neighbors (37000 / 55158)...
computing neighbors (38000 / 55158)...
computing neighbors (39000 / 55158)...
computing neighbors (40000 / 55158)...
computing neighbors (41000 / 55158)...
computing neighbors (42000 / 55158)...
computing neighbors (43000 / 55158)...
computing neighbors (44000 / 55158)...
computing neighbors (45000 / 55158)...
computing neighbors (46000 / 55158)...
computing neighbors (47000 / 55158)...
computing neighbors (48000 / 55158)...
computing neighbors (49000 / 55158)...
computing neighbors (50000 / 55158)...
computing neighbors (51000 / 55158)...
computing neighbors (52000 / 55158)...
computing neighbors (53000 / 55158)...
computing neighbors (54000 / 55158)...
computing neighbors (55000 / 55158)...
colored 1000 / 55158...
colored 2000 / 55158...
colored 3000 / 55158...
colored 4000 / 55158...
colored 5000 / 55158...
colored 6000 / 55158...
colored 7000 / 55158...
colored 8000 / 55158...
colored 9000 / 55158...
colored 10000 / 55158...
colored 11000 / 55158...
colored 12000 / 55158...
colored 13000 / 55158...
colored 14000 / 55158...
colored 15000 / 55158...
colored 16000 / 55158...
colored 17000 / 55158...
colored 18000 / 55158...
colored 19000 / 55158...
colored 20000 / 55158...
colored 21000 / 55158...
colored 22000 / 55158...
colored 23000 / 55158...
colored 24000 / 55158...
colored 25000 / 55158...
colored 26000 / 55158...
colored 27000 / 55158...
colored 28000 / 55158...
colored 29000 / 55158...
colored 30000 / 55158...
colored 31000 / 55158...
colored 32000 / 55158...
colored 33000 / 55158...
colored 34000 / 55158...
colored 35000 / 55158...
colored 36000 / 55158...
colored 37000 / 55158...
colored 38000 / 55158...
colored 39000 / 55158...
colored 40000 / 55158...
colored 41000 / 55158...
colored 42000 / 55158...
colored 43000 / 55158...
colored 44000 / 55158...
colored 45000 / 55158...
colored 46000 / 55158...
colored 47000 / 55158...
colored 48000 / 55158...
colored 49000 / 55158...
colored 50000 / 55158...
colored 51000 / 55158...
colored 52000 / 55158...
colored 53000 / 55158...
colored 54000 / 55158...
colored 55000 / 55158...
greedy found 137 colors in 30.005 seconds
 time (s)      nb nodes       objective      
---------------------------------------------
  11.129                      137            
  258.893      492.9 M        136            
  323.602      598.3 M        135            
  376.952      675.6 M        134            
  431.315      738.4 M        133            
  487.266      781.0 M        132            
  555.210      813.0 M        131            
  608.928      835.3 M        130            
  672.865      851.4 M        129            
  844.939      863.5 M        128            
  1185.426     871.9 M        127            
  1462.892     878.5 M        126            
  1988.863     883.7 M        125            
  6932.861     891.0 M        124            
  36537.445    911.1 M        123            
