printing solutions in: ./dogs-color/insts/cgshop22/reecn59950.instance.json.solution.json
printing perfs in: ./dogs-color/insts/cgshop22/reecn59950.instance.json.perf.json

CGSHOP Instance: compute neighbors...
computing neighbors (0 / 59950)...
computing neighbors (1000 / 59950)...
computing neighbors (2000 / 59950)...
computing neighbors (3000 / 59950)...
computing neighbors (4000 / 59950)...
computing neighbors (5000 / 59950)...
computing neighbors (6000 / 59950)...
computing neighbors (7000 / 59950)...
computing neighbors (8000 / 59950)...
computing neighbors (9000 / 59950)...
computing neighbors (10000 / 59950)...
computing neighbors (11000 / 59950)...
computing neighbors (12000 / 59950)...
computing neighbors (13000 / 59950)...
computing neighbors (14000 / 59950)...
computing neighbors (15000 / 59950)...
computing neighbors (16000 / 59950)...
computing neighbors (17000 / 59950)...
computing neighbors (18000 / 59950)...
computing neighbors (19000 / 59950)...
computing neighbors (20000 / 59950)...
computing neighbors (21000 / 59950)...
computing neighbors (22000 / 59950)...
computing neighbors (23000 / 59950)...
computing neighbors (24000 / 59950)...
computing neighbors (25000 / 59950)...
computing neighbors (26000 / 59950)...
computing neighbors (27000 / 59950)...
computing neighbors (28000 / 59950)...
computing neighbors (29000 / 59950)...
computing neighbors (30000 / 59950)...
computing neighbors (31000 / 59950)...
computing neighbors (32000 / 59950)...
computing neighbors (33000 / 59950)...
computing neighbors (34000 / 59950)...
computing neighbors (35000 / 59950)...
computing neighbors (36000 / 59950)...
computing neighbors (37000 / 59950)...
computing neighbors (38000 / 59950)...
computing neighbors (39000 / 59950)...
computing neighbors (40000 / 59950)...
computing neighbors (41000 / 59950)...
computing neighbors (42000 / 59950)...
computing neighbors (43000 / 59950)...
computing neighbors (44000 / 59950)...
computing neighbors (45000 / 59950)...
computing neighbors (46000 / 59950)...
computing neighbors (47000 / 59950)...
computing neighbors (48000 / 59950)...
computing neighbors (49000 / 59950)...
computing neighbors (50000 / 59950)...
computing neighbors (51000 / 59950)...
computing neighbors (52000 / 59950)...
computing neighbors (53000 / 59950)...
computing neighbors (54000 / 59950)...
computing neighbors (55000 / 59950)...
computing neighbors (56000 / 59950)...
computing neighbors (57000 / 59950)...
computing neighbors (58000 / 59950)...
computing neighbors (59000 / 59950)...
83868      vertices
59950      segments
345        dominations
=======================
CGSHOP Instance: compute neighbors...
computing neighbors (0 / 59950)...
computing neighbors (1000 / 59950)...
computing neighbors (2000 / 59950)...
computing neighbors (3000 / 59950)...
computing neighbors (4000 / 59950)...
computing neighbors (5000 / 59950)...
computing neighbors (6000 / 59950)...
computing neighbors (7000 / 59950)...
computing neighbors (8000 / 59950)...
computing neighbors (9000 / 59950)...
computing neighbors (10000 / 59950)...
computing neighbors (11000 / 59950)...
computing neighbors (12000 / 59950)...
computing neighbors (13000 / 59950)...
computing neighbors (14000 / 59950)...
computing neighbors (15000 / 59950)...
computing neighbors (16000 / 59950)...
computing neighbors (17000 / 59950)...
computing neighbors (18000 / 59950)...
computing neighbors (19000 / 59950)...
computing neighbors (20000 / 59950)...
computing neighbors (21000 / 59950)...
computing neighbors (22000 / 59950)...
computing neighbors (23000 / 59950)...
computing neighbors (24000 / 59950)...
computing neighbors (25000 / 59950)...
computing neighbors (26000 / 59950)...
computing neighbors (27000 / 59950)...
computing neighbors (28000 / 59950)...
computing neighbors (29000 / 59950)...
computing neighbors (30000 / 59950)...
computing neighbors (31000 / 59950)...
computing neighbors (32000 / 59950)...
computing neighbors (33000 / 59950)...
computing neighbors (34000 / 59950)...
computing neighbors (35000 / 59950)...
computing neighbors (36000 / 59950)...
computing neighbors (37000 / 59950)...
computing neighbors (38000 / 59950)...
computing neighbors (39000 / 59950)...
computing neighbors (40000 / 59950)...
computing neighbors (41000 / 59950)...
computing neighbors (42000 / 59950)...
computing neighbors (43000 / 59950)...
computing neighbors (44000 / 59950)...
computing neighbors (45000 / 59950)...
computing neighbors (46000 / 59950)...
computing neighbors (47000 / 59950)...
computing neighbors (48000 / 59950)...
computing neighbors (49000 / 59950)...
computing neighbors (50000 / 59950)...
computing neighbors (51000 / 59950)...
computing neighbors (52000 / 59950)...
computing neighbors (53000 / 59950)...
computing neighbors (54000 / 59950)...
computing neighbors (55000 / 59950)...
computing neighbors (56000 / 59950)...
computing neighbors (57000 / 59950)...
computing neighbors (58000 / 59950)...
computing neighbors (59000 / 59950)...
colored 1000 / 59950...
colored 2000 / 59950...
colored 3000 / 59950...
colored 4000 / 59950...
colored 5000 / 59950...
colored 6000 / 59950...
colored 7000 / 59950...
colored 8000 / 59950...
colored 9000 / 59950...
colored 10000 / 59950...
colored 11000 / 59950...
colored 12000 / 59950...
colored 13000 / 59950...
colored 14000 / 59950...
colored 15000 / 59950...
colored 16000 / 59950...
colored 17000 / 59950...
colored 18000 / 59950...
colored 19000 / 59950...
colored 20000 / 59950...
colored 21000 / 59950...
colored 22000 / 59950...
colored 23000 / 59950...
colored 24000 / 59950...
colored 25000 / 59950...
colored 26000 / 59950...
colored 27000 / 59950...
colored 28000 / 59950...
colored 29000 / 59950...
colored 30000 / 59950...
colored 31000 / 59950...
colored 32000 / 59950...
colored 33000 / 59950...
colored 34000 / 59950...
colored 35000 / 59950...
colored 36000 / 59950...
colored 37000 / 59950...
colored 38000 / 59950...
colored 39000 / 59950...
colored 40000 / 59950...
colored 41000 / 59950...
colored 42000 / 59950...
colored 43000 / 59950...
colored 44000 / 59950...
colored 45000 / 59950...
colored 46000 / 59950...
colored 47000 / 59950...
colored 48000 / 59950...
colored 49000 / 59950...
colored 50000 / 59950...
colored 51000 / 59950...
colored 52000 / 59950...
colored 53000 / 59950...
colored 54000 / 59950...
colored 55000 / 59950...
colored 56000 / 59950...
colored 57000 / 59950...
colored 58000 / 59950...
colored 59000 / 59950...
greedy found 346 colors in 60.864 seconds
 time (s)      nb nodes       objective      
---------------------------------------------
  20.189                      346            
  23.350       1.6 M          345            
  25.582       2.4 M          344            
  27.206       2.8 M          343            
  30.089       3.1 M          342            
  32.930       3.2 M          341            
  37.692       3.4 M          340            
  45.131       3.4 M          339            
  50.548       3.5 M          338            
  56.648       3.6 M          337            
  70.357       3.6 M          336            
  84.917       3.6 M          335            
  101.506      3.7 M          334            
  116.106      3.7 M          333            
  136.309      3.8 M          332            
  148.969      3.8 M          331            
  175.979      3.8 M          330            
  206.511      3.9 M          329            
  217.083      3.9 M          328            
  222.984      3.9 M          327            
  246.155      4.0 M          326            
  256.211      4.0 M          325            
  278.074      4.1 M          324            
  305.063      4.1 M          323            
  333.544      4.1 M          322            
  363.416      4.2 M          321            
  389.289      4.2 M          320            
  430.546      4.3 M          319            
  465.515      4.3 M          318            
  529.657      4.4 M          317            
  546.602      4.4 M          316            
  622.014      4.5 M          315            
  721.596      4.7 M          314            
  843.915      4.8 M          313            
  1058.604     5.0 M          312            
  1752.716     5.7 M          311            
  2554.120     6.6 M          310            
  5450.414     9.8 M          309            
  13377.197    17.9 M         308            
