printing solutions in: ./dogs-color/insts/cgshop22/vispecn2518.instance.json.solution.json
printing perfs in: ./dogs-color/insts/cgshop22/vispecn2518.instance.json.perf.json

CGSHOP Instance: compute neighbors...
computing neighbors (0 / 2518)...
computing neighbors (1000 / 2518)...
computing neighbors (2000 / 2518)...
3562       vertices
2518       segments
58         dominations
=======================
CGSHOP Instance: compute neighbors...
computing neighbors (0 / 2518)...
computing neighbors (1000 / 2518)...
computing neighbors (2000 / 2518)...
colored 1000 / 2518...
colored 2000 / 2518...
greedy found 67 colors in 0.057 seconds
 time (s)      nb nodes       objective      
---------------------------------------------
  0.023                       67             
  0.053        90.7 k         66             
  0.077        140.8 k        65             
  0.101        171.3 k        64             
  0.168        209.8 k        63             
  0.186        232.6 k        62             
  0.295        258.1 k        61             
  0.634        304.3 k        60             
  1.009        341.4 k        59             
  81.321       6.2 M          58             
