printing solutions in: ./dogs-color/insts/cgshop22/reecn21194.instance.json.solution.json
printing perfs in: ./dogs-color/insts/cgshop22/reecn21194.instance.json.perf.json

CGSHOP Instance: compute neighbors...
computing neighbors (0 / 21194)...
computing neighbors (1000 / 21194)...
computing neighbors (2000 / 21194)...
computing neighbors (3000 / 21194)...
computing neighbors (4000 / 21194)...
computing neighbors (5000 / 21194)...
computing neighbors (6000 / 21194)...
computing neighbors (7000 / 21194)...
computing neighbors (8000 / 21194)...
computing neighbors (9000 / 21194)...
computing neighbors (10000 / 21194)...
computing neighbors (11000 / 21194)...
computing neighbors (12000 / 21194)...
computing neighbors (13000 / 21194)...
computing neighbors (14000 / 21194)...
computing neighbors (15000 / 21194)...
computing neighbors (16000 / 21194)...
computing neighbors (17000 / 21194)...
computing neighbors (18000 / 21194)...
computing neighbors (19000 / 21194)...
computing neighbors (20000 / 21194)...
computing neighbors (21000 / 21194)...
29930      vertices
21194      segments
194        dominations
=======================
CGSHOP Instance: compute neighbors...
computing neighbors (0 / 21194)...
computing neighbors (1000 / 21194)...
computing neighbors (2000 / 21194)...
computing neighbors (3000 / 21194)...
computing neighbors (4000 / 21194)...
computing neighbors (5000 / 21194)...
computing neighbors (6000 / 21194)...
computing neighbors (7000 / 21194)...
computing neighbors (8000 / 21194)...
computing neighbors (9000 / 21194)...
computing neighbors (10000 / 21194)...
computing neighbors (11000 / 21194)...
computing neighbors (12000 / 21194)...
computing neighbors (13000 / 21194)...
computing neighbors (14000 / 21194)...
computing neighbors (15000 / 21194)...
computing neighbors (16000 / 21194)...
computing neighbors (17000 / 21194)...
computing neighbors (18000 / 21194)...
computing neighbors (19000 / 21194)...
computing neighbors (20000 / 21194)...
computing neighbors (21000 / 21194)...
colored 1000 / 21194...
colored 2000 / 21194...
colored 3000 / 21194...
colored 4000 / 21194...
colored 5000 / 21194...
colored 6000 / 21194...
colored 7000 / 21194...
colored 8000 / 21194...
colored 9000 / 21194...
colored 10000 / 21194...
colored 11000 / 21194...
colored 12000 / 21194...
colored 13000 / 21194...
colored 14000 / 21194...
colored 15000 / 21194...
colored 16000 / 21194...
colored 17000 / 21194...
colored 18000 / 21194...
colored 19000 / 21194...
colored 20000 / 21194...
colored 21000 / 21194...
greedy found 215 colors in 6.097 seconds
 time (s)      nb nodes       objective      
---------------------------------------------
  2.229                       215            
  2.601        306.8 k        214            
  2.877        425.4 k        213            
  3.267        515.4 k        212            
  3.610        557.9 k        211            
  4.010        587.2 k        210            
  4.665        611.2 k        209            
  5.611        628.6 k        208            
  6.906        643.6 k        207            
  8.313        662.4 k        206            
  9.886        677.4 k        205            
  11.319       689.8 k        204            
  14.003       708.4 k        203            
  16.873       726.4 k        202            
  19.231       739.7 k        201            
  21.558       755.4 k        200            
  22.376       764.5 k        199            
  23.329       772.3 k        198            
  26.451       790.1 k        197            
  30.297       808.4 k        196            
  32.756       823.8 k        195            
  36.551       841.4 k        194            
  40.653       862.6 k        193            
  49.029       900.6 k        192            
  57.253       938.8 k        191            
  69.635       987.5 k        190            
  103.753      1.1 M          189            
  223.970      1.6 M          188            
  330.663      2.0 M          187            
  2610.699     10.5 M         186            
