printing solutions in: ./dogs-color/insts/cgshop22/sqrpecn52587.instance.json.solution.json
printing perfs in: ./dogs-color/insts/cgshop22/sqrpecn52587.instance.json.perf.json

CGSHOP Instance: compute neighbors...
computing neighbors (0 / 52587)...
computing neighbors (1000 / 52587)...
computing neighbors (2000 / 52587)...
computing neighbors (3000 / 52587)...
computing neighbors (4000 / 52587)...
computing neighbors (5000 / 52587)...
computing neighbors (6000 / 52587)...
computing neighbors (7000 / 52587)...
computing neighbors (8000 / 52587)...
computing neighbors (9000 / 52587)...
computing neighbors (10000 / 52587)...
computing neighbors (11000 / 52587)...
computing neighbors (12000 / 52587)...
computing neighbors (13000 / 52587)...
computing neighbors (14000 / 52587)...
computing neighbors (15000 / 52587)...
computing neighbors (16000 / 52587)...
computing neighbors (17000 / 52587)...
computing neighbors (18000 / 52587)...
computing neighbors (19000 / 52587)...
computing neighbors (20000 / 52587)...
computing neighbors (21000 / 52587)...
computing neighbors (22000 / 52587)...
computing neighbors (23000 / 52587)...
computing neighbors (24000 / 52587)...
computing neighbors (25000 / 52587)...
computing neighbors (26000 / 52587)...
computing neighbors (27000 / 52587)...
computing neighbors (28000 / 52587)...
computing neighbors (29000 / 52587)...
computing neighbors (30000 / 52587)...
computing neighbors (31000 / 52587)...
computing neighbors (32000 / 52587)...
computing neighbors (33000 / 52587)...
computing neighbors (34000 / 52587)...
computing neighbors (35000 / 52587)...
computing neighbors (36000 / 52587)...
computing neighbors (37000 / 52587)...
computing neighbors (38000 / 52587)...
computing neighbors (39000 / 52587)...
computing neighbors (40000 / 52587)...
computing neighbors (41000 / 52587)...
computing neighbors (42000 / 52587)...
computing neighbors (43000 / 52587)...
computing neighbors (44000 / 52587)...
computing neighbors (45000 / 52587)...
computing neighbors (46000 / 52587)...
computing neighbors (47000 / 52587)...
computing neighbors (48000 / 52587)...
computing neighbors (49000 / 52587)...
computing neighbors (50000 / 52587)...
computing neighbors (51000 / 52587)...
computing neighbors (52000 / 52587)...
78734      vertices
52587      segments
481        dominations
=======================
CGSHOP Instance: compute neighbors...
computing neighbors (0 / 52587)...
computing neighbors (1000 / 52587)...
computing neighbors (2000 / 52587)...
computing neighbors (3000 / 52587)...
computing neighbors (4000 / 52587)...
computing neighbors (5000 / 52587)...
computing neighbors (6000 / 52587)...
computing neighbors (7000 / 52587)...
computing neighbors (8000 / 52587)...
computing neighbors (9000 / 52587)...
computing neighbors (10000 / 52587)...
computing neighbors (11000 / 52587)...
computing neighbors (12000 / 52587)...
computing neighbors (13000 / 52587)...
computing neighbors (14000 / 52587)...
computing neighbors (15000 / 52587)...
computing neighbors (16000 / 52587)...
computing neighbors (17000 / 52587)...
computing neighbors (18000 / 52587)...
computing neighbors (19000 / 52587)...
computing neighbors (20000 / 52587)...
computing neighbors (21000 / 52587)...
computing neighbors (22000 / 52587)...
computing neighbors (23000 / 52587)...
computing neighbors (24000 / 52587)...
computing neighbors (25000 / 52587)...
computing neighbors (26000 / 52587)...
computing neighbors (27000 / 52587)...
computing neighbors (28000 / 52587)...
computing neighbors (29000 / 52587)...
computing neighbors (30000 / 52587)...
computing neighbors (31000 / 52587)...
computing neighbors (32000 / 52587)...
computing neighbors (33000 / 52587)...
computing neighbors (34000 / 52587)...
computing neighbors (35000 / 52587)...
computing neighbors (36000 / 52587)...
computing neighbors (37000 / 52587)...
computing neighbors (38000 / 52587)...
computing neighbors (39000 / 52587)...
computing neighbors (40000 / 52587)...
computing neighbors (41000 / 52587)...
computing neighbors (42000 / 52587)...
computing neighbors (43000 / 52587)...
computing neighbors (44000 / 52587)...
computing neighbors (45000 / 52587)...
computing neighbors (46000 / 52587)...
computing neighbors (47000 / 52587)...
computing neighbors (48000 / 52587)...
computing neighbors (49000 / 52587)...
computing neighbors (50000 / 52587)...
computing neighbors (51000 / 52587)...
computing neighbors (52000 / 52587)...
colored 1000 / 52587...
colored 2000 / 52587...
colored 3000 / 52587...
colored 4000 / 52587...
colored 5000 / 52587...
colored 6000 / 52587...
colored 7000 / 52587...
colored 8000 / 52587...
colored 9000 / 52587...
colored 10000 / 52587...
colored 11000 / 52587...
colored 12000 / 52587...
colored 13000 / 52587...
colored 14000 / 52587...
colored 15000 / 52587...
colored 16000 / 52587...
colored 17000 / 52587...
colored 18000 / 52587...
colored 19000 / 52587...
colored 20000 / 52587...
colored 21000 / 52587...
colored 22000 / 52587...
colored 23000 / 52587...
colored 24000 / 52587...
colored 25000 / 52587...
colored 26000 / 52587...
colored 27000 / 52587...
colored 28000 / 52587...
colored 29000 / 52587...
colored 30000 / 52587...
colored 31000 / 52587...
colored 32000 / 52587...
colored 33000 / 52587...
colored 34000 / 52587...
colored 35000 / 52587...
colored 36000 / 52587...
colored 37000 / 52587...
colored 38000 / 52587...
colored 39000 / 52587...
colored 40000 / 52587...
colored 41000 / 52587...
colored 42000 / 52587...
colored 43000 / 52587...
colored 44000 / 52587...
colored 45000 / 52587...
colored 46000 / 52587...
colored 47000 / 52587...
colored 48000 / 52587...
colored 49000 / 52587...
colored 50000 / 52587...
colored 51000 / 52587...
colored 52000 / 52587...
greedy found 565 colors in 135.917 seconds
 time (s)      nb nodes       objective      
---------------------------------------------
  17.042                      565            
  19.143       2.7 M          564            
  20.730       3.8 M          563            
  21.974       4.4 M          562            
  23.348       4.8 M          561            
  24.960       5.2 M          560            
  26.046       5.7 M          559            
  27.419       5.9 M          558            
  28.685       6.1 M          557            
  33.682       6.1 M          556            
  36.360       6.2 M          555            
  41.064       6.2 M          554            
  46.465       6.3 M          553            
  48.746       6.3 M          552            
  52.835       6.4 M          551            
  59.801       6.5 M          550            
  63.408       6.5 M          549            
  71.137       6.5 M          548            
  77.110       6.6 M          547            
  84.849       6.7 M          546            
  89.162       6.7 M          545            
  101.990      6.7 M          544            
  111.285      6.8 M          543            
  117.863      6.8 M          542            
  125.944      6.8 M          541            
  141.363      6.8 M          540            
  156.997      6.9 M          539            
  166.940      6.9 M          538            
  179.369      6.9 M          537            
  188.865      6.9 M          536            
  209.326      7.0 M          535            
  220.437      7.0 M          534            
  228.009      7.1 M          533            
  250.977      7.1 M          532            
  259.572      7.1 M          531            
  299.435      7.2 M          530            
  309.703      7.2 M          529            
  349.779      7.2 M          528            
  394.749      7.2 M          527            
  415.226      7.3 M          526            
  431.350      7.3 M          525            
  452.759      7.3 M          524            
  482.533      7.4 M          523            
  541.097      7.4 M          522            
  604.215      7.4 M          521            
  777.385      7.5 M          520            
  894.648      7.6 M          519            
  962.134      7.6 M          518            
  1153.340     7.7 M          517            
  1293.105     7.8 M          516            
  2913.401     8.6 M          515            
  6964.077     10.3 M         514            
