printing solutions in: ./dogs-color/insts/cgshop22/reecn48602.instance.json.solution.json
printing perfs in: ./dogs-color/insts/cgshop22/reecn48602.instance.json.perf.json

CGSHOP Instance: compute neighbors...
computing neighbors (0 / 48602)...
computing neighbors (1000 / 48602)...
computing neighbors (2000 / 48602)...
computing neighbors (3000 / 48602)...
computing neighbors (4000 / 48602)...
computing neighbors (5000 / 48602)...
computing neighbors (6000 / 48602)...
computing neighbors (7000 / 48602)...
computing neighbors (8000 / 48602)...
computing neighbors (9000 / 48602)...
computing neighbors (10000 / 48602)...
computing neighbors (11000 / 48602)...
computing neighbors (12000 / 48602)...
computing neighbors (13000 / 48602)...
computing neighbors (14000 / 48602)...
computing neighbors (15000 / 48602)...
computing neighbors (16000 / 48602)...
computing neighbors (17000 / 48602)...
computing neighbors (18000 / 48602)...
computing neighbors (19000 / 48602)...
computing neighbors (20000 / 48602)...
computing neighbors (21000 / 48602)...
computing neighbors (22000 / 48602)...
computing neighbors (23000 / 48602)...
computing neighbors (24000 / 48602)...
computing neighbors (25000 / 48602)...
computing neighbors (26000 / 48602)...
computing neighbors (27000 / 48602)...
computing neighbors (28000 / 48602)...
computing neighbors (29000 / 48602)...
computing neighbors (30000 / 48602)...
computing neighbors (31000 / 48602)...
computing neighbors (32000 / 48602)...
computing neighbors (33000 / 48602)...
computing neighbors (34000 / 48602)...
computing neighbors (35000 / 48602)...
computing neighbors (36000 / 48602)...
computing neighbors (37000 / 48602)...
computing neighbors (38000 / 48602)...
computing neighbors (39000 / 48602)...
computing neighbors (40000 / 48602)...
computing neighbors (41000 / 48602)...
computing neighbors (42000 / 48602)...
computing neighbors (43000 / 48602)...
computing neighbors (44000 / 48602)...
computing neighbors (45000 / 48602)...
computing neighbors (46000 / 48602)...
computing neighbors (47000 / 48602)...
computing neighbors (48000 / 48602)...
68098      vertices
48602      segments
326        dominations
=======================
CGSHOP Instance: compute neighbors...
computing neighbors (0 / 48602)...
computing neighbors (1000 / 48602)...
computing neighbors (2000 / 48602)...
computing neighbors (3000 / 48602)...
computing neighbors (4000 / 48602)...
computing neighbors (5000 / 48602)...
computing neighbors (6000 / 48602)...
computing neighbors (7000 / 48602)...
computing neighbors (8000 / 48602)...
computing neighbors (9000 / 48602)...
computing neighbors (10000 / 48602)...
computing neighbors (11000 / 48602)...
computing neighbors (12000 / 48602)...
computing neighbors (13000 / 48602)...
computing neighbors (14000 / 48602)...
computing neighbors (15000 / 48602)...
computing neighbors (16000 / 48602)...
computing neighbors (17000 / 48602)...
computing neighbors (18000 / 48602)...
computing neighbors (19000 / 48602)...
computing neighbors (20000 / 48602)...
computing neighbors (21000 / 48602)...
computing neighbors (22000 / 48602)...
computing neighbors (23000 / 48602)...
computing neighbors (24000 / 48602)...
computing neighbors (25000 / 48602)...
computing neighbors (26000 / 48602)...
computing neighbors (27000 / 48602)...
computing neighbors (28000 / 48602)...
computing neighbors (29000 / 48602)...
computing neighbors (30000 / 48602)...
computing neighbors (31000 / 48602)...
computing neighbors (32000 / 48602)...
computing neighbors (33000 / 48602)...
computing neighbors (34000 / 48602)...
computing neighbors (35000 / 48602)...
computing neighbors (36000 / 48602)...
computing neighbors (37000 / 48602)...
computing neighbors (38000 / 48602)...
computing neighbors (39000 / 48602)...
computing neighbors (40000 / 48602)...
computing neighbors (41000 / 48602)...
computing neighbors (42000 / 48602)...
computing neighbors (43000 / 48602)...
computing neighbors (44000 / 48602)...
computing neighbors (45000 / 48602)...
computing neighbors (46000 / 48602)...
computing neighbors (47000 / 48602)...
computing neighbors (48000 / 48602)...
colored 1000 / 48602...
colored 2000 / 48602...
colored 3000 / 48602...
colored 4000 / 48602...
colored 5000 / 48602...
colored 6000 / 48602...
colored 7000 / 48602...
colored 8000 / 48602...
colored 9000 / 48602...
colored 10000 / 48602...
colored 11000 / 48602...
colored 12000 / 48602...
colored 13000 / 48602...
colored 14000 / 48602...
colored 15000 / 48602...
colored 16000 / 48602...
colored 17000 / 48602...
colored 18000 / 48602...
colored 19000 / 48602...
colored 20000 / 48602...
colored 21000 / 48602...
colored 22000 / 48602...
colored 23000 / 48602...
colored 24000 / 48602...
colored 25000 / 48602...
colored 26000 / 48602...
colored 27000 / 48602...
colored 28000 / 48602...
colored 29000 / 48602...
colored 30000 / 48602...
colored 31000 / 48602...
colored 32000 / 48602...
colored 33000 / 48602...
colored 34000 / 48602...
colored 35000 / 48602...
colored 36000 / 48602...
colored 37000 / 48602...
colored 38000 / 48602...
colored 39000 / 48602...
colored 40000 / 48602...
colored 41000 / 48602...
colored 42000 / 48602...
colored 43000 / 48602...
colored 44000 / 48602...
colored 45000 / 48602...
colored 46000 / 48602...
colored 47000 / 48602...
colored 48000 / 48602...
greedy found 383 colors in 67.221 seconds
 time (s)      nb nodes       objective      
---------------------------------------------
  14.047                      383            
  16.515       1.6 M          382            
  17.927       2.1 M          381            
  19.703       2.6 M          380            
  21.873       2.8 M          379            
  25.159       3.0 M          378            
  27.936       3.1 M          377            
  30.047       3.2 M          376            
  34.316       3.2 M          375            
  38.859       3.3 M          374            
  42.301       3.3 M          373            
  48.056       3.4 M          372            
  54.704       3.4 M          371            
  61.090       3.5 M          370            
  71.956       3.5 M          369            
  82.242       3.5 M          368            
  93.066       3.5 M          367            
  102.369      3.6 M          366            
  112.965      3.6 M          365            
  128.121      3.6 M          364            
  137.762      3.6 M          363            
  147.449      3.7 M          362            
  149.732      3.7 M          361            
  159.574      3.7 M          360            
  166.550      3.7 M          359            
  168.934      3.7 M          358            
  178.338      3.7 M          357            
  187.066      3.8 M          356            
  197.501      3.8 M          355            
  203.704      3.8 M          354            
  209.195      3.8 M          353            
  221.064      3.8 M          352            
  236.601      3.9 M          351            
  245.664      3.9 M          350            
  252.837      3.9 M          349            
  277.168      3.9 M          348            
  295.602      3.9 M          347            
  310.161      3.9 M          346            
  333.188      4.0 M          345            
  355.499      4.0 M          344            
  365.048      4.0 M          343            
  401.728      4.0 M          342            
  422.279      4.1 M          341            
  453.701      4.1 M          340            
  493.215      4.1 M          339            
  510.488      4.2 M          338            
  561.874      4.2 M          337            
  632.385      4.3 M          336            
  677.170      4.3 M          335            
  753.266      4.4 M          334            
  807.368      4.4 M          333            
  855.592      4.4 M          332            
  927.824      4.5 M          331            
  1215.243     4.7 M          330            
  1272.659     4.7 M          329            
  1466.889     4.9 M          328            
  1747.375     5.0 M          327            
  1965.964     5.2 M          326            
  2884.476     5.7 M          325            
  3689.654     6.2 M          324            
  4401.372     6.6 M          323            
  5632.905     7.4 M          322            
  10397.523    9.9 M          321            
  24711.371    18.4 M         320            
  33637.473    23.3 M         319            
