printing solutions in: ./dogs-color/insts/cgshop22/reecn9674.instance.json.solution.json
printing perfs in: ./dogs-color/insts/cgshop22/reecn9674.instance.json.perf.json

CGSHOP Instance: compute neighbors...
computing neighbors (0 / 9674)...
computing neighbors (1000 / 9674)...
computing neighbors (2000 / 9674)...
computing neighbors (3000 / 9674)...
computing neighbors (4000 / 9674)...
computing neighbors (5000 / 9674)...
computing neighbors (6000 / 9674)...
computing neighbors (7000 / 9674)...
computing neighbors (8000 / 9674)...
computing neighbors (9000 / 9674)...
13650      vertices
9674       segments
154        dominations
=======================
CGSHOP Instance: compute neighbors...
computing neighbors (0 / 9674)...
computing neighbors (1000 / 9674)...
computing neighbors (2000 / 9674)...
computing neighbors (3000 / 9674)...
computing neighbors (4000 / 9674)...
computing neighbors (5000 / 9674)...
computing neighbors (6000 / 9674)...
computing neighbors (7000 / 9674)...
computing neighbors (8000 / 9674)...
computing neighbors (9000 / 9674)...
colored 1000 / 9674...
colored 2000 / 9674...
colored 3000 / 9674...
colored 4000 / 9674...
colored 5000 / 9674...
colored 6000 / 9674...
colored 7000 / 9674...
colored 8000 / 9674...
colored 9000 / 9674...
greedy found 161 colors in 1.245 seconds
 time (s)      nb nodes       objective      
---------------------------------------------
  0.493                       161            
  0.588        222.0 k        160            
  0.638        286.0 k        159            
  0.700        300.9 k        158            
  0.751        316.6 k        157            
  0.819        326.5 k        156            
  1.006        337.1 k        155            
  1.138        345.1 k        154            
  1.430        354.7 k        153            
  1.854        364.7 k        152            
  2.288        372.8 k        151            
  2.835        382.0 k        150            
  3.121        390.6 k        149            
  3.298        394.8 k        148            
  3.682        401.0 k        147            
  3.918        406.8 k        146            
  4.643        418.3 k        145            
  5.181        426.2 k        144            
  5.467        430.7 k        143            
  6.157        439.7 k        142            
  6.962        448.6 k        141            
  9.952        477.6 k        140            
  10.686       485.3 k        139            
  17.047       540.2 k        138            
  72.364       1.1 M          137            
  127.843      1.6 M          136            
  561.358      5.4 M          135            
