printing solutions in: ./dogs-color/insts/cgshop22/reecn31126.instance.json.solution.json
printing perfs in: ./dogs-color/insts/cgshop22/reecn31126.instance.json.perf.json

CGSHOP Instance: compute neighbors...
computing neighbors (0 / 31126)...
computing neighbors (1000 / 31126)...
computing neighbors (2000 / 31126)...
computing neighbors (3000 / 31126)...
computing neighbors (4000 / 31126)...
computing neighbors (5000 / 31126)...
computing neighbors (6000 / 31126)...
computing neighbors (7000 / 31126)...
computing neighbors (8000 / 31126)...
computing neighbors (9000 / 31126)...
computing neighbors (10000 / 31126)...
computing neighbors (11000 / 31126)...
computing neighbors (12000 / 31126)...
computing neighbors (13000 / 31126)...
computing neighbors (14000 / 31126)...
computing neighbors (15000 / 31126)...
computing neighbors (16000 / 31126)...
computing neighbors (17000 / 31126)...
computing neighbors (18000 / 31126)...
computing neighbors (19000 / 31126)...
computing neighbors (20000 / 31126)...
computing neighbors (21000 / 31126)...
computing neighbors (22000 / 31126)...
computing neighbors (23000 / 31126)...
computing neighbors (24000 / 31126)...
computing neighbors (25000 / 31126)...
computing neighbors (26000 / 31126)...
computing neighbors (27000 / 31126)...
computing neighbors (28000 / 31126)...
computing neighbors (29000 / 31126)...
computing neighbors (30000 / 31126)...
computing neighbors (31000 / 31126)...
43576      vertices
31126      segments
290        dominations
=======================
CGSHOP Instance: compute neighbors...
computing neighbors (0 / 31126)...
computing neighbors (1000 / 31126)...
computing neighbors (2000 / 31126)...
computing neighbors (3000 / 31126)...
computing neighbors (4000 / 31126)...
computing neighbors (5000 / 31126)...
computing neighbors (6000 / 31126)...
computing neighbors (7000 / 31126)...
computing neighbors (8000 / 31126)...
computing neighbors (9000 / 31126)...
computing neighbors (10000 / 31126)...
computing neighbors (11000 / 31126)...
computing neighbors (12000 / 31126)...
computing neighbors (13000 / 31126)...
computing neighbors (14000 / 31126)...
computing neighbors (15000 / 31126)...
computing neighbors (16000 / 31126)...
computing neighbors (17000 / 31126)...
computing neighbors (18000 / 31126)...
computing neighbors (19000 / 31126)...
computing neighbors (20000 / 31126)...
computing neighbors (21000 / 31126)...
computing neighbors (22000 / 31126)...
computing neighbors (23000 / 31126)...
computing neighbors (24000 / 31126)...
computing neighbors (25000 / 31126)...
computing neighbors (26000 / 31126)...
computing neighbors (27000 / 31126)...
computing neighbors (28000 / 31126)...
computing neighbors (29000 / 31126)...
computing neighbors (30000 / 31126)...
computing neighbors (31000 / 31126)...
colored 1000 / 31126...
colored 2000 / 31126...
colored 3000 / 31126...
colored 4000 / 31126...
colored 5000 / 31126...
colored 6000 / 31126...
colored 7000 / 31126...
colored 8000 / 31126...
colored 9000 / 31126...
colored 10000 / 31126...
colored 11000 / 31126...
colored 12000 / 31126...
colored 13000 / 31126...
colored 14000 / 31126...
colored 15000 / 31126...
colored 16000 / 31126...
colored 17000 / 31126...
colored 18000 / 31126...
colored 19000 / 31126...
colored 20000 / 31126...
colored 21000 / 31126...
colored 22000 / 31126...
colored 23000 / 31126...
colored 24000 / 31126...
colored 25000 / 31126...
colored 26000 / 31126...
colored 27000 / 31126...
colored 28000 / 31126...
colored 29000 / 31126...
colored 30000 / 31126...
colored 31000 / 31126...
greedy found 281 colors in 19.429 seconds
 time (s)      nb nodes       objective      
---------------------------------------------
  5.646                       281            
  6.665        855.0 k        280            
  7.485        1.2 M          279            
  8.154        1.3 M          278            
  8.883        1.5 M          277            
  9.689        1.5 M          276            
  10.993       1.6 M          275            
  13.089       1.6 M          274            
  14.581       1.6 M          273            
  16.764       1.7 M          272            
  19.145       1.7 M          271            
  21.272       1.7 M          270            
  23.881       1.7 M          269            
  29.362       1.8 M          268            
  33.420       1.8 M          267            
  38.291       1.8 M          266            
  40.244       1.8 M          265            
  44.811       1.8 M          264            
  52.861       1.9 M          263            
  56.490       1.9 M          262            
  61.136       1.9 M          261            
  68.330       1.9 M          260            
  72.914       1.9 M          259            
  76.962       1.9 M          258            
  81.205       1.9 M          257            
  87.843       2.0 M          256            
  94.091       2.0 M          255            
  110.708      2.0 M          254            
  133.077      2.1 M          253            
  149.319      2.1 M          252            
  162.215      2.1 M          251            
  168.825      2.1 M          250            
  199.144      2.2 M          249            
  226.012      2.2 M          248            
  266.442      2.3 M          247            
  318.191      2.4 M          246            
  411.657      2.5 M          245            
  475.435      2.6 M          244            
  539.763      2.7 M          243            
  700.080      3.0 M          242            
  1626.007     4.3 M          241            
  2345.325     5.4 M          240            
  4531.233     8.5 M          239            
  38222.863    53.4 M         238            
