printing solutions in: ./dogs-color/insts/cgshop22/reecn23484.instance.json.solution.json
printing perfs in: ./dogs-color/insts/cgshop22/reecn23484.instance.json.perf.json

CGSHOP Instance: compute neighbors...
computing neighbors (0 / 23484)...
computing neighbors (1000 / 23484)...
computing neighbors (2000 / 23484)...
computing neighbors (3000 / 23484)...
computing neighbors (4000 / 23484)...
computing neighbors (5000 / 23484)...
computing neighbors (6000 / 23484)...
computing neighbors (7000 / 23484)...
computing neighbors (8000 / 23484)...
computing neighbors (9000 / 23484)...
computing neighbors (10000 / 23484)...
computing neighbors (11000 / 23484)...
computing neighbors (12000 / 23484)...
computing neighbors (13000 / 23484)...
computing neighbors (14000 / 23484)...
computing neighbors (15000 / 23484)...
computing neighbors (16000 / 23484)...
computing neighbors (17000 / 23484)...
computing neighbors (18000 / 23484)...
computing neighbors (19000 / 23484)...
computing neighbors (20000 / 23484)...
computing neighbors (21000 / 23484)...
computing neighbors (22000 / 23484)...
computing neighbors (23000 / 23484)...
32800      vertices
23484      segments
212        dominations
=======================
CGSHOP Instance: compute neighbors...
computing neighbors (0 / 23484)...
computing neighbors (1000 / 23484)...
computing neighbors (2000 / 23484)...
computing neighbors (3000 / 23484)...
computing neighbors (4000 / 23484)...
computing neighbors (5000 / 23484)...
computing neighbors (6000 / 23484)...
computing neighbors (7000 / 23484)...
computing neighbors (8000 / 23484)...
computing neighbors (9000 / 23484)...
computing neighbors (10000 / 23484)...
computing neighbors (11000 / 23484)...
computing neighbors (12000 / 23484)...
computing neighbors (13000 / 23484)...
computing neighbors (14000 / 23484)...
computing neighbors (15000 / 23484)...
computing neighbors (16000 / 23484)...
computing neighbors (17000 / 23484)...
computing neighbors (18000 / 23484)...
computing neighbors (19000 / 23484)...
computing neighbors (20000 / 23484)...
computing neighbors (21000 / 23484)...
computing neighbors (22000 / 23484)...
computing neighbors (23000 / 23484)...
colored 1000 / 23484...
colored 2000 / 23484...
colored 3000 / 23484...
colored 4000 / 23484...
colored 5000 / 23484...
colored 6000 / 23484...
colored 7000 / 23484...
colored 8000 / 23484...
colored 9000 / 23484...
colored 10000 / 23484...
colored 11000 / 23484...
colored 12000 / 23484...
colored 13000 / 23484...
colored 14000 / 23484...
colored 15000 / 23484...
colored 16000 / 23484...
colored 17000 / 23484...
colored 18000 / 23484...
colored 19000 / 23484...
colored 20000 / 23484...
colored 21000 / 23484...
colored 22000 / 23484...
colored 23000 / 23484...
greedy found 199 colors in 7.019 seconds
 time (s)      nb nodes       objective      
---------------------------------------------
  2.621                       199            
  3.273        562.0 k        198            
  3.756        838.9 k        197            
  4.259        955.8 k        196            
  4.704        1.0 M          195            
  5.386        1.1 M          194            
  6.557        1.1 M          193            
  8.490        1.1 M          192            
  10.445       1.1 M          191            
  12.124       1.1 M          190            
  15.222       1.2 M          189            
  19.603       1.2 M          188            
  21.589       1.2 M          187            
  25.274       1.2 M          186            
  28.292       1.3 M          185            
  32.237       1.3 M          184            
  36.323       1.3 M          183            
  39.892       1.3 M          182            
  49.076       1.4 M          181            
  66.017       1.4 M          180            
  87.401       1.5 M          179            
  97.849       1.6 M          178            
  205.505      1.9 M          177            
  2539.161     9.9 M          176            
