printing solutions in: ./dogs-color/insts/cgshop22/reecn61436.instance.json.solution.json
printing perfs in: ./dogs-color/insts/cgshop22/reecn61436.instance.json.perf.json

CGSHOP Instance: compute neighbors...
computing neighbors (0 / 61436)...
computing neighbors (1000 / 61436)...
computing neighbors (2000 / 61436)...
computing neighbors (3000 / 61436)...
computing neighbors (4000 / 61436)...
computing neighbors (5000 / 61436)...
computing neighbors (6000 / 61436)...
computing neighbors (7000 / 61436)...
computing neighbors (8000 / 61436)...
computing neighbors (9000 / 61436)...
computing neighbors (10000 / 61436)...
computing neighbors (11000 / 61436)...
computing neighbors (12000 / 61436)...
computing neighbors (13000 / 61436)...
computing neighbors (14000 / 61436)...
computing neighbors (15000 / 61436)...
computing neighbors (16000 / 61436)...
computing neighbors (17000 / 61436)...
computing neighbors (18000 / 61436)...
computing neighbors (19000 / 61436)...
computing neighbors (20000 / 61436)...
computing neighbors (21000 / 61436)...
computing neighbors (22000 / 61436)...
computing neighbors (23000 / 61436)...
computing neighbors (24000 / 61436)...
computing neighbors (25000 / 61436)...
computing neighbors (26000 / 61436)...
computing neighbors (27000 / 61436)...
computing neighbors (28000 / 61436)...
computing neighbors (29000 / 61436)...
computing neighbors (30000 / 61436)...
computing neighbors (31000 / 61436)...
computing neighbors (32000 / 61436)...
computing neighbors (33000 / 61436)...
computing neighbors (34000 / 61436)...
computing neighbors (35000 / 61436)...
computing neighbors (36000 / 61436)...
computing neighbors (37000 / 61436)...
computing neighbors (38000 / 61436)...
computing neighbors (39000 / 61436)...
computing neighbors (40000 / 61436)...
computing neighbors (41000 / 61436)...
computing neighbors (42000 / 61436)...
computing neighbors (43000 / 61436)...
computing neighbors (44000 / 61436)...
computing neighbors (45000 / 61436)...
computing neighbors (46000 / 61436)...
computing neighbors (47000 / 61436)...
computing neighbors (48000 / 61436)...
computing neighbors (49000 / 61436)...
computing neighbors (50000 / 61436)...
computing neighbors (51000 / 61436)...
computing neighbors (52000 / 61436)...
computing neighbors (53000 / 61436)...
computing neighbors (54000 / 61436)...
computing neighbors (55000 / 61436)...
computing neighbors (56000 / 61436)...
computing neighbors (57000 / 61436)...
computing neighbors (58000 / 61436)...
computing neighbors (59000 / 61436)...
computing neighbors (60000 / 61436)...
computing neighbors (61000 / 61436)...
86372      vertices
61436      segments
388        dominations
=======================
CGSHOP Instance: compute neighbors...
computing neighbors (0 / 61436)...
computing neighbors (1000 / 61436)...
computing neighbors (2000 / 61436)...
computing neighbors (3000 / 61436)...
computing neighbors (4000 / 61436)...
computing neighbors (5000 / 61436)...
computing neighbors (6000 / 61436)...
computing neighbors (7000 / 61436)...
computing neighbors (8000 / 61436)...
computing neighbors (9000 / 61436)...
computing neighbors (10000 / 61436)...
computing neighbors (11000 / 61436)...
computing neighbors (12000 / 61436)...
computing neighbors (13000 / 61436)...
computing neighbors (14000 / 61436)...
computing neighbors (15000 / 61436)...
computing neighbors (16000 / 61436)...
computing neighbors (17000 / 61436)...
computing neighbors (18000 / 61436)...
computing neighbors (19000 / 61436)...
computing neighbors (20000 / 61436)...
computing neighbors (21000 / 61436)...
computing neighbors (22000 / 61436)...
computing neighbors (23000 / 61436)...
computing neighbors (24000 / 61436)...
computing neighbors (25000 / 61436)...
computing neighbors (26000 / 61436)...
computing neighbors (27000 / 61436)...
computing neighbors (28000 / 61436)...
computing neighbors (29000 / 61436)...
computing neighbors (30000 / 61436)...
computing neighbors (31000 / 61436)...
computing neighbors (32000 / 61436)...
computing neighbors (33000 / 61436)...
computing neighbors (34000 / 61436)...
computing neighbors (35000 / 61436)...
computing neighbors (36000 / 61436)...
computing neighbors (37000 / 61436)...
computing neighbors (38000 / 61436)...
computing neighbors (39000 / 61436)...
computing neighbors (40000 / 61436)...
computing neighbors (41000 / 61436)...
computing neighbors (42000 / 61436)...
computing neighbors (43000 / 61436)...
computing neighbors (44000 / 61436)...
computing neighbors (45000 / 61436)...
computing neighbors (46000 / 61436)...
computing neighbors (47000 / 61436)...
computing neighbors (48000 / 61436)...
computing neighbors (49000 / 61436)...
computing neighbors (50000 / 61436)...
computing neighbors (51000 / 61436)...
computing neighbors (52000 / 61436)...
computing neighbors (53000 / 61436)...
computing neighbors (54000 / 61436)...
computing neighbors (55000 / 61436)...
computing neighbors (56000 / 61436)...
computing neighbors (57000 / 61436)...
computing neighbors (58000 / 61436)...
computing neighbors (59000 / 61436)...
computing neighbors (60000 / 61436)...
computing neighbors (61000 / 61436)...
colored 1000 / 61436...
colored 2000 / 61436...
colored 3000 / 61436...
colored 4000 / 61436...
colored 5000 / 61436...
colored 6000 / 61436...
colored 7000 / 61436...
colored 8000 / 61436...
colored 9000 / 61436...
colored 10000 / 61436...
colored 11000 / 61436...
colored 12000 / 61436...
colored 13000 / 61436...
colored 14000 / 61436...
colored 15000 / 61436...
colored 16000 / 61436...
colored 17000 / 61436...
colored 18000 / 61436...
colored 19000 / 61436...
colored 20000 / 61436...
colored 21000 / 61436...
colored 22000 / 61436...
colored 23000 / 61436...
colored 24000 / 61436...
colored 25000 / 61436...
colored 26000 / 61436...
colored 27000 / 61436...
colored 28000 / 61436...
colored 29000 / 61436...
colored 30000 / 61436...
colored 31000 / 61436...
colored 32000 / 61436...
colored 33000 / 61436...
colored 34000 / 61436...
colored 35000 / 61436...
colored 36000 / 61436...
colored 37000 / 61436...
colored 38000 / 61436...
colored 39000 / 61436...
colored 40000 / 61436...
colored 41000 / 61436...
colored 42000 / 61436...
colored 43000 / 61436...
colored 44000 / 61436...
colored 45000 / 61436...
colored 46000 / 61436...
colored 47000 / 61436...
colored 48000 / 61436...
colored 49000 / 61436...
colored 50000 / 61436...
colored 51000 / 61436...
colored 52000 / 61436...
colored 53000 / 61436...
colored 54000 / 61436...
colored 55000 / 61436...
colored 56000 / 61436...
colored 57000 / 61436...
colored 58000 / 61436...
colored 59000 / 61436...
colored 60000 / 61436...
colored 61000 / 61436...
greedy found 273 colors in 96.703 seconds
 time (s)      nb nodes       objective      
---------------------------------------------
  20.209                      273            
  28.055       2.5 M          272            
  34.205       3.4 M          271            
  39.833       4.0 M          270            
  48.293       4.3 M          269            
  68.517       4.6 M          268            
  79.112       4.7 M          267            
  99.473       4.8 M          266            
  117.738      4.9 M          265            
  159.747      5.0 M          264            
  198.910      5.0 M          263            
  248.589      5.1 M          262            
  302.020      5.1 M          261            
  339.818      5.2 M          260            
  396.652      5.2 M          259            
  449.291      5.3 M          258            
  492.539      5.3 M          257            
  544.132      5.4 M          256            
  631.230      5.5 M          255            
  907.008      5.6 M          254            
  1132.654     5.8 M          253            
  1518.218     6.0 M          252            
  5888.560     8.4 M          251            
