printing solutions in: ./dogs-color/insts/cgshop22/reecn54867.instance.json.solution.json
printing perfs in: ./dogs-color/insts/cgshop22/reecn54867.instance.json.perf.json

CGSHOP Instance: compute neighbors...
computing neighbors (0 / 54867)...
computing neighbors (1000 / 54867)...
computing neighbors (2000 / 54867)...
computing neighbors (3000 / 54867)...
computing neighbors (4000 / 54867)...
computing neighbors (5000 / 54867)...
computing neighbors (6000 / 54867)...
computing neighbors (7000 / 54867)...
computing neighbors (8000 / 54867)...
computing neighbors (9000 / 54867)...
computing neighbors (10000 / 54867)...
computing neighbors (11000 / 54867)...
computing neighbors (12000 / 54867)...
computing neighbors (13000 / 54867)...
computing neighbors (14000 / 54867)...
computing neighbors (15000 / 54867)...
computing neighbors (16000 / 54867)...
computing neighbors (17000 / 54867)...
computing neighbors (18000 / 54867)...
computing neighbors (19000 / 54867)...
computing neighbors (20000 / 54867)...
computing neighbors (21000 / 54867)...
computing neighbors (22000 / 54867)...
computing neighbors (23000 / 54867)...
computing neighbors (24000 / 54867)...
computing neighbors (25000 / 54867)...
computing neighbors (26000 / 54867)...
computing neighbors (27000 / 54867)...
computing neighbors (28000 / 54867)...
computing neighbors (29000 / 54867)...
computing neighbors (30000 / 54867)...
computing neighbors (31000 / 54867)...
computing neighbors (32000 / 54867)...
computing neighbors (33000 / 54867)...
computing neighbors (34000 / 54867)...
computing neighbors (35000 / 54867)...
computing neighbors (36000 / 54867)...
computing neighbors (37000 / 54867)...
computing neighbors (38000 / 54867)...
computing neighbors (39000 / 54867)...
computing neighbors (40000 / 54867)...
computing neighbors (41000 / 54867)...
computing neighbors (42000 / 54867)...
computing neighbors (43000 / 54867)...
computing neighbors (44000 / 54867)...
computing neighbors (45000 / 54867)...
computing neighbors (46000 / 54867)...
computing neighbors (47000 / 54867)...
computing neighbors (48000 / 54867)...
computing neighbors (49000 / 54867)...
computing neighbors (50000 / 54867)...
computing neighbors (51000 / 54867)...
computing neighbors (52000 / 54867)...
computing neighbors (53000 / 54867)...
computing neighbors (54000 / 54867)...
76966      vertices
54867      segments
323        dominations
=======================
CGSHOP Instance: compute neighbors...
computing neighbors (0 / 54867)...
computing neighbors (1000 / 54867)...
computing neighbors (2000 / 54867)...
computing neighbors (3000 / 54867)...
computing neighbors (4000 / 54867)...
computing neighbors (5000 / 54867)...
computing neighbors (6000 / 54867)...
computing neighbors (7000 / 54867)...
computing neighbors (8000 / 54867)...
computing neighbors (9000 / 54867)...
computing neighbors (10000 / 54867)...
computing neighbors (11000 / 54867)...
computing neighbors (12000 / 54867)...
computing neighbors (13000 / 54867)...
computing neighbors (14000 / 54867)...
computing neighbors (15000 / 54867)...
computing neighbors (16000 / 54867)...
computing neighbors (17000 / 54867)...
computing neighbors (18000 / 54867)...
computing neighbors (19000 / 54867)...
computing neighbors (20000 / 54867)...
computing neighbors (21000 / 54867)...
computing neighbors (22000 / 54867)...
computing neighbors (23000 / 54867)...
computing neighbors (24000 / 54867)...
computing neighbors (25000 / 54867)...
computing neighbors (26000 / 54867)...
computing neighbors (27000 / 54867)...
computing neighbors (28000 / 54867)...
computing neighbors (29000 / 54867)...
computing neighbors (30000 / 54867)...
computing neighbors (31000 / 54867)...
computing neighbors (32000 / 54867)...
computing neighbors (33000 / 54867)...
computing neighbors (34000 / 54867)...
computing neighbors (35000 / 54867)...
computing neighbors (36000 / 54867)...
computing neighbors (37000 / 54867)...
computing neighbors (38000 / 54867)...
computing neighbors (39000 / 54867)...
computing neighbors (40000 / 54867)...
computing neighbors (41000 / 54867)...
computing neighbors (42000 / 54867)...
computing neighbors (43000 / 54867)...
computing neighbors (44000 / 54867)...
computing neighbors (45000 / 54867)...
computing neighbors (46000 / 54867)...
computing neighbors (47000 / 54867)...
computing neighbors (48000 / 54867)...
computing neighbors (49000 / 54867)...
computing neighbors (50000 / 54867)...
computing neighbors (51000 / 54867)...
computing neighbors (52000 / 54867)...
computing neighbors (53000 / 54867)...
computing neighbors (54000 / 54867)...
colored 1000 / 54867...
colored 2000 / 54867...
colored 3000 / 54867...
colored 4000 / 54867...
colored 5000 / 54867...
colored 6000 / 54867...
colored 7000 / 54867...
colored 8000 / 54867...
colored 9000 / 54867...
colored 10000 / 54867...
colored 11000 / 54867...
colored 12000 / 54867...
colored 13000 / 54867...
colored 14000 / 54867...
colored 15000 / 54867...
colored 16000 / 54867...
colored 17000 / 54867...
colored 18000 / 54867...
colored 19000 / 54867...
colored 20000 / 54867...
colored 21000 / 54867...
colored 22000 / 54867...
colored 23000 / 54867...
colored 24000 / 54867...
colored 25000 / 54867...
colored 26000 / 54867...
colored 27000 / 54867...
colored 28000 / 54867...
colored 29000 / 54867...
colored 30000 / 54867...
colored 31000 / 54867...
colored 32000 / 54867...
colored 33000 / 54867...
colored 34000 / 54867...
colored 35000 / 54867...
colored 36000 / 54867...
colored 37000 / 54867...
colored 38000 / 54867...
colored 39000 / 54867...
colored 40000 / 54867...
colored 41000 / 54867...
colored 42000 / 54867...
colored 43000 / 54867...
colored 44000 / 54867...
colored 45000 / 54867...
colored 46000 / 54867...
colored 47000 / 54867...
colored 48000 / 54867...
colored 49000 / 54867...
colored 50000 / 54867...
colored 51000 / 54867...
colored 52000 / 54867...
colored 53000 / 54867...
colored 54000 / 54867...
greedy found 305 colors in 74.068 seconds
 time (s)      nb nodes       objective      
---------------------------------------------
  14.510                      305            
  18.062       1.8 M          304            
  20.327       2.5 M          303            
  22.391       2.9 M          302            
  24.802       3.2 M          301            
  28.257       3.3 M          300            
  31.861       3.5 M          299            
  36.751       3.5 M          298            
  41.594       3.6 M          297            
  48.230       3.6 M          296            
  61.893       3.7 M          295            
  83.505       3.7 M          294            
  97.248       3.7 M          293            
  116.853      3.8 M          292            
  147.143      3.8 M          291            
  192.124      3.9 M          290            
  238.319      3.9 M          289            
  270.593      4.0 M          288            
  291.433      4.0 M          287            
  295.970      4.0 M          286            
  347.198      4.1 M          285            
  386.312      4.1 M          284            
  408.221      4.1 M          283            
  508.480      4.3 M          282            
  813.818      4.5 M          281            
  1071.678     4.8 M          280            
  1645.532     5.3 M          279            
  5619.412     8.3 M          278            
