printing solutions in: ./dogs-color/insts/cgshop22/reecn37593.instance.json.solution.json
printing perfs in: ./dogs-color/insts/cgshop22/reecn37593.instance.json.perf.json

CGSHOP Instance: compute neighbors...
computing neighbors (0 / 37593)...
computing neighbors (1000 / 37593)...
computing neighbors (2000 / 37593)...
computing neighbors (3000 / 37593)...
computing neighbors (4000 / 37593)...
computing neighbors (5000 / 37593)...
computing neighbors (6000 / 37593)...
computing neighbors (7000 / 37593)...
computing neighbors (8000 / 37593)...
computing neighbors (9000 / 37593)...
computing neighbors (10000 / 37593)...
computing neighbors (11000 / 37593)...
computing neighbors (12000 / 37593)...
computing neighbors (13000 / 37593)...
computing neighbors (14000 / 37593)...
computing neighbors (15000 / 37593)...
computing neighbors (16000 / 37593)...
computing neighbors (17000 / 37593)...
computing neighbors (18000 / 37593)...
computing neighbors (19000 / 37593)...
computing neighbors (20000 / 37593)...
computing neighbors (21000 / 37593)...
computing neighbors (22000 / 37593)...
computing neighbors (23000 / 37593)...
computing neighbors (24000 / 37593)...
computing neighbors (25000 / 37593)...
computing neighbors (26000 / 37593)...
computing neighbors (27000 / 37593)...
computing neighbors (28000 / 37593)...
computing neighbors (29000 / 37593)...
computing neighbors (30000 / 37593)...
computing neighbors (31000 / 37593)...
computing neighbors (32000 / 37593)...
computing neighbors (33000 / 37593)...
computing neighbors (34000 / 37593)...
computing neighbors (35000 / 37593)...
computing neighbors (36000 / 37593)...
computing neighbors (37000 / 37593)...
52470      vertices
37593      segments
247        dominations
=======================
CGSHOP Instance: compute neighbors...
computing neighbors (0 / 37593)...
computing neighbors (1000 / 37593)...
computing neighbors (2000 / 37593)...
computing neighbors (3000 / 37593)...
computing neighbors (4000 / 37593)...
computing neighbors (5000 / 37593)...
computing neighbors (6000 / 37593)...
computing neighbors (7000 / 37593)...
computing neighbors (8000 / 37593)...
computing neighbors (9000 / 37593)...
computing neighbors (10000 / 37593)...
computing neighbors (11000 / 37593)...
computing neighbors (12000 / 37593)...
computing neighbors (13000 / 37593)...
computing neighbors (14000 / 37593)...
computing neighbors (15000 / 37593)...
computing neighbors (16000 / 37593)...
computing neighbors (17000 / 37593)...
computing neighbors (18000 / 37593)...
computing neighbors (19000 / 37593)...
computing neighbors (20000 / 37593)...
computing neighbors (21000 / 37593)...
computing neighbors (22000 / 37593)...
computing neighbors (23000 / 37593)...
computing neighbors (24000 / 37593)...
computing neighbors (25000 / 37593)...
computing neighbors (26000 / 37593)...
computing neighbors (27000 / 37593)...
computing neighbors (28000 / 37593)...
computing neighbors (29000 / 37593)...
computing neighbors (30000 / 37593)...
computing neighbors (31000 / 37593)...
computing neighbors (32000 / 37593)...
computing neighbors (33000 / 37593)...
computing neighbors (34000 / 37593)...
computing neighbors (35000 / 37593)...
computing neighbors (36000 / 37593)...
computing neighbors (37000 / 37593)...
colored 1000 / 37593...
colored 2000 / 37593...
colored 3000 / 37593...
colored 4000 / 37593...
colored 5000 / 37593...
colored 6000 / 37593...
colored 7000 / 37593...
colored 8000 / 37593...
colored 9000 / 37593...
colored 10000 / 37593...
colored 11000 / 37593...
colored 12000 / 37593...
colored 13000 / 37593...
colored 14000 / 37593...
colored 15000 / 37593...
colored 16000 / 37593...
colored 17000 / 37593...
colored 18000 / 37593...
colored 19000 / 37593...
colored 20000 / 37593...
colored 21000 / 37593...
colored 22000 / 37593...
colored 23000 / 37593...
colored 24000 / 37593...
colored 25000 / 37593...
colored 26000 / 37593...
colored 27000 / 37593...
colored 28000 / 37593...
colored 29000 / 37593...
colored 30000 / 37593...
colored 31000 / 37593...
colored 32000 / 37593...
colored 33000 / 37593...
colored 34000 / 37593...
colored 35000 / 37593...
colored 36000 / 37593...
colored 37000 / 37593...
greedy found 255 colors in 20.300 seconds
 time (s)      nb nodes       objective      
---------------------------------------------
  6.858                       255            
  8.369        915.6 k        254            
  9.488        1.3 M          253            
  10.793       1.6 M          252            
  11.900       1.8 M          251            
  13.434       1.9 M          250            
  15.412       1.9 M          249            
  18.100       2.0 M          248            
  21.317       2.0 M          247            
  26.444       2.0 M          246            
  30.261       2.1 M          245            
  35.574       2.1 M          244            
  39.152       2.1 M          243            
  52.401       2.1 M          242            
  61.882       2.2 M          241            
  75.909       2.2 M          240            
  91.570       2.2 M          239            
  107.043      2.3 M          238            
  124.227      2.3 M          237            
  144.133      2.3 M          236            
  172.391      2.4 M          235            
  211.078      2.5 M          234            
  243.741      2.5 M          233            
  413.413      2.9 M          232            
  557.787      3.1 M          231            
  1049.115     4.0 M          230            
  9310.562     17.9 M         229            
