printing solutions in: ./dogs-color/insts/cgshop22/reecn45823.instance.json.solution.json
printing perfs in: ./dogs-color/insts/cgshop22/reecn45823.instance.json.perf.json

CGSHOP Instance: compute neighbors...
computing neighbors (0 / 45823)...
computing neighbors (1000 / 45823)...
computing neighbors (2000 / 45823)...
computing neighbors (3000 / 45823)...
computing neighbors (4000 / 45823)...
computing neighbors (5000 / 45823)...
computing neighbors (6000 / 45823)...
computing neighbors (7000 / 45823)...
computing neighbors (8000 / 45823)...
computing neighbors (9000 / 45823)...
computing neighbors (10000 / 45823)...
computing neighbors (11000 / 45823)...
computing neighbors (12000 / 45823)...
computing neighbors (13000 / 45823)...
computing neighbors (14000 / 45823)...
computing neighbors (15000 / 45823)...
computing neighbors (16000 / 45823)...
computing neighbors (17000 / 45823)...
computing neighbors (18000 / 45823)...
computing neighbors (19000 / 45823)...
computing neighbors (20000 / 45823)...
computing neighbors (21000 / 45823)...
computing neighbors (22000 / 45823)...
computing neighbors (23000 / 45823)...
computing neighbors (24000 / 45823)...
computing neighbors (25000 / 45823)...
computing neighbors (26000 / 45823)...
computing neighbors (27000 / 45823)...
computing neighbors (28000 / 45823)...
computing neighbors (29000 / 45823)...
computing neighbors (30000 / 45823)...
computing neighbors (31000 / 45823)...
computing neighbors (32000 / 45823)...
computing neighbors (33000 / 45823)...
computing neighbors (34000 / 45823)...
computing neighbors (35000 / 45823)...
computing neighbors (36000 / 45823)...
computing neighbors (37000 / 45823)...
computing neighbors (38000 / 45823)...
computing neighbors (39000 / 45823)...
computing neighbors (40000 / 45823)...
computing neighbors (41000 / 45823)...
computing neighbors (42000 / 45823)...
computing neighbors (43000 / 45823)...
computing neighbors (44000 / 45823)...
computing neighbors (45000 / 45823)...
63936      vertices
45823      segments
348        dominations
=======================
CGSHOP Instance: compute neighbors...
computing neighbors (0 / 45823)...
computing neighbors (1000 / 45823)...
computing neighbors (2000 / 45823)...
computing neighbors (3000 / 45823)...
computing neighbors (4000 / 45823)...
computing neighbors (5000 / 45823)...
computing neighbors (6000 / 45823)...
computing neighbors (7000 / 45823)...
computing neighbors (8000 / 45823)...
computing neighbors (9000 / 45823)...
computing neighbors (10000 / 45823)...
computing neighbors (11000 / 45823)...
computing neighbors (12000 / 45823)...
computing neighbors (13000 / 45823)...
computing neighbors (14000 / 45823)...
computing neighbors (15000 / 45823)...
computing neighbors (16000 / 45823)...
computing neighbors (17000 / 45823)...
computing neighbors (18000 / 45823)...
computing neighbors (19000 / 45823)...
computing neighbors (20000 / 45823)...
computing neighbors (21000 / 45823)...
computing neighbors (22000 / 45823)...
computing neighbors (23000 / 45823)...
computing neighbors (24000 / 45823)...
computing neighbors (25000 / 45823)...
computing neighbors (26000 / 45823)...
computing neighbors (27000 / 45823)...
computing neighbors (28000 / 45823)...
computing neighbors (29000 / 45823)...
computing neighbors (30000 / 45823)...
computing neighbors (31000 / 45823)...
computing neighbors (32000 / 45823)...
computing neighbors (33000 / 45823)...
computing neighbors (34000 / 45823)...
computing neighbors (35000 / 45823)...
computing neighbors (36000 / 45823)...
computing neighbors (37000 / 45823)...
computing neighbors (38000 / 45823)...
computing neighbors (39000 / 45823)...
computing neighbors (40000 / 45823)...
computing neighbors (41000 / 45823)...
computing neighbors (42000 / 45823)...
computing neighbors (43000 / 45823)...
computing neighbors (44000 / 45823)...
computing neighbors (45000 / 45823)...
colored 1000 / 45823...
colored 2000 / 45823...
colored 3000 / 45823...
colored 4000 / 45823...
colored 5000 / 45823...
colored 6000 / 45823...
colored 7000 / 45823...
colored 8000 / 45823...
colored 9000 / 45823...
colored 10000 / 45823...
colored 11000 / 45823...
colored 12000 / 45823...
colored 13000 / 45823...
colored 14000 / 45823...
colored 15000 / 45823...
colored 16000 / 45823...
colored 17000 / 45823...
colored 18000 / 45823...
colored 19000 / 45823...
colored 20000 / 45823...
colored 21000 / 45823...
colored 22000 / 45823...
colored 23000 / 45823...
colored 24000 / 45823...
colored 25000 / 45823...
colored 26000 / 45823...
colored 27000 / 45823...
colored 28000 / 45823...
colored 29000 / 45823...
colored 30000 / 45823...
colored 31000 / 45823...
colored 32000 / 45823...
colored 33000 / 45823...
colored 34000 / 45823...
colored 35000 / 45823...
colored 36000 / 45823...
colored 37000 / 45823...
colored 38000 / 45823...
colored 39000 / 45823...
colored 40000 / 45823...
colored 41000 / 45823...
colored 42000 / 45823...
colored 43000 / 45823...
colored 44000 / 45823...
colored 45000 / 45823...
greedy found 435 colors in 53.555 seconds
 time (s)      nb nodes       objective      
---------------------------------------------
  10.880                      435            
  12.565       1.8 M          434            
  13.572       2.4 M          433            
  14.589       2.8 M          432            
  15.374       3.0 M          431            
  16.472       3.2 M          430            
  17.486       3.4 M          429            
  19.255       3.5 M          428            
  21.190       3.5 M          427            
  22.678       3.6 M          426            
  25.395       3.6 M          425            
  27.617       3.7 M          424            
  31.322       3.7 M          423            
  34.131       3.7 M          422            
  37.497       3.7 M          421            
  43.311       3.7 M          420            
  47.559       3.8 M          419            
  52.148       3.8 M          418            
  58.379       3.8 M          417            
  63.288       3.8 M          416            
  66.292       3.8 M          415            
  71.130       3.9 M          414            
  77.919       3.9 M          413            
  80.814       3.9 M          412            
  90.355       3.9 M          411            
  96.060       3.9 M          410            
  98.736       4.0 M          409            
  105.063      4.0 M          408            
  111.621      4.0 M          407            
  119.316      4.0 M          406            
  126.990      4.0 M          405            
  130.667      4.0 M          404            
  137.512      4.1 M          403            
  142.566      4.1 M          402            
  146.318      4.1 M          401            
  148.859      4.1 M          400            
  156.821      4.1 M          399            
  167.012      4.1 M          398            
  172.898      4.1 M          397            
  175.029      4.2 M          396            
  181.652      4.2 M          395            
  188.913      4.2 M          394            
  194.913      4.2 M          393            
  208.398      4.2 M          392            
  215.366      4.2 M          391            
  228.718      4.2 M          390            
  234.355      4.3 M          389            
  246.767      4.3 M          388            
  259.321      4.3 M          387            
  274.127      4.3 M          386            
  285.422      4.3 M          385            
  289.603      4.4 M          384            
  308.351      4.4 M          383            
  320.480      4.4 M          382            
  334.372      4.4 M          381            
  348.482      4.4 M          380            
  359.279      4.5 M          379            
  370.690      4.5 M          378            
  384.619      4.5 M          377            
  402.549      4.5 M          376            
  443.044      4.6 M          375            
  475.097      4.6 M          374            
  504.955      4.6 M          373            
  532.520      4.7 M          372            
  590.485      4.7 M          371            
  618.553      4.8 M          370            
  679.216      4.8 M          369            
  731.203      4.9 M          368            
  761.267      4.9 M          367            
  828.420      5.0 M          366            
  936.162      5.1 M          365            
  1057.933     5.2 M          364            
  1138.587     5.3 M          363            
  1331.386     5.4 M          362            
  1409.584     5.5 M          361            
  1637.020     5.7 M          360            
  1802.089     5.8 M          359            
  2204.919     6.2 M          358            
  2531.565     6.5 M          357            
  3220.598     7.0 M          356            
  3681.659     7.4 M          355            
  8081.317     10.7 M         354            
  11378.007    13.2 M         353            
  16025.873    16.6 M         352            
  22667.562    21.3 M         351            
  50848.379    41.0 M         350            
