printing solutions in: ./dogs-color/insts/cgshop22/reecn21946.instance.json.solution.json
printing perfs in: ./dogs-color/insts/cgshop22/reecn21946.instance.json.perf.json

CGSHOP Instance: compute neighbors...
computing neighbors (0 / 21946)...
computing neighbors (1000 / 21946)...
computing neighbors (2000 / 21946)...
computing neighbors (3000 / 21946)...
computing neighbors (4000 / 21946)...
computing neighbors (5000 / 21946)...
computing neighbors (6000 / 21946)...
computing neighbors (7000 / 21946)...
computing neighbors (8000 / 21946)...
computing neighbors (9000 / 21946)...
computing neighbors (10000 / 21946)...
computing neighbors (11000 / 21946)...
computing neighbors (12000 / 21946)...
computing neighbors (13000 / 21946)...
computing neighbors (14000 / 21946)...
computing neighbors (15000 / 21946)...
computing neighbors (16000 / 21946)...
computing neighbors (17000 / 21946)...
computing neighbors (18000 / 21946)...
computing neighbors (19000 / 21946)...
computing neighbors (20000 / 21946)...
computing neighbors (21000 / 21946)...
30688      vertices
21946      segments
245        dominations
=======================
CGSHOP Instance: compute neighbors...
computing neighbors (0 / 21946)...
computing neighbors (1000 / 21946)...
computing neighbors (2000 / 21946)...
computing neighbors (3000 / 21946)...
computing neighbors (4000 / 21946)...
computing neighbors (5000 / 21946)...
computing neighbors (6000 / 21946)...
computing neighbors (7000 / 21946)...
computing neighbors (8000 / 21946)...
computing neighbors (9000 / 21946)...
computing neighbors (10000 / 21946)...
computing neighbors (11000 / 21946)...
computing neighbors (12000 / 21946)...
computing neighbors (13000 / 21946)...
computing neighbors (14000 / 21946)...
computing neighbors (15000 / 21946)...
computing neighbors (16000 / 21946)...
computing neighbors (17000 / 21946)...
computing neighbors (18000 / 21946)...
computing neighbors (19000 / 21946)...
computing neighbors (20000 / 21946)...
computing neighbors (21000 / 21946)...
colored 1000 / 21946...
colored 2000 / 21946...
colored 3000 / 21946...
colored 4000 / 21946...
colored 5000 / 21946...
colored 6000 / 21946...
colored 7000 / 21946...
colored 8000 / 21946...
colored 9000 / 21946...
colored 10000 / 21946...
colored 11000 / 21946...
colored 12000 / 21946...
colored 13000 / 21946...
colored 14000 / 21946...
colored 15000 / 21946...
colored 16000 / 21946...
colored 17000 / 21946...
colored 18000 / 21946...
colored 19000 / 21946...
colored 20000 / 21946...
colored 21000 / 21946...
greedy found 207 colors in 6.400 seconds
 time (s)      nb nodes       objective      
---------------------------------------------
  2.368                       207            
  2.944        501.1 k        206            
  3.260        653.0 k        205            
  3.814        748.5 k        204            
  4.357        797.1 k        203            
  5.320        851.5 k        202            
  5.904        872.0 k        201            
  7.278        889.6 k        200            
  8.304        910.0 k        199            
  10.595       931.3 k        198            
  12.526       947.9 k        197            
  15.687       970.4 k        196            
  17.828       982.4 k        195            
  19.114       989.5 k        194            
  21.615       1.0 M          193            
  23.217       1.0 M          192            
  26.318       1.0 M          191            
  30.464       1.0 M          190            
  37.924       1.1 M          189            
  43.310       1.1 M          188            
  50.405       1.1 M          187            
  64.413       1.2 M          186            
  99.304       1.4 M          185            
