printing solutions in: ./dogs-color/insts/cgshop22/reecn50133.instance.json.solution.json
printing perfs in: ./dogs-color/insts/cgshop22/reecn50133.instance.json.perf.json

CGSHOP Instance: compute neighbors...
computing neighbors (0 / 50133)...
computing neighbors (1000 / 50133)...
computing neighbors (2000 / 50133)...
computing neighbors (3000 / 50133)...
computing neighbors (4000 / 50133)...
computing neighbors (5000 / 50133)...
computing neighbors (6000 / 50133)...
computing neighbors (7000 / 50133)...
computing neighbors (8000 / 50133)...
computing neighbors (9000 / 50133)...
computing neighbors (10000 / 50133)...
computing neighbors (11000 / 50133)...
computing neighbors (12000 / 50133)...
computing neighbors (13000 / 50133)...
computing neighbors (14000 / 50133)...
computing neighbors (15000 / 50133)...
computing neighbors (16000 / 50133)...
computing neighbors (17000 / 50133)...
computing neighbors (18000 / 50133)...
computing neighbors (19000 / 50133)...
computing neighbors (20000 / 50133)...
computing neighbors (21000 / 50133)...
computing neighbors (22000 / 50133)...
computing neighbors (23000 / 50133)...
computing neighbors (24000 / 50133)...
computing neighbors (25000 / 50133)...
computing neighbors (26000 / 50133)...
computing neighbors (27000 / 50133)...
computing neighbors (28000 / 50133)...
computing neighbors (29000 / 50133)...
computing neighbors (30000 / 50133)...
computing neighbors (31000 / 50133)...
computing neighbors (32000 / 50133)...
computing neighbors (33000 / 50133)...
computing neighbors (34000 / 50133)...
computing neighbors (35000 / 50133)...
computing neighbors (36000 / 50133)...
computing neighbors (37000 / 50133)...
computing neighbors (38000 / 50133)...
computing neighbors (39000 / 50133)...
computing neighbors (40000 / 50133)...
computing neighbors (41000 / 50133)...
computing neighbors (42000 / 50133)...
computing neighbors (43000 / 50133)...
computing neighbors (44000 / 50133)...
computing neighbors (45000 / 50133)...
computing neighbors (46000 / 50133)...
computing neighbors (47000 / 50133)...
computing neighbors (48000 / 50133)...
computing neighbors (49000 / 50133)...
computing neighbors (50000 / 50133)...
70096      vertices
50133      segments
335        dominations
=======================
CGSHOP Instance: compute neighbors...
computing neighbors (0 / 50133)...
computing neighbors (1000 / 50133)...
computing neighbors (2000 / 50133)...
computing neighbors (3000 / 50133)...
computing neighbors (4000 / 50133)...
computing neighbors (5000 / 50133)...
computing neighbors (6000 / 50133)...
computing neighbors (7000 / 50133)...
computing neighbors (8000 / 50133)...
computing neighbors (9000 / 50133)...
computing neighbors (10000 / 50133)...
computing neighbors (11000 / 50133)...
computing neighbors (12000 / 50133)...
computing neighbors (13000 / 50133)...
computing neighbors (14000 / 50133)...
computing neighbors (15000 / 50133)...
computing neighbors (16000 / 50133)...
computing neighbors (17000 / 50133)...
computing neighbors (18000 / 50133)...
computing neighbors (19000 / 50133)...
computing neighbors (20000 / 50133)...
computing neighbors (21000 / 50133)...
computing neighbors (22000 / 50133)...
computing neighbors (23000 / 50133)...
computing neighbors (24000 / 50133)...
computing neighbors (25000 / 50133)...
computing neighbors (26000 / 50133)...
computing neighbors (27000 / 50133)...
computing neighbors (28000 / 50133)...
computing neighbors (29000 / 50133)...
computing neighbors (30000 / 50133)...
computing neighbors (31000 / 50133)...
computing neighbors (32000 / 50133)...
computing neighbors (33000 / 50133)...
computing neighbors (34000 / 50133)...
computing neighbors (35000 / 50133)...
computing neighbors (36000 / 50133)...
computing neighbors (37000 / 50133)...
computing neighbors (38000 / 50133)...
computing neighbors (39000 / 50133)...
computing neighbors (40000 / 50133)...
computing neighbors (41000 / 50133)...
computing neighbors (42000 / 50133)...
computing neighbors (43000 / 50133)...
computing neighbors (44000 / 50133)...
computing neighbors (45000 / 50133)...
computing neighbors (46000 / 50133)...
computing neighbors (47000 / 50133)...
computing neighbors (48000 / 50133)...
computing neighbors (49000 / 50133)...
computing neighbors (50000 / 50133)...
colored 1000 / 50133...
colored 2000 / 50133...
colored 3000 / 50133...
colored 4000 / 50133...
colored 5000 / 50133...
colored 6000 / 50133...
colored 7000 / 50133...
colored 8000 / 50133...
colored 9000 / 50133...
colored 10000 / 50133...
colored 11000 / 50133...
colored 12000 / 50133...
colored 13000 / 50133...
colored 14000 / 50133...
colored 15000 / 50133...
colored 16000 / 50133...
colored 17000 / 50133...
colored 18000 / 50133...
colored 19000 / 50133...
colored 20000 / 50133...
colored 21000 / 50133...
colored 22000 / 50133...
colored 23000 / 50133...
colored 24000 / 50133...
colored 25000 / 50133...
colored 26000 / 50133...
colored 27000 / 50133...
colored 28000 / 50133...
colored 29000 / 50133...
colored 30000 / 50133...
colored 31000 / 50133...
colored 32000 / 50133...
colored 33000 / 50133...
colored 34000 / 50133...
colored 35000 / 50133...
colored 36000 / 50133...
colored 37000 / 50133...
colored 38000 / 50133...
colored 39000 / 50133...
colored 40000 / 50133...
colored 41000 / 50133...
colored 42000 / 50133...
colored 43000 / 50133...
colored 44000 / 50133...
colored 45000 / 50133...
colored 46000 / 50133...
colored 47000 / 50133...
colored 48000 / 50133...
colored 49000 / 50133...
colored 50000 / 50133...
greedy found 334 colors in 60.488 seconds
 time (s)      nb nodes       objective      
---------------------------------------------
  12.569                      334            
  15.182       1.5 M          333            
  16.735       2.2 M          332            
  18.031       2.6 M          331            
  19.414       2.8 M          330            
  23.074       2.9 M          329            
  24.526       3.0 M          328            
  26.304       3.1 M          327            
  30.327       3.2 M          326            
  34.784       3.2 M          325            
  37.551       3.2 M          324            
  41.652       3.3 M          323            
  50.970       3.3 M          322            
  59.814       3.3 M          321            
  74.137       3.4 M          320            
  88.093       3.4 M          319            
  103.240      3.4 M          318            
  108.649      3.4 M          317            
  118.848      3.5 M          316            
  124.306      3.5 M          315            
  133.712      3.5 M          314            
  143.764      3.5 M          313            
  176.695      3.6 M          312            
  187.156      3.6 M          311            
  202.276      3.6 M          310            
  222.781      3.7 M          309            
  240.357      3.7 M          308            
  267.603      3.7 M          307            
  306.954      3.8 M          306            
  320.261      3.8 M          305            
  339.043      3.8 M          304            
  360.499      3.9 M          303            
  375.617      3.9 M          302            
  419.586      4.0 M          301            
  458.915      4.0 M          300            
  480.537      4.0 M          299            
  564.315      4.1 M          298            
  705.481      4.2 M          297            
  994.841      4.4 M          296            
  1054.340     4.5 M          295            
  1222.486     4.6 M          294            
  1794.555     5.0 M          293            
  4224.159     6.9 M          292            
  13404.819    13.6 M         291            
