printing solutions in: ./dogs-color/insts/cgshop22/reecn16388.instance.json.solution.json
printing perfs in: ./dogs-color/insts/cgshop22/reecn16388.instance.json.perf.json

CGSHOP Instance: compute neighbors...
computing neighbors (0 / 16388)...
computing neighbors (1000 / 16388)...
computing neighbors (2000 / 16388)...
computing neighbors (3000 / 16388)...
computing neighbors (4000 / 16388)...
computing neighbors (5000 / 16388)...
computing neighbors (6000 / 16388)...
computing neighbors (7000 / 16388)...
computing neighbors (8000 / 16388)...
computing neighbors (9000 / 16388)...
computing neighbors (10000 / 16388)...
computing neighbors (11000 / 16388)...
computing neighbors (12000 / 16388)...
computing neighbors (13000 / 16388)...
computing neighbors (14000 / 16388)...
computing neighbors (15000 / 16388)...
computing neighbors (16000 / 16388)...
22848      vertices
16388      segments
191        dominations
=======================
CGSHOP Instance: compute neighbors...
computing neighbors (0 / 16388)...
computing neighbors (1000 / 16388)...
computing neighbors (2000 / 16388)...
computing neighbors (3000 / 16388)...
computing neighbors (4000 / 16388)...
computing neighbors (5000 / 16388)...
computing neighbors (6000 / 16388)...
computing neighbors (7000 / 16388)...
computing neighbors (8000 / 16388)...
computing neighbors (9000 / 16388)...
computing neighbors (10000 / 16388)...
computing neighbors (11000 / 16388)...
computing neighbors (12000 / 16388)...
computing neighbors (13000 / 16388)...
computing neighbors (14000 / 16388)...
computing neighbors (15000 / 16388)...
computing neighbors (16000 / 16388)...
colored 1000 / 16388...
colored 2000 / 16388...
colored 3000 / 16388...
colored 4000 / 16388...
colored 5000 / 16388...
colored 6000 / 16388...
colored 7000 / 16388...
colored 8000 / 16388...
colored 9000 / 16388...
colored 10000 / 16388...
colored 11000 / 16388...
colored 12000 / 16388...
colored 13000 / 16388...
colored 14000 / 16388...
colored 15000 / 16388...
colored 16000 / 16388...
greedy found 173 colors in 3.577 seconds
 time (s)      nb nodes       objective      
---------------------------------------------
  1.318                       173            
  1.628        306.0 k        172            
  1.825        435.9 k        171            
  1.989        512.3 k        170            
  2.255        556.6 k        169            
  2.608        576.4 k        168            
  3.264        594.3 k        167            
  3.750        604.8 k        166            
  4.371        616.0 k        165            
  5.373        631.3 k        164            
  6.533        643.3 k        163            
  8.135        657.3 k        162            
  9.889        670.7 k        161            
  11.385       684.2 k        160            
  12.727       699.8 k        159            
  13.587       707.9 k        158            
  18.483       730.4 k        157            
  25.816       773.7 k        156            
  32.163       806.5 k        155            
  49.122       898.7 k        154            
  66.586       996.1 k        153            
  132.469      1.3 M          152            
