printing solutions in: ./dogs-color/insts/cgshop22/reecn39476.instance.json.solution.json
printing perfs in: ./dogs-color/insts/cgshop22/reecn39476.instance.json.perf.json

CGSHOP Instance: compute neighbors...
computing neighbors (0 / 39476)...
computing neighbors (1000 / 39476)...
computing neighbors (2000 / 39476)...
computing neighbors (3000 / 39476)...
computing neighbors (4000 / 39476)...
computing neighbors (5000 / 39476)...
computing neighbors (6000 / 39476)...
computing neighbors (7000 / 39476)...
computing neighbors (8000 / 39476)...
computing neighbors (9000 / 39476)...
computing neighbors (10000 / 39476)...
computing neighbors (11000 / 39476)...
computing neighbors (12000 / 39476)...
computing neighbors (13000 / 39476)...
computing neighbors (14000 / 39476)...
computing neighbors (15000 / 39476)...
computing neighbors (16000 / 39476)...
computing neighbors (17000 / 39476)...
computing neighbors (18000 / 39476)...
computing neighbors (19000 / 39476)...
computing neighbors (20000 / 39476)...
computing neighbors (21000 / 39476)...
computing neighbors (22000 / 39476)...
computing neighbors (23000 / 39476)...
computing neighbors (24000 / 39476)...
computing neighbors (25000 / 39476)...
computing neighbors (26000 / 39476)...
computing neighbors (27000 / 39476)...
computing neighbors (28000 / 39476)...
computing neighbors (29000 / 39476)...
computing neighbors (30000 / 39476)...
computing neighbors (31000 / 39476)...
computing neighbors (32000 / 39476)...
computing neighbors (33000 / 39476)...
computing neighbors (34000 / 39476)...
computing neighbors (35000 / 39476)...
computing neighbors (36000 / 39476)...
computing neighbors (37000 / 39476)...
computing neighbors (38000 / 39476)...
computing neighbors (39000 / 39476)...
55368      vertices
39476      segments
257        dominations
=======================
CGSHOP Instance: compute neighbors...
computing neighbors (0 / 39476)...
computing neighbors (1000 / 39476)...
computing neighbors (2000 / 39476)...
computing neighbors (3000 / 39476)...
computing neighbors (4000 / 39476)...
computing neighbors (5000 / 39476)...
computing neighbors (6000 / 39476)...
computing neighbors (7000 / 39476)...
computing neighbors (8000 / 39476)...
computing neighbors (9000 / 39476)...
computing neighbors (10000 / 39476)...
computing neighbors (11000 / 39476)...
computing neighbors (12000 / 39476)...
computing neighbors (13000 / 39476)...
computing neighbors (14000 / 39476)...
computing neighbors (15000 / 39476)...
computing neighbors (16000 / 39476)...
computing neighbors (17000 / 39476)...
computing neighbors (18000 / 39476)...
computing neighbors (19000 / 39476)...
computing neighbors (20000 / 39476)...
computing neighbors (21000 / 39476)...
computing neighbors (22000 / 39476)...
computing neighbors (23000 / 39476)...
computing neighbors (24000 / 39476)...
computing neighbors (25000 / 39476)...
computing neighbors (26000 / 39476)...
computing neighbors (27000 / 39476)...
computing neighbors (28000 / 39476)...
computing neighbors (29000 / 39476)...
computing neighbors (30000 / 39476)...
computing neighbors (31000 / 39476)...
computing neighbors (32000 / 39476)...
computing neighbors (33000 / 39476)...
computing neighbors (34000 / 39476)...
computing neighbors (35000 / 39476)...
computing neighbors (36000 / 39476)...
computing neighbors (37000 / 39476)...
computing neighbors (38000 / 39476)...
computing neighbors (39000 / 39476)...
colored 1000 / 39476...
colored 2000 / 39476...
colored 3000 / 39476...
colored 4000 / 39476...
colored 5000 / 39476...
colored 6000 / 39476...
colored 7000 / 39476...
colored 8000 / 39476...
colored 9000 / 39476...
colored 10000 / 39476...
colored 11000 / 39476...
colored 12000 / 39476...
colored 13000 / 39476...
colored 14000 / 39476...
colored 15000 / 39476...
colored 16000 / 39476...
colored 17000 / 39476...
colored 18000 / 39476...
colored 19000 / 39476...
colored 20000 / 39476...
colored 21000 / 39476...
colored 22000 / 39476...
colored 23000 / 39476...
colored 24000 / 39476...
colored 25000 / 39476...
colored 26000 / 39476...
colored 27000 / 39476...
colored 28000 / 39476...
colored 29000 / 39476...
colored 30000 / 39476...
colored 31000 / 39476...
colored 32000 / 39476...
colored 33000 / 39476...
colored 34000 / 39476...
colored 35000 / 39476...
colored 36000 / 39476...
colored 37000 / 39476...
colored 38000 / 39476...
colored 39000 / 39476...
greedy found 280 colors in 31.553 seconds
 time (s)      nb nodes       objective      
---------------------------------------------
  7.708                       280            
  9.394        1.0 M          279            
  10.400       1.5 M          278            
  11.362       1.8 M          277            
  12.434       1.9 M          276            
  14.157       2.1 M          275            
  15.499       2.2 M          274            
  17.371       2.2 M          273            
  20.381       2.3 M          272            
  24.818       2.3 M          271            
  27.844       2.3 M          270            
  31.832       2.4 M          269            
  37.344       2.4 M          268            
  41.640       2.4 M          267            
  51.665       2.5 M          266            
  58.117       2.5 M          265            
  70.055       2.5 M          264            
  77.177       2.5 M          263            
  89.639       2.6 M          262            
  98.813       2.6 M          261            
  101.297      2.6 M          260            
  116.425      2.6 M          259            
  125.839      2.7 M          258            
  135.585      2.7 M          257            
  161.393      2.7 M          256            
  173.445      2.8 M          255            
  188.647      2.8 M          254            
  230.399      2.9 M          253            
  269.459      2.9 M          252            
  388.291      3.1 M          251            
  742.061      3.6 M          250            
  1638.265     4.9 M          249            
  26494.322    36.1 M         248            
