printing solutions in: ./dogs-color/insts/cgshop22/reecn53304.instance.json.solution.json
printing perfs in: ./dogs-color/insts/cgshop22/reecn53304.instance.json.perf.json

CGSHOP Instance: compute neighbors...
computing neighbors (0 / 53304)...
computing neighbors (1000 / 53304)...
computing neighbors (2000 / 53304)...
computing neighbors (3000 / 53304)...
computing neighbors (4000 / 53304)...
computing neighbors (5000 / 53304)...
computing neighbors (6000 / 53304)...
computing neighbors (7000 / 53304)...
computing neighbors (8000 / 53304)...
computing neighbors (9000 / 53304)...
computing neighbors (10000 / 53304)...
computing neighbors (11000 / 53304)...
computing neighbors (12000 / 53304)...
computing neighbors (13000 / 53304)...
computing neighbors (14000 / 53304)...
computing neighbors (15000 / 53304)...
computing neighbors (16000 / 53304)...
computing neighbors (17000 / 53304)...
computing neighbors (18000 / 53304)...
computing neighbors (19000 / 53304)...
computing neighbors (20000 / 53304)...
computing neighbors (21000 / 53304)...
computing neighbors (22000 / 53304)...
computing neighbors (23000 / 53304)...
computing neighbors (24000 / 53304)...
computing neighbors (25000 / 53304)...
computing neighbors (26000 / 53304)...
computing neighbors (27000 / 53304)...
computing neighbors (28000 / 53304)...
computing neighbors (29000 / 53304)...
computing neighbors (30000 / 53304)...
computing neighbors (31000 / 53304)...
computing neighbors (32000 / 53304)...
computing neighbors (33000 / 53304)...
computing neighbors (34000 / 53304)...
computing neighbors (35000 / 53304)...
computing neighbors (36000 / 53304)...
computing neighbors (37000 / 53304)...
computing neighbors (38000 / 53304)...
computing neighbors (39000 / 53304)...
computing neighbors (40000 / 53304)...
computing neighbors (41000 / 53304)...
computing neighbors (42000 / 53304)...
computing neighbors (43000 / 53304)...
computing neighbors (44000 / 53304)...
computing neighbors (45000 / 53304)...
computing neighbors (46000 / 53304)...
computing neighbors (47000 / 53304)...
computing neighbors (48000 / 53304)...
computing neighbors (49000 / 53304)...
computing neighbors (50000 / 53304)...
computing neighbors (51000 / 53304)...
computing neighbors (52000 / 53304)...
computing neighbors (53000 / 53304)...
74400      vertices
53304      segments
323        dominations
=======================
CGSHOP Instance: compute neighbors...
computing neighbors (0 / 53304)...
computing neighbors (1000 / 53304)...
computing neighbors (2000 / 53304)...
computing neighbors (3000 / 53304)...
computing neighbors (4000 / 53304)...
computing neighbors (5000 / 53304)...
computing neighbors (6000 / 53304)...
computing neighbors (7000 / 53304)...
computing neighbors (8000 / 53304)...
computing neighbors (9000 / 53304)...
computing neighbors (10000 / 53304)...
computing neighbors (11000 / 53304)...
computing neighbors (12000 / 53304)...
computing neighbors (13000 / 53304)...
computing neighbors (14000 / 53304)...
computing neighbors (15000 / 53304)...
computing neighbors (16000 / 53304)...
computing neighbors (17000 / 53304)...
computing neighbors (18000 / 53304)...
computing neighbors (19000 / 53304)...
computing neighbors (20000 / 53304)...
computing neighbors (21000 / 53304)...
computing neighbors (22000 / 53304)...
computing neighbors (23000 / 53304)...
computing neighbors (24000 / 53304)...
computing neighbors (25000 / 53304)...
computing neighbors (26000 / 53304)...
computing neighbors (27000 / 53304)...
computing neighbors (28000 / 53304)...
computing neighbors (29000 / 53304)...
computing neighbors (30000 / 53304)...
computing neighbors (31000 / 53304)...
computing neighbors (32000 / 53304)...
computing neighbors (33000 / 53304)...
computing neighbors (34000 / 53304)...
computing neighbors (35000 / 53304)...
computing neighbors (36000 / 53304)...
computing neighbors (37000 / 53304)...
computing neighbors (38000 / 53304)...
computing neighbors (39000 / 53304)...
computing neighbors (40000 / 53304)...
computing neighbors (41000 / 53304)...
computing neighbors (42000 / 53304)...
computing neighbors (43000 / 53304)...
computing neighbors (44000 / 53304)...
computing neighbors (45000 / 53304)...
computing neighbors (46000 / 53304)...
computing neighbors (47000 / 53304)...
computing neighbors (48000 / 53304)...
computing neighbors (49000 / 53304)...
computing neighbors (50000 / 53304)...
computing neighbors (51000 / 53304)...
computing neighbors (52000 / 53304)...
computing neighbors (53000 / 53304)...
colored 1000 / 53304...
colored 2000 / 53304...
colored 3000 / 53304...
colored 4000 / 53304...
colored 5000 / 53304...
colored 6000 / 53304...
colored 7000 / 53304...
colored 8000 / 53304...
colored 9000 / 53304...
colored 10000 / 53304...
colored 11000 / 53304...
colored 12000 / 53304...
colored 13000 / 53304...
colored 14000 / 53304...
colored 15000 / 53304...
colored 16000 / 53304...
colored 17000 / 53304...
colored 18000 / 53304...
colored 19000 / 53304...
colored 20000 / 53304...
colored 21000 / 53304...
colored 22000 / 53304...
colored 23000 / 53304...
colored 24000 / 53304...
colored 25000 / 53304...
colored 26000 / 53304...
colored 27000 / 53304...
colored 28000 / 53304...
colored 29000 / 53304...
colored 30000 / 53304...
colored 31000 / 53304...
colored 32000 / 53304...
colored 33000 / 53304...
colored 34000 / 53304...
colored 35000 / 53304...
colored 36000 / 53304...
colored 37000 / 53304...
colored 38000 / 53304...
colored 39000 / 53304...
colored 40000 / 53304...
colored 41000 / 53304...
colored 42000 / 53304...
colored 43000 / 53304...
colored 44000 / 53304...
colored 45000 / 53304...
colored 46000 / 53304...
colored 47000 / 53304...
colored 48000 / 53304...
colored 49000 / 53304...
colored 50000 / 53304...
colored 51000 / 53304...
colored 52000 / 53304...
colored 53000 / 53304...
greedy found 300 colors in 64.067 seconds
 time (s)      nb nodes       objective      
---------------------------------------------
  13.870                      300            
  17.130       1.2 M          299            
  19.187       1.6 M          298            
  21.840       1.9 M          297            
  26.621       2.1 M          296            
  31.822       2.2 M          295            
  39.914       2.3 M          294            
  48.072       2.3 M          293            
  56.881       2.4 M          292            
  75.620       2.4 M          291            
  89.806       2.5 M          290            
  113.976      2.5 M          289            
  139.003      2.6 M          288            
  148.030      2.6 M          287            
  187.735      2.7 M          286            
  200.446      2.7 M          285            
  207.996      2.7 M          284            
  238.673      2.8 M          283            
  270.668      2.8 M          282            
  286.112      2.8 M          281            
  317.820      2.9 M          280            
  356.966      2.9 M          279            
  382.048      3.0 M          278            
  478.393      3.1 M          277            
  608.704      3.2 M          276            
  757.372      3.4 M          275            
  1673.121     4.3 M          274            
  10023.590    10.4 M         273            
