printing solutions in: ./dogs-color/insts/cgshop22/reecn71622.instance.json.solution.json
printing perfs in: ./dogs-color/insts/cgshop22/reecn71622.instance.json.perf.json

CGSHOP Instance: compute neighbors...
computing neighbors (0 / 71622)...
computing neighbors (1000 / 71622)...
computing neighbors (2000 / 71622)...
computing neighbors (3000 / 71622)...
computing neighbors (4000 / 71622)...
computing neighbors (5000 / 71622)...
computing neighbors (6000 / 71622)...
computing neighbors (7000 / 71622)...
computing neighbors (8000 / 71622)...
computing neighbors (9000 / 71622)...
computing neighbors (10000 / 71622)...
computing neighbors (11000 / 71622)...
computing neighbors (12000 / 71622)...
computing neighbors (13000 / 71622)...
computing neighbors (14000 / 71622)...
computing neighbors (15000 / 71622)...
computing neighbors (16000 / 71622)...
computing neighbors (17000 / 71622)...
computing neighbors (18000 / 71622)...
computing neighbors (19000 / 71622)...
computing neighbors (20000 / 71622)...
computing neighbors (21000 / 71622)...
computing neighbors (22000 / 71622)...
computing neighbors (23000 / 71622)...
computing neighbors (24000 / 71622)...
computing neighbors (25000 / 71622)...
computing neighbors (26000 / 71622)...
computing neighbors (27000 / 71622)...
computing neighbors (28000 / 71622)...
computing neighbors (29000 / 71622)...
computing neighbors (30000 / 71622)...
computing neighbors (31000 / 71622)...
computing neighbors (32000 / 71622)...
computing neighbors (33000 / 71622)...
computing neighbors (34000 / 71622)...
computing neighbors (35000 / 71622)...
computing neighbors (36000 / 71622)...
computing neighbors (37000 / 71622)...
computing neighbors (38000 / 71622)...
computing neighbors (39000 / 71622)...
computing neighbors (40000 / 71622)...
computing neighbors (41000 / 71622)...
computing neighbors (42000 / 71622)...
computing neighbors (43000 / 71622)...
computing neighbors (44000 / 71622)...
computing neighbors (45000 / 71622)...
computing neighbors (46000 / 71622)...
computing neighbors (47000 / 71622)...
computing neighbors (48000 / 71622)...
computing neighbors (49000 / 71622)...
computing neighbors (50000 / 71622)...
computing neighbors (51000 / 71622)...
computing neighbors (52000 / 71622)...
computing neighbors (53000 / 71622)...
computing neighbors (54000 / 71622)...
computing neighbors (55000 / 71622)...
computing neighbors (56000 / 71622)...
computing neighbors (57000 / 71622)...
computing neighbors (58000 / 71622)...
computing neighbors (59000 / 71622)...
computing neighbors (60000 / 71622)...
computing neighbors (61000 / 71622)...
computing neighbors (62000 / 71622)...
computing neighbors (63000 / 71622)...
computing neighbors (64000 / 71622)...
computing neighbors (65000 / 71622)...
computing neighbors (66000 / 71622)...
computing neighbors (67000 / 71622)...
computing neighbors (68000 / 71622)...
computing neighbors (69000 / 71622)...
computing neighbors (70000 / 71622)...
computing neighbors (71000 / 71622)...
100510     vertices
71622      segments
354        dominations
=======================
CGSHOP Instance: compute neighbors...
computing neighbors (0 / 71622)...
computing neighbors (1000 / 71622)...
computing neighbors (2000 / 71622)...
computing neighbors (3000 / 71622)...
computing neighbors (4000 / 71622)...
computing neighbors (5000 / 71622)...
computing neighbors (6000 / 71622)...
computing neighbors (7000 / 71622)...
computing neighbors (8000 / 71622)...
computing neighbors (9000 / 71622)...
computing neighbors (10000 / 71622)...
computing neighbors (11000 / 71622)...
computing neighbors (12000 / 71622)...
computing neighbors (13000 / 71622)...
computing neighbors (14000 / 71622)...
computing neighbors (15000 / 71622)...
computing neighbors (16000 / 71622)...
computing neighbors (17000 / 71622)...
computing neighbors (18000 / 71622)...
computing neighbors (19000 / 71622)...
computing neighbors (20000 / 71622)...
computing neighbors (21000 / 71622)...
computing neighbors (22000 / 71622)...
computing neighbors (23000 / 71622)...
computing neighbors (24000 / 71622)...
computing neighbors (25000 / 71622)...
computing neighbors (26000 / 71622)...
computing neighbors (27000 / 71622)...
computing neighbors (28000 / 71622)...
computing neighbors (29000 / 71622)...
computing neighbors (30000 / 71622)...
computing neighbors (31000 / 71622)...
computing neighbors (32000 / 71622)...
computing neighbors (33000 / 71622)...
computing neighbors (34000 / 71622)...
computing neighbors (35000 / 71622)...
computing neighbors (36000 / 71622)...
computing neighbors (37000 / 71622)...
computing neighbors (38000 / 71622)...
computing neighbors (39000 / 71622)...
computing neighbors (40000 / 71622)...
computing neighbors (41000 / 71622)...
computing neighbors (42000 / 71622)...
computing neighbors (43000 / 71622)...
computing neighbors (44000 / 71622)...
computing neighbors (45000 / 71622)...
computing neighbors (46000 / 71622)...
computing neighbors (47000 / 71622)...
computing neighbors (48000 / 71622)...
computing neighbors (49000 / 71622)...
computing neighbors (50000 / 71622)...
computing neighbors (51000 / 71622)...
computing neighbors (52000 / 71622)...
computing neighbors (53000 / 71622)...
computing neighbors (54000 / 71622)...
computing neighbors (55000 / 71622)...
computing neighbors (56000 / 71622)...
computing neighbors (57000 / 71622)...
computing neighbors (58000 / 71622)...
computing neighbors (59000 / 71622)...
computing neighbors (60000 / 71622)...
computing neighbors (61000 / 71622)...
computing neighbors (62000 / 71622)...
computing neighbors (63000 / 71622)...
computing neighbors (64000 / 71622)...
computing neighbors (65000 / 71622)...
computing neighbors (66000 / 71622)...
computing neighbors (67000 / 71622)...
computing neighbors (68000 / 71622)...
computing neighbors (69000 / 71622)...
computing neighbors (70000 / 71622)...
computing neighbors (71000 / 71622)...
colored 1000 / 71622...
colored 2000 / 71622...
colored 3000 / 71622...
colored 4000 / 71622...
colored 5000 / 71622...
colored 6000 / 71622...
colored 7000 / 71622...
colored 8000 / 71622...
colored 9000 / 71622...
colored 10000 / 71622...
colored 11000 / 71622...
colored 12000 / 71622...
colored 13000 / 71622...
colored 14000 / 71622...
colored 15000 / 71622...
colored 16000 / 71622...
colored 17000 / 71622...
colored 18000 / 71622...
colored 19000 / 71622...
colored 20000 / 71622...
colored 21000 / 71622...
colored 22000 / 71622...
colored 23000 / 71622...
colored 24000 / 71622...
colored 25000 / 71622...
colored 26000 / 71622...
colored 27000 / 71622...
colored 28000 / 71622...
colored 29000 / 71622...
colored 30000 / 71622...
colored 31000 / 71622...
colored 32000 / 71622...
colored 33000 / 71622...
colored 34000 / 71622...
colored 35000 / 71622...
colored 36000 / 71622...
colored 37000 / 71622...
colored 38000 / 71622...
colored 39000 / 71622...
colored 40000 / 71622...
colored 41000 / 71622...
colored 42000 / 71622...
colored 43000 / 71622...
colored 44000 / 71622...
colored 45000 / 71622...
colored 46000 / 71622...
colored 47000 / 71622...
colored 48000 / 71622...
colored 49000 / 71622...
colored 50000 / 71622...
colored 51000 / 71622...
colored 52000 / 71622...
colored 53000 / 71622...
colored 54000 / 71622...
colored 55000 / 71622...
colored 56000 / 71622...
colored 57000 / 71622...
colored 58000 / 71622...
colored 59000 / 71622...
colored 60000 / 71622...
colored 61000 / 71622...
colored 62000 / 71622...
colored 63000 / 71622...
colored 64000 / 71622...
colored 65000 / 71622...
colored 66000 / 71622...
colored 67000 / 71622...
colored 68000 / 71622...
colored 69000 / 71622...
colored 70000 / 71622...
colored 71000 / 71622...
greedy found 381 colors in 105.167 seconds
 time (s)      nb nodes       objective      
---------------------------------------------
  29.449                      381            
  34.174       2.1 M          380            
  37.281       3.1 M          379            
  40.268       3.7 M          378            
  46.106       4.1 M          377            
  51.477       4.3 M          376            
  60.195       4.4 M          375            
  68.361       4.6 M          374            
  85.909       4.7 M          373            
  98.799       4.8 M          372            
  116.394      4.8 M          371            
  144.080      4.9 M          370            
  163.316      4.9 M          369            
  182.213      5.0 M          368            
  221.159      5.0 M          367            
  227.226      5.1 M          366            
  254.095      5.1 M          365            
  292.348      5.2 M          364            
  321.087      5.2 M          363            
  354.471      5.2 M          362            
  397.069      5.3 M          361            
  414.610      5.3 M          360            
  426.476      5.4 M          359            
  481.677      5.4 M          358            
  489.790      5.4 M          357            
  517.423      5.5 M          356            
  567.007      5.5 M          355            
  600.839      5.6 M          354            
  663.591      5.6 M          353            
  763.058      5.7 M          352            
  835.760      5.7 M          351            
  964.441      5.8 M          350            
  1073.240     5.9 M          349            
  1282.068     6.0 M          348            
  1538.932     6.2 M          347            
  1749.463     6.3 M          346            
  2414.737     6.8 M          345            
  3937.108     7.7 M          344            
  4944.482     8.3 M          343            
