printing solutions in: ./dogs-color/insts/cgshop22/rsqrp24641.instance.json.solution.json
printing perfs in: ./dogs-color/insts/cgshop22/rsqrp24641.instance.json.perf.json

CGSHOP Instance: compute neighbors...
computing neighbors (0 / 24641)...
computing neighbors (1000 / 24641)...
computing neighbors (2000 / 24641)...
computing neighbors (3000 / 24641)...
computing neighbors (4000 / 24641)...
computing neighbors (5000 / 24641)...
computing neighbors (6000 / 24641)...
computing neighbors (7000 / 24641)...
computing neighbors (8000 / 24641)...
computing neighbors (9000 / 24641)...
computing neighbors (10000 / 24641)...
computing neighbors (11000 / 24641)...
computing neighbors (12000 / 24641)...
computing neighbors (13000 / 24641)...
computing neighbors (14000 / 24641)...
computing neighbors (15000 / 24641)...
computing neighbors (16000 / 24641)...
computing neighbors (17000 / 24641)...
computing neighbors (18000 / 24641)...
computing neighbors (19000 / 24641)...
computing neighbors (20000 / 24641)...
computing neighbors (21000 / 24641)...
computing neighbors (22000 / 24641)...
computing neighbors (23000 / 24641)...
computing neighbors (24000 / 24641)...
519        vertices
24641      segments
4739       dominations
=======================
CGSHOP Instance: compute neighbors...
computing neighbors (0 / 24641)...
computing neighbors (1000 / 24641)...
computing neighbors (2000 / 24641)...
computing neighbors (3000 / 24641)...
computing neighbors (4000 / 24641)...
computing neighbors (5000 / 24641)...
computing neighbors (6000 / 24641)...
computing neighbors (7000 / 24641)...
computing neighbors (8000 / 24641)...
computing neighbors (9000 / 24641)...
computing neighbors (10000 / 24641)...
computing neighbors (11000 / 24641)...
computing neighbors (12000 / 24641)...
computing neighbors (13000 / 24641)...
computing neighbors (14000 / 24641)...
computing neighbors (15000 / 24641)...
computing neighbors (16000 / 24641)...
computing neighbors (17000 / 24641)...
computing neighbors (18000 / 24641)...
computing neighbors (19000 / 24641)...
computing neighbors (20000 / 24641)...
computing neighbors (21000 / 24641)...
computing neighbors (22000 / 24641)...
computing neighbors (23000 / 24641)...
computing neighbors (24000 / 24641)...
colored 1000 / 24641...
colored 2000 / 24641...
colored 3000 / 24641...
colored 4000 / 24641...
colored 5000 / 24641...
colored 6000 / 24641...
colored 7000 / 24641...
colored 8000 / 24641...
colored 9000 / 24641...
colored 10000 / 24641...
colored 11000 / 24641...
colored 12000 / 24641...
colored 13000 / 24641...
colored 14000 / 24641...
colored 15000 / 24641...
colored 16000 / 24641...
colored 17000 / 24641...
colored 18000 / 24641...
colored 19000 / 24641...
colored 20000 / 24641...
colored 21000 / 24641...
colored 22000 / 24641...
colored 23000 / 24641...
colored 24000 / 24641...
greedy found 187 colors in 8.498 seconds
 time (s)      nb nodes       objective      
---------------------------------------------
  3.399                       187            
  3.757        374.8 k        186            
  9.439        412.3 k        185            
  10.862       440.5 k        184            
  13.196       481.3 k        183            
  14.316       505.6 k        182            
  19.355       541.0 k        181            
  37.004       638.8 k        180            
  96.501       833.5 k        179            
  144.753      964.4 k        178            
  525.873      1.8 M          177            
  10442.307    18.6 M         176            
