printing solutions in: ./dogs-color/insts/cgshop22/rsqrp23406.instance.json.solution.json
printing perfs in: ./dogs-color/insts/cgshop22/rsqrp23406.instance.json.perf.json

CGSHOP Instance: compute neighbors...
computing neighbors (0 / 23406)...
computing neighbors (1000 / 23406)...
computing neighbors (2000 / 23406)...
computing neighbors (3000 / 23406)...
computing neighbors (4000 / 23406)...
computing neighbors (5000 / 23406)...
computing neighbors (6000 / 23406)...
computing neighbors (7000 / 23406)...
computing neighbors (8000 / 23406)...
computing neighbors (9000 / 23406)...
computing neighbors (10000 / 23406)...
computing neighbors (11000 / 23406)...
computing neighbors (12000 / 23406)...
computing neighbors (13000 / 23406)...
computing neighbors (14000 / 23406)...
computing neighbors (15000 / 23406)...
computing neighbors (16000 / 23406)...
computing neighbors (17000 / 23406)...
computing neighbors (18000 / 23406)...
computing neighbors (19000 / 23406)...
computing neighbors (20000 / 23406)...
computing neighbors (21000 / 23406)...
computing neighbors (22000 / 23406)...
computing neighbors (23000 / 23406)...
421        vertices
23406      segments
5204       dominations
=======================
CGSHOP Instance: compute neighbors...
computing neighbors (0 / 23406)...
computing neighbors (1000 / 23406)...
computing neighbors (2000 / 23406)...
computing neighbors (3000 / 23406)...
computing neighbors (4000 / 23406)...
computing neighbors (5000 / 23406)...
computing neighbors (6000 / 23406)...
computing neighbors (7000 / 23406)...
computing neighbors (8000 / 23406)...
computing neighbors (9000 / 23406)...
computing neighbors (10000 / 23406)...
computing neighbors (11000 / 23406)...
computing neighbors (12000 / 23406)...
computing neighbors (13000 / 23406)...
computing neighbors (14000 / 23406)...
computing neighbors (15000 / 23406)...
computing neighbors (16000 / 23406)...
computing neighbors (17000 / 23406)...
computing neighbors (18000 / 23406)...
computing neighbors (19000 / 23406)...
computing neighbors (20000 / 23406)...
computing neighbors (21000 / 23406)...
computing neighbors (22000 / 23406)...
computing neighbors (23000 / 23406)...
colored 1000 / 23406...
colored 2000 / 23406...
colored 3000 / 23406...
colored 4000 / 23406...
colored 5000 / 23406...
colored 6000 / 23406...
colored 7000 / 23406...
colored 8000 / 23406...
colored 9000 / 23406...
colored 10000 / 23406...
colored 11000 / 23406...
colored 12000 / 23406...
colored 13000 / 23406...
colored 14000 / 23406...
colored 15000 / 23406...
colored 16000 / 23406...
colored 17000 / 23406...
colored 18000 / 23406...
colored 19000 / 23406...
colored 20000 / 23406...
colored 21000 / 23406...
colored 22000 / 23406...
colored 23000 / 23406...
greedy found 166 colors in 7.620 seconds
 time (s)      nb nodes       objective      
---------------------------------------------
  3.069                       166            
  13.356       427.2 k        165            
  20.927       568.4 k        164            
  25.484       619.0 k        163            
  68.464       745.0 k        162            
  82.275       788.6 k        161            
  310.494      1.4 M          160            
  1911.381     4.8 M          159            
