printing solutions in: ./dogs-color/insts/cgshop22/rvisp22145.instance.json.solution.json
printing perfs in: ./dogs-color/insts/cgshop22/rvisp22145.instance.json.perf.json

CGSHOP Instance: compute neighbors...
computing neighbors (0 / 22145)...
computing neighbors (1000 / 22145)...
computing neighbors (2000 / 22145)...
computing neighbors (3000 / 22145)...
computing neighbors (4000 / 22145)...
computing neighbors (5000 / 22145)...
computing neighbors (6000 / 22145)...
computing neighbors (7000 / 22145)...
computing neighbors (8000 / 22145)...
computing neighbors (9000 / 22145)...
computing neighbors (10000 / 22145)...
computing neighbors (11000 / 22145)...
computing neighbors (12000 / 22145)...
computing neighbors (13000 / 22145)...
computing neighbors (14000 / 22145)...
computing neighbors (15000 / 22145)...
computing neighbors (16000 / 22145)...
computing neighbors (17000 / 22145)...
computing neighbors (18000 / 22145)...
computing neighbors (19000 / 22145)...
computing neighbors (20000 / 22145)...
computing neighbors (21000 / 22145)...
computing neighbors (22000 / 22145)...
253        vertices
22145      segments
10311      dominations
=======================
CGSHOP Instance: compute neighbors...
computing neighbors (0 / 22145)...
computing neighbors (1000 / 22145)...
computing neighbors (2000 / 22145)...
computing neighbors (3000 / 22145)...
computing neighbors (4000 / 22145)...
computing neighbors (5000 / 22145)...
computing neighbors (6000 / 22145)...
computing neighbors (7000 / 22145)...
computing neighbors (8000 / 22145)...
computing neighbors (9000 / 22145)...
computing neighbors (10000 / 22145)...
computing neighbors (11000 / 22145)...
computing neighbors (12000 / 22145)...
computing neighbors (13000 / 22145)...
computing neighbors (14000 / 22145)...
computing neighbors (15000 / 22145)...
computing neighbors (16000 / 22145)...
computing neighbors (17000 / 22145)...
computing neighbors (18000 / 22145)...
computing neighbors (19000 / 22145)...
computing neighbors (20000 / 22145)...
computing neighbors (21000 / 22145)...
computing neighbors (22000 / 22145)...
colored 1000 / 22145...
colored 2000 / 22145...
colored 3000 / 22145...
colored 4000 / 22145...
colored 5000 / 22145...
colored 6000 / 22145...
colored 7000 / 22145...
colored 8000 / 22145...
colored 9000 / 22145...
colored 10000 / 22145...
colored 11000 / 22145...
colored 12000 / 22145...
colored 13000 / 22145...
colored 14000 / 22145...
colored 15000 / 22145...
colored 16000 / 22145...
colored 17000 / 22145...
colored 18000 / 22145...
colored 19000 / 22145...
colored 20000 / 22145...
colored 21000 / 22145...
colored 22000 / 22145...
greedy found 134 colors in 7.730 seconds
 time (s)      nb nodes       objective      
---------------------------------------------
  2.626                       134            
  6.110        8.0 M          133            
  7.312        9.6 M          132            
  10.204       10.8 M         131            
  11.451       11.4 M         130            
  12.973       11.7 M         129            
  15.720       11.8 M         128            
  19.806       12.0 M         127            
  35.705       12.1 M         126            
  41.335       12.2 M         125            
  53.950       12.3 M         124            
  69.587       12.4 M         123            
  92.229       12.5 M         122            
  145.925      12.6 M         121            
  247.039      12.8 M         120            
  394.153      13.1 M         119            
  1867.283     15.2 M         118            
  5787.149     20.8 M         117            
