printing solutions in: ./dogs-color/insts/cgshop22/rvisp8404.instance.json.solution.json
printing perfs in: ./dogs-color/insts/cgshop22/rvisp8404.instance.json.perf.json

CGSHOP Instance: compute neighbors...
computing neighbors (0 / 8404)...
computing neighbors (1000 / 8404)...
computing neighbors (2000 / 8404)...
computing neighbors (3000 / 8404)...
computing neighbors (4000 / 8404)...
computing neighbors (5000 / 8404)...
computing neighbors (6000 / 8404)...
computing neighbors (7000 / 8404)...
computing neighbors (8000 / 8404)...
268        vertices
8404       segments
4005       dominations
=======================
CGSHOP Instance: compute neighbors...
computing neighbors (0 / 8404)...
computing neighbors (1000 / 8404)...
computing neighbors (2000 / 8404)...
computing neighbors (3000 / 8404)...
computing neighbors (4000 / 8404)...
computing neighbors (5000 / 8404)...
computing neighbors (6000 / 8404)...
computing neighbors (7000 / 8404)...
computing neighbors (8000 / 8404)...
colored 1000 / 8404...
colored 2000 / 8404...
colored 3000 / 8404...
colored 4000 / 8404...
colored 5000 / 8404...
colored 6000 / 8404...
colored 7000 / 8404...
colored 8000 / 8404...
greedy found 58 colors in 0.536 seconds
 time (s)      nb nodes       objective      
---------------------------------------------
  0.266                       58             
  1.092        2.9 M          57             
  1.676        3.7 M          56             
  2.163        4.2 M          55             
  3.191        4.5 M          54             
  4.078        4.6 M          53             
  4.892        4.7 M          52             
  8.339        4.9 M          51             
  136.588      6.7 M          50             
  33314.062    364.0 M        49             
