printing solutions in: ./dogs-color/insts/cgshop22/rvisp5013.instance.json.solution.json
printing perfs in: ./dogs-color/insts/cgshop22/rvisp5013.instance.json.perf.json

CGSHOP Instance: compute neighbors...
computing neighbors (0 / 5013)...
computing neighbors (1000 / 5013)...
computing neighbors (2000 / 5013)...
computing neighbors (3000 / 5013)...
computing neighbors (4000 / 5013)...
computing neighbors (5000 / 5013)...
161        vertices
5013       segments
2420       dominations
=======================
CGSHOP Instance: compute neighbors...
computing neighbors (0 / 5013)...
computing neighbors (1000 / 5013)...
computing neighbors (2000 / 5013)...
computing neighbors (3000 / 5013)...
computing neighbors (4000 / 5013)...
computing neighbors (5000 / 5013)...
colored 1000 / 5013...
colored 2000 / 5013...
colored 3000 / 5013...
colored 4000 / 5013...
colored 5000 / 5013...
greedy found 61 colors in 0.324 seconds
 time (s)      nb nodes       objective      
---------------------------------------------
  0.111                       61             
  0.311        1.1 M          60             
  0.444        1.4 M          59             
  0.566        1.7 M          58             
  0.697        1.8 M          57             
  0.789        1.9 M          56             
  1.069        2.0 M          55             
  1.288        2.0 M          54             
  2.218        2.1 M          53             
  6.214        2.1 M          52             
  33.556       2.6 M          51             
  1321.052     22.2 M         50             
