printing solutions in: ./dogs-color/insts/cgshop22/rvisp7648.instance.json.solution.json
printing perfs in: ./dogs-color/insts/cgshop22/rvisp7648.instance.json.perf.json

CGSHOP Instance: compute neighbors...
computing neighbors (0 / 7648)...
computing neighbors (1000 / 7648)...
computing neighbors (2000 / 7648)...
computing neighbors (3000 / 7648)...
computing neighbors (4000 / 7648)...
computing neighbors (5000 / 7648)...
computing neighbors (6000 / 7648)...
computing neighbors (7000 / 7648)...
319        vertices
7648       segments
3819       dominations
=======================
CGSHOP Instance: compute neighbors...
computing neighbors (0 / 7648)...
computing neighbors (1000 / 7648)...
computing neighbors (2000 / 7648)...
computing neighbors (3000 / 7648)...
computing neighbors (4000 / 7648)...
computing neighbors (5000 / 7648)...
computing neighbors (6000 / 7648)...
computing neighbors (7000 / 7648)...
colored 1000 / 7648...
colored 2000 / 7648...
colored 3000 / 7648...
colored 4000 / 7648...
colored 5000 / 7648...
colored 6000 / 7648...
colored 7000 / 7648...
greedy found 50 colors in 0.417 seconds
 time (s)      nb nodes       objective      
---------------------------------------------
  0.201                       50             
  3.011        4.5 M          49             
  4.636        5.8 M          48             
  13.227       6.4 M          47             
  27.484       6.9 M          46             
