printing solutions in: ./dogs-color/insts/cgshop22/rvisp24116.instance.json.solution.json
printing perfs in: ./dogs-color/insts/cgshop22/rvisp24116.instance.json.perf.json

CGSHOP Instance: compute neighbors...
computing neighbors (0 / 24116)...
computing neighbors (1000 / 24116)...
computing neighbors (2000 / 24116)...
computing neighbors (3000 / 24116)...
computing neighbors (4000 / 24116)...
computing neighbors (5000 / 24116)...
computing neighbors (6000 / 24116)...
computing neighbors (7000 / 24116)...
computing neighbors (8000 / 24116)...
computing neighbors (9000 / 24116)...
computing neighbors (10000 / 24116)...
computing neighbors (11000 / 24116)...
computing neighbors (12000 / 24116)...
computing neighbors (13000 / 24116)...
computing neighbors (14000 / 24116)...
computing neighbors (15000 / 24116)...
computing neighbors (16000 / 24116)...
computing neighbors (17000 / 24116)...
computing neighbors (18000 / 24116)...
computing neighbors (19000 / 24116)...
computing neighbors (20000 / 24116)...
computing neighbors (21000 / 24116)...
computing neighbors (22000 / 24116)...
computing neighbors (23000 / 24116)...
computing neighbors (24000 / 24116)...
497        vertices
24116      segments
11459      dominations
=======================
CGSHOP Instance: compute neighbors...
computing neighbors (0 / 24116)...
computing neighbors (1000 / 24116)...
computing neighbors (2000 / 24116)...
computing neighbors (3000 / 24116)...
computing neighbors (4000 / 24116)...
computing neighbors (5000 / 24116)...
computing neighbors (6000 / 24116)...
computing neighbors (7000 / 24116)...
computing neighbors (8000 / 24116)...
computing neighbors (9000 / 24116)...
computing neighbors (10000 / 24116)...
computing neighbors (11000 / 24116)...
computing neighbors (12000 / 24116)...
computing neighbors (13000 / 24116)...
computing neighbors (14000 / 24116)...
computing neighbors (15000 / 24116)...
computing neighbors (16000 / 24116)...
computing neighbors (17000 / 24116)...
computing neighbors (18000 / 24116)...
computing neighbors (19000 / 24116)...
computing neighbors (20000 / 24116)...
computing neighbors (21000 / 24116)...
computing neighbors (22000 / 24116)...
computing neighbors (23000 / 24116)...
computing neighbors (24000 / 24116)...
colored 1000 / 24116...
colored 2000 / 24116...
colored 3000 / 24116...
colored 4000 / 24116...
colored 5000 / 24116...
colored 6000 / 24116...
colored 7000 / 24116...
colored 8000 / 24116...
colored 9000 / 24116...
colored 10000 / 24116...
colored 11000 / 24116...
colored 12000 / 24116...
colored 13000 / 24116...
colored 14000 / 24116...
colored 15000 / 24116...
colored 16000 / 24116...
colored 17000 / 24116...
colored 18000 / 24116...
colored 19000 / 24116...
colored 20000 / 24116...
colored 21000 / 24116...
colored 22000 / 24116...
colored 23000 / 24116...
colored 24000 / 24116...
greedy found 134 colors in 7.031 seconds
 time (s)      nb nodes       objective      
---------------------------------------------
  2.511                       134            
  16.869       45.2 M         133            
  20.971       55.4 M         132            
  24.948       64.7 M         131            
  28.441       70.2 M         130            
  37.064       74.5 M         129            
  41.401       77.4 M         128            
  44.784       79.6 M         127            
  47.749       81.3 M         126            
  52.400       82.3 M         125            
  55.420       83.3 M         124            
  60.483       84.0 M         123            
  65.489       85.0 M         122            
  71.451       85.3 M         121            
  76.493       85.8 M         120            
  82.394       86.0 M         119            
  95.067       86.1 M         118            
  100.576      86.3 M         117            
  117.969      86.4 M         116            
  131.216      86.6 M         115            
  189.268      86.8 M         114            
  249.307      87.0 M         113            
  595.782      87.9 M         112            
  791.874      88.4 M         111            
  1427.825     89.7 M         110            
  7150.590     100.6 M        109            
  17679.865    119.9 M        108            
