printing solutions in: ./dogs-color/insts/cgshop22/rvisp12844.instance.json.solution.json
printing perfs in: ./dogs-color/insts/cgshop22/rvisp12844.instance.json.perf.json

CGSHOP Instance: compute neighbors...
computing neighbors (0 / 12844)...
computing neighbors (1000 / 12844)...
computing neighbors (2000 / 12844)...
computing neighbors (3000 / 12844)...
computing neighbors (4000 / 12844)...
computing neighbors (5000 / 12844)...
computing neighbors (6000 / 12844)...
computing neighbors (7000 / 12844)...
computing neighbors (8000 / 12844)...
computing neighbors (9000 / 12844)...
computing neighbors (10000 / 12844)...
computing neighbors (11000 / 12844)...
computing neighbors (12000 / 12844)...
423        vertices
12844      segments
6157       dominations
=======================
CGSHOP Instance: compute neighbors...
computing neighbors (0 / 12844)...
computing neighbors (1000 / 12844)...
computing neighbors (2000 / 12844)...
computing neighbors (3000 / 12844)...
computing neighbors (4000 / 12844)...
computing neighbors (5000 / 12844)...
computing neighbors (6000 / 12844)...
computing neighbors (7000 / 12844)...
computing neighbors (8000 / 12844)...
computing neighbors (9000 / 12844)...
computing neighbors (10000 / 12844)...
computing neighbors (11000 / 12844)...
computing neighbors (12000 / 12844)...
colored 1000 / 12844...
colored 2000 / 12844...
colored 3000 / 12844...
colored 4000 / 12844...
colored 5000 / 12844...
colored 6000 / 12844...
colored 7000 / 12844...
colored 8000 / 12844...
colored 9000 / 12844...
colored 10000 / 12844...
colored 11000 / 12844...
colored 12000 / 12844...
greedy found 62 colors in 1.530 seconds
 time (s)      nb nodes       objective      
---------------------------------------------
  0.649                       62             
  5.492        13.7 M         61             
  7.161        17.0 M         60             
  8.441        18.6 M         59             
  9.705        19.3 M         58             
  10.863       20.1 M         57             
  12.459       20.5 M         56             
  13.992       20.7 M         55             
  18.872       20.9 M         54             
  26.360       21.0 M         53             
  66.670       21.3 M         52             
  28261.266    157.7 M        51             
