printing solutions in: ./dogs-color/insts/cgshop22/sqrpecn39689.instance.json.solution.json
printing perfs in: ./dogs-color/insts/cgshop22/sqrpecn39689.instance.json.perf.json

CGSHOP Instance: compute neighbors...
computing neighbors (0 / 39689)...
computing neighbors (1000 / 39689)...
computing neighbors (2000 / 39689)...
computing neighbors (3000 / 39689)...
computing neighbors (4000 / 39689)...
computing neighbors (5000 / 39689)...
computing neighbors (6000 / 39689)...
computing neighbors (7000 / 39689)...
computing neighbors (8000 / 39689)...
computing neighbors (9000 / 39689)...
computing neighbors (10000 / 39689)...
computing neighbors (11000 / 39689)...
computing neighbors (12000 / 39689)...
computing neighbors (13000 / 39689)...
computing neighbors (14000 / 39689)...
computing neighbors (15000 / 39689)...
computing neighbors (16000 / 39689)...
computing neighbors (17000 / 39689)...
computing neighbors (18000 / 39689)...
computing neighbors (19000 / 39689)...
computing neighbors (20000 / 39689)...
computing neighbors (21000 / 39689)...
computing neighbors (22000 / 39689)...
computing neighbors (23000 / 39689)...
computing neighbors (24000 / 39689)...
computing neighbors (25000 / 39689)...
computing neighbors (26000 / 39689)...
computing neighbors (27000 / 39689)...
computing neighbors (28000 / 39689)...
computing neighbors (29000 / 39689)...
computing neighbors (30000 / 39689)...
computing neighbors (31000 / 39689)...
computing neighbors (32000 / 39689)...
computing neighbors (33000 / 39689)...
computing neighbors (34000 / 39689)...
computing neighbors (35000 / 39689)...
computing neighbors (36000 / 39689)...
computing neighbors (37000 / 39689)...
computing neighbors (38000 / 39689)...
computing neighbors (39000 / 39689)...
59380      vertices
39689      segments
447        dominations
=======================
CGSHOP Instance: compute neighbors...
computing neighbors (0 / 39689)...
computing neighbors (1000 / 39689)...
computing neighbors (2000 / 39689)...
computing neighbors (3000 / 39689)...
computing neighbors (4000 / 39689)...
computing neighbors (5000 / 39689)...
computing neighbors (6000 / 39689)...
computing neighbors (7000 / 39689)...
computing neighbors (8000 / 39689)...
computing neighbors (9000 / 39689)...
computing neighbors (10000 / 39689)...
computing neighbors (11000 / 39689)...
computing neighbors (12000 / 39689)...
computing neighbors (13000 / 39689)...
computing neighbors (14000 / 39689)...
computing neighbors (15000 / 39689)...
computing neighbors (16000 / 39689)...
computing neighbors (17000 / 39689)...
computing neighbors (18000 / 39689)...
computing neighbors (19000 / 39689)...
computing neighbors (20000 / 39689)...
computing neighbors (21000 / 39689)...
computing neighbors (22000 / 39689)...
computing neighbors (23000 / 39689)...
computing neighbors (24000 / 39689)...
computing neighbors (25000 / 39689)...
computing neighbors (26000 / 39689)...
computing neighbors (27000 / 39689)...
computing neighbors (28000 / 39689)...
computing neighbors (29000 / 39689)...
computing neighbors (30000 / 39689)...
computing neighbors (31000 / 39689)...
computing neighbors (32000 / 39689)...
computing neighbors (33000 / 39689)...
computing neighbors (34000 / 39689)...
computing neighbors (35000 / 39689)...
computing neighbors (36000 / 39689)...
computing neighbors (37000 / 39689)...
computing neighbors (38000 / 39689)...
computing neighbors (39000 / 39689)...
colored 1000 / 39689...
colored 2000 / 39689...
colored 3000 / 39689...
colored 4000 / 39689...
colored 5000 / 39689...
colored 6000 / 39689...
colored 7000 / 39689...
colored 8000 / 39689...
colored 9000 / 39689...
colored 10000 / 39689...
colored 11000 / 39689...
colored 12000 / 39689...
colored 13000 / 39689...
colored 14000 / 39689...
colored 15000 / 39689...
colored 16000 / 39689...
colored 17000 / 39689...
colored 18000 / 39689...
colored 19000 / 39689...
colored 20000 / 39689...
colored 21000 / 39689...
colored 22000 / 39689...
colored 23000 / 39689...
colored 24000 / 39689...
colored 25000 / 39689...
colored 26000 / 39689...
colored 27000 / 39689...
colored 28000 / 39689...
colored 29000 / 39689...
colored 30000 / 39689...
colored 31000 / 39689...
colored 32000 / 39689...
colored 33000 / 39689...
colored 34000 / 39689...
colored 35000 / 39689...
colored 36000 / 39689...
colored 37000 / 39689...
colored 38000 / 39689...
colored 39000 / 39689...
greedy found 519 colors in 33.885 seconds
 time (s)      nb nodes       objective      
---------------------------------------------
  9.062                       519            
  9.967        2.1 M          518            
  10.361       2.7 M          517            
  10.744       3.0 M          516            
  11.124       3.2 M          515            
  11.447       3.4 M          514            
  12.002       3.5 M          513            
  12.872       3.6 M          512            
  13.232       3.6 M          511            
  13.785       3.7 M          510            
  14.397       3.8 M          509            
  15.548       3.8 M          508            
  17.572       3.9 M          507            
  19.665       3.9 M          506            
  20.986       3.9 M          505            
  23.979       4.0 M          504            
  25.787       4.0 M          503            
  28.554       4.0 M          502            
  31.525       4.0 M          501            
  33.877       4.1 M          500            
  38.052       4.1 M          499            
  42.271       4.1 M          498            
  46.830       4.1 M          497            
  50.257       4.2 M          496            
  51.776       4.2 M          495            
  56.278       4.2 M          494            
  58.455       4.2 M          493            
  64.010       4.2 M          492            
  72.031       4.2 M          491            
  77.469       4.3 M          490            
  80.607       4.3 M          489            
  84.094       4.3 M          488            
  88.112       4.3 M          487            
  93.287       4.3 M          486            
  97.964       4.4 M          485            
  102.393      4.4 M          484            
  111.808      4.4 M          483            
  117.833      4.4 M          482            
  136.247      4.5 M          481            
  144.469      4.5 M          480            
  146.566      4.5 M          479            
  164.258      4.5 M          478            
  171.489      4.6 M          477            
  176.524      4.6 M          476            
  177.249      4.6 M          475            
  192.877      4.6 M          474            
  215.426      4.6 M          473            
  249.474      4.7 M          472            
  259.220      4.7 M          471            
  276.200      4.8 M          470            
  287.610      4.8 M          469            
  303.254      4.8 M          468            
  329.087      4.9 M          467            
  335.559      4.9 M          466            
  500.611      5.1 M          465            
  635.093      5.3 M          464            
  983.837      5.7 M          463            
  1112.958     5.9 M          462            
  1162.497     5.9 M          461            
  2282.953     7.3 M          460            
  6532.236     11.6 M         459            
  70227.312    76.6 M         458            
