printing solutions in: ./dogs-color/insts/cgshop22/sqrp30973.instance.json.solution.json
printing perfs in: ./dogs-color/insts/cgshop22/sqrp30973.instance.json.perf.json

CGSHOP Instance: compute neighbors...
computing neighbors (0 / 30973)...
computing neighbors (1000 / 30973)...
computing neighbors (2000 / 30973)...
computing neighbors (3000 / 30973)...
computing neighbors (4000 / 30973)...
computing neighbors (5000 / 30973)...
computing neighbors (6000 / 30973)...
computing neighbors (7000 / 30973)...
computing neighbors (8000 / 30973)...
computing neighbors (9000 / 30973)...
computing neighbors (10000 / 30973)...
computing neighbors (11000 / 30973)...
computing neighbors (12000 / 30973)...
computing neighbors (13000 / 30973)...
computing neighbors (14000 / 30973)...
computing neighbors (15000 / 30973)...
computing neighbors (16000 / 30973)...
computing neighbors (17000 / 30973)...
computing neighbors (18000 / 30973)...
computing neighbors (19000 / 30973)...
computing neighbors (20000 / 30973)...
computing neighbors (21000 / 30973)...
computing neighbors (22000 / 30973)...
computing neighbors (23000 / 30973)...
computing neighbors (24000 / 30973)...
computing neighbors (25000 / 30973)...
computing neighbors (26000 / 30973)...
computing neighbors (27000 / 30973)...
computing neighbors (28000 / 30973)...
computing neighbors (29000 / 30973)...
computing neighbors (30000 / 30973)...
669        vertices
30973      segments
4218       dominations
=======================
CGSHOP Instance: compute neighbors...
computing neighbors (0 / 30973)...
computing neighbors (1000 / 30973)...
computing neighbors (2000 / 30973)...
computing neighbors (3000 / 30973)...
computing neighbors (4000 / 30973)...
computing neighbors (5000 / 30973)...
computing neighbors (6000 / 30973)...
computing neighbors (7000 / 30973)...
computing neighbors (8000 / 30973)...
computing neighbors (9000 / 30973)...
computing neighbors (10000 / 30973)...
computing neighbors (11000 / 30973)...
computing neighbors (12000 / 30973)...
computing neighbors (13000 / 30973)...
computing neighbors (14000 / 30973)...
computing neighbors (15000 / 30973)...
computing neighbors (16000 / 30973)...
computing neighbors (17000 / 30973)...
computing neighbors (18000 / 30973)...
computing neighbors (19000 / 30973)...
computing neighbors (20000 / 30973)...
computing neighbors (21000 / 30973)...
computing neighbors (22000 / 30973)...
computing neighbors (23000 / 30973)...
computing neighbors (24000 / 30973)...
computing neighbors (25000 / 30973)...
computing neighbors (26000 / 30973)...
computing neighbors (27000 / 30973)...
computing neighbors (28000 / 30973)...
computing neighbors (29000 / 30973)...
computing neighbors (30000 / 30973)...
colored 1000 / 30973...
colored 2000 / 30973...
colored 3000 / 30973...
colored 4000 / 30973...
colored 5000 / 30973...
colored 6000 / 30973...
colored 7000 / 30973...
colored 8000 / 30973...
colored 9000 / 30973...
colored 10000 / 30973...
colored 11000 / 30973...
colored 12000 / 30973...
colored 13000 / 30973...
colored 14000 / 30973...
colored 15000 / 30973...
colored 16000 / 30973...
colored 17000 / 30973...
colored 18000 / 30973...
colored 19000 / 30973...
colored 20000 / 30973...
colored 21000 / 30973...
colored 22000 / 30973...
colored 23000 / 30973...
colored 24000 / 30973...
colored 25000 / 30973...
colored 26000 / 30973...
colored 27000 / 30973...
colored 28000 / 30973...
colored 29000 / 30973...
colored 30000 / 30973...
greedy found 203 colors in 14.697 seconds
 time (s)      nb nodes       objective      
---------------------------------------------
  5.489                       203            
  6.102        272.7 k        202            
  7.349        423.6 k        201            
  11.096       511.3 k        200            
  17.977       565.5 k        199            
  30.613       608.9 k        198            
  44.888       642.7 k        197            
  74.845       705.4 k        196            
  174.346      869.1 k        195            
  458.767      1.4 M          194            
  1413.551     3.0 M          193            
  17131.938    24.6 M         192            
