printing solutions in: ./dogs-color/insts/cgshop22/sqrpecn17395.instance.json.solution.json
printing perfs in: ./dogs-color/insts/cgshop22/sqrpecn17395.instance.json.perf.json

CGSHOP Instance: compute neighbors...
computing neighbors (0 / 17395)...
computing neighbors (1000 / 17395)...
computing neighbors (2000 / 17395)...
computing neighbors (3000 / 17395)...
computing neighbors (4000 / 17395)...
computing neighbors (5000 / 17395)...
computing neighbors (6000 / 17395)...
computing neighbors (7000 / 17395)...
computing neighbors (8000 / 17395)...
computing neighbors (9000 / 17395)...
computing neighbors (10000 / 17395)...
computing neighbors (11000 / 17395)...
computing neighbors (12000 / 17395)...
computing neighbors (13000 / 17395)...
computing neighbors (14000 / 17395)...
computing neighbors (15000 / 17395)...
computing neighbors (16000 / 17395)...
computing neighbors (17000 / 17395)...
27638      vertices
17395      segments
226        dominations
=======================
CGSHOP Instance: compute neighbors...
computing neighbors (0 / 17395)...
computing neighbors (1000 / 17395)...
computing neighbors (2000 / 17395)...
computing neighbors (3000 / 17395)...
computing neighbors (4000 / 17395)...
computing neighbors (5000 / 17395)...
computing neighbors (6000 / 17395)...
computing neighbors (7000 / 17395)...
computing neighbors (8000 / 17395)...
computing neighbors (9000 / 17395)...
computing neighbors (10000 / 17395)...
computing neighbors (11000 / 17395)...
computing neighbors (12000 / 17395)...
computing neighbors (13000 / 17395)...
computing neighbors (14000 / 17395)...
computing neighbors (15000 / 17395)...
computing neighbors (16000 / 17395)...
computing neighbors (17000 / 17395)...
colored 1000 / 17395...
colored 2000 / 17395...
colored 3000 / 17395...
colored 4000 / 17395...
colored 5000 / 17395...
colored 6000 / 17395...
colored 7000 / 17395...
colored 8000 / 17395...
colored 9000 / 17395...
colored 10000 / 17395...
colored 11000 / 17395...
colored 12000 / 17395...
colored 13000 / 17395...
colored 14000 / 17395...
colored 15000 / 17395...
colored 16000 / 17395...
colored 17000 / 17395...
greedy found 384 colors in 6.895 seconds
 time (s)      nb nodes       objective      
---------------------------------------------
  1.918                       384            
  2.121        543.5 k        383            
  2.268        771.2 k        382            
  2.411        877.3 k        381            
  2.524        937.8 k        380            
  2.865        973.9 k        379            
  3.148        1.0 M          378            
  3.429        1.0 M          377            
  3.852        1.0 M          376            
  4.264        1.1 M          375            
  4.762        1.1 M          374            
  5.031        1.1 M          373            
  5.382        1.1 M          372            
  5.983        1.1 M          371            
  6.612        1.1 M          370            
  7.179        1.1 M          369            
  7.874        1.2 M          368            
  8.298        1.2 M          367            
  9.007        1.2 M          366            
  9.585        1.2 M          365            
  10.566       1.2 M          364            
  11.087       1.2 M          363            
  11.355       1.2 M          362            
  12.628       1.2 M          361            
  12.921       1.2 M          360            
  13.658       1.3 M          359            
  14.600       1.3 M          358            
  15.730       1.3 M          357            
  16.773       1.3 M          356            
  17.593       1.3 M          355            
  19.654       1.3 M          354            
  20.258       1.3 M          353            
  23.304       1.3 M          352            
  24.899       1.3 M          351            
  25.265       1.3 M          350            
  27.406       1.4 M          349            
  28.794       1.4 M          348            
  30.056       1.4 M          347            
  35.681       1.4 M          346            
  37.753       1.4 M          345            
  41.061       1.4 M          344            
  42.339       1.4 M          343            
  46.469       1.4 M          342            
  47.569       1.4 M          341            
  84.784       1.6 M          340            
  97.523       1.6 M          339            
  99.679       1.6 M          338            
  114.851      1.7 M          337            
  148.508      1.8 M          336            
  365.106      2.3 M          335            
  679.202      3.1 M          334            
  14474.751    32.0 M         333            
