printing solutions in: ./dogs-color/insts/cgshop22/sqrpecn29223.instance.json.solution.json
printing perfs in: ./dogs-color/insts/cgshop22/sqrpecn29223.instance.json.perf.json

CGSHOP Instance: compute neighbors...
computing neighbors (0 / 29223)...
computing neighbors (1000 / 29223)...
computing neighbors (2000 / 29223)...
computing neighbors (3000 / 29223)...
computing neighbors (4000 / 29223)...
computing neighbors (5000 / 29223)...
computing neighbors (6000 / 29223)...
computing neighbors (7000 / 29223)...
computing neighbors (8000 / 29223)...
computing neighbors (9000 / 29223)...
computing neighbors (10000 / 29223)...
computing neighbors (11000 / 29223)...
computing neighbors (12000 / 29223)...
computing neighbors (13000 / 29223)...
computing neighbors (14000 / 29223)...
computing neighbors (15000 / 29223)...
computing neighbors (16000 / 29223)...
computing neighbors (17000 / 29223)...
computing neighbors (18000 / 29223)...
computing neighbors (19000 / 29223)...
computing neighbors (20000 / 29223)...
computing neighbors (21000 / 29223)...
computing neighbors (22000 / 29223)...
computing neighbors (23000 / 29223)...
computing neighbors (24000 / 29223)...
computing neighbors (25000 / 29223)...
computing neighbors (26000 / 29223)...
computing neighbors (27000 / 29223)...
computing neighbors (28000 / 29223)...
computing neighbors (29000 / 29223)...
43930      vertices
29223      segments
329        dominations
=======================
CGSHOP Instance: compute neighbors...
computing neighbors (0 / 29223)...
computing neighbors (1000 / 29223)...
computing neighbors (2000 / 29223)...
computing neighbors (3000 / 29223)...
computing neighbors (4000 / 29223)...
computing neighbors (5000 / 29223)...
computing neighbors (6000 / 29223)...
computing neighbors (7000 / 29223)...
computing neighbors (8000 / 29223)...
computing neighbors (9000 / 29223)...
computing neighbors (10000 / 29223)...
computing neighbors (11000 / 29223)...
computing neighbors (12000 / 29223)...
computing neighbors (13000 / 29223)...
computing neighbors (14000 / 29223)...
computing neighbors (15000 / 29223)...
computing neighbors (16000 / 29223)...
computing neighbors (17000 / 29223)...
computing neighbors (18000 / 29223)...
computing neighbors (19000 / 29223)...
computing neighbors (20000 / 29223)...
computing neighbors (21000 / 29223)...
computing neighbors (22000 / 29223)...
computing neighbors (23000 / 29223)...
computing neighbors (24000 / 29223)...
computing neighbors (25000 / 29223)...
computing neighbors (26000 / 29223)...
computing neighbors (27000 / 29223)...
computing neighbors (28000 / 29223)...
computing neighbors (29000 / 29223)...
colored 1000 / 29223...
colored 2000 / 29223...
colored 3000 / 29223...
colored 4000 / 29223...
colored 5000 / 29223...
colored 6000 / 29223...
colored 7000 / 29223...
colored 8000 / 29223...
colored 9000 / 29223...
colored 10000 / 29223...
colored 11000 / 29223...
colored 12000 / 29223...
colored 13000 / 29223...
colored 14000 / 29223...
colored 15000 / 29223...
colored 16000 / 29223...
colored 17000 / 29223...
colored 18000 / 29223...
colored 19000 / 29223...
colored 20000 / 29223...
colored 21000 / 29223...
colored 22000 / 29223...
colored 23000 / 29223...
colored 24000 / 29223...
colored 25000 / 29223...
colored 26000 / 29223...
colored 27000 / 29223...
colored 28000 / 29223...
colored 29000 / 29223...
greedy found 454 colors in 21.579 seconds
 time (s)      nb nodes       objective      
---------------------------------------------
  5.336                       454            
  6.200        1.3 M          453            
  6.528        1.7 M          452            
  6.938        2.0 M          451            
  7.357        2.1 M          450            
  7.775        2.2 M          449            
  8.498        2.3 M          448            
  9.133        2.3 M          447            
  10.121       2.4 M          446            
  10.763       2.4 M          445            
  12.531       2.4 M          444            
  13.704       2.5 M          443            
  15.152       2.5 M          442            
  17.085       2.5 M          441            
  18.493       2.5 M          440            
  20.673       2.6 M          439            
  22.004       2.6 M          438            
  24.740       2.6 M          437            
  27.292       2.6 M          436            
  29.499       2.7 M          435            
  30.599       2.7 M          434            
  34.817       2.7 M          433            
  37.058       2.7 M          432            
  40.224       2.7 M          431            
  45.880       2.7 M          430            
  46.925       2.7 M          429            
  52.581       2.8 M          428            
  57.072       2.8 M          427            
  60.198       2.8 M          426            
  60.464       2.8 M          425            
  66.071       2.8 M          424            
  68.054       2.8 M          423            
  72.886       2.9 M          422            
  75.907       2.9 M          421            
  80.098       2.9 M          420            
  85.481       2.9 M          419            
  87.693       2.9 M          418            
  94.482       2.9 M          417            
  97.302       3.0 M          416            
  98.770       3.0 M          415            
  100.380      3.0 M          414            
  110.057      3.0 M          413            
  111.522      3.0 M          412            
  115.694      3.0 M          411            
  124.434      3.0 M          410            
  134.549      3.1 M          409            
  145.891      3.1 M          408            
  154.935      3.1 M          407            
  158.907      3.1 M          406            
  168.472      3.1 M          405            
  178.807      3.2 M          404            
  196.232      3.2 M          403            
  248.110      3.3 M          402            
  263.425      3.3 M          401            
  301.254      3.4 M          400            
  563.756      3.8 M          399            
  613.808      3.9 M          398            
  1164.309     4.6 M          397            
  1695.670     5.4 M          396            
  8957.695     14.3 M         395            
  72329.656    86.7 M         394            
