printing solutions in: ./dogs-color/insts/cgshop22/sqrp37978.instance.json.solution.json
printing perfs in: ./dogs-color/insts/cgshop22/sqrp37978.instance.json.perf.json

CGSHOP Instance: compute neighbors...
computing neighbors (0 / 37978)...
computing neighbors (1000 / 37978)...
computing neighbors (2000 / 37978)...
computing neighbors (3000 / 37978)...
computing neighbors (4000 / 37978)...
computing neighbors (5000 / 37978)...
computing neighbors (6000 / 37978)...
computing neighbors (7000 / 37978)...
computing neighbors (8000 / 37978)...
computing neighbors (9000 / 37978)...
computing neighbors (10000 / 37978)...
computing neighbors (11000 / 37978)...
computing neighbors (12000 / 37978)...
computing neighbors (13000 / 37978)...
computing neighbors (14000 / 37978)...
computing neighbors (15000 / 37978)...
computing neighbors (16000 / 37978)...
computing neighbors (17000 / 37978)...
computing neighbors (18000 / 37978)...
computing neighbors (19000 / 37978)...
computing neighbors (20000 / 37978)...
computing neighbors (21000 / 37978)...
computing neighbors (22000 / 37978)...
computing neighbors (23000 / 37978)...
computing neighbors (24000 / 37978)...
computing neighbors (25000 / 37978)...
computing neighbors (26000 / 37978)...
computing neighbors (27000 / 37978)...
computing neighbors (28000 / 37978)...
computing neighbors (29000 / 37978)...
computing neighbors (30000 / 37978)...
computing neighbors (31000 / 37978)...
computing neighbors (32000 / 37978)...
computing neighbors (33000 / 37978)...
computing neighbors (34000 / 37978)...
computing neighbors (35000 / 37978)...
computing neighbors (36000 / 37978)...
computing neighbors (37000 / 37978)...
527        vertices
37978      segments
7259       dominations
=======================
CGSHOP Instance: compute neighbors...
computing neighbors (0 / 37978)...
computing neighbors (1000 / 37978)...
computing neighbors (2000 / 37978)...
computing neighbors (3000 / 37978)...
computing neighbors (4000 / 37978)...
computing neighbors (5000 / 37978)...
computing neighbors (6000 / 37978)...
computing neighbors (7000 / 37978)...
computing neighbors (8000 / 37978)...
computing neighbors (9000 / 37978)...
computing neighbors (10000 / 37978)...
computing neighbors (11000 / 37978)...
computing neighbors (12000 / 37978)...
computing neighbors (13000 / 37978)...
computing neighbors (14000 / 37978)...
computing neighbors (15000 / 37978)...
computing neighbors (16000 / 37978)...
computing neighbors (17000 / 37978)...
computing neighbors (18000 / 37978)...
computing neighbors (19000 / 37978)...
computing neighbors (20000 / 37978)...
computing neighbors (21000 / 37978)...
computing neighbors (22000 / 37978)...
computing neighbors (23000 / 37978)...
computing neighbors (24000 / 37978)...
computing neighbors (25000 / 37978)...
computing neighbors (26000 / 37978)...
computing neighbors (27000 / 37978)...
computing neighbors (28000 / 37978)...
computing neighbors (29000 / 37978)...
computing neighbors (30000 / 37978)...
computing neighbors (31000 / 37978)...
computing neighbors (32000 / 37978)...
computing neighbors (33000 / 37978)...
computing neighbors (34000 / 37978)...
computing neighbors (35000 / 37978)...
computing neighbors (36000 / 37978)...
computing neighbors (37000 / 37978)...
colored 1000 / 37978...
colored 2000 / 37978...
colored 3000 / 37978...
colored 4000 / 37978...
colored 5000 / 37978...
colored 6000 / 37978...
colored 7000 / 37978...
colored 8000 / 37978...
colored 9000 / 37978...
colored 10000 / 37978...
colored 11000 / 37978...
colored 12000 / 37978...
colored 13000 / 37978...
colored 14000 / 37978...
colored 15000 / 37978...
colored 16000 / 37978...
colored 17000 / 37978...
colored 18000 / 37978...
colored 19000 / 37978...
colored 20000 / 37978...
colored 21000 / 37978...
colored 22000 / 37978...
colored 23000 / 37978...
colored 24000 / 37978...
colored 25000 / 37978...
colored 26000 / 37978...
colored 27000 / 37978...
colored 28000 / 37978...
colored 29000 / 37978...
colored 30000 / 37978...
colored 31000 / 37978...
colored 32000 / 37978...
colored 33000 / 37978...
colored 34000 / 37978...
colored 35000 / 37978...
colored 36000 / 37978...
colored 37000 / 37978...
greedy found 211 colors in 24.916 seconds
 time (s)      nb nodes       objective      
---------------------------------------------
  7.897                       211            
  16.226       567.0 k        210            
  59.212       676.8 k        209            
  243.068      929.2 k        208            
  489.253      1.3 M          207            
  1156.704     2.0 M          206            
