printing solutions in: ./dogs-color/insts/cgshop22/sqrpecn3020.instance.json.solution.json
printing perfs in: ./dogs-color/insts/cgshop22/sqrpecn3020.instance.json.perf.json

CGSHOP Instance: compute neighbors...
computing neighbors (0 / 3020)...
computing neighbors (1000 / 3020)...
computing neighbors (2000 / 3020)...
computing neighbors (3000 / 3020)...
4408       vertices
3020       segments
95         dominations
=======================
CGSHOP Instance: compute neighbors...
computing neighbors (0 / 3020)...
computing neighbors (1000 / 3020)...
computing neighbors (2000 / 3020)...
computing neighbors (3000 / 3020)...
colored 1000 / 3020...
colored 2000 / 3020...
colored 3000 / 3020...
greedy found 131 colors in 0.177 seconds
 time (s)      nb nodes       objective      
---------------------------------------------
  0.064                       131            
  0.074        58.3 k         130            
  0.085        70.7 k         129            
  0.101        77.0 k         128            
  0.113        82.3 k         127            
  0.132        86.0 k         126            
  0.146        90.5 k         125            
  0.166        92.5 k         124            
  0.222        96.0 k         123            
  0.276        101.8 k        122            
  0.351        105.7 k        121            
  0.936        127.2 k        120            
  1221.991     30.4 M         119            
