printing solutions in: ./dogs-color/insts/cgshop22/sqrpecn10755.instance.json.solution.json
printing perfs in: ./dogs-color/insts/cgshop22/sqrpecn10755.instance.json.perf.json

CGSHOP Instance: compute neighbors...
computing neighbors (0 / 10755)...
computing neighbors (1000 / 10755)...
computing neighbors (2000 / 10755)...
computing neighbors (3000 / 10755)...
computing neighbors (4000 / 10755)...
computing neighbors (5000 / 10755)...
computing neighbors (6000 / 10755)...
computing neighbors (7000 / 10755)...
computing neighbors (8000 / 10755)...
computing neighbors (9000 / 10755)...
computing neighbors (10000 / 10755)...
17060      vertices
10755      segments
135        dominations
=======================
CGSHOP Instance: compute neighbors...
computing neighbors (0 / 10755)...
computing neighbors (1000 / 10755)...
computing neighbors (2000 / 10755)...
computing neighbors (3000 / 10755)...
computing neighbors (4000 / 10755)...
computing neighbors (5000 / 10755)...
computing neighbors (6000 / 10755)...
computing neighbors (7000 / 10755)...
computing neighbors (8000 / 10755)...
computing neighbors (9000 / 10755)...
computing neighbors (10000 / 10755)...
colored 1000 / 10755...
colored 2000 / 10755...
colored 3000 / 10755...
colored 4000 / 10755...
colored 5000 / 10755...
colored 6000 / 10755...
colored 7000 / 10755...
colored 8000 / 10755...
colored 9000 / 10755...
colored 10000 / 10755...
greedy found 223 colors in 1.533 seconds
 time (s)      nb nodes       objective      
---------------------------------------------
  0.630                       223            
  0.695        177.8 k        222            
  0.736        260.6 k        221            
  0.782        288.7 k        220            
  0.933        310.4 k        219            
  1.084        323.4 k        218            
  1.208        332.9 k        217            
  1.337        338.9 k        216            
  1.618        347.2 k        215            
  1.873        353.4 k        214            
  2.084        360.4 k        213            
  2.170        364.5 k        212            
  2.312        369.9 k        211            
  2.725        378.1 k        210            
  2.933        384.6 k        209            
  3.109        389.0 k        208            
  3.446        395.2 k        207            
  3.703        401.7 k        206            
  4.757        416.8 k        205            
  5.792        428.7 k        204            
  6.167        433.4 k        203            
  7.329        448.2 k        202            
  9.786        472.7 k        201            
  15.458       532.0 k        200            
  26.496       639.2 k        199            
  28.430       654.8 k        198            
  95.279       1.2 M          197            
  4237.970     30.1 M         196            
