printing solutions in: ./dogs-color/insts/cgshop22/sqrpecn45811.instance.json.solution.json
printing perfs in: ./dogs-color/insts/cgshop22/sqrpecn45811.instance.json.perf.json

CGSHOP Instance: compute neighbors...
computing neighbors (0 / 45811)...
computing neighbors (1000 / 45811)...
computing neighbors (2000 / 45811)...
computing neighbors (3000 / 45811)...
computing neighbors (4000 / 45811)...
computing neighbors (5000 / 45811)...
computing neighbors (6000 / 45811)...
computing neighbors (7000 / 45811)...
computing neighbors (8000 / 45811)...
computing neighbors (9000 / 45811)...
computing neighbors (10000 / 45811)...
computing neighbors (11000 / 45811)...
computing neighbors (12000 / 45811)...
computing neighbors (13000 / 45811)...
computing neighbors (14000 / 45811)...
computing neighbors (15000 / 45811)...
computing neighbors (16000 / 45811)...
computing neighbors (17000 / 45811)...
computing neighbors (18000 / 45811)...
computing neighbors (19000 / 45811)...
computing neighbors (20000 / 45811)...
computing neighbors (21000 / 45811)...
computing neighbors (22000 / 45811)...
computing neighbors (23000 / 45811)...
computing neighbors (24000 / 45811)...
computing neighbors (25000 / 45811)...
computing neighbors (26000 / 45811)...
computing neighbors (27000 / 45811)...
computing neighbors (28000 / 45811)...
computing neighbors (29000 / 45811)...
computing neighbors (30000 / 45811)...
computing neighbors (31000 / 45811)...
computing neighbors (32000 / 45811)...
computing neighbors (33000 / 45811)...
computing neighbors (34000 / 45811)...
computing neighbors (35000 / 45811)...
computing neighbors (36000 / 45811)...
computing neighbors (37000 / 45811)...
computing neighbors (38000 / 45811)...
computing neighbors (39000 / 45811)...
computing neighbors (40000 / 45811)...
computing neighbors (41000 / 45811)...
computing neighbors (42000 / 45811)...
computing neighbors (43000 / 45811)...
computing neighbors (44000 / 45811)...
computing neighbors (45000 / 45811)...
68579      vertices
45811      segments
485        dominations
=======================
CGSHOP Instance: compute neighbors...
computing neighbors (0 / 45811)...
computing neighbors (1000 / 45811)...
computing neighbors (2000 / 45811)...
computing neighbors (3000 / 45811)...
computing neighbors (4000 / 45811)...
computing neighbors (5000 / 45811)...
computing neighbors (6000 / 45811)...
computing neighbors (7000 / 45811)...
computing neighbors (8000 / 45811)...
computing neighbors (9000 / 45811)...
computing neighbors (10000 / 45811)...
computing neighbors (11000 / 45811)...
computing neighbors (12000 / 45811)...
computing neighbors (13000 / 45811)...
computing neighbors (14000 / 45811)...
computing neighbors (15000 / 45811)...
computing neighbors (16000 / 45811)...
computing neighbors (17000 / 45811)...
computing neighbors (18000 / 45811)...
computing neighbors (19000 / 45811)...
computing neighbors (20000 / 45811)...
computing neighbors (21000 / 45811)...
computing neighbors (22000 / 45811)...
computing neighbors (23000 / 45811)...
computing neighbors (24000 / 45811)...
computing neighbors (25000 / 45811)...
computing neighbors (26000 / 45811)...
computing neighbors (27000 / 45811)...
computing neighbors (28000 / 45811)...
computing neighbors (29000 / 45811)...
computing neighbors (30000 / 45811)...
computing neighbors (31000 / 45811)...
computing neighbors (32000 / 45811)...
computing neighbors (33000 / 45811)...
computing neighbors (34000 / 45811)...
computing neighbors (35000 / 45811)...
computing neighbors (36000 / 45811)...
computing neighbors (37000 / 45811)...
computing neighbors (38000 / 45811)...
computing neighbors (39000 / 45811)...
computing neighbors (40000 / 45811)...
computing neighbors (41000 / 45811)...
computing neighbors (42000 / 45811)...
computing neighbors (43000 / 45811)...
computing neighbors (44000 / 45811)...
computing neighbors (45000 / 45811)...
colored 1000 / 45811...
colored 2000 / 45811...
colored 3000 / 45811...
colored 4000 / 45811...
colored 5000 / 45811...
colored 6000 / 45811...
colored 7000 / 45811...
colored 8000 / 45811...
colored 9000 / 45811...
colored 10000 / 45811...
colored 11000 / 45811...
colored 12000 / 45811...
colored 13000 / 45811...
colored 14000 / 45811...
colored 15000 / 45811...
colored 16000 / 45811...
colored 17000 / 45811...
colored 18000 / 45811...
colored 19000 / 45811...
colored 20000 / 45811...
colored 21000 / 45811...
colored 22000 / 45811...
colored 23000 / 45811...
colored 24000 / 45811...
colored 25000 / 45811...
colored 26000 / 45811...
colored 27000 / 45811...
colored 28000 / 45811...
colored 29000 / 45811...
colored 30000 / 45811...
colored 31000 / 45811...
colored 32000 / 45811...
colored 33000 / 45811...
colored 34000 / 45811...
colored 35000 / 45811...
colored 36000 / 45811...
colored 37000 / 45811...
colored 38000 / 45811...
colored 39000 / 45811...
colored 40000 / 45811...
colored 41000 / 45811...
colored 42000 / 45811...
colored 43000 / 45811...
colored 44000 / 45811...
colored 45000 / 45811...
greedy found 511 colors in 46.010 seconds
 time (s)      nb nodes       objective      
---------------------------------------------
  11.987                      511            
  13.148       2.0 M          510            
  13.794       2.8 M          509            
  14.612       3.1 M          508            
  15.245       3.3 M          507            
  15.885       3.5 M          506            
  17.853       3.6 M          505            
  18.854       3.6 M          504            
  20.888       3.7 M          503            
  23.630       3.7 M          502            
  26.819       3.7 M          501            
  31.609       3.8 M          500            
  34.723       3.8 M          499            
  37.711       3.8 M          498            
  44.419       3.9 M          497            
  50.722       3.9 M          496            
  57.057       4.0 M          495            
  60.389       4.0 M          494            
  64.960       4.0 M          493            
  69.962       4.1 M          492            
  73.583       4.1 M          491            
  81.528       4.2 M          490            
  86.432       4.2 M          489            
  91.175       4.2 M          488            
  92.268       4.3 M          487            
  93.844       4.3 M          486            
  95.345       4.3 M          485            
  110.671      4.3 M          484            
  130.064      4.4 M          483            
  144.544      4.4 M          482            
  149.209      4.4 M          481            
  155.369      4.4 M          480            
  159.434      4.5 M          479            
  166.597      4.5 M          478            
  193.026      4.5 M          477            
  195.420      4.6 M          476            
  242.981      4.6 M          475            
  253.626      4.6 M          474            
  287.579      4.7 M          473            
  371.776      4.8 M          472            
  395.073      4.8 M          471            
  534.504      5.0 M          470            
  622.800      5.1 M          469            
  730.695      5.2 M          468            
  912.340      5.3 M          467            
  3349.767     7.4 M          466            
