printing solutions in: ./dogs-color/insts/cgshop22/sqrp43759.instance.json.solution.json
printing perfs in: ./dogs-color/insts/cgshop22/sqrp43759.instance.json.perf.json

CGSHOP Instance: compute neighbors...
computing neighbors (0 / 43759)...
computing neighbors (1000 / 43759)...
computing neighbors (2000 / 43759)...
computing neighbors (3000 / 43759)...
computing neighbors (4000 / 43759)...
computing neighbors (5000 / 43759)...
computing neighbors (6000 / 43759)...
computing neighbors (7000 / 43759)...
computing neighbors (8000 / 43759)...
computing neighbors (9000 / 43759)...
computing neighbors (10000 / 43759)...
computing neighbors (11000 / 43759)...
computing neighbors (12000 / 43759)...
computing neighbors (13000 / 43759)...
computing neighbors (14000 / 43759)...
computing neighbors (15000 / 43759)...
computing neighbors (16000 / 43759)...
computing neighbors (17000 / 43759)...
computing neighbors (18000 / 43759)...
computing neighbors (19000 / 43759)...
computing neighbors (20000 / 43759)...
computing neighbors (21000 / 43759)...
computing neighbors (22000 / 43759)...
computing neighbors (23000 / 43759)...
computing neighbors (24000 / 43759)...
computing neighbors (25000 / 43759)...
computing neighbors (26000 / 43759)...
computing neighbors (27000 / 43759)...
computing neighbors (28000 / 43759)...
computing neighbors (29000 / 43759)...
computing neighbors (30000 / 43759)...
computing neighbors (31000 / 43759)...
computing neighbors (32000 / 43759)...
computing neighbors (33000 / 43759)...
computing neighbors (34000 / 43759)...
computing neighbors (35000 / 43759)...
computing neighbors (36000 / 43759)...
computing neighbors (37000 / 43759)...
computing neighbors (38000 / 43759)...
computing neighbors (39000 / 43759)...
computing neighbors (40000 / 43759)...
computing neighbors (41000 / 43759)...
computing neighbors (42000 / 43759)...
computing neighbors (43000 / 43759)...
742        vertices
43759      segments
7226       dominations
=======================
CGSHOP Instance: compute neighbors...
computing neighbors (0 / 43759)...
computing neighbors (1000 / 43759)...
computing neighbors (2000 / 43759)...
computing neighbors (3000 / 43759)...
computing neighbors (4000 / 43759)...
computing neighbors (5000 / 43759)...
computing neighbors (6000 / 43759)...
computing neighbors (7000 / 43759)...
computing neighbors (8000 / 43759)...
computing neighbors (9000 / 43759)...
computing neighbors (10000 / 43759)...
computing neighbors (11000 / 43759)...
computing neighbors (12000 / 43759)...
computing neighbors (13000 / 43759)...
computing neighbors (14000 / 43759)...
computing neighbors (15000 / 43759)...
computing neighbors (16000 / 43759)...
computing neighbors (17000 / 43759)...
computing neighbors (18000 / 43759)...
computing neighbors (19000 / 43759)...
computing neighbors (20000 / 43759)...
computing neighbors (21000 / 43759)...
computing neighbors (22000 / 43759)...
computing neighbors (23000 / 43759)...
computing neighbors (24000 / 43759)...
computing neighbors (25000 / 43759)...
computing neighbors (26000 / 43759)...
computing neighbors (27000 / 43759)...
computing neighbors (28000 / 43759)...
computing neighbors (29000 / 43759)...
computing neighbors (30000 / 43759)...
computing neighbors (31000 / 43759)...
computing neighbors (32000 / 43759)...
computing neighbors (33000 / 43759)...
computing neighbors (34000 / 43759)...
computing neighbors (35000 / 43759)...
computing neighbors (36000 / 43759)...
computing neighbors (37000 / 43759)...
computing neighbors (38000 / 43759)...
computing neighbors (39000 / 43759)...
computing neighbors (40000 / 43759)...
computing neighbors (41000 / 43759)...
computing neighbors (42000 / 43759)...
computing neighbors (43000 / 43759)...
colored 1000 / 43759...
colored 2000 / 43759...
colored 3000 / 43759...
colored 4000 / 43759...
colored 5000 / 43759...
colored 6000 / 43759...
colored 7000 / 43759...
colored 8000 / 43759...
colored 9000 / 43759...
colored 10000 / 43759...
colored 11000 / 43759...
colored 12000 / 43759...
colored 13000 / 43759...
colored 14000 / 43759...
colored 15000 / 43759...
colored 16000 / 43759...
colored 17000 / 43759...
colored 18000 / 43759...
colored 19000 / 43759...
colored 20000 / 43759...
colored 21000 / 43759...
colored 22000 / 43759...
colored 23000 / 43759...
colored 24000 / 43759...
colored 25000 / 43759...
colored 26000 / 43759...
colored 27000 / 43759...
colored 28000 / 43759...
colored 29000 / 43759...
colored 30000 / 43759...
colored 31000 / 43759...
colored 32000 / 43759...
colored 33000 / 43759...
colored 34000 / 43759...
colored 35000 / 43759...
colored 36000 / 43759...
colored 37000 / 43759...
colored 38000 / 43759...
colored 39000 / 43759...
colored 40000 / 43759...
colored 41000 / 43759...
colored 42000 / 43759...
colored 43000 / 43759...
greedy found 234 colors in 49.638 seconds
 time (s)      nb nodes       objective      
---------------------------------------------
  12.058                      234            
  13.924       889.0 k        233            
  15.543       1.4 M          232            
  17.437       1.8 M          231            
  24.622       2.0 M          230            
  28.990       2.1 M          229            
  36.045       2.2 M          228            
  63.728       2.2 M          227            
  91.190       2.3 M          226            
  123.232      2.4 M          225            
  145.694      2.4 M          224            
  182.914      2.4 M          223            
  289.164      2.5 M          222            
  426.406      2.6 M          221            
  603.561      2.7 M          220            
  783.947      2.9 M          219            
  1127.970     3.1 M          218            
  1876.204     3.6 M          217            
  5507.571     5.6 M          216            
  30064.314    21.1 M         215            
