printing solutions in: ./dogs-color/insts/cgshop22/sqrpecn54576.instance.json.solution.json
printing perfs in: ./dogs-color/insts/cgshop22/sqrpecn54576.instance.json.perf.json

CGSHOP Instance: compute neighbors...
computing neighbors (0 / 54576)...
computing neighbors (1000 / 54576)...
computing neighbors (2000 / 54576)...
computing neighbors (3000 / 54576)...
computing neighbors (4000 / 54576)...
computing neighbors (5000 / 54576)...
computing neighbors (6000 / 54576)...
computing neighbors (7000 / 54576)...
computing neighbors (8000 / 54576)...
computing neighbors (9000 / 54576)...
computing neighbors (10000 / 54576)...
computing neighbors (11000 / 54576)...
computing neighbors (12000 / 54576)...
computing neighbors (13000 / 54576)...
computing neighbors (14000 / 54576)...
computing neighbors (15000 / 54576)...
computing neighbors (16000 / 54576)...
computing neighbors (17000 / 54576)...
computing neighbors (18000 / 54576)...
computing neighbors (19000 / 54576)...
computing neighbors (20000 / 54576)...
computing neighbors (21000 / 54576)...
computing neighbors (22000 / 54576)...
computing neighbors (23000 / 54576)...
computing neighbors (24000 / 54576)...
computing neighbors (25000 / 54576)...
computing neighbors (26000 / 54576)...
computing neighbors (27000 / 54576)...
computing neighbors (28000 / 54576)...
computing neighbors (29000 / 54576)...
computing neighbors (30000 / 54576)...
computing neighbors (31000 / 54576)...
computing neighbors (32000 / 54576)...
computing neighbors (33000 / 54576)...
computing neighbors (34000 / 54576)...
computing neighbors (35000 / 54576)...
computing neighbors (36000 / 54576)...
computing neighbors (37000 / 54576)...
computing neighbors (38000 / 54576)...
computing neighbors (39000 / 54576)...
computing neighbors (40000 / 54576)...
computing neighbors (41000 / 54576)...
computing neighbors (42000 / 54576)...
computing neighbors (43000 / 54576)...
computing neighbors (44000 / 54576)...
computing neighbors (45000 / 54576)...
computing neighbors (46000 / 54576)...
computing neighbors (47000 / 54576)...
computing neighbors (48000 / 54576)...
computing neighbors (49000 / 54576)...
computing neighbors (50000 / 54576)...
computing neighbors (51000 / 54576)...
computing neighbors (52000 / 54576)...
computing neighbors (53000 / 54576)...
computing neighbors (54000 / 54576)...
81716      vertices
54576      segments
529        dominations
=======================
CGSHOP Instance: compute neighbors...
computing neighbors (0 / 54576)...
computing neighbors (1000 / 54576)...
computing neighbors (2000 / 54576)...
computing neighbors (3000 / 54576)...
computing neighbors (4000 / 54576)...
computing neighbors (5000 / 54576)...
computing neighbors (6000 / 54576)...
computing neighbors (7000 / 54576)...
computing neighbors (8000 / 54576)...
computing neighbors (9000 / 54576)...
computing neighbors (10000 / 54576)...
computing neighbors (11000 / 54576)...
computing neighbors (12000 / 54576)...
computing neighbors (13000 / 54576)...
computing neighbors (14000 / 54576)...
computing neighbors (15000 / 54576)...
computing neighbors (16000 / 54576)...
computing neighbors (17000 / 54576)...
computing neighbors (18000 / 54576)...
computing neighbors (19000 / 54576)...
computing neighbors (20000 / 54576)...
computing neighbors (21000 / 54576)...
computing neighbors (22000 / 54576)...
computing neighbors (23000 / 54576)...
computing neighbors (24000 / 54576)...
computing neighbors (25000 / 54576)...
computing neighbors (26000 / 54576)...
computing neighbors (27000 / 54576)...
computing neighbors (28000 / 54576)...
computing neighbors (29000 / 54576)...
computing neighbors (30000 / 54576)...
computing neighbors (31000 / 54576)...
computing neighbors (32000 / 54576)...
computing neighbors (33000 / 54576)...
computing neighbors (34000 / 54576)...
computing neighbors (35000 / 54576)...
computing neighbors (36000 / 54576)...
computing neighbors (37000 / 54576)...
computing neighbors (38000 / 54576)...
computing neighbors (39000 / 54576)...
computing neighbors (40000 / 54576)...
computing neighbors (41000 / 54576)...
computing neighbors (42000 / 54576)...
computing neighbors (43000 / 54576)...
computing neighbors (44000 / 54576)...
computing neighbors (45000 / 54576)...
computing neighbors (46000 / 54576)...
computing neighbors (47000 / 54576)...
computing neighbors (48000 / 54576)...
computing neighbors (49000 / 54576)...
computing neighbors (50000 / 54576)...
computing neighbors (51000 / 54576)...
computing neighbors (52000 / 54576)...
computing neighbors (53000 / 54576)...
computing neighbors (54000 / 54576)...
colored 1000 / 54576...
colored 2000 / 54576...
colored 3000 / 54576...
colored 4000 / 54576...
colored 5000 / 54576...
colored 6000 / 54576...
colored 7000 / 54576...
colored 8000 / 54576...
colored 9000 / 54576...
colored 10000 / 54576...
colored 11000 / 54576...
colored 12000 / 54576...
colored 13000 / 54576...
colored 14000 / 54576...
colored 15000 / 54576...
colored 16000 / 54576...
colored 17000 / 54576...
colored 18000 / 54576...
colored 19000 / 54576...
colored 20000 / 54576...
colored 21000 / 54576...
colored 22000 / 54576...
colored 23000 / 54576...
colored 24000 / 54576...
colored 25000 / 54576...
colored 26000 / 54576...
colored 27000 / 54576...
colored 28000 / 54576...
colored 29000 / 54576...
colored 30000 / 54576...
colored 31000 / 54576...
colored 32000 / 54576...
colored 33000 / 54576...
colored 34000 / 54576...
colored 35000 / 54576...
colored 36000 / 54576...
colored 37000 / 54576...
colored 38000 / 54576...
colored 39000 / 54576...
colored 40000 / 54576...
colored 41000 / 54576...
colored 42000 / 54576...
colored 43000 / 54576...
colored 44000 / 54576...
colored 45000 / 54576...
colored 46000 / 54576...
colored 47000 / 54576...
colored 48000 / 54576...
colored 49000 / 54576...
colored 50000 / 54576...
colored 51000 / 54576...
colored 52000 / 54576...
colored 53000 / 54576...
colored 54000 / 54576...
greedy found 596 colors in 85.516 seconds
 time (s)      nb nodes       objective      
---------------------------------------------
  18.966                      596            
  20.408       2.2 M          595            
  21.224       3.0 M          594            
  21.872       3.5 M          593            
  22.383       3.8 M          592            
  24.648       4.1 M          591            
  25.300       4.3 M          590            
  25.848       4.4 M          589            
  26.567       4.5 M          588            
  27.781       4.6 M          587            
  29.011       4.6 M          586            
  32.402       4.6 M          585            
  36.887       4.7 M          584            
  40.053       4.7 M          583            
  43.931       4.7 M          582            
  47.220       4.8 M          581            
  49.157       4.8 M          580            
  54.383       4.8 M          579            
  58.348       4.8 M          578            
  61.962       4.8 M          577            
  65.873       4.9 M          576            
  70.133       4.9 M          575            
  75.335       4.9 M          574            
  82.119       4.9 M          573            
  87.098       5.0 M          572            
  98.028       5.0 M          571            
  101.980      5.0 M          570            
  107.094      5.0 M          569            
  110.832      5.0 M          568            
  114.145      5.1 M          567            
  126.706      5.1 M          566            
  136.279      5.1 M          565            
  142.537      5.1 M          564            
  144.620      5.2 M          563            
  152.010      5.2 M          562            
  158.164      5.2 M          561            
  169.050      5.2 M          560            
  178.085      5.3 M          559            
  179.085      5.3 M          558            
  186.645      5.3 M          557            
  189.042      5.3 M          556            
  201.640      5.4 M          555            
  204.968      5.4 M          554            
  206.804      5.4 M          553            
  224.816      5.4 M          552            
  228.314      5.5 M          551            
  231.237      5.5 M          550            
  235.382      5.5 M          549            
  243.402      5.5 M          548            
  249.854      5.5 M          547            
  263.721      5.6 M          546            
  275.816      5.6 M          545            
  295.673      5.6 M          544            
  312.274      5.6 M          543            
  320.307      5.6 M          542            
  332.968      5.7 M          541            
  370.806      5.7 M          540            
  385.325      5.7 M          539            
  391.377      5.7 M          538            
  429.552      5.8 M          537            
  447.208      5.8 M          536            
  455.339      5.8 M          535            
  462.891      5.8 M          534            
  484.272      5.8 M          533            
  504.326      5.9 M          532            
  561.247      5.9 M          531            
  594.544      6.0 M          530            
  658.056      6.0 M          529            
  689.294      6.0 M          528            
  709.593      6.1 M          527            
  748.556      6.1 M          526            
  761.997      6.1 M          525            
  784.512      6.1 M          524            
  828.065      6.2 M          523            
  844.425      6.2 M          522            
  894.137      6.3 M          521            
  987.701      6.3 M          520            
  1041.245     6.4 M          519            
  1095.426     6.4 M          518            
  1210.093     6.5 M          517            
  1380.355     6.7 M          516            
  1470.028     6.7 M          515            
  1665.581     6.9 M          514            
  1824.411     7.0 M          513            
  1971.526     7.1 M          512            
  2081.779     7.2 M          511            
  2386.252     7.4 M          510            
  2747.986     7.6 M          509            
  2906.772     7.7 M          508            
  3774.834     8.2 M          507            
  4108.975     8.5 M          506            
  4758.547     8.8 M          505            
  8660.302     11.2 M         504            
  11854.133    13.1 M         503            
  18299.285    17.2 M         502            
  32771.699    27.0 M         501            
  43221.074    33.5 M         500            
  66124.406    47.8 M         499            
