printing solutions in: ./dogs-color/insts/cgshop22/sqrp45933.instance.json.solution.json
printing perfs in: ./dogs-color/insts/cgshop22/sqrp45933.instance.json.perf.json

CGSHOP Instance: compute neighbors...
computing neighbors (0 / 45933)...
computing neighbors (1000 / 45933)...
computing neighbors (2000 / 45933)...
computing neighbors (3000 / 45933)...
computing neighbors (4000 / 45933)...
computing neighbors (5000 / 45933)...
computing neighbors (6000 / 45933)...
computing neighbors (7000 / 45933)...
computing neighbors (8000 / 45933)...
computing neighbors (9000 / 45933)...
computing neighbors (10000 / 45933)...
computing neighbors (11000 / 45933)...
computing neighbors (12000 / 45933)...
computing neighbors (13000 / 45933)...
computing neighbors (14000 / 45933)...
computing neighbors (15000 / 45933)...
computing neighbors (16000 / 45933)...
computing neighbors (17000 / 45933)...
computing neighbors (18000 / 45933)...
computing neighbors (19000 / 45933)...
computing neighbors (20000 / 45933)...
computing neighbors (21000 / 45933)...
computing neighbors (22000 / 45933)...
computing neighbors (23000 / 45933)...
computing neighbors (24000 / 45933)...
computing neighbors (25000 / 45933)...
computing neighbors (26000 / 45933)...
computing neighbors (27000 / 45933)...
computing neighbors (28000 / 45933)...
computing neighbors (29000 / 45933)...
computing neighbors (30000 / 45933)...
computing neighbors (31000 / 45933)...
computing neighbors (32000 / 45933)...
computing neighbors (33000 / 45933)...
computing neighbors (34000 / 45933)...
computing neighbors (35000 / 45933)...
computing neighbors (36000 / 45933)...
computing neighbors (37000 / 45933)...
computing neighbors (38000 / 45933)...
computing neighbors (39000 / 45933)...
computing neighbors (40000 / 45933)...
computing neighbors (41000 / 45933)...
computing neighbors (42000 / 45933)...
computing neighbors (43000 / 45933)...
computing neighbors (44000 / 45933)...
computing neighbors (45000 / 45933)...
599        vertices
45933      segments
8397       dominations
=======================
CGSHOP Instance: compute neighbors...
computing neighbors (0 / 45933)...
computing neighbors (1000 / 45933)...
computing neighbors (2000 / 45933)...
computing neighbors (3000 / 45933)...
computing neighbors (4000 / 45933)...
computing neighbors (5000 / 45933)...
computing neighbors (6000 / 45933)...
computing neighbors (7000 / 45933)...
computing neighbors (8000 / 45933)...
computing neighbors (9000 / 45933)...
computing neighbors (10000 / 45933)...
computing neighbors (11000 / 45933)...
computing neighbors (12000 / 45933)...
computing neighbors (13000 / 45933)...
computing neighbors (14000 / 45933)...
computing neighbors (15000 / 45933)...
computing neighbors (16000 / 45933)...
computing neighbors (17000 / 45933)...
computing neighbors (18000 / 45933)...
computing neighbors (19000 / 45933)...
computing neighbors (20000 / 45933)...
computing neighbors (21000 / 45933)...
computing neighbors (22000 / 45933)...
computing neighbors (23000 / 45933)...
computing neighbors (24000 / 45933)...
computing neighbors (25000 / 45933)...
computing neighbors (26000 / 45933)...
computing neighbors (27000 / 45933)...
computing neighbors (28000 / 45933)...
computing neighbors (29000 / 45933)...
computing neighbors (30000 / 45933)...
computing neighbors (31000 / 45933)...
computing neighbors (32000 / 45933)...
computing neighbors (33000 / 45933)...
computing neighbors (34000 / 45933)...
computing neighbors (35000 / 45933)...
computing neighbors (36000 / 45933)...
computing neighbors (37000 / 45933)...
computing neighbors (38000 / 45933)...
computing neighbors (39000 / 45933)...
computing neighbors (40000 / 45933)...
computing neighbors (41000 / 45933)...
computing neighbors (42000 / 45933)...
computing neighbors (43000 / 45933)...
computing neighbors (44000 / 45933)...
computing neighbors (45000 / 45933)...
colored 1000 / 45933...
colored 2000 / 45933...
colored 3000 / 45933...
colored 4000 / 45933...
colored 5000 / 45933...
colored 6000 / 45933...
colored 7000 / 45933...
colored 8000 / 45933...
colored 9000 / 45933...
colored 10000 / 45933...
colored 11000 / 45933...
colored 12000 / 45933...
colored 13000 / 45933...
colored 14000 / 45933...
colored 15000 / 45933...
colored 16000 / 45933...
colored 17000 / 45933...
colored 18000 / 45933...
colored 19000 / 45933...
colored 20000 / 45933...
colored 21000 / 45933...
colored 22000 / 45933...
colored 23000 / 45933...
colored 24000 / 45933...
colored 25000 / 45933...
colored 26000 / 45933...
colored 27000 / 45933...
colored 28000 / 45933...
colored 29000 / 45933...
colored 30000 / 45933...
colored 31000 / 45933...
colored 32000 / 45933...
colored 33000 / 45933...
colored 34000 / 45933...
colored 35000 / 45933...
colored 36000 / 45933...
colored 37000 / 45933...
colored 38000 / 45933...
colored 39000 / 45933...
colored 40000 / 45933...
colored 41000 / 45933...
colored 42000 / 45933...
colored 43000 / 45933...
colored 44000 / 45933...
colored 45000 / 45933...
greedy found 228 colors in 40.351 seconds
 time (s)      nb nodes       objective      
---------------------------------------------
  12.723                      228            
  15.277       1.1 M          227            
  17.558       1.7 M          226            
  20.547       2.1 M          225            
  26.247       2.3 M          224            
  31.088       2.5 M          223            
  35.557       2.8 M          222            
  77.046       2.9 M          221            
  99.821       2.9 M          220            
  126.567      3.0 M          219            
  248.757      3.1 M          218            
  382.665      3.2 M          217            
  654.160      3.4 M          216            
  1080.038     3.7 M          215            
  1487.076     4.0 M          214            
  7530.356     8.0 M          213            
  18623.096    15.6 M         212            
  23040.877    18.8 M         211            
