printing solutions in: ./dogs-color/insts/cgshop22/sqrpecn23873.instance.json.solution.json
printing perfs in: ./dogs-color/insts/cgshop22/sqrpecn23873.instance.json.perf.json

CGSHOP Instance: compute neighbors...
computing neighbors (0 / 23873)...
computing neighbors (1000 / 23873)...
computing neighbors (2000 / 23873)...
computing neighbors (3000 / 23873)...
computing neighbors (4000 / 23873)...
computing neighbors (5000 / 23873)...
computing neighbors (6000 / 23873)...
computing neighbors (7000 / 23873)...
computing neighbors (8000 / 23873)...
computing neighbors (9000 / 23873)...
computing neighbors (10000 / 23873)...
computing neighbors (11000 / 23873)...
computing neighbors (12000 / 23873)...
computing neighbors (13000 / 23873)...
computing neighbors (14000 / 23873)...
computing neighbors (15000 / 23873)...
computing neighbors (16000 / 23873)...
computing neighbors (17000 / 23873)...
computing neighbors (18000 / 23873)...
computing neighbors (19000 / 23873)...
computing neighbors (20000 / 23873)...
computing neighbors (21000 / 23873)...
computing neighbors (22000 / 23873)...
computing neighbors (23000 / 23873)...
37888      vertices
23873      segments
272        dominations
=======================
CGSHOP Instance: compute neighbors...
computing neighbors (0 / 23873)...
computing neighbors (1000 / 23873)...
computing neighbors (2000 / 23873)...
computing neighbors (3000 / 23873)...
computing neighbors (4000 / 23873)...
computing neighbors (5000 / 23873)...
computing neighbors (6000 / 23873)...
computing neighbors (7000 / 23873)...
computing neighbors (8000 / 23873)...
computing neighbors (9000 / 23873)...
computing neighbors (10000 / 23873)...
computing neighbors (11000 / 23873)...
computing neighbors (12000 / 23873)...
computing neighbors (13000 / 23873)...
computing neighbors (14000 / 23873)...
computing neighbors (15000 / 23873)...
computing neighbors (16000 / 23873)...
computing neighbors (17000 / 23873)...
computing neighbors (18000 / 23873)...
computing neighbors (19000 / 23873)...
computing neighbors (20000 / 23873)...
computing neighbors (21000 / 23873)...
computing neighbors (22000 / 23873)...
computing neighbors (23000 / 23873)...
colored 1000 / 23873...
colored 2000 / 23873...
colored 3000 / 23873...
colored 4000 / 23873...
colored 5000 / 23873...
colored 6000 / 23873...
colored 7000 / 23873...
colored 8000 / 23873...
colored 9000 / 23873...
colored 10000 / 23873...
colored 11000 / 23873...
colored 12000 / 23873...
colored 13000 / 23873...
colored 14000 / 23873...
colored 15000 / 23873...
colored 16000 / 23873...
colored 17000 / 23873...
colored 18000 / 23873...
colored 19000 / 23873...
colored 20000 / 23873...
colored 21000 / 23873...
colored 22000 / 23873...
colored 23000 / 23873...
greedy found 433 colors in 8.539 seconds
 time (s)      nb nodes       objective      
---------------------------------------------
  3.212                       433            
  3.481        789.0 k        432            
  3.626        1.0 M          431            
  4.086        1.2 M          430            
  4.337        1.3 M          429            
  4.492        1.4 M          428            
  4.914        1.4 M          427            
  5.176        1.5 M          426            
  5.445        1.5 M          425            
  6.234        1.5 M          424            
  6.633        1.5 M          423            
  7.328        1.6 M          422            
  7.826        1.6 M          421            
  8.703        1.6 M          420            
  9.364        1.6 M          419            
  11.003       1.6 M          418            
  12.298       1.7 M          417            
  13.699       1.7 M          416            
  14.154       1.7 M          415            
  16.200       1.7 M          414            
  18.871       1.7 M          413            
  19.316       1.7 M          412            
  21.613       1.7 M          411            
  23.222       1.8 M          410            
  24.525       1.8 M          409            
  25.180       1.8 M          408            
  27.017       1.8 M          407            
  28.623       1.8 M          406            
  28.920       1.8 M          405            
  29.406       1.8 M          404            
  30.012       1.8 M          403            
  30.812       1.8 M          402            
  32.896       1.9 M          401            
  35.889       1.9 M          400            
  39.749       1.9 M          399            
  43.297       1.9 M          398            
  46.436       1.9 M          397            
  49.217       1.9 M          396            
  51.280       2.0 M          395            
  54.531       2.0 M          394            
  58.549       2.0 M          393            
  62.576       2.0 M          392            
  64.379       2.0 M          391            
  73.294       2.0 M          390            
  79.958       2.1 M          389            
  88.490       2.1 M          388            
  121.279      2.2 M          387            
  135.098      2.3 M          386            
  163.483      2.3 M          385            
  167.767      2.4 M          384            
  183.636      2.4 M          383            
  215.850      2.5 M          382            
  231.922      2.6 M          381            
  678.396      3.7 M          380            
  1042.636     4.6 M          379            
  2549.442     8.0 M          378            
  7089.117     19.0 M         377            
  32655.418    72.9 M         376            
  38404.113    85.2 M         375            
