printing solutions in: ./dogs-color/insts/cgshop22/sqrp51004.instance.json.solution.json
printing perfs in: ./dogs-color/insts/cgshop22/sqrp51004.instance.json.perf.json

CGSHOP Instance: compute neighbors...
computing neighbors (0 / 51004)...
computing neighbors (1000 / 51004)...
computing neighbors (2000 / 51004)...
computing neighbors (3000 / 51004)...
computing neighbors (4000 / 51004)...
computing neighbors (5000 / 51004)...
computing neighbors (6000 / 51004)...
computing neighbors (7000 / 51004)...
computing neighbors (8000 / 51004)...
computing neighbors (9000 / 51004)...
computing neighbors (10000 / 51004)...
computing neighbors (11000 / 51004)...
computing neighbors (12000 / 51004)...
computing neighbors (13000 / 51004)...
computing neighbors (14000 / 51004)...
computing neighbors (15000 / 51004)...
computing neighbors (16000 / 51004)...
computing neighbors (17000 / 51004)...
computing neighbors (18000 / 51004)...
computing neighbors (19000 / 51004)...
computing neighbors (20000 / 51004)...
computing neighbors (21000 / 51004)...
computing neighbors (22000 / 51004)...
computing neighbors (23000 / 51004)...
computing neighbors (24000 / 51004)...
computing neighbors (25000 / 51004)...
computing neighbors (26000 / 51004)...
computing neighbors (27000 / 51004)...
computing neighbors (28000 / 51004)...
computing neighbors (29000 / 51004)...
computing neighbors (30000 / 51004)...
computing neighbors (31000 / 51004)...
computing neighbors (32000 / 51004)...
computing neighbors (33000 / 51004)...
computing neighbors (34000 / 51004)...
computing neighbors (35000 / 51004)...
computing neighbors (36000 / 51004)...
computing neighbors (37000 / 51004)...
computing neighbors (38000 / 51004)...
computing neighbors (39000 / 51004)...
computing neighbors (40000 / 51004)...
computing neighbors (41000 / 51004)...
computing neighbors (42000 / 51004)...
computing neighbors (43000 / 51004)...
computing neighbors (44000 / 51004)...
computing neighbors (45000 / 51004)...
computing neighbors (46000 / 51004)...
computing neighbors (47000 / 51004)...
computing neighbors (48000 / 51004)...
computing neighbors (49000 / 51004)...
computing neighbors (50000 / 51004)...
computing neighbors (51000 / 51004)...
670        vertices
51004      segments
7523       dominations
=======================
CGSHOP Instance: compute neighbors...
computing neighbors (0 / 51004)...
computing neighbors (1000 / 51004)...
computing neighbors (2000 / 51004)...
computing neighbors (3000 / 51004)...
computing neighbors (4000 / 51004)...
computing neighbors (5000 / 51004)...
computing neighbors (6000 / 51004)...
computing neighbors (7000 / 51004)...
computing neighbors (8000 / 51004)...
computing neighbors (9000 / 51004)...
computing neighbors (10000 / 51004)...
computing neighbors (11000 / 51004)...
computing neighbors (12000 / 51004)...
computing neighbors (13000 / 51004)...
computing neighbors (14000 / 51004)...
computing neighbors (15000 / 51004)...
computing neighbors (16000 / 51004)...
computing neighbors (17000 / 51004)...
computing neighbors (18000 / 51004)...
computing neighbors (19000 / 51004)...
computing neighbors (20000 / 51004)...
computing neighbors (21000 / 51004)...
computing neighbors (22000 / 51004)...
computing neighbors (23000 / 51004)...
computing neighbors (24000 / 51004)...
computing neighbors (25000 / 51004)...
computing neighbors (26000 / 51004)...
computing neighbors (27000 / 51004)...
computing neighbors (28000 / 51004)...
computing neighbors (29000 / 51004)...
computing neighbors (30000 / 51004)...
computing neighbors (31000 / 51004)...
computing neighbors (32000 / 51004)...
computing neighbors (33000 / 51004)...
computing neighbors (34000 / 51004)...
computing neighbors (35000 / 51004)...
computing neighbors (36000 / 51004)...
computing neighbors (37000 / 51004)...
computing neighbors (38000 / 51004)...
computing neighbors (39000 / 51004)...
computing neighbors (40000 / 51004)...
computing neighbors (41000 / 51004)...
computing neighbors (42000 / 51004)...
computing neighbors (43000 / 51004)...
computing neighbors (44000 / 51004)...
computing neighbors (45000 / 51004)...
computing neighbors (46000 / 51004)...
computing neighbors (47000 / 51004)...
computing neighbors (48000 / 51004)...
computing neighbors (49000 / 51004)...
computing neighbors (50000 / 51004)...
computing neighbors (51000 / 51004)...
colored 1000 / 51004...
colored 2000 / 51004...
colored 3000 / 51004...
colored 4000 / 51004...
colored 5000 / 51004...
colored 6000 / 51004...
colored 7000 / 51004...
colored 8000 / 51004...
colored 9000 / 51004...
colored 10000 / 51004...
colored 11000 / 51004...
colored 12000 / 51004...
colored 13000 / 51004...
colored 14000 / 51004...
colored 15000 / 51004...
colored 16000 / 51004...
colored 17000 / 51004...
colored 18000 / 51004...
colored 19000 / 51004...
colored 20000 / 51004...
colored 21000 / 51004...
colored 22000 / 51004...
colored 23000 / 51004...
colored 24000 / 51004...
colored 25000 / 51004...
colored 26000 / 51004...
colored 27000 / 51004...
colored 28000 / 51004...
colored 29000 / 51004...
colored 30000 / 51004...
colored 31000 / 51004...
colored 32000 / 51004...
colored 33000 / 51004...
colored 34000 / 51004...
colored 35000 / 51004...
colored 36000 / 51004...
colored 37000 / 51004...
colored 38000 / 51004...
colored 39000 / 51004...
colored 40000 / 51004...
colored 41000 / 51004...
colored 42000 / 51004...
colored 43000 / 51004...
colored 44000 / 51004...
colored 45000 / 51004...
colored 46000 / 51004...
colored 47000 / 51004...
colored 48000 / 51004...
colored 49000 / 51004...
colored 50000 / 51004...
colored 51000 / 51004...
greedy found 251 colors in 46.492 seconds
 time (s)      nb nodes       objective      
---------------------------------------------
  14.664                      251            
  16.563       1.2 M          250            
  23.191       1.5 M          249            
  27.112       1.8 M          248            
  32.388       2.1 M          247            
  44.035       2.3 M          246            
  61.076       2.5 M          245            
  145.162      2.6 M          244            
  281.449      2.7 M          243            
  318.359      2.9 M          242            
  529.068      3.0 M          241            
  675.767      3.1 M          240            
  947.774      3.2 M          239            
  1213.087     3.3 M          238            
  2376.169     3.8 M          237            
  6366.718     5.7 M          236            
  11969.218    8.5 M          235            
  33235.531    18.0 M         234            
