printing solutions in: ./dogs-color/insts/cgshop22/sqrpecn15605.instance.json.solution.json
printing perfs in: ./dogs-color/insts/cgshop22/sqrpecn15605.instance.json.perf.json

CGSHOP Instance: compute neighbors...
computing neighbors (0 / 15605)...
computing neighbors (1000 / 15605)...
computing neighbors (2000 / 15605)...
computing neighbors (3000 / 15605)...
computing neighbors (4000 / 15605)...
computing neighbors (5000 / 15605)...
computing neighbors (6000 / 15605)...
computing neighbors (7000 / 15605)...
computing neighbors (8000 / 15605)...
computing neighbors (9000 / 15605)...
computing neighbors (10000 / 15605)...
computing neighbors (11000 / 15605)...
computing neighbors (12000 / 15605)...
computing neighbors (13000 / 15605)...
computing neighbors (14000 / 15605)...
computing neighbors (15000 / 15605)...
24968      vertices
15605      segments
223        dominations
=======================
CGSHOP Instance: compute neighbors...
computing neighbors (0 / 15605)...
computing neighbors (1000 / 15605)...
computing neighbors (2000 / 15605)...
computing neighbors (3000 / 15605)...
computing neighbors (4000 / 15605)...
computing neighbors (5000 / 15605)...
computing neighbors (6000 / 15605)...
computing neighbors (7000 / 15605)...
computing neighbors (8000 / 15605)...
computing neighbors (9000 / 15605)...
computing neighbors (10000 / 15605)...
computing neighbors (11000 / 15605)...
computing neighbors (12000 / 15605)...
computing neighbors (13000 / 15605)...
computing neighbors (14000 / 15605)...
computing neighbors (15000 / 15605)...
colored 1000 / 15605...
colored 2000 / 15605...
colored 3000 / 15605...
colored 4000 / 15605...
colored 5000 / 15605...
colored 6000 / 15605...
colored 7000 / 15605...
colored 8000 / 15605...
colored 9000 / 15605...
colored 10000 / 15605...
colored 11000 / 15605...
colored 12000 / 15605...
colored 13000 / 15605...
colored 14000 / 15605...
colored 15000 / 15605...
greedy found 386 colors in 3.774 seconds
 time (s)      nb nodes       objective      
---------------------------------------------
  1.326                       386            
  1.428        437.3 k        385            
  1.498        744.4 k        384            
  1.536        841.8 k        383            
  1.632        914.3 k        382            
  1.682        946.1 k        381            
  1.742        1.0 M          380            
  1.884        1.0 M          379            
  2.305        1.0 M          378            
  2.544        1.1 M          377            
  2.983        1.1 M          376            
  3.112        1.1 M          375            
  3.412        1.1 M          374            
  3.924        1.1 M          373            
  4.403        1.1 M          372            
  4.872        1.1 M          371            
  5.394        1.2 M          370            
  6.174        1.2 M          369            
  6.698        1.2 M          368            
  7.007        1.2 M          367            
  7.810        1.2 M          366            
  8.407        1.2 M          365            
  8.661        1.2 M          364            
  9.204        1.2 M          363            
  9.544        1.2 M          362            
  9.718        1.2 M          361            
  9.926        1.2 M          360            
  10.680       1.3 M          359            
  11.509       1.3 M          358            
  12.581       1.3 M          357            
  12.873       1.3 M          356            
  13.382       1.3 M          355            
  14.240       1.3 M          354            
  15.606       1.3 M          353            
  15.947       1.3 M          352            
  17.395       1.3 M          351            
  18.901       1.3 M          350            
  20.474       1.4 M          349            
  25.428       1.4 M          348            
  27.781       1.4 M          347            
  28.837       1.4 M          346            
  35.085       1.4 M          345            
  44.348       1.5 M          344            
  51.076       1.5 M          343            
  73.867       1.6 M          342            
  84.340       1.7 M          341            
  115.588      1.8 M          340            
  154.744      2.0 M          339            
  182.314      2.1 M          338            
  240.186      2.3 M          337            
  25758.477    84.0 M         336            
  28622.918    93.2 M         335            
