printing solutions in: ./dogs-color/insts/cgshop22/sqrp53628.instance.json.solution.json
printing perfs in: ./dogs-color/insts/cgshop22/sqrp53628.instance.json.perf.json

CGSHOP Instance: compute neighbors...
computing neighbors (0 / 53628)...
computing neighbors (1000 / 53628)...
computing neighbors (2000 / 53628)...
computing neighbors (3000 / 53628)...
computing neighbors (4000 / 53628)...
computing neighbors (5000 / 53628)...
computing neighbors (6000 / 53628)...
computing neighbors (7000 / 53628)...
computing neighbors (8000 / 53628)...
computing neighbors (9000 / 53628)...
computing neighbors (10000 / 53628)...
computing neighbors (11000 / 53628)...
computing neighbors (12000 / 53628)...
computing neighbors (13000 / 53628)...
computing neighbors (14000 / 53628)...
computing neighbors (15000 / 53628)...
computing neighbors (16000 / 53628)...
computing neighbors (17000 / 53628)...
computing neighbors (18000 / 53628)...
computing neighbors (19000 / 53628)...
computing neighbors (20000 / 53628)...
computing neighbors (21000 / 53628)...
computing neighbors (22000 / 53628)...
computing neighbors (23000 / 53628)...
computing neighbors (24000 / 53628)...
computing neighbors (25000 / 53628)...
computing neighbors (26000 / 53628)...
computing neighbors (27000 / 53628)...
computing neighbors (28000 / 53628)...
computing neighbors (29000 / 53628)...
computing neighbors (30000 / 53628)...
computing neighbors (31000 / 53628)...
computing neighbors (32000 / 53628)...
computing neighbors (33000 / 53628)...
computing neighbors (34000 / 53628)...
computing neighbors (35000 / 53628)...
computing neighbors (36000 / 53628)...
computing neighbors (37000 / 53628)...
computing neighbors (38000 / 53628)...
computing neighbors (39000 / 53628)...
computing neighbors (40000 / 53628)...
computing neighbors (41000 / 53628)...
computing neighbors (42000 / 53628)...
computing neighbors (43000 / 53628)...
computing neighbors (44000 / 53628)...
computing neighbors (45000 / 53628)...
computing neighbors (46000 / 53628)...
computing neighbors (47000 / 53628)...
computing neighbors (48000 / 53628)...
computing neighbors (49000 / 53628)...
computing neighbors (50000 / 53628)...
computing neighbors (51000 / 53628)...
computing neighbors (52000 / 53628)...
computing neighbors (53000 / 53628)...
807        vertices
53628      segments
9352       dominations
=======================
CGSHOP Instance: compute neighbors...
computing neighbors (0 / 53628)...
computing neighbors (1000 / 53628)...
computing neighbors (2000 / 53628)...
computing neighbors (3000 / 53628)...
computing neighbors (4000 / 53628)...
computing neighbors (5000 / 53628)...
computing neighbors (6000 / 53628)...
computing neighbors (7000 / 53628)...
computing neighbors (8000 / 53628)...
computing neighbors (9000 / 53628)...
computing neighbors (10000 / 53628)...
computing neighbors (11000 / 53628)...
computing neighbors (12000 / 53628)...
computing neighbors (13000 / 53628)...
computing neighbors (14000 / 53628)...
computing neighbors (15000 / 53628)...
computing neighbors (16000 / 53628)...
computing neighbors (17000 / 53628)...
computing neighbors (18000 / 53628)...
computing neighbors (19000 / 53628)...
computing neighbors (20000 / 53628)...
computing neighbors (21000 / 53628)...
computing neighbors (22000 / 53628)...
computing neighbors (23000 / 53628)...
computing neighbors (24000 / 53628)...
computing neighbors (25000 / 53628)...
computing neighbors (26000 / 53628)...
computing neighbors (27000 / 53628)...
computing neighbors (28000 / 53628)...
computing neighbors (29000 / 53628)...
computing neighbors (30000 / 53628)...
computing neighbors (31000 / 53628)...
computing neighbors (32000 / 53628)...
computing neighbors (33000 / 53628)...
computing neighbors (34000 / 53628)...
computing neighbors (35000 / 53628)...
computing neighbors (36000 / 53628)...
computing neighbors (37000 / 53628)...
computing neighbors (38000 / 53628)...
computing neighbors (39000 / 53628)...
computing neighbors (40000 / 53628)...
computing neighbors (41000 / 53628)...
computing neighbors (42000 / 53628)...
computing neighbors (43000 / 53628)...
computing neighbors (44000 / 53628)...
computing neighbors (45000 / 53628)...
computing neighbors (46000 / 53628)...
computing neighbors (47000 / 53628)...
computing neighbors (48000 / 53628)...
computing neighbors (49000 / 53628)...
computing neighbors (50000 / 53628)...
computing neighbors (51000 / 53628)...
computing neighbors (52000 / 53628)...
computing neighbors (53000 / 53628)...
colored 1000 / 53628...
colored 2000 / 53628...
colored 3000 / 53628...
colored 4000 / 53628...
colored 5000 / 53628...
colored 6000 / 53628...
colored 7000 / 53628...
colored 8000 / 53628...
colored 9000 / 53628...
colored 10000 / 53628...
colored 11000 / 53628...
colored 12000 / 53628...
colored 13000 / 53628...
colored 14000 / 53628...
colored 15000 / 53628...
colored 16000 / 53628...
colored 17000 / 53628...
colored 18000 / 53628...
colored 19000 / 53628...
colored 20000 / 53628...
colored 21000 / 53628...
colored 22000 / 53628...
colored 23000 / 53628...
colored 24000 / 53628...
colored 25000 / 53628...
colored 26000 / 53628...
colored 27000 / 53628...
colored 28000 / 53628...
colored 29000 / 53628...
colored 30000 / 53628...
colored 31000 / 53628...
colored 32000 / 53628...
colored 33000 / 53628...
colored 34000 / 53628...
colored 35000 / 53628...
colored 36000 / 53628...
colored 37000 / 53628...
colored 38000 / 53628...
colored 39000 / 53628...
colored 40000 / 53628...
colored 41000 / 53628...
colored 42000 / 53628...
colored 43000 / 53628...
colored 44000 / 53628...
colored 45000 / 53628...
colored 46000 / 53628...
colored 47000 / 53628...
colored 48000 / 53628...
colored 49000 / 53628...
colored 50000 / 53628...
colored 51000 / 53628...
colored 52000 / 53628...
colored 53000 / 53628...
greedy found 276 colors in 48.580 seconds
 time (s)      nb nodes       objective      
---------------------------------------------
  16.383                      276            
  18.039       885.0 k        275            
  50.807       957.5 k        274            
  252.236      1.1 M          273            
  269.241      1.5 M          272            
  279.537      1.9 M          271            
  377.785      2.0 M          270            
  537.562      2.1 M          269            
  775.530      2.3 M          268            
  1556.300     3.1 M          267            
  6735.367     7.2 M          266            
