printing solutions in: ./dogs-color/insts/cgshop22/sqrp26930.instance.json.solution.json
printing perfs in: ./dogs-color/insts/cgshop22/sqrp26930.instance.json.perf.json

CGSHOP Instance: compute neighbors...
computing neighbors (0 / 26930)...
computing neighbors (1000 / 26930)...
computing neighbors (2000 / 26930)...
computing neighbors (3000 / 26930)...
computing neighbors (4000 / 26930)...
computing neighbors (5000 / 26930)...
computing neighbors (6000 / 26930)...
computing neighbors (7000 / 26930)...
computing neighbors (8000 / 26930)...
computing neighbors (9000 / 26930)...
computing neighbors (10000 / 26930)...
computing neighbors (11000 / 26930)...
computing neighbors (12000 / 26930)...
computing neighbors (13000 / 26930)...
computing neighbors (14000 / 26930)...
computing neighbors (15000 / 26930)...
computing neighbors (16000 / 26930)...
computing neighbors (17000 / 26930)...
computing neighbors (18000 / 26930)...
computing neighbors (19000 / 26930)...
computing neighbors (20000 / 26930)...
computing neighbors (21000 / 26930)...
computing neighbors (22000 / 26930)...
computing neighbors (23000 / 26930)...
computing neighbors (24000 / 26930)...
computing neighbors (25000 / 26930)...
computing neighbors (26000 / 26930)...
596        vertices
26930      segments
4201       dominations
=======================
CGSHOP Instance: compute neighbors...
computing neighbors (0 / 26930)...
computing neighbors (1000 / 26930)...
computing neighbors (2000 / 26930)...
computing neighbors (3000 / 26930)...
computing neighbors (4000 / 26930)...
computing neighbors (5000 / 26930)...
computing neighbors (6000 / 26930)...
computing neighbors (7000 / 26930)...
computing neighbors (8000 / 26930)...
computing neighbors (9000 / 26930)...
computing neighbors (10000 / 26930)...
computing neighbors (11000 / 26930)...
computing neighbors (12000 / 26930)...
computing neighbors (13000 / 26930)...
computing neighbors (14000 / 26930)...
computing neighbors (15000 / 26930)...
computing neighbors (16000 / 26930)...
computing neighbors (17000 / 26930)...
computing neighbors (18000 / 26930)...
computing neighbors (19000 / 26930)...
computing neighbors (20000 / 26930)...
computing neighbors (21000 / 26930)...
computing neighbors (22000 / 26930)...
computing neighbors (23000 / 26930)...
computing neighbors (24000 / 26930)...
computing neighbors (25000 / 26930)...
computing neighbors (26000 / 26930)...
colored 1000 / 26930...
colored 2000 / 26930...
colored 3000 / 26930...
colored 4000 / 26930...
colored 5000 / 26930...
colored 6000 / 26930...
colored 7000 / 26930...
colored 8000 / 26930...
colored 9000 / 26930...
colored 10000 / 26930...
colored 11000 / 26930...
colored 12000 / 26930...
colored 13000 / 26930...
colored 14000 / 26930...
colored 15000 / 26930...
colored 16000 / 26930...
colored 17000 / 26930...
colored 18000 / 26930...
colored 19000 / 26930...
colored 20000 / 26930...
colored 21000 / 26930...
colored 22000 / 26930...
colored 23000 / 26930...
colored 24000 / 26930...
colored 25000 / 26930...
colored 26000 / 26930...
greedy found 198 colors in 10.440 seconds
 time (s)      nb nodes       objective      
---------------------------------------------
  3.824                       198            
  4.264        319.7 k        197            
  12.239       353.7 k        196            
  32.338       402.5 k        195            
  32.778       539.8 k        194            
  35.258       653.8 k        193            
  223.281      1.2 M          192            
  68961.586    126.3 M        191            
