printing solutions in: ./dogs-color/insts/cgshop22/sqrpecn48383.instance.json.solution.json
printing perfs in: ./dogs-color/insts/cgshop22/sqrpecn48383.instance.json.perf.json

CGSHOP Instance: compute neighbors...
computing neighbors (0 / 48383)...
computing neighbors (1000 / 48383)...
computing neighbors (2000 / 48383)...
computing neighbors (3000 / 48383)...
computing neighbors (4000 / 48383)...
computing neighbors (5000 / 48383)...
computing neighbors (6000 / 48383)...
computing neighbors (7000 / 48383)...
computing neighbors (8000 / 48383)...
computing neighbors (9000 / 48383)...
computing neighbors (10000 / 48383)...
computing neighbors (11000 / 48383)...
computing neighbors (12000 / 48383)...
computing neighbors (13000 / 48383)...
computing neighbors (14000 / 48383)...
computing neighbors (15000 / 48383)...
computing neighbors (16000 / 48383)...
computing neighbors (17000 / 48383)...
computing neighbors (18000 / 48383)...
computing neighbors (19000 / 48383)...
computing neighbors (20000 / 48383)...
computing neighbors (21000 / 48383)...
computing neighbors (22000 / 48383)...
computing neighbors (23000 / 48383)...
computing neighbors (24000 / 48383)...
computing neighbors (25000 / 48383)...
computing neighbors (26000 / 48383)...
computing neighbors (27000 / 48383)...
computing neighbors (28000 / 48383)...
computing neighbors (29000 / 48383)...
computing neighbors (30000 / 48383)...
computing neighbors (31000 / 48383)...
computing neighbors (32000 / 48383)...
computing neighbors (33000 / 48383)...
computing neighbors (34000 / 48383)...
computing neighbors (35000 / 48383)...
computing neighbors (36000 / 48383)...
computing neighbors (37000 / 48383)...
computing neighbors (38000 / 48383)...
computing neighbors (39000 / 48383)...
computing neighbors (40000 / 48383)...
computing neighbors (41000 / 48383)...
computing neighbors (42000 / 48383)...
computing neighbors (43000 / 48383)...
computing neighbors (44000 / 48383)...
computing neighbors (45000 / 48383)...
computing neighbors (46000 / 48383)...
computing neighbors (47000 / 48383)...
computing neighbors (48000 / 48383)...
73016      vertices
48383      segments
450        dominations
=======================
CGSHOP Instance: compute neighbors...
computing neighbors (0 / 48383)...
computing neighbors (1000 / 48383)...
computing neighbors (2000 / 48383)...
computing neighbors (3000 / 48383)...
computing neighbors (4000 / 48383)...
computing neighbors (5000 / 48383)...
computing neighbors (6000 / 48383)...
computing neighbors (7000 / 48383)...
computing neighbors (8000 / 48383)...
computing neighbors (9000 / 48383)...
computing neighbors (10000 / 48383)...
computing neighbors (11000 / 48383)...
computing neighbors (12000 / 48383)...
computing neighbors (13000 / 48383)...
computing neighbors (14000 / 48383)...
computing neighbors (15000 / 48383)...
computing neighbors (16000 / 48383)...
computing neighbors (17000 / 48383)...
computing neighbors (18000 / 48383)...
computing neighbors (19000 / 48383)...
computing neighbors (20000 / 48383)...
computing neighbors (21000 / 48383)...
computing neighbors (22000 / 48383)...
computing neighbors (23000 / 48383)...
computing neighbors (24000 / 48383)...
computing neighbors (25000 / 48383)...
computing neighbors (26000 / 48383)...
computing neighbors (27000 / 48383)...
computing neighbors (28000 / 48383)...
computing neighbors (29000 / 48383)...
computing neighbors (30000 / 48383)...
computing neighbors (31000 / 48383)...
computing neighbors (32000 / 48383)...
computing neighbors (33000 / 48383)...
computing neighbors (34000 / 48383)...
computing neighbors (35000 / 48383)...
computing neighbors (36000 / 48383)...
computing neighbors (37000 / 48383)...
computing neighbors (38000 / 48383)...
computing neighbors (39000 / 48383)...
computing neighbors (40000 / 48383)...
computing neighbors (41000 / 48383)...
computing neighbors (42000 / 48383)...
computing neighbors (43000 / 48383)...
computing neighbors (44000 / 48383)...
computing neighbors (45000 / 48383)...
computing neighbors (46000 / 48383)...
computing neighbors (47000 / 48383)...
computing neighbors (48000 / 48383)...
colored 1000 / 48383...
colored 2000 / 48383...
colored 3000 / 48383...
colored 4000 / 48383...
colored 5000 / 48383...
colored 6000 / 48383...
colored 7000 / 48383...
colored 8000 / 48383...
colored 9000 / 48383...
colored 10000 / 48383...
colored 11000 / 48383...
colored 12000 / 48383...
colored 13000 / 48383...
colored 14000 / 48383...
colored 15000 / 48383...
colored 16000 / 48383...
colored 17000 / 48383...
colored 18000 / 48383...
colored 19000 / 48383...
colored 20000 / 48383...
colored 21000 / 48383...
colored 22000 / 48383...
colored 23000 / 48383...
colored 24000 / 48383...
colored 25000 / 48383...
colored 26000 / 48383...
colored 27000 / 48383...
colored 28000 / 48383...
colored 29000 / 48383...
colored 30000 / 48383...
colored 31000 / 48383...
colored 32000 / 48383...
colored 33000 / 48383...
colored 34000 / 48383...
colored 35000 / 48383...
colored 36000 / 48383...
colored 37000 / 48383...
colored 38000 / 48383...
colored 39000 / 48383...
colored 40000 / 48383...
colored 41000 / 48383...
colored 42000 / 48383...
colored 43000 / 48383...
colored 44000 / 48383...
colored 45000 / 48383...
colored 46000 / 48383...
colored 47000 / 48383...
colored 48000 / 48383...
greedy found 508 colors in 43.091 seconds
 time (s)      nb nodes       objective      
---------------------------------------------
  13.809                      508            
  15.000       1.8 M          507            
  15.741       2.5 M          506            
  17.260       2.7 M          505            
  19.206       2.9 M          504            
  20.274       3.1 M          503            
  25.069       3.2 M          502            
  27.997       3.3 M          501            
  34.094       3.4 M          500            
  40.219       3.4 M          499            
  48.816       3.5 M          498            
  53.686       3.5 M          497            
  64.968       3.6 M          496            
  79.112       3.6 M          495            
  91.546       3.6 M          494            
  102.862      3.7 M          493            
  112.147      3.7 M          492            
  120.279      3.7 M          491            
  133.195      3.8 M          490            
  143.167      3.8 M          489            
  155.064      3.8 M          488            
  168.079      3.8 M          487            
  182.450      3.9 M          486            
  188.389      3.9 M          485            
  208.373      3.9 M          484            
  218.333      4.0 M          483            
  224.416      4.0 M          482            
  238.277      4.0 M          481            
  267.806      4.1 M          480            
  285.742      4.1 M          479            
  335.047      4.2 M          478            
  388.561      4.2 M          477            
  430.875      4.2 M          476            
  525.409      4.3 M          475            
  666.815      4.4 M          474            
  733.232      4.5 M          473            
  797.607      4.5 M          472            
  916.098      4.6 M          471            
  1721.502     5.1 M          470            
  2075.484     5.4 M          469            
  3506.741     6.2 M          468            
  9098.279     9.6 M          467            
