printing solutions in: ./dogs-color/insts/cgshop22/sqrpecn27255.instance.json.solution.json
printing perfs in: ./dogs-color/insts/cgshop22/sqrpecn27255.instance.json.perf.json

CGSHOP Instance: compute neighbors...
computing neighbors (0 / 27255)...
computing neighbors (1000 / 27255)...
computing neighbors (2000 / 27255)...
computing neighbors (3000 / 27255)...
computing neighbors (4000 / 27255)...
computing neighbors (5000 / 27255)...
computing neighbors (6000 / 27255)...
computing neighbors (7000 / 27255)...
computing neighbors (8000 / 27255)...
computing neighbors (9000 / 27255)...
computing neighbors (10000 / 27255)...
computing neighbors (11000 / 27255)...
computing neighbors (12000 / 27255)...
computing neighbors (13000 / 27255)...
computing neighbors (14000 / 27255)...
computing neighbors (15000 / 27255)...
computing neighbors (16000 / 27255)...
computing neighbors (17000 / 27255)...
computing neighbors (18000 / 27255)...
computing neighbors (19000 / 27255)...
computing neighbors (20000 / 27255)...
computing neighbors (21000 / 27255)...
computing neighbors (22000 / 27255)...
computing neighbors (23000 / 27255)...
computing neighbors (24000 / 27255)...
computing neighbors (25000 / 27255)...
computing neighbors (26000 / 27255)...
computing neighbors (27000 / 27255)...
40775      vertices
27255      segments
302        dominations
=======================
CGSHOP Instance: compute neighbors...
computing neighbors (0 / 27255)...
computing neighbors (1000 / 27255)...
computing neighbors (2000 / 27255)...
computing neighbors (3000 / 27255)...
computing neighbors (4000 / 27255)...
computing neighbors (5000 / 27255)...
computing neighbors (6000 / 27255)...
computing neighbors (7000 / 27255)...
computing neighbors (8000 / 27255)...
computing neighbors (9000 / 27255)...
computing neighbors (10000 / 27255)...
computing neighbors (11000 / 27255)...
computing neighbors (12000 / 27255)...
computing neighbors (13000 / 27255)...
computing neighbors (14000 / 27255)...
computing neighbors (15000 / 27255)...
computing neighbors (16000 / 27255)...
computing neighbors (17000 / 27255)...
computing neighbors (18000 / 27255)...
computing neighbors (19000 / 27255)...
computing neighbors (20000 / 27255)...
computing neighbors (21000 / 27255)...
computing neighbors (22000 / 27255)...
computing neighbors (23000 / 27255)...
computing neighbors (24000 / 27255)...
computing neighbors (25000 / 27255)...
computing neighbors (26000 / 27255)...
computing neighbors (27000 / 27255)...
colored 1000 / 27255...
colored 2000 / 27255...
colored 3000 / 27255...
colored 4000 / 27255...
colored 5000 / 27255...
colored 6000 / 27255...
colored 7000 / 27255...
colored 8000 / 27255...
colored 9000 / 27255...
colored 10000 / 27255...
colored 11000 / 27255...
colored 12000 / 27255...
colored 13000 / 27255...
colored 14000 / 27255...
colored 15000 / 27255...
colored 16000 / 27255...
colored 17000 / 27255...
colored 18000 / 27255...
colored 19000 / 27255...
colored 20000 / 27255...
colored 21000 / 27255...
colored 22000 / 27255...
colored 23000 / 27255...
colored 24000 / 27255...
colored 25000 / 27255...
colored 26000 / 27255...
colored 27000 / 27255...
greedy found 412 colors in 20.309 seconds
 time (s)      nb nodes       objective      
---------------------------------------------
  4.620                       412            
  5.156        1.1 M          411            
  5.414        1.4 M          410            
  5.623        1.6 M          409            
  5.819        1.7 M          408            
  6.002        1.8 M          407            
  6.987        1.9 M          406            
  7.305        2.0 M          405            
  7.668        2.0 M          404            
  7.962        2.1 M          403            
  8.476        2.1 M          402            
  9.415        2.1 M          401            
  10.193       2.1 M          400            
  11.313       2.1 M          399            
  13.921       2.2 M          398            
  14.634       2.2 M          397            
  15.731       2.2 M          396            
  16.939       2.2 M          395            
  18.535       2.2 M          394            
  19.880       2.2 M          393            
  23.027       2.3 M          392            
  25.213       2.3 M          391            
  27.447       2.3 M          390            
  30.640       2.3 M          389            
  34.323       2.3 M          388            
  34.584       2.3 M          387            
  39.983       2.4 M          386            
  42.919       2.4 M          385            
  45.795       2.4 M          384            
  53.051       2.4 M          383            
  55.001       2.4 M          382            
  59.253       2.4 M          381            
  69.825       2.5 M          380            
  71.586       2.5 M          379            
  78.767       2.5 M          378            
  82.171       2.5 M          377            
  90.334       2.6 M          376            
  93.462       2.6 M          375            
  96.855       2.6 M          374            
  102.581      2.6 M          373            
  111.710      2.6 M          372            
  140.176      2.7 M          371            
  218.562      2.8 M          370            
  237.925      2.9 M          369            
  255.219      2.9 M          368            
  464.836      3.3 M          367            
  518.907      3.4 M          366            
  6388.615     11.3 M         365            
