printing solutions in: ./dogs-color/insts/cgshop22/sqrpecn30957.instance.json.solution.json
printing perfs in: ./dogs-color/insts/cgshop22/sqrpecn30957.instance.json.perf.json

CGSHOP Instance: compute neighbors...
computing neighbors (0 / 30957)...
computing neighbors (1000 / 30957)...
computing neighbors (2000 / 30957)...
computing neighbors (3000 / 30957)...
computing neighbors (4000 / 30957)...
computing neighbors (5000 / 30957)...
computing neighbors (6000 / 30957)...
computing neighbors (7000 / 30957)...
computing neighbors (8000 / 30957)...
computing neighbors (9000 / 30957)...
computing neighbors (10000 / 30957)...
computing neighbors (11000 / 30957)...
computing neighbors (12000 / 30957)...
computing neighbors (13000 / 30957)...
computing neighbors (14000 / 30957)...
computing neighbors (15000 / 30957)...
computing neighbors (16000 / 30957)...
computing neighbors (17000 / 30957)...
computing neighbors (18000 / 30957)...
computing neighbors (19000 / 30957)...
computing neighbors (20000 / 30957)...
computing neighbors (21000 / 30957)...
computing neighbors (22000 / 30957)...
computing neighbors (23000 / 30957)...
computing neighbors (24000 / 30957)...
computing neighbors (25000 / 30957)...
computing neighbors (26000 / 30957)...
computing neighbors (27000 / 30957)...
computing neighbors (28000 / 30957)...
computing neighbors (29000 / 30957)...
computing neighbors (30000 / 30957)...
46400      vertices
30957      segments
346        dominations
=======================
CGSHOP Instance: compute neighbors...
computing neighbors (0 / 30957)...
computing neighbors (1000 / 30957)...
computing neighbors (2000 / 30957)...
computing neighbors (3000 / 30957)...
computing neighbors (4000 / 30957)...
computing neighbors (5000 / 30957)...
computing neighbors (6000 / 30957)...
computing neighbors (7000 / 30957)...
computing neighbors (8000 / 30957)...
computing neighbors (9000 / 30957)...
computing neighbors (10000 / 30957)...
computing neighbors (11000 / 30957)...
computing neighbors (12000 / 30957)...
computing neighbors (13000 / 30957)...
computing neighbors (14000 / 30957)...
computing neighbors (15000 / 30957)...
computing neighbors (16000 / 30957)...
computing neighbors (17000 / 30957)...
computing neighbors (18000 / 30957)...
computing neighbors (19000 / 30957)...
computing neighbors (20000 / 30957)...
computing neighbors (21000 / 30957)...
computing neighbors (22000 / 30957)...
computing neighbors (23000 / 30957)...
computing neighbors (24000 / 30957)...
computing neighbors (25000 / 30957)...
computing neighbors (26000 / 30957)...
computing neighbors (27000 / 30957)...
computing neighbors (28000 / 30957)...
computing neighbors (29000 / 30957)...
computing neighbors (30000 / 30957)...
colored 1000 / 30957...
colored 2000 / 30957...
colored 3000 / 30957...
colored 4000 / 30957...
colored 5000 / 30957...
colored 6000 / 30957...
colored 7000 / 30957...
colored 8000 / 30957...
colored 9000 / 30957...
colored 10000 / 30957...
colored 11000 / 30957...
colored 12000 / 30957...
colored 13000 / 30957...
colored 14000 / 30957...
colored 15000 / 30957...
colored 16000 / 30957...
colored 17000 / 30957...
colored 18000 / 30957...
colored 19000 / 30957...
colored 20000 / 30957...
colored 21000 / 30957...
colored 22000 / 30957...
colored 23000 / 30957...
colored 24000 / 30957...
colored 25000 / 30957...
colored 26000 / 30957...
colored 27000 / 30957...
colored 28000 / 30957...
colored 29000 / 30957...
colored 30000 / 30957...
greedy found 448 colors in 25.029 seconds
 time (s)      nb nodes       objective      
---------------------------------------------
  6.112                       448            
  6.746        1.2 M          447            
  7.080        1.6 M          446            
  7.343        1.9 M          445            
  7.582        2.0 M          444            
  7.818        2.2 M          443            
  8.215        2.3 M          442            
  8.733        2.4 M          441            
  9.002        2.4 M          440            
  9.519        2.4 M          439            
  10.196       2.5 M          438            
  10.805       2.5 M          437            
  11.221       2.5 M          436            
  11.856       2.5 M          435            
  12.738       2.6 M          434            
  14.407       2.6 M          433            
  16.163       2.6 M          432            
  18.362       2.6 M          431            
  19.586       2.6 M          430            
  22.193       2.6 M          429            
  24.906       2.6 M          428            
  28.101       2.7 M          427            
  30.342       2.7 M          426            
  31.298       2.7 M          425            
  32.871       2.7 M          424            
  33.944       2.7 M          423            
  35.837       2.7 M          422            
  38.726       2.7 M          421            
  40.267       2.7 M          420            
  45.195       2.8 M          419            
  45.721       2.8 M          418            
  48.116       2.8 M          417            
  52.204       2.8 M          416            
  55.670       2.8 M          415            
  60.262       2.8 M          414            
  62.287       2.8 M          413            
  73.976       2.9 M          412            
  75.482       2.9 M          411            
  76.134       2.9 M          410            
  79.635       2.9 M          409            
  83.613       2.9 M          408            
  89.404       3.0 M          407            
  94.348       3.0 M          406            
  97.562       3.0 M          405            
  106.399      3.0 M          404            
  109.579      3.0 M          403            
  116.731      3.0 M          402            
  125.145      3.1 M          401            
  127.072      3.1 M          400            
  139.587      3.1 M          399            
  144.220      3.1 M          398            
  155.414      3.1 M          397            
  166.912      3.2 M          396            
  172.884      3.2 M          395            
  191.695      3.2 M          394            
  203.579      3.2 M          393            
  217.552      3.3 M          392            
  226.709      3.3 M          391            
  263.159      3.3 M          390            
  301.943      3.4 M          389            
  348.337      3.5 M          388            
  454.078      3.6 M          387            
  473.846      3.6 M          386            
  502.786      3.7 M          385            
  523.386      3.7 M          384            
  785.809      4.0 M          383            
  841.965      4.0 M          382            
  1088.054     4.3 M          381            
  8391.237     11.8 M         380            
  8747.515     12.2 M         379            
  34059.930    35.0 M         378            
  54390.977    52.4 M         377            
