printing solutions in: ./dogs-color/insts/cgshop22/sqrp9831.instance.json.solution.json
printing perfs in: ./dogs-color/insts/cgshop22/sqrp9831.instance.json.perf.json

CGSHOP Instance: compute neighbors...
computing neighbors (0 / 9831)...
computing neighbors (1000 / 9831)...
computing neighbors (2000 / 9831)...
computing neighbors (3000 / 9831)...
computing neighbors (4000 / 9831)...
computing neighbors (5000 / 9831)...
computing neighbors (6000 / 9831)...
computing neighbors (7000 / 9831)...
computing neighbors (8000 / 9831)...
computing neighbors (9000 / 9831)...
438        vertices
9831       segments
1320       dominations
=======================
CGSHOP Instance: compute neighbors...
computing neighbors (0 / 9831)...
computing neighbors (1000 / 9831)...
computing neighbors (2000 / 9831)...
computing neighbors (3000 / 9831)...
computing neighbors (4000 / 9831)...
computing neighbors (5000 / 9831)...
computing neighbors (6000 / 9831)...
computing neighbors (7000 / 9831)...
computing neighbors (8000 / 9831)...
computing neighbors (9000 / 9831)...
colored 1000 / 9831...
colored 2000 / 9831...
colored 3000 / 9831...
colored 4000 / 9831...
colored 5000 / 9831...
colored 6000 / 9831...
colored 7000 / 9831...
colored 8000 / 9831...
colored 9000 / 9831...
greedy found 123 colors in 1.747 seconds
 time (s)      nb nodes       objective      
---------------------------------------------
  0.608                       123            
  0.716        121.0 k        122            
  1.564        134.0 k        121            
  1.632        177.6 k        120            
  1.754        200.7 k        119            
  3.170        212.3 k        118            
  4.944        223.8 k        117            
  8.290        242.6 k        116            
  13.052       264.4 k        115            
  17.191       280.7 k        114            
  51.034       440.8 k        113            
  13318.474    60.3 M         112            
