printing solutions in: ./dogs-color/insts/cgshop22/sqrpecn33659.instance.json.solution.json
printing perfs in: ./dogs-color/insts/cgshop22/sqrpecn33659.instance.json.perf.json

CGSHOP Instance: compute neighbors...
computing neighbors (0 / 33659)...
computing neighbors (1000 / 33659)...
computing neighbors (2000 / 33659)...
computing neighbors (3000 / 33659)...
computing neighbors (4000 / 33659)...
computing neighbors (5000 / 33659)...
computing neighbors (6000 / 33659)...
computing neighbors (7000 / 33659)...
computing neighbors (8000 / 33659)...
computing neighbors (9000 / 33659)...
computing neighbors (10000 / 33659)...
computing neighbors (11000 / 33659)...
computing neighbors (12000 / 33659)...
computing neighbors (13000 / 33659)...
computing neighbors (14000 / 33659)...
computing neighbors (15000 / 33659)...
computing neighbors (16000 / 33659)...
computing neighbors (17000 / 33659)...
computing neighbors (18000 / 33659)...
computing neighbors (19000 / 33659)...
computing neighbors (20000 / 33659)...
computing neighbors (21000 / 33659)...
computing neighbors (22000 / 33659)...
computing neighbors (23000 / 33659)...
computing neighbors (24000 / 33659)...
computing neighbors (25000 / 33659)...
computing neighbors (26000 / 33659)...
computing neighbors (27000 / 33659)...
computing neighbors (28000 / 33659)...
computing neighbors (29000 / 33659)...
computing neighbors (30000 / 33659)...
computing neighbors (31000 / 33659)...
computing neighbors (32000 / 33659)...
computing neighbors (33000 / 33659)...
50366      vertices
33659      segments
343        dominations
=======================
CGSHOP Instance: compute neighbors...
computing neighbors (0 / 33659)...
computing neighbors (1000 / 33659)...
computing neighbors (2000 / 33659)...
computing neighbors (3000 / 33659)...
computing neighbors (4000 / 33659)...
computing neighbors (5000 / 33659)...
computing neighbors (6000 / 33659)...
computing neighbors (7000 / 33659)...
computing neighbors (8000 / 33659)...
computing neighbors (9000 / 33659)...
computing neighbors (10000 / 33659)...
computing neighbors (11000 / 33659)...
computing neighbors (12000 / 33659)...
computing neighbors (13000 / 33659)...
computing neighbors (14000 / 33659)...
computing neighbors (15000 / 33659)...
computing neighbors (16000 / 33659)...
computing neighbors (17000 / 33659)...
computing neighbors (18000 / 33659)...
computing neighbors (19000 / 33659)...
computing neighbors (20000 / 33659)...
computing neighbors (21000 / 33659)...
computing neighbors (22000 / 33659)...
computing neighbors (23000 / 33659)...
computing neighbors (24000 / 33659)...
computing neighbors (25000 / 33659)...
computing neighbors (26000 / 33659)...
computing neighbors (27000 / 33659)...
computing neighbors (28000 / 33659)...
computing neighbors (29000 / 33659)...
computing neighbors (30000 / 33659)...
computing neighbors (31000 / 33659)...
computing neighbors (32000 / 33659)...
computing neighbors (33000 / 33659)...
colored 1000 / 33659...
colored 2000 / 33659...
colored 3000 / 33659...
colored 4000 / 33659...
colored 5000 / 33659...
colored 6000 / 33659...
colored 7000 / 33659...
colored 8000 / 33659...
colored 9000 / 33659...
colored 10000 / 33659...
colored 11000 / 33659...
colored 12000 / 33659...
colored 13000 / 33659...
colored 14000 / 33659...
colored 15000 / 33659...
colored 16000 / 33659...
colored 17000 / 33659...
colored 18000 / 33659...
colored 19000 / 33659...
colored 20000 / 33659...
colored 21000 / 33659...
colored 22000 / 33659...
colored 23000 / 33659...
colored 24000 / 33659...
colored 25000 / 33659...
colored 26000 / 33659...
colored 27000 / 33659...
colored 28000 / 33659...
colored 29000 / 33659...
colored 30000 / 33659...
colored 31000 / 33659...
colored 32000 / 33659...
colored 33000 / 33659...
greedy found 425 colors in 20.577 seconds
 time (s)      nb nodes       objective      
---------------------------------------------
  6.500                       425            
  7.088        1.0 M          424            
  7.454        1.4 M          423            
  8.168        1.6 M          422            
  8.837        1.7 M          421            
  9.735        1.8 M          420            
  11.003       1.8 M          419            
  12.945       1.9 M          418            
  14.534       1.9 M          417            
  18.200       1.9 M          416            
  20.148       2.0 M          415            
  23.966       2.0 M          414            
  27.501       2.0 M          413            
  31.431       2.0 M          412            
  39.292       2.1 M          411            
  44.103       2.1 M          410            
  45.768       2.1 M          409            
  50.784       2.2 M          408            
  51.345       2.2 M          407            
  57.244       2.2 M          406            
  60.072       2.2 M          405            
  69.169       2.3 M          404            
  77.547       2.3 M          403            
  86.458       2.3 M          402            
  90.891       2.3 M          401            
  102.931      2.4 M          400            
  116.108      2.4 M          399            
  131.469      2.5 M          398            
  149.425      2.5 M          397            
  159.993      2.6 M          396            
  212.551      2.6 M          395            
  264.606      2.8 M          394            
  1502.027     4.7 M          393            
  2938.255     6.7 M          392            
