printing solutions in: ./dogs-color/insts/cgshop22/sqrp7730.instance.json.solution.json
printing perfs in: ./dogs-color/insts/cgshop22/sqrp7730.instance.json.perf.json

CGSHOP Instance: compute neighbors...
computing neighbors (0 / 7730)...
computing neighbors (1000 / 7730)...
computing neighbors (2000 / 7730)...
computing neighbors (3000 / 7730)...
computing neighbors (4000 / 7730)...
computing neighbors (5000 / 7730)...
computing neighbors (6000 / 7730)...
computing neighbors (7000 / 7730)...
306        vertices
7730       segments
1304       dominations
=======================
CGSHOP Instance: compute neighbors...
computing neighbors (0 / 7730)...
computing neighbors (1000 / 7730)...
computing neighbors (2000 / 7730)...
computing neighbors (3000 / 7730)...
computing neighbors (4000 / 7730)...
computing neighbors (5000 / 7730)...
computing neighbors (6000 / 7730)...
computing neighbors (7000 / 7730)...
colored 1000 / 7730...
colored 2000 / 7730...
colored 3000 / 7730...
colored 4000 / 7730...
colored 5000 / 7730...
colored 6000 / 7730...
colored 7000 / 7730...
greedy found 100 colors in 1.025 seconds
 time (s)      nb nodes       objective      
---------------------------------------------
  0.378                       100            
  0.547        55.4 k         99             
  0.724        95.6 k         98             
  1.006        109.5 k        97             
  1.650        121.3 k        96             
  5.833        159.2 k        95             
  6.996        171.8 k        94             
  331.961      2.5 M          93             
