printing solutions in: ./dogs-color/insts/cgshop22/sqrp63650.instance.json.solution.json
printing perfs in: ./dogs-color/insts/cgshop22/sqrp63650.instance.json.perf.json

CGSHOP Instance: compute neighbors...
computing neighbors (0 / 63650)...
computing neighbors (1000 / 63650)...
computing neighbors (2000 / 63650)...
computing neighbors (3000 / 63650)...
computing neighbors (4000 / 63650)...
computing neighbors (5000 / 63650)...
computing neighbors (6000 / 63650)...
computing neighbors (7000 / 63650)...
computing neighbors (8000 / 63650)...
computing neighbors (9000 / 63650)...
computing neighbors (10000 / 63650)...
computing neighbors (11000 / 63650)...
computing neighbors (12000 / 63650)...
computing neighbors (13000 / 63650)...
computing neighbors (14000 / 63650)...
computing neighbors (15000 / 63650)...
computing neighbors (16000 / 63650)...
computing neighbors (17000 / 63650)...
computing neighbors (18000 / 63650)...
computing neighbors (19000 / 63650)...
computing neighbors (20000 / 63650)...
computing neighbors (21000 / 63650)...
computing neighbors (22000 / 63650)...
computing neighbors (23000 / 63650)...
computing neighbors (24000 / 63650)...
computing neighbors (25000 / 63650)...
computing neighbors (26000 / 63650)...
computing neighbors (27000 / 63650)...
computing neighbors (28000 / 63650)...
computing neighbors (29000 / 63650)...
computing neighbors (30000 / 63650)...
computing neighbors (31000 / 63650)...
computing neighbors (32000 / 63650)...
computing neighbors (33000 / 63650)...
computing neighbors (34000 / 63650)...
computing neighbors (35000 / 63650)...
computing neighbors (36000 / 63650)...
computing neighbors (37000 / 63650)...
computing neighbors (38000 / 63650)...
computing neighbors (39000 / 63650)...
computing neighbors (40000 / 63650)...
computing neighbors (41000 / 63650)...
computing neighbors (42000 / 63650)...
computing neighbors (43000 / 63650)...
computing neighbors (44000 / 63650)...
computing neighbors (45000 / 63650)...
computing neighbors (46000 / 63650)...
computing neighbors (47000 / 63650)...
computing neighbors (48000 / 63650)...
computing neighbors (49000 / 63650)...
computing neighbors (50000 / 63650)...
computing neighbors (51000 / 63650)...
computing neighbors (52000 / 63650)...
computing neighbors (53000 / 63650)...
computing neighbors (54000 / 63650)...
computing neighbors (55000 / 63650)...
computing neighbors (56000 / 63650)...
computing neighbors (57000 / 63650)...
computing neighbors (58000 / 63650)...
computing neighbors (59000 / 63650)...
computing neighbors (60000 / 63650)...
computing neighbors (61000 / 63650)...
computing neighbors (62000 / 63650)...
computing neighbors (63000 / 63650)...
673        vertices
63650      segments
12573      dominations
=======================
CGSHOP Instance: compute neighbors...
computing neighbors (0 / 63650)...
computing neighbors (1000 / 63650)...
computing neighbors (2000 / 63650)...
computing neighbors (3000 / 63650)...
computing neighbors (4000 / 63650)...
computing neighbors (5000 / 63650)...
computing neighbors (6000 / 63650)...
computing neighbors (7000 / 63650)...
computing neighbors (8000 / 63650)...
computing neighbors (9000 / 63650)...
computing neighbors (10000 / 63650)...
computing neighbors (11000 / 63650)...
computing neighbors (12000 / 63650)...
computing neighbors (13000 / 63650)...
computing neighbors (14000 / 63650)...
computing neighbors (15000 / 63650)...
computing neighbors (16000 / 63650)...
computing neighbors (17000 / 63650)...
computing neighbors (18000 / 63650)...
computing neighbors (19000 / 63650)...
computing neighbors (20000 / 63650)...
computing neighbors (21000 / 63650)...
computing neighbors (22000 / 63650)...
computing neighbors (23000 / 63650)...
computing neighbors (24000 / 63650)...
computing neighbors (25000 / 63650)...
computing neighbors (26000 / 63650)...
computing neighbors (27000 / 63650)...
computing neighbors (28000 / 63650)...
computing neighbors (29000 / 63650)...
computing neighbors (30000 / 63650)...
computing neighbors (31000 / 63650)...
computing neighbors (32000 / 63650)...
computing neighbors (33000 / 63650)...
computing neighbors (34000 / 63650)...
computing neighbors (35000 / 63650)...
computing neighbors (36000 / 63650)...
computing neighbors (37000 / 63650)...
computing neighbors (38000 / 63650)...
computing neighbors (39000 / 63650)...
computing neighbors (40000 / 63650)...
computing neighbors (41000 / 63650)...
computing neighbors (42000 / 63650)...
computing neighbors (43000 / 63650)...
computing neighbors (44000 / 63650)...
computing neighbors (45000 / 63650)...
computing neighbors (46000 / 63650)...
computing neighbors (47000 / 63650)...
computing neighbors (48000 / 63650)...
computing neighbors (49000 / 63650)...
computing neighbors (50000 / 63650)...
computing neighbors (51000 / 63650)...
computing neighbors (52000 / 63650)...
computing neighbors (53000 / 63650)...
computing neighbors (54000 / 63650)...
computing neighbors (55000 / 63650)...
computing neighbors (56000 / 63650)...
computing neighbors (57000 / 63650)...
computing neighbors (58000 / 63650)...
computing neighbors (59000 / 63650)...
computing neighbors (60000 / 63650)...
computing neighbors (61000 / 63650)...
computing neighbors (62000 / 63650)...
computing neighbors (63000 / 63650)...
colored 1000 / 63650...
colored 2000 / 63650...
colored 3000 / 63650...
colored 4000 / 63650...
colored 5000 / 63650...
colored 6000 / 63650...
colored 7000 / 63650...
colored 8000 / 63650...
colored 9000 / 63650...
colored 10000 / 63650...
colored 11000 / 63650...
colored 12000 / 63650...
colored 13000 / 63650...
colored 14000 / 63650...
colored 15000 / 63650...
colored 16000 / 63650...
colored 17000 / 63650...
colored 18000 / 63650...
colored 19000 / 63650...
colored 20000 / 63650...
colored 21000 / 63650...
colored 22000 / 63650...
colored 23000 / 63650...
colored 24000 / 63650...
colored 25000 / 63650...
colored 26000 / 63650...
colored 27000 / 63650...
colored 28000 / 63650...
colored 29000 / 63650...
colored 30000 / 63650...
colored 31000 / 63650...
colored 32000 / 63650...
colored 33000 / 63650...
colored 34000 / 63650...
colored 35000 / 63650...
colored 36000 / 63650...
colored 37000 / 63650...
colored 38000 / 63650...
colored 39000 / 63650...
colored 40000 / 63650...
colored 41000 / 63650...
colored 42000 / 63650...
colored 43000 / 63650...
colored 44000 / 63650...
colored 45000 / 63650...
colored 46000 / 63650...
colored 47000 / 63650...
colored 48000 / 63650...
colored 49000 / 63650...
colored 50000 / 63650...
colored 51000 / 63650...
colored 52000 / 63650...
colored 53000 / 63650...
colored 54000 / 63650...
colored 55000 / 63650...
colored 56000 / 63650...
colored 57000 / 63650...
colored 58000 / 63650...
colored 59000 / 63650...
colored 60000 / 63650...
colored 61000 / 63650...
colored 62000 / 63650...
colored 63000 / 63650...
greedy found 277 colors in 203.457 seconds
 time (s)      nb nodes       objective      
---------------------------------------------
  24.949                      277            
  29.053       1.7 M          276            
  33.523       2.9 M          275            
  39.660       3.7 M          274            
  86.553       4.2 M          273            
  127.220      4.5 M          272            
  164.436      4.6 M          271            
  300.388      4.7 M          270            
  349.500      4.7 M          269            
  760.873      4.9 M          268            
  1371.011     5.1 M          267            
  1844.049     5.3 M          266            
  2432.049     5.5 M          265            
  3787.653     5.9 M          264            
  5040.098     6.2 M          263            
  9165.089     7.3 M          262            
  13434.882    8.4 M          261            
  56745.184    18.9 M         260            
