printing solutions in: ./dogs-color/insts/cgshop22/sqrpecn14854.instance.json.solution.json
printing perfs in: ./dogs-color/insts/cgshop22/sqrpecn14854.instance.json.perf.json

CGSHOP Instance: compute neighbors...
computing neighbors (0 / 14854)...
computing neighbors (1000 / 14854)...
computing neighbors (2000 / 14854)...
computing neighbors (3000 / 14854)...
computing neighbors (4000 / 14854)...
computing neighbors (5000 / 14854)...
computing neighbors (6000 / 14854)...
computing neighbors (7000 / 14854)...
computing neighbors (8000 / 14854)...
computing neighbors (9000 / 14854)...
computing neighbors (10000 / 14854)...
computing neighbors (11000 / 14854)...
computing neighbors (12000 / 14854)...
computing neighbors (13000 / 14854)...
computing neighbors (14000 / 14854)...
24004      vertices
14854      segments
208        dominations
=======================
CGSHOP Instance: compute neighbors...
computing neighbors (0 / 14854)...
computing neighbors (1000 / 14854)...
computing neighbors (2000 / 14854)...
computing neighbors (3000 / 14854)...
computing neighbors (4000 / 14854)...
computing neighbors (5000 / 14854)...
computing neighbors (6000 / 14854)...
computing neighbors (7000 / 14854)...
computing neighbors (8000 / 14854)...
computing neighbors (9000 / 14854)...
computing neighbors (10000 / 14854)...
computing neighbors (11000 / 14854)...
computing neighbors (12000 / 14854)...
computing neighbors (13000 / 14854)...
computing neighbors (14000 / 14854)...
colored 1000 / 14854...
colored 2000 / 14854...
colored 3000 / 14854...
colored 4000 / 14854...
colored 5000 / 14854...
colored 6000 / 14854...
colored 7000 / 14854...
colored 8000 / 14854...
colored 9000 / 14854...
colored 10000 / 14854...
colored 11000 / 14854...
colored 12000 / 14854...
colored 13000 / 14854...
colored 14000 / 14854...
greedy found 341 colors in 4.727 seconds
 time (s)      nb nodes       objective      
---------------------------------------------
  1.415                       341            
  1.586        552.6 k        340            
  1.666        638.4 k        339            
  1.739        696.3 k        338            
  2.524        741.4 k        337            
  2.964        774.3 k        336            
  3.109        782.3 k        335            
  3.308        795.1 k        334            
  3.558        803.7 k        333            
  4.028        814.3 k        332            
  4.635        825.0 k        331            
  5.100        834.1 k        330            
  5.696        844.8 k        329            
  6.247        856.4 k        328            
  6.584        860.7 k        327            
  7.297        868.6 k        326            
  7.825        878.4 k        325            
  8.486        888.8 k        324            
  9.049        893.2 k        323            
  10.472       901.8 k        322            
  10.922       912.0 k        321            
  12.003       921.0 k        320            
  14.164       936.1 k        319            
  15.508       947.2 k        318            
  16.510       955.0 k        317            
  17.777       968.9 k        316            
  19.243       980.7 k        315            
  24.866       1.0 M          314            
  26.846       1.0 M          313            
  33.868       1.1 M          312            
  36.986       1.1 M          311            
  42.075       1.1 M          310            
  45.441       1.1 M          309            
  53.406       1.1 M          308            
  78.397       1.2 M          307            
  295.174      1.9 M          306            
  942.508      3.7 M          305            
  15357.954    38.9 M         304            
