printing solutions in: ./dogs-color/insts/cgshop22/sqrp39917.instance.json.solution.json
printing perfs in: ./dogs-color/insts/cgshop22/sqrp39917.instance.json.perf.json

CGSHOP Instance: compute neighbors...
computing neighbors (0 / 39917)...
computing neighbors (1000 / 39917)...
computing neighbors (2000 / 39917)...
computing neighbors (3000 / 39917)...
computing neighbors (4000 / 39917)...
computing neighbors (5000 / 39917)...
computing neighbors (6000 / 39917)...
computing neighbors (7000 / 39917)...
computing neighbors (8000 / 39917)...
computing neighbors (9000 / 39917)...
computing neighbors (10000 / 39917)...
computing neighbors (11000 / 39917)...
computing neighbors (12000 / 39917)...
computing neighbors (13000 / 39917)...
computing neighbors (14000 / 39917)...
computing neighbors (15000 / 39917)...
computing neighbors (16000 / 39917)...
computing neighbors (17000 / 39917)...
computing neighbors (18000 / 39917)...
computing neighbors (19000 / 39917)...
computing neighbors (20000 / 39917)...
computing neighbors (21000 / 39917)...
computing neighbors (22000 / 39917)...
computing neighbors (23000 / 39917)...
computing neighbors (24000 / 39917)...
computing neighbors (25000 / 39917)...
computing neighbors (26000 / 39917)...
computing neighbors (27000 / 39917)...
computing neighbors (28000 / 39917)...
computing neighbors (29000 / 39917)...
computing neighbors (30000 / 39917)...
computing neighbors (31000 / 39917)...
computing neighbors (32000 / 39917)...
computing neighbors (33000 / 39917)...
computing neighbors (34000 / 39917)...
computing neighbors (35000 / 39917)...
computing neighbors (36000 / 39917)...
computing neighbors (37000 / 39917)...
computing neighbors (38000 / 39917)...
computing neighbors (39000 / 39917)...
566        vertices
39917      segments
6415       dominations
=======================
CGSHOP Instance: compute neighbors...
computing neighbors (0 / 39917)...
computing neighbors (1000 / 39917)...
computing neighbors (2000 / 39917)...
computing neighbors (3000 / 39917)...
computing neighbors (4000 / 39917)...
computing neighbors (5000 / 39917)...
computing neighbors (6000 / 39917)...
computing neighbors (7000 / 39917)...
computing neighbors (8000 / 39917)...
computing neighbors (9000 / 39917)...
computing neighbors (10000 / 39917)...
computing neighbors (11000 / 39917)...
computing neighbors (12000 / 39917)...
computing neighbors (13000 / 39917)...
computing neighbors (14000 / 39917)...
computing neighbors (15000 / 39917)...
computing neighbors (16000 / 39917)...
computing neighbors (17000 / 39917)...
computing neighbors (18000 / 39917)...
computing neighbors (19000 / 39917)...
computing neighbors (20000 / 39917)...
computing neighbors (21000 / 39917)...
computing neighbors (22000 / 39917)...
computing neighbors (23000 / 39917)...
computing neighbors (24000 / 39917)...
computing neighbors (25000 / 39917)...
computing neighbors (26000 / 39917)...
computing neighbors (27000 / 39917)...
computing neighbors (28000 / 39917)...
computing neighbors (29000 / 39917)...
computing neighbors (30000 / 39917)...
computing neighbors (31000 / 39917)...
computing neighbors (32000 / 39917)...
computing neighbors (33000 / 39917)...
computing neighbors (34000 / 39917)...
computing neighbors (35000 / 39917)...
computing neighbors (36000 / 39917)...
computing neighbors (37000 / 39917)...
computing neighbors (38000 / 39917)...
computing neighbors (39000 / 39917)...
colored 1000 / 39917...
colored 2000 / 39917...
colored 3000 / 39917...
colored 4000 / 39917...
colored 5000 / 39917...
colored 6000 / 39917...
colored 7000 / 39917...
colored 8000 / 39917...
colored 9000 / 39917...
colored 10000 / 39917...
colored 11000 / 39917...
colored 12000 / 39917...
colored 13000 / 39917...
colored 14000 / 39917...
colored 15000 / 39917...
colored 16000 / 39917...
colored 17000 / 39917...
colored 18000 / 39917...
colored 19000 / 39917...
colored 20000 / 39917...
colored 21000 / 39917...
colored 22000 / 39917...
colored 23000 / 39917...
colored 24000 / 39917...
colored 25000 / 39917...
colored 26000 / 39917...
colored 27000 / 39917...
colored 28000 / 39917...
colored 29000 / 39917...
colored 30000 / 39917...
colored 31000 / 39917...
colored 32000 / 39917...
colored 33000 / 39917...
colored 34000 / 39917...
colored 35000 / 39917...
colored 36000 / 39917...
colored 37000 / 39917...
colored 38000 / 39917...
colored 39000 / 39917...
greedy found 216 colors in 24.681 seconds
 time (s)      nb nodes       objective      
---------------------------------------------
  9.154                       216            
  10.312       785.8 k        215            
  11.402       1.3 M          214            
  13.851       1.5 M          213            
  19.553       1.6 M          212            
  23.468       1.6 M          211            
  35.886       1.7 M          210            
  52.021       1.7 M          209            
  84.370       1.8 M          208            
  128.528      1.8 M          207            
  163.636      1.9 M          206            
  515.155      2.4 M          205            
  858.780      2.8 M          204            
