printing solutions in: ./dogs-color/insts/cgshop22/sqrpecn30017.instance.json.solution.json
printing perfs in: ./dogs-color/insts/cgshop22/sqrpecn30017.instance.json.perf.json

CGSHOP Instance: compute neighbors...
computing neighbors (0 / 30017)...
computing neighbors (1000 / 30017)...
computing neighbors (2000 / 30017)...
computing neighbors (3000 / 30017)...
computing neighbors (4000 / 30017)...
computing neighbors (5000 / 30017)...
computing neighbors (6000 / 30017)...
computing neighbors (7000 / 30017)...
computing neighbors (8000 / 30017)...
computing neighbors (9000 / 30017)...
computing neighbors (10000 / 30017)...
computing neighbors (11000 / 30017)...
computing neighbors (12000 / 30017)...
computing neighbors (13000 / 30017)...
computing neighbors (14000 / 30017)...
computing neighbors (15000 / 30017)...
computing neighbors (16000 / 30017)...
computing neighbors (17000 / 30017)...
computing neighbors (18000 / 30017)...
computing neighbors (19000 / 30017)...
computing neighbors (20000 / 30017)...
computing neighbors (21000 / 30017)...
computing neighbors (22000 / 30017)...
computing neighbors (23000 / 30017)...
computing neighbors (24000 / 30017)...
computing neighbors (25000 / 30017)...
computing neighbors (26000 / 30017)...
computing neighbors (27000 / 30017)...
computing neighbors (28000 / 30017)...
computing neighbors (29000 / 30017)...
computing neighbors (30000 / 30017)...
44770      vertices
30017      segments
324        dominations
=======================
CGSHOP Instance: compute neighbors...
computing neighbors (0 / 30017)...
computing neighbors (1000 / 30017)...
computing neighbors (2000 / 30017)...
computing neighbors (3000 / 30017)...
computing neighbors (4000 / 30017)...
computing neighbors (5000 / 30017)...
computing neighbors (6000 / 30017)...
computing neighbors (7000 / 30017)...
computing neighbors (8000 / 30017)...
computing neighbors (9000 / 30017)...
computing neighbors (10000 / 30017)...
computing neighbors (11000 / 30017)...
computing neighbors (12000 / 30017)...
computing neighbors (13000 / 30017)...
computing neighbors (14000 / 30017)...
computing neighbors (15000 / 30017)...
computing neighbors (16000 / 30017)...
computing neighbors (17000 / 30017)...
computing neighbors (18000 / 30017)...
computing neighbors (19000 / 30017)...
computing neighbors (20000 / 30017)...
computing neighbors (21000 / 30017)...
computing neighbors (22000 / 30017)...
computing neighbors (23000 / 30017)...
computing neighbors (24000 / 30017)...
computing neighbors (25000 / 30017)...
computing neighbors (26000 / 30017)...
computing neighbors (27000 / 30017)...
computing neighbors (28000 / 30017)...
computing neighbors (29000 / 30017)...
computing neighbors (30000 / 30017)...
colored 1000 / 30017...
colored 2000 / 30017...
colored 3000 / 30017...
colored 4000 / 30017...
colored 5000 / 30017...
colored 6000 / 30017...
colored 7000 / 30017...
colored 8000 / 30017...
colored 9000 / 30017...
colored 10000 / 30017...
colored 11000 / 30017...
colored 12000 / 30017...
colored 13000 / 30017...
colored 14000 / 30017...
colored 15000 / 30017...
colored 16000 / 30017...
colored 17000 / 30017...
colored 18000 / 30017...
colored 19000 / 30017...
colored 20000 / 30017...
colored 21000 / 30017...
colored 22000 / 30017...
colored 23000 / 30017...
colored 24000 / 30017...
colored 25000 / 30017...
colored 26000 / 30017...
colored 27000 / 30017...
colored 28000 / 30017...
colored 29000 / 30017...
colored 30000 / 30017...
greedy found 403 colors in 22.012 seconds
 time (s)      nb nodes       objective      
---------------------------------------------
  5.769                       403            
  6.504        1.1 M          402            
  6.920        1.4 M          401            
  7.256        1.6 M          400            
  7.756        1.7 M          399            
  8.306        1.8 M          398            
  8.805        1.9 M          397            
  10.429       1.9 M          396            
  12.067       1.9 M          395            
  12.906       2.0 M          394            
  13.940       2.0 M          393            
  16.014       2.0 M          392            
  18.659       2.0 M          391            
  19.900       2.0 M          390            
  23.691       2.1 M          389            
  24.924       2.1 M          388            
  27.758       2.1 M          387            
  28.984       2.1 M          386            
  33.189       2.1 M          385            
  34.794       2.1 M          384            
  36.007       2.1 M          383            
  38.264       2.2 M          382            
  41.136       2.2 M          381            
  46.552       2.2 M          380            
  50.739       2.2 M          379            
  51.715       2.2 M          378            
  54.312       2.2 M          377            
  60.792       2.2 M          376            
  63.202       2.3 M          375            
  68.349       2.3 M          374            
  78.100       2.3 M          373            
  79.964       2.3 M          372            
  84.625       2.3 M          371            
  93.574       2.3 M          370            
  97.761       2.4 M          369            
  100.838      2.4 M          368            
  113.941      2.4 M          367            
  124.400      2.4 M          366            
  129.137      2.4 M          365            
  138.364      2.5 M          364            
  154.677      2.5 M          363            
  161.724      2.5 M          362            
  181.555      2.6 M          361            
  200.114      2.6 M          360            
  214.502      2.6 M          359            
  268.581      2.7 M          358            
  319.770      2.8 M          357            
  345.265      2.8 M          356            
  508.332      3.1 M          355            
  577.797      3.2 M          354            
  835.155      3.5 M          353            
  943.234      3.7 M          352            
  4184.043     7.3 M          351            
  16307.852    21.7 M         350            
