printing solutions in: ./dogs-color/insts/cgshop22/sqrp36053.instance.json.solution.json
printing perfs in: ./dogs-color/insts/cgshop22/sqrp36053.instance.json.perf.json

CGSHOP Instance: compute neighbors...
computing neighbors (0 / 36053)...
computing neighbors (1000 / 36053)...
computing neighbors (2000 / 36053)...
computing neighbors (3000 / 36053)...
computing neighbors (4000 / 36053)...
computing neighbors (5000 / 36053)...
computing neighbors (6000 / 36053)...
computing neighbors (7000 / 36053)...
computing neighbors (8000 / 36053)...
computing neighbors (9000 / 36053)...
computing neighbors (10000 / 36053)...
computing neighbors (11000 / 36053)...
computing neighbors (12000 / 36053)...
computing neighbors (13000 / 36053)...
computing neighbors (14000 / 36053)...
computing neighbors (15000 / 36053)...
computing neighbors (16000 / 36053)...
computing neighbors (17000 / 36053)...
computing neighbors (18000 / 36053)...
computing neighbors (19000 / 36053)...
computing neighbors (20000 / 36053)...
computing neighbors (21000 / 36053)...
computing neighbors (22000 / 36053)...
computing neighbors (23000 / 36053)...
computing neighbors (24000 / 36053)...
computing neighbors (25000 / 36053)...
computing neighbors (26000 / 36053)...
computing neighbors (27000 / 36053)...
computing neighbors (28000 / 36053)...
computing neighbors (29000 / 36053)...
computing neighbors (30000 / 36053)...
computing neighbors (31000 / 36053)...
computing neighbors (32000 / 36053)...
computing neighbors (33000 / 36053)...
computing neighbors (34000 / 36053)...
computing neighbors (35000 / 36053)...
computing neighbors (36000 / 36053)...
566        vertices
36053      segments
6014       dominations
=======================
CGSHOP Instance: compute neighbors...
computing neighbors (0 / 36053)...
computing neighbors (1000 / 36053)...
computing neighbors (2000 / 36053)...
computing neighbors (3000 / 36053)...
computing neighbors (4000 / 36053)...
computing neighbors (5000 / 36053)...
computing neighbors (6000 / 36053)...
computing neighbors (7000 / 36053)...
computing neighbors (8000 / 36053)...
computing neighbors (9000 / 36053)...
computing neighbors (10000 / 36053)...
computing neighbors (11000 / 36053)...
computing neighbors (12000 / 36053)...
computing neighbors (13000 / 36053)...
computing neighbors (14000 / 36053)...
computing neighbors (15000 / 36053)...
computing neighbors (16000 / 36053)...
computing neighbors (17000 / 36053)...
computing neighbors (18000 / 36053)...
computing neighbors (19000 / 36053)...
computing neighbors (20000 / 36053)...
computing neighbors (21000 / 36053)...
computing neighbors (22000 / 36053)...
computing neighbors (23000 / 36053)...
computing neighbors (24000 / 36053)...
computing neighbors (25000 / 36053)...
computing neighbors (26000 / 36053)...
computing neighbors (27000 / 36053)...
computing neighbors (28000 / 36053)...
computing neighbors (29000 / 36053)...
computing neighbors (30000 / 36053)...
computing neighbors (31000 / 36053)...
computing neighbors (32000 / 36053)...
computing neighbors (33000 / 36053)...
computing neighbors (34000 / 36053)...
computing neighbors (35000 / 36053)...
computing neighbors (36000 / 36053)...
colored 1000 / 36053...
colored 2000 / 36053...
colored 3000 / 36053...
colored 4000 / 36053...
colored 5000 / 36053...
colored 6000 / 36053...
colored 7000 / 36053...
colored 8000 / 36053...
colored 9000 / 36053...
colored 10000 / 36053...
colored 11000 / 36053...
colored 12000 / 36053...
colored 13000 / 36053...
colored 14000 / 36053...
colored 15000 / 36053...
colored 16000 / 36053...
colored 17000 / 36053...
colored 18000 / 36053...
colored 19000 / 36053...
colored 20000 / 36053...
colored 21000 / 36053...
colored 22000 / 36053...
colored 23000 / 36053...
colored 24000 / 36053...
colored 25000 / 36053...
colored 26000 / 36053...
colored 27000 / 36053...
colored 28000 / 36053...
colored 29000 / 36053...
colored 30000 / 36053...
colored 31000 / 36053...
colored 32000 / 36053...
colored 33000 / 36053...
colored 34000 / 36053...
colored 35000 / 36053...
colored 36000 / 36053...
greedy found 206 colors in 31.994 seconds
 time (s)      nb nodes       objective      
---------------------------------------------
  8.091                       206            
  9.263        486.8 k        205            
  13.336       773.4 k        204            
  38.616       858.3 k        203            
  93.481       952.9 k        202            
  115.658      1.0 M          201            
  190.474      1.1 M          200            
  258.812      1.2 M          199            
  361.108      1.3 M          198            
  772.658      1.7 M          197            
  1448.627     2.2 M          196            
  13879.805    12.9 M         195            
