printing solutions in: ./dogs-color/insts/cgshop22/sqrp28863.instance.json.solution.json
printing perfs in: ./dogs-color/insts/cgshop22/sqrp28863.instance.json.perf.json

CGSHOP Instance: compute neighbors...
computing neighbors (0 / 28863)...
computing neighbors (1000 / 28863)...
computing neighbors (2000 / 28863)...
computing neighbors (3000 / 28863)...
computing neighbors (4000 / 28863)...
computing neighbors (5000 / 28863)...
computing neighbors (6000 / 28863)...
computing neighbors (7000 / 28863)...
computing neighbors (8000 / 28863)...
computing neighbors (9000 / 28863)...
computing neighbors (10000 / 28863)...
computing neighbors (11000 / 28863)...
computing neighbors (12000 / 28863)...
computing neighbors (13000 / 28863)...
computing neighbors (14000 / 28863)...
computing neighbors (15000 / 28863)...
computing neighbors (16000 / 28863)...
computing neighbors (17000 / 28863)...
computing neighbors (18000 / 28863)...
computing neighbors (19000 / 28863)...
computing neighbors (20000 / 28863)...
computing neighbors (21000 / 28863)...
computing neighbors (22000 / 28863)...
computing neighbors (23000 / 28863)...
computing neighbors (24000 / 28863)...
computing neighbors (25000 / 28863)...
computing neighbors (26000 / 28863)...
computing neighbors (27000 / 28863)...
computing neighbors (28000 / 28863)...
588        vertices
28863      segments
5087       dominations
=======================
CGSHOP Instance: compute neighbors...
computing neighbors (0 / 28863)...
computing neighbors (1000 / 28863)...
computing neighbors (2000 / 28863)...
computing neighbors (3000 / 28863)...
computing neighbors (4000 / 28863)...
computing neighbors (5000 / 28863)...
computing neighbors (6000 / 28863)...
computing neighbors (7000 / 28863)...
computing neighbors (8000 / 28863)...
computing neighbors (9000 / 28863)...
computing neighbors (10000 / 28863)...
computing neighbors (11000 / 28863)...
computing neighbors (12000 / 28863)...
computing neighbors (13000 / 28863)...
computing neighbors (14000 / 28863)...
computing neighbors (15000 / 28863)...
computing neighbors (16000 / 28863)...
computing neighbors (17000 / 28863)...
computing neighbors (18000 / 28863)...
computing neighbors (19000 / 28863)...
computing neighbors (20000 / 28863)...
computing neighbors (21000 / 28863)...
computing neighbors (22000 / 28863)...
computing neighbors (23000 / 28863)...
computing neighbors (24000 / 28863)...
computing neighbors (25000 / 28863)...
computing neighbors (26000 / 28863)...
computing neighbors (27000 / 28863)...
computing neighbors (28000 / 28863)...
colored 1000 / 28863...
colored 2000 / 28863...
colored 3000 / 28863...
colored 4000 / 28863...
colored 5000 / 28863...
colored 6000 / 28863...
colored 7000 / 28863...
colored 8000 / 28863...
colored 9000 / 28863...
colored 10000 / 28863...
colored 11000 / 28863...
colored 12000 / 28863...
colored 13000 / 28863...
colored 14000 / 28863...
colored 15000 / 28863...
colored 16000 / 28863...
colored 17000 / 28863...
colored 18000 / 28863...
colored 19000 / 28863...
colored 20000 / 28863...
colored 21000 / 28863...
colored 22000 / 28863...
colored 23000 / 28863...
colored 24000 / 28863...
colored 25000 / 28863...
colored 26000 / 28863...
colored 27000 / 28863...
colored 28000 / 28863...
greedy found 201 colors in 18.928 seconds
 time (s)      nb nodes       objective      
---------------------------------------------
  5.184                       201            
  5.947        477.0 k        200            
  14.677       514.8 k        199            
  57.818       572.5 k        198            
  99.154       628.0 k        197            
  135.683      682.8 k        196            
  157.442      710.2 k        195            
  240.435      813.5 k        194            
  407.920      1.0 M          193            
  880.119      1.5 M          192            
  7691.002     10.0 M         191            
