printing solutions in: ./dogs-color/insts/cgshop22/visp50129.instance.json.solution.json
printing perfs in: ./dogs-color/insts/cgshop22/visp50129.instance.json.perf.json

CGSHOP Instance: compute neighbors...
computing neighbors (0 / 50129)...
computing neighbors (1000 / 50129)...
computing neighbors (2000 / 50129)...
computing neighbors (3000 / 50129)...
computing neighbors (4000 / 50129)...
computing neighbors (5000 / 50129)...
computing neighbors (6000 / 50129)...
computing neighbors (7000 / 50129)...
computing neighbors (8000 / 50129)...
computing neighbors (9000 / 50129)...
computing neighbors (10000 / 50129)...
computing neighbors (11000 / 50129)...
computing neighbors (12000 / 50129)...
computing neighbors (13000 / 50129)...
computing neighbors (14000 / 50129)...
computing neighbors (15000 / 50129)...
computing neighbors (16000 / 50129)...
computing neighbors (17000 / 50129)...
computing neighbors (18000 / 50129)...
computing neighbors (19000 / 50129)...
computing neighbors (20000 / 50129)...
computing neighbors (21000 / 50129)...
computing neighbors (22000 / 50129)...
computing neighbors (23000 / 50129)...
computing neighbors (24000 / 50129)...
computing neighbors (25000 / 50129)...
computing neighbors (26000 / 50129)...
computing neighbors (27000 / 50129)...
computing neighbors (28000 / 50129)...
computing neighbors (29000 / 50129)...
computing neighbors (30000 / 50129)...
computing neighbors (31000 / 50129)...
computing neighbors (32000 / 50129)...
computing neighbors (33000 / 50129)...
computing neighbors (34000 / 50129)...
computing neighbors (35000 / 50129)...
computing neighbors (36000 / 50129)...
computing neighbors (37000 / 50129)...
computing neighbors (38000 / 50129)...
computing neighbors (39000 / 50129)...
computing neighbors (40000 / 50129)...
computing neighbors (41000 / 50129)...
computing neighbors (42000 / 50129)...
computing neighbors (43000 / 50129)...
computing neighbors (44000 / 50129)...
computing neighbors (45000 / 50129)...
computing neighbors (46000 / 50129)...
computing neighbors (47000 / 50129)...
computing neighbors (48000 / 50129)...
computing neighbors (49000 / 50129)...
computing neighbors (50000 / 50129)...
869        vertices
50129      segments
23669      dominations
=======================
CGSHOP Instance: compute neighbors...
computing neighbors (0 / 50129)...
computing neighbors (1000 / 50129)...
computing neighbors (2000 / 50129)...
computing neighbors (3000 / 50129)...
computing neighbors (4000 / 50129)...
computing neighbors (5000 / 50129)...
computing neighbors (6000 / 50129)...
computing neighbors (7000 / 50129)...
computing neighbors (8000 / 50129)...
computing neighbors (9000 / 50129)...
computing neighbors (10000 / 50129)...
computing neighbors (11000 / 50129)...
computing neighbors (12000 / 50129)...
computing neighbors (13000 / 50129)...
computing neighbors (14000 / 50129)...
computing neighbors (15000 / 50129)...
computing neighbors (16000 / 50129)...
computing neighbors (17000 / 50129)...
computing neighbors (18000 / 50129)...
computing neighbors (19000 / 50129)...
computing neighbors (20000 / 50129)...
computing neighbors (21000 / 50129)...
computing neighbors (22000 / 50129)...
computing neighbors (23000 / 50129)...
computing neighbors (24000 / 50129)...
computing neighbors (25000 / 50129)...
computing neighbors (26000 / 50129)...
computing neighbors (27000 / 50129)...
computing neighbors (28000 / 50129)...
computing neighbors (29000 / 50129)...
computing neighbors (30000 / 50129)...
computing neighbors (31000 / 50129)...
computing neighbors (32000 / 50129)...
computing neighbors (33000 / 50129)...
computing neighbors (34000 / 50129)...
computing neighbors (35000 / 50129)...
computing neighbors (36000 / 50129)...
computing neighbors (37000 / 50129)...
computing neighbors (38000 / 50129)...
computing neighbors (39000 / 50129)...
computing neighbors (40000 / 50129)...
computing neighbors (41000 / 50129)...
computing neighbors (42000 / 50129)...
computing neighbors (43000 / 50129)...
computing neighbors (44000 / 50129)...
computing neighbors (45000 / 50129)...
computing neighbors (46000 / 50129)...
computing neighbors (47000 / 50129)...
computing neighbors (48000 / 50129)...
computing neighbors (49000 / 50129)...
computing neighbors (50000 / 50129)...
colored 1000 / 50129...
colored 2000 / 50129...
colored 3000 / 50129...
colored 4000 / 50129...
colored 5000 / 50129...
colored 6000 / 50129...
colored 7000 / 50129...
colored 8000 / 50129...
colored 9000 / 50129...
colored 10000 / 50129...
colored 11000 / 50129...
colored 12000 / 50129...
colored 13000 / 50129...
colored 14000 / 50129...
colored 15000 / 50129...
colored 16000 / 50129...
colored 17000 / 50129...
colored 18000 / 50129...
colored 19000 / 50129...
colored 20000 / 50129...
colored 21000 / 50129...
colored 22000 / 50129...
colored 23000 / 50129...
colored 24000 / 50129...
colored 25000 / 50129...
colored 26000 / 50129...
colored 27000 / 50129...
colored 28000 / 50129...
colored 29000 / 50129...
colored 30000 / 50129...
colored 31000 / 50129...
colored 32000 / 50129...
colored 33000 / 50129...
colored 34000 / 50129...
colored 35000 / 50129...
colored 36000 / 50129...
colored 37000 / 50129...
colored 38000 / 50129...
colored 39000 / 50129...
colored 40000 / 50129...
colored 41000 / 50129...
colored 42000 / 50129...
colored 43000 / 50129...
colored 44000 / 50129...
colored 45000 / 50129...
colored 46000 / 50129...
colored 47000 / 50129...
colored 48000 / 50129...
colored 49000 / 50129...
colored 50000 / 50129...
greedy found 192 colors in 27.315 seconds
 time (s)      nb nodes       objective      
---------------------------------------------
  10.230                      192            
  81.735       267.3 M        191            
  100.579      323.4 M        190            
  117.101      367.8 M        189            
  131.071      400.4 M        188            
  158.074      427.4 M        187            
  172.076      450.4 M        186            
  183.109      466.3 M        185            
  192.795      476.7 M        184            
  202.478      485.2 M        183            
  211.472      494.3 M        182            
  220.524      499.4 M        181            
  228.935      504.8 M        180            
  238.101      507.9 M        179            
  252.153      510.0 M        178            
  272.787      512.2 M        177            
  293.922      513.3 M        176            
  304.376      514.4 M        175            
  330.854      515.6 M        174            
  358.830      516.6 M        173            
  392.327      517.4 M        172            
  434.220      518.1 M        171            
  521.888      518.6 M        170            
  539.515      519.0 M        169            
  572.322      519.5 M        168            
  605.470      519.9 M        167            
  689.421      520.2 M        166            
  1032.674     520.9 M        165            
  1187.635     521.3 M        164            
  1489.076     521.8 M        163            
  2328.250     522.9 M        162            
  2881.940     523.7 M        161            
  3180.176     524.1 M        160            
  10498.341    529.6 M        159            
