printing solutions in: ./dogs-color/insts/cgshop22/visp68333.instance.json.solution.json
printing perfs in: ./dogs-color/insts/cgshop22/visp68333.instance.json.perf.json

CGSHOP Instance: compute neighbors...
computing neighbors (0 / 68333)...
computing neighbors (1000 / 68333)...
computing neighbors (2000 / 68333)...
computing neighbors (3000 / 68333)...
computing neighbors (4000 / 68333)...
computing neighbors (5000 / 68333)...
computing neighbors (6000 / 68333)...
computing neighbors (7000 / 68333)...
computing neighbors (8000 / 68333)...
computing neighbors (9000 / 68333)...
computing neighbors (10000 / 68333)...
computing neighbors (11000 / 68333)...
computing neighbors (12000 / 68333)...
computing neighbors (13000 / 68333)...
computing neighbors (14000 / 68333)...
computing neighbors (15000 / 68333)...
computing neighbors (16000 / 68333)...
computing neighbors (17000 / 68333)...
computing neighbors (18000 / 68333)...
computing neighbors (19000 / 68333)...
computing neighbors (20000 / 68333)...
computing neighbors (21000 / 68333)...
computing neighbors (22000 / 68333)...
computing neighbors (23000 / 68333)...
computing neighbors (24000 / 68333)...
computing neighbors (25000 / 68333)...
computing neighbors (26000 / 68333)...
computing neighbors (27000 / 68333)...
computing neighbors (28000 / 68333)...
computing neighbors (29000 / 68333)...
computing neighbors (30000 / 68333)...
computing neighbors (31000 / 68333)...
computing neighbors (32000 / 68333)...
computing neighbors (33000 / 68333)...
computing neighbors (34000 / 68333)...
computing neighbors (35000 / 68333)...
computing neighbors (36000 / 68333)...
computing neighbors (37000 / 68333)...
computing neighbors (38000 / 68333)...
computing neighbors (39000 / 68333)...
computing neighbors (40000 / 68333)...
computing neighbors (41000 / 68333)...
computing neighbors (42000 / 68333)...
computing neighbors (43000 / 68333)...
computing neighbors (44000 / 68333)...
computing neighbors (45000 / 68333)...
computing neighbors (46000 / 68333)...
computing neighbors (47000 / 68333)...
computing neighbors (48000 / 68333)...
computing neighbors (49000 / 68333)...
computing neighbors (50000 / 68333)...
computing neighbors (51000 / 68333)...
computing neighbors (52000 / 68333)...
computing neighbors (53000 / 68333)...
computing neighbors (54000 / 68333)...
computing neighbors (55000 / 68333)...
computing neighbors (56000 / 68333)...
computing neighbors (57000 / 68333)...
computing neighbors (58000 / 68333)...
computing neighbors (59000 / 68333)...
computing neighbors (60000 / 68333)...
computing neighbors (61000 / 68333)...
computing neighbors (62000 / 68333)...
computing neighbors (63000 / 68333)...
computing neighbors (64000 / 68333)...
computing neighbors (65000 / 68333)...
computing neighbors (66000 / 68333)...
computing neighbors (67000 / 68333)...
computing neighbors (68000 / 68333)...
755        vertices
68333      segments
31408      dominations
=======================
CGSHOP Instance: compute neighbors...
computing neighbors (0 / 68333)...
computing neighbors (1000 / 68333)...
computing neighbors (2000 / 68333)...
computing neighbors (3000 / 68333)...
computing neighbors (4000 / 68333)...
computing neighbors (5000 / 68333)...
computing neighbors (6000 / 68333)...
computing neighbors (7000 / 68333)...
computing neighbors (8000 / 68333)...
computing neighbors (9000 / 68333)...
computing neighbors (10000 / 68333)...
computing neighbors (11000 / 68333)...
computing neighbors (12000 / 68333)...
computing neighbors (13000 / 68333)...
computing neighbors (14000 / 68333)...
computing neighbors (15000 / 68333)...
computing neighbors (16000 / 68333)...
computing neighbors (17000 / 68333)...
computing neighbors (18000 / 68333)...
computing neighbors (19000 / 68333)...
computing neighbors (20000 / 68333)...
computing neighbors (21000 / 68333)...
computing neighbors (22000 / 68333)...
computing neighbors (23000 / 68333)...
computing neighbors (24000 / 68333)...
computing neighbors (25000 / 68333)...
computing neighbors (26000 / 68333)...
computing neighbors (27000 / 68333)...
computing neighbors (28000 / 68333)...
computing neighbors (29000 / 68333)...
computing neighbors (30000 / 68333)...
computing neighbors (31000 / 68333)...
computing neighbors (32000 / 68333)...
computing neighbors (33000 / 68333)...
computing neighbors (34000 / 68333)...
computing neighbors (35000 / 68333)...
computing neighbors (36000 / 68333)...
computing neighbors (37000 / 68333)...
computing neighbors (38000 / 68333)...
computing neighbors (39000 / 68333)...
computing neighbors (40000 / 68333)...
computing neighbors (41000 / 68333)...
computing neighbors (42000 / 68333)...
computing neighbors (43000 / 68333)...
computing neighbors (44000 / 68333)...
computing neighbors (45000 / 68333)...
computing neighbors (46000 / 68333)...
computing neighbors (47000 / 68333)...
computing neighbors (48000 / 68333)...
computing neighbors (49000 / 68333)...
computing neighbors (50000 / 68333)...
computing neighbors (51000 / 68333)...
computing neighbors (52000 / 68333)...
computing neighbors (53000 / 68333)...
computing neighbors (54000 / 68333)...
computing neighbors (55000 / 68333)...
computing neighbors (56000 / 68333)...
computing neighbors (57000 / 68333)...
computing neighbors (58000 / 68333)...
computing neighbors (59000 / 68333)...
computing neighbors (60000 / 68333)...
computing neighbors (61000 / 68333)...
computing neighbors (62000 / 68333)...
computing neighbors (63000 / 68333)...
computing neighbors (64000 / 68333)...
computing neighbors (65000 / 68333)...
computing neighbors (66000 / 68333)...
computing neighbors (67000 / 68333)...
computing neighbors (68000 / 68333)...
colored 1000 / 68333...
colored 2000 / 68333...
colored 3000 / 68333...
colored 4000 / 68333...
colored 5000 / 68333...
colored 6000 / 68333...
colored 7000 / 68333...
colored 8000 / 68333...
colored 9000 / 68333...
colored 10000 / 68333...
colored 11000 / 68333...
colored 12000 / 68333...
colored 13000 / 68333...
colored 14000 / 68333...
colored 15000 / 68333...
colored 16000 / 68333...
colored 17000 / 68333...
colored 18000 / 68333...
colored 19000 / 68333...
colored 20000 / 68333...
colored 21000 / 68333...
colored 22000 / 68333...
colored 23000 / 68333...
colored 24000 / 68333...
colored 25000 / 68333...
colored 26000 / 68333...
colored 27000 / 68333...
colored 28000 / 68333...
colored 29000 / 68333...
colored 30000 / 68333...
colored 31000 / 68333...
colored 32000 / 68333...
colored 33000 / 68333...
colored 34000 / 68333...
colored 35000 / 68333...
colored 36000 / 68333...
colored 37000 / 68333...
colored 38000 / 68333...
colored 39000 / 68333...
colored 40000 / 68333...
colored 41000 / 68333...
colored 42000 / 68333...
colored 43000 / 68333...
colored 44000 / 68333...
colored 45000 / 68333...
colored 46000 / 68333...
colored 47000 / 68333...
colored 48000 / 68333...
colored 49000 / 68333...
colored 50000 / 68333...
colored 51000 / 68333...
colored 52000 / 68333...
colored 53000 / 68333...
colored 54000 / 68333...
colored 55000 / 68333...
colored 56000 / 68333...
colored 57000 / 68333...
colored 58000 / 68333...
colored 59000 / 68333...
colored 60000 / 68333...
colored 61000 / 68333...
colored 62000 / 68333...
colored 63000 / 68333...
colored 64000 / 68333...
colored 65000 / 68333...
colored 66000 / 68333...
colored 67000 / 68333...
colored 68000 / 68333...
greedy found 189 colors in 56.010 seconds
 time (s)      nb nodes       objective      
---------------------------------------------
  19.680                      189            
  101.612      147.4 M        188            
  124.256      175.7 M        187            
  146.257      196.6 M        186            
  164.637      210.5 M        185            
  181.331      220.1 M        184            
  196.166      227.6 M        183            
  212.391      232.7 M        182            
  242.344      238.4 M        181            
  262.315      241.9 M        180            
  337.648      244.5 M        179            
  355.709      246.5 M        178            
  384.314      248.4 M        177            
  430.814      249.6 M        176            
  518.686      250.7 M        175            
  685.053      251.4 M        174            
  797.755      252.1 M        173            
  931.723      252.4 M        172            
  1074.909     252.9 M        171            
  1259.826     253.4 M        170            
  1824.650     254.1 M        169            
  2058.877     254.4 M        168            
  3028.035     255.1 M        167            
  3927.311     255.7 M        166            
  11903.883    261.6 M        165            
  15639.283    265.1 M        164            
  22375.176    269.0 M        163            
  53754.535    286.6 M        162            
