printing solutions in: ./dogs-color/insts/cgshop22/vispecn27222.instance.json.solution.json
printing perfs in: ./dogs-color/insts/cgshop22/vispecn27222.instance.json.perf.json

CGSHOP Instance: compute neighbors...
computing neighbors (0 / 27222)...
computing neighbors (1000 / 27222)...
computing neighbors (2000 / 27222)...
computing neighbors (3000 / 27222)...
computing neighbors (4000 / 27222)...
computing neighbors (5000 / 27222)...
computing neighbors (6000 / 27222)...
computing neighbors (7000 / 27222)...
computing neighbors (8000 / 27222)...
computing neighbors (9000 / 27222)...
computing neighbors (10000 / 27222)...
computing neighbors (11000 / 27222)...
computing neighbors (12000 / 27222)...
computing neighbors (13000 / 27222)...
computing neighbors (14000 / 27222)...
computing neighbors (15000 / 27222)...
computing neighbors (16000 / 27222)...
computing neighbors (17000 / 27222)...
computing neighbors (18000 / 27222)...
computing neighbors (19000 / 27222)...
computing neighbors (20000 / 27222)...
computing neighbors (21000 / 27222)...
computing neighbors (22000 / 27222)...
computing neighbors (23000 / 27222)...
computing neighbors (24000 / 27222)...
computing neighbors (25000 / 27222)...
computing neighbors (26000 / 27222)...
computing neighbors (27000 / 27222)...
38210      vertices
27222      segments
266        dominations
=======================
CGSHOP Instance: compute neighbors...
computing neighbors (0 / 27222)...
computing neighbors (1000 / 27222)...
computing neighbors (2000 / 27222)...
computing neighbors (3000 / 27222)...
computing neighbors (4000 / 27222)...
computing neighbors (5000 / 27222)...
computing neighbors (6000 / 27222)...
computing neighbors (7000 / 27222)...
computing neighbors (8000 / 27222)...
computing neighbors (9000 / 27222)...
computing neighbors (10000 / 27222)...
computing neighbors (11000 / 27222)...
computing neighbors (12000 / 27222)...
computing neighbors (13000 / 27222)...
computing neighbors (14000 / 27222)...
computing neighbors (15000 / 27222)...
computing neighbors (16000 / 27222)...
computing neighbors (17000 / 27222)...
computing neighbors (18000 / 27222)...
computing neighbors (19000 / 27222)...
computing neighbors (20000 / 27222)...
computing neighbors (21000 / 27222)...
computing neighbors (22000 / 27222)...
computing neighbors (23000 / 27222)...
computing neighbors (24000 / 27222)...
computing neighbors (25000 / 27222)...
computing neighbors (26000 / 27222)...
computing neighbors (27000 / 27222)...
colored 1000 / 27222...
colored 2000 / 27222...
colored 3000 / 27222...
colored 4000 / 27222...
colored 5000 / 27222...
colored 6000 / 27222...
colored 7000 / 27222...
colored 8000 / 27222...
colored 9000 / 27222...
colored 10000 / 27222...
colored 11000 / 27222...
colored 12000 / 27222...
colored 13000 / 27222...
colored 14000 / 27222...
colored 15000 / 27222...
colored 16000 / 27222...
colored 17000 / 27222...
colored 18000 / 27222...
colored 19000 / 27222...
colored 20000 / 27222...
colored 21000 / 27222...
colored 22000 / 27222...
colored 23000 / 27222...
colored 24000 / 27222...
colored 25000 / 27222...
colored 26000 / 27222...
colored 27000 / 27222...
greedy found 251 colors in 9.278 seconds
 time (s)      nb nodes       objective      
---------------------------------------------
  3.007                       251            
  5.619        8.1 M          250            
  7.690        13.9 M         249            
  9.883        18.8 M         248            
  12.251       22.5 M         247            
  14.152       26.7 M         246            
  16.317       29.8 M         245            
  18.442       32.4 M         244            
  20.017       35.3 M         243            
  21.573       37.2 M         242            
  23.428       39.4 M         241            
  25.086       40.9 M         240            
  26.735       42.4 M         239            
  28.531       43.8 M         238            
  30.312       44.6 M         237            
  31.864       46.1 M         236            
  33.381       46.9 M         235            
  34.945       48.0 M         234            
  37.041       48.7 M         233            
  38.316       49.2 M         232            
  39.638       49.7 M         231            
  40.905       50.2 M         230            
  42.434       50.7 M         229            
  43.696       51.3 M         228            
  44.968       51.7 M         227            
  46.296       51.9 M         226            
  47.909       52.2 M         225            
  49.114       52.6 M         224            
  50.260       53.0 M         223            
  52.486       53.3 M         222            
  54.517       53.6 M         221            
  56.036       54.0 M         220            
  58.005       54.2 M         219            
  59.633       54.4 M         218            
  62.302       54.5 M         217            
  63.990       54.6 M         216            
  65.892       54.7 M         215            
  67.096       54.8 M         214            
  68.034       54.9 M         213            
  69.453       55.0 M         212            
  72.332       55.1 M         211            
  74.310       55.2 M         210            
  76.972       55.3 M         209            
  80.316       55.3 M         208            
  83.756       55.4 M         207            
  85.266       55.4 M         206            
  87.668       55.5 M         205            
  91.509       55.5 M         204            
  93.948       55.6 M         203            
  100.725      55.6 M         202            
  105.513      55.7 M         201            
  115.282      55.7 M         200            
  122.305      55.8 M         199            
  133.616      55.9 M         198            
  148.421      55.9 M         197            
  156.417      56.0 M         196            
  177.796      56.1 M         195            
  225.046      56.3 M         194            
  249.226      56.4 M         193            
  297.187      56.5 M         192            
  465.879      57.0 M         191            
  561.191      57.2 M         190            
  841.577      57.9 M         189            
  2732.945     61.9 M         188            
  6178.752     69.8 M         187            
  65989.070    188.3 M        186            
