printing solutions in: ./dogs-color/insts/cgshop22/visp32354.instance.json.solution.json
printing perfs in: ./dogs-color/insts/cgshop22/visp32354.instance.json.perf.json

CGSHOP Instance: compute neighbors...
computing neighbors (0 / 32354)...
computing neighbors (1000 / 32354)...
computing neighbors (2000 / 32354)...
computing neighbors (3000 / 32354)...
computing neighbors (4000 / 32354)...
computing neighbors (5000 / 32354)...
computing neighbors (6000 / 32354)...
computing neighbors (7000 / 32354)...
computing neighbors (8000 / 32354)...
computing neighbors (9000 / 32354)...
computing neighbors (10000 / 32354)...
computing neighbors (11000 / 32354)...
computing neighbors (12000 / 32354)...
computing neighbors (13000 / 32354)...
computing neighbors (14000 / 32354)...
computing neighbors (15000 / 32354)...
computing neighbors (16000 / 32354)...
computing neighbors (17000 / 32354)...
computing neighbors (18000 / 32354)...
computing neighbors (19000 / 32354)...
computing neighbors (20000 / 32354)...
computing neighbors (21000 / 32354)...
computing neighbors (22000 / 32354)...
computing neighbors (23000 / 32354)...
computing neighbors (24000 / 32354)...
computing neighbors (25000 / 32354)...
computing neighbors (26000 / 32354)...
computing neighbors (27000 / 32354)...
computing neighbors (28000 / 32354)...
computing neighbors (29000 / 32354)...
computing neighbors (30000 / 32354)...
computing neighbors (31000 / 32354)...
computing neighbors (32000 / 32354)...
590        vertices
32354      segments
15018      dominations
=======================
CGSHOP Instance: compute neighbors...
computing neighbors (0 / 32354)...
computing neighbors (1000 / 32354)...
computing neighbors (2000 / 32354)...
computing neighbors (3000 / 32354)...
computing neighbors (4000 / 32354)...
computing neighbors (5000 / 32354)...
computing neighbors (6000 / 32354)...
computing neighbors (7000 / 32354)...
computing neighbors (8000 / 32354)...
computing neighbors (9000 / 32354)...
computing neighbors (10000 / 32354)...
computing neighbors (11000 / 32354)...
computing neighbors (12000 / 32354)...
computing neighbors (13000 / 32354)...
computing neighbors (14000 / 32354)...
computing neighbors (15000 / 32354)...
computing neighbors (16000 / 32354)...
computing neighbors (17000 / 32354)...
computing neighbors (18000 / 32354)...
computing neighbors (19000 / 32354)...
computing neighbors (20000 / 32354)...
computing neighbors (21000 / 32354)...
computing neighbors (22000 / 32354)...
computing neighbors (23000 / 32354)...
computing neighbors (24000 / 32354)...
computing neighbors (25000 / 32354)...
computing neighbors (26000 / 32354)...
computing neighbors (27000 / 32354)...
computing neighbors (28000 / 32354)...
computing neighbors (29000 / 32354)...
computing neighbors (30000 / 32354)...
computing neighbors (31000 / 32354)...
computing neighbors (32000 / 32354)...
colored 1000 / 32354...
colored 2000 / 32354...
colored 3000 / 32354...
colored 4000 / 32354...
colored 5000 / 32354...
colored 6000 / 32354...
colored 7000 / 32354...
colored 8000 / 32354...
colored 9000 / 32354...
colored 10000 / 32354...
colored 11000 / 32354...
colored 12000 / 32354...
colored 13000 / 32354...
colored 14000 / 32354...
colored 15000 / 32354...
colored 16000 / 32354...
colored 17000 / 32354...
colored 18000 / 32354...
colored 19000 / 32354...
colored 20000 / 32354...
colored 21000 / 32354...
colored 22000 / 32354...
colored 23000 / 32354...
colored 24000 / 32354...
colored 25000 / 32354...
colored 26000 / 32354...
colored 27000 / 32354...
colored 28000 / 32354...
colored 29000 / 32354...
colored 30000 / 32354...
colored 31000 / 32354...
colored 32000 / 32354...
greedy found 105 colors in 8.236 seconds
 time (s)      nb nodes       objective      
---------------------------------------------
  3.680                       105            
  28.241       58.5 M         104            
  35.272       68.9 M         103            
  41.461       75.2 M         102            
  47.283       79.3 M         101            
  53.953       82.3 M         100            
  59.403       84.1 M         99             
  64.843       85.5 M         98             
  72.242       86.4 M         97             
  81.281       87.0 M         96             
  87.440       87.6 M         95             
  97.993       88.1 M         94             
  108.070      88.4 M         93             
  116.722      88.7 M         92             
  129.253      89.0 M         91             
  138.745      89.1 M         90             
  153.576      89.3 M         89             
  169.424      89.4 M         88             
  178.348      89.5 M         87             
  199.659      89.7 M         86             
  222.085      89.8 M         85             
  260.104      89.9 M         84             
  298.023      90.1 M         83             
  429.965      90.4 M         82             
  595.196      90.9 M         81             
  874.915      91.5 M         80             
  1917.962     94.0 M         79             
  12415.295    115.1 M        78             
