printing solutions in: ./dogs-color/insts/cgshop22/visp43093.instance.json.solution.json
printing perfs in: ./dogs-color/insts/cgshop22/visp43093.instance.json.perf.json

CGSHOP Instance: compute neighbors...
computing neighbors (0 / 43093)...
computing neighbors (1000 / 43093)...
computing neighbors (2000 / 43093)...
computing neighbors (3000 / 43093)...
computing neighbors (4000 / 43093)...
computing neighbors (5000 / 43093)...
computing neighbors (6000 / 43093)...
computing neighbors (7000 / 43093)...
computing neighbors (8000 / 43093)...
computing neighbors (9000 / 43093)...
computing neighbors (10000 / 43093)...
computing neighbors (11000 / 43093)...
computing neighbors (12000 / 43093)...
computing neighbors (13000 / 43093)...
computing neighbors (14000 / 43093)...
computing neighbors (15000 / 43093)...
computing neighbors (16000 / 43093)...
computing neighbors (17000 / 43093)...
computing neighbors (18000 / 43093)...
computing neighbors (19000 / 43093)...
computing neighbors (20000 / 43093)...
computing neighbors (21000 / 43093)...
computing neighbors (22000 / 43093)...
computing neighbors (23000 / 43093)...
computing neighbors (24000 / 43093)...
computing neighbors (25000 / 43093)...
computing neighbors (26000 / 43093)...
computing neighbors (27000 / 43093)...
computing neighbors (28000 / 43093)...
computing neighbors (29000 / 43093)...
computing neighbors (30000 / 43093)...
computing neighbors (31000 / 43093)...
computing neighbors (32000 / 43093)...
computing neighbors (33000 / 43093)...
computing neighbors (34000 / 43093)...
computing neighbors (35000 / 43093)...
computing neighbors (36000 / 43093)...
computing neighbors (37000 / 43093)...
computing neighbors (38000 / 43093)...
computing neighbors (39000 / 43093)...
computing neighbors (40000 / 43093)...
computing neighbors (41000 / 43093)...
computing neighbors (42000 / 43093)...
computing neighbors (43000 / 43093)...
743        vertices
43093      segments
20371      dominations
=======================
CGSHOP Instance: compute neighbors...
computing neighbors (0 / 43093)...
computing neighbors (1000 / 43093)...
computing neighbors (2000 / 43093)...
computing neighbors (3000 / 43093)...
computing neighbors (4000 / 43093)...
computing neighbors (5000 / 43093)...
computing neighbors (6000 / 43093)...
computing neighbors (7000 / 43093)...
computing neighbors (8000 / 43093)...
computing neighbors (9000 / 43093)...
computing neighbors (10000 / 43093)...
computing neighbors (11000 / 43093)...
computing neighbors (12000 / 43093)...
computing neighbors (13000 / 43093)...
computing neighbors (14000 / 43093)...
computing neighbors (15000 / 43093)...
computing neighbors (16000 / 43093)...
computing neighbors (17000 / 43093)...
computing neighbors (18000 / 43093)...
computing neighbors (19000 / 43093)...
computing neighbors (20000 / 43093)...
computing neighbors (21000 / 43093)...
computing neighbors (22000 / 43093)...
computing neighbors (23000 / 43093)...
computing neighbors (24000 / 43093)...
computing neighbors (25000 / 43093)...
computing neighbors (26000 / 43093)...
computing neighbors (27000 / 43093)...
computing neighbors (28000 / 43093)...
computing neighbors (29000 / 43093)...
computing neighbors (30000 / 43093)...
computing neighbors (31000 / 43093)...
computing neighbors (32000 / 43093)...
computing neighbors (33000 / 43093)...
computing neighbors (34000 / 43093)...
computing neighbors (35000 / 43093)...
computing neighbors (36000 / 43093)...
computing neighbors (37000 / 43093)...
computing neighbors (38000 / 43093)...
computing neighbors (39000 / 43093)...
computing neighbors (40000 / 43093)...
computing neighbors (41000 / 43093)...
computing neighbors (42000 / 43093)...
computing neighbors (43000 / 43093)...
colored 1000 / 43093...
colored 2000 / 43093...
colored 3000 / 43093...
colored 4000 / 43093...
colored 5000 / 43093...
colored 6000 / 43093...
colored 7000 / 43093...
colored 8000 / 43093...
colored 9000 / 43093...
colored 10000 / 43093...
colored 11000 / 43093...
colored 12000 / 43093...
colored 13000 / 43093...
colored 14000 / 43093...
colored 15000 / 43093...
colored 16000 / 43093...
colored 17000 / 43093...
colored 18000 / 43093...
colored 19000 / 43093...
colored 20000 / 43093...
colored 21000 / 43093...
colored 22000 / 43093...
colored 23000 / 43093...
colored 24000 / 43093...
colored 25000 / 43093...
colored 26000 / 43093...
colored 27000 / 43093...
colored 28000 / 43093...
colored 29000 / 43093...
colored 30000 / 43093...
colored 31000 / 43093...
colored 32000 / 43093...
colored 33000 / 43093...
colored 34000 / 43093...
colored 35000 / 43093...
colored 36000 / 43093...
colored 37000 / 43093...
colored 38000 / 43093...
colored 39000 / 43093...
colored 40000 / 43093...
colored 41000 / 43093...
colored 42000 / 43093...
colored 43000 / 43093...
greedy found 139 colors in 15.163 seconds
 time (s)      nb nodes       objective      
---------------------------------------------
  6.744                       139            
  58.573       147.3 M        138            
  72.679       176.9 M        137            
  84.201       198.0 M        136            
  96.189       215.3 M        135            
  107.526      228.2 M        134            
  117.448      237.8 M        133            
  125.922      244.8 M        132            
  135.513      248.9 M        131            
  153.294      253.2 M        130            
  163.329      255.5 M        129            
  176.490      257.1 M        128            
  184.344      259.7 M        127            
  200.776      260.7 M        126            
  217.289      261.7 M        125            
  228.197      262.3 M        124            
  250.467      262.9 M        123            
  267.947      263.7 M        122            
  340.880      264.2 M        121            
  412.819      264.7 M        120            
  476.120      265.0 M        119            
  1125.667     266.3 M        118            
  1977.700     267.4 M        117            
  10284.955    278.4 M        116            
