printing solutions in: ./dogs-color/insts/cgshop22/visp27975.instance.json.solution.json
printing perfs in: ./dogs-color/insts/cgshop22/visp27975.instance.json.perf.json

CGSHOP Instance: compute neighbors...
computing neighbors (0 / 27975)...
computing neighbors (1000 / 27975)...
computing neighbors (2000 / 27975)...
computing neighbors (3000 / 27975)...
computing neighbors (4000 / 27975)...
computing neighbors (5000 / 27975)...
computing neighbors (6000 / 27975)...
computing neighbors (7000 / 27975)...
computing neighbors (8000 / 27975)...
computing neighbors (9000 / 27975)...
computing neighbors (10000 / 27975)...
computing neighbors (11000 / 27975)...
computing neighbors (12000 / 27975)...
computing neighbors (13000 / 27975)...
computing neighbors (14000 / 27975)...
computing neighbors (15000 / 27975)...
computing neighbors (16000 / 27975)...
computing neighbors (17000 / 27975)...
computing neighbors (18000 / 27975)...
computing neighbors (19000 / 27975)...
computing neighbors (20000 / 27975)...
computing neighbors (21000 / 27975)...
computing neighbors (22000 / 27975)...
computing neighbors (23000 / 27975)...
computing neighbors (24000 / 27975)...
computing neighbors (25000 / 27975)...
computing neighbors (26000 / 27975)...
computing neighbors (27000 / 27975)...
1285       vertices
27975      segments
13976      dominations
=======================
CGSHOP Instance: compute neighbors...
computing neighbors (0 / 27975)...
computing neighbors (1000 / 27975)...
computing neighbors (2000 / 27975)...
computing neighbors (3000 / 27975)...
computing neighbors (4000 / 27975)...
computing neighbors (5000 / 27975)...
computing neighbors (6000 / 27975)...
computing neighbors (7000 / 27975)...
computing neighbors (8000 / 27975)...
computing neighbors (9000 / 27975)...
computing neighbors (10000 / 27975)...
computing neighbors (11000 / 27975)...
computing neighbors (12000 / 27975)...
computing neighbors (13000 / 27975)...
computing neighbors (14000 / 27975)...
computing neighbors (15000 / 27975)...
computing neighbors (16000 / 27975)...
computing neighbors (17000 / 27975)...
computing neighbors (18000 / 27975)...
computing neighbors (19000 / 27975)...
computing neighbors (20000 / 27975)...
computing neighbors (21000 / 27975)...
computing neighbors (22000 / 27975)...
computing neighbors (23000 / 27975)...
computing neighbors (24000 / 27975)...
computing neighbors (25000 / 27975)...
computing neighbors (26000 / 27975)...
computing neighbors (27000 / 27975)...
colored 1000 / 27975...
colored 2000 / 27975...
colored 3000 / 27975...
colored 4000 / 27975...
colored 5000 / 27975...
colored 6000 / 27975...
colored 7000 / 27975...
colored 8000 / 27975...
colored 9000 / 27975...
colored 10000 / 27975...
colored 11000 / 27975...
colored 12000 / 27975...
colored 13000 / 27975...
colored 14000 / 27975...
colored 15000 / 27975...
colored 16000 / 27975...
colored 17000 / 27975...
colored 18000 / 27975...
colored 19000 / 27975...
colored 20000 / 27975...
colored 21000 / 27975...
colored 22000 / 27975...
colored 23000 / 27975...
colored 24000 / 27975...
colored 25000 / 27975...
colored 26000 / 27975...
colored 27000 / 27975...
greedy found 61 colors in 4.556 seconds
 time (s)      nb nodes       objective      
---------------------------------------------
  2.217                       61             
  71.925       150.0 M        60             
  103.536      194.1 M        59             
  126.718      215.7 M        58             
  144.661      226.9 M        57             
  160.206      234.3 M        56             
  174.182      238.0 M        55             
  187.144      240.5 M        54             
  196.810      242.3 M        53             
  207.845      243.5 M        52             
  225.991      244.3 M        51             
  250.146      245.1 M        50             
  372.831      246.1 M        49             
