printing solutions in: ./dogs-color/insts/cgshop22/vispecn61049.instance.json.solution.json
printing perfs in: ./dogs-color/insts/cgshop22/vispecn61049.instance.json.perf.json

CGSHOP Instance: compute neighbors...
computing neighbors (0 / 61049)...
computing neighbors (1000 / 61049)...
computing neighbors (2000 / 61049)...
computing neighbors (3000 / 61049)...
computing neighbors (4000 / 61049)...
computing neighbors (5000 / 61049)...
computing neighbors (6000 / 61049)...
computing neighbors (7000 / 61049)...
computing neighbors (8000 / 61049)...
computing neighbors (9000 / 61049)...
computing neighbors (10000 / 61049)...
computing neighbors (11000 / 61049)...
computing neighbors (12000 / 61049)...
computing neighbors (13000 / 61049)...
computing neighbors (14000 / 61049)...
computing neighbors (15000 / 61049)...
computing neighbors (16000 / 61049)...
computing neighbors (17000 / 61049)...
computing neighbors (18000 / 61049)...
computing neighbors (19000 / 61049)...
computing neighbors (20000 / 61049)...
computing neighbors (21000 / 61049)...
computing neighbors (22000 / 61049)...
computing neighbors (23000 / 61049)...
computing neighbors (24000 / 61049)...
computing neighbors (25000 / 61049)...
computing neighbors (26000 / 61049)...
computing neighbors (27000 / 61049)...
computing neighbors (28000 / 61049)...
computing neighbors (29000 / 61049)...
computing neighbors (30000 / 61049)...
computing neighbors (31000 / 61049)...
computing neighbors (32000 / 61049)...
computing neighbors (33000 / 61049)...
computing neighbors (34000 / 61049)...
computing neighbors (35000 / 61049)...
computing neighbors (36000 / 61049)...
computing neighbors (37000 / 61049)...
computing neighbors (38000 / 61049)...
computing neighbors (39000 / 61049)...
computing neighbors (40000 / 61049)...
computing neighbors (41000 / 61049)...
computing neighbors (42000 / 61049)...
computing neighbors (43000 / 61049)...
computing neighbors (44000 / 61049)...
computing neighbors (45000 / 61049)...
computing neighbors (46000 / 61049)...
computing neighbors (47000 / 61049)...
computing neighbors (48000 / 61049)...
computing neighbors (49000 / 61049)...
computing neighbors (50000 / 61049)...
computing neighbors (51000 / 61049)...
computing neighbors (52000 / 61049)...
computing neighbors (53000 / 61049)...
computing neighbors (54000 / 61049)...
computing neighbors (55000 / 61049)...
computing neighbors (56000 / 61049)...
computing neighbors (57000 / 61049)...
computing neighbors (58000 / 61049)...
computing neighbors (59000 / 61049)...
computing neighbors (60000 / 61049)...
computing neighbors (61000 / 61049)...
85578      vertices
61049      segments
488        dominations
=======================
CGSHOP Instance: compute neighbors...
computing neighbors (0 / 61049)...
computing neighbors (1000 / 61049)...
computing neighbors (2000 / 61049)...
computing neighbors (3000 / 61049)...
computing neighbors (4000 / 61049)...
computing neighbors (5000 / 61049)...
computing neighbors (6000 / 61049)...
computing neighbors (7000 / 61049)...
computing neighbors (8000 / 61049)...
computing neighbors (9000 / 61049)...
computing neighbors (10000 / 61049)...
computing neighbors (11000 / 61049)...
computing neighbors (12000 / 61049)...
computing neighbors (13000 / 61049)...
computing neighbors (14000 / 61049)...
computing neighbors (15000 / 61049)...
computing neighbors (16000 / 61049)...
computing neighbors (17000 / 61049)...
computing neighbors (18000 / 61049)...
computing neighbors (19000 / 61049)...
computing neighbors (20000 / 61049)...
computing neighbors (21000 / 61049)...
computing neighbors (22000 / 61049)...
computing neighbors (23000 / 61049)...
computing neighbors (24000 / 61049)...
computing neighbors (25000 / 61049)...
computing neighbors (26000 / 61049)...
computing neighbors (27000 / 61049)...
computing neighbors (28000 / 61049)...
computing neighbors (29000 / 61049)...
computing neighbors (30000 / 61049)...
computing neighbors (31000 / 61049)...
computing neighbors (32000 / 61049)...
computing neighbors (33000 / 61049)...
computing neighbors (34000 / 61049)...
computing neighbors (35000 / 61049)...
computing neighbors (36000 / 61049)...
computing neighbors (37000 / 61049)...
computing neighbors (38000 / 61049)...
computing neighbors (39000 / 61049)...
computing neighbors (40000 / 61049)...
computing neighbors (41000 / 61049)...
computing neighbors (42000 / 61049)...
computing neighbors (43000 / 61049)...
computing neighbors (44000 / 61049)...
computing neighbors (45000 / 61049)...
computing neighbors (46000 / 61049)...
computing neighbors (47000 / 61049)...
computing neighbors (48000 / 61049)...
computing neighbors (49000 / 61049)...
computing neighbors (50000 / 61049)...
computing neighbors (51000 / 61049)...
computing neighbors (52000 / 61049)...
computing neighbors (53000 / 61049)...
computing neighbors (54000 / 61049)...
computing neighbors (55000 / 61049)...
computing neighbors (56000 / 61049)...
computing neighbors (57000 / 61049)...
computing neighbors (58000 / 61049)...
computing neighbors (59000 / 61049)...
computing neighbors (60000 / 61049)...
computing neighbors (61000 / 61049)...
colored 1000 / 61049...
colored 2000 / 61049...
colored 3000 / 61049...
colored 4000 / 61049...
colored 5000 / 61049...
colored 6000 / 61049...
colored 7000 / 61049...
colored 8000 / 61049...
colored 9000 / 61049...
colored 10000 / 61049...
colored 11000 / 61049...
colored 12000 / 61049...
colored 13000 / 61049...
colored 14000 / 61049...
colored 15000 / 61049...
colored 16000 / 61049...
colored 17000 / 61049...
colored 18000 / 61049...
colored 19000 / 61049...
colored 20000 / 61049...
colored 21000 / 61049...
colored 22000 / 61049...
colored 23000 / 61049...
colored 24000 / 61049...
colored 25000 / 61049...
colored 26000 / 61049...
colored 27000 / 61049...
colored 28000 / 61049...
colored 29000 / 61049...
colored 30000 / 61049...
colored 31000 / 61049...
colored 32000 / 61049...
colored 33000 / 61049...
colored 34000 / 61049...
colored 35000 / 61049...
colored 36000 / 61049...
colored 37000 / 61049...
colored 38000 / 61049...
colored 39000 / 61049...
colored 40000 / 61049...
colored 41000 / 61049...
colored 42000 / 61049...
colored 43000 / 61049...
colored 44000 / 61049...
colored 45000 / 61049...
colored 46000 / 61049...
colored 47000 / 61049...
colored 48000 / 61049...
colored 49000 / 61049...
colored 50000 / 61049...
colored 51000 / 61049...
colored 52000 / 61049...
colored 53000 / 61049...
colored 54000 / 61049...
colored 55000 / 61049...
colored 56000 / 61049...
colored 57000 / 61049...
colored 58000 / 61049...
colored 59000 / 61049...
colored 60000 / 61049...
colored 61000 / 61049...
greedy found 434 colors in 47.251 seconds
 time (s)      nb nodes       objective      
---------------------------------------------
  14.793                      434            
  26.146       48.7 M         433            
  45.999       89.8 M         432            
  56.294       124.8 M        431            
  65.997       154.0 M        430            
  74.464       177.3 M        429            
  82.428       203.3 M        428            
  89.996       223.8 M        427            
  98.051       242.8 M        426            
  105.524      261.3 M        425            
  112.681      275.3 M        424            
  119.397      286.0 M        423            
  125.983      301.5 M        422            
  132.236      312.0 M        421            
  138.640      325.2 M        420            
  145.905      337.6 M        419            
  151.920      347.1 M        418            
  158.964      355.8 M        417            
  165.120      365.6 M        416            
  170.324      373.3 M        415            
  176.295      380.2 M        414            
  181.817      386.9 M        413            
  187.117      392.0 M        412            
  192.294      397.3 M        411            
  196.972      403.4 M        410            
  202.017      409.7 M        409            
  207.684      413.2 M        408            
  212.210      417.2 M        407            
  216.921      421.9 M        406            
  221.817      425.4 M        405            
  227.044      429.9 M        404            
  231.708      433.4 M        403            
  236.590      436.0 M        402            
  241.205      438.9 M        401            
  245.804      441.3 M        400            
  251.633      443.9 M        399            
  256.056      446.2 M        398            
  259.921      448.2 M        397            
  265.009      449.9 M        396            
  270.075      451.8 M        395            
  274.467      454.0 M        394            
  279.816      455.8 M        393            
  284.906      456.7 M        392            
  290.529      457.7 M        391            
  294.468      458.8 M        390            
  299.404      459.5 M        389            
  303.761      460.3 M        388            
  307.822      461.0 M        387            
  312.555      461.9 M        386            
  317.039      463.0 M        385            
  322.640      463.6 M        384            
  326.932      464.2 M        383            
  332.584      464.5 M        382            
  338.472      465.5 M        381            
  343.853      466.2 M        380            
  349.679      466.9 M        379            
  355.267      467.4 M        378            
  361.157      468.6 M        377            
  369.137      469.5 M        376            
  373.299      470.1 M        375            
  377.348      470.4 M        374            
  388.967      471.0 M        373            
  396.244      471.3 M        372            
  400.767      472.0 M        371            
  413.150      472.3 M        370            
  420.862      472.8 M        369            
  427.466      472.9 M        368            
  449.492      473.2 M        367            
  456.470      473.4 M        366            
  462.817      473.6 M        365            
  473.726      473.8 M        364            
  482.348      474.0 M        363            
  499.124      474.3 M        362            
  514.740      474.5 M        361            
  523.467      474.7 M        360            
  534.256      474.9 M        359            
  565.531      475.1 M        358            
  658.102      475.6 M        357            
  728.708      475.8 M        356            
  760.836      476.1 M        355            
  832.588      476.6 M        354            
  922.272      476.9 M        353            
  972.821      477.1 M        352            
  1048.631     477.3 M        351            
  1223.230     477.7 M        350            
  1283.589     477.9 M        349            
  1410.771     478.2 M        348            
  2289.446     479.4 M        347            
  2385.818     479.7 M        346            
  3451.401     481.2 M        345            
  5460.887     483.8 M        344            
  9562.971     489.2 M        343            
  13451.712    494.4 M        342            
  28294.508    512.9 M        341            
  51253.332    539.7 M        340            
