printing solutions in: ./dogs-color/insts/cgshop22/visp41039.instance.json.solution.json
printing perfs in: ./dogs-color/insts/cgshop22/visp41039.instance.json.perf.json

CGSHOP Instance: compute neighbors...
computing neighbors (0 / 41039)...
computing neighbors (1000 / 41039)...
computing neighbors (2000 / 41039)...
computing neighbors (3000 / 41039)...
computing neighbors (4000 / 41039)...
computing neighbors (5000 / 41039)...
computing neighbors (6000 / 41039)...
computing neighbors (7000 / 41039)...
computing neighbors (8000 / 41039)...
computing neighbors (9000 / 41039)...
computing neighbors (10000 / 41039)...
computing neighbors (11000 / 41039)...
computing neighbors (12000 / 41039)...
computing neighbors (13000 / 41039)...
computing neighbors (14000 / 41039)...
computing neighbors (15000 / 41039)...
computing neighbors (16000 / 41039)...
computing neighbors (17000 / 41039)...
computing neighbors (18000 / 41039)...
computing neighbors (19000 / 41039)...
computing neighbors (20000 / 41039)...
computing neighbors (21000 / 41039)...
computing neighbors (22000 / 41039)...
computing neighbors (23000 / 41039)...
computing neighbors (24000 / 41039)...
computing neighbors (25000 / 41039)...
computing neighbors (26000 / 41039)...
computing neighbors (27000 / 41039)...
computing neighbors (28000 / 41039)...
computing neighbors (29000 / 41039)...
computing neighbors (30000 / 41039)...
computing neighbors (31000 / 41039)...
computing neighbors (32000 / 41039)...
computing neighbors (33000 / 41039)...
computing neighbors (34000 / 41039)...
computing neighbors (35000 / 41039)...
computing neighbors (36000 / 41039)...
computing neighbors (37000 / 41039)...
computing neighbors (38000 / 41039)...
computing neighbors (39000 / 41039)...
computing neighbors (40000 / 41039)...
computing neighbors (41000 / 41039)...
607        vertices
41039      segments
18957      dominations
=======================
CGSHOP Instance: compute neighbors...
computing neighbors (0 / 41039)...
computing neighbors (1000 / 41039)...
computing neighbors (2000 / 41039)...
computing neighbors (3000 / 41039)...
computing neighbors (4000 / 41039)...
computing neighbors (5000 / 41039)...
computing neighbors (6000 / 41039)...
computing neighbors (7000 / 41039)...
computing neighbors (8000 / 41039)...
computing neighbors (9000 / 41039)...
computing neighbors (10000 / 41039)...
computing neighbors (11000 / 41039)...
computing neighbors (12000 / 41039)...
computing neighbors (13000 / 41039)...
computing neighbors (14000 / 41039)...
computing neighbors (15000 / 41039)...
computing neighbors (16000 / 41039)...
computing neighbors (17000 / 41039)...
computing neighbors (18000 / 41039)...
computing neighbors (19000 / 41039)...
computing neighbors (20000 / 41039)...
computing neighbors (21000 / 41039)...
computing neighbors (22000 / 41039)...
computing neighbors (23000 / 41039)...
computing neighbors (24000 / 41039)...
computing neighbors (25000 / 41039)...
computing neighbors (26000 / 41039)...
computing neighbors (27000 / 41039)...
computing neighbors (28000 / 41039)...
computing neighbors (29000 / 41039)...
computing neighbors (30000 / 41039)...
computing neighbors (31000 / 41039)...
computing neighbors (32000 / 41039)...
computing neighbors (33000 / 41039)...
computing neighbors (34000 / 41039)...
computing neighbors (35000 / 41039)...
computing neighbors (36000 / 41039)...
computing neighbors (37000 / 41039)...
computing neighbors (38000 / 41039)...
computing neighbors (39000 / 41039)...
computing neighbors (40000 / 41039)...
computing neighbors (41000 / 41039)...
colored 1000 / 41039...
colored 2000 / 41039...
colored 3000 / 41039...
colored 4000 / 41039...
colored 5000 / 41039...
colored 6000 / 41039...
colored 7000 / 41039...
colored 8000 / 41039...
colored 9000 / 41039...
colored 10000 / 41039...
colored 11000 / 41039...
colored 12000 / 41039...
colored 13000 / 41039...
colored 14000 / 41039...
colored 15000 / 41039...
colored 16000 / 41039...
colored 17000 / 41039...
colored 18000 / 41039...
colored 19000 / 41039...
colored 20000 / 41039...
colored 21000 / 41039...
colored 22000 / 41039...
colored 23000 / 41039...
colored 24000 / 41039...
colored 25000 / 41039...
colored 26000 / 41039...
colored 27000 / 41039...
colored 28000 / 41039...
colored 29000 / 41039...
colored 30000 / 41039...
colored 31000 / 41039...
colored 32000 / 41039...
colored 33000 / 41039...
colored 34000 / 41039...
colored 35000 / 41039...
colored 36000 / 41039...
colored 37000 / 41039...
colored 38000 / 41039...
colored 39000 / 41039...
colored 40000 / 41039...
colored 41000 / 41039...
greedy found 151 colors in 17.791 seconds
 time (s)      nb nodes       objective      
---------------------------------------------
  7.060                       151            
  35.900       82.3 M         150            
  47.935       97.8 M         149            
  63.915       108.8 M        148            
  93.261       116.8 M        147            
  110.230      122.5 M        146            
  123.627      126.2 M        145            
  153.383      129.5 M        144            
  244.757      131.2 M        143            
  360.966      133.0 M        142            
  483.513      134.0 M        141            
  984.804      135.3 M        140            
  1893.372     137.0 M        139            
  6164.214     142.3 M        138            
  40627.949    182.0 M        137            
