printing solutions in: ./dogs-color/insts/cgshop22/vispecn27572.instance.json.solution.json
printing perfs in: ./dogs-color/insts/cgshop22/vispecn27572.instance.json.perf.json

CGSHOP Instance: compute neighbors...
computing neighbors (0 / 27572)...
computing neighbors (1000 / 27572)...
computing neighbors (2000 / 27572)...
computing neighbors (3000 / 27572)...
computing neighbors (4000 / 27572)...
computing neighbors (5000 / 27572)...
computing neighbors (6000 / 27572)...
computing neighbors (7000 / 27572)...
computing neighbors (8000 / 27572)...
computing neighbors (9000 / 27572)...
computing neighbors (10000 / 27572)...
computing neighbors (11000 / 27572)...
computing neighbors (12000 / 27572)...
computing neighbors (13000 / 27572)...
computing neighbors (14000 / 27572)...
computing neighbors (15000 / 27572)...
computing neighbors (16000 / 27572)...
computing neighbors (17000 / 27572)...
computing neighbors (18000 / 27572)...
computing neighbors (19000 / 27572)...
computing neighbors (20000 / 27572)...
computing neighbors (21000 / 27572)...
computing neighbors (22000 / 27572)...
computing neighbors (23000 / 27572)...
computing neighbors (24000 / 27572)...
computing neighbors (25000 / 27572)...
computing neighbors (26000 / 27572)...
computing neighbors (27000 / 27572)...
38734      vertices
27572      segments
242        dominations
=======================
CGSHOP Instance: compute neighbors...
computing neighbors (0 / 27572)...
computing neighbors (1000 / 27572)...
computing neighbors (2000 / 27572)...
computing neighbors (3000 / 27572)...
computing neighbors (4000 / 27572)...
computing neighbors (5000 / 27572)...
computing neighbors (6000 / 27572)...
computing neighbors (7000 / 27572)...
computing neighbors (8000 / 27572)...
computing neighbors (9000 / 27572)...
computing neighbors (10000 / 27572)...
computing neighbors (11000 / 27572)...
computing neighbors (12000 / 27572)...
computing neighbors (13000 / 27572)...
computing neighbors (14000 / 27572)...
computing neighbors (15000 / 27572)...
computing neighbors (16000 / 27572)...
computing neighbors (17000 / 27572)...
computing neighbors (18000 / 27572)...
computing neighbors (19000 / 27572)...
computing neighbors (20000 / 27572)...
computing neighbors (21000 / 27572)...
computing neighbors (22000 / 27572)...
computing neighbors (23000 / 27572)...
computing neighbors (24000 / 27572)...
computing neighbors (25000 / 27572)...
computing neighbors (26000 / 27572)...
computing neighbors (27000 / 27572)...
colored 1000 / 27572...
colored 2000 / 27572...
colored 3000 / 27572...
colored 4000 / 27572...
colored 5000 / 27572...
colored 6000 / 27572...
colored 7000 / 27572...
colored 8000 / 27572...
colored 9000 / 27572...
colored 10000 / 27572...
colored 11000 / 27572...
colored 12000 / 27572...
colored 13000 / 27572...
colored 14000 / 27572...
colored 15000 / 27572...
colored 16000 / 27572...
colored 17000 / 27572...
colored 18000 / 27572...
colored 19000 / 27572...
colored 20000 / 27572...
colored 21000 / 27572...
colored 22000 / 27572...
colored 23000 / 27572...
colored 24000 / 27572...
colored 25000 / 27572...
colored 26000 / 27572...
colored 27000 / 27572...
greedy found 382 colors in 9.915 seconds
 time (s)      nb nodes       objective      
---------------------------------------------
  3.846                       382            
  4.937        5.0 M          381            
  9.520        8.9 M          380            
  11.201       12.1 M         379            
  12.868       14.0 M         378            
  13.831       16.3 M         377            
  14.595       18.5 M         376            
  15.358       20.2 M         375            
  16.185       21.8 M         374            
  17.277       22.8 M         373            
  17.976       24.2 M         372            
  18.726       25.2 M         371            
  19.719       25.9 M         370            
  20.370       26.5 M         369            
  21.274       27.3 M         368            
  21.915       28.0 M         367            
  23.409       28.8 M         366            
  24.430       29.2 M         365            
  25.188       29.6 M         364            
  26.376       30.1 M         363            
  27.007       30.9 M         362            
  27.901       31.0 M         361            
  28.741       31.3 M         360            
  29.676       31.7 M         359            
  30.463       31.8 M         358            
  31.395       32.2 M         357            
  32.198       32.4 M         356            
  32.859       32.9 M         355            
  33.831       33.3 M         354            
  34.618       33.5 M         353            
  35.323       33.6 M         352            
  36.743       33.7 M         351            
  37.991       34.0 M         350            
  38.884       34.4 M         349            
  39.584       34.6 M         348            
  40.118       34.7 M         347            
  43.149       34.9 M         346            
  45.632       35.1 M         345            
  46.770       35.2 M         344            
  47.971       35.4 M         343            
  50.706       35.5 M         342            
  53.339       35.6 M         341            
  55.008       35.8 M         340            
  55.952       36.0 M         339            
  57.867       36.0 M         338            
  62.157       36.2 M         337            
  66.978       36.3 M         336            
  68.928       36.3 M         335            
  70.199       36.4 M         334            
  71.692       36.4 M         333            
  74.393       36.5 M         332            
  76.906       36.6 M         331            
  81.261       36.6 M         330            
  87.471       36.7 M         329            
  92.795       36.8 M         328            
  98.772       36.8 M         327            
  103.696      36.9 M         326            
  123.995      37.0 M         325            
  127.451      37.0 M         324            
  132.845      37.0 M         323            
  172.343      37.2 M         322            
  199.840      37.3 M         321            
  208.645      37.3 M         320            
  247.800      37.4 M         319            
  273.289      37.5 M         318            
  287.516      37.6 M         317            
  415.649      37.9 M         316            
  530.887      38.1 M         315            
  678.189      38.4 M         314            
  923.906      38.8 M         313            
  1639.843     40.3 M         312            
  2167.581     41.4 M         311            
  2466.037     42.0 M         310            
  3545.745     44.0 M         309            
  8203.295     51.9 M         308            
  44561.410    115.5 M        307            
