printing solutions in: ./dogs-color/insts/cgshop22/vispecn45672.instance.json.solution.json
printing perfs in: ./dogs-color/insts/cgshop22/vispecn45672.instance.json.perf.json

CGSHOP Instance: compute neighbors...
computing neighbors (0 / 45672)...
computing neighbors (1000 / 45672)...
computing neighbors (2000 / 45672)...
computing neighbors (3000 / 45672)...
computing neighbors (4000 / 45672)...
computing neighbors (5000 / 45672)...
computing neighbors (6000 / 45672)...
computing neighbors (7000 / 45672)...
computing neighbors (8000 / 45672)...
computing neighbors (9000 / 45672)...
computing neighbors (10000 / 45672)...
computing neighbors (11000 / 45672)...
computing neighbors (12000 / 45672)...
computing neighbors (13000 / 45672)...
computing neighbors (14000 / 45672)...
computing neighbors (15000 / 45672)...
computing neighbors (16000 / 45672)...
computing neighbors (17000 / 45672)...
computing neighbors (18000 / 45672)...
computing neighbors (19000 / 45672)...
computing neighbors (20000 / 45672)...
computing neighbors (21000 / 45672)...
computing neighbors (22000 / 45672)...
computing neighbors (23000 / 45672)...
computing neighbors (24000 / 45672)...
computing neighbors (25000 / 45672)...
computing neighbors (26000 / 45672)...
computing neighbors (27000 / 45672)...
computing neighbors (28000 / 45672)...
computing neighbors (29000 / 45672)...
computing neighbors (30000 / 45672)...
computing neighbors (31000 / 45672)...
computing neighbors (32000 / 45672)...
computing neighbors (33000 / 45672)...
computing neighbors (34000 / 45672)...
computing neighbors (35000 / 45672)...
computing neighbors (36000 / 45672)...
computing neighbors (37000 / 45672)...
computing neighbors (38000 / 45672)...
computing neighbors (39000 / 45672)...
computing neighbors (40000 / 45672)...
computing neighbors (41000 / 45672)...
computing neighbors (42000 / 45672)...
computing neighbors (43000 / 45672)...
computing neighbors (44000 / 45672)...
computing neighbors (45000 / 45672)...
64056      vertices
45672      segments
310        dominations
=======================
CGSHOP Instance: compute neighbors...
computing neighbors (0 / 45672)...
computing neighbors (1000 / 45672)...
computing neighbors (2000 / 45672)...
computing neighbors (3000 / 45672)...
computing neighbors (4000 / 45672)...
computing neighbors (5000 / 45672)...
computing neighbors (6000 / 45672)...
computing neighbors (7000 / 45672)...
computing neighbors (8000 / 45672)...
computing neighbors (9000 / 45672)...
computing neighbors (10000 / 45672)...
computing neighbors (11000 / 45672)...
computing neighbors (12000 / 45672)...
computing neighbors (13000 / 45672)...
computing neighbors (14000 / 45672)...
computing neighbors (15000 / 45672)...
computing neighbors (16000 / 45672)...
computing neighbors (17000 / 45672)...
computing neighbors (18000 / 45672)...
computing neighbors (19000 / 45672)...
computing neighbors (20000 / 45672)...
computing neighbors (21000 / 45672)...
computing neighbors (22000 / 45672)...
computing neighbors (23000 / 45672)...
computing neighbors (24000 / 45672)...
computing neighbors (25000 / 45672)...
computing neighbors (26000 / 45672)...
computing neighbors (27000 / 45672)...
computing neighbors (28000 / 45672)...
computing neighbors (29000 / 45672)...
computing neighbors (30000 / 45672)...
computing neighbors (31000 / 45672)...
computing neighbors (32000 / 45672)...
computing neighbors (33000 / 45672)...
computing neighbors (34000 / 45672)...
computing neighbors (35000 / 45672)...
computing neighbors (36000 / 45672)...
computing neighbors (37000 / 45672)...
computing neighbors (38000 / 45672)...
computing neighbors (39000 / 45672)...
computing neighbors (40000 / 45672)...
computing neighbors (41000 / 45672)...
computing neighbors (42000 / 45672)...
computing neighbors (43000 / 45672)...
computing neighbors (44000 / 45672)...
computing neighbors (45000 / 45672)...
colored 1000 / 45672...
colored 2000 / 45672...
colored 3000 / 45672...
colored 4000 / 45672...
colored 5000 / 45672...
colored 6000 / 45672...
colored 7000 / 45672...
colored 8000 / 45672...
colored 9000 / 45672...
colored 10000 / 45672...
colored 11000 / 45672...
colored 12000 / 45672...
colored 13000 / 45672...
colored 14000 / 45672...
colored 15000 / 45672...
colored 16000 / 45672...
colored 17000 / 45672...
colored 18000 / 45672...
colored 19000 / 45672...
colored 20000 / 45672...
colored 21000 / 45672...
colored 22000 / 45672...
colored 23000 / 45672...
colored 24000 / 45672...
colored 25000 / 45672...
colored 26000 / 45672...
colored 27000 / 45672...
colored 28000 / 45672...
colored 29000 / 45672...
colored 30000 / 45672...
colored 31000 / 45672...
colored 32000 / 45672...
colored 33000 / 45672...
colored 34000 / 45672...
colored 35000 / 45672...
colored 36000 / 45672...
colored 37000 / 45672...
colored 38000 / 45672...
colored 39000 / 45672...
colored 40000 / 45672...
colored 41000 / 45672...
colored 42000 / 45672...
colored 43000 / 45672...
colored 44000 / 45672...
colored 45000 / 45672...
greedy found 344 colors in 24.631 seconds
 time (s)      nb nodes       objective      
---------------------------------------------
  7.744                       344            
  12.241       14.0 M         343            
  15.451       22.5 M         342            
  18.653       31.0 M         341            
  21.853       36.9 M         340            
  24.898       43.2 M         339            
  27.853       47.1 M         338            
  30.304       50.4 M         337            
  32.711       54.5 M         336            
  35.266       57.8 M         335            
  37.738       60.0 M         334            
  40.224       62.2 M         333            
  42.286       64.8 M         332            
  45.243       66.5 M         331            
  47.281       68.5 M         330            
  49.529       70.2 M         329            
  51.751       71.8 M         328            
  54.087       72.9 M         327            
  55.952       74.7 M         326            
  58.007       76.1 M         325            
  60.430       77.1 M         324            
  62.565       78.0 M         323            
  64.516       79.2 M         322            
  66.893       79.8 M         321            
  69.382       80.5 M         320            
  71.448       81.1 M         319            
  73.129       82.2 M         318            
  75.629       82.6 M         317            
  78.548       83.1 M         316            
  80.397       83.6 M         315            
  82.653       84.2 M         314            
  84.408       85.0 M         313            
  86.423       85.6 M         312            
  89.019       86.0 M         311            
  91.035       86.5 M         310            
  92.980       86.8 M         309            
  94.931       87.4 M         308            
  96.613       87.8 M         307            
  98.827       88.1 M         306            
  100.810      88.2 M         305            
  103.169      88.7 M         304            
  105.233      89.0 M         303            
  107.230      89.2 M         302            
  109.491      89.4 M         301            
  111.253      89.7 M         300            
  113.218      90.1 M         299            
  115.264      90.2 M         298            
  117.288      90.5 M         297            
  119.126      90.7 M         296            
  121.532      90.8 M         295            
  123.281      91.1 M         294            
  124.731      91.2 M         293            
  126.435      91.3 M         292            
  128.635      91.5 M         291            
  130.275      91.6 M         290            
  132.919      91.7 M         289            
  135.543      91.8 M         288            
  137.763      92.0 M         287            
  139.979      92.0 M         286            
  142.678      92.1 M         285            
  145.516      92.1 M         284            
  147.742      92.2 M         283            
  150.024      92.2 M         282            
  152.474      92.3 M         281            
  154.703      92.4 M         280            
  157.020      92.4 M         279            
  158.875      92.5 M         278            
  162.028      92.5 M         277            
  164.825      92.6 M         276            
  167.173      92.6 M         275            
  170.397      92.7 M         274            
  173.016      92.7 M         273            
  175.993      92.7 M         272            
  179.594      92.8 M         271            
  182.582      92.8 M         270            
  185.547      92.8 M         269            
  187.752      92.9 M         268            
  192.696      93.0 M         267            
  196.243      93.0 M         266            
  201.249      93.1 M         265            
  206.685      93.1 M         264            
  213.023      93.1 M         263            
  216.758      93.2 M         262            
  224.554      93.2 M         261            
  231.197      93.3 M         260            
  235.549      93.3 M         259            
  240.964      93.3 M         258            
  250.363      93.4 M         257            
  257.203      93.4 M         256            
  262.707      93.5 M         255            
  269.935      93.5 M         254            
  282.869      93.6 M         253            
  289.605      93.6 M         252            
  301.173      93.7 M         251            
  325.094      93.8 M         250            
  339.072      93.8 M         249            
  356.558      93.9 M         248            
  391.308      94.0 M         247            
  453.669      94.2 M         246            
  518.474      94.4 M         245            
  554.373      94.5 M         244            
  625.009      94.7 M         243            
  696.757      94.9 M         242            
  821.368      95.3 M         241            
  955.695      95.6 M         240            
  1116.447     96.0 M         239            
  1237.812     96.3 M         238            
  1424.334     96.8 M         237            
  1909.316     98.0 M         236            
  2864.556     100.2 M        235            
  6516.148     107.2 M        234            
  12806.353    119.3 M        233            
  29677.785    147.3 M        232            
  45130.965    173.6 M        231            
