printing solutions in: ./dogs-color/insts/cgshop22/vispecn50715.instance.json.solution.json
printing perfs in: ./dogs-color/insts/cgshop22/vispecn50715.instance.json.perf.json

CGSHOP Instance: compute neighbors...
computing neighbors (0 / 50715)...
computing neighbors (1000 / 50715)...
computing neighbors (2000 / 50715)...
computing neighbors (3000 / 50715)...
computing neighbors (4000 / 50715)...
computing neighbors (5000 / 50715)...
computing neighbors (6000 / 50715)...
computing neighbors (7000 / 50715)...
computing neighbors (8000 / 50715)...
computing neighbors (9000 / 50715)...
computing neighbors (10000 / 50715)...
computing neighbors (11000 / 50715)...
computing neighbors (12000 / 50715)...
computing neighbors (13000 / 50715)...
computing neighbors (14000 / 50715)...
computing neighbors (15000 / 50715)...
computing neighbors (16000 / 50715)...
computing neighbors (17000 / 50715)...
computing neighbors (18000 / 50715)...
computing neighbors (19000 / 50715)...
computing neighbors (20000 / 50715)...
computing neighbors (21000 / 50715)...
computing neighbors (22000 / 50715)...
computing neighbors (23000 / 50715)...
computing neighbors (24000 / 50715)...
computing neighbors (25000 / 50715)...
computing neighbors (26000 / 50715)...
computing neighbors (27000 / 50715)...
computing neighbors (28000 / 50715)...
computing neighbors (29000 / 50715)...
computing neighbors (30000 / 50715)...
computing neighbors (31000 / 50715)...
computing neighbors (32000 / 50715)...
computing neighbors (33000 / 50715)...
computing neighbors (34000 / 50715)...
computing neighbors (35000 / 50715)...
computing neighbors (36000 / 50715)...
computing neighbors (37000 / 50715)...
computing neighbors (38000 / 50715)...
computing neighbors (39000 / 50715)...
computing neighbors (40000 / 50715)...
computing neighbors (41000 / 50715)...
computing neighbors (42000 / 50715)...
computing neighbors (43000 / 50715)...
computing neighbors (44000 / 50715)...
computing neighbors (45000 / 50715)...
computing neighbors (46000 / 50715)...
computing neighbors (47000 / 50715)...
computing neighbors (48000 / 50715)...
computing neighbors (49000 / 50715)...
computing neighbors (50000 / 50715)...
71034      vertices
50715      segments
362        dominations
=======================
CGSHOP Instance: compute neighbors...
computing neighbors (0 / 50715)...
computing neighbors (1000 / 50715)...
computing neighbors (2000 / 50715)...
computing neighbors (3000 / 50715)...
computing neighbors (4000 / 50715)...
computing neighbors (5000 / 50715)...
computing neighbors (6000 / 50715)...
computing neighbors (7000 / 50715)...
computing neighbors (8000 / 50715)...
computing neighbors (9000 / 50715)...
computing neighbors (10000 / 50715)...
computing neighbors (11000 / 50715)...
computing neighbors (12000 / 50715)...
computing neighbors (13000 / 50715)...
computing neighbors (14000 / 50715)...
computing neighbors (15000 / 50715)...
computing neighbors (16000 / 50715)...
computing neighbors (17000 / 50715)...
computing neighbors (18000 / 50715)...
computing neighbors (19000 / 50715)...
computing neighbors (20000 / 50715)...
computing neighbors (21000 / 50715)...
computing neighbors (22000 / 50715)...
computing neighbors (23000 / 50715)...
computing neighbors (24000 / 50715)...
computing neighbors (25000 / 50715)...
computing neighbors (26000 / 50715)...
computing neighbors (27000 / 50715)...
computing neighbors (28000 / 50715)...
computing neighbors (29000 / 50715)...
computing neighbors (30000 / 50715)...
computing neighbors (31000 / 50715)...
computing neighbors (32000 / 50715)...
computing neighbors (33000 / 50715)...
computing neighbors (34000 / 50715)...
computing neighbors (35000 / 50715)...
computing neighbors (36000 / 50715)...
computing neighbors (37000 / 50715)...
computing neighbors (38000 / 50715)...
computing neighbors (39000 / 50715)...
computing neighbors (40000 / 50715)...
computing neighbors (41000 / 50715)...
computing neighbors (42000 / 50715)...
computing neighbors (43000 / 50715)...
computing neighbors (44000 / 50715)...
computing neighbors (45000 / 50715)...
computing neighbors (46000 / 50715)...
computing neighbors (47000 / 50715)...
computing neighbors (48000 / 50715)...
computing neighbors (49000 / 50715)...
computing neighbors (50000 / 50715)...
colored 1000 / 50715...
colored 2000 / 50715...
colored 3000 / 50715...
colored 4000 / 50715...
colored 5000 / 50715...
colored 6000 / 50715...
colored 7000 / 50715...
colored 8000 / 50715...
colored 9000 / 50715...
colored 10000 / 50715...
colored 11000 / 50715...
colored 12000 / 50715...
colored 13000 / 50715...
colored 14000 / 50715...
colored 15000 / 50715...
colored 16000 / 50715...
colored 17000 / 50715...
colored 18000 / 50715...
colored 19000 / 50715...
colored 20000 / 50715...
colored 21000 / 50715...
colored 22000 / 50715...
colored 23000 / 50715...
colored 24000 / 50715...
colored 25000 / 50715...
colored 26000 / 50715...
colored 27000 / 50715...
colored 28000 / 50715...
colored 29000 / 50715...
colored 30000 / 50715...
colored 31000 / 50715...
colored 32000 / 50715...
colored 33000 / 50715...
colored 34000 / 50715...
colored 35000 / 50715...
colored 36000 / 50715...
colored 37000 / 50715...
colored 38000 / 50715...
colored 39000 / 50715...
colored 40000 / 50715...
colored 41000 / 50715...
colored 42000 / 50715...
colored 43000 / 50715...
colored 44000 / 50715...
colored 45000 / 50715...
colored 46000 / 50715...
colored 47000 / 50715...
colored 48000 / 50715...
colored 49000 / 50715...
colored 50000 / 50715...
greedy found 364 colors in 32.058 seconds
 time (s)      nb nodes       objective      
---------------------------------------------
  9.539                       364            
  16.636       23.3 M         363            
  23.245       42.5 M         362            
  29.126       58.1 M         361            
  34.519       72.4 M         360            
  39.376       82.2 M         359            
  44.467       93.6 M         358            
  48.996       102.5 M        357            
  52.804       107.9 M        356            
  56.825       115.8 M        355            
  60.816       121.6 M        354            
  64.365       126.7 M        353            
  68.313       131.3 M        352            
  72.023       137.6 M        351            
  76.137       143.3 M        350            
  79.663       148.2 M        349            
  83.399       150.5 M        348            
  86.811       153.9 M        347            
  90.196       157.8 M        346            
  93.420       160.4 M        345            
  97.095       162.3 M        344            
  100.121      165.8 M        343            
  103.159      167.7 M        342            
  106.479      169.1 M        341            
  109.200      172.1 M        340            
  112.281      174.3 M        339            
  115.406      175.2 M        338            
  118.436      177.3 M        337            
  121.413      178.8 M        336            
  124.541      179.5 M        335            
  127.114      181.0 M        334            
  129.636      182.5 M        333            
  132.656      183.2 M        332            
  134.930      184.9 M        331            
  137.656      185.3 M        330            
  140.782      186.3 M        329            
  143.290      187.8 M        328            
  146.201      188.3 M        327            
  149.354      189.1 M        326            
  152.224      189.6 M        325            
  154.088      190.1 M        324            
  156.671      190.9 M        323            
  159.089      192.0 M        322            
  161.982      192.2 M        321            
  165.157      192.5 M        320            
  168.654      192.9 M        319            
  171.296      193.8 M        318            
  174.219      194.2 M        317            
  177.784      194.3 M        316            
  179.853      194.7 M        315            
  182.606      195.3 M        314            
  185.349      196.0 M        313            
  187.404      196.4 M        312            
  190.027      196.6 M        311            
  192.502      196.8 M        310            
  194.959      197.0 M        309            
  199.051      197.2 M        308            
  203.072      197.4 M        307            
  205.854      197.5 M        306            
  208.855      197.6 M        305            
  211.854      197.9 M        304            
  214.254      198.3 M        303            
  217.541      198.5 M        302            
  220.789      198.7 M        301            
  224.332      198.7 M        300            
  229.058      199.1 M        299            
  232.728      199.2 M        298            
  236.242      199.3 M        297            
  241.117      199.4 M        296            
  245.145      199.6 M        295            
  248.890      199.6 M        294            
  254.767      199.7 M        293            
  257.296      199.7 M        292            
  264.118      199.8 M        291            
  268.714      199.9 M        290            
  271.620      200.1 M        289            
  276.082      200.2 M        288            
  283.885      200.2 M        287            
  295.255      200.3 M        286            
  302.993      200.4 M        285            
  311.022      200.4 M        284            
  318.046      200.5 M        283            
  324.096      200.6 M        282            
  343.206      200.7 M        281            
  356.996      200.8 M        280            
  379.325      200.9 M        279            
  386.612      200.9 M        278            
  427.226      201.1 M        277            
  435.075      201.2 M        276            
  457.045      201.3 M        275            
  467.795      201.4 M        274            
  555.363      201.7 M        273            
  612.082      201.9 M        272            
  663.131      202.1 M        271            
  742.167      202.3 M        270            
  899.902      202.7 M        269            
  1223.364     203.6 M        268            
  1807.347     204.9 M        267            
  2160.009     205.8 M        266            
  2288.548     206.1 M        265            
  2682.265     207.0 M        264            
  7727.483     217.3 M        263            
  19771.656    240.6 M        262            
  30268.455    259.0 M        261            
