printing solutions in: ./dogs-color/insts/cgshop22/visp38574.instance.json.solution.json
printing perfs in: ./dogs-color/insts/cgshop22/visp38574.instance.json.perf.json

CGSHOP Instance: compute neighbors...
computing neighbors (0 / 38574)...
computing neighbors (1000 / 38574)...
computing neighbors (2000 / 38574)...
computing neighbors (3000 / 38574)...
computing neighbors (4000 / 38574)...
computing neighbors (5000 / 38574)...
computing neighbors (6000 / 38574)...
computing neighbors (7000 / 38574)...
computing neighbors (8000 / 38574)...
computing neighbors (9000 / 38574)...
computing neighbors (10000 / 38574)...
computing neighbors (11000 / 38574)...
computing neighbors (12000 / 38574)...
computing neighbors (13000 / 38574)...
computing neighbors (14000 / 38574)...
computing neighbors (15000 / 38574)...
computing neighbors (16000 / 38574)...
computing neighbors (17000 / 38574)...
computing neighbors (18000 / 38574)...
computing neighbors (19000 / 38574)...
computing neighbors (20000 / 38574)...
computing neighbors (21000 / 38574)...
computing neighbors (22000 / 38574)...
computing neighbors (23000 / 38574)...
computing neighbors (24000 / 38574)...
computing neighbors (25000 / 38574)...
computing neighbors (26000 / 38574)...
computing neighbors (27000 / 38574)...
computing neighbors (28000 / 38574)...
computing neighbors (29000 / 38574)...
computing neighbors (30000 / 38574)...
computing neighbors (31000 / 38574)...
computing neighbors (32000 / 38574)...
computing neighbors (33000 / 38574)...
computing neighbors (34000 / 38574)...
computing neighbors (35000 / 38574)...
computing neighbors (36000 / 38574)...
computing neighbors (37000 / 38574)...
computing neighbors (38000 / 38574)...
563        vertices
38574      segments
18605      dominations
=======================
CGSHOP Instance: compute neighbors...
computing neighbors (0 / 38574)...
computing neighbors (1000 / 38574)...
computing neighbors (2000 / 38574)...
computing neighbors (3000 / 38574)...
computing neighbors (4000 / 38574)...
computing neighbors (5000 / 38574)...
computing neighbors (6000 / 38574)...
computing neighbors (7000 / 38574)...
computing neighbors (8000 / 38574)...
computing neighbors (9000 / 38574)...
computing neighbors (10000 / 38574)...
computing neighbors (11000 / 38574)...
computing neighbors (12000 / 38574)...
computing neighbors (13000 / 38574)...
computing neighbors (14000 / 38574)...
computing neighbors (15000 / 38574)...
computing neighbors (16000 / 38574)...
computing neighbors (17000 / 38574)...
computing neighbors (18000 / 38574)...
computing neighbors (19000 / 38574)...
computing neighbors (20000 / 38574)...
computing neighbors (21000 / 38574)...
computing neighbors (22000 / 38574)...
computing neighbors (23000 / 38574)...
computing neighbors (24000 / 38574)...
computing neighbors (25000 / 38574)...
computing neighbors (26000 / 38574)...
computing neighbors (27000 / 38574)...
computing neighbors (28000 / 38574)...
computing neighbors (29000 / 38574)...
computing neighbors (30000 / 38574)...
computing neighbors (31000 / 38574)...
computing neighbors (32000 / 38574)...
computing neighbors (33000 / 38574)...
computing neighbors (34000 / 38574)...
computing neighbors (35000 / 38574)...
computing neighbors (36000 / 38574)...
computing neighbors (37000 / 38574)...
computing neighbors (38000 / 38574)...
colored 1000 / 38574...
colored 2000 / 38574...
colored 3000 / 38574...
colored 4000 / 38574...
colored 5000 / 38574...
colored 6000 / 38574...
colored 7000 / 38574...
colored 8000 / 38574...
colored 9000 / 38574...
colored 10000 / 38574...
colored 11000 / 38574...
colored 12000 / 38574...
colored 13000 / 38574...
colored 14000 / 38574...
colored 15000 / 38574...
colored 16000 / 38574...
colored 17000 / 38574...
colored 18000 / 38574...
colored 19000 / 38574...
colored 20000 / 38574...
colored 21000 / 38574...
colored 22000 / 38574...
colored 23000 / 38574...
colored 24000 / 38574...
colored 25000 / 38574...
colored 26000 / 38574...
colored 27000 / 38574...
colored 28000 / 38574...
colored 29000 / 38574...
colored 30000 / 38574...
colored 31000 / 38574...
colored 32000 / 38574...
colored 33000 / 38574...
colored 34000 / 38574...
colored 35000 / 38574...
colored 36000 / 38574...
colored 37000 / 38574...
colored 38000 / 38574...
greedy found 158 colors in 13.924 seconds
 time (s)      nb nodes       objective      
---------------------------------------------
  6.129                       158            
  30.370       70.1 M         157            
  36.157       82.7 M         156            
  41.913       92.5 M         155            
  58.306       99.0 M         154            
  63.233       103.7 M        153            
  73.808       107.8 M        152            
  81.057       110.8 M        151            
  93.834       112.6 M        150            
  108.423      114.5 M        149            
  124.684      115.7 M        148            
  150.027      116.4 M        147            
  174.599      117.2 M        146            
  222.526      117.7 M        145            
  281.260      118.4 M        144            
  453.469      118.9 M        143            
  815.557      119.8 M        142            
  1054.040     120.4 M        141            
  2529.499     122.3 M        140            
  6465.272     129.0 M        139            
  12005.164    136.1 M        138            
  25789.889    153.6 M        137            
