printing solutions in: ./dogs-color/insts/cgshop22/visp57201.instance.json.solution.json
printing perfs in: ./dogs-color/insts/cgshop22/visp57201.instance.json.perf.json

CGSHOP Instance: compute neighbors...
computing neighbors (0 / 57201)...
computing neighbors (1000 / 57201)...
computing neighbors (2000 / 57201)...
computing neighbors (3000 / 57201)...
computing neighbors (4000 / 57201)...
computing neighbors (5000 / 57201)...
computing neighbors (6000 / 57201)...
computing neighbors (7000 / 57201)...
computing neighbors (8000 / 57201)...
computing neighbors (9000 / 57201)...
computing neighbors (10000 / 57201)...
computing neighbors (11000 / 57201)...
computing neighbors (12000 / 57201)...
computing neighbors (13000 / 57201)...
computing neighbors (14000 / 57201)...
computing neighbors (15000 / 57201)...
computing neighbors (16000 / 57201)...
computing neighbors (17000 / 57201)...
computing neighbors (18000 / 57201)...
computing neighbors (19000 / 57201)...
computing neighbors (20000 / 57201)...
computing neighbors (21000 / 57201)...
computing neighbors (22000 / 57201)...
computing neighbors (23000 / 57201)...
computing neighbors (24000 / 57201)...
computing neighbors (25000 / 57201)...
computing neighbors (26000 / 57201)...
computing neighbors (27000 / 57201)...
computing neighbors (28000 / 57201)...
computing neighbors (29000 / 57201)...
computing neighbors (30000 / 57201)...
computing neighbors (31000 / 57201)...
computing neighbors (32000 / 57201)...
computing neighbors (33000 / 57201)...
computing neighbors (34000 / 57201)...
computing neighbors (35000 / 57201)...
computing neighbors (36000 / 57201)...
computing neighbors (37000 / 57201)...
computing neighbors (38000 / 57201)...
computing neighbors (39000 / 57201)...
computing neighbors (40000 / 57201)...
computing neighbors (41000 / 57201)...
computing neighbors (42000 / 57201)...
computing neighbors (43000 / 57201)...
computing neighbors (44000 / 57201)...
computing neighbors (45000 / 57201)...
computing neighbors (46000 / 57201)...
computing neighbors (47000 / 57201)...
computing neighbors (48000 / 57201)...
computing neighbors (49000 / 57201)...
computing neighbors (50000 / 57201)...
computing neighbors (51000 / 57201)...
computing neighbors (52000 / 57201)...
computing neighbors (53000 / 57201)...
computing neighbors (54000 / 57201)...
computing neighbors (55000 / 57201)...
computing neighbors (56000 / 57201)...
computing neighbors (57000 / 57201)...
718        vertices
57201      segments
27092      dominations
=======================
CGSHOP Instance: compute neighbors...
computing neighbors (0 / 57201)...
computing neighbors (1000 / 57201)...
computing neighbors (2000 / 57201)...
computing neighbors (3000 / 57201)...
computing neighbors (4000 / 57201)...
computing neighbors (5000 / 57201)...
computing neighbors (6000 / 57201)...
computing neighbors (7000 / 57201)...
computing neighbors (8000 / 57201)...
computing neighbors (9000 / 57201)...
computing neighbors (10000 / 57201)...
computing neighbors (11000 / 57201)...
computing neighbors (12000 / 57201)...
computing neighbors (13000 / 57201)...
computing neighbors (14000 / 57201)...
computing neighbors (15000 / 57201)...
computing neighbors (16000 / 57201)...
computing neighbors (17000 / 57201)...
computing neighbors (18000 / 57201)...
computing neighbors (19000 / 57201)...
computing neighbors (20000 / 57201)...
computing neighbors (21000 / 57201)...
computing neighbors (22000 / 57201)...
computing neighbors (23000 / 57201)...
computing neighbors (24000 / 57201)...
computing neighbors (25000 / 57201)...
computing neighbors (26000 / 57201)...
computing neighbors (27000 / 57201)...
computing neighbors (28000 / 57201)...
computing neighbors (29000 / 57201)...
computing neighbors (30000 / 57201)...
computing neighbors (31000 / 57201)...
computing neighbors (32000 / 57201)...
computing neighbors (33000 / 57201)...
computing neighbors (34000 / 57201)...
computing neighbors (35000 / 57201)...
computing neighbors (36000 / 57201)...
computing neighbors (37000 / 57201)...
computing neighbors (38000 / 57201)...
computing neighbors (39000 / 57201)...
computing neighbors (40000 / 57201)...
computing neighbors (41000 / 57201)...
computing neighbors (42000 / 57201)...
computing neighbors (43000 / 57201)...
computing neighbors (44000 / 57201)...
computing neighbors (45000 / 57201)...
computing neighbors (46000 / 57201)...
computing neighbors (47000 / 57201)...
computing neighbors (48000 / 57201)...
computing neighbors (49000 / 57201)...
computing neighbors (50000 / 57201)...
computing neighbors (51000 / 57201)...
computing neighbors (52000 / 57201)...
computing neighbors (53000 / 57201)...
computing neighbors (54000 / 57201)...
computing neighbors (55000 / 57201)...
computing neighbors (56000 / 57201)...
computing neighbors (57000 / 57201)...
colored 1000 / 57201...
colored 2000 / 57201...
colored 3000 / 57201...
colored 4000 / 57201...
colored 5000 / 57201...
colored 6000 / 57201...
colored 7000 / 57201...
colored 8000 / 57201...
colored 9000 / 57201...
colored 10000 / 57201...
colored 11000 / 57201...
colored 12000 / 57201...
colored 13000 / 57201...
colored 14000 / 57201...
colored 15000 / 57201...
colored 16000 / 57201...
colored 17000 / 57201...
colored 18000 / 57201...
colored 19000 / 57201...
colored 20000 / 57201...
colored 21000 / 57201...
colored 22000 / 57201...
colored 23000 / 57201...
colored 24000 / 57201...
colored 25000 / 57201...
colored 26000 / 57201...
colored 27000 / 57201...
colored 28000 / 57201...
colored 29000 / 57201...
colored 30000 / 57201...
colored 31000 / 57201...
colored 32000 / 57201...
colored 33000 / 57201...
colored 34000 / 57201...
colored 35000 / 57201...
colored 36000 / 57201...
colored 37000 / 57201...
colored 38000 / 57201...
colored 39000 / 57201...
colored 40000 / 57201...
colored 41000 / 57201...
colored 42000 / 57201...
colored 43000 / 57201...
colored 44000 / 57201...
colored 45000 / 57201...
colored 46000 / 57201...
colored 47000 / 57201...
colored 48000 / 57201...
colored 49000 / 57201...
colored 50000 / 57201...
colored 51000 / 57201...
colored 52000 / 57201...
colored 53000 / 57201...
colored 54000 / 57201...
colored 55000 / 57201...
colored 56000 / 57201...
colored 57000 / 57201...
greedy found 171 colors in 35.011 seconds
 time (s)      nb nodes       objective      
---------------------------------------------
  12.828                      171            
  73.854       117.0 M        170            
  106.069      154.9 M        169            
  133.529      176.6 M        168            
  154.047      187.8 M        167            
  175.719      196.8 M        166            
  194.192      203.1 M        165            
  214.050      206.8 M        164            
  231.317      212.7 M        163            
  250.442      216.8 M        162            
  276.588      219.0 M        161            
  310.051      221.0 M        160            
  327.568      224.2 M        159            
  355.632      226.5 M        158            
  380.747      227.8 M        157            
  403.266      230.0 M        156            
  452.570      231.4 M        155            
  477.825      232.2 M        154            
  525.174      233.1 M        153            
  553.333      233.8 M        152            
  605.547      234.4 M        151            
  751.993      235.1 M        150            
  829.680      235.5 M        149            
  907.279      236.3 M        148            
  1042.028     236.7 M        147            
  1171.622     237.1 M        146            
  1558.834     238.0 M        145            
  2263.489     238.9 M        144            
  2994.565     239.9 M        143            
  4646.151     241.8 M        142            
  33769.762    269.9 M        141            
