printing solutions in: ./dogs-color/insts/cgshop22/visp64932.instance.json.solution.json
printing perfs in: ./dogs-color/insts/cgshop22/visp64932.instance.json.perf.json

CGSHOP Instance: compute neighbors...
computing neighbors (0 / 64932)...
computing neighbors (1000 / 64932)...
computing neighbors (2000 / 64932)...
computing neighbors (3000 / 64932)...
computing neighbors (4000 / 64932)...
computing neighbors (5000 / 64932)...
computing neighbors (6000 / 64932)...
computing neighbors (7000 / 64932)...
computing neighbors (8000 / 64932)...
computing neighbors (9000 / 64932)...
computing neighbors (10000 / 64932)...
computing neighbors (11000 / 64932)...
computing neighbors (12000 / 64932)...
computing neighbors (13000 / 64932)...
computing neighbors (14000 / 64932)...
computing neighbors (15000 / 64932)...
computing neighbors (16000 / 64932)...
computing neighbors (17000 / 64932)...
computing neighbors (18000 / 64932)...
computing neighbors (19000 / 64932)...
computing neighbors (20000 / 64932)...
computing neighbors (21000 / 64932)...
computing neighbors (22000 / 64932)...
computing neighbors (23000 / 64932)...
computing neighbors (24000 / 64932)...
computing neighbors (25000 / 64932)...
computing neighbors (26000 / 64932)...
computing neighbors (27000 / 64932)...
computing neighbors (28000 / 64932)...
computing neighbors (29000 / 64932)...
computing neighbors (30000 / 64932)...
computing neighbors (31000 / 64932)...
computing neighbors (32000 / 64932)...
computing neighbors (33000 / 64932)...
computing neighbors (34000 / 64932)...
computing neighbors (35000 / 64932)...
computing neighbors (36000 / 64932)...
computing neighbors (37000 / 64932)...
computing neighbors (38000 / 64932)...
computing neighbors (39000 / 64932)...
computing neighbors (40000 / 64932)...
computing neighbors (41000 / 64932)...
computing neighbors (42000 / 64932)...
computing neighbors (43000 / 64932)...
computing neighbors (44000 / 64932)...
computing neighbors (45000 / 64932)...
computing neighbors (46000 / 64932)...
computing neighbors (47000 / 64932)...
computing neighbors (48000 / 64932)...
computing neighbors (49000 / 64932)...
computing neighbors (50000 / 64932)...
computing neighbors (51000 / 64932)...
computing neighbors (52000 / 64932)...
computing neighbors (53000 / 64932)...
computing neighbors (54000 / 64932)...
computing neighbors (55000 / 64932)...
computing neighbors (56000 / 64932)...
computing neighbors (57000 / 64932)...
computing neighbors (58000 / 64932)...
computing neighbors (59000 / 64932)...
computing neighbors (60000 / 64932)...
computing neighbors (61000 / 64932)...
computing neighbors (62000 / 64932)...
computing neighbors (63000 / 64932)...
computing neighbors (64000 / 64932)...
492        vertices
64932      segments
29977      dominations
=======================
CGSHOP Instance: compute neighbors...
computing neighbors (0 / 64932)...
computing neighbors (1000 / 64932)...
computing neighbors (2000 / 64932)...
computing neighbors (3000 / 64932)...
computing neighbors (4000 / 64932)...
computing neighbors (5000 / 64932)...
computing neighbors (6000 / 64932)...
computing neighbors (7000 / 64932)...
computing neighbors (8000 / 64932)...
computing neighbors (9000 / 64932)...
computing neighbors (10000 / 64932)...
computing neighbors (11000 / 64932)...
computing neighbors (12000 / 64932)...
computing neighbors (13000 / 64932)...
computing neighbors (14000 / 64932)...
computing neighbors (15000 / 64932)...
computing neighbors (16000 / 64932)...
computing neighbors (17000 / 64932)...
computing neighbors (18000 / 64932)...
computing neighbors (19000 / 64932)...
computing neighbors (20000 / 64932)...
computing neighbors (21000 / 64932)...
computing neighbors (22000 / 64932)...
computing neighbors (23000 / 64932)...
computing neighbors (24000 / 64932)...
computing neighbors (25000 / 64932)...
computing neighbors (26000 / 64932)...
computing neighbors (27000 / 64932)...
computing neighbors (28000 / 64932)...
computing neighbors (29000 / 64932)...
computing neighbors (30000 / 64932)...
computing neighbors (31000 / 64932)...
computing neighbors (32000 / 64932)...
computing neighbors (33000 / 64932)...
computing neighbors (34000 / 64932)...
computing neighbors (35000 / 64932)...
computing neighbors (36000 / 64932)...
computing neighbors (37000 / 64932)...
computing neighbors (38000 / 64932)...
computing neighbors (39000 / 64932)...
computing neighbors (40000 / 64932)...
computing neighbors (41000 / 64932)...
computing neighbors (42000 / 64932)...
computing neighbors (43000 / 64932)...
computing neighbors (44000 / 64932)...
computing neighbors (45000 / 64932)...
computing neighbors (46000 / 64932)...
computing neighbors (47000 / 64932)...
computing neighbors (48000 / 64932)...
computing neighbors (49000 / 64932)...
computing neighbors (50000 / 64932)...
computing neighbors (51000 / 64932)...
computing neighbors (52000 / 64932)...
computing neighbors (53000 / 64932)...
computing neighbors (54000 / 64932)...
computing neighbors (55000 / 64932)...
computing neighbors (56000 / 64932)...
computing neighbors (57000 / 64932)...
computing neighbors (58000 / 64932)...
computing neighbors (59000 / 64932)...
computing neighbors (60000 / 64932)...
computing neighbors (61000 / 64932)...
computing neighbors (62000 / 64932)...
computing neighbors (63000 / 64932)...
computing neighbors (64000 / 64932)...
colored 1000 / 64932...
colored 2000 / 64932...
colored 3000 / 64932...
colored 4000 / 64932...
colored 5000 / 64932...
colored 6000 / 64932...
colored 7000 / 64932...
colored 8000 / 64932...
colored 9000 / 64932...
colored 10000 / 64932...
colored 11000 / 64932...
colored 12000 / 64932...
colored 13000 / 64932...
colored 14000 / 64932...
colored 15000 / 64932...
colored 16000 / 64932...
colored 17000 / 64932...
colored 18000 / 64932...
colored 19000 / 64932...
colored 20000 / 64932...
colored 21000 / 64932...
colored 22000 / 64932...
colored 23000 / 64932...
colored 24000 / 64932...
colored 25000 / 64932...
colored 26000 / 64932...
colored 27000 / 64932...
colored 28000 / 64932...
colored 29000 / 64932...
colored 30000 / 64932...
colored 31000 / 64932...
colored 32000 / 64932...
colored 33000 / 64932...
colored 34000 / 64932...
colored 35000 / 64932...
colored 36000 / 64932...
colored 37000 / 64932...
colored 38000 / 64932...
colored 39000 / 64932...
colored 40000 / 64932...
colored 41000 / 64932...
colored 42000 / 64932...
colored 43000 / 64932...
colored 44000 / 64932...
colored 45000 / 64932...
colored 46000 / 64932...
colored 47000 / 64932...
colored 48000 / 64932...
colored 49000 / 64932...
colored 50000 / 64932...
colored 51000 / 64932...
colored 52000 / 64932...
colored 53000 / 64932...
colored 54000 / 64932...
colored 55000 / 64932...
colored 56000 / 64932...
colored 57000 / 64932...
colored 58000 / 64932...
colored 59000 / 64932...
colored 60000 / 64932...
colored 61000 / 64932...
colored 62000 / 64932...
colored 63000 / 64932...
colored 64000 / 64932...
greedy found 226 colors in 52.661 seconds
 time (s)      nb nodes       objective      
---------------------------------------------
  21.420                      226            
  58.350       75.5 M         225            
  70.427       88.6 M         224            
  81.306       97.9 M         223            
  92.292       105.4 M        222            
  109.424      110.1 M        221            
  126.191      114.5 M        220            
  194.876      117.5 M        219            
  241.748      119.6 M        218            
  272.729      121.3 M        217            
  356.573      122.3 M        216            
  434.455      123.4 M        215            
  631.069      124.0 M        214            
  856.280      124.5 M        213            
  1159.691     124.9 M        212            
  1327.376     125.5 M        211            
  1607.379     126.0 M        210            
  2083.761     126.7 M        209            
  2660.438     127.3 M        208            
  3465.932     128.1 M        207            
  5256.898     129.3 M        206            
  9315.391     132.4 M        205            
  12257.539    134.3 M        204            
  19596.240    140.3 M        203            
