printing solutions in: ./dogs-color/insts/cgshop22/vispecn26914.instance.json.solution.json
printing perfs in: ./dogs-color/insts/cgshop22/vispecn26914.instance.json.perf.json

CGSHOP Instance: compute neighbors...
computing neighbors (0 / 26914)...
computing neighbors (1000 / 26914)...
computing neighbors (2000 / 26914)...
computing neighbors (3000 / 26914)...
computing neighbors (4000 / 26914)...
computing neighbors (5000 / 26914)...
computing neighbors (6000 / 26914)...
computing neighbors (7000 / 26914)...
computing neighbors (8000 / 26914)...
computing neighbors (9000 / 26914)...
computing neighbors (10000 / 26914)...
computing neighbors (11000 / 26914)...
computing neighbors (12000 / 26914)...
computing neighbors (13000 / 26914)...
computing neighbors (14000 / 26914)...
computing neighbors (15000 / 26914)...
computing neighbors (16000 / 26914)...
computing neighbors (17000 / 26914)...
computing neighbors (18000 / 26914)...
computing neighbors (19000 / 26914)...
computing neighbors (20000 / 26914)...
computing neighbors (21000 / 26914)...
computing neighbors (22000 / 26914)...
computing neighbors (23000 / 26914)...
computing neighbors (24000 / 26914)...
computing neighbors (25000 / 26914)...
computing neighbors (26000 / 26914)...
37611      vertices
26914      segments
515        dominations
=======================
CGSHOP Instance: compute neighbors...
computing neighbors (0 / 26914)...
computing neighbors (1000 / 26914)...
computing neighbors (2000 / 26914)...
computing neighbors (3000 / 26914)...
computing neighbors (4000 / 26914)...
computing neighbors (5000 / 26914)...
computing neighbors (6000 / 26914)...
computing neighbors (7000 / 26914)...
computing neighbors (8000 / 26914)...
computing neighbors (9000 / 26914)...
computing neighbors (10000 / 26914)...
computing neighbors (11000 / 26914)...
computing neighbors (12000 / 26914)...
computing neighbors (13000 / 26914)...
computing neighbors (14000 / 26914)...
computing neighbors (15000 / 26914)...
computing neighbors (16000 / 26914)...
computing neighbors (17000 / 26914)...
computing neighbors (18000 / 26914)...
computing neighbors (19000 / 26914)...
computing neighbors (20000 / 26914)...
computing neighbors (21000 / 26914)...
computing neighbors (22000 / 26914)...
computing neighbors (23000 / 26914)...
computing neighbors (24000 / 26914)...
computing neighbors (25000 / 26914)...
computing neighbors (26000 / 26914)...
colored 1000 / 26914...
colored 2000 / 26914...
colored 3000 / 26914...
colored 4000 / 26914...
colored 5000 / 26914...
colored 6000 / 26914...
colored 7000 / 26914...
colored 8000 / 26914...
colored 9000 / 26914...
colored 10000 / 26914...
colored 11000 / 26914...
colored 12000 / 26914...
colored 13000 / 26914...
colored 14000 / 26914...
colored 15000 / 26914...
colored 16000 / 26914...
colored 17000 / 26914...
colored 18000 / 26914...
colored 19000 / 26914...
colored 20000 / 26914...
colored 21000 / 26914...
colored 22000 / 26914...
colored 23000 / 26914...
colored 24000 / 26914...
colored 25000 / 26914...
colored 26000 / 26914...
greedy found 264 colors in 7.539 seconds
 time (s)      nb nodes       objective      
---------------------------------------------
  2.785                       264            
  3.812        3.7 M          263            
  4.758        6.4 M          262            
  5.641        8.9 M          261            
  6.786        10.8 M         260            
  7.687        12.3 M         259            
  8.499        13.7 M         258            
  9.477        14.7 M         257            
  10.310       15.8 M         256            
  11.065       16.7 M         255            
  11.928       17.4 M         254            
  12.738       18.1 M         253            
  13.493       18.6 M         252            
  14.279       19.1 M         251            
  15.064       19.4 M         250            
  15.793       19.8 M         249            
  16.518       20.0 M         248            
  17.110       20.3 M         247            
  17.775       20.6 M         246            
  18.362       21.0 M         245            
  19.059       21.2 M         244            
  19.896       21.3 M         243            
  20.706       21.6 M         242            
  21.842       21.7 M         241            
  22.724       21.8 M         240            
  23.320       22.1 M         239            
  23.974       22.2 M         238            
  24.721       22.3 M         237            
  25.472       22.5 M         236            
  26.368       22.6 M         235            
  27.018       22.7 M         234            
  27.580       22.9 M         233            
  28.317       22.9 M         232            
  29.042       23.0 M         231            
  29.717       23.1 M         230            
  30.561       23.2 M         229            
  31.503       23.3 M         228            
  32.368       23.3 M         227            
  33.622       23.4 M         226            
  34.139       23.5 M         225            
  35.179       23.6 M         224            
  35.878       23.7 M         223            
  36.845       23.7 M         222            
  37.834       23.8 M         221            
  38.796       23.8 M         220            
  39.540       23.9 M         219            
  40.653       23.9 M         218            
  41.692       24.0 M         217            
  42.497       24.0 M         216            
  43.658       24.0 M         215            
  45.251       24.1 M         214            
  46.054       24.1 M         213            
  47.351       24.2 M         212            
  48.911       24.2 M         211            
  50.360       24.2 M         210            
  52.015       24.3 M         209            
  54.239       24.3 M         208            
  56.059       24.3 M         207            
  57.788       24.3 M         206            
  59.235       24.3 M         205            
  62.358       24.4 M         204            
  64.718       24.4 M         203            
  66.806       24.4 M         202            
  69.798       24.4 M         201            
  73.412       24.5 M         200            
  75.592       24.5 M         199            
  81.479       24.5 M         198            
  87.860       24.6 M         197            
  93.794       24.6 M         196            
  99.465       24.6 M         195            
  105.602      24.7 M         194            
  115.097      24.7 M         193            
  132.226      24.8 M         192            
  170.758      25.0 M         191            
  191.710      25.1 M         190            
  216.189      25.2 M         189            
  261.929      25.4 M         188            
  313.200      25.6 M         187            
  558.474      26.6 M         186            
  1058.005     28.5 M         185            
  1286.180     29.1 M         184            
  4012.226     38.7 M         183            
  9640.226     58.2 M         182            
  12749.990    67.4 M         181            
