printing solutions in: ./dogs-color/insts/cgshop22/visp59449.instance.json.solution.json
printing perfs in: ./dogs-color/insts/cgshop22/visp59449.instance.json.perf.json

CGSHOP Instance: compute neighbors...
computing neighbors (0 / 59449)...
computing neighbors (1000 / 59449)...
computing neighbors (2000 / 59449)...
computing neighbors (3000 / 59449)...
computing neighbors (4000 / 59449)...
computing neighbors (5000 / 59449)...
computing neighbors (6000 / 59449)...
computing neighbors (7000 / 59449)...
computing neighbors (8000 / 59449)...
computing neighbors (9000 / 59449)...
computing neighbors (10000 / 59449)...
computing neighbors (11000 / 59449)...
computing neighbors (12000 / 59449)...
computing neighbors (13000 / 59449)...
computing neighbors (14000 / 59449)...
computing neighbors (15000 / 59449)...
computing neighbors (16000 / 59449)...
computing neighbors (17000 / 59449)...
computing neighbors (18000 / 59449)...
computing neighbors (19000 / 59449)...
computing neighbors (20000 / 59449)...
computing neighbors (21000 / 59449)...
computing neighbors (22000 / 59449)...
computing neighbors (23000 / 59449)...
computing neighbors (24000 / 59449)...
computing neighbors (25000 / 59449)...
computing neighbors (26000 / 59449)...
computing neighbors (27000 / 59449)...
computing neighbors (28000 / 59449)...
computing neighbors (29000 / 59449)...
computing neighbors (30000 / 59449)...
computing neighbors (31000 / 59449)...
computing neighbors (32000 / 59449)...
computing neighbors (33000 / 59449)...
computing neighbors (34000 / 59449)...
computing neighbors (35000 / 59449)...
computing neighbors (36000 / 59449)...
computing neighbors (37000 / 59449)...
computing neighbors (38000 / 59449)...
computing neighbors (39000 / 59449)...
computing neighbors (40000 / 59449)...
computing neighbors (41000 / 59449)...
computing neighbors (42000 / 59449)...
computing neighbors (43000 / 59449)...
computing neighbors (44000 / 59449)...
computing neighbors (45000 / 59449)...
computing neighbors (46000 / 59449)...
computing neighbors (47000 / 59449)...
computing neighbors (48000 / 59449)...
computing neighbors (49000 / 59449)...
computing neighbors (50000 / 59449)...
computing neighbors (51000 / 59449)...
computing neighbors (52000 / 59449)...
computing neighbors (53000 / 59449)...
computing neighbors (54000 / 59449)...
computing neighbors (55000 / 59449)...
computing neighbors (56000 / 59449)...
computing neighbors (57000 / 59449)...
computing neighbors (58000 / 59449)...
computing neighbors (59000 / 59449)...
1157       vertices
59449      segments
28184      dominations
=======================
CGSHOP Instance: compute neighbors...
computing neighbors (0 / 59449)...
computing neighbors (1000 / 59449)...
computing neighbors (2000 / 59449)...
computing neighbors (3000 / 59449)...
computing neighbors (4000 / 59449)...
computing neighbors (5000 / 59449)...
computing neighbors (6000 / 59449)...
computing neighbors (7000 / 59449)...
computing neighbors (8000 / 59449)...
computing neighbors (9000 / 59449)...
computing neighbors (10000 / 59449)...
computing neighbors (11000 / 59449)...
computing neighbors (12000 / 59449)...
computing neighbors (13000 / 59449)...
computing neighbors (14000 / 59449)...
computing neighbors (15000 / 59449)...
computing neighbors (16000 / 59449)...
computing neighbors (17000 / 59449)...
computing neighbors (18000 / 59449)...
computing neighbors (19000 / 59449)...
computing neighbors (20000 / 59449)...
computing neighbors (21000 / 59449)...
computing neighbors (22000 / 59449)...
computing neighbors (23000 / 59449)...
computing neighbors (24000 / 59449)...
computing neighbors (25000 / 59449)...
computing neighbors (26000 / 59449)...
computing neighbors (27000 / 59449)...
computing neighbors (28000 / 59449)...
computing neighbors (29000 / 59449)...
computing neighbors (30000 / 59449)...
computing neighbors (31000 / 59449)...
computing neighbors (32000 / 59449)...
computing neighbors (33000 / 59449)...
computing neighbors (34000 / 59449)...
computing neighbors (35000 / 59449)...
computing neighbors (36000 / 59449)...
computing neighbors (37000 / 59449)...
computing neighbors (38000 / 59449)...
computing neighbors (39000 / 59449)...
computing neighbors (40000 / 59449)...
computing neighbors (41000 / 59449)...
computing neighbors (42000 / 59449)...
computing neighbors (43000 / 59449)...
computing neighbors (44000 / 59449)...
computing neighbors (45000 / 59449)...
computing neighbors (46000 / 59449)...
computing neighbors (47000 / 59449)...
computing neighbors (48000 / 59449)...
computing neighbors (49000 / 59449)...
computing neighbors (50000 / 59449)...
computing neighbors (51000 / 59449)...
computing neighbors (52000 / 59449)...
computing neighbors (53000 / 59449)...
computing neighbors (54000 / 59449)...
computing neighbors (55000 / 59449)...
computing neighbors (56000 / 59449)...
computing neighbors (57000 / 59449)...
computing neighbors (58000 / 59449)...
computing neighbors (59000 / 59449)...
colored 1000 / 59449...
colored 2000 / 59449...
colored 3000 / 59449...
colored 4000 / 59449...
colored 5000 / 59449...
colored 6000 / 59449...
colored 7000 / 59449...
colored 8000 / 59449...
colored 9000 / 59449...
colored 10000 / 59449...
colored 11000 / 59449...
colored 12000 / 59449...
colored 13000 / 59449...
colored 14000 / 59449...
colored 15000 / 59449...
colored 16000 / 59449...
colored 17000 / 59449...
colored 18000 / 59449...
colored 19000 / 59449...
colored 20000 / 59449...
colored 21000 / 59449...
colored 22000 / 59449...
colored 23000 / 59449...
colored 24000 / 59449...
colored 25000 / 59449...
colored 26000 / 59449...
colored 27000 / 59449...
colored 28000 / 59449...
colored 29000 / 59449...
colored 30000 / 59449...
colored 31000 / 59449...
colored 32000 / 59449...
colored 33000 / 59449...
colored 34000 / 59449...
colored 35000 / 59449...
colored 36000 / 59449...
colored 37000 / 59449...
colored 38000 / 59449...
colored 39000 / 59449...
colored 40000 / 59449...
colored 41000 / 59449...
colored 42000 / 59449...
colored 43000 / 59449...
colored 44000 / 59449...
colored 45000 / 59449...
colored 46000 / 59449...
colored 47000 / 59449...
colored 48000 / 59449...
colored 49000 / 59449...
colored 50000 / 59449...
colored 51000 / 59449...
colored 52000 / 59449...
colored 53000 / 59449...
colored 54000 / 59449...
colored 55000 / 59449...
colored 56000 / 59449...
colored 57000 / 59449...
colored 58000 / 59449...
colored 59000 / 59449...
greedy found 152 colors in 33.534 seconds
 time (s)      nb nodes       objective      
---------------------------------------------
  12.297                      152            
  211.250      372.4 M        151            
  324.805      515.5 M        150            
  399.593      588.5 M        149            
  464.319      634.6 M        148            
  521.514      666.3 M        147            
  574.379      688.4 M        146            
  623.785      703.9 M        145            
  672.338      717.5 M        144            
  715.122      726.5 M        143            
  759.634      735.2 M        142            
  799.243      742.1 M        141            
  836.164      748.6 M        140            
  874.711      752.2 M        139            
  915.812      755.6 M        138            
  944.404      758.9 M        137            
  978.775      761.9 M        136            
  1017.281     763.9 M        135            
  1049.131     765.3 M        134            
  1077.030     767.0 M        133            
  1102.633     768.0 M        132            
  1130.276     769.5 M        131            
  1178.740     770.3 M        130            
  1223.088     770.8 M        129            
  1248.839     771.6 M        128            
  1307.476     772.3 M        127            
  1518.401     772.9 M        126            
  1560.709     773.3 M        125            
  2186.080     774.2 M        124            
  2729.856     775.2 M        123            
  12107.761    783.6 M        122            
