printing solutions in: ./dogs-color/insts/cgshop22/vispecn46968.instance.json.solution.json
printing perfs in: ./dogs-color/insts/cgshop22/vispecn46968.instance.json.perf.json

CGSHOP Instance: compute neighbors...
computing neighbors (0 / 46968)...
computing neighbors (1000 / 46968)...
computing neighbors (2000 / 46968)...
computing neighbors (3000 / 46968)...
computing neighbors (4000 / 46968)...
computing neighbors (5000 / 46968)...
computing neighbors (6000 / 46968)...
computing neighbors (7000 / 46968)...
computing neighbors (8000 / 46968)...
computing neighbors (9000 / 46968)...
computing neighbors (10000 / 46968)...
computing neighbors (11000 / 46968)...
computing neighbors (12000 / 46968)...
computing neighbors (13000 / 46968)...
computing neighbors (14000 / 46968)...
computing neighbors (15000 / 46968)...
computing neighbors (16000 / 46968)...
computing neighbors (17000 / 46968)...
computing neighbors (18000 / 46968)...
computing neighbors (19000 / 46968)...
computing neighbors (20000 / 46968)...
computing neighbors (21000 / 46968)...
computing neighbors (22000 / 46968)...
computing neighbors (23000 / 46968)...
computing neighbors (24000 / 46968)...
computing neighbors (25000 / 46968)...
computing neighbors (26000 / 46968)...
computing neighbors (27000 / 46968)...
computing neighbors (28000 / 46968)...
computing neighbors (29000 / 46968)...
computing neighbors (30000 / 46968)...
computing neighbors (31000 / 46968)...
computing neighbors (32000 / 46968)...
computing neighbors (33000 / 46968)...
computing neighbors (34000 / 46968)...
computing neighbors (35000 / 46968)...
computing neighbors (36000 / 46968)...
computing neighbors (37000 / 46968)...
computing neighbors (38000 / 46968)...
computing neighbors (39000 / 46968)...
computing neighbors (40000 / 46968)...
computing neighbors (41000 / 46968)...
computing neighbors (42000 / 46968)...
computing neighbors (43000 / 46968)...
computing neighbors (44000 / 46968)...
computing neighbors (45000 / 46968)...
computing neighbors (46000 / 46968)...
65808      vertices
46968      segments
284        dominations
=======================
CGSHOP Instance: compute neighbors...
computing neighbors (0 / 46968)...
computing neighbors (1000 / 46968)...
computing neighbors (2000 / 46968)...
computing neighbors (3000 / 46968)...
computing neighbors (4000 / 46968)...
computing neighbors (5000 / 46968)...
computing neighbors (6000 / 46968)...
computing neighbors (7000 / 46968)...
computing neighbors (8000 / 46968)...
computing neighbors (9000 / 46968)...
computing neighbors (10000 / 46968)...
computing neighbors (11000 / 46968)...
computing neighbors (12000 / 46968)...
computing neighbors (13000 / 46968)...
computing neighbors (14000 / 46968)...
computing neighbors (15000 / 46968)...
computing neighbors (16000 / 46968)...
computing neighbors (17000 / 46968)...
computing neighbors (18000 / 46968)...
computing neighbors (19000 / 46968)...
computing neighbors (20000 / 46968)...
computing neighbors (21000 / 46968)...
computing neighbors (22000 / 46968)...
computing neighbors (23000 / 46968)...
computing neighbors (24000 / 46968)...
computing neighbors (25000 / 46968)...
computing neighbors (26000 / 46968)...
computing neighbors (27000 / 46968)...
computing neighbors (28000 / 46968)...
computing neighbors (29000 / 46968)...
computing neighbors (30000 / 46968)...
computing neighbors (31000 / 46968)...
computing neighbors (32000 / 46968)...
computing neighbors (33000 / 46968)...
computing neighbors (34000 / 46968)...
computing neighbors (35000 / 46968)...
computing neighbors (36000 / 46968)...
computing neighbors (37000 / 46968)...
computing neighbors (38000 / 46968)...
computing neighbors (39000 / 46968)...
computing neighbors (40000 / 46968)...
computing neighbors (41000 / 46968)...
computing neighbors (42000 / 46968)...
computing neighbors (43000 / 46968)...
computing neighbors (44000 / 46968)...
computing neighbors (45000 / 46968)...
computing neighbors (46000 / 46968)...
colored 1000 / 46968...
colored 2000 / 46968...
colored 3000 / 46968...
colored 4000 / 46968...
colored 5000 / 46968...
colored 6000 / 46968...
colored 7000 / 46968...
colored 8000 / 46968...
colored 9000 / 46968...
colored 10000 / 46968...
colored 11000 / 46968...
colored 12000 / 46968...
colored 13000 / 46968...
colored 14000 / 46968...
colored 15000 / 46968...
colored 16000 / 46968...
colored 17000 / 46968...
colored 18000 / 46968...
colored 19000 / 46968...
colored 20000 / 46968...
colored 21000 / 46968...
colored 22000 / 46968...
colored 23000 / 46968...
colored 24000 / 46968...
colored 25000 / 46968...
colored 26000 / 46968...
colored 27000 / 46968...
colored 28000 / 46968...
colored 29000 / 46968...
colored 30000 / 46968...
colored 31000 / 46968...
colored 32000 / 46968...
colored 33000 / 46968...
colored 34000 / 46968...
colored 35000 / 46968...
colored 36000 / 46968...
colored 37000 / 46968...
colored 38000 / 46968...
colored 39000 / 46968...
colored 40000 / 46968...
colored 41000 / 46968...
colored 42000 / 46968...
colored 43000 / 46968...
colored 44000 / 46968...
colored 45000 / 46968...
colored 46000 / 46968...
greedy found 364 colors in 28.477 seconds
 time (s)      nb nodes       objective      
---------------------------------------------
  8.648                       364            
  11.939       8.5 M          363            
  15.238       14.5 M         362            
  17.844       19.6 M         361            
  21.070       23.4 M         360            
  23.389       26.6 M         359            
  26.072       28.7 M         358            
  28.585       31.0 M         357            
  30.951       32.7 M         356            
  33.649       34.6 M         355            
  36.286       35.9 M         354            
  38.691       37.3 M         353            
  40.829       39.0 M         352            
  42.941       40.3 M         351            
  45.054       41.9 M         350            
  47.213       43.0 M         349            
  49.201       43.8 M         348            
  51.595       44.6 M         347            
  53.762       45.7 M         346            
  56.106       46.4 M         345            
  58.132       47.3 M         344            
  60.607       47.8 M         343            
  62.666       48.5 M         342            
  65.265       49.1 M         341            
  67.768       49.6 M         340            
  70.210       49.9 M         339            
  72.262       50.4 M         338            
  74.759       50.7 M         337            
  76.680       51.2 M         336            
  78.506       51.8 M         335            
  80.424       52.2 M         334            
  82.483       52.6 M         333            
  86.347       52.8 M         332            
  88.174       53.2 M         331            
  91.076       53.4 M         330            
  92.857       53.8 M         329            
  94.949       54.1 M         328            
  97.183       54.4 M         327            
  98.853       54.8 M         326            
  100.509      55.1 M         325            
  103.041      55.5 M         324            
  105.620      55.7 M         323            
  107.336      55.9 M         322            
  109.732      56.0 M         321            
  112.492      56.2 M         320            
  115.633      56.3 M         319            
  117.573      56.5 M         318            
  121.787      56.6 M         317            
  124.811      56.7 M         316            
  126.785      56.8 M         315            
  129.525      56.9 M         314            
  132.775      57.0 M         313            
  134.972      57.1 M         312            
  136.807      57.2 M         311            
  139.682      57.2 M         310            
  142.049      57.3 M         309            
  143.569      57.4 M         308            
  146.677      57.4 M         307            
  149.374      57.5 M         306            
  153.688      57.5 M         305            
  156.870      57.6 M         304            
  159.380      57.6 M         303            
  162.626      57.7 M         302            
  165.483      57.7 M         301            
  170.719      57.8 M         300            
  173.459      57.8 M         299            
  175.967      57.9 M         298            
  179.704      57.9 M         297            
  184.723      57.9 M         296            
  188.962      58.0 M         295            
  194.960      58.0 M         294            
  199.583      58.1 M         293            
  204.202      58.1 M         292            
  208.484      58.1 M         291            
  213.419      58.1 M         290            
  218.719      58.2 M         289            
  228.035      58.2 M         288            
  236.230      58.2 M         287            
  250.323      58.3 M         286            
  256.128      58.3 M         285            
  264.852      58.3 M         284            
  272.595      58.4 M         283            
  281.247      58.4 M         282            
  294.792      58.5 M         281            
  304.538      58.5 M         280            
  316.616      58.5 M         279            
  340.552      58.6 M         278            
  359.082      58.7 M         277            
  396.799      58.7 M         276            
  422.860      58.8 M         275            
  453.325      58.9 M         274            
  498.179      59.0 M         273            
  538.129      59.1 M         272            
  617.631      59.2 M         271            
  693.868      59.4 M         270            
  803.539      59.6 M         269            
  929.832      59.8 M         268            
  1124.933     60.1 M         267            
  1600.765     60.8 M         266            
  2644.408     62.4 M         265            
  3212.662     63.4 M         264            
  3792.073     64.5 M         263            
  6705.147     67.6 M         262            
  18762.004    87.0 M         261            
  33615.523    108.7 M        260            
  43749.801    123.6 M        259            
