printing solutions in: ./dogs-color/insts/cgshop22/visp29489.instance.json.solution.json
printing perfs in: ./dogs-color/insts/cgshop22/visp29489.instance.json.perf.json

CGSHOP Instance: compute neighbors...
computing neighbors (0 / 29489)...
computing neighbors (1000 / 29489)...
computing neighbors (2000 / 29489)...
computing neighbors (3000 / 29489)...
computing neighbors (4000 / 29489)...
computing neighbors (5000 / 29489)...
computing neighbors (6000 / 29489)...
computing neighbors (7000 / 29489)...
computing neighbors (8000 / 29489)...
computing neighbors (9000 / 29489)...
computing neighbors (10000 / 29489)...
computing neighbors (11000 / 29489)...
computing neighbors (12000 / 29489)...
computing neighbors (13000 / 29489)...
computing neighbors (14000 / 29489)...
computing neighbors (15000 / 29489)...
computing neighbors (16000 / 29489)...
computing neighbors (17000 / 29489)...
computing neighbors (18000 / 29489)...
computing neighbors (19000 / 29489)...
computing neighbors (20000 / 29489)...
computing neighbors (21000 / 29489)...
computing neighbors (22000 / 29489)...
computing neighbors (23000 / 29489)...
computing neighbors (24000 / 29489)...
computing neighbors (25000 / 29489)...
computing neighbors (26000 / 29489)...
computing neighbors (27000 / 29489)...
computing neighbors (28000 / 29489)...
computing neighbors (29000 / 29489)...
432        vertices
29489      segments
14214      dominations
=======================
CGSHOP Instance: compute neighbors...
computing neighbors (0 / 29489)...
computing neighbors (1000 / 29489)...
computing neighbors (2000 / 29489)...
computing neighbors (3000 / 29489)...
computing neighbors (4000 / 29489)...
computing neighbors (5000 / 29489)...
computing neighbors (6000 / 29489)...
computing neighbors (7000 / 29489)...
computing neighbors (8000 / 29489)...
computing neighbors (9000 / 29489)...
computing neighbors (10000 / 29489)...
computing neighbors (11000 / 29489)...
computing neighbors (12000 / 29489)...
computing neighbors (13000 / 29489)...
computing neighbors (14000 / 29489)...
computing neighbors (15000 / 29489)...
computing neighbors (16000 / 29489)...
computing neighbors (17000 / 29489)...
computing neighbors (18000 / 29489)...
computing neighbors (19000 / 29489)...
computing neighbors (20000 / 29489)...
computing neighbors (21000 / 29489)...
computing neighbors (22000 / 29489)...
computing neighbors (23000 / 29489)...
computing neighbors (24000 / 29489)...
computing neighbors (25000 / 29489)...
computing neighbors (26000 / 29489)...
computing neighbors (27000 / 29489)...
computing neighbors (28000 / 29489)...
computing neighbors (29000 / 29489)...
colored 1000 / 29489...
colored 2000 / 29489...
colored 3000 / 29489...
colored 4000 / 29489...
colored 5000 / 29489...
colored 6000 / 29489...
colored 7000 / 29489...
colored 8000 / 29489...
colored 9000 / 29489...
colored 10000 / 29489...
colored 11000 / 29489...
colored 12000 / 29489...
colored 13000 / 29489...
colored 14000 / 29489...
colored 15000 / 29489...
colored 16000 / 29489...
colored 17000 / 29489...
colored 18000 / 29489...
colored 19000 / 29489...
colored 20000 / 29489...
colored 21000 / 29489...
colored 22000 / 29489...
colored 23000 / 29489...
colored 24000 / 29489...
colored 25000 / 29489...
colored 26000 / 29489...
colored 27000 / 29489...
colored 28000 / 29489...
colored 29000 / 29489...
greedy found 134 colors in 7.427 seconds
 time (s)      nb nodes       objective      
---------------------------------------------
  3.458                       134            
  13.554       26.2 M         133            
  20.368       36.0 M         132            
  26.956       43.0 M         131            
  32.707       46.9 M         130            
  38.416       48.7 M         129            
  42.747       50.6 M         128            
  47.026       51.4 M         127            
  52.255       52.2 M         126            
  55.807       52.9 M         125            
  59.782       53.3 M         124            
  66.466       53.8 M         123            
  82.068       54.2 M         122            
  92.911       54.5 M         121            
  108.488      54.9 M         120            
  125.495      55.2 M         119            
  144.304      55.4 M         118            
  193.910      55.7 M         117            
  221.325      55.9 M         116            
  263.067      56.0 M         115            
  313.255      56.2 M         114            
  430.064      56.6 M         113            
  2438.544     59.6 M         112            
  11648.865    76.0 M         111            
  27704.066    104.1 M        110            
