printing solutions in: ./dogs-color/insts/cgshop22/vispecn33280.instance.json.solution.json
printing perfs in: ./dogs-color/insts/cgshop22/vispecn33280.instance.json.perf.json

CGSHOP Instance: compute neighbors...
computing neighbors (0 / 33280)...
computing neighbors (1000 / 33280)...
computing neighbors (2000 / 33280)...
computing neighbors (3000 / 33280)...
computing neighbors (4000 / 33280)...
computing neighbors (5000 / 33280)...
computing neighbors (6000 / 33280)...
computing neighbors (7000 / 33280)...
computing neighbors (8000 / 33280)...
computing neighbors (9000 / 33280)...
computing neighbors (10000 / 33280)...
computing neighbors (11000 / 33280)...
computing neighbors (12000 / 33280)...
computing neighbors (13000 / 33280)...
computing neighbors (14000 / 33280)...
computing neighbors (15000 / 33280)...
computing neighbors (16000 / 33280)...
computing neighbors (17000 / 33280)...
computing neighbors (18000 / 33280)...
computing neighbors (19000 / 33280)...
computing neighbors (20000 / 33280)...
computing neighbors (21000 / 33280)...
computing neighbors (22000 / 33280)...
computing neighbors (23000 / 33280)...
computing neighbors (24000 / 33280)...
computing neighbors (25000 / 33280)...
computing neighbors (26000 / 33280)...
computing neighbors (27000 / 33280)...
computing neighbors (28000 / 33280)...
computing neighbors (29000 / 33280)...
computing neighbors (30000 / 33280)...
computing neighbors (31000 / 33280)...
computing neighbors (32000 / 33280)...
computing neighbors (33000 / 33280)...
46608      vertices
33280      segments
276        dominations
=======================
CGSHOP Instance: compute neighbors...
computing neighbors (0 / 33280)...
computing neighbors (1000 / 33280)...
computing neighbors (2000 / 33280)...
computing neighbors (3000 / 33280)...
computing neighbors (4000 / 33280)...
computing neighbors (5000 / 33280)...
computing neighbors (6000 / 33280)...
computing neighbors (7000 / 33280)...
computing neighbors (8000 / 33280)...
computing neighbors (9000 / 33280)...
computing neighbors (10000 / 33280)...
computing neighbors (11000 / 33280)...
computing neighbors (12000 / 33280)...
computing neighbors (13000 / 33280)...
computing neighbors (14000 / 33280)...
computing neighbors (15000 / 33280)...
computing neighbors (16000 / 33280)...
computing neighbors (17000 / 33280)...
computing neighbors (18000 / 33280)...
computing neighbors (19000 / 33280)...
computing neighbors (20000 / 33280)...
computing neighbors (21000 / 33280)...
computing neighbors (22000 / 33280)...
computing neighbors (23000 / 33280)...
computing neighbors (24000 / 33280)...
computing neighbors (25000 / 33280)...
computing neighbors (26000 / 33280)...
computing neighbors (27000 / 33280)...
computing neighbors (28000 / 33280)...
computing neighbors (29000 / 33280)...
computing neighbors (30000 / 33280)...
computing neighbors (31000 / 33280)...
computing neighbors (32000 / 33280)...
computing neighbors (33000 / 33280)...
colored 1000 / 33280...
colored 2000 / 33280...
colored 3000 / 33280...
colored 4000 / 33280...
colored 5000 / 33280...
colored 6000 / 33280...
colored 7000 / 33280...
colored 8000 / 33280...
colored 9000 / 33280...
colored 10000 / 33280...
colored 11000 / 33280...
colored 12000 / 33280...
colored 13000 / 33280...
colored 14000 / 33280...
colored 15000 / 33280...
colored 16000 / 33280...
colored 17000 / 33280...
colored 18000 / 33280...
colored 19000 / 33280...
colored 20000 / 33280...
colored 21000 / 33280...
colored 22000 / 33280...
colored 23000 / 33280...
colored 24000 / 33280...
colored 25000 / 33280...
colored 26000 / 33280...
colored 27000 / 33280...
colored 28000 / 33280...
colored 29000 / 33280...
colored 30000 / 33280...
colored 31000 / 33280...
colored 32000 / 33280...
colored 33000 / 33280...
greedy found 280 colors in 12.306 seconds
 time (s)      nb nodes       objective      
---------------------------------------------
  4.079                       280            
  7.193        13.1 M         279            
  9.827        22.7 M         278            
  12.447       32.8 M         277            
  15.258       40.9 M         276            
  17.349       47.1 M         275            
  19.157       52.5 M         274            
  21.321       56.0 M         273            
  23.106       59.3 M         272            
  24.745       62.2 M         271            
  26.340       66.3 M         270            
  27.814       70.0 M         269            
  29.502       72.9 M         268            
  31.206       76.3 M         267            
  33.016       78.6 M         266            
  34.768       80.5 M         265            
  36.501       82.4 M         264            
  38.107       83.6 M         263            
  39.506       86.1 M         262            
  41.110       87.3 M         261            
  43.026       88.2 M         260            
  44.484       89.4 M         259            
  46.034       90.4 M         258            
  47.465       91.4 M         257            
  48.834       92.0 M         256            
  50.039       93.4 M         255            
  51.250       94.0 M         254            
  52.572       94.3 M         253            
  54.030       94.9 M         252            
  55.172       95.4 M         251            
  56.624       95.9 M         250            
  57.801       96.7 M         249            
  59.594       96.9 M         248            
  61.154       97.2 M         247            
  62.499       97.5 M         246            
  63.814       98.0 M         245            
  65.286       98.3 M         244            
  66.842       98.7 M         243            
  68.706       98.9 M         242            
  70.413       99.3 M         241            
  71.873       99.5 M         240            
  73.615       99.7 M         239            
  74.469       100.0 M        238            
  75.853       100.2 M        237            
  77.226       100.3 M        236            
  79.931       100.4 M        235            
  82.272       100.5 M        234            
  83.831       100.6 M        233            
  87.588       100.8 M        232            
  89.497       100.9 M        231            
  91.360       100.9 M        230            
  93.140       101.0 M        229            
  95.043       101.0 M        228            
  97.537       101.1 M        227            
  99.117       101.2 M        226            
  103.877      101.2 M        225            
  109.169      101.3 M        224            
  113.474      101.3 M        223            
  116.839      101.4 M        222            
  122.171      101.4 M        221            
  128.791      101.5 M        220            
  133.409      101.5 M        219            
  141.120      101.6 M        218            
  148.907      101.6 M        217            
  156.149      101.7 M        216            
  174.077      101.8 M        215            
  183.321      101.9 M        214            
  189.738      102.0 M        213            
  262.159      102.3 M        212            
  283.452      102.4 M        211            
  341.378      102.7 M        210            
  390.368      102.9 M        209            
  1114.901     105.2 M        208            
  1561.997     106.3 M        207            
  2747.400     109.8 M        206            
  7421.684     123.5 M        205            
  12762.924    136.2 M        204            
  40941.523    204.5 M        203            
