printing solutions in: ./dogs-color/insts/cgshop22/vispecn28567.instance.json.solution.json
printing perfs in: ./dogs-color/insts/cgshop22/vispecn28567.instance.json.perf.json

CGSHOP Instance: compute neighbors...
computing neighbors (0 / 28567)...
computing neighbors (1000 / 28567)...
computing neighbors (2000 / 28567)...
computing neighbors (3000 / 28567)...
computing neighbors (4000 / 28567)...
computing neighbors (5000 / 28567)...
computing neighbors (6000 / 28567)...
computing neighbors (7000 / 28567)...
computing neighbors (8000 / 28567)...
computing neighbors (9000 / 28567)...
computing neighbors (10000 / 28567)...
computing neighbors (11000 / 28567)...
computing neighbors (12000 / 28567)...
computing neighbors (13000 / 28567)...
computing neighbors (14000 / 28567)...
computing neighbors (15000 / 28567)...
computing neighbors (16000 / 28567)...
computing neighbors (17000 / 28567)...
computing neighbors (18000 / 28567)...
computing neighbors (19000 / 28567)...
computing neighbors (20000 / 28567)...
computing neighbors (21000 / 28567)...
computing neighbors (22000 / 28567)...
computing neighbors (23000 / 28567)...
computing neighbors (24000 / 28567)...
computing neighbors (25000 / 28567)...
computing neighbors (26000 / 28567)...
computing neighbors (27000 / 28567)...
computing neighbors (28000 / 28567)...
40018      vertices
28567      segments
229        dominations
=======================
CGSHOP Instance: compute neighbors...
computing neighbors (0 / 28567)...
computing neighbors (1000 / 28567)...
computing neighbors (2000 / 28567)...
computing neighbors (3000 / 28567)...
computing neighbors (4000 / 28567)...
computing neighbors (5000 / 28567)...
computing neighbors (6000 / 28567)...
computing neighbors (7000 / 28567)...
computing neighbors (8000 / 28567)...
computing neighbors (9000 / 28567)...
computing neighbors (10000 / 28567)...
computing neighbors (11000 / 28567)...
computing neighbors (12000 / 28567)...
computing neighbors (13000 / 28567)...
computing neighbors (14000 / 28567)...
computing neighbors (15000 / 28567)...
computing neighbors (16000 / 28567)...
computing neighbors (17000 / 28567)...
computing neighbors (18000 / 28567)...
computing neighbors (19000 / 28567)...
computing neighbors (20000 / 28567)...
computing neighbors (21000 / 28567)...
computing neighbors (22000 / 28567)...
computing neighbors (23000 / 28567)...
computing neighbors (24000 / 28567)...
computing neighbors (25000 / 28567)...
computing neighbors (26000 / 28567)...
computing neighbors (27000 / 28567)...
computing neighbors (28000 / 28567)...
colored 1000 / 28567...
colored 2000 / 28567...
colored 3000 / 28567...
colored 4000 / 28567...
colored 5000 / 28567...
colored 6000 / 28567...
colored 7000 / 28567...
colored 8000 / 28567...
colored 9000 / 28567...
colored 10000 / 28567...
colored 11000 / 28567...
colored 12000 / 28567...
colored 13000 / 28567...
colored 14000 / 28567...
colored 15000 / 28567...
colored 16000 / 28567...
colored 17000 / 28567...
colored 18000 / 28567...
colored 19000 / 28567...
colored 20000 / 28567...
colored 21000 / 28567...
colored 22000 / 28567...
colored 23000 / 28567...
colored 24000 / 28567...
colored 25000 / 28567...
colored 26000 / 28567...
colored 27000 / 28567...
colored 28000 / 28567...
greedy found 366 colors in 9.206 seconds
 time (s)      nb nodes       objective      
---------------------------------------------
  3.488                       366            
  4.613        6.0 M          365            
  5.556        9.9 M          364            
  6.327        13.0 M         363            
  7.283        15.1 M         362            
  8.036        17.3 M         361            
  9.008        19.2 M         360            
  9.683        21.0 M         359            
  10.426       22.5 M         358            
  11.117       23.9 M         357            
  11.815       25.1 M         356            
  12.421       26.5 M         355            
  13.107       27.5 M         354            
  14.071       28.5 M         353            
  14.783       29.3 M         352            
  15.485       30.2 M         351            
  16.056       31.1 M         350            
  16.801       31.9 M         349            
  17.432       32.2 M         348            
  18.133       32.6 M         347            
  18.683       33.0 M         346            
  19.258       33.5 M         345            
  19.821       34.0 M         344            
  20.680       34.3 M         343            
  21.075       34.7 M         342            
  21.502       35.0 M         341            
  21.960       35.3 M         340            
  22.559       35.5 M         339            
  23.107       35.7 M         338            
  23.802       35.8 M         337            
  24.327       36.1 M         336            
  25.463       36.3 M         335            
  25.865       36.5 M         334            
  26.458       36.6 M         333            
  26.956       36.8 M         332            
  27.463       37.0 M         331            
  27.964       37.0 M         330            
  28.350       37.2 M         329            
  28.753       37.3 M         328            
  29.356       37.4 M         327            
  29.819       37.5 M         326            
  30.336       37.7 M         325            
  30.972       37.7 M         324            
  31.535       37.8 M         323            
  31.864       37.9 M         322            
  32.541       38.0 M         321            
  33.122       38.1 M         320            
  33.640       38.1 M         319            
  34.364       38.1 M         318            
  35.087       38.2 M         317            
  36.536       38.3 M         316            
  37.100       38.4 M         315            
  37.523       38.4 M         314            
  38.443       38.4 M         313            
  39.188       38.5 M         312            
  39.834       38.6 M         311            
  40.347       38.6 M         310            
  41.048       38.6 M         309            
  41.551       38.6 M         308            
  42.197       38.6 M         307            
  42.988       38.7 M         306            
  43.821       38.7 M         305            
  44.571       38.7 M         304            
  45.528       38.7 M         303            
  46.712       38.8 M         302            
  48.001       38.8 M         301            
  48.659       38.8 M         300            
  49.405       38.8 M         299            
  49.948       38.8 M         298            
  51.084       38.9 M         297            
  51.550       38.9 M         296            
  53.340       38.9 M         295            
  54.600       38.9 M         294            
  55.562       38.9 M         293            
  57.221       39.0 M         292            
  63.206       39.0 M         291            
  64.206       39.0 M         290            
  65.869       39.1 M         289            
  68.223       39.1 M         288            
  70.846       39.1 M         287            
  73.892       39.1 M         286            
  75.347       39.2 M         285            
  80.149       39.2 M         284            
  86.706       39.2 M         283            
  95.188       39.3 M         282            
  98.340       39.3 M         281            
  107.060      39.4 M         280            
  116.760      39.4 M         279            
  124.287      39.5 M         278            
  155.900      39.6 M         277            
  174.592      39.7 M         276            
  194.085      39.8 M         275            
  205.278      39.9 M         274            
  387.408      40.7 M         273            
  426.882      40.8 M         272            
  608.323      41.6 M         271            
  1312.186     44.0 M         270            
  3099.638     50.6 M         269            
  3976.894     53.8 M         268            
  7752.140     66.5 M         267            
