printing solutions in: ./dogs-color/insts/cgshop22/visp51133.instance.json.solution.json
printing perfs in: ./dogs-color/insts/cgshop22/visp51133.instance.json.perf.json

CGSHOP Instance: compute neighbors...
computing neighbors (0 / 51133)...
computing neighbors (1000 / 51133)...
computing neighbors (2000 / 51133)...
computing neighbors (3000 / 51133)...
computing neighbors (4000 / 51133)...
computing neighbors (5000 / 51133)...
computing neighbors (6000 / 51133)...
computing neighbors (7000 / 51133)...
computing neighbors (8000 / 51133)...
computing neighbors (9000 / 51133)...
computing neighbors (10000 / 51133)...
computing neighbors (11000 / 51133)...
computing neighbors (12000 / 51133)...
computing neighbors (13000 / 51133)...
computing neighbors (14000 / 51133)...
computing neighbors (15000 / 51133)...
computing neighbors (16000 / 51133)...
computing neighbors (17000 / 51133)...
computing neighbors (18000 / 51133)...
computing neighbors (19000 / 51133)...
computing neighbors (20000 / 51133)...
computing neighbors (21000 / 51133)...
computing neighbors (22000 / 51133)...
computing neighbors (23000 / 51133)...
computing neighbors (24000 / 51133)...
computing neighbors (25000 / 51133)...
computing neighbors (26000 / 51133)...
computing neighbors (27000 / 51133)...
computing neighbors (28000 / 51133)...
computing neighbors (29000 / 51133)...
computing neighbors (30000 / 51133)...
computing neighbors (31000 / 51133)...
computing neighbors (32000 / 51133)...
computing neighbors (33000 / 51133)...
computing neighbors (34000 / 51133)...
computing neighbors (35000 / 51133)...
computing neighbors (36000 / 51133)...
computing neighbors (37000 / 51133)...
computing neighbors (38000 / 51133)...
computing neighbors (39000 / 51133)...
computing neighbors (40000 / 51133)...
computing neighbors (41000 / 51133)...
computing neighbors (42000 / 51133)...
computing neighbors (43000 / 51133)...
computing neighbors (44000 / 51133)...
computing neighbors (45000 / 51133)...
computing neighbors (46000 / 51133)...
computing neighbors (47000 / 51133)...
computing neighbors (48000 / 51133)...
computing neighbors (49000 / 51133)...
computing neighbors (50000 / 51133)...
computing neighbors (51000 / 51133)...
1125       vertices
51133      segments
24123      dominations
=======================
CGSHOP Instance: compute neighbors...
computing neighbors (0 / 51133)...
computing neighbors (1000 / 51133)...
computing neighbors (2000 / 51133)...
computing neighbors (3000 / 51133)...
computing neighbors (4000 / 51133)...
computing neighbors (5000 / 51133)...
computing neighbors (6000 / 51133)...
computing neighbors (7000 / 51133)...
computing neighbors (8000 / 51133)...
computing neighbors (9000 / 51133)...
computing neighbors (10000 / 51133)...
computing neighbors (11000 / 51133)...
computing neighbors (12000 / 51133)...
computing neighbors (13000 / 51133)...
computing neighbors (14000 / 51133)...
computing neighbors (15000 / 51133)...
computing neighbors (16000 / 51133)...
computing neighbors (17000 / 51133)...
computing neighbors (18000 / 51133)...
computing neighbors (19000 / 51133)...
computing neighbors (20000 / 51133)...
computing neighbors (21000 / 51133)...
computing neighbors (22000 / 51133)...
computing neighbors (23000 / 51133)...
computing neighbors (24000 / 51133)...
computing neighbors (25000 / 51133)...
computing neighbors (26000 / 51133)...
computing neighbors (27000 / 51133)...
computing neighbors (28000 / 51133)...
computing neighbors (29000 / 51133)...
computing neighbors (30000 / 51133)...
computing neighbors (31000 / 51133)...
computing neighbors (32000 / 51133)...
computing neighbors (33000 / 51133)...
computing neighbors (34000 / 51133)...
computing neighbors (35000 / 51133)...
computing neighbors (36000 / 51133)...
computing neighbors (37000 / 51133)...
computing neighbors (38000 / 51133)...
computing neighbors (39000 / 51133)...
computing neighbors (40000 / 51133)...
computing neighbors (41000 / 51133)...
computing neighbors (42000 / 51133)...
computing neighbors (43000 / 51133)...
computing neighbors (44000 / 51133)...
computing neighbors (45000 / 51133)...
computing neighbors (46000 / 51133)...
computing neighbors (47000 / 51133)...
computing neighbors (48000 / 51133)...
computing neighbors (49000 / 51133)...
computing neighbors (50000 / 51133)...
computing neighbors (51000 / 51133)...
colored 1000 / 51133...
colored 2000 / 51133...
colored 3000 / 51133...
colored 4000 / 51133...
colored 5000 / 51133...
colored 6000 / 51133...
colored 7000 / 51133...
colored 8000 / 51133...
colored 9000 / 51133...
colored 10000 / 51133...
colored 11000 / 51133...
colored 12000 / 51133...
colored 13000 / 51133...
colored 14000 / 51133...
colored 15000 / 51133...
colored 16000 / 51133...
colored 17000 / 51133...
colored 18000 / 51133...
colored 19000 / 51133...
colored 20000 / 51133...
colored 21000 / 51133...
colored 22000 / 51133...
colored 23000 / 51133...
colored 24000 / 51133...
colored 25000 / 51133...
colored 26000 / 51133...
colored 27000 / 51133...
colored 28000 / 51133...
colored 29000 / 51133...
colored 30000 / 51133...
colored 31000 / 51133...
colored 32000 / 51133...
colored 33000 / 51133...
colored 34000 / 51133...
colored 35000 / 51133...
colored 36000 / 51133...
colored 37000 / 51133...
colored 38000 / 51133...
colored 39000 / 51133...
colored 40000 / 51133...
colored 41000 / 51133...
colored 42000 / 51133...
colored 43000 / 51133...
colored 44000 / 51133...
colored 45000 / 51133...
colored 46000 / 51133...
colored 47000 / 51133...
colored 48000 / 51133...
colored 49000 / 51133...
colored 50000 / 51133...
colored 51000 / 51133...
greedy found 125 colors in 23.076 seconds
 time (s)      nb nodes       objective      
---------------------------------------------
  8.857                       125            
  194.511      319.4 M        124            
  281.489      432.2 M        123            
  341.872      487.7 M        122            
  400.556      526.5 M        121            
  446.920      550.5 M        120            
  488.216      564.5 M        119            
  525.099      577.9 M        118            
  560.635      589.7 M        117            
  595.312      597.0 M        116            
  629.269      601.1 M        115            
  655.333      605.8 M        114            
  694.900      608.0 M        113            
  718.475      611.5 M        112            
  748.626      614.2 M        111            
  780.158      615.7 M        110            
  803.203      618.3 M        109            
  826.961      619.7 M        108            
  847.121      620.3 M        107            
  869.219      621.6 M        106            
  893.591      622.1 M        105            
  914.484      623.0 M        104            
  937.201      623.6 M        103            
  956.431      624.4 M        102            
  988.746      624.8 M        101            
  1030.324     625.2 M        100            
  1058.747     625.5 M        99             
  1084.665     625.9 M        98             
  1141.490     626.2 M        97             
  1176.525     626.5 M        96             
  1208.985     626.7 M        95             
  1270.593     626.9 M        94             
  1299.771     627.1 M        93             
  1449.219     627.4 M        92             
  1490.005     627.6 M        91             
  1662.555     627.9 M        90             
  1890.608     628.3 M        89             
  2448.311     628.9 M        88             
  8855.014     633.4 M        87             
  23906.160    648.0 M        86             
  64002.543    683.2 M        85             
