printing solutions in: ./dogs-color/insts/cgshop22/vispecn26166.instance.json.solution.json
printing perfs in: ./dogs-color/insts/cgshop22/vispecn26166.instance.json.perf.json

CGSHOP Instance: compute neighbors...
computing neighbors (0 / 26166)...
computing neighbors (1000 / 26166)...
computing neighbors (2000 / 26166)...
computing neighbors (3000 / 26166)...
computing neighbors (4000 / 26166)...
computing neighbors (5000 / 26166)...
computing neighbors (6000 / 26166)...
computing neighbors (7000 / 26166)...
computing neighbors (8000 / 26166)...
computing neighbors (9000 / 26166)...
computing neighbors (10000 / 26166)...
computing neighbors (11000 / 26166)...
computing neighbors (12000 / 26166)...
computing neighbors (13000 / 26166)...
computing neighbors (14000 / 26166)...
computing neighbors (15000 / 26166)...
computing neighbors (16000 / 26166)...
computing neighbors (17000 / 26166)...
computing neighbors (18000 / 26166)...
computing neighbors (19000 / 26166)...
computing neighbors (20000 / 26166)...
computing neighbors (21000 / 26166)...
computing neighbors (22000 / 26166)...
computing neighbors (23000 / 26166)...
computing neighbors (24000 / 26166)...
computing neighbors (25000 / 26166)...
computing neighbors (26000 / 26166)...
36624      vertices
26166      segments
208        dominations
=======================
CGSHOP Instance: compute neighbors...
computing neighbors (0 / 26166)...
computing neighbors (1000 / 26166)...
computing neighbors (2000 / 26166)...
computing neighbors (3000 / 26166)...
computing neighbors (4000 / 26166)...
computing neighbors (5000 / 26166)...
computing neighbors (6000 / 26166)...
computing neighbors (7000 / 26166)...
computing neighbors (8000 / 26166)...
computing neighbors (9000 / 26166)...
computing neighbors (10000 / 26166)...
computing neighbors (11000 / 26166)...
computing neighbors (12000 / 26166)...
computing neighbors (13000 / 26166)...
computing neighbors (14000 / 26166)...
computing neighbors (15000 / 26166)...
computing neighbors (16000 / 26166)...
computing neighbors (17000 / 26166)...
computing neighbors (18000 / 26166)...
computing neighbors (19000 / 26166)...
computing neighbors (20000 / 26166)...
computing neighbors (21000 / 26166)...
computing neighbors (22000 / 26166)...
computing neighbors (23000 / 26166)...
computing neighbors (24000 / 26166)...
computing neighbors (25000 / 26166)...
computing neighbors (26000 / 26166)...
colored 1000 / 26166...
colored 2000 / 26166...
colored 3000 / 26166...
colored 4000 / 26166...
colored 5000 / 26166...
colored 6000 / 26166...
colored 7000 / 26166...
colored 8000 / 26166...
colored 9000 / 26166...
colored 10000 / 26166...
colored 11000 / 26166...
colored 12000 / 26166...
colored 13000 / 26166...
colored 14000 / 26166...
colored 15000 / 26166...
colored 16000 / 26166...
colored 17000 / 26166...
colored 18000 / 26166...
colored 19000 / 26166...
colored 20000 / 26166...
colored 21000 / 26166...
colored 22000 / 26166...
colored 23000 / 26166...
colored 24000 / 26166...
colored 25000 / 26166...
colored 26000 / 26166...
greedy found 374 colors in 7.445 seconds
 time (s)      nb nodes       objective      
---------------------------------------------
  3.059                       374            
  4.212        6.3 M          373            
  5.149        11.1 M         372            
  6.016        15.3 M         371            
  7.252        18.9 M         370            
  8.077        21.8 M         369            
  8.942        25.1 M         368            
  9.662        27.9 M         367            
  10.625       30.3 M         366            
  11.365       32.1 M         365            
  12.045       34.5 M         364            
  12.711       36.6 M         363            
  13.365       38.4 M         362            
  14.042       39.8 M         361            
  14.697       41.8 M         360            
  15.233       43.4 M         359            
  15.797       44.7 M         358            
  16.419       45.4 M         357            
  16.973       46.5 M         356            
  17.808       47.3 M         355            
  18.365       47.9 M         354            
  18.898       48.9 M         353            
  19.483       49.6 M         352            
  20.073       50.3 M         351            
  20.593       51.0 M         350            
  21.342       51.6 M         349            
  21.874       52.4 M         348            
  22.481       52.9 M         347            
  23.035       53.6 M         346            
  23.603       54.2 M         345            
  24.274       54.6 M         344            
  24.923       54.8 M         343            
  25.553       55.1 M         342            
  26.069       55.3 M         341            
  26.712       55.4 M         340            
  27.434       55.7 M         339            
  27.814       56.2 M         338            
  28.549       56.3 M         337            
  29.089       56.4 M         336            
  29.763       56.6 M         335            
  30.244       56.7 M         334            
  30.804       57.1 M         333            
  31.568       57.2 M         332            
  33.028       57.4 M         331            
  33.612       57.6 M         330            
  34.595       57.8 M         329            
  35.273       58.0 M         328            
  35.746       58.1 M         327            
  36.515       58.4 M         326            
  37.420       58.4 M         325            
  37.960       58.5 M         324            
  39.017       58.7 M         323            
  39.824       58.7 M         322            
  40.722       58.8 M         321            
  41.606       58.8 M         320            
  42.410       58.9 M         319            
  43.422       59.0 M         318            
  44.649       59.0 M         317            
  45.841       59.1 M         316            
  47.559       59.1 M         315            
  49.033       59.1 M         314            
  49.629       59.3 M         313            
  51.186       59.3 M         312            
  52.747       59.3 M         311            
  54.371       59.4 M         310            
  55.134       59.5 M         309            
  57.588       59.5 M         308            
  60.089       59.5 M         307            
  61.696       59.6 M         306            
  63.752       59.6 M         305            
  66.094       59.6 M         304            
  71.166       59.7 M         303            
  73.493       59.8 M         302            
  79.160       59.8 M         301            
  89.197       59.9 M         300            
  93.704       59.9 M         299            
  98.555       59.9 M         298            
  106.678      60.0 M         297            
  123.571      60.1 M         296            
  130.133      60.1 M         295            
  151.743      60.2 M         294            
  169.691      60.3 M         293            
  200.353      60.5 M         292            
  229.993      60.6 M         291            
  278.081      60.8 M         290            
  495.069      61.5 M         289            
  772.121      62.4 M         288            
  902.994      62.8 M         287            
  938.506      62.9 M         286            
  1676.837     65.2 M         285            
  2060.392     66.3 M         284            
  3350.734     69.7 M         283            
  14342.008    98.0 M         282            
  30055.869    136.9 M        281            
