printing solutions in: ./dogs-color/insts/cgshop22/visp37336.instance.json.solution.json
printing perfs in: ./dogs-color/insts/cgshop22/visp37336.instance.json.perf.json

CGSHOP Instance: compute neighbors...
computing neighbors (0 / 37336)...
computing neighbors (1000 / 37336)...
computing neighbors (2000 / 37336)...
computing neighbors (3000 / 37336)...
computing neighbors (4000 / 37336)...
computing neighbors (5000 / 37336)...
computing neighbors (6000 / 37336)...
computing neighbors (7000 / 37336)...
computing neighbors (8000 / 37336)...
computing neighbors (9000 / 37336)...
computing neighbors (10000 / 37336)...
computing neighbors (11000 / 37336)...
computing neighbors (12000 / 37336)...
computing neighbors (13000 / 37336)...
computing neighbors (14000 / 37336)...
computing neighbors (15000 / 37336)...
computing neighbors (16000 / 37336)...
computing neighbors (17000 / 37336)...
computing neighbors (18000 / 37336)...
computing neighbors (19000 / 37336)...
computing neighbors (20000 / 37336)...
computing neighbors (21000 / 37336)...
computing neighbors (22000 / 37336)...
computing neighbors (23000 / 37336)...
computing neighbors (24000 / 37336)...
computing neighbors (25000 / 37336)...
computing neighbors (26000 / 37336)...
computing neighbors (27000 / 37336)...
computing neighbors (28000 / 37336)...
computing neighbors (29000 / 37336)...
computing neighbors (30000 / 37336)...
computing neighbors (31000 / 37336)...
computing neighbors (32000 / 37336)...
computing neighbors (33000 / 37336)...
computing neighbors (34000 / 37336)...
computing neighbors (35000 / 37336)...
computing neighbors (36000 / 37336)...
computing neighbors (37000 / 37336)...
540        vertices
37336      segments
17655      dominations
=======================
CGSHOP Instance: compute neighbors...
computing neighbors (0 / 37336)...
computing neighbors (1000 / 37336)...
computing neighbors (2000 / 37336)...
computing neighbors (3000 / 37336)...
computing neighbors (4000 / 37336)...
computing neighbors (5000 / 37336)...
computing neighbors (6000 / 37336)...
computing neighbors (7000 / 37336)...
computing neighbors (8000 / 37336)...
computing neighbors (9000 / 37336)...
computing neighbors (10000 / 37336)...
computing neighbors (11000 / 37336)...
computing neighbors (12000 / 37336)...
computing neighbors (13000 / 37336)...
computing neighbors (14000 / 37336)...
computing neighbors (15000 / 37336)...
computing neighbors (16000 / 37336)...
computing neighbors (17000 / 37336)...
computing neighbors (18000 / 37336)...
computing neighbors (19000 / 37336)...
computing neighbors (20000 / 37336)...
computing neighbors (21000 / 37336)...
computing neighbors (22000 / 37336)...
computing neighbors (23000 / 37336)...
computing neighbors (24000 / 37336)...
computing neighbors (25000 / 37336)...
computing neighbors (26000 / 37336)...
computing neighbors (27000 / 37336)...
computing neighbors (28000 / 37336)...
computing neighbors (29000 / 37336)...
computing neighbors (30000 / 37336)...
computing neighbors (31000 / 37336)...
computing neighbors (32000 / 37336)...
computing neighbors (33000 / 37336)...
computing neighbors (34000 / 37336)...
computing neighbors (35000 / 37336)...
computing neighbors (36000 / 37336)...
computing neighbors (37000 / 37336)...
colored 1000 / 37336...
colored 2000 / 37336...
colored 3000 / 37336...
colored 4000 / 37336...
colored 5000 / 37336...
colored 6000 / 37336...
colored 7000 / 37336...
colored 8000 / 37336...
colored 9000 / 37336...
colored 10000 / 37336...
colored 11000 / 37336...
colored 12000 / 37336...
colored 13000 / 37336...
colored 14000 / 37336...
colored 15000 / 37336...
colored 16000 / 37336...
colored 17000 / 37336...
colored 18000 / 37336...
colored 19000 / 37336...
colored 20000 / 37336...
colored 21000 / 37336...
colored 22000 / 37336...
colored 23000 / 37336...
colored 24000 / 37336...
colored 25000 / 37336...
colored 26000 / 37336...
colored 27000 / 37336...
colored 28000 / 37336...
colored 29000 / 37336...
colored 30000 / 37336...
colored 31000 / 37336...
colored 32000 / 37336...
colored 33000 / 37336...
colored 34000 / 37336...
colored 35000 / 37336...
colored 36000 / 37336...
colored 37000 / 37336...
greedy found 170 colors in 13.818 seconds
 time (s)      nb nodes       objective      
---------------------------------------------
  6.110                       170            
  28.069       64.1 M         169            
  39.697       84.2 M         168            
  49.046       97.4 M         167            
  57.808       106.2 M        166            
  66.863       110.9 M        165            
  76.566       115.8 M        164            
  85.237       120.1 M        163            
  96.818       124.1 M        162            
  103.769      126.5 M        161            
  112.954      128.2 M        160            
  121.951      129.9 M        159            
  131.885      131.3 M        158            
  137.478      132.0 M        157            
  143.695      132.6 M        156            
  153.706      133.3 M        155            
  167.170      133.8 M        154            
  187.672      134.2 M        153            
  194.972      134.5 M        152            
  212.539      134.8 M        151            
  226.727      135.1 M        150            
  249.465      135.3 M        149            
  263.779      135.5 M        148            
  296.153      135.7 M        147            
  349.349      136.0 M        146            
  363.898      136.1 M        145            
  381.015      136.2 M        144            
  409.709      136.4 M        143            
  439.010      136.5 M        142            
  478.989      136.6 M        141            
  529.151      136.8 M        140            
  617.133      137.0 M        139            
  1167.790     137.8 M        138            
  1631.887     138.5 M        137            
  2432.234     139.7 M        136            
  3504.207     141.1 M        135            
  11361.879    149.8 M        134            
