printing solutions in: ./dogs-color/insts/cgshop22/vispecn35198.instance.json.solution.json
printing perfs in: ./dogs-color/insts/cgshop22/vispecn35198.instance.json.perf.json

CGSHOP Instance: compute neighbors...
computing neighbors (0 / 35198)...
computing neighbors (1000 / 35198)...
computing neighbors (2000 / 35198)...
computing neighbors (3000 / 35198)...
computing neighbors (4000 / 35198)...
computing neighbors (5000 / 35198)...
computing neighbors (6000 / 35198)...
computing neighbors (7000 / 35198)...
computing neighbors (8000 / 35198)...
computing neighbors (9000 / 35198)...
computing neighbors (10000 / 35198)...
computing neighbors (11000 / 35198)...
computing neighbors (12000 / 35198)...
computing neighbors (13000 / 35198)...
computing neighbors (14000 / 35198)...
computing neighbors (15000 / 35198)...
computing neighbors (16000 / 35198)...
computing neighbors (17000 / 35198)...
computing neighbors (18000 / 35198)...
computing neighbors (19000 / 35198)...
computing neighbors (20000 / 35198)...
computing neighbors (21000 / 35198)...
computing neighbors (22000 / 35198)...
computing neighbors (23000 / 35198)...
computing neighbors (24000 / 35198)...
computing neighbors (25000 / 35198)...
computing neighbors (26000 / 35198)...
computing neighbors (27000 / 35198)...
computing neighbors (28000 / 35198)...
computing neighbors (29000 / 35198)...
computing neighbors (30000 / 35198)...
computing neighbors (31000 / 35198)...
computing neighbors (32000 / 35198)...
computing neighbors (33000 / 35198)...
computing neighbors (34000 / 35198)...
computing neighbors (35000 / 35198)...
49440      vertices
35198      segments
271        dominations
=======================
greedy clique: 75
greedy found 75 vertices in 0.034 seconds
 time (s)      nb expanded    nb generated   objective      
------------------------------------------------------------
  0.123                                      -75            
  0.125        3.0            115.0          -76            
  0.126        5.0            120.0          -77            
  0.127        6.0            121.0          -78            
  0.127        7.0            182.0          -79            
  0.128        9.0            243.0          -80            
  0.130        11.0           247.0          -81            
  0.130        12.0           306.0          -82            
  0.133        15.0           430.0          -83            
  0.134        17.0           489.0          -84            
  0.135        19.0           495.0          -85            
  0.136        20.0           496.0          -86            
  0.136        21.0           532.0          -87            
  0.139        24.0           605.0          -88            
  0.140        26.0           643.0          -89            
  0.143        30.0           744.0          -90            
  0.147        34.0           817.0          -91            
  0.147        35.0           819.0          -92            
  0.148        36.0           820.0          -93            
  0.148        37.0           851.0          -94            
  0.150        39.0           886.0          -95            
  0.151        41.0           916.0          -96            
  0.153        44.0           974.0          -97            
  0.162        54.0           1.2 k          -98            
  0.176        70.0           1.4 k          -99            
  0.179        75.0           1.5 k          -100           
  0.213        115.0          1.8 k          -101           
  0.229        133.0          2.0 k          -102           
  0.244        150.0          2.1 k          -103           
  0.245        151.0          2.1 k          -104           
  0.300        217.0          2.5 k          -105           
  0.302        219.0          2.5 k          -106           
  0.304        222.0          2.5 k          -107           
  0.500        453.0          3.3 k          -108           
  1.022        1.1 k          5.1 k          -109           
  1.023        1.1 k          5.1 k          -110           
  1.023        1.1 k          5.1 k          -111           
  1.044        1.1 k          5.2 k          -112           
  1.053        1.1 k          5.2 k          -113           
  1.059        1.1 k          5.3 k          -114           
  1.198        1.3 k          5.7 k          -115           
  1.199        1.3 k          5.7 k          -116           
  1.202        1.3 k          5.8 k          -117           
  1.202        1.3 k          5.8 k          -118           
  1.204        1.3 k          5.8 k          -119           
  1.209        1.3 k          5.8 k          -120           
  1.212        1.3 k          5.8 k          -121           
  1.247        1.3 k          6.0 k          -122           
  1.263        1.4 k          6.0 k          -123           
  1.422        1.5 k          6.5 k          -124           
  1.425        1.6 k          6.5 k          -125           
  1.700        1.9 k          7.4 k          -126           
  1.708        1.9 k          7.5 k          -127           
  1.708        1.9 k          7.5 k          -128           
  1.761        2.0 k          7.8 k          -129           
  1.762        2.0 k          7.8 k          -130           
  1.765        2.0 k          7.8 k          -131           
  1.775        2.0 k          7.8 k          -132           
  1.775        2.0 k          7.8 k          -133           
  1.782        2.0 k          7.8 k          -134           
  1.783        2.0 k          7.9 k          -135           
  1.784        2.0 k          7.9 k          -136           
  1.785        2.0 k          7.9 k          -137           
  1.785        2.0 k          7.9 k          -138           
  1.786        2.0 k          7.9 k          -139           
  1.786        2.0 k          7.9 k          -140           
  1.811        2.0 k          8.1 k          -141           
  1.813        2.0 k          8.1 k          -142           
  1.813        2.0 k          8.1 k          -143           
  1.814        2.1 k          8.1 k          -144           
  1.814        2.1 k          8.1 k          -145           
  1.816        2.1 k          8.1 k          -146           
  1.816        2.1 k          8.1 k          -147           
  1.817        2.1 k          8.1 k          -148           
  1.818        2.1 k          8.1 k          -149           
  1.820        2.1 k          8.1 k          -150           
  1.824        2.1 k          8.2 k          -151           
  1.825        2.1 k          8.2 k          -152           
  1.833        2.1 k          8.2 k          -153           
  1.852        2.1 k          8.4 k          -154           
  1.854        2.1 k          8.4 k          -155           
  1.865        2.1 k          8.4 k          -156           
  1.874        2.1 k          8.5 k          -157           
  1.884        2.1 k          8.5 k          -158           
  1.884        2.1 k          8.5 k          -159           
  1.885        2.1 k          8.5 k          -160           
  1.886        2.2 k          8.5 k          -161           
  1.954        2.2 k          8.9 k          -162           
  1.966        2.3 k          9.0 k          -163           
  2.046        2.4 k          9.3 k          -164           
  2.049        2.4 k          9.3 k          -165           
  2.050        2.4 k          9.3 k          -166           
  2.053        2.4 k          9.3 k          -167           
  2.061        2.4 k          9.3 k          -168           
  2.066        2.4 k          9.4 k          -169           
  2.139        2.5 k          9.6 k          -170           
  2.140        2.5 k          9.6 k          -171           
  2.142        2.5 k          9.6 k          -172           
  2.780        3.3 k          11.6 k         -173           
  2.851        3.4 k          11.9 k         -174           
  2.857        3.4 k          11.9 k         -175           
  2.861        3.4 k          11.9 k         -176           
  2.867        3.4 k          12.0 k         -177           
  5.927        7.4 k          21.4 k         -178           
  16.950       21.4 k         54.7 k         -179           
  17.009       21.5 k         54.9 k         -180           
  17.108       21.6 k         55.2 k         -181           
  25.710       32.2 k         80.1 k         -182           
  26.831       33.6 k         83.0 k         -183           
  26.832       33.6 k         83.0 k         -184           
  169.591      202.9 k        481.0 k        -185           
  169.593      202.9 k        481.0 k        -186           
  17930.414    20.9 M         49.4 M         -187           
  86192.992    100.2 M        236.7 M        -188           
