printing solutions in: ./dogs-color/insts/cgshop22/visp59449.instance.json.solution.json
printing perfs in: ./dogs-color/insts/cgshop22/visp59449.instance.json.perf.json

CGSHOP Instance: compute neighbors...
computing neighbors (0 / 59449)...
computing neighbors (1000 / 59449)...
computing neighbors (2000 / 59449)...
computing neighbors (3000 / 59449)...
computing neighbors (4000 / 59449)...
computing neighbors (5000 / 59449)...
computing neighbors (6000 / 59449)...
computing neighbors (7000 / 59449)...
computing neighbors (8000 / 59449)...
computing neighbors (9000 / 59449)...
computing neighbors (10000 / 59449)...
computing neighbors (11000 / 59449)...
computing neighbors (12000 / 59449)...
computing neighbors (13000 / 59449)...
computing neighbors (14000 / 59449)...
computing neighbors (15000 / 59449)...
computing neighbors (16000 / 59449)...
computing neighbors (17000 / 59449)...
computing neighbors (18000 / 59449)...
computing neighbors (19000 / 59449)...
computing neighbors (20000 / 59449)...
computing neighbors (21000 / 59449)...
computing neighbors (22000 / 59449)...
computing neighbors (23000 / 59449)...
computing neighbors (24000 / 59449)...
computing neighbors (25000 / 59449)...
computing neighbors (26000 / 59449)...
computing neighbors (27000 / 59449)...
computing neighbors (28000 / 59449)...
computing neighbors (29000 / 59449)...
computing neighbors (30000 / 59449)...
computing neighbors (31000 / 59449)...
computing neighbors (32000 / 59449)...
computing neighbors (33000 / 59449)...
computing neighbors (34000 / 59449)...
computing neighbors (35000 / 59449)...
computing neighbors (36000 / 59449)...
computing neighbors (37000 / 59449)...
computing neighbors (38000 / 59449)...
computing neighbors (39000 / 59449)...
computing neighbors (40000 / 59449)...
computing neighbors (41000 / 59449)...
computing neighbors (42000 / 59449)...
computing neighbors (43000 / 59449)...
computing neighbors (44000 / 59449)...
computing neighbors (45000 / 59449)...
computing neighbors (46000 / 59449)...
computing neighbors (47000 / 59449)...
computing neighbors (48000 / 59449)...
computing neighbors (49000 / 59449)...
computing neighbors (50000 / 59449)...
computing neighbors (51000 / 59449)...
computing neighbors (52000 / 59449)...
computing neighbors (53000 / 59449)...
computing neighbors (54000 / 59449)...
computing neighbors (55000 / 59449)...
computing neighbors (56000 / 59449)...
computing neighbors (57000 / 59449)...
computing neighbors (58000 / 59449)...
computing neighbors (59000 / 59449)...
1157       vertices
59449      segments
28184      dominations
=======================
greedy clique: 61
greedy found 61 vertices in 0.037 seconds
 time (s)      nb expanded    nb generated   objective      
------------------------------------------------------------
  0.152                                      -61            
  0.158        7.0            1.5 k          -62            
  0.159        8.0            1.7 k          -63            
  0.169        19.0           4.1 k          -64            
  0.170        20.0           4.3 k          -65            
  0.172        22.0           4.6 k          -66            
  0.178        29.0           5.7 k          -67            
  0.179        30.0           5.7 k          -68            
  0.179        31.0           5.9 k          -69            
  0.190        42.0           8.0 k          -70            
  0.198        50.0           9.1 k          -71            
  0.199        51.0           9.3 k          -72            
  0.206        58.0           10.4 k         -73            
  0.251        104.0          17.5 k         -74            
  0.274        127.0          20.4 k         -75            
  0.277        131.0          20.8 k         -76            
  0.288        141.0          21.8 k         -77            
  0.300        153.0          22.9 k         -78            
  0.304        158.0          23.2 k         -79            
  0.306        160.0          23.3 k         -80            
  0.322        176.0          24.5 k         -81            
  0.322        177.0          24.5 k         -82            
  0.338        193.0          25.5 k         -83            
  0.382        236.0          27.5 k         -84            
  0.404        258.0          28.3 k         -85            
  0.430        284.0          29.0 k         -86            
  0.486        339.0          29.8 k         -87            
  0.502        351.0          29.8 k         -88            
  0.504        354.0          29.8 k         -89            
  0.532        382.0          30.3 k         -90            
  0.684        531.0          31.7 k         -91            
  0.723        570.0          32.1 k         -92            
  0.785        631.0          32.7 k         -93            
  0.814        658.0          32.8 k         -94            
  7.958        7.5 k          66.3 k         -95            
  13.213       12.6 k         90.4 k         -96            
  13.214       12.6 k         90.4 k         -97            
  85.597       81.6 k         417.1 k        -98            
  32092.393    30.0 M         141.7 M        -99            
  32092.418    30.0 M         141.7 M        -100           
  32092.559    30.0 M         141.7 M        -101           
  32092.576    30.0 M         141.7 M        -102           
  32104.953    30.0 M         141.8 M        -103           
  32444.932    30.3 M         143.3 M        -104           
  38338.688    35.7 M         169.1 M        -105           
  115027.531   105.9 M        505.8 M        -106           
