printing solutions in: ./dogs-color/insts/cgshop22/visp62685.instance.json.solution.json
printing perfs in: ./dogs-color/insts/cgshop22/visp62685.instance.json.perf.json

CGSHOP Instance: compute neighbors...
computing neighbors (0 / 62685)...
computing neighbors (1000 / 62685)...
computing neighbors (2000 / 62685)...
computing neighbors (3000 / 62685)...
computing neighbors (4000 / 62685)...
computing neighbors (5000 / 62685)...
computing neighbors (6000 / 62685)...
computing neighbors (7000 / 62685)...
computing neighbors (8000 / 62685)...
computing neighbors (9000 / 62685)...
computing neighbors (10000 / 62685)...
computing neighbors (11000 / 62685)...
computing neighbors (12000 / 62685)...
computing neighbors (13000 / 62685)...
computing neighbors (14000 / 62685)...
computing neighbors (15000 / 62685)...
computing neighbors (16000 / 62685)...
computing neighbors (17000 / 62685)...
computing neighbors (18000 / 62685)...
computing neighbors (19000 / 62685)...
computing neighbors (20000 / 62685)...
computing neighbors (21000 / 62685)...
computing neighbors (22000 / 62685)...
computing neighbors (23000 / 62685)...
computing neighbors (24000 / 62685)...
computing neighbors (25000 / 62685)...
computing neighbors (26000 / 62685)...
computing neighbors (27000 / 62685)...
computing neighbors (28000 / 62685)...
computing neighbors (29000 / 62685)...
computing neighbors (30000 / 62685)...
computing neighbors (31000 / 62685)...
computing neighbors (32000 / 62685)...
computing neighbors (33000 / 62685)...
computing neighbors (34000 / 62685)...
computing neighbors (35000 / 62685)...
computing neighbors (36000 / 62685)...
computing neighbors (37000 / 62685)...
computing neighbors (38000 / 62685)...
computing neighbors (39000 / 62685)...
computing neighbors (40000 / 62685)...
computing neighbors (41000 / 62685)...
computing neighbors (42000 / 62685)...
computing neighbors (43000 / 62685)...
computing neighbors (44000 / 62685)...
computing neighbors (45000 / 62685)...
computing neighbors (46000 / 62685)...
computing neighbors (47000 / 62685)...
computing neighbors (48000 / 62685)...
computing neighbors (49000 / 62685)...
computing neighbors (50000 / 62685)...
computing neighbors (51000 / 62685)...
computing neighbors (52000 / 62685)...
computing neighbors (53000 / 62685)...
computing neighbors (54000 / 62685)...
computing neighbors (55000 / 62685)...
computing neighbors (56000 / 62685)...
computing neighbors (57000 / 62685)...
computing neighbors (58000 / 62685)...
computing neighbors (59000 / 62685)...
computing neighbors (60000 / 62685)...
computing neighbors (61000 / 62685)...
computing neighbors (62000 / 62685)...
1270       vertices
62685      segments
29618      dominations
=======================
greedy clique: 66
greedy found 66 vertices in 0.038 seconds
 time (s)      nb expanded    nb generated   objective      
------------------------------------------------------------
  0.190                                      -66            
  0.197        7.0            1.9 k          -67            
  0.198        8.0            2.2 k          -68            
  0.201        11.0           2.8 k          -69            
  0.203        13.0           3.1 k          -70            
  0.205        15.0           3.4 k          -71            
  0.210        20.0           4.4 k          -72            
  0.220        29.0           6.3 k          -73            
  0.221        30.0           6.3 k          -74            
  0.221        31.0           6.3 k          -75            
  0.222        32.0           6.3 k          -76            
  0.222        33.0           6.5 k          -77            
  0.234        43.0           8.3 k          -78            
  0.238        47.0           8.8 k          -79            
  0.240        49.0           9.0 k          -80            
  0.241        51.0           9.2 k          -81            
  0.257        65.0           11.4 k         -82            
  0.266        73.0           12.4 k         -83            
  0.269        76.0           12.7 k         -84            
  0.277        84.0           13.7 k         -85            
  0.291        97.0           15.3 k         -86            
  0.310        114.0          17.4 k         -87            
  0.376        172.0          23.9 k         -88            
  0.383        179.0          24.4 k         -89            
  0.509        290.0          31.8 k         -90            
  0.617        381.0          35.4 k         -91            
  0.654        415.0          35.9 k         -92            
  0.952        683.0          37.5 k         -93            
  0.979        707.0          37.7 k         -94            
  1.000        725.0          37.8 k         -95            
  1.037        758.0          38.1 k         -96            
  306.371      255.9 k        1.3 M          -97            
  972.736      820.8 k        3.9 M          -98            
  17539.166    14.1 M         69.6 M         -99            
