printing solutions in: ./dogs-color/insts/cgshop22/sqrp53628.instance.json.solution.json
printing perfs in: ./dogs-color/insts/cgshop22/sqrp53628.instance.json.perf.json

CGSHOP Instance: compute neighbors...
computing neighbors (0 / 53628)...
computing neighbors (1000 / 53628)...
computing neighbors (2000 / 53628)...
computing neighbors (3000 / 53628)...
computing neighbors (4000 / 53628)...
computing neighbors (5000 / 53628)...
computing neighbors (6000 / 53628)...
computing neighbors (7000 / 53628)...
computing neighbors (8000 / 53628)...
computing neighbors (9000 / 53628)...
computing neighbors (10000 / 53628)...
computing neighbors (11000 / 53628)...
computing neighbors (12000 / 53628)...
computing neighbors (13000 / 53628)...
computing neighbors (14000 / 53628)...
computing neighbors (15000 / 53628)...
computing neighbors (16000 / 53628)...
computing neighbors (17000 / 53628)...
computing neighbors (18000 / 53628)...
computing neighbors (19000 / 53628)...
computing neighbors (20000 / 53628)...
computing neighbors (21000 / 53628)...
computing neighbors (22000 / 53628)...
computing neighbors (23000 / 53628)...
computing neighbors (24000 / 53628)...
computing neighbors (25000 / 53628)...
computing neighbors (26000 / 53628)...
computing neighbors (27000 / 53628)...
computing neighbors (28000 / 53628)...
computing neighbors (29000 / 53628)...
computing neighbors (30000 / 53628)...
computing neighbors (31000 / 53628)...
computing neighbors (32000 / 53628)...
computing neighbors (33000 / 53628)...
computing neighbors (34000 / 53628)...
computing neighbors (35000 / 53628)...
computing neighbors (36000 / 53628)...
computing neighbors (37000 / 53628)...
computing neighbors (38000 / 53628)...
computing neighbors (39000 / 53628)...
computing neighbors (40000 / 53628)...
computing neighbors (41000 / 53628)...
computing neighbors (42000 / 53628)...
computing neighbors (43000 / 53628)...
computing neighbors (44000 / 53628)...
computing neighbors (45000 / 53628)...
computing neighbors (46000 / 53628)...
computing neighbors (47000 / 53628)...
computing neighbors (48000 / 53628)...
computing neighbors (49000 / 53628)...
computing neighbors (50000 / 53628)...
computing neighbors (51000 / 53628)...
computing neighbors (52000 / 53628)...
computing neighbors (53000 / 53628)...
807        vertices
53628      segments
9352       dominations
=======================
greedy clique: 133
greedy found 133 vertices in 0.096 seconds
 time (s)      nb expanded    nb generated   objective      
------------------------------------------------------------
  0.207                                      -133           
  0.212        4.0            1.1 k          -134           
  0.213        5.0            1.7 k          -135           
  0.216        7.0            1.7 k          -136           
  0.217        8.0            2.2 k          -137           
  0.221        11.0           2.7 k          -138           
  0.222        12.0           3.2 k          -139           
  0.225        15.0           4.3 k          -140           
  0.228        17.0           4.3 k          -141           
  0.229        18.0           4.8 k          -142           
  0.231        20.0           5.2 k          -143           
  0.234        22.0           5.7 k          -144           
  0.236        24.0           5.7 k          -145           
  0.237        25.0           5.7 k          -146           
  0.238        26.0           5.7 k          -147           
  0.239        27.0           6.2 k          -148           
  0.242        29.0           6.6 k          -149           
  0.244        31.0           7.0 k          -150           
  0.250        35.0           7.8 k          -151           
  0.251        36.0           8.3 k          -152           
  0.253        38.0           8.3 k          -153           
  0.254        39.0           8.7 k          -154           
  0.264        46.0           11.2 k         -155           
  0.266        48.0           11.2 k         -156           
  0.267        49.0           11.6 k         -157           
  0.271        52.0           12.3 k         -158           
  0.281        59.0           14.3 k         -159           
  0.282        60.0           14.7 k         -160           
  0.286        63.0           15.0 k         -161           
  0.287        64.0           15.4 k         -162           
  0.289        66.0           15.8 k         -163           
  0.299        73.0           17.9 k         -164           
  0.303        76.0           18.6 k         -165           
  0.306        78.0           18.9 k         -166           
  0.308        80.0           19.2 k         -167           
  0.311        82.0           19.5 k         -168           
  0.315        85.0           20.1 k         -169           
  0.317        87.0           20.4 k         -170           
  0.324        92.0           21.6 k         -171           
  0.326        94.0           21.6 k         -172           
  0.327        95.0           21.9 k         -173           
  0.331        98.0           22.5 k         -174           
  0.334        100.0          22.8 k         -175           
  0.336        102.0          23.0 k         -176           
  0.343        107.0          24.1 k         -177           
  0.356        116.0          26.3 k         -178           
  0.367        124.0          27.9 k         -179           
  0.368        125.0          28.2 k         -180           
  0.372        128.0          28.7 k         -181           
  0.378        132.0          29.3 k         -182           
  0.379        133.0          29.5 k         -183           
  0.381        135.0          29.5 k         -184           
  0.382        136.0          29.8 k         -185           
  0.402        150.0          33.0 k         -186           
  0.412        157.0          34.4 k         -187           
  0.418        161.0          35.1 k         -188           
  0.423        165.0          35.8 k         -189           
  0.446        181.0          39.1 k         -190           
  0.448        183.0          39.3 k         -191           
  0.457        189.0          40.3 k         -192           
  0.459        191.0          40.5 k         -193           
  0.463        194.0          40.9 k         -194           
  0.476        203.0          42.5 k         -195           
  0.492        214.0          44.4 k         -196           
  0.496        217.0          44.8 k         -197           
  0.511        228.0          46.6 k         -198           
  0.518        233.0          47.3 k         -199           
  0.522        236.0          47.7 k         -200           
  0.529        241.0          48.3 k         -201           
  0.541        249.0          49.5 k         -202           
  0.556        260.0          51.1 k         -203           
  0.568        267.0          52.0 k         -204           
  0.573        270.0          52.3 k         -205           
  0.602        290.0          54.7 k         -206           
  0.631        310.0          56.8 k         -207           
  0.677        342.0          59.8 k         -208           
  0.681        345.0          59.9 k         -209           
  0.690        351.0          60.4 k         -210           
  0.707        363.0          61.3 k         -211           
  0.716        369.0          61.7 k         -212           
  0.740        386.0          62.9 k         -213           
  0.767        405.0          64.0 k         -214           
  0.786        418.0          64.6 k         -215           
  0.802        429.0          65.0 k         -216           
  0.846        459.0          66.3 k         -217           
  0.858        468.0          66.6 k         -218           
  0.872        478.0          66.9 k         -219           
  0.888        489.0          67.2 k         -220           
  0.919        510.0          67.9 k         -221           
  0.947        530.0          68.5 k         -222           
  0.954        535.0          68.6 k         -223           
  0.963        541.0          68.7 k         -224           
  0.968        545.0          68.8 k         -225           
  1.050        601.0          69.4 k         -226           
  1.157        672.0          69.8 k         -227           
  1.165        678.0          69.9 k         -228           
  1.526        923.0          71.9 k         -229           
  1.681        1.0 k          72.6 k         -230           
  1.708        1.0 k          72.6 k         -231           
  1.717        1.1 k          72.7 k         -232           
  1.828        1.1 k          73.3 k         -233           
  2.099        1.3 k          74.8 k         -234           
  3.472        2.2 k          81.1 k         -235           
  4.562        3.0 k          85.8 k         -236           
  5.533        3.6 k          90.2 k         -237           
  5.598        3.7 k          90.4 k         -238           
  7.855        5.1 k          99.0 k         -239           
  8.033        5.3 k          99.6 k         -240           
  8.997        5.9 k          103.5 k        -241           
  10.251       6.7 k          108.5 k        -242           
  10.579       6.9 k          109.6 k        -243           
  12.750       8.4 k          117.1 k        -244           
  13.536       8.9 k          120.3 k        -245           
  20.694       13.6 k         148.0 k        -246           
  26.011       17.1 k         168.8 k        -247           
  26.155       17.2 k         169.3 k        -248           
  26.780       17.6 k         171.4 k        -249           
  223.776      143.6 k        877.3 k        -250           
  226.750      145.5 k        887.7 k        -251           
  227.211      145.8 k        889.1 k        -252           
  318.606      203.1 k        1.2 M          -253           
  517.119      325.6 k        1.9 M          -254           
  539.938      339.7 k        2.0 M          -255           
  647.015      405.4 k        2.3 M          -256           
  1019.871     630.7 k        3.6 M          -257           
  1117.613     690.1 k        3.9 M          -258           
  1527.672     938.3 k        5.3 M          -259           
  1528.251     938.7 k        5.3 M          -260           
  2215.085     1.4 M          7.5 M          -261           
