printing solutions in: ./dogs-color/insts/cgshop22/reecn69952.instance.json.solution.json
printing perfs in: ./dogs-color/insts/cgshop22/reecn69952.instance.json.perf.json

CGSHOP Instance: compute neighbors...
computing neighbors (0 / 69952)...
computing neighbors (1000 / 69952)...
computing neighbors (2000 / 69952)...
computing neighbors (3000 / 69952)...
computing neighbors (4000 / 69952)...
computing neighbors (5000 / 69952)...
computing neighbors (6000 / 69952)...
computing neighbors (7000 / 69952)...
computing neighbors (8000 / 69952)...
computing neighbors (9000 / 69952)...
computing neighbors (10000 / 69952)...
computing neighbors (11000 / 69952)...
computing neighbors (12000 / 69952)...
computing neighbors (13000 / 69952)...
computing neighbors (14000 / 69952)...
computing neighbors (15000 / 69952)...
computing neighbors (16000 / 69952)...
computing neighbors (17000 / 69952)...
computing neighbors (18000 / 69952)...
computing neighbors (19000 / 69952)...
computing neighbors (20000 / 69952)...
computing neighbors (21000 / 69952)...
computing neighbors (22000 / 69952)...
computing neighbors (23000 / 69952)...
computing neighbors (24000 / 69952)...
computing neighbors (25000 / 69952)...
computing neighbors (26000 / 69952)...
computing neighbors (27000 / 69952)...
computing neighbors (28000 / 69952)...
computing neighbors (29000 / 69952)...
computing neighbors (30000 / 69952)...
computing neighbors (31000 / 69952)...
computing neighbors (32000 / 69952)...
computing neighbors (33000 / 69952)...
computing neighbors (34000 / 69952)...
computing neighbors (35000 / 69952)...
computing neighbors (36000 / 69952)...
computing neighbors (37000 / 69952)...
computing neighbors (38000 / 69952)...
computing neighbors (39000 / 69952)...
computing neighbors (40000 / 69952)...
computing neighbors (41000 / 69952)...
computing neighbors (42000 / 69952)...
computing neighbors (43000 / 69952)...
computing neighbors (44000 / 69952)...
computing neighbors (45000 / 69952)...
computing neighbors (46000 / 69952)...
computing neighbors (47000 / 69952)...
computing neighbors (48000 / 69952)...
computing neighbors (49000 / 69952)...
computing neighbors (50000 / 69952)...
computing neighbors (51000 / 69952)...
computing neighbors (52000 / 69952)...
computing neighbors (53000 / 69952)...
computing neighbors (54000 / 69952)...
computing neighbors (55000 / 69952)...
computing neighbors (56000 / 69952)...
computing neighbors (57000 / 69952)...
computing neighbors (58000 / 69952)...
computing neighbors (59000 / 69952)...
computing neighbors (60000 / 69952)...
computing neighbors (61000 / 69952)...
computing neighbors (62000 / 69952)...
computing neighbors (63000 / 69952)...
computing neighbors (64000 / 69952)...
computing neighbors (65000 / 69952)...
computing neighbors (66000 / 69952)...
computing neighbors (67000 / 69952)...
computing neighbors (68000 / 69952)...
computing neighbors (69000 / 69952)...
97686      vertices
69952      segments
401        dominations
=======================
greedy clique: 198
greedy found 198 vertices in 0.179 seconds
 time (s)      nb expanded    nb generated   objective      
------------------------------------------------------------
  0.656                                      -198           
  0.660        3.0            164.0          -199           
  0.661        4.0            320.0          -200           
  0.665        6.0            473.0          -201           
  0.668        8.0            479.0          -202           
  0.669        9.0            480.0          -203           
  0.671        10.0           629.0          -204           
  0.676        13.0           780.0          -205           
  0.677        14.0           925.0          -206           
  0.681        16.0           932.0          -207           
  0.682        17.0           934.0          -208           
  0.683        18.0           935.0          -209           
  0.684        19.0           1.1 k          -210           
  0.687        21.0           1.2 k          -211           
  0.690        23.0           1.2 k          -212           
  0.692        24.0           1.2 k          -213           
  0.693        25.0           1.2 k          -214           
  0.694        26.0           1.4 k          -215           
  0.698        28.0           1.4 k          -216           
  0.699        29.0           1.4 k          -217           
  0.700        30.0           1.4 k          -218           
  0.701        31.0           1.5 k          -219           
  0.705        33.0           1.5 k          -220           
  0.706        34.0           1.5 k          -221           
  0.707        35.0           1.6 k          -222           
  0.710        37.0           1.8 k          -223           
  0.714        39.0           1.9 k          -224           
  0.717        41.0           2.0 k          -225           
  0.723        44.0           2.2 k          -226           
  0.730        48.0           2.5 k          -227           
  0.731        49.0           2.6 k          -228           
  0.735        51.0           2.6 k          -229           
  0.736        52.0           2.7 k          -230           
  0.740        54.0           2.7 k          -231           
  0.741        55.0           2.8 k          -232           
  0.748        59.0           3.0 k          -233           
  0.756        63.0           3.3 k          -234           
  0.759        65.0           3.3 k          -235           
  0.760        66.0           3.4 k          -236           
  0.766        69.0           3.6 k          -237           
  0.771        72.0           3.7 k          -238           
  0.772        73.0           3.8 k          -239           
  0.778        76.0           3.8 k          -240           
  0.779        77.0           3.8 k          -241           
  0.780        78.0           3.9 k          -242           
  0.785        81.0           4.1 k          -243           
  0.791        84.0           4.2 k          -244           
  0.794        86.0           4.3 k          -245           
  0.797        88.0           4.4 k          -246           
  0.801        90.0           4.4 k          -247           
  0.804        92.0           4.5 k          -248           
  0.807        94.0           4.5 k          -249           
  0.808        95.0           4.6 k          -250           
  0.817        98.0           4.7 k          -251           
  0.822        101.0          4.8 k          -252           
  0.838        109.0          5.3 k          -253           
  0.853        117.0          5.7 k          -254           
  0.860        121.0          5.9 k          -255           
  0.867        125.0          6.0 k          -256           
  0.889        136.0          6.5 k          -257           
  0.890        137.0          6.6 k          -258           
  0.904        144.0          6.9 k          -259           
  0.945        164.0          7.7 k          -260           
  0.971        177.0          8.1 k          -261           
  0.972        178.0          8.2 k          -262           
  0.975        180.0          8.2 k          -263           
  0.995        190.0          8.4 k          -264           
  0.996        191.0          8.5 k          -265           
  1.008        197.0          8.6 k          -266           
  1.040        213.0          8.8 k          -267           
  1.064        225.0          8.9 k          -268           
  1.082        234.0          9.2 k          -269           
  1.087        237.0          9.2 k          -270           
  1.129        258.0          9.7 k          -271           
  1.140        264.0          9.9 k          -272           
  1.141        265.0          9.9 k          -273           
  1.159        273.0          9.9 k          -274           
  1.172        280.0          9.9 k          -275           
  1.175        282.0          9.9 k          -276           
  1.240        315.0          10.4 k         -277           
  1.275        332.0          10.9 k         -278           
  1.391        390.0          11.9 k         -279           
  1.468        428.0          12.7 k         -280           
  1.631        508.0          13.5 k         -281           
  1.633        509.0          13.5 k         -282           
  1.644        515.0          13.5 k         -283           
  1.646        516.0          13.5 k         -284           
  1.776        581.0          14.4 k         -285           
  1.793        590.0          14.5 k         -286           
  1.817        602.0          14.6 k         -287           
  1.828        608.0          14.7 k         -288           
  1.832        610.0          14.7 k         -289           
  1.845        616.0          14.7 k         -290           
  2.195        789.0          16.1 k         -291           
  2.207        795.0          16.1 k         -292           
  2.208        796.0          16.1 k         -293           
  2.211        798.0          16.1 k         -294           
  2.332        858.0          16.4 k         -295           
  2.335        860.0          16.4 k         -296           
  2.337        861.0          16.4 k         -297           
  2.344        865.0          16.4 k         -298           
  2.345        866.0          16.4 k         -299           
  2.453        921.0          16.6 k         -300           
  2.959        1.2 k          17.7 k         -301           
  3.000        1.2 k          17.8 k         -302           
  3.045        1.2 k          17.9 k         -303           
  3.319        1.4 k          18.4 k         -304           
  3.364        1.4 k          18.5 k         -305           
  3.367        1.4 k          18.5 k         -306           
  3.387        1.4 k          18.5 k         -307           
  3.394        1.4 k          18.6 k         -308           
  3.395        1.4 k          18.6 k         -309           
  3.413        1.4 k          18.6 k         -310           
  4.488        1.9 k          20.5 k         -311           
  4.489        1.9 k          20.5 k         -312           
  5.733        2.6 k          22.3 k         -313           
  5.746        2.6 k          22.3 k         -314           
  5.778        2.6 k          22.4 k         -315           
  8.081        3.7 k          25.6 k         -316           
  8.087        3.7 k          25.6 k         -317           
  8.137        3.7 k          25.7 k         -318           
  8.610        4.0 k          26.2 k         -319           
  8.615        4.0 k          26.2 k         -320           
  8.617        4.0 k          26.2 k         -321           
  8.667        4.0 k          26.3 k         -322           
  8.668        4.0 k          26.3 k         -323           
  9.447        4.4 k          27.3 k         -324           
  9.463        4.4 k          27.4 k         -325           
  9.530        4.4 k          27.5 k         -326           
  9.631        4.5 k          27.6 k         -327           
  9.759        4.5 k          27.7 k         -328           
  9.809        4.6 k          27.8 k         -329           
  11.353       5.3 k          29.8 k         -330           
  11.481       5.4 k          29.9 k         -331           
  11.484       5.4 k          29.9 k         -332           
  11.485       5.4 k          29.9 k         -333           
  11.486       5.4 k          29.9 k         -334           
  11.496       5.4 k          30.0 k         -335           
  13.290       6.3 k          32.4 k         -336           
  13.291       6.3 k          32.4 k         -337           
  13.310       6.3 k          32.4 k         -338           
  14.163       6.7 k          33.6 k         -339           
  27.834       13.4 k         50.0 k         -340           
  35.246       17.0 k         58.9 k         -341           
  50.583       24.4 k         76.9 k         -342           
  50.590       24.4 k         76.9 k         -343           
  668.052      319.2 k        779.7 k        -344           
  668.053      319.2 k        779.7 k        -345           
  811.801      387.4 k        938.7 k        -346           
  2613.853     1.2 M          2.9 M          -347           
  2940.496     1.4 M          3.3 M          -348           
  2940.506     1.4 M          3.3 M          -349           
  2940.524     1.4 M          3.3 M          -350           
  8623.847     4.0 M          9.5 M          -351           
  8623.851     4.0 M          9.5 M          -352           
  8623.855     4.0 M          9.5 M          -353           
  8623.856     4.0 M          9.5 M          -354           
  8623.864     4.0 M          9.5 M          -355           
