printing solutions in: ./dogs-color/insts/cgshop22/visp46936.instance.json.solution.json
printing perfs in: ./dogs-color/insts/cgshop22/visp46936.instance.json.perf.json

CGSHOP Instance: compute neighbors...
computing neighbors (0 / 46936)...
computing neighbors (1000 / 46936)...
computing neighbors (2000 / 46936)...
computing neighbors (3000 / 46936)...
computing neighbors (4000 / 46936)...
computing neighbors (5000 / 46936)...
computing neighbors (6000 / 46936)...
computing neighbors (7000 / 46936)...
computing neighbors (8000 / 46936)...
computing neighbors (9000 / 46936)...
computing neighbors (10000 / 46936)...
computing neighbors (11000 / 46936)...
computing neighbors (12000 / 46936)...
computing neighbors (13000 / 46936)...
computing neighbors (14000 / 46936)...
computing neighbors (15000 / 46936)...
computing neighbors (16000 / 46936)...
computing neighbors (17000 / 46936)...
computing neighbors (18000 / 46936)...
computing neighbors (19000 / 46936)...
computing neighbors (20000 / 46936)...
computing neighbors (21000 / 46936)...
computing neighbors (22000 / 46936)...
computing neighbors (23000 / 46936)...
computing neighbors (24000 / 46936)...
computing neighbors (25000 / 46936)...
computing neighbors (26000 / 46936)...
computing neighbors (27000 / 46936)...
computing neighbors (28000 / 46936)...
computing neighbors (29000 / 46936)...
computing neighbors (30000 / 46936)...
computing neighbors (31000 / 46936)...
computing neighbors (32000 / 46936)...
computing neighbors (33000 / 46936)...
computing neighbors (34000 / 46936)...
computing neighbors (35000 / 46936)...
computing neighbors (36000 / 46936)...
computing neighbors (37000 / 46936)...
computing neighbors (38000 / 46936)...
computing neighbors (39000 / 46936)...
computing neighbors (40000 / 46936)...
computing neighbors (41000 / 46936)...
computing neighbors (42000 / 46936)...
computing neighbors (43000 / 46936)...
computing neighbors (44000 / 46936)...
computing neighbors (45000 / 46936)...
computing neighbors (46000 / 46936)...
918        vertices
46936      segments
22049      dominations
=======================
greedy clique: 53
greedy found 53 vertices in 0.021 seconds
 time (s)      nb expanded    nb generated   objective      
------------------------------------------------------------
  0.070                                      -53            
  0.072        3.0            481.0          -54            
  0.074        5.0            705.0          -55            
  0.077        9.0            1.4 k          -56            
  0.078        11.0           1.4 k          -57            
  0.078        12.0           1.6 k          -58            
  0.080        14.0           1.8 k          -59            
  0.081        16.0           1.9 k          -60            
  0.089        26.0           3.5 k          -61            
  0.092        31.0           4.2 k          -62            
  0.101        41.0           5.6 k          -63            
  0.110        52.0           7.1 k          -64            
  0.113        57.0           7.6 k          -65            
  0.135        84.0           10.7 k         -66            
  0.140        90.0           11.3 k         -67            
  0.157        111.0          13.4 k         -68            
  0.203        168.0          18.2 k         -69            
  0.369        367.0          25.2 k         -70            
  0.709        792.0          28.4 k         -71            
  0.743        833.0          28.8 k         -72            
  1.187        1.4 k          32.0 k         -73            
  12.312       14.3 k         104.8 k        -74            
  21.221       24.7 k         160.8 k        -75            
  29.575       34.3 k         211.0 k        -76            
  134.481      152.9 k        859.6 k        -77            
