printing solutions in: ./dogs-color/insts/cgshop22/visp55158.instance.json.solution.json
printing perfs in: ./dogs-color/insts/cgshop22/visp55158.instance.json.perf.json

CGSHOP Instance: compute neighbors...
computing neighbors (0 / 55158)...
computing neighbors (1000 / 55158)...
computing neighbors (2000 / 55158)...
computing neighbors (3000 / 55158)...
computing neighbors (4000 / 55158)...
computing neighbors (5000 / 55158)...
computing neighbors (6000 / 55158)...
computing neighbors (7000 / 55158)...
computing neighbors (8000 / 55158)...
computing neighbors (9000 / 55158)...
computing neighbors (10000 / 55158)...
computing neighbors (11000 / 55158)...
computing neighbors (12000 / 55158)...
computing neighbors (13000 / 55158)...
computing neighbors (14000 / 55158)...
computing neighbors (15000 / 55158)...
computing neighbors (16000 / 55158)...
computing neighbors (17000 / 55158)...
computing neighbors (18000 / 55158)...
computing neighbors (19000 / 55158)...
computing neighbors (20000 / 55158)...
computing neighbors (21000 / 55158)...
computing neighbors (22000 / 55158)...
computing neighbors (23000 / 55158)...
computing neighbors (24000 / 55158)...
computing neighbors (25000 / 55158)...
computing neighbors (26000 / 55158)...
computing neighbors (27000 / 55158)...
computing neighbors (28000 / 55158)...
computing neighbors (29000 / 55158)...
computing neighbors (30000 / 55158)...
computing neighbors (31000 / 55158)...
computing neighbors (32000 / 55158)...
computing neighbors (33000 / 55158)...
computing neighbors (34000 / 55158)...
computing neighbors (35000 / 55158)...
computing neighbors (36000 / 55158)...
computing neighbors (37000 / 55158)...
computing neighbors (38000 / 55158)...
computing neighbors (39000 / 55158)...
computing neighbors (40000 / 55158)...
computing neighbors (41000 / 55158)...
computing neighbors (42000 / 55158)...
computing neighbors (43000 / 55158)...
computing neighbors (44000 / 55158)...
computing neighbors (45000 / 55158)...
computing neighbors (46000 / 55158)...
computing neighbors (47000 / 55158)...
computing neighbors (48000 / 55158)...
computing neighbors (49000 / 55158)...
computing neighbors (50000 / 55158)...
computing neighbors (51000 / 55158)...
computing neighbors (52000 / 55158)...
computing neighbors (53000 / 55158)...
computing neighbors (54000 / 55158)...
computing neighbors (55000 / 55158)...
1373       vertices
55158      segments
26342      dominations
=======================
greedy clique: 60
greedy found 60 vertices in 0.029 seconds
 time (s)      nb expanded    nb generated   objective      
------------------------------------------------------------
  0.096                                      -60            
  0.099        4.0            778.0          -61            
  0.102        7.0            1.3 k          -62            
  0.103        9.0            1.3 k          -63            
  0.104        10.0           1.5 k          -64            
  0.106        12.0           1.8 k          -65            
  0.107        14.0           2.0 k          -66            
  0.113        20.0           2.9 k          -67            
  0.119        26.0           3.8 k          -68            
  0.130        38.0           5.6 k          -69            
  0.131        39.0           5.7 k          -70            
  0.141        50.0           7.3 k          -71            
  0.144        53.0           7.7 k          -72            
  0.149        55.0           7.8 k          -73            
  0.153        59.0           8.3 k          -74            
  0.155        62.0           8.6 k          -75            
  0.161        68.0           9.3 k          -76            
  0.164        71.0           9.5 k          -77            
  0.180        88.0           11.6 k         -78            
  0.197        105.0          13.4 k         -79            
  0.202        111.0          13.9 k         -80            
  0.222        131.0          15.6 k         -81            
  0.234        144.0          16.5 k         -82            
  0.250        161.0          17.7 k         -83            
  0.265        176.0          18.5 k         -84            
  0.265        177.0          18.6 k         -85            
  0.294        207.0          19.9 k         -86            
  0.342        256.0          21.3 k         -87            
  0.405        320.0          22.2 k         -88            
  0.436        353.0          22.4 k         -89            
  0.757        671.0          25.2 k         -90            
  0.760        674.0          25.2 k         -91            
  0.863        779.0          26.7 k         -92            
  0.891        808.0          27.0 k         -93            
  1.024        942.0          27.9 k         -94            
  2.369        2.3 k          36.1 k         -95            
  72.331       64.1 k         359.2 k        -96            
  73.220       64.9 k         363.4 k        -97            
  167.072      145.3 k        777.6 k        -98            
  167.139      145.4 k        778.0 k        -99            
  1470.454     1.2 M          6.5 M          -100           
  3368.725     2.8 M          14.7 M         -101           
  12582.567    10.6 M         54.5 M         -102           
  12582.568    10.6 M         54.5 M         -103           
