printing solutions in: ./dogs-color/insts/cgshop22/visp35881.instance.json.solution.json
printing perfs in: ./dogs-color/insts/cgshop22/visp35881.instance.json.perf.json

CGSHOP Instance: compute neighbors...
computing neighbors (0 / 35881)...
computing neighbors (1000 / 35881)...
computing neighbors (2000 / 35881)...
computing neighbors (3000 / 35881)...
computing neighbors (4000 / 35881)...
computing neighbors (5000 / 35881)...
computing neighbors (6000 / 35881)...
computing neighbors (7000 / 35881)...
computing neighbors (8000 / 35881)...
computing neighbors (9000 / 35881)...
computing neighbors (10000 / 35881)...
computing neighbors (11000 / 35881)...
computing neighbors (12000 / 35881)...
computing neighbors (13000 / 35881)...
computing neighbors (14000 / 35881)...
computing neighbors (15000 / 35881)...
computing neighbors (16000 / 35881)...
computing neighbors (17000 / 35881)...
computing neighbors (18000 / 35881)...
computing neighbors (19000 / 35881)...
computing neighbors (20000 / 35881)...
computing neighbors (21000 / 35881)...
computing neighbors (22000 / 35881)...
computing neighbors (23000 / 35881)...
computing neighbors (24000 / 35881)...
computing neighbors (25000 / 35881)...
computing neighbors (26000 / 35881)...
computing neighbors (27000 / 35881)...
computing neighbors (28000 / 35881)...
computing neighbors (29000 / 35881)...
computing neighbors (30000 / 35881)...
computing neighbors (31000 / 35881)...
computing neighbors (32000 / 35881)...
computing neighbors (33000 / 35881)...
computing neighbors (34000 / 35881)...
computing neighbors (35000 / 35881)...
748        vertices
35881      segments
17307      dominations
=======================
greedy clique: 65
greedy found 65 vertices in 0.025 seconds
 time (s)      nb expanded    nb generated   objective      
------------------------------------------------------------
  0.069                                      -65            
  0.071        3.0            254.0          -66            
  0.071        4.0            493.0          -67            
  0.074        8.0            985.0          -68            
  0.075        9.0            989.0          -69            
  0.075        10.0           991.0          -70            
  0.075        11.0           1.1 k          -71            
  0.077        13.0           1.3 k          -72            
  0.080        17.0           1.6 k          -73            
  0.083        22.0           2.1 k          -74            
  0.085        25.0           2.4 k          -75            
  0.094        36.0           3.5 k          -76            
  0.102        46.0           4.5 k          -77            
  0.105        50.0           4.7 k          -78            
  0.108        55.0           5.1 k          -79            
  0.114        63.0           5.7 k          -80            
  0.115        65.0           5.8 k          -81            
  0.122        74.0           6.4 k          -82            
  0.128        81.0           6.8 k          -83            
  0.131        86.0           7.1 k          -84            
  0.142        100.0          7.9 k          -85            
  0.163        127.0          9.1 k          -86            
  0.164        129.0          9.1 k          -87            
  0.198        171.0          10.4 k         -88            
  0.199        173.0          10.4 k         -89            
  0.208        184.0          10.6 k         -90            
  0.238        223.0          11.0 k         -91            
  0.373        399.0          13.2 k         -92            
  0.374        401.0          13.2 k         -93            
  0.411        451.0          13.7 k         -94            
  0.416        457.0          13.8 k         -95            
  0.421        464.0          13.8 k         -96            
  0.497        561.0          14.5 k         -97            
  0.497        562.0          14.5 k         -98            
  0.499        565.0          14.5 k         -99            
  5.971        7.5 k          51.0 k         -100           
  19.707       24.4 k         135.3 k        -101           
  40.440       49.4 k         256.0 k        -102           
  274.318      316.0 k        1.6 M          -103           
  2953.304     3.3 M          16.3 M         -104           
  3842.486     4.2 M          21.2 M         -105           
