printing solutions in: ./dogs-color/insts/cgshop22/rvisp3499.instance.json.solution.json
printing perfs in: ./dogs-color/insts/cgshop22/rvisp3499.instance.json.perf.json

CGSHOP Instance: compute neighbors...
computing neighbors (0 / 3499)...
computing neighbors (1000 / 3499)...
computing neighbors (2000 / 3499)...
computing neighbors (3000 / 3499)...
207        vertices
3499       segments
1667       dominations
=======================
greedy clique: 16
greedy found 16 vertices in 0.001 seconds
 time (s)      nb expanded    nb generated   objective      
------------------------------------------------------------
  0.001                                      -16            
  0.001        4.0            238.0          -17            
  0.002        15.0           802.0          -18            
  0.003        19.0           909.0          -19            
  0.003        20.0           946.0          -20            
  0.003        25.0           1.1 k          -21            
  0.003        26.0           1.1 k          -22            
  0.004        32.0           1.3 k          -23            
  0.005        44.0           1.5 k          -24            
  0.006        62.0           1.8 k          -25            
  0.006        68.0           1.8 k          -26            
  0.009        94.0           1.9 k          -27            
  0.110        1.3 k          7.3 k          -28            
  2.588        26.7 k         118.8 k        -29            
