printing solutions in: ./dogs-color/insts/cgshop22/sqrpecn67473.instance.json.solution.json
printing perfs in: ./dogs-color/insts/cgshop22/sqrpecn67473.instance.json.perf.json

CGSHOP Instance: compute neighbors...
computing neighbors (0 / 67473)...
computing neighbors (1000 / 67473)...
computing neighbors (2000 / 67473)...
computing neighbors (3000 / 67473)...
computing neighbors (4000 / 67473)...
computing neighbors (5000 / 67473)...
computing neighbors (6000 / 67473)...
computing neighbors (7000 / 67473)...
computing neighbors (8000 / 67473)...
computing neighbors (9000 / 67473)...
computing neighbors (10000 / 67473)...
computing neighbors (11000 / 67473)...
computing neighbors (12000 / 67473)...
computing neighbors (13000 / 67473)...
computing neighbors (14000 / 67473)...
computing neighbors (15000 / 67473)...
computing neighbors (16000 / 67473)...
computing neighbors (17000 / 67473)...
computing neighbors (18000 / 67473)...
computing neighbors (19000 / 67473)...
computing neighbors (20000 / 67473)...
computing neighbors (21000 / 67473)...
computing neighbors (22000 / 67473)...
computing neighbors (23000 / 67473)...
computing neighbors (24000 / 67473)...
computing neighbors (25000 / 67473)...
computing neighbors (26000 / 67473)...
computing neighbors (27000 / 67473)...
computing neighbors (28000 / 67473)...
computing neighbors (29000 / 67473)...
computing neighbors (30000 / 67473)...
computing neighbors (31000 / 67473)...
computing neighbors (32000 / 67473)...
computing neighbors (33000 / 67473)...
computing neighbors (34000 / 67473)...
computing neighbors (35000 / 67473)...
computing neighbors (36000 / 67473)...
computing neighbors (37000 / 67473)...
computing neighbors (38000 / 67473)...
computing neighbors (39000 / 67473)...
computing neighbors (40000 / 67473)...
computing neighbors (41000 / 67473)...
computing neighbors (42000 / 67473)...
computing neighbors (43000 / 67473)...
computing neighbors (44000 / 67473)...
computing neighbors (45000 / 67473)...
computing neighbors (46000 / 67473)...
computing neighbors (47000 / 67473)...
computing neighbors (48000 / 67473)...
computing neighbors (49000 / 67473)...
computing neighbors (50000 / 67473)...
computing neighbors (51000 / 67473)...
computing neighbors (52000 / 67473)...
computing neighbors (53000 / 67473)...
computing neighbors (54000 / 67473)...
computing neighbors (55000 / 67473)...
computing neighbors (56000 / 67473)...
computing neighbors (57000 / 67473)...
computing neighbors (58000 / 67473)...
computing neighbors (59000 / 67473)...
computing neighbors (60000 / 67473)...
computing neighbors (61000 / 67473)...
computing neighbors (62000 / 67473)...
computing neighbors (63000 / 67473)...
computing neighbors (64000 / 67473)...
computing neighbors (65000 / 67473)...
computing neighbors (66000 / 67473)...
computing neighbors (67000 / 67473)...
101267     vertices
67473      segments
535        dominations
=======================
greedy clique: 233
greedy found 233 vertices in 0.213 seconds
 time (s)      nb expanded    nb generated   objective      
------------------------------------------------------------
  0.674                                      -233           
  0.678        3.0            552.0          -234           
  0.680        4.0            559.0          -235           
  0.681        5.0            565.0          -236           
  0.682        6.0            570.0          -237           
  0.684        7.0            574.0          -238           
  0.685        8.0            577.0          -239           
  0.686        9.0            579.0          -240           
  0.688        10.0           580.0          -241           
  0.689        11.0           947.0          -242           
  0.692        13.0           952.0          -243           
  0.693        14.0           953.0          -244           
  0.695        15.0           1.3 k          -245           
  0.698        17.0           1.3 k          -246           
  0.700        18.0           1.3 k          -247           
  0.701        19.0           1.3 k          -248           
  0.702        20.0           1.6 k          -249           
  0.708        23.0           1.9 k          -250           
  0.709        24.0           1.9 k          -251           
  0.710        25.0           1.9 k          -252           
  0.712        26.0           1.9 k          -253           
  0.713        27.0           2.2 k          -254           
  0.716        29.0           2.2 k          -255           
  0.718        30.0           2.2 k          -256           
  0.719        31.0           2.2 k          -257           
  0.720        32.0           2.2 k          -258           
  0.722        33.0           2.5 k          -259           
  0.729        37.0           3.3 k          -260           
  0.732        39.0           3.3 k          -261           
  0.734        40.0           3.6 k          -262           
  0.739        43.0           3.9 k          -263           
  0.740        44.0           3.9 k          -264           
  0.742        45.0           3.9 k          -265           
  0.743        46.0           4.1 k          -266           
  0.746        48.0           4.1 k          -267           
  0.747        49.0           4.4 k          -268           
  0.751        51.0           4.4 k          -269           
  0.752        52.0           4.4 k          -270           
  0.754        53.0           4.4 k          -271           
  0.755        54.0           4.7 k          -272           
  0.760        57.0           5.0 k          -273           
  0.762        58.0           5.0 k          -274           
  0.763        59.0           5.0 k          -275           
  0.764        60.0           5.0 k          -276           
  0.766        61.0           5.2 k          -277           
  0.769        63.0           5.3 k          -278           
  0.772        65.0           5.5 k          -279           
  0.776        67.0           5.5 k          -280           
  0.777        68.0           5.5 k          -281           
  0.778        69.0           5.7 k          -282           
  0.782        71.0           5.7 k          -283           
  0.783        72.0           5.7 k          -284           
  0.784        73.0           5.7 k          -285           
  0.786        74.0           5.9 k          -286           
  0.789        76.0           6.1 k          -287           
  0.793        78.0           6.1 k          -288           
  0.794        79.0           6.3 k          -289           
  0.805        85.0           6.9 k          -290           
  0.807        86.0           6.9 k          -291           
  0.808        87.0           6.9 k          -292           
  0.809        88.0           7.1 k          -293           
  0.813        90.0           7.3 k          -294           
  0.816        92.0           7.4 k          -295           
  0.824        96.0           7.8 k          -296           
  0.825        97.0           7.8 k          -297           
  0.826        98.0           7.8 k          -298           
  0.828        99.0           7.8 k          -299           
  0.829        100.0          7.9 k          -300           
  0.835        103.0          8.1 k          -301           
  0.836        104.0          8.1 k          -302           
  0.837        105.0          8.2 k          -303           
  0.845        109.0          8.5 k          -304           
  0.846        110.0          8.7 k          -305           
  0.849        112.0          8.7 k          -306           
  0.851        113.0          8.7 k          -307           
  0.852        114.0          8.8 k          -308           
  0.859        118.0          9.1 k          -309           
  0.861        119.0          9.3 k          -310           
  0.870        124.0          9.8 k          -311           
  0.880        129.0          10.4 k         -312           
  0.894        136.0          11.2 k         -313           
  0.899        139.0          11.5 k         -314           
  0.904        142.0          11.6 k         -315           
  0.906        143.0          11.6 k         -316           
  0.907        144.0          11.7 k         -317           
  0.915        148.0          12.1 k         -318           
  0.918        150.0          12.2 k         -319           
  0.925        154.0          12.6 k         -320           
  0.929        156.0          12.6 k         -321           
  0.930        157.0          12.7 k         -322           
  0.933        159.0          12.8 k         -323           
  0.939        162.0          12.9 k         -324           
  0.940        163.0          12.9 k         -325           
  0.942        164.0          12.9 k         -326           
  0.943        165.0          12.9 k         -327           
  0.944        166.0          12.9 k         -328           
  0.945        167.0          13.0 k         -329           
  0.947        168.0          13.0 k         -330           
  0.948        169.0          13.1 k         -331           
  0.952        171.0          13.2 k         -332           
  0.955        173.0          13.3 k         -333           
  0.960        176.0          13.5 k         -334           
  0.964        178.0          13.5 k         -335           
  0.965        179.0          13.6 k         -336           
  0.968        181.0          13.6 k         -337           
  0.970        182.0          13.7 k         -338           
  0.975        185.0          13.9 k         -339           
  0.978        187.0          13.9 k         -340           
  0.979        188.0          14.0 k         -341           
  0.991        194.0          14.4 k         -342           
  0.993        195.0          14.4 k         -343           
  0.996        197.0          14.5 k         -344           
  0.999        199.0          14.5 k         -345           
  1.001        200.0          14.5 k         -346           
  1.002        201.0          14.5 k         -347           
  1.003        202.0          14.6 k         -348           
  1.007        204.0          14.7 k         -349           
  1.012        207.0          14.8 k         -350           
  1.016        209.0          14.9 k         -351           
  1.025        214.0          15.2 k         -352           
  1.031        217.0          15.3 k         -353           
  1.036        220.0          15.4 k         -354           
  1.043        224.0          15.6 k         -355           
  1.057        231.0          15.9 k         -356           
  1.059        232.0          16.0 k         -357           
  1.064        235.0          16.1 k         -358           
  1.069        238.0          16.1 k         -359           
  1.087        247.0          16.5 k         -360           
  1.090        249.0          16.5 k         -361           
  1.094        251.0          16.6 k         -362           
  1.106        257.0          16.8 k         -363           
  1.115        262.0          16.9 k         -364           
  1.119        264.0          17.0 k         -365           
  1.154        279.0          17.5 k         -366           
  1.158        281.0          17.6 k         -367           
  1.165        285.0          17.7 k         -368           
  1.171        288.0          17.8 k         -369           
  1.182        294.0          17.9 k         -370           
  1.188        297.0          18.0 k         -371           
  1.189        298.0          18.0 k         -372           
  1.207        307.0          18.2 k         -373           
  1.221        314.0          18.4 k         -374           
  1.222        315.0          18.4 k         -375           
  1.240        324.0          18.7 k         -376           
  1.254        331.0          18.8 k         -377           
  1.272        340.0          19.1 k         -378           
  1.275        342.0          19.1 k         -379           
  1.320        364.0          19.5 k         -380           
  1.334        371.0          19.5 k         -381           
  1.350        379.0          19.6 k         -382           
  1.360        384.0          19.6 k         -383           
  1.423        415.0          20.2 k         -384           
  1.449        428.0          20.7 k         -385           
  1.474        440.0          20.8 k         -386           
  1.475        441.0          20.8 k         -387           
  1.491        449.0          20.8 k         -388           
  1.553        479.0          21.3 k         -389           
  1.558        482.0          21.3 k         -390           
  1.560        483.0          21.3 k         -391           
  1.561        484.0          21.3 k         -392           
  1.575        491.0          21.4 k         -393           
  1.578        493.0          21.4 k         -394           
  1.598        503.0          21.5 k         -395           
  1.608        508.0          21.5 k         -396           
  1.611        510.0          21.5 k         -397           
  1.617        511.0          21.6 k         -398           
  1.633        519.0          21.6 k         -399           
  1.643        524.0          21.6 k         -400           
  1.646        526.0          21.6 k         -401           
  1.647        527.0          21.6 k         -402           
  1.714        559.0          22.2 k         -403           
  1.715        560.0          22.2 k         -404           
  1.729        567.0          22.2 k         -405           
  1.753        579.0          22.4 k         -406           
  1.840        621.0          23.0 k         -407           
  1.858        630.0          23.0 k         -408           
  1.861        632.0          23.0 k         -409           
  2.070        733.0          24.1 k         -410           
  2.076        736.0          24.1 k         -411           
  2.502        939.0          26.3 k         -412           
  2.508        942.0          26.3 k         -413           
  2.525        951.0          26.3 k         -414           
  2.539        958.0          26.4 k         -415           
  2.573        972.0          26.5 k         -416           
  2.579        975.0          26.5 k         -417           
  2.595        983.0          26.6 k         -418           
  2.600        986.0          26.6 k         -419           
  2.649        1.0 k          26.8 k         -420           
  2.651        1.0 k          26.8 k         -421           
  2.652        1.0 k          26.8 k         -422           
  2.660        1.0 k          26.8 k         -423           
  2.771        1.1 k          27.2 k         -424           
  2.791        1.1 k          27.3 k         -425           
  2.799        1.1 k          27.3 k         -426           
  2.804        1.1 k          27.3 k         -427           
  2.889        1.1 k          27.6 k         -428           
  2.897        1.1 k          27.6 k         -429           
  3.046        1.2 k          28.1 k         -430           
  3.048        1.2 k          28.1 k         -431           
  3.077        1.2 k          28.1 k         -432           
  3.078        1.2 k          28.2 k         -433           
  3.084        1.2 k          28.2 k         -434           
  3.089        1.2 k          28.2 k         -435           
  3.147        1.3 k          28.3 k         -436           
  3.148        1.3 k          28.3 k         -437           
  3.154        1.3 k          28.3 k         -438           
  3.159        1.3 k          28.3 k         -439           
  3.242        1.3 k          28.7 k         -440           
  3.396        1.4 k          29.2 k         -441           
  3.400        1.4 k          29.2 k         -442           
  3.470        1.4 k          29.3 k         -443           
  3.471        1.4 k          29.3 k         -444           
  3.481        1.4 k          29.4 k         -445           
  3.535        1.4 k          29.5 k         -446           
  3.555        1.5 k          29.5 k         -447           
  3.748        1.5 k          30.1 k         -448           
  4.098        1.7 k          30.8 k         -449           
  4.106        1.7 k          30.9 k         -450           
  4.146        1.7 k          30.9 k         -451           
  4.189        1.8 k          31.0 k         -452           
  4.227        1.8 k          31.1 k         -453           
  4.280        1.8 k          31.2 k         -454           
  5.077        2.2 k          32.7 k         -455           
  5.087        2.2 k          32.7 k         -456           
  5.274        2.3 k          33.0 k         -457           
  5.294        2.3 k          33.0 k         -458           
  7.426        3.3 k          36.4 k         -459           
  9.921        4.5 k          40.0 k         -460           
  10.688       4.9 k          41.1 k         -461           
  10.696       4.9 k          41.1 k         -462           
  10.699       4.9 k          41.1 k         -463           
  10.710       4.9 k          41.1 k         -464           
  10.712       4.9 k          41.2 k         -465           
  10.730       4.9 k          41.2 k         -466           
  12.977       6.0 k          44.4 k         -467           
  13.720       6.4 k          45.5 k         -468           
  13.723       6.4 k          45.5 k         -469           
  13.724       6.4 k          45.5 k         -470           
  14.841       6.9 k          47.2 k         -471           
  14.853       6.9 k          47.2 k         -472           
  16.348       7.6 k          49.5 k         -473           
  16.592       7.7 k          49.8 k         -474           
  16.700       7.8 k          49.9 k         -475           
  16.705       7.8 k          50.0 k         -476           
  17.569       8.2 k          51.2 k         -477           
  17.584       8.2 k          51.2 k         -478           
  18.117       8.5 k          51.9 k         -479           
  20.810       9.8 k          55.9 k         -480           
  24.859       11.7 k         61.7 k         -481           
  35.551       16.8 k         76.7 k         -482           
  35.552       16.8 k         76.7 k         -483           
  35.554       16.8 k         76.7 k         -484           
  36.714       17.4 k         78.5 k         -485           
  38.332       18.2 k         80.8 k         -486           
  50.993       24.2 k         97.5 k         -487           
  64.827       30.8 k         115.8 k        -488           
  75.916       36.0 k         129.9 k        -489           
  213.073      100.9 k        301.9 k        -490           
  665.320      313.7 k        846.2 k        -491           
  665.333      313.7 k        846.2 k        -492           
  689.714      325.1 k        875.1 k        -493           
  2061.782     966.2 k        2.5 M          -494           
  2061.788     966.3 k        2.5 M          -495           
  2344.498     1.1 M          2.9 M          -496           
  5312.952     2.5 M          6.5 M          -497           
  6429.463     3.0 M          7.9 M          -498           
  6429.473     3.0 M          7.9 M          -499           
  6429.479     3.0 M          7.9 M          -500           
  11726.603    5.4 M          14.4 M         -501           
  11726.604    5.4 M          14.4 M         -502           
  15836.623    7.3 M          19.3 M         -503           
  15850.181    7.3 M          19.3 M         -504           
  15850.235    7.3 M          19.3 M         -505           
  15922.887    7.3 M          19.4 M         -506           
  15936.735    7.3 M          19.4 M         -507           
  66009.234    30.3 M         79.4 M         -508           
  66009.250    30.3 M         79.4 M         -509           
