printing solutions in: ./dogs-color/insts/cgshop22/visp66498.instance.json.solution.json
printing perfs in: ./dogs-color/insts/cgshop22/visp66498.instance.json.perf.json

CGSHOP Instance: compute neighbors...
computing neighbors (0 / 66498)...
computing neighbors (1000 / 66498)...
computing neighbors (2000 / 66498)...
computing neighbors (3000 / 66498)...
computing neighbors (4000 / 66498)...
computing neighbors (5000 / 66498)...
computing neighbors (6000 / 66498)...
computing neighbors (7000 / 66498)...
computing neighbors (8000 / 66498)...
computing neighbors (9000 / 66498)...
computing neighbors (10000 / 66498)...
computing neighbors (11000 / 66498)...
computing neighbors (12000 / 66498)...
computing neighbors (13000 / 66498)...
computing neighbors (14000 / 66498)...
computing neighbors (15000 / 66498)...
computing neighbors (16000 / 66498)...
computing neighbors (17000 / 66498)...
computing neighbors (18000 / 66498)...
computing neighbors (19000 / 66498)...
computing neighbors (20000 / 66498)...
computing neighbors (21000 / 66498)...
computing neighbors (22000 / 66498)...
computing neighbors (23000 / 66498)...
computing neighbors (24000 / 66498)...
computing neighbors (25000 / 66498)...
computing neighbors (26000 / 66498)...
computing neighbors (27000 / 66498)...
computing neighbors (28000 / 66498)...
computing neighbors (29000 / 66498)...
computing neighbors (30000 / 66498)...
computing neighbors (31000 / 66498)...
computing neighbors (32000 / 66498)...
computing neighbors (33000 / 66498)...
computing neighbors (34000 / 66498)...
computing neighbors (35000 / 66498)...
computing neighbors (36000 / 66498)...
computing neighbors (37000 / 66498)...
computing neighbors (38000 / 66498)...
computing neighbors (39000 / 66498)...
computing neighbors (40000 / 66498)...
computing neighbors (41000 / 66498)...
computing neighbors (42000 / 66498)...
computing neighbors (43000 / 66498)...
computing neighbors (44000 / 66498)...
computing neighbors (45000 / 66498)...
computing neighbors (46000 / 66498)...
computing neighbors (47000 / 66498)...
computing neighbors (48000 / 66498)...
computing neighbors (49000 / 66498)...
computing neighbors (50000 / 66498)...
computing neighbors (51000 / 66498)...
computing neighbors (52000 / 66498)...
computing neighbors (53000 / 66498)...
computing neighbors (54000 / 66498)...
computing neighbors (55000 / 66498)...
computing neighbors (56000 / 66498)...
computing neighbors (57000 / 66498)...
computing neighbors (58000 / 66498)...
computing neighbors (59000 / 66498)...
computing neighbors (60000 / 66498)...
computing neighbors (61000 / 66498)...
computing neighbors (62000 / 66498)...
computing neighbors (63000 / 66498)...
computing neighbors (64000 / 66498)...
computing neighbors (65000 / 66498)...
computing neighbors (66000 / 66498)...
1087       vertices
66498      segments
31343      dominations
=======================
greedy clique: 52
greedy found 52 vertices in 0.024 seconds
 time (s)      nb expanded    nb generated   objective      
------------------------------------------------------------
  0.168                                      -52            
  0.170        3.0            496.0          -53            
  0.174        7.0            1.2 k          -54            
  0.176        9.0            1.2 k          -55            
  0.176        10.0           1.4 k          -56            
  0.180        14.0           1.8 k          -57            
  0.181        15.0           2.0 k          -58            
  0.198        29.0           4.1 k          -59            
  0.199        30.0           4.2 k          -60            
  0.212        43.0           6.2 k          -61            
  0.240        70.0           10.1 k         -62            
  0.311        139.0          18.8 k         -63            
  0.362        187.0          23.1 k         -64            
  0.610        424.0          34.4 k         -65            
  0.634        447.0          35.0 k         -66            
  0.672        483.0          35.5 k         -67            
  1.428        1.2 k          41.2 k         -68            
  1.642        1.4 k          42.2 k         -69            
  7.881        7.2 k          75.3 k         -70            
  12.632       11.6 k         96.0 k         -71            
  12.641       11.6 k         96.1 k         -72            
  12.650       11.6 k         96.1 k         -73            
  12.654       11.6 k         96.1 k         -74            
  12.767       11.7 k         96.8 k         -75            
  12.769       11.7 k         96.8 k         -76            
  12.770       11.7 k         96.8 k         -77            
  12.770       11.7 k         96.8 k         -78            
  12.775       11.7 k         96.9 k         -79            
  12.799       11.7 k         97.4 k         -80            
  250.949      221.7 k        1.1 M          -81            
  660.109      575.1 k        2.8 M          -82            
  4775.336     4.1 M          19.9 M         -83            
  31393.043    27.2 M         130.7 M        -84            
  61587.875    53.2 M         255.8 M        -85            
