printing solutions in: ./dogs-color/insts/cgshop22/vispecn65831.instance.json.solution.json
printing perfs in: ./dogs-color/insts/cgshop22/vispecn65831.instance.json.perf.json

CGSHOP Instance: compute neighbors...
computing neighbors (0 / 65831)...
computing neighbors (1000 / 65831)...
computing neighbors (2000 / 65831)...
computing neighbors (3000 / 65831)...
computing neighbors (4000 / 65831)...
computing neighbors (5000 / 65831)...
computing neighbors (6000 / 65831)...
computing neighbors (7000 / 65831)...
computing neighbors (8000 / 65831)...
computing neighbors (9000 / 65831)...
computing neighbors (10000 / 65831)...
computing neighbors (11000 / 65831)...
computing neighbors (12000 / 65831)...
computing neighbors (13000 / 65831)...
computing neighbors (14000 / 65831)...
computing neighbors (15000 / 65831)...
computing neighbors (16000 / 65831)...
computing neighbors (17000 / 65831)...
computing neighbors (18000 / 65831)...
computing neighbors (19000 / 65831)...
computing neighbors (20000 / 65831)...
computing neighbors (21000 / 65831)...
computing neighbors (22000 / 65831)...
computing neighbors (23000 / 65831)...
computing neighbors (24000 / 65831)...
computing neighbors (25000 / 65831)...
computing neighbors (26000 / 65831)...
computing neighbors (27000 / 65831)...
computing neighbors (28000 / 65831)...
computing neighbors (29000 / 65831)...
computing neighbors (30000 / 65831)...
computing neighbors (31000 / 65831)...
computing neighbors (32000 / 65831)...
computing neighbors (33000 / 65831)...
computing neighbors (34000 / 65831)...
computing neighbors (35000 / 65831)...
computing neighbors (36000 / 65831)...
computing neighbors (37000 / 65831)...
computing neighbors (38000 / 65831)...
computing neighbors (39000 / 65831)...
computing neighbors (40000 / 65831)...
computing neighbors (41000 / 65831)...
computing neighbors (42000 / 65831)...
computing neighbors (43000 / 65831)...
computing neighbors (44000 / 65831)...
computing neighbors (45000 / 65831)...
computing neighbors (46000 / 65831)...
computing neighbors (47000 / 65831)...
computing neighbors (48000 / 65831)...
computing neighbors (49000 / 65831)...
computing neighbors (50000 / 65831)...
computing neighbors (51000 / 65831)...
computing neighbors (52000 / 65831)...
computing neighbors (53000 / 65831)...
computing neighbors (54000 / 65831)...
computing neighbors (55000 / 65831)...
computing neighbors (56000 / 65831)...
computing neighbors (57000 / 65831)...
computing neighbors (58000 / 65831)...
computing neighbors (59000 / 65831)...
computing neighbors (60000 / 65831)...
computing neighbors (61000 / 65831)...
computing neighbors (62000 / 65831)...
computing neighbors (63000 / 65831)...
computing neighbors (64000 / 65831)...
computing neighbors (65000 / 65831)...
92238      vertices
65831      segments
338        dominations
=======================
greedy clique: 152
greedy found 152 vertices in 0.137 seconds
 time (s)      nb expanded    nb generated   objective      
------------------------------------------------------------
  0.629                                      -152           
  0.633        3.0            218.0          -153           
  0.634        4.0            235.0          -154           
  0.635        5.0            251.0          -155           
  0.636        6.0            265.0          -156           
  0.637        7.0            276.0          -157           
  0.638        8.0            284.0          -158           
  0.639        9.0            291.0          -159           
  0.640        10.0           297.0          -160           
  0.641        11.0           301.0          -161           
  0.642        12.0           304.0          -162           
  0.643        13.0           306.0          -163           
  0.644        14.0           412.0          -164           
  0.647        16.0           423.0          -165           
  0.648        17.0           427.0          -166           
  0.649        18.0           430.0          -167           
  0.650        19.0           432.0          -168           
  0.652        20.0           433.0          -169           
  0.653        21.0           532.0          -170           
  0.655        23.0           628.0          -171           
  0.660        26.0           713.0          -172           
  0.662        27.0           795.0          -173           
  0.666        30.0           951.0          -174           
  0.680        38.0           1.5 k          -175           
  0.687        42.0           1.7 k          -176           
  0.689        44.0           1.7 k          -177           
  0.691        45.0           1.7 k          -178           
  0.692        46.0           1.7 k          -179           
  0.693        47.0           1.8 k          -180           
  0.695        49.0           1.8 k          -181           
  0.696        50.0           1.9 k          -182           
  0.703        53.0           2.0 k          -183           
  0.706        55.0           2.0 k          -184           
  0.707        56.0           2.1 k          -185           
  0.710        58.0           2.1 k          -186           
  0.717        62.0           2.3 k          -187           
  0.718        63.0           2.3 k          -188           
  0.719        64.0           2.3 k          -189           
  0.723        66.0           2.3 k          -190           
  0.724        67.0           2.4 k          -191           
  0.727        69.0           2.4 k          -192           
  0.731        72.0           2.5 k          -193           
  0.732        73.0           2.5 k          -194           
  0.733        74.0           2.5 k          -195           
  0.738        77.0           2.6 k          -196           
  0.746        82.0           2.8 k          -197           
  0.749        84.0           2.9 k          -198           
  0.757        89.0           3.0 k          -199           
  0.833        132.0          4.6 k          -200           
  0.836        134.0          4.7 k          -201           
  0.858        146.0          5.0 k          -202           
  0.915        179.0          5.8 k          -203           
  1.008        233.0          6.5 k          -204           
  1.012        236.0          6.6 k          -205           
  1.031        247.0          6.7 k          -206           
  1.032        248.0          6.7 k          -207           
  1.034        249.0          6.8 k          -208           
  1.036        251.0          6.8 k          -209           
  1.041        253.0          6.8 k          -210           
  1.044        255.0          6.8 k          -211           
  1.054        261.0          6.8 k          -212           
  1.066        268.0          6.8 k          -213           
  1.147        313.0          7.2 k          -214           
  1.165        324.0          7.3 k          -215           
  1.166        325.0          7.3 k          -216           
  1.169        327.0          7.3 k          -217           
  1.357        433.0          8.4 k          -218           
  1.358        434.0          8.4 k          -219           
  1.359        435.0          8.4 k          -220           
  1.361        436.0          8.4 k          -221           
  1.364        438.0          8.4 k          -222           
  1.365        439.0          8.4 k          -223           
  1.371        443.0          8.4 k          -224           
  1.447        485.0          8.8 k          -225           
  1.459        492.0          8.8 k          -226           
  1.467        497.0          8.8 k          -227           
  1.475        502.0          8.9 k          -228           
  1.478        504.0          8.9 k          -229           
  1.484        508.0          8.9 k          -230           
  1.485        509.0          8.9 k          -231           
  1.486        510.0          9.0 k          -232           
  1.494        515.0          9.0 k          -233           
  1.495        516.0          9.0 k          -234           
  1.499        519.0          9.0 k          -235           
  1.512        527.0          9.1 k          -236           
  1.602        578.0          9.3 k          -237           
  1.967        784.0          10.3 k         -238           
  1.974        788.0          10.3 k         -239           
  2.076        844.0          10.6 k         -240           
  2.332        992.0          11.4 k         -241           
  2.337        995.0          11.4 k         -242           
  2.345        1.0 k          11.4 k         -243           
  2.351        1.0 k          11.4 k         -244           
  2.352        1.0 k          11.4 k         -245           
  2.355        1.0 k          11.5 k         -246           
  2.358        1.0 k          11.5 k         -247           
  2.358        1.0 k          11.5 k         -248           
  2.360        1.0 k          11.5 k         -249           
  2.366        1.0 k          11.5 k         -250           
  2.374        1.0 k          11.5 k         -251           
  2.385        1.0 k          11.6 k         -252           
  2.391        1.0 k          11.6 k         -253           
  2.395        1.0 k          11.6 k         -254           
  2.402        1.0 k          11.7 k         -255           
  2.438        1.1 k          11.8 k         -256           
  2.621        1.2 k          12.3 k         -257           
  2.625        1.2 k          12.3 k         -258           
  2.628        1.2 k          12.3 k         -259           
  2.656        1.2 k          12.5 k         -260           
  2.657        1.2 k          12.5 k         -261           
  2.658        1.2 k          12.5 k         -262           
  2.659        1.2 k          12.5 k         -263           
  2.677        1.2 k          12.6 k         -264           
  2.737        1.2 k          12.7 k         -265           
  2.805        1.3 k          12.9 k         -266           
  2.839        1.3 k          12.9 k         -267           
  2.859        1.3 k          13.0 k         -268           
  2.938        1.4 k          13.2 k         -269           
  3.555        1.7 k          14.4 k         -270           
  3.620        1.7 k          14.6 k         -271           
  4.206        2.1 k          15.7 k         -272           
  4.207        2.1 k          15.7 k         -273           
  4.242        2.1 k          15.8 k         -274           
  4.277        2.1 k          15.8 k         -275           
  4.278        2.1 k          15.8 k         -276           
  4.284        2.1 k          15.8 k         -277           
  4.300        2.1 k          15.9 k         -278           
  4.310        2.1 k          15.9 k         -279           
  4.362        2.2 k          16.0 k         -280           
  4.363        2.2 k          16.0 k         -281           
  4.377        2.2 k          16.0 k         -282           
  4.393        2.2 k          16.1 k         -283           
  4.399        2.2 k          16.1 k         -284           
  5.160        2.6 k          17.4 k         -285           
  5.297        2.7 k          17.7 k         -286           
  5.385        2.8 k          17.9 k         -287           
  5.388        2.8 k          17.9 k         -288           
  5.394        2.8 k          17.9 k         -289           
  5.395        2.8 k          17.9 k         -290           
  5.406        2.8 k          17.9 k         -291           
  5.422        2.8 k          18.0 k         -292           
  5.443        2.8 k          18.0 k         -293           
  5.489        2.8 k          18.1 k         -294           
  5.492        2.8 k          18.1 k         -295           
  6.346        3.3 k          19.4 k         -296           
  6.424        3.4 k          19.5 k         -297           
  6.427        3.4 k          19.5 k         -298           
  6.897        3.6 k          20.6 k         -299           
  6.898        3.6 k          20.6 k         -300           
  6.913        3.6 k          20.6 k         -301           
  6.916        3.6 k          20.6 k         -302           
  7.886        4.2 k          22.3 k         -303           
  7.920        4.2 k          22.4 k         -304           
  8.710        4.7 k          23.8 k         -305           
  12.032       6.6 k          29.1 k         -306           
  13.211       7.3 k          30.9 k         -307           
  13.231       7.3 k          31.0 k         -308           
  13.512       7.4 k          31.4 k         -309           
  13.546       7.4 k          31.5 k         -310           
  13.649       7.5 k          31.6 k         -311           
  13.926       7.7 k          32.1 k         -312           
  13.929       7.7 k          32.1 k         -313           
  14.024       7.7 k          32.3 k         -314           
  17.798       9.9 k          39.1 k         -315           
  17.813       9.9 k          39.2 k         -316           
  18.191       10.1 k         40.0 k         -317           
  19.847       11.0 k         42.8 k         -318           
  19.876       11.0 k         42.9 k         -319           
  19.887       11.0 k         42.9 k         -320           
  20.250       11.3 k         43.4 k         -321           
  20.261       11.3 k         43.4 k         -322           
  20.278       11.3 k         43.4 k         -323           
  23.682       13.2 k         49.0 k         -324           
  96.993       54.0 k         155.5 k        -325           
  100.893      56.1 k         160.8 k        -326           
  101.518      56.4 k         161.6 k        -327           
  116.705      64.6 k         183.2 k        -328           
  116.754      64.7 k         183.2 k        -329           
  426.568      231.2 k        634.1 k        -330           
  426.581      231.2 k        634.1 k        -331           
  431.498      233.9 k        641.0 k        -332           
  431.516      233.9 k        641.0 k        -333           
  461.261      249.9 k        683.9 k        -334           
  466.528      252.7 k        691.5 k        -335           
  466.534      252.7 k        691.6 k        -336           
  466.677      252.8 k        691.7 k        -337           
  467.834      253.4 k        693.4 k        -338           
  467.835      253.4 k        693.4 k        -339           
  496.694      268.8 k        731.7 k        -340           
  498.095      269.5 k        733.9 k        -341           
  498.101      269.5 k        733.9 k        -342           
  536.437      290.2 k        785.7 k        -343           
  536.449      290.2 k        785.7 k        -344           
  537.081      290.5 k        786.7 k        -345           
  821.247      442.3 k        1.2 M          -346           
  822.063      442.8 k        1.2 M          -347           
  1374.807     745.5 k        2.0 M          -348           
  1374.907     745.5 k        2.0 M          -349           
  1374.910     745.5 k        2.0 M          -350           
  2336.896     1.3 M          3.3 M          -351           
  106150.391   57.1 M         144.5 M        -352           
