printing solutions in: ./dogs-color/insts/cgshop22/sqrp72075.instance.json.solution.json
printing perfs in: ./dogs-color/insts/cgshop22/sqrp72075.instance.json.perf.json

CGSHOP Instance: compute neighbors...
computing neighbors (0 / 72075)...
computing neighbors (1000 / 72075)...
computing neighbors (2000 / 72075)...
computing neighbors (3000 / 72075)...
computing neighbors (4000 / 72075)...
computing neighbors (5000 / 72075)...
computing neighbors (6000 / 72075)...
computing neighbors (7000 / 72075)...
computing neighbors (8000 / 72075)...
computing neighbors (9000 / 72075)...
computing neighbors (10000 / 72075)...
computing neighbors (11000 / 72075)...
computing neighbors (12000 / 72075)...
computing neighbors (13000 / 72075)...
computing neighbors (14000 / 72075)...
computing neighbors (15000 / 72075)...
computing neighbors (16000 / 72075)...
computing neighbors (17000 / 72075)...
computing neighbors (18000 / 72075)...
computing neighbors (19000 / 72075)...
computing neighbors (20000 / 72075)...
computing neighbors (21000 / 72075)...
computing neighbors (22000 / 72075)...
computing neighbors (23000 / 72075)...
computing neighbors (24000 / 72075)...
computing neighbors (25000 / 72075)...
computing neighbors (26000 / 72075)...
computing neighbors (27000 / 72075)...
computing neighbors (28000 / 72075)...
computing neighbors (29000 / 72075)...
computing neighbors (30000 / 72075)...
computing neighbors (31000 / 72075)...
computing neighbors (32000 / 72075)...
computing neighbors (33000 / 72075)...
computing neighbors (34000 / 72075)...
computing neighbors (35000 / 72075)...
computing neighbors (36000 / 72075)...
computing neighbors (37000 / 72075)...
computing neighbors (38000 / 72075)...
computing neighbors (39000 / 72075)...
computing neighbors (40000 / 72075)...
computing neighbors (41000 / 72075)...
computing neighbors (42000 / 72075)...
computing neighbors (43000 / 72075)...
computing neighbors (44000 / 72075)...
computing neighbors (45000 / 72075)...
computing neighbors (46000 / 72075)...
computing neighbors (47000 / 72075)...
computing neighbors (48000 / 72075)...
computing neighbors (49000 / 72075)...
computing neighbors (50000 / 72075)...
computing neighbors (51000 / 72075)...
computing neighbors (52000 / 72075)...
computing neighbors (53000 / 72075)...
computing neighbors (54000 / 72075)...
computing neighbors (55000 / 72075)...
computing neighbors (56000 / 72075)...
computing neighbors (57000 / 72075)...
computing neighbors (58000 / 72075)...
computing neighbors (59000 / 72075)...
computing neighbors (60000 / 72075)...
computing neighbors (61000 / 72075)...
computing neighbors (62000 / 72075)...
computing neighbors (63000 / 72075)...
computing neighbors (64000 / 72075)...
computing neighbors (65000 / 72075)...
computing neighbors (66000 / 72075)...
computing neighbors (67000 / 72075)...
computing neighbors (68000 / 72075)...
computing neighbors (69000 / 72075)...
computing neighbors (70000 / 72075)...
computing neighbors (71000 / 72075)...
computing neighbors (72000 / 72075)...
722        vertices
72075      segments
13538      dominations
=======================
greedy clique: 111
greedy found 111 vertices in 0.114 seconds
 time (s)      nb expanded    nb generated   objective      
------------------------------------------------------------
  0.340                                      -111           
  0.345        3.0            960.0          -112           
  0.346        4.0            977.0          -113           
  0.347        5.0            985.0          -114           
  0.349        6.0            988.0          -115           
  0.350        7.0            989.0          -116           
  0.351        8.0            1.6 k          -117           
  0.359        12.0           2.9 k          -118           
  0.360        13.0           2.9 k          -119           
  0.361        14.0           3.5 k          -120           
  0.371        19.0           5.7 k          -121           
  0.374        21.0           6.2 k          -122           
  0.382        25.0           7.7 k          -123           
  0.389        29.0           9.2 k          -124           
  0.398        34.0           10.6 k         -125           
  0.400        35.0           11.1 k         -126           
  0.403        37.0           11.6 k         -127           
  0.410        41.0           12.5 k         -128           
  0.412        42.0           13.0 k         -129           
  0.415        44.0           13.0 k         -130           
  0.416        45.0           13.4 k         -131           
  0.420        47.0           13.5 k         -132           
  0.421        48.0           13.9 k         -133           
  0.430        53.0           15.7 k         -134           
  0.440        58.0           17.6 k         -135           
  0.447        62.0           19.0 k         -136           
  0.453        65.0           19.9 k         -137           
  0.456        67.0           20.3 k         -138           
  0.461        70.0           20.8 k         -139           
  0.463        71.0           21.2 k         -140           
  0.468        74.0           22.1 k         -141           
  0.472        76.0           22.5 k         -142           
  0.483        82.0           24.5 k         -143           
  0.486        84.0           24.9 k         -144           
  0.496        89.0           26.1 k         -145           
  0.497        90.0           26.5 k         -146           
  0.500        92.0           26.9 k         -147           
  0.520        102.0          29.9 k         -148           
  0.521        103.0          29.9 k         -149           
  0.523        104.0          30.0 k         -150           
  0.524        105.0          30.0 k         -151           
  0.525        106.0          30.3 k         -152           
  0.535        111.0          31.6 k         -153           
  0.544        116.0          32.8 k         -154           
  0.552        120.0          33.8 k         -155           
  0.561        125.0          35.0 k         -156           
  0.570        130.0          36.2 k         -157           
  0.576        133.0          36.6 k         -158           
  0.577        134.0          36.8 k         -159           
  0.585        138.0          37.7 k         -160           
  0.590        141.0          38.3 k         -161           
  0.607        150.0          40.6 k         -162           
  0.642        168.0          45.3 k         -163           
  0.681        185.0          49.7 k         -164           
  0.686        188.0          50.3 k         -165           
  0.690        190.0          50.6 k         -166           
  0.699        195.0          51.6 k         -167           
  0.781        236.0          61.9 k         -168           
  0.783        237.0          62.1 k         -169           
  0.800        246.0          64.0 k         -170           
  0.826        259.0          66.6 k         -171           
  0.833        263.0          67.2 k         -172           
  0.851        272.0          68.9 k         -173           
  0.858        276.0          69.5 k         -174           
  0.901        298.0          73.5 k         -175           
  0.915        305.0          74.6 k         -176           
  0.966        331.0          78.9 k         -177           
  0.972        334.0          79.2 k         -178           
  0.990        343.0          80.6 k         -179           
  1.005        351.0          81.7 k         -180           
  1.021        359.0          82.7 k         -181           
  1.028        363.0          83.2 k         -182           
  1.092        395.0          87.0 k         -183           
  1.105        402.0          87.6 k         -184           
  1.137        418.0          89.1 k         -185           
  1.298        495.0          95.3 k         -186           
  1.315        504.0          95.9 k         -187           
  1.343        518.0          96.8 k         -188           
  1.357        525.0          97.1 k         -189           
  1.372        533.0          97.5 k         -190           
  1.388        541.0          97.9 k         -191           
  1.391        543.0          97.9 k         -192           
  1.425        560.0          98.7 k         -193           
  1.461        578.0          99.6 k         -194           
  1.462        579.0          99.6 k         -195           
  1.476        586.0          99.9 k         -196           
  1.488        590.0          100.0 k        -197           
  1.499        596.0          100.3 k        -198           
  1.507        600.0          100.4 k        -199           
  1.572        633.0          101.3 k        -200           
  1.600        647.0          101.7 k        -201           
  1.602        648.0          101.7 k        -202           
  1.672        683.0          102.2 k        -203           
  1.690        692.0          102.4 k        -204           
  1.691        693.0          102.4 k        -205           
  1.725        710.0          102.7 k        -206           
  1.726        711.0          102.7 k        -207           
  1.727        712.0          102.8 k        -208           
  1.735        716.0          102.8 k        -209           
  1.745        721.0          102.9 k        -210           
  1.764        731.0          103.0 k        -211           
  1.942        820.0          103.7 k        -212           
  2.004        849.0          103.9 k        -213           
  2.005        850.0          103.9 k        -214           
  2.135        915.0          104.5 k        -215           
  2.151        923.0          104.6 k        -216           
  2.203        949.0          104.7 k        -217           
  2.204        950.0          104.7 k        -218           
  2.643        1.2 k          106.3 k        -219           
  3.333        1.5 k          108.7 k        -220           
  3.353        1.5 k          108.8 k        -221           
  3.755        1.7 k          110.4 k        -222           
  3.803        1.7 k          110.5 k        -223           
  6.208        2.9 k          119.8 k        -224           
  6.234        2.9 k          119.9 k        -225           
  6.525        3.1 k          120.8 k        -226           
  6.824        3.2 k          122.0 k        -227           
  6.852        3.2 k          122.0 k        -228           
  6.913        3.3 k          122.3 k        -229           
  7.560        3.6 k          124.3 k        -230           
  7.561        3.6 k          124.3 k        -231           
  8.184        3.9 k          126.1 k        -232           
  9.208        4.4 k          129.8 k        -233           
  9.537        4.5 k          130.8 k        -234           
  10.056       4.8 k          132.9 k        -235           
  10.078       4.8 k          132.9 k        -236           
  10.606       5.0 k          134.7 k        -237           
  10.866       5.2 k          135.7 k        -238           
  10.978       5.2 k          136.2 k        -239           
  11.091       5.3 k          136.4 k        -240           
  11.431       5.4 k          137.8 k        -241           
  11.485       5.5 k          137.9 k        -242           
  13.441       6.4 k          143.2 k        -243           
  20.495       9.8 k          162.6 k        -244           
  43.306       20.6 k         226.1 k        -245           
  43.611       20.8 k         226.8 k        -246           
  43.673       20.8 k         227.0 k        -247           
  58.718       27.9 k         267.5 k        -248           
  60.710       28.8 k         273.0 k        -249           
  61.054       29.0 k         273.8 k        -250           
  147.226      70.0 k         506.3 k        -251           
  194.000      92.2 k         632.9 k        -252           
  194.049      92.3 k         633.1 k        -253           
  194.601      92.5 k         634.5 k        -254           
  1587.071     743.6 k        4.3 M          -255           
  2286.647     1.1 M          6.1 M          -256           
  25418.857    11.4 M         64.4 M         -257           
  55285.242    24.8 M         139.5 M        -258           
  91983.133    41.1 M         231.4 M        -259           
