printing solutions in: ./dogs-color/insts/cgshop22/visp40191.instance.json.solution.json
printing perfs in: ./dogs-color/insts/cgshop22/visp40191.instance.json.perf.json

CGSHOP Instance: compute neighbors...
computing neighbors (0 / 40191)...
computing neighbors (1000 / 40191)...
computing neighbors (2000 / 40191)...
computing neighbors (3000 / 40191)...
computing neighbors (4000 / 40191)...
computing neighbors (5000 / 40191)...
computing neighbors (6000 / 40191)...
computing neighbors (7000 / 40191)...
computing neighbors (8000 / 40191)...
computing neighbors (9000 / 40191)...
computing neighbors (10000 / 40191)...
computing neighbors (11000 / 40191)...
computing neighbors (12000 / 40191)...
computing neighbors (13000 / 40191)...
computing neighbors (14000 / 40191)...
computing neighbors (15000 / 40191)...
computing neighbors (16000 / 40191)...
computing neighbors (17000 / 40191)...
computing neighbors (18000 / 40191)...
computing neighbors (19000 / 40191)...
computing neighbors (20000 / 40191)...
computing neighbors (21000 / 40191)...
computing neighbors (22000 / 40191)...
computing neighbors (23000 / 40191)...
computing neighbors (24000 / 40191)...
computing neighbors (25000 / 40191)...
computing neighbors (26000 / 40191)...
computing neighbors (27000 / 40191)...
computing neighbors (28000 / 40191)...
computing neighbors (29000 / 40191)...
computing neighbors (30000 / 40191)...
computing neighbors (31000 / 40191)...
computing neighbors (32000 / 40191)...
computing neighbors (33000 / 40191)...
computing neighbors (34000 / 40191)...
computing neighbors (35000 / 40191)...
computing neighbors (36000 / 40191)...
computing neighbors (37000 / 40191)...
computing neighbors (38000 / 40191)...
computing neighbors (39000 / 40191)...
computing neighbors (40000 / 40191)...
795        vertices
40191      segments
19062      dominations
=======================
greedy clique: 53
greedy found 53 vertices in 0.018 seconds
 time (s)      nb expanded    nb generated   objective      
------------------------------------------------------------
  0.059                                      -53            
  0.061        3.0            334.0          -54            
  0.062        4.0            345.0          -55            
  0.062        5.0            346.0          -56            
  0.062        6.0            573.0          -57            
  0.064        9.0            814.0          -58            
  0.065        10.0           815.0          -59            
  0.065        11.0           1.0 k          -60            
  0.067        14.0           1.4 k          -61            
  0.071        20.0           2.4 k          -62            
  0.079        30.0           4.3 k          -63            
  0.083        36.0           5.3 k          -64            
  0.091        47.0           7.1 k          -65            
  0.094        51.0           7.6 k          -66            
  0.102        63.0           9.3 k          -67            
  0.108        71.0           10.3 k         -68            
  0.110        74.0           10.6 k         -69            
  0.114        80.0           11.3 k         -70            
  0.116        83.0           11.6 k         -71            
  0.164        147.0          18.6 k         -72            
  0.169        154.0          19.2 k         -73            
  0.171        157.0          19.3 k         -74            
  0.179        168.0          20.1 k         -75            
  0.234        240.0          24.2 k         -76            
  0.252        263.0          25.1 k         -77            
  0.320        354.0          27.5 k         -78            
  0.320        355.0          27.5 k         -79            
  0.321        356.0          27.5 k         -80            
  0.341        383.0          28.1 k         -81            
  0.346        390.0          28.2 k         -82            
  0.362        411.0          28.4 k         -83            
  0.542        651.0          31.6 k         -84            
  0.623        759.0          32.3 k         -85            
  0.726        896.0          33.6 k         -86            
  0.728        899.0          33.6 k         -87            
  0.742        918.0          33.8 k         -88            
  0.763        948.0          34.0 k         -89            
  0.950        1.2 k          36.4 k         -90            
  0.961        1.2 k          36.5 k         -91            
  1.860        2.4 k          43.8 k         -92            
  1.903        2.5 k          44.1 k         -93            
  4.421        5.7 k          60.2 k         -94            
  10.711       13.8 k         103.4 k        -95            
  33.069       42.6 k         256.9 k        -96            
  33.305       42.9 k         258.3 k        -97            
  440.082      546.9 k        2.9 M          -98            
