printing solutions in: ./dogs-color/insts/cgshop22/visp51133.instance.json.solution.json
printing perfs in: ./dogs-color/insts/cgshop22/visp51133.instance.json.perf.json

CGSHOP Instance: compute neighbors...
computing neighbors (0 / 51133)...
computing neighbors (1000 / 51133)...
computing neighbors (2000 / 51133)...
computing neighbors (3000 / 51133)...
computing neighbors (4000 / 51133)...
computing neighbors (5000 / 51133)...
computing neighbors (6000 / 51133)...
computing neighbors (7000 / 51133)...
computing neighbors (8000 / 51133)...
computing neighbors (9000 / 51133)...
computing neighbors (10000 / 51133)...
computing neighbors (11000 / 51133)...
computing neighbors (12000 / 51133)...
computing neighbors (13000 / 51133)...
computing neighbors (14000 / 51133)...
computing neighbors (15000 / 51133)...
computing neighbors (16000 / 51133)...
computing neighbors (17000 / 51133)...
computing neighbors (18000 / 51133)...
computing neighbors (19000 / 51133)...
computing neighbors (20000 / 51133)...
computing neighbors (21000 / 51133)...
computing neighbors (22000 / 51133)...
computing neighbors (23000 / 51133)...
computing neighbors (24000 / 51133)...
computing neighbors (25000 / 51133)...
computing neighbors (26000 / 51133)...
computing neighbors (27000 / 51133)...
computing neighbors (28000 / 51133)...
computing neighbors (29000 / 51133)...
computing neighbors (30000 / 51133)...
computing neighbors (31000 / 51133)...
computing neighbors (32000 / 51133)...
computing neighbors (33000 / 51133)...
computing neighbors (34000 / 51133)...
computing neighbors (35000 / 51133)...
computing neighbors (36000 / 51133)...
computing neighbors (37000 / 51133)...
computing neighbors (38000 / 51133)...
computing neighbors (39000 / 51133)...
computing neighbors (40000 / 51133)...
computing neighbors (41000 / 51133)...
computing neighbors (42000 / 51133)...
computing neighbors (43000 / 51133)...
computing neighbors (44000 / 51133)...
computing neighbors (45000 / 51133)...
computing neighbors (46000 / 51133)...
computing neighbors (47000 / 51133)...
computing neighbors (48000 / 51133)...
computing neighbors (49000 / 51133)...
computing neighbors (50000 / 51133)...
computing neighbors (51000 / 51133)...
1125       vertices
51133      segments
24123      dominations
=======================
greedy clique: 41
greedy found 41 vertices in 0.020 seconds
 time (s)      nb expanded    nb generated   objective      
------------------------------------------------------------
  0.100                                      -41            
  0.107        6.0            1.0 k          -42            
  0.113        12.0           2.0 k          -43            
  0.117        17.0           2.7 k          -44            
  0.118        19.0           2.9 k          -45            
  0.120        21.0           3.1 k          -46            
  0.123        25.0           3.5 k          -47            
  0.133        36.0           4.8 k          -48            
  0.139        43.0           5.5 k          -49            
  0.139        44.0           5.5 k          -50            
  0.140        45.0           5.6 k          -51            
  0.141        47.0           5.7 k          -52            
  0.155        62.0           7.2 k          -53            
  0.160        68.0           7.8 k          -54            
  0.189        101.0          10.5 k         -55            
  0.197        110.0          11.2 k         -56            
  0.215        130.0          12.5 k         -57            
  0.225        141.0          13.1 k         -58            
  0.267        187.0          15.0 k         -59            
  0.599        552.0          19.6 k         -60            
  2.080        2.1 k          30.4 k         -61            
  2.973        3.1 k          35.7 k         -62            
  2.978        3.1 k          35.7 k         -63            
  2.986        3.1 k          35.8 k         -64            
  3.023        3.1 k          36.1 k         -65            
  3.061        3.2 k          36.3 k         -66            
  3.169        3.3 k          36.8 k         -67            
  3.233        3.4 k          37.2 k         -68            
  3.235        3.4 k          37.2 k         -69            
  16.633       17.0 k         108.0 k        -70            
  111.644      111.2 k        563.9 k        -71            
  170.264      167.5 k        827.5 k        -72            
