printing solutions in: ./dogs-color/insts/cgshop22/visp73369.instance.json.solution.json
printing perfs in: ./dogs-color/insts/cgshop22/visp73369.instance.json.perf.json

CGSHOP Instance: compute neighbors...
computing neighbors (0 / 73369)...
computing neighbors (1000 / 73369)...
computing neighbors (2000 / 73369)...
computing neighbors (3000 / 73369)...
computing neighbors (4000 / 73369)...
computing neighbors (5000 / 73369)...
computing neighbors (6000 / 73369)...
computing neighbors (7000 / 73369)...
computing neighbors (8000 / 73369)...
computing neighbors (9000 / 73369)...
computing neighbors (10000 / 73369)...
computing neighbors (11000 / 73369)...
computing neighbors (12000 / 73369)...
computing neighbors (13000 / 73369)...
computing neighbors (14000 / 73369)...
computing neighbors (15000 / 73369)...
computing neighbors (16000 / 73369)...
computing neighbors (17000 / 73369)...
computing neighbors (18000 / 73369)...
computing neighbors (19000 / 73369)...
computing neighbors (20000 / 73369)...
computing neighbors (21000 / 73369)...
computing neighbors (22000 / 73369)...
computing neighbors (23000 / 73369)...
computing neighbors (24000 / 73369)...
computing neighbors (25000 / 73369)...
computing neighbors (26000 / 73369)...
computing neighbors (27000 / 73369)...
computing neighbors (28000 / 73369)...
computing neighbors (29000 / 73369)...
computing neighbors (30000 / 73369)...
computing neighbors (31000 / 73369)...
computing neighbors (32000 / 73369)...
computing neighbors (33000 / 73369)...
computing neighbors (34000 / 73369)...
computing neighbors (35000 / 73369)...
computing neighbors (36000 / 73369)...
computing neighbors (37000 / 73369)...
computing neighbors (38000 / 73369)...
computing neighbors (39000 / 73369)...
computing neighbors (40000 / 73369)...
computing neighbors (41000 / 73369)...
computing neighbors (42000 / 73369)...
computing neighbors (43000 / 73369)...
computing neighbors (44000 / 73369)...
computing neighbors (45000 / 73369)...
computing neighbors (46000 / 73369)...
computing neighbors (47000 / 73369)...
computing neighbors (48000 / 73369)...
computing neighbors (49000 / 73369)...
computing neighbors (50000 / 73369)...
computing neighbors (51000 / 73369)...
computing neighbors (52000 / 73369)...
computing neighbors (53000 / 73369)...
computing neighbors (54000 / 73369)...
computing neighbors (55000 / 73369)...
computing neighbors (56000 / 73369)...
computing neighbors (57000 / 73369)...
computing neighbors (58000 / 73369)...
computing neighbors (59000 / 73369)...
computing neighbors (60000 / 73369)...
computing neighbors (61000 / 73369)...
computing neighbors (62000 / 73369)...
computing neighbors (63000 / 73369)...
computing neighbors (64000 / 73369)...
computing neighbors (65000 / 73369)...
computing neighbors (66000 / 73369)...
computing neighbors (67000 / 73369)...
computing neighbors (68000 / 73369)...
computing neighbors (69000 / 73369)...
computing neighbors (70000 / 73369)...
computing neighbors (71000 / 73369)...
computing neighbors (72000 / 73369)...
computing neighbors (73000 / 73369)...
529        vertices
73369      segments
34167      dominations
=======================
greedy clique: 106
greedy found 106 vertices in 0.132 seconds
 time (s)      nb expanded    nb generated   objective      
------------------------------------------------------------
  0.509                                      -106           
  0.514        3.0            489.0          -107           
  0.515        4.0            490.0          -108           
  0.517        5.0            917.0          -109           
  0.523        8.0            1.8 k          -110           
  0.529        11.0           2.6 k          -111           
  0.541        16.0           4.2 k          -112           
  0.558        24.0           7.0 k          -113           
  0.571        30.0           8.9 k          -114           
  0.582        35.0           10.4 k         -115           
  0.585        37.0           10.4 k         -116           
  0.587        38.0           10.4 k         -117           
  0.588        39.0           10.8 k         -118           
  0.623        51.0           14.9 k         -119           
  0.629        54.0           15.3 k         -120           
  0.631        55.0           15.6 k         -121           
  0.634        57.0           15.6 k         -122           
  0.636        58.0           16.0 k         -123           
  0.649        64.0           17.3 k         -124           
  0.651        65.0           17.3 k         -125           
  0.652        66.0           17.6 k         -126           
  0.665        72.0           19.1 k         -127           
  0.690        83.0           22.1 k         -128           
  0.706        90.0           23.9 k         -129           
  0.719        96.0           25.3 k         -130           
  0.730        101.0          26.4 k         -131           
  0.754        111.0          28.8 k         -132           
  0.760        114.0          29.3 k         -133           
  0.766        117.0          29.8 k         -134           
  0.798        131.0          32.9 k         -135           
  0.813        138.0          34.3 k         -136           
  0.824        143.0          35.2 k         -137           
  0.849        154.0          37.5 k         -138           
  0.870        163.0          39.3 k         -139           
  0.888        171.0          40.7 k         -140           
  0.930        189.0          43.8 k         -141           
  0.931        190.0          44.0 k         -142           
  0.982        212.0          47.7 k         -143           
  0.988        215.0          48.0 k         -144           
  1.050        242.0          52.1 k         -145           
  1.193        300.0          59.7 k         -146           
  1.318        354.0          65.7 k         -147           
  1.392        386.0          69.2 k         -148           
  1.490        428.0          73.4 k         -149           
  1.517        440.0          74.4 k         -150           
  1.583        466.0          76.6 k         -151           
  1.618        481.0          77.6 k         -152           
  1.710        521.0          80.0 k         -153           
  1.734        532.0          80.6 k         -154           
  1.830        574.0          82.8 k         -155           
  1.844        580.0          83.0 k         -156           
  1.883        597.0          83.7 k         -157           
  1.936        620.0          84.6 k         -158           
  1.952        627.0          84.8 k         -159           
  2.028        656.0          85.6 k         -160           
  2.058        669.0          86.0 k         -161           
  2.081        679.0          86.2 k         -162           
  2.160        713.0          86.7 k         -163           
  2.350        795.0          87.4 k         -164           
  2.366        802.0          87.5 k         -165           
  2.411        822.0          87.6 k         -166           
  2.415        824.0          87.6 k         -167           
  2.571        888.0          87.8 k         -168           
  2.573        889.0          87.8 k         -169           
  2.609        905.0          87.9 k         -170           
  2.685        938.0          88.2 k         -171           
  2.831        1.0 k          89.0 k         -172           
  2.838        1.0 k          89.0 k         -173           
  2.944        1.0 k          89.3 k         -174           
  3.070        1.1 k          89.4 k         -175           
  3.459        1.3 k          90.7 k         -176           
  3.472        1.3 k          90.8 k         -177           
  3.476        1.3 k          90.8 k         -178           
  5.438        2.1 k          96.7 k         -179           
  5.728        2.2 k          97.7 k         -180           
  6.223        2.4 k          99.8 k         -181           
  6.753        2.7 k          101.6 k        -182           
  6.908        2.7 k          101.9 k        -183           
  6.929        2.7 k          101.9 k        -184           
  7.281        2.9 k          102.9 k        -185           
  7.298        2.9 k          102.9 k        -186           
  8.558        3.4 k          107.3 k        -187           
  8.826        3.5 k          108.0 k        -188           
  48.084       19.7 k         200.0 k        -189           
  48.203       19.8 k         200.2 k        -190           
  304.910      122.0 k        783.8 k        -191           
  305.075      122.0 k        784.1 k        -192           
  481.285      190.7 k        1.2 M          -193           
  481.468      190.7 k        1.2 M          -194           
  485.083      192.2 k        1.2 M          -195           
  486.405      192.7 k        1.2 M          -196           
  486.449      192.7 k        1.2 M          -197           
  29494.566    11.3 M         63.7 M         -198           
