printing solutions in: ./dogs-color/insts/cgshop22/vispecn74166.instance.json.solution.json
printing perfs in: ./dogs-color/insts/cgshop22/vispecn74166.instance.json.perf.json

CGSHOP Instance: compute neighbors...
computing neighbors (0 / 74166)...
computing neighbors (1000 / 74166)...
computing neighbors (2000 / 74166)...
computing neighbors (3000 / 74166)...
computing neighbors (4000 / 74166)...
computing neighbors (5000 / 74166)...
computing neighbors (6000 / 74166)...
computing neighbors (7000 / 74166)...
computing neighbors (8000 / 74166)...
computing neighbors (9000 / 74166)...
computing neighbors (10000 / 74166)...
computing neighbors (11000 / 74166)...
computing neighbors (12000 / 74166)...
computing neighbors (13000 / 74166)...
computing neighbors (14000 / 74166)...
computing neighbors (15000 / 74166)...
computing neighbors (16000 / 74166)...
computing neighbors (17000 / 74166)...
computing neighbors (18000 / 74166)...
computing neighbors (19000 / 74166)...
computing neighbors (20000 / 74166)...
computing neighbors (21000 / 74166)...
computing neighbors (22000 / 74166)...
computing neighbors (23000 / 74166)...
computing neighbors (24000 / 74166)...
computing neighbors (25000 / 74166)...
computing neighbors (26000 / 74166)...
computing neighbors (27000 / 74166)...
computing neighbors (28000 / 74166)...
computing neighbors (29000 / 74166)...
computing neighbors (30000 / 74166)...
computing neighbors (31000 / 74166)...
computing neighbors (32000 / 74166)...
computing neighbors (33000 / 74166)...
computing neighbors (34000 / 74166)...
computing neighbors (35000 / 74166)...
computing neighbors (36000 / 74166)...
computing neighbors (37000 / 74166)...
computing neighbors (38000 / 74166)...
computing neighbors (39000 / 74166)...
computing neighbors (40000 / 74166)...
computing neighbors (41000 / 74166)...
computing neighbors (42000 / 74166)...
computing neighbors (43000 / 74166)...
computing neighbors (44000 / 74166)...
computing neighbors (45000 / 74166)...
computing neighbors (46000 / 74166)...
computing neighbors (47000 / 74166)...
computing neighbors (48000 / 74166)...
computing neighbors (49000 / 74166)...
computing neighbors (50000 / 74166)...
computing neighbors (51000 / 74166)...
computing neighbors (52000 / 74166)...
computing neighbors (53000 / 74166)...
computing neighbors (54000 / 74166)...
computing neighbors (55000 / 74166)...
computing neighbors (56000 / 74166)...
computing neighbors (57000 / 74166)...
computing neighbors (58000 / 74166)...
computing neighbors (59000 / 74166)...
computing neighbors (60000 / 74166)...
computing neighbors (61000 / 74166)...
computing neighbors (62000 / 74166)...
computing neighbors (63000 / 74166)...
computing neighbors (64000 / 74166)...
computing neighbors (65000 / 74166)...
computing neighbors (66000 / 74166)...
computing neighbors (67000 / 74166)...
computing neighbors (68000 / 74166)...
computing neighbors (69000 / 74166)...
computing neighbors (70000 / 74166)...
computing neighbors (71000 / 74166)...
computing neighbors (72000 / 74166)...
computing neighbors (73000 / 74166)...
computing neighbors (74000 / 74166)...
103946     vertices
74166      segments
440        dominations
=======================
greedy clique: 66
greedy found 66 vertices in 0.046 seconds
 time (s)      nb expanded    nb generated   objective      
------------------------------------------------------------
  0.247                                      -66            
  0.250        3.0            335.0          -67            
  0.251        4.0            386.0          -68            
  0.252        5.0            415.0          -69            
  0.253        6.0            436.0          -70            
  0.253        7.0            452.0          -71            
  0.254        8.0            467.0          -72            
  0.255        9.0            480.0          -73            
  0.256        10.0           491.0          -74            
  0.257        11.0           501.0          -75            
  0.257        12.0           507.0          -76            
  0.258        13.0           512.0          -77            
  0.259        14.0           515.0          -78            
  0.260        15.0           517.0          -79            
  0.261        16.0           518.0          -80            
  0.262        17.0           583.0          -81            
  0.265        19.0           586.0          -82            
  0.266        20.0           648.0          -83            
  0.268        22.0           707.0          -84            
  0.270        24.0           763.0          -85            
  0.273        26.0           818.0          -86            
  0.278        30.0           982.0          -87            
  0.284        34.0           1.1 k          -88            
  0.286        36.0           1.2 k          -89            
  0.290        39.0           1.3 k          -90            
  0.295        42.0           1.4 k          -91            
  0.295        43.0           1.4 k          -92            
  0.296        44.0           1.4 k          -93            
  0.301        48.0           1.6 k          -94            
  0.304        50.0           1.6 k          -95            
  0.304        51.0           1.6 k          -96            
  0.305        52.0           1.6 k          -97            
  0.308        54.0           1.7 k          -98            
  0.313        58.0           1.8 k          -99            
  0.314        59.0           1.8 k          -100           
  0.319        62.0           1.9 k          -101           
  0.320        63.0           1.9 k          -102           
  0.324        66.0           2.0 k          -103           
  0.325        67.0           2.0 k          -104           
  0.327        69.0           2.0 k          -105           
  0.334        74.0           2.1 k          -106           
  0.338        77.0           2.2 k          -107           
  0.341        79.0           2.2 k          -108           
  0.362        94.0           2.5 k          -109           
  0.363        95.0           2.5 k          -110           
  0.363        96.0           2.5 k          -111           
  0.376        105.0          2.7 k          -112           
  0.377        106.0          2.7 k          -113           
  0.379        108.0          2.7 k          -114           
  0.383        111.0          2.7 k          -115           
  0.398        118.0          2.8 k          -116           
  0.399        119.0          2.8 k          -117           
  0.406        124.0          2.9 k          -118           
  0.431        142.0          3.1 k          -119           
  0.441        150.0          3.2 k          -120           
  0.442        151.0          3.2 k          -121           
  0.444        153.0          3.2 k          -122           
  0.446        155.0          3.2 k          -123           
  0.447        156.0          3.2 k          -124           
  0.448        157.0          3.2 k          -125           
  0.451        160.0          3.2 k          -126           
  0.453        162.0          3.2 k          -127           
  0.454        163.0          3.2 k          -128           
  0.468        174.0          3.3 k          -129           
  0.491        190.0          3.5 k          -130           
  0.515        208.0          3.6 k          -131           
  0.519        211.0          3.6 k          -132           
  0.849        440.0          5.6 k          -133           
  0.864        447.0          5.6 k          -134           
  0.866        449.0          5.6 k          -135           
  0.868        451.0          5.6 k          -136           
  0.887        465.0          5.7 k          -137           
  0.893        470.0          5.8 k          -138           
  0.900        476.0          5.8 k          -139           
  0.901        477.0          5.8 k          -140           
  0.904        480.0          5.8 k          -141           
  1.113        632.0          6.8 k          -142           
  1.122        639.0          6.9 k          -143           
  1.127        644.0          6.9 k          -144           
  1.129        646.0          6.9 k          -145           
  1.160        669.0          7.0 k          -146           
  3.254        2.2 k          11.7 k         -147           
  6.212        4.2 k          17.2 k         -148           
  6.216        4.2 k          17.2 k         -149           
  6.633        4.5 k          18.5 k         -150           
  6.635        4.5 k          18.5 k         -151           
  7.289        5.0 k          20.4 k         -152           
  7.291        5.0 k          20.4 k         -153           
  7.694        5.3 k          21.6 k         -154           
  7.698        5.3 k          21.6 k         -155           
  7.873        5.5 k          21.9 k         -156           
  7.934        5.5 k          22.1 k         -157           
  8.548        5.9 k          23.6 k         -158           
  8.553        5.9 k          23.6 k         -159           
  8.561        5.9 k          23.7 k         -160           
  8.563        5.9 k          23.7 k         -161           
  8.586        6.0 k          23.8 k         -162           
  8.593        6.0 k          23.8 k         -163           
  8.594        6.0 k          23.8 k         -164           
  8.643        6.0 k          23.9 k         -165           
  8.645        6.0 k          23.9 k         -166           
  8.785        6.1 k          24.4 k         -167           
  8.792        6.1 k          24.4 k         -168           
  8.835        6.1 k          24.5 k         -169           
  8.889        6.2 k          24.7 k         -170           
  8.981        6.2 k          24.9 k         -171           
  9.034        6.3 k          25.2 k         -172           
  9.040        6.3 k          25.2 k         -173           
  9.043        6.3 k          25.2 k         -174           
  9.879        6.9 k          26.9 k         -175           
  10.430       7.3 k          27.8 k         -176           
  10.464       7.3 k          27.8 k         -177           
  10.465       7.3 k          27.8 k         -178           
  10.466       7.3 k          27.8 k         -179           
  10.468       7.3 k          27.8 k         -180           
  21.207       14.8 k         46.1 k         -181           
  21.216       14.8 k         46.2 k         -182           
  21.217       14.8 k         46.2 k         -183           
  21.218       14.8 k         46.2 k         -184           
  21.357       14.9 k         46.5 k         -185           
  21.360       14.9 k         46.5 k         -186           
  21.369       14.9 k         46.5 k         -187           
  22.512       15.7 k         48.7 k         -188           
  22.512       15.7 k         48.7 k         -189           
  22.515       15.7 k         48.7 k         -190           
  22.531       15.7 k         48.7 k         -191           
  22.541       15.7 k         48.8 k         -192           
  24.408       17.0 k         51.8 k         -193           
  24.409       17.0 k         51.8 k         -194           
  24.412       17.0 k         51.8 k         -195           
  24.416       17.0 k         51.8 k         -196           
  24.431       17.0 k         51.9 k         -197           
  132.801      91.6 k         214.9 k        -198           
  752.668      512.3 k        1.1 M          -199           
  752.673      512.3 k        1.1 M          -200           
  2869.425     1.9 M          4.3 M          -201           
  18793.270    12.7 M         28.0 M         -202           
