printing solutions in: ./dogs-color/insts/cgshop22/visp53088.instance.json.solution.json
printing perfs in: ./dogs-color/insts/cgshop22/visp53088.instance.json.perf.json

CGSHOP Instance: compute neighbors...
computing neighbors (0 / 53088)...
computing neighbors (1000 / 53088)...
computing neighbors (2000 / 53088)...
computing neighbors (3000 / 53088)...
computing neighbors (4000 / 53088)...
computing neighbors (5000 / 53088)...
computing neighbors (6000 / 53088)...
computing neighbors (7000 / 53088)...
computing neighbors (8000 / 53088)...
computing neighbors (9000 / 53088)...
computing neighbors (10000 / 53088)...
computing neighbors (11000 / 53088)...
computing neighbors (12000 / 53088)...
computing neighbors (13000 / 53088)...
computing neighbors (14000 / 53088)...
computing neighbors (15000 / 53088)...
computing neighbors (16000 / 53088)...
computing neighbors (17000 / 53088)...
computing neighbors (18000 / 53088)...
computing neighbors (19000 / 53088)...
computing neighbors (20000 / 53088)...
computing neighbors (21000 / 53088)...
computing neighbors (22000 / 53088)...
computing neighbors (23000 / 53088)...
computing neighbors (24000 / 53088)...
computing neighbors (25000 / 53088)...
computing neighbors (26000 / 53088)...
computing neighbors (27000 / 53088)...
computing neighbors (28000 / 53088)...
computing neighbors (29000 / 53088)...
computing neighbors (30000 / 53088)...
computing neighbors (31000 / 53088)...
computing neighbors (32000 / 53088)...
computing neighbors (33000 / 53088)...
computing neighbors (34000 / 53088)...
computing neighbors (35000 / 53088)...
computing neighbors (36000 / 53088)...
computing neighbors (37000 / 53088)...
computing neighbors (38000 / 53088)...
computing neighbors (39000 / 53088)...
computing neighbors (40000 / 53088)...
computing neighbors (41000 / 53088)...
computing neighbors (42000 / 53088)...
computing neighbors (43000 / 53088)...
computing neighbors (44000 / 53088)...
computing neighbors (45000 / 53088)...
computing neighbors (46000 / 53088)...
computing neighbors (47000 / 53088)...
computing neighbors (48000 / 53088)...
computing neighbors (49000 / 53088)...
computing neighbors (50000 / 53088)...
computing neighbors (51000 / 53088)...
computing neighbors (52000 / 53088)...
computing neighbors (53000 / 53088)...
1483       vertices
53088      segments
25419      dominations
=======================
greedy clique: 63
greedy found 63 vertices in 0.029 seconds
 time (s)      nb expanded    nb generated   objective      
------------------------------------------------------------
  0.095                                      -63            
  0.097        3.0            637.0          -64            
  0.103        9.0            2.2 k          -65            
  0.104        11.0           2.2 k          -66            
  0.105        12.0           2.2 k          -67            
  0.105        13.0           2.5 k          -68            
  0.109        17.0           3.3 k          -69            
  0.113        21.0           3.8 k          -70            
  0.113        22.0           4.1 k          -71            
  0.117        26.0           4.6 k          -72            
  0.117        27.0           4.8 k          -73            
  0.123        34.0           5.9 k          -74            
  0.124        35.0           6.1 k          -75            
  0.128        39.0           6.7 k          -76            
  0.130        42.0           7.1 k          -77            
  0.136        48.0           8.1 k          -78            
  0.139        52.0           8.7 k          -79            
  0.142        55.0           9.0 k          -80            
  0.148        62.0           10.0 k         -81            
  0.153        67.0           10.6 k         -82            
  0.164        79.0           12.2 k         -83            
  0.165        80.0           12.3 k         -84            
  0.166        82.0           12.4 k         -85            
  0.171        87.0           12.9 k         -86            
  0.173        89.0           12.9 k         -87            
  0.173        90.0           13.0 k         -88            
  0.184        101.0          14.1 k         -89            
  0.230        148.0          18.4 k         -90            
  0.245        164.0          19.6 k         -91            
  0.265        185.0          20.9 k         -92            
  0.293        213.0          22.6 k         -93            
  0.296        217.0          22.7 k         -94            
  0.299        220.0          22.8 k         -95            
  0.308        230.0          23.2 k         -96            
  0.313        235.0          23.4 k         -97            
  0.320        243.0          23.7 k         -98            
  0.340        263.0          24.3 k         -99            
  0.344        268.0          24.4 k         -100           
  0.360        284.0          24.7 k         -101           
  0.435        358.0          25.5 k         -102           
  0.454        377.0          25.6 k         -103           
  0.540        465.0          26.2 k         -104           
  7.616        7.4 k          64.3 k         -105           
  9.370        9.1 k          73.6 k         -106           
  47.232       44.4 k         251.1 k        -107           
  47.250       44.4 k         251.2 k        -108           
  1500.521     1.3 M          6.7 M          -109           
  6370.411     5.5 M          28.2 M         -110           
