printing solutions in: ./dogs-color/insts/cgshop22/visp70702.instance.json.solution.json
printing perfs in: ./dogs-color/insts/cgshop22/visp70702.instance.json.perf.json

CGSHOP Instance: compute neighbors...
computing neighbors (0 / 70702)...
computing neighbors (1000 / 70702)...
computing neighbors (2000 / 70702)...
computing neighbors (3000 / 70702)...
computing neighbors (4000 / 70702)...
computing neighbors (5000 / 70702)...
computing neighbors (6000 / 70702)...
computing neighbors (7000 / 70702)...
computing neighbors (8000 / 70702)...
computing neighbors (9000 / 70702)...
computing neighbors (10000 / 70702)...
computing neighbors (11000 / 70702)...
computing neighbors (12000 / 70702)...
computing neighbors (13000 / 70702)...
computing neighbors (14000 / 70702)...
computing neighbors (15000 / 70702)...
computing neighbors (16000 / 70702)...
computing neighbors (17000 / 70702)...
computing neighbors (18000 / 70702)...
computing neighbors (19000 / 70702)...
computing neighbors (20000 / 70702)...
computing neighbors (21000 / 70702)...
computing neighbors (22000 / 70702)...
computing neighbors (23000 / 70702)...
computing neighbors (24000 / 70702)...
computing neighbors (25000 / 70702)...
computing neighbors (26000 / 70702)...
computing neighbors (27000 / 70702)...
computing neighbors (28000 / 70702)...
computing neighbors (29000 / 70702)...
computing neighbors (30000 / 70702)...
computing neighbors (31000 / 70702)...
computing neighbors (32000 / 70702)...
computing neighbors (33000 / 70702)...
computing neighbors (34000 / 70702)...
computing neighbors (35000 / 70702)...
computing neighbors (36000 / 70702)...
computing neighbors (37000 / 70702)...
computing neighbors (38000 / 70702)...
computing neighbors (39000 / 70702)...
computing neighbors (40000 / 70702)...
computing neighbors (41000 / 70702)...
computing neighbors (42000 / 70702)...
computing neighbors (43000 / 70702)...
computing neighbors (44000 / 70702)...
computing neighbors (45000 / 70702)...
computing neighbors (46000 / 70702)...
computing neighbors (47000 / 70702)...
computing neighbors (48000 / 70702)...
computing neighbors (49000 / 70702)...
computing neighbors (50000 / 70702)...
computing neighbors (51000 / 70702)...
computing neighbors (52000 / 70702)...
computing neighbors (53000 / 70702)...
computing neighbors (54000 / 70702)...
computing neighbors (55000 / 70702)...
computing neighbors (56000 / 70702)...
computing neighbors (57000 / 70702)...
computing neighbors (58000 / 70702)...
computing neighbors (59000 / 70702)...
computing neighbors (60000 / 70702)...
computing neighbors (61000 / 70702)...
computing neighbors (62000 / 70702)...
computing neighbors (63000 / 70702)...
computing neighbors (64000 / 70702)...
computing neighbors (65000 / 70702)...
computing neighbors (66000 / 70702)...
computing neighbors (67000 / 70702)...
computing neighbors (68000 / 70702)...
computing neighbors (69000 / 70702)...
computing neighbors (70000 / 70702)...
1031       vertices
70702      segments
33002      dominations
=======================
greedy clique: 68
greedy found 68 vertices in 0.044 seconds
 time (s)      nb expanded    nb generated   objective      
------------------------------------------------------------
  0.223                                      -68            
  0.226        3.0            463.0          -69            
  0.227        4.0            465.0          -70            
  0.228        5.0            821.0          -71            
  0.230        7.0            828.0          -72            
  0.231        8.0            1.2 k          -73            
  0.233        10.0           1.2 k          -74            
  0.234        11.0           1.2 k          -75            
  0.235        12.0           1.5 k          -76            
  0.237        14.0           1.8 k          -77            
  0.247        22.0           3.7 k          -78            
  0.253        26.0           4.6 k          -79            
  0.263        31.0           5.6 k          -80            
  0.280        44.0           8.6 k          -81            
  0.284        47.0           9.0 k          -82            
  0.292        53.0           10.2 k         -83            
  0.296        56.0           10.6 k         -84            
  0.303        62.0           11.7 k         -85            
  0.306        64.0           11.9 k         -86            
  0.314        70.0           13.0 k         -87            
  0.317        73.0           13.4 k         -88            
  0.326        80.0           14.5 k         -89            
  0.334        86.0           15.3 k         -90            
  0.371        112.0          19.0 k         -91            
  0.373        114.0          19.2 k         -92            
  0.381        120.0          19.9 k         -93            
  0.389        126.0          20.5 k         -94            
  0.414        144.0          22.6 k         -95            
  0.430        156.0          23.9 k         -96            
  0.458        177.0          26.1 k         -97            
  0.479        192.0          27.5 k         -98            
  0.482        195.0          27.7 k         -99            
  0.490        201.0          28.1 k         -100           
  0.491        202.0          28.1 k         -101           
  0.492        203.0          28.2 k         -102           
  0.498        208.0          28.5 k         -103           
  0.552        247.0          31.1 k         -104           
  0.602        281.0          32.8 k         -105           
  0.651        316.0          34.3 k         -106           
  0.670        330.0          34.8 k         -107           
  0.757        393.0          36.7 k         -108           
  0.788        415.0          37.2 k         -109           
  0.800        424.0          37.3 k         -110           
  0.800        425.0          37.3 k         -111           
  0.845        458.0          37.6 k         -112           
  0.856        466.0          37.7 k         -113           
  0.859        469.0          37.7 k         -114           
  0.880        484.0          37.8 k         -115           
  0.893        494.0          37.9 k         -116           
  0.899        499.0          37.9 k         -117           
  0.901        501.0          37.9 k         -118           
  4.073        2.7 k          53.1 k         -119           
  4.112        2.7 k          53.3 k         -120           
  4.120        2.7 k          53.3 k         -121           
  4.227        2.8 k          53.8 k         -122           
  4.367        2.9 k          54.8 k         -123           
  4.433        3.0 k          55.2 k         -124           
  65.781       44.0 k         264.6 k        -125           
  65.784       44.0 k         264.6 k        -126           
  509.933      327.6 k        1.7 M          -127           
  7063.061     4.4 M          22.9 M         -128           
  8804.114     5.5 M          28.5 M         -129           
  64971.266    40.6 M         210.2 M        -130           
