printing solutions in: ./dogs-color/insts/cgshop22/visp26405.instance.json.solution.json
printing perfs in: ./dogs-color/insts/cgshop22/visp26405.instance.json.perf.json

CGSHOP Instance: compute neighbors...
computing neighbors (0 / 26405)...
computing neighbors (1000 / 26405)...
computing neighbors (2000 / 26405)...
computing neighbors (3000 / 26405)...
computing neighbors (4000 / 26405)...
computing neighbors (5000 / 26405)...
computing neighbors (6000 / 26405)...
computing neighbors (7000 / 26405)...
computing neighbors (8000 / 26405)...
computing neighbors (9000 / 26405)...
computing neighbors (10000 / 26405)...
computing neighbors (11000 / 26405)...
computing neighbors (12000 / 26405)...
computing neighbors (13000 / 26405)...
computing neighbors (14000 / 26405)...
computing neighbors (15000 / 26405)...
computing neighbors (16000 / 26405)...
computing neighbors (17000 / 26405)...
computing neighbors (18000 / 26405)...
computing neighbors (19000 / 26405)...
computing neighbors (20000 / 26405)...
computing neighbors (21000 / 26405)...
computing neighbors (22000 / 26405)...
computing neighbors (23000 / 26405)...
computing neighbors (24000 / 26405)...
computing neighbors (25000 / 26405)...
computing neighbors (26000 / 26405)...
729        vertices
26405      segments
12902      dominations
=======================
greedy clique: 41
greedy found 41 vertices in 0.011 seconds
 time (s)      nb expanded    nb generated   objective      
------------------------------------------------------------
  0.047                                      -41            
  0.048        3.0            300.0          -42            
  0.049        5.0            316.0          -43            
  0.049        6.0            317.0          -44            
  0.050        7.0            436.0          -45            
  0.051        10.0           662.0          -46            
  0.053        14.0           982.0          -47            
  0.054        16.0           1.1 k          -48            
  0.057        23.0           1.6 k          -49            
  0.059        27.0           1.8 k          -50            
  0.065        39.0           2.6 k          -51            
  0.067        42.0           2.8 k          -52            
  0.074        56.0           3.5 k          -53            
  0.082        73.0           4.3 k          -54            
  0.089        86.0           4.9 k          -55            
  0.110        128.0          6.4 k          -56            
  0.330        544.0          9.7 k          -57            
  0.331        547.0          9.7 k          -58            
  0.370        621.0          10.1 k         -59            
  0.379        637.0          10.2 k         -60            
  0.384        648.0          10.2 k         -61            
  0.435        745.0          10.8 k         -62            
  4.251        7.6 k          47.9 k         -63            
  4.269        7.7 k          48.2 k         -64            
  120.962      203.2 k        972.1 k        -65            
  326.586      536.3 k        2.5 M          -66            
  1164.113     1.9 M          8.9 M          -67            
  45937.895    73.5 M         346.1 M        -68            
