printing solutions in: ./dogs-color/insts/cgshop22/vispecn67795.instance.json.solution.json
printing perfs in: ./dogs-color/insts/cgshop22/vispecn67795.instance.json.perf.json

CGSHOP Instance: compute neighbors...
computing neighbors (0 / 67795)...
computing neighbors (1000 / 67795)...
computing neighbors (2000 / 67795)...
computing neighbors (3000 / 67795)...
computing neighbors (4000 / 67795)...
computing neighbors (5000 / 67795)...
computing neighbors (6000 / 67795)...
computing neighbors (7000 / 67795)...
computing neighbors (8000 / 67795)...
computing neighbors (9000 / 67795)...
computing neighbors (10000 / 67795)...
computing neighbors (11000 / 67795)...
computing neighbors (12000 / 67795)...
computing neighbors (13000 / 67795)...
computing neighbors (14000 / 67795)...
computing neighbors (15000 / 67795)...
computing neighbors (16000 / 67795)...
computing neighbors (17000 / 67795)...
computing neighbors (18000 / 67795)...
computing neighbors (19000 / 67795)...
computing neighbors (20000 / 67795)...
computing neighbors (21000 / 67795)...
computing neighbors (22000 / 67795)...
computing neighbors (23000 / 67795)...
computing neighbors (24000 / 67795)...
computing neighbors (25000 / 67795)...
computing neighbors (26000 / 67795)...
computing neighbors (27000 / 67795)...
computing neighbors (28000 / 67795)...
computing neighbors (29000 / 67795)...
computing neighbors (30000 / 67795)...
computing neighbors (31000 / 67795)...
computing neighbors (32000 / 67795)...
computing neighbors (33000 / 67795)...
computing neighbors (34000 / 67795)...
computing neighbors (35000 / 67795)...
computing neighbors (36000 / 67795)...
computing neighbors (37000 / 67795)...
computing neighbors (38000 / 67795)...
computing neighbors (39000 / 67795)...
computing neighbors (40000 / 67795)...
computing neighbors (41000 / 67795)...
computing neighbors (42000 / 67795)...
computing neighbors (43000 / 67795)...
computing neighbors (44000 / 67795)...
computing neighbors (45000 / 67795)...
computing neighbors (46000 / 67795)...
computing neighbors (47000 / 67795)...
computing neighbors (48000 / 67795)...
computing neighbors (49000 / 67795)...
computing neighbors (50000 / 67795)...
computing neighbors (51000 / 67795)...
computing neighbors (52000 / 67795)...
computing neighbors (53000 / 67795)...
computing neighbors (54000 / 67795)...
computing neighbors (55000 / 67795)...
computing neighbors (56000 / 67795)...
computing neighbors (57000 / 67795)...
computing neighbors (58000 / 67795)...
computing neighbors (59000 / 67795)...
computing neighbors (60000 / 67795)...
computing neighbors (61000 / 67795)...
computing neighbors (62000 / 67795)...
computing neighbors (63000 / 67795)...
computing neighbors (64000 / 67795)...
computing neighbors (65000 / 67795)...
computing neighbors (66000 / 67795)...
computing neighbors (67000 / 67795)...
94838      vertices
67795      segments
412        dominations
=======================
greedy clique: 87
greedy found 87 vertices in 0.069 seconds
 time (s)      nb expanded    nb generated   objective      
------------------------------------------------------------
  0.378                                      -87            
  0.382        3.0            140.0          -88            
  0.384        5.0            209.0          -89            
  0.387        7.0            213.0          -90            
  0.388        8.0            277.0          -91            
  0.392        11.0           344.0          -92            
  0.393        12.0           411.0          -93            
  0.395        14.0           477.0          -94            
  0.398        16.0           480.0          -95            
  0.399        17.0           542.0          -96            
  0.410        24.0           899.0          -97            
  0.414        27.0           1.0 k          -98            
  0.416        29.0           1.1 k          -99            
  0.422        33.0           1.2 k          -100           
  0.423        34.0           1.2 k          -101           
  0.426        36.0           1.3 k          -102           
  0.430        39.0           1.4 k          -103           
  0.435        43.0           1.5 k          -104           
  0.439        46.0           1.6 k          -105           
  0.442        48.0           1.6 k          -106           
  0.443        49.0           1.7 k          -107           
  0.453        56.0           1.9 k          -108           
  0.454        57.0           1.9 k          -109           
  0.455        58.0           1.9 k          -110           
  0.455        59.0           2.0 k          -111           
  0.458        61.0           2.0 k          -112           
  0.460        63.0           2.1 k          -113           
  0.464        66.0           2.2 k          -114           
  0.470        70.0           2.2 k          -115           
  0.471        71.0           2.3 k          -116           
  0.478        76.0           2.4 k          -117           
  0.479        77.0           2.5 k          -118           
  0.484        81.0           2.6 k          -119           
  0.498        89.0           2.8 k          -120           
  0.502        92.0           2.9 k          -121           
  0.504        93.0           2.9 k          -122           
  0.508        96.0           3.0 k          -123           
  0.521        105.0          3.2 k          -124           
  0.526        109.0          3.3 k          -125           
  0.528        110.0          3.3 k          -126           
  0.578        143.0          4.0 k          -127           
  0.602        159.0          4.2 k          -128           
  0.612        166.0          4.3 k          -129           
  0.619        171.0          4.3 k          -130           
  0.666        202.0          4.6 k          -131           
  0.667        203.0          4.6 k          -132           
  0.709        231.0          5.0 k          -133           
  0.786        283.0          5.7 k          -134           
  0.789        285.0          5.7 k          -135           
  0.803        294.0          5.8 k          -136           
  0.850        325.0          6.0 k          -137           
  0.851        326.0          6.0 k          -138           
  0.853        328.0          6.0 k          -139           
  0.855        330.0          6.0 k          -140           
  0.856        331.0          6.0 k          -141           
  0.857        332.0          6.0 k          -142           
  0.859        334.0          6.0 k          -143           
  0.861        336.0          6.0 k          -144           
  0.862        337.0          6.0 k          -145           
  0.865        339.0          6.0 k          -146           
  0.868        342.0          6.0 k          -147           
  0.869        343.0          6.0 k          -148           
  0.899        363.0          6.2 k          -149           
  0.900        364.0          6.2 k          -150           
  0.901        365.0          6.2 k          -151           
  0.902        366.0          6.2 k          -152           
  0.902        367.0          6.2 k          -153           
  0.903        368.0          6.2 k          -154           
  0.910        373.0          6.2 k          -155           
  0.911        374.0          6.2 k          -156           
  0.912        375.0          6.3 k          -157           
  0.913        376.0          6.3 k          -158           
  0.916        379.0          6.3 k          -159           
  0.917        380.0          6.3 k          -160           
  0.918        381.0          6.3 k          -161           
  0.934        393.0          6.4 k          -162           
  0.935        394.0          6.4 k          -163           
  0.939        397.0          6.5 k          -164           
  0.940        398.0          6.5 k          -165           
  0.941        399.0          6.5 k          -166           
  0.949        405.0          6.5 k          -167           
  0.976        424.0          6.6 k          -168           
  0.986        431.0          6.6 k          -169           
  1.009        446.0          6.7 k          -170           
  1.050        474.0          6.9 k          -171           
  1.055        478.0          6.9 k          -172           
  1.070        488.0          7.0 k          -173           
  1.071        489.0          7.0 k          -174           
  1.077        493.0          7.0 k          -175           
  1.125        526.0          7.2 k          -176           
  1.138        535.0          7.2 k          -177           
  1.415        718.0          8.2 k          -178           
  1.417        720.0          8.2 k          -179           
  1.640        867.0          8.7 k          -180           
  1.641        868.0          8.7 k          -181           
  1.642        869.0          8.7 k          -182           
  1.643        870.0          8.7 k          -183           
  1.648        873.0          8.7 k          -184           
  1.652        876.0          8.7 k          -185           
  1.664        884.0          8.7 k          -186           
  1.668        887.0          8.7 k          -187           
  1.670        889.0          8.7 k          -188           
  1.691        903.0          8.8 k          -189           
  1.697        907.0          8.8 k          -190           
  1.699        909.0          8.8 k          -191           
  1.832        999.0          9.2 k          -192           
  1.882        1.0 k          9.3 k          -193           
  1.885        1.0 k          9.3 k          -194           
  1.887        1.0 k          9.3 k          -195           
  1.894        1.0 k          9.3 k          -196           
  1.897        1.0 k          9.3 k          -197           
  1.900        1.0 k          9.4 k          -198           
  1.901        1.0 k          9.4 k          -199           
  1.906        1.1 k          9.4 k          -200           
  1.985        1.1 k          9.5 k          -201           
  2.279        1.3 k          10.0 k         -202           
  2.280        1.3 k          10.0 k         -203           
  2.282        1.3 k          10.0 k         -204           
  2.287        1.3 k          10.0 k         -205           
  2.288        1.3 k          10.0 k         -206           
  2.291        1.3 k          10.0 k         -207           
  2.291        1.3 k          10.0 k         -208           
  2.295        1.3 k          10.0 k         -209           
  2.297        1.3 k          10.0 k         -210           
  2.303        1.3 k          10.1 k         -211           
  2.604        1.5 k          10.6 k         -212           
  2.605        1.5 k          10.6 k         -213           
  2.606        1.5 k          10.6 k         -214           
  2.607        1.5 k          10.6 k         -215           
  2.653        1.6 k          10.7 k         -216           
  2.658        1.6 k          10.7 k         -217           
  2.659        1.6 k          10.7 k         -218           
  2.663        1.6 k          10.7 k         -219           
  2.665        1.6 k          10.7 k         -220           
  3.443        2.1 k          12.1 k         -221           
  3.453        2.1 k          12.2 k         -222           
  3.455        2.1 k          12.2 k         -223           
  3.799        2.4 k          12.8 k         -224           
  3.818        2.4 k          12.9 k         -225           
  3.822        2.4 k          12.9 k         -226           
  3.840        2.4 k          12.9 k         -227           
  3.841        2.4 k          12.9 k         -228           
  3.842        2.4 k          12.9 k         -229           
  3.843        2.4 k          12.9 k         -230           
  6.748        4.4 k          17.5 k         -231           
  15.265       10.2 k         31.0 k         -232           
  15.559       10.4 k         31.5 k         -233           
  16.389       10.9 k         33.0 k         -234           
  16.390       10.9 k         33.0 k         -235           
  22.547       15.0 k         42.6 k         -236           
  23.520       15.7 k         44.6 k         -237           
  23.523       15.7 k         44.6 k         -238           
  23.529       15.7 k         44.7 k         -239           
  25.830       17.2 k         48.4 k         -240           
  25.850       17.2 k         48.4 k         -241           
  25.940       17.3 k         48.6 k         -242           
  30.593       20.3 k         55.8 k         -243           
  30.611       20.4 k         55.8 k         -244           
  30.620       20.4 k         55.9 k         -245           
  30.661       20.4 k         55.9 k         -246           
  32.244       21.4 k         58.3 k         -247           
  32.393       21.5 k         58.6 k         -248           
  32.410       21.5 k         58.6 k         -249           
  32.429       21.5 k         58.6 k         -250           
  32.452       21.5 k         58.6 k         -251           
  32.456       21.5 k         58.6 k         -252           
  32.713       21.7 k         59.1 k         -253           
  32.716       21.7 k         59.1 k         -254           
  34.143       22.6 k         61.1 k         -255           
  38.642       25.5 k         67.1 k         -256           
  55.811       36.6 k         90.6 k         -257           
  342.512      219.3 k        495.3 k        -258           
  923.720      586.3 k        1.3 M          -259           
  946.704      600.8 k        1.3 M          -260           
  946.710      600.8 k        1.3 M          -261           
  946.711      600.8 k        1.3 M          -262           
  946.712      600.8 k        1.3 M          -263           
  946.718      600.8 k        1.3 M          -264           
  946.744      600.8 k        1.3 M          -265           
  946.745      600.8 k        1.3 M          -266           
  946.748      600.8 k        1.3 M          -267           
  946.750      600.8 k        1.3 M          -268           
  946.757      600.8 k        1.3 M          -269           
  946.761      600.8 k        1.3 M          -270           
  946.943      601.0 k        1.3 M          -271           
  948.161      601.7 k        1.3 M          -272           
  948.186      601.7 k        1.3 M          -273           
  948.500      601.9 k        1.3 M          -274           
  948.510      602.0 k        1.3 M          -275           
  948.558      602.0 k        1.3 M          -276           
  948.562      602.0 k        1.3 M          -277           
  983.846      624.5 k        1.4 M          -278           
  983.848      624.5 k        1.4 M          -279           
  983.850      624.5 k        1.4 M          -280           
  987.712      626.9 k        1.4 M          -281           
  987.912      627.1 k        1.4 M          -282           
  1012.273     642.6 k        1.4 M          -283           
  1077.094     683.6 k        1.5 M          -284           
  1077.100     683.6 k        1.5 M          -285           
  1845.195     1.2 M          2.6 M          -286           
  1915.079     1.2 M          2.7 M          -287           
  57635.719    36.1 M         81.8 M         -288           
  74074.195    46.4 M         105.1 M        -289           
