printing solutions in: ./dogs-color/insts/cgshop22/visp71536.instance.json.solution.json
printing perfs in: ./dogs-color/insts/cgshop22/visp71536.instance.json.perf.json

CGSHOP Instance: compute neighbors...
computing neighbors (0 / 71536)...
computing neighbors (1000 / 71536)...
computing neighbors (2000 / 71536)...
computing neighbors (3000 / 71536)...
computing neighbors (4000 / 71536)...
computing neighbors (5000 / 71536)...
computing neighbors (6000 / 71536)...
computing neighbors (7000 / 71536)...
computing neighbors (8000 / 71536)...
computing neighbors (9000 / 71536)...
computing neighbors (10000 / 71536)...
computing neighbors (11000 / 71536)...
computing neighbors (12000 / 71536)...
computing neighbors (13000 / 71536)...
computing neighbors (14000 / 71536)...
computing neighbors (15000 / 71536)...
computing neighbors (16000 / 71536)...
computing neighbors (17000 / 71536)...
computing neighbors (18000 / 71536)...
computing neighbors (19000 / 71536)...
computing neighbors (20000 / 71536)...
computing neighbors (21000 / 71536)...
computing neighbors (22000 / 71536)...
computing neighbors (23000 / 71536)...
computing neighbors (24000 / 71536)...
computing neighbors (25000 / 71536)...
computing neighbors (26000 / 71536)...
computing neighbors (27000 / 71536)...
computing neighbors (28000 / 71536)...
computing neighbors (29000 / 71536)...
computing neighbors (30000 / 71536)...
computing neighbors (31000 / 71536)...
computing neighbors (32000 / 71536)...
computing neighbors (33000 / 71536)...
computing neighbors (34000 / 71536)...
computing neighbors (35000 / 71536)...
computing neighbors (36000 / 71536)...
computing neighbors (37000 / 71536)...
computing neighbors (38000 / 71536)...
computing neighbors (39000 / 71536)...
computing neighbors (40000 / 71536)...
computing neighbors (41000 / 71536)...
computing neighbors (42000 / 71536)...
computing neighbors (43000 / 71536)...
computing neighbors (44000 / 71536)...
computing neighbors (45000 / 71536)...
computing neighbors (46000 / 71536)...
computing neighbors (47000 / 71536)...
computing neighbors (48000 / 71536)...
computing neighbors (49000 / 71536)...
computing neighbors (50000 / 71536)...
computing neighbors (51000 / 71536)...
computing neighbors (52000 / 71536)...
computing neighbors (53000 / 71536)...
computing neighbors (54000 / 71536)...
computing neighbors (55000 / 71536)...
computing neighbors (56000 / 71536)...
computing neighbors (57000 / 71536)...
computing neighbors (58000 / 71536)...
computing neighbors (59000 / 71536)...
computing neighbors (60000 / 71536)...
computing neighbors (61000 / 71536)...
computing neighbors (62000 / 71536)...
computing neighbors (63000 / 71536)...
computing neighbors (64000 / 71536)...
computing neighbors (65000 / 71536)...
computing neighbors (66000 / 71536)...
computing neighbors (67000 / 71536)...
computing neighbors (68000 / 71536)...
computing neighbors (69000 / 71536)...
computing neighbors (70000 / 71536)...
computing neighbors (71000 / 71536)...
672        vertices
71536      segments
33170      dominations
=======================
greedy clique: 80
greedy found 80 vertices in 0.086 seconds
 time (s)      nb expanded    nb generated   objective      
------------------------------------------------------------
  0.304                                      -80            
  0.308        3.0            581.0          -81            
  0.310        4.0            1.1 k          -82            
  0.313        6.0            1.7 k          -83            
  0.316        8.0            1.7 k          -84            
  0.317        9.0            1.7 k          -85            
  0.319        10.0           1.7 k          -86            
  0.320        11.0           1.7 k          -87            
  0.321        12.0           2.1 k          -88            
  0.324        14.0           2.2 k          -89            
  0.326        15.0           2.6 k          -90            
  0.329        17.0           2.6 k          -91            
  0.331        18.0           2.6 k          -92            
  0.332        19.0           3.0 k          -93            
  0.335        21.0           3.3 k          -94            
  0.338        23.0           3.6 k          -95            
  0.350        29.0           5.2 k          -96            
  0.354        31.0           5.3 k          -97            
  0.355        32.0           5.6 k          -98            
  0.362        36.0           6.5 k          -99            
  0.374        42.0           7.6 k          -100           
  0.375        43.0           7.9 k          -101           
  0.397        54.0           10.5 k         -102           
  0.446        79.0           16.4 k         -103           
  0.545        129.0          27.1 k         -104           
  0.570        142.0          29.5 k         -105           
  0.571        143.0          29.5 k         -106           
  0.573        144.0          29.7 k         -107           
  0.576        146.0          29.9 k         -108           
  0.587        152.0          30.8 k         -109           
  0.604        161.0          32.3 k         -110           
  0.609        164.0          32.7 k         -111           
  0.634        173.0          34.0 k         -112           
  0.636        174.0          34.2 k         -113           
  0.640        177.0          34.5 k         -114           
  0.666        190.0          36.5 k         -115           
  0.746        231.0          42.5 k         -116           
  0.763        240.0          43.5 k         -117           
  0.854        285.0          48.7 k         -118           
  0.935        326.0          53.5 k         -119           
  0.938        328.0          53.5 k         -120           
  0.939        329.0          53.6 k         -121           
  1.001        361.0          56.7 k         -122           
  1.137        427.0          61.8 k         -123           
  1.188        454.0          63.7 k         -124           
  1.202        461.0          64.1 k         -125           
  1.211        466.0          64.3 k         -126           
  1.348        536.0          68.2 k         -127           
  1.384        554.0          68.8 k         -128           
  1.506        616.0          71.0 k         -129           
  1.593        656.0          72.2 k         -130           
  1.676        698.0          73.5 k         -131           
  1.683        702.0          73.6 k         -132           
  1.972        850.0          75.0 k         -133           
  2.065        892.0          75.4 k         -134           
  2.234        979.0          76.0 k         -135           
  2.342        1.0 k          77.2 k         -136           
  2.425        1.1 k          77.7 k         -137           
  3.275        1.5 k          82.3 k         -138           
  4.222        2.0 k          86.3 k         -139           
  4.400        2.1 k          86.6 k         -140           
  5.283        2.5 k          88.7 k         -141           
  7.376        3.6 k          94.0 k         -142           
  10.027       4.9 k          101.4 k        -143           
  34.350       16.9 k         169.3 k        -144           
  34.558       17.0 k         169.9 k        -145           
  34.683       17.0 k         170.2 k        -146           
  78.822       38.1 k         281.9 k        -147           
  8223.818     3.7 M          20.6 M         -148           
  18414.193    8.3 M          45.7 M         -149           
  18420.086    8.3 M          45.7 M         -150           
  18420.143    8.3 M          45.7 M         -151           
  18420.326    8.3 M          45.7 M         -152           
  18707.328    8.4 M          46.5 M         -153           
  19211.877    8.7 M          47.7 M         -154           
