printing solutions in: ./dogs-color/insts/cgshop22/visp45466.instance.json.solution.json
printing perfs in: ./dogs-color/insts/cgshop22/visp45466.instance.json.perf.json

CGSHOP Instance: compute neighbors...
computing neighbors (0 / 45466)...
computing neighbors (1000 / 45466)...
computing neighbors (2000 / 45466)...
computing neighbors (3000 / 45466)...
computing neighbors (4000 / 45466)...
computing neighbors (5000 / 45466)...
computing neighbors (6000 / 45466)...
computing neighbors (7000 / 45466)...
computing neighbors (8000 / 45466)...
computing neighbors (9000 / 45466)...
computing neighbors (10000 / 45466)...
computing neighbors (11000 / 45466)...
computing neighbors (12000 / 45466)...
computing neighbors (13000 / 45466)...
computing neighbors (14000 / 45466)...
computing neighbors (15000 / 45466)...
computing neighbors (16000 / 45466)...
computing neighbors (17000 / 45466)...
computing neighbors (18000 / 45466)...
computing neighbors (19000 / 45466)...
computing neighbors (20000 / 45466)...
computing neighbors (21000 / 45466)...
computing neighbors (22000 / 45466)...
computing neighbors (23000 / 45466)...
computing neighbors (24000 / 45466)...
computing neighbors (25000 / 45466)...
computing neighbors (26000 / 45466)...
computing neighbors (27000 / 45466)...
computing neighbors (28000 / 45466)...
computing neighbors (29000 / 45466)...
computing neighbors (30000 / 45466)...
computing neighbors (31000 / 45466)...
computing neighbors (32000 / 45466)...
computing neighbors (33000 / 45466)...
computing neighbors (34000 / 45466)...
computing neighbors (35000 / 45466)...
computing neighbors (36000 / 45466)...
computing neighbors (37000 / 45466)...
computing neighbors (38000 / 45466)...
computing neighbors (39000 / 45466)...
computing neighbors (40000 / 45466)...
computing neighbors (41000 / 45466)...
computing neighbors (42000 / 45466)...
computing neighbors (43000 / 45466)...
computing neighbors (44000 / 45466)...
computing neighbors (45000 / 45466)...
1008       vertices
45466      segments
21854      dominations
=======================
greedy clique: 59
greedy found 59 vertices in 0.024 seconds
 time (s)      nb expanded    nb generated   objective      
------------------------------------------------------------
  0.077                                      -59            
  0.080        4.0            612.0          -60            
  0.080        5.0            616.0          -61            
  0.081        6.0            617.0          -62            
  0.081        7.0            869.0          -63            
  0.084        11.0           1.6 k          -64            
  0.089        17.0           2.8 k          -65            
  0.094        24.0           4.2 k          -66            
  0.098        29.0           5.0 k          -67            
  0.100        31.0           5.2 k          -68            
  0.103        35.0           5.6 k          -69            
  0.103        36.0           5.8 k          -70            
  0.106        40.0           6.4 k          -71            
  0.107        42.0           6.6 k          -72            
  0.113        49.0           7.8 k          -73            
  0.114        51.0           7.9 k          -74            
  0.115        53.0           8.1 k          -75            
  0.117        56.0           8.5 k          -76            
  0.119        59.0           8.8 k          -77            
  0.133        76.0           10.9 k         -78            
  0.148        94.0           13.2 k         -79            
  0.152        99.0           13.7 k         -80            
  0.172        124.0          16.2 k         -81            
  0.184        138.0          17.4 k         -82            
  0.194        151.0          18.3 k         -83            
  0.194        152.0          18.4 k         -84            
  0.211        172.0          19.5 k         -85            
  0.259        229.0          22.4 k         -86            
  0.266        237.0          22.6 k         -87            
  0.282        257.0          23.3 k         -88            
  0.360        351.0          24.8 k         -89            
  0.382        377.0          25.0 k         -90            
  0.400        400.0          25.2 k         -91            
  2.240        2.6 k          39.1 k         -92            
  2.477        2.8 k          40.3 k         -93            
  2.500        2.9 k          40.4 k         -94            
  2.596        3.0 k          41.2 k         -95            
  2.617        3.0 k          41.3 k         -96            
  2.666        3.1 k          41.5 k         -97            
  2.676        3.1 k          41.6 k         -98            
  2.687        3.1 k          41.7 k         -99            
  39.488       44.1 k         242.0 k        -100           
  41.053       45.8 k         249.2 k        -101           
  1018.019     1.1 M          5.2 M          -102           
  7456.315     7.6 M          36.7 M         -103           
  60832.277    60.9 M         295.3 M        -104           
