printing solutions in: ./dogs-color/insts/cgshop22/sqrpecn69904.instance.json.solution.json
printing perfs in: ./dogs-color/insts/cgshop22/sqrpecn69904.instance.json.perf.json

CGSHOP Instance: compute neighbors...
computing neighbors (0 / 69904)...
computing neighbors (1000 / 69904)...
computing neighbors (2000 / 69904)...
computing neighbors (3000 / 69904)...
computing neighbors (4000 / 69904)...
computing neighbors (5000 / 69904)...
computing neighbors (6000 / 69904)...
computing neighbors (7000 / 69904)...
computing neighbors (8000 / 69904)...
computing neighbors (9000 / 69904)...
computing neighbors (10000 / 69904)...
computing neighbors (11000 / 69904)...
computing neighbors (12000 / 69904)...
computing neighbors (13000 / 69904)...
computing neighbors (14000 / 69904)...
computing neighbors (15000 / 69904)...
computing neighbors (16000 / 69904)...
computing neighbors (17000 / 69904)...
computing neighbors (18000 / 69904)...
computing neighbors (19000 / 69904)...
computing neighbors (20000 / 69904)...
computing neighbors (21000 / 69904)...
computing neighbors (22000 / 69904)...
computing neighbors (23000 / 69904)...
computing neighbors (24000 / 69904)...
computing neighbors (25000 / 69904)...
computing neighbors (26000 / 69904)...
computing neighbors (27000 / 69904)...
computing neighbors (28000 / 69904)...
computing neighbors (29000 / 69904)...
computing neighbors (30000 / 69904)...
computing neighbors (31000 / 69904)...
computing neighbors (32000 / 69904)...
computing neighbors (33000 / 69904)...
computing neighbors (34000 / 69904)...
computing neighbors (35000 / 69904)...
computing neighbors (36000 / 69904)...
computing neighbors (37000 / 69904)...
computing neighbors (38000 / 69904)...
computing neighbors (39000 / 69904)...
computing neighbors (40000 / 69904)...
computing neighbors (41000 / 69904)...
computing neighbors (42000 / 69904)...
computing neighbors (43000 / 69904)...
computing neighbors (44000 / 69904)...
computing neighbors (45000 / 69904)...
computing neighbors (46000 / 69904)...
computing neighbors (47000 / 69904)...
computing neighbors (48000 / 69904)...
computing neighbors (49000 / 69904)...
computing neighbors (50000 / 69904)...
computing neighbors (51000 / 69904)...
computing neighbors (52000 / 69904)...
computing neighbors (53000 / 69904)...
computing neighbors (54000 / 69904)...
computing neighbors (55000 / 69904)...
computing neighbors (56000 / 69904)...
computing neighbors (57000 / 69904)...
computing neighbors (58000 / 69904)...
computing neighbors (59000 / 69904)...
computing neighbors (60000 / 69904)...
computing neighbors (61000 / 69904)...
computing neighbors (62000 / 69904)...
computing neighbors (63000 / 69904)...
computing neighbors (64000 / 69904)...
computing neighbors (65000 / 69904)...
computing neighbors (66000 / 69904)...
computing neighbors (67000 / 69904)...
computing neighbors (68000 / 69904)...
computing neighbors (69000 / 69904)...
105418     vertices
69904      segments
667        dominations
=======================
greedy clique: 372
greedy found 372 vertices in 0.466 seconds
 time (s)      nb expanded    nb generated   objective      
------------------------------------------------------------
  1.242                                      -372           
  1.249        4.0            515.0          -373           
  1.251        5.0            770.0          -374           
  1.254        7.0            796.0          -375           
  1.256        8.0            806.0          -376           
  1.258        9.0            815.0          -377           
  1.259        10.0           820.0          -378           
  1.261        11.0           824.0          -379           
  1.262        12.0           827.0          -380           
  1.264        13.0           829.0          -381           
  1.265        14.0           830.0          -382           
  1.267        15.0           1.1 k          -383           
  1.271        17.0           1.1 k          -384           
  1.272        18.0           1.1 k          -385           
  1.274        19.0           1.1 k          -386           
  1.275        20.0           1.3 k          -387           
  1.279        22.0           1.5 k          -388           
  1.285        25.0           1.9 k          -389           
  1.289        27.0           1.9 k          -390           
  1.291        28.0           1.9 k          -391           
  1.292        29.0           1.9 k          -392           
  1.294        30.0           1.9 k          -393           
  1.295        31.0           1.9 k          -394           
  1.297        32.0           1.9 k          -395           
  1.298        33.0           2.1 k          -396           
  1.302        35.0           2.3 k          -397           
  1.306        37.0           2.5 k          -398           
  1.310        39.0           2.5 k          -399           
  1.311        40.0           2.5 k          -400           
  1.313        41.0           2.7 k          -401           
  1.319        44.0           2.8 k          -402           
  1.321        45.0           2.8 k          -403           
  1.322        46.0           2.8 k          -404           
  1.324        47.0           3.0 k          -405           
  1.327        49.0           3.0 k          -406           
  1.329        50.0           3.0 k          -407           
  1.331        51.0           3.2 k          -408           
  1.334        53.0           3.2 k          -409           
  1.336        54.0           3.3 k          -410           
  1.340        56.0           3.3 k          -411           
  1.341        57.0           3.3 k          -412           
  1.343        58.0           3.5 k          -413           
  1.347        60.0           3.5 k          -414           
  1.348        61.0           3.5 k          -415           
  1.350        62.0           3.6 k          -416           
  1.354        64.0           3.7 k          -417           
  1.355        65.0           3.7 k          -418           
  1.357        66.0           3.8 k          -419           
  1.361        68.0           3.8 k          -420           
  1.362        69.0           3.8 k          -421           
  1.364        70.0           3.8 k          -422           
  1.365        71.0           3.9 k          -423           
  1.373        75.0           4.3 k          -424           
  1.380        78.0           4.5 k          -425           
  1.381        79.0           4.6 k          -426           
  1.385        81.0           4.6 k          -427           
  1.386        82.0           4.8 k          -428           
  1.392        85.0           4.9 k          -429           
  1.394        86.0           4.9 k          -430           
  1.396        87.0           5.0 k          -431           
  1.402        90.0           5.2 k          -432           
  1.405        92.0           5.2 k          -433           
  1.407        93.0           5.4 k          -434           
  1.411        95.0           5.5 k          -435           
  1.415        97.0           5.5 k          -436           
  1.416        98.0           5.6 k          -437           
  1.427        103.0          5.9 k          -438           
  1.428        104.0          5.9 k          -439           
  1.430        105.0          5.9 k          -440           
  1.431        106.0          5.9 k          -441           
  1.433        107.0          5.9 k          -442           
  1.434        108.0          6.0 k          -443           
  1.438        110.0          6.0 k          -444           
  1.440        111.0          6.0 k          -445           
  1.441        112.0          6.0 k          -446           
  1.443        113.0          6.1 k          -447           
  1.447        115.0          6.2 k          -448           
  1.466        124.0          7.0 k          -449           
  1.484        132.0          7.7 k          -450           
  1.487        134.0          7.8 k          -451           
  1.493        137.0          7.9 k          -452           
  1.495        138.0          8.0 k          -453           
  1.521        147.0          8.8 k          -454           
  1.539        155.0          9.5 k          -455           
  1.556        163.0          10.3 k         -456           
  1.571        170.0          10.8 k         -457           
  1.573        171.0          10.8 k         -458           
  1.574        172.0          10.9 k         -459           
  1.587        178.0          11.4 k         -460           
  1.595        182.0          11.6 k         -461           
  1.597        183.0          11.7 k         -462           
  1.610        189.0          12.2 k         -463           
  1.614        191.0          12.3 k         -464           
  1.622        195.0          12.5 k         -465           
  1.628        198.0          12.6 k         -466           
  1.629        199.0          12.7 k         -467           
  1.638        203.0          13.0 k         -468           
  1.642        205.0          13.1 k         -469           
  1.652        210.0          13.3 k         -470           
  1.654        211.0          13.4 k         -471           
  1.678        222.0          14.2 k         -472           
  1.716        239.0          15.3 k         -473           
  1.758        258.0          16.4 k         -474           
  1.776        266.0          16.8 k         -475           
  1.897        320.0          18.6 k         -476           
  1.940        339.0          19.0 k         -477           
  1.960        348.0          19.1 k         -478           
  2.011        368.0          19.3 k         -479           
  2.013        369.0          19.3 k         -480           
  2.035        379.0          19.4 k         -481           
  2.039        381.0          19.4 k         -482           
  2.045        384.0          19.4 k         -483           
  2.076        398.0          19.5 k         -484           
  2.091        405.0          19.5 k         -485           
  2.093        406.0          19.5 k         -486           
  2.147        430.0          20.1 k         -487           
  2.185        447.0          20.1 k         -488           
  2.229        467.0          20.2 k         -489           
  2.236        470.0          20.4 k         -490           
  2.246        475.0          20.4 k         -491           
  2.248        476.0          20.4 k         -492           
  2.258        481.0          20.4 k         -493           
  2.276        489.0          20.4 k         -494           
  2.278        490.0          20.4 k         -495           
  2.293        497.0          20.6 k         -496           
  2.319        509.0          20.7 k         -497           
  2.405        547.0          20.8 k         -498           
  2.407        548.0          20.8 k         -499           
  2.532        600.0          21.3 k         -500           
  2.732        688.0          22.0 k         -501           
  2.734        689.0          22.0 k         -502           
  2.774        707.0          22.2 k         -503           
  2.883        755.0          22.7 k         -504           
  2.930        773.0          22.7 k         -505           
  3.195        889.0          23.8 k         -506           
  3.259        917.0          24.2 k         -507           
  3.294        933.0          24.4 k         -508           
  3.303        937.0          24.4 k         -509           
  3.304        938.0          24.4 k         -510           
  3.306        939.0          24.4 k         -511           
  3.310        941.0          24.4 k         -512           
  3.316        944.0          24.4 k         -513           
  3.492        1.0 k          25.0 k         -514           
  3.506        1.0 k          25.1 k         -515           
  3.551        1.0 k          25.2 k         -516           
  3.676        1.1 k          25.4 k         -517           
  3.682        1.1 k          25.4 k         -518           
  3.698        1.1 k          25.5 k         -519           
  3.706        1.1 k          25.7 k         -520           
  3.715        1.1 k          25.7 k         -521           
  3.723        1.1 k          25.7 k         -522           
  3.741        1.1 k          25.7 k         -523           
  3.919        1.2 k          26.1 k         -524           
  3.926        1.2 k          26.1 k         -525           
  3.962        1.2 k          26.1 k         -526           
  3.971        1.2 k          26.3 k         -527           
  4.174        1.3 k          27.3 k         -528           
  4.270        1.4 k          27.8 k         -529           
  4.301        1.4 k          28.0 k         -530           
  4.380        1.4 k          28.1 k         -531           
  4.396        1.4 k          28.2 k         -532           
  4.462        1.4 k          28.4 k         -533           
  4.464        1.4 k          28.4 k         -534           
  4.506        1.5 k          28.4 k         -535           
  4.535        1.5 k          28.5 k         -536           
  4.544        1.5 k          28.6 k         -537           
  4.580        1.5 k          28.6 k         -538           
  4.612        1.5 k          28.7 k         -539           
  4.928        1.6 k          29.8 k         -540           
  4.929        1.6 k          29.8 k         -541           
  4.954        1.7 k          29.9 k         -542           
  4.955        1.7 k          29.9 k         -543           
  5.346        1.8 k          30.9 k         -544           
  5.787        2.0 k          32.3 k         -545           
  5.833        2.0 k          32.4 k         -546           
  6.115        2.2 k          33.0 k         -547           
  6.138        2.2 k          33.1 k         -548           
  6.651        2.4 k          34.4 k         -549           
  7.252        2.6 k          35.7 k         -550           
  7.358        2.7 k          35.8 k         -551           
  8.391        3.1 k          37.8 k         -552           
  8.508        3.2 k          38.0 k         -553           
  8.873        3.3 k          38.7 k         -554           
  9.093        3.4 k          39.1 k         -555           
  10.465       4.0 k          41.4 k         -556           
  10.476       4.0 k          41.4 k         -557           
  10.489       4.0 k          41.4 k         -558           
  11.424       4.4 k          42.9 k         -559           
  11.433       4.4 k          42.9 k         -560           
  13.954       5.5 k          47.0 k         -561           
  13.981       5.5 k          47.0 k         -562           
  14.087       5.6 k          47.2 k         -563           
  14.103       5.6 k          47.2 k         -564           
  14.153       5.6 k          47.2 k         -565           
  14.155       5.6 k          47.2 k         -566           
  15.347       6.1 k          48.9 k         -567           
  15.353       6.1 k          48.9 k         -568           
  15.479       6.1 k          49.1 k         -569           
  19.520       7.9 k          55.2 k         -570           
  24.705       10.0 k         62.5 k         -571           
  24.707       10.0 k         62.5 k         -572           
  24.729       10.1 k         62.5 k         -573           
  24.808       10.1 k         62.6 k         -574           
  33.559       13.8 k         75.6 k         -575           
  33.842       13.9 k         76.0 k         -576           
  33.851       13.9 k         76.0 k         -577           
  34.418       14.1 k         76.8 k         -578           
  64.537       26.8 k         121.4 k        -579           
  79.228       33.0 k         142.4 k        -580           
  127.928      53.4 k         211.7 k        -581           
  128.543      53.7 k         212.5 k        -582           
  170.318      71.2 k         273.0 k        -583           
  171.429      71.7 k         274.7 k        -584           
  171.438      71.7 k         274.7 k        -585           
  171.505      71.7 k         274.8 k        -586           
  171.720      71.8 k         275.1 k        -587           
  212.916      89.0 k         331.0 k        -588           
  298.873      124.9 k        450.5 k        -589           
  300.734      125.7 k        453.1 k        -590           
  306.944      128.3 k        461.8 k        -591           
  309.722      129.5 k        465.7 k        -592           
  322.136      134.6 k        483.7 k        -593           
  493.709      206.2 k        724.9 k        -594           
  532.260      222.2 k        780.9 k        -595           
  727.231      303.1 k        1.1 M          -596           
  803.272      335.0 k        1.2 M          -597           
  995.639      415.7 k        1.4 M          -598           
  1424.241     595.5 k        2.0 M          -599           
  2002.894     837.9 k        2.8 M          -600           
  2190.189     916.3 k        3.1 M          -601           
  5076.808     2.1 M          7.1 M          -602           
  5791.876     2.4 M          8.0 M          -603           
