printing solutions in: ./dogs-color/insts/cgshop22/sqrp56833.instance.json.solution.json
printing perfs in: ./dogs-color/insts/cgshop22/sqrp56833.instance.json.perf.json

CGSHOP Instance: compute neighbors...
computing neighbors (0 / 56833)...
computing neighbors (1000 / 56833)...
computing neighbors (2000 / 56833)...
computing neighbors (3000 / 56833)...
computing neighbors (4000 / 56833)...
computing neighbors (5000 / 56833)...
computing neighbors (6000 / 56833)...
computing neighbors (7000 / 56833)...
computing neighbors (8000 / 56833)...
computing neighbors (9000 / 56833)...
computing neighbors (10000 / 56833)...
computing neighbors (11000 / 56833)...
computing neighbors (12000 / 56833)...
computing neighbors (13000 / 56833)...
computing neighbors (14000 / 56833)...
computing neighbors (15000 / 56833)...
computing neighbors (16000 / 56833)...
computing neighbors (17000 / 56833)...
computing neighbors (18000 / 56833)...
computing neighbors (19000 / 56833)...
computing neighbors (20000 / 56833)...
computing neighbors (21000 / 56833)...
computing neighbors (22000 / 56833)...
computing neighbors (23000 / 56833)...
computing neighbors (24000 / 56833)...
computing neighbors (25000 / 56833)...
computing neighbors (26000 / 56833)...
computing neighbors (27000 / 56833)...
computing neighbors (28000 / 56833)...
computing neighbors (29000 / 56833)...
computing neighbors (30000 / 56833)...
computing neighbors (31000 / 56833)...
computing neighbors (32000 / 56833)...
computing neighbors (33000 / 56833)...
computing neighbors (34000 / 56833)...
computing neighbors (35000 / 56833)...
computing neighbors (36000 / 56833)...
computing neighbors (37000 / 56833)...
computing neighbors (38000 / 56833)...
computing neighbors (39000 / 56833)...
computing neighbors (40000 / 56833)...
computing neighbors (41000 / 56833)...
computing neighbors (42000 / 56833)...
computing neighbors (43000 / 56833)...
computing neighbors (44000 / 56833)...
computing neighbors (45000 / 56833)...
computing neighbors (46000 / 56833)...
computing neighbors (47000 / 56833)...
computing neighbors (48000 / 56833)...
computing neighbors (49000 / 56833)...
computing neighbors (50000 / 56833)...
computing neighbors (51000 / 56833)...
computing neighbors (52000 / 56833)...
computing neighbors (53000 / 56833)...
computing neighbors (54000 / 56833)...
computing neighbors (55000 / 56833)...
computing neighbors (56000 / 56833)...
745        vertices
56833      segments
8972       dominations
=======================
greedy clique: 111
greedy found 111 vertices in 0.084 seconds
 time (s)      nb expanded    nb generated   objective      
------------------------------------------------------------
  0.197                                      -111           
  0.201        3.0            485.0          -112           
  0.202        4.0            486.0          -113           
  0.203        5.0            932.0          -114           
  0.205        7.0            1.4 k          -115           
  0.208        9.0            1.4 k          -116           
  0.209        10.0           1.5 k          -117           
  0.210        11.0           1.5 k          -118           
  0.211        12.0           1.5 k          -119           
  0.212        13.0           1.5 k          -120           
  0.213        14.0           1.5 k          -121           
  0.214        15.0           1.5 k          -122           
  0.215        16.0           1.8 k          -123           
  0.218        18.0           1.8 k          -124           
  0.219        19.0           2.2 k          -125           
  0.221        21.0           2.2 k          -126           
  0.222        22.0           2.5 k          -127           
  0.227        25.0           3.2 k          -128           
  0.232        29.0           4.2 k          -129           
  0.236        32.0           4.8 k          -130           
  0.256        45.0           8.5 k          -131           
  0.259        47.0           8.8 k          -132           
  0.262        49.0           9.2 k          -133           
  0.269        54.0           10.1 k         -134           
  0.270        55.0           10.1 k         -135           
  0.271        56.0           10.4 k         -136           
  0.280        62.0           11.6 k         -137           
  0.281        63.0           11.8 k         -138           
  0.288        68.0           13.0 k         -139           
  0.291        70.0           13.2 k         -140           
  0.297        74.0           14.0 k         -141           
  0.304        79.0           15.1 k         -142           
  0.315        86.0           16.6 k         -143           
  0.324        92.0           17.9 k         -144           
  0.328        95.0           18.1 k         -145           
  0.329        96.0           18.4 k         -146           
  0.333        99.0           18.6 k         -147           
  0.334        100.0          18.8 k         -148           
  0.347        108.0          20.4 k         -149           
  0.349        110.0          20.6 k         -150           
  0.352        112.0          20.6 k         -151           
  0.353        113.0          20.8 k         -152           
  0.356        115.0          20.9 k         -153           
  0.357        116.0          21.0 k         -154           
  0.370        125.0          22.4 k         -155           
  0.371        126.0          22.6 k         -156           
  0.374        128.0          22.8 k         -157           
  0.377        130.0          23.0 k         -158           
  0.379        132.0          23.2 k         -159           
  0.396        143.0          24.9 k         -160           
  0.407        150.0          26.0 k         -161           
  0.413        154.0          26.5 k         -162           
  0.422        160.0          27.1 k         -163           
  0.423        161.0          27.3 k         -164           
  0.432        167.0          28.0 k         -165           
  0.444        175.0          29.1 k         -166           
  0.479        197.0          31.9 k         -167           
  0.511        218.0          34.4 k         -168           
  0.575        258.0          38.2 k         -169           
  0.584        264.0          38.6 k         -170           
  0.609        280.0          39.9 k         -171           
  0.618        286.0          40.3 k         -172           
  0.652        307.0          41.9 k         -173           
  0.704        338.0          43.8 k         -174           
  0.710        342.0          44.0 k         -175           
  0.727        353.0          44.5 k         -176           
  0.750        368.0          45.0 k         -177           
  0.788        392.0          45.7 k         -178           
  0.800        400.0          45.9 k         -179           
  0.804        403.0          45.9 k         -180           
  0.850        432.0          46.4 k         -181           
  0.854        435.0          46.4 k         -182           
  0.911        471.0          46.9 k         -183           
  0.946        493.0          47.2 k         -184           
  0.961        503.0          47.3 k         -185           
  1.013        536.0          47.7 k         -186           
  1.015        538.0          47.7 k         -187           
  1.024        544.0          47.7 k         -188           
  1.035        551.0          47.8 k         -189           
  1.053        563.0          47.9 k         -190           
  1.061        568.0          47.9 k         -191           
  1.190        647.0          48.5 k         -192           
  1.241        679.0          48.8 k         -193           
  1.297        715.0          49.3 k         -194           
  1.321        730.0          49.4 k         -195           
  1.331        737.0          49.5 k         -196           
  1.335        740.0          49.5 k         -197           
  1.376        766.0          49.7 k         -198           
  1.731        986.0          51.9 k         -199           
  1.745        995.0          51.9 k         -200           
  1.777        1.0 k          52.0 k         -201           
  1.951        1.1 k          53.0 k         -202           
  2.158        1.3 k          53.8 k         -203           
  2.254        1.3 k          54.4 k         -204           
  2.258        1.3 k          54.4 k         -205           
  2.471        1.4 k          55.3 k         -206           
  2.580        1.5 k          55.8 k         -207           
  3.753        2.2 k          61.2 k         -208           
  5.584        3.4 k          68.0 k         -209           
  5.603        3.4 k          68.1 k         -210           
  5.626        3.4 k          68.1 k         -211           
  5.961        3.6 k          69.5 k         -212           
  6.178        3.7 k          70.4 k         -213           
  6.400        3.9 k          71.2 k         -214           
  6.430        3.9 k          71.3 k         -215           
  8.299        5.0 k          77.7 k         -216           
  11.157       6.7 k          88.1 k         -217           
  11.160       6.7 k          88.1 k         -218           
  11.162       6.7 k          88.1 k         -219           
  12.047       7.3 k          91.1 k         -220           
  12.063       7.3 k          91.1 k         -221           
  12.069       7.3 k          91.2 k         -222           
  12.137       7.3 k          91.5 k         -223           
  12.168       7.4 k          91.6 k         -224           
  12.174       7.4 k          91.6 k         -225           
  12.266       7.4 k          91.9 k         -226           
  14.303       8.6 k          98.8 k         -227           
  31.471       18.9 k         154.3 k        -228           
  32.836       19.7 k         158.1 k        -229           
  32.896       19.7 k         158.2 k        -230           
  40.762       24.4 k         183.7 k        -231           
  40.799       24.4 k         183.7 k        -232           
  50.896       30.3 k         217.5 k        -233           
  67.710       40.1 k         270.4 k        -234           
  111.837      65.6 k         403.0 k        -235           
  138.320      80.7 k         485.1 k        -236           
  138.322      80.7 k         485.1 k        -237           
  138.943      81.1 k         486.8 k        -238           
  2146.508     1.2 M          6.4 M          -239           
  4098.363     2.3 M          11.9 M         -240           
  4098.425     2.3 M          11.9 M         -241           
  101513.688   53.3 M         279.7 M        -242           
