printing solutions in: ./dogs-color/insts/cgshop22/visp31334.instance.json.solution.json
printing perfs in: ./dogs-color/insts/cgshop22/visp31334.instance.json.perf.json

CGSHOP Instance: compute neighbors...
computing neighbors (0 / 31334)...
computing neighbors (1000 / 31334)...
computing neighbors (2000 / 31334)...
computing neighbors (3000 / 31334)...
computing neighbors (4000 / 31334)...
computing neighbors (5000 / 31334)...
computing neighbors (6000 / 31334)...
computing neighbors (7000 / 31334)...
computing neighbors (8000 / 31334)...
computing neighbors (9000 / 31334)...
computing neighbors (10000 / 31334)...
computing neighbors (11000 / 31334)...
computing neighbors (12000 / 31334)...
computing neighbors (13000 / 31334)...
computing neighbors (14000 / 31334)...
computing neighbors (15000 / 31334)...
computing neighbors (16000 / 31334)...
computing neighbors (17000 / 31334)...
computing neighbors (18000 / 31334)...
computing neighbors (19000 / 31334)...
computing neighbors (20000 / 31334)...
computing neighbors (21000 / 31334)...
computing neighbors (22000 / 31334)...
computing neighbors (23000 / 31334)...
computing neighbors (24000 / 31334)...
computing neighbors (25000 / 31334)...
computing neighbors (26000 / 31334)...
computing neighbors (27000 / 31334)...
computing neighbors (28000 / 31334)...
computing neighbors (29000 / 31334)...
computing neighbors (30000 / 31334)...
computing neighbors (31000 / 31334)...
805        vertices
31334      segments
14835      dominations
=======================
greedy clique: 38
greedy found 38 vertices in 0.010 seconds
 time (s)      nb expanded    nb generated   objective      
------------------------------------------------------------
  0.030                                      -38            
  0.032        3.0            236.0          -39            
  0.032        4.0            432.0          -40            
  0.033        6.0            625.0          -41            
  0.034        9.0            817.0          -42            
  0.035        10.0           987.0          -43            
  0.036        13.0           1.3 k          -44            
  0.037        16.0           1.7 k          -45            
  0.039        21.0           2.2 k          -46            
  0.040        22.0           2.4 k          -47            
  0.041        24.0           2.4 k          -48            
  0.041        25.0           2.5 k          -49            
  0.042        27.0           2.5 k          -50            
  0.042        28.0           2.6 k          -51            
  0.044        33.0           3.0 k          -52            
  0.052        48.0           4.2 k          -53            
  0.052        49.0           4.3 k          -54            
  0.055        55.0           4.7 k          -55            
  0.059        63.0           5.2 k          -56            
  0.062        69.0           5.6 k          -57            
  0.067        80.0           6.1 k          -58            
  0.071        89.0           6.6 k          -59            
  0.075        97.0           7.0 k          -60            
  0.078        102.0          7.1 k          -61            
  0.078        103.0          7.2 k          -62            
  0.080        106.0          7.2 k          -63            
  0.087        121.0          7.7 k          -64            
  0.089        125.0          7.8 k          -65            
  0.095        137.0          8.2 k          -66            
  0.107        162.0          8.6 k          -67            
  0.127        200.0          9.0 k          -68            
  5.824        10.6 k         60.5 k         -69            
  5.825        10.6 k         60.5 k         -70            
  5.826        10.6 k         60.5 k         -71            
  18.300       32.6 k         169.3 k        -72            
  18.319       32.6 k         169.4 k        -73            
  6130.061     10.3 M         49.8 M         -74            
  15673.908    26.4 M         126.9 M        -75            
