printing solutions in: ./dogs-color/insts/cgshop22/reecn31126.instance.json.solution.json
printing perfs in: ./dogs-color/insts/cgshop22/reecn31126.instance.json.perf.json

CGSHOP Instance: compute neighbors...
computing neighbors (0 / 31126)...
computing neighbors (1000 / 31126)...
computing neighbors (2000 / 31126)...
computing neighbors (3000 / 31126)...
computing neighbors (4000 / 31126)...
computing neighbors (5000 / 31126)...
computing neighbors (6000 / 31126)...
computing neighbors (7000 / 31126)...
computing neighbors (8000 / 31126)...
computing neighbors (9000 / 31126)...
computing neighbors (10000 / 31126)...
computing neighbors (11000 / 31126)...
computing neighbors (12000 / 31126)...
computing neighbors (13000 / 31126)...
computing neighbors (14000 / 31126)...
computing neighbors (15000 / 31126)...
computing neighbors (16000 / 31126)...
computing neighbors (17000 / 31126)...
computing neighbors (18000 / 31126)...
computing neighbors (19000 / 31126)...
computing neighbors (20000 / 31126)...
computing neighbors (21000 / 31126)...
computing neighbors (22000 / 31126)...
computing neighbors (23000 / 31126)...
computing neighbors (24000 / 31126)...
computing neighbors (25000 / 31126)...
computing neighbors (26000 / 31126)...
computing neighbors (27000 / 31126)...
computing neighbors (28000 / 31126)...
computing neighbors (29000 / 31126)...
computing neighbors (30000 / 31126)...
computing neighbors (31000 / 31126)...
43576      vertices
31126      segments
290        dominations
=======================
CGSHOP Instance: compute neighbors...
computing neighbors (0 / 31126)...
computing neighbors (1000 / 31126)...
computing neighbors (2000 / 31126)...
computing neighbors (3000 / 31126)...
computing neighbors (4000 / 31126)...
computing neighbors (5000 / 31126)...
computing neighbors (6000 / 31126)...
computing neighbors (7000 / 31126)...
computing neighbors (8000 / 31126)...
computing neighbors (9000 / 31126)...
computing neighbors (10000 / 31126)...
computing neighbors (11000 / 31126)...
computing neighbors (12000 / 31126)...
computing neighbors (13000 / 31126)...
computing neighbors (14000 / 31126)...
computing neighbors (15000 / 31126)...
computing neighbors (16000 / 31126)...
computing neighbors (17000 / 31126)...
computing neighbors (18000 / 31126)...
computing neighbors (19000 / 31126)...
computing neighbors (20000 / 31126)...
computing neighbors (21000 / 31126)...
computing neighbors (22000 / 31126)...
computing neighbors (23000 / 31126)...
computing neighbors (24000 / 31126)...
computing neighbors (25000 / 31126)...
computing neighbors (26000 / 31126)...
computing neighbors (27000 / 31126)...
computing neighbors (28000 / 31126)...
computing neighbors (29000 / 31126)...
computing neighbors (30000 / 31126)...
computing neighbors (31000 / 31126)...
colored 1000 / 31126...
colored 2000 / 31126...
colored 3000 / 31126...
colored 4000 / 31126...
colored 5000 / 31126...
colored 6000 / 31126...
colored 7000 / 31126...
colored 8000 / 31126...
colored 9000 / 31126...
colored 10000 / 31126...
colored 11000 / 31126...
colored 12000 / 31126...
colored 13000 / 31126...
colored 14000 / 31126...
colored 15000 / 31126...
colored 16000 / 31126...
colored 17000 / 31126...
colored 18000 / 31126...
colored 19000 / 31126...
colored 20000 / 31126...
colored 21000 / 31126...
colored 22000 / 31126...
colored 23000 / 31126...
colored 24000 / 31126...
colored 25000 / 31126...
colored 26000 / 31126...
colored 27000 / 31126...
colored 28000 / 31126...
colored 29000 / 31126...
colored 30000 / 31126...
colored 31000 / 31126...
greedy found 281 colors in 26.840 seconds
 time (s)      nb nodes       objective      
---------------------------------------------
  7.132                       281            
  7.219        394.0          280            
  7.288        930.0          279            
  7.512        2.7 k          278            
  7.943        6.7 k          277            
  8.510        11.3 k         276            
  11.021       28.0 k         275            
  12.052       42.8 k         274            
  13.476       78.2 k         273            
  15.153       105.1 k        272            
  15.742       117.9 k        271            
  17.031       132.9 k        270            
  18.523       155.1 k        269            
  19.589       175.2 k        268            
  21.315       192.3 k        267            
  22.817       209.8 k        266            
  25.438       234.3 k        265            
  28.488       256.4 k        264            
  30.147       285.5 k        263            
  34.697       323.4 k        262            
  38.344       357.2 k        261            
  40.922       386.2 k        260            
  44.701       428.6 k        259            
  52.945       493.5 k        258            
  65.245       546.2 k        257            
  82.416       610.6 k        256            
  86.036       643.3 k        255            
  91.027       680.1 k        254            
  101.418      746.8 k        253            
  116.973      827.3 k        252            
  138.516      930.6 k        251            
  158.719      1.0 M          250            
  204.268      1.2 M          249            
  232.125      1.3 M          248            
  272.671      1.4 M          247            
  297.407      1.5 M          246            
  787.766      2.7 M          245            
  885.219      2.9 M          244            
  1105.759     3.4 M          243            
  2736.807     6.7 M          242            
  8639.523     16.1 M         241            
  17261.391    28.1 M         240            

             nb generated         94.6 M
              nb expanded         61.4 M
               nb trashed           0.0 
     avg branching factor           1.5 
                  nb eval          84.0 
                 nb guide         94.6 M
        time searched (s)      71992.867
      generated nodes / s          1.3 k
        solutions created           0.0 
