printing solutions in: ./dogs-color/insts/cgshop22/reecn3382.instance.json.solution.json
printing perfs in: ./dogs-color/insts/cgshop22/reecn3382.instance.json.perf.json

CGSHOP Instance: compute neighbors...
computing neighbors (0 / 3382)...
computing neighbors (1000 / 3382)...
computing neighbors (2000 / 3382)...
computing neighbors (3000 / 3382)...
4752       vertices
3382       segments
84         dominations
=======================
CGSHOP Instance: compute neighbors...
computing neighbors (0 / 3382)...
computing neighbors (1000 / 3382)...
computing neighbors (2000 / 3382)...
computing neighbors (3000 / 3382)...
colored 1000 / 3382...
colored 2000 / 3382...
colored 3000 / 3382...
greedy found 94 colors in 0.238 seconds
 time (s)      nb nodes       objective      
---------------------------------------------
  0.087                       94             
  0.091        36.0           93             
  0.092        277.0          92             
  0.095        626.0          91             
  0.102        1.4 k          90             
  0.130        4.4 k          89             
  0.145        6.1 k          88             
  0.190        10.9 k         87             
  0.261        18.2 k         86             
  0.509        37.9 k         85             
  0.661        51.4 k         84             
  1.013        78.1 k         83             
  1.771        132.9 k        82             
  2.583        187.9 k        81             
  3.025        217.8 k        80             
  11.878       685.5 k        79             
  20.997       1.1 M          78             
  605.147      14.7 M         77             

             nb generated        715.7 M
              nb expanded        659.7 M
               nb trashed           0.0 
     avg branching factor           1.1 
                  nb eval          36.0 
                 nb guide        715.7 M
        time searched (s)      71999.906
      generated nodes / s          9.9 k
        solutions created           0.0 
invalid solution (reason: ConflictingEdge(699, 2277))
