printing solutions in: ./dogs-color/insts/cgshop22/reecn50133.instance.json.solution.json
printing perfs in: ./dogs-color/insts/cgshop22/reecn50133.instance.json.perf.json

CGSHOP Instance: compute neighbors...
computing neighbors (0 / 50133)...
computing neighbors (1000 / 50133)...
computing neighbors (2000 / 50133)...
computing neighbors (3000 / 50133)...
computing neighbors (4000 / 50133)...
computing neighbors (5000 / 50133)...
computing neighbors (6000 / 50133)...
computing neighbors (7000 / 50133)...
computing neighbors (8000 / 50133)...
computing neighbors (9000 / 50133)...
computing neighbors (10000 / 50133)...
computing neighbors (11000 / 50133)...
computing neighbors (12000 / 50133)...
computing neighbors (13000 / 50133)...
computing neighbors (14000 / 50133)...
computing neighbors (15000 / 50133)...
computing neighbors (16000 / 50133)...
computing neighbors (17000 / 50133)...
computing neighbors (18000 / 50133)...
computing neighbors (19000 / 50133)...
computing neighbors (20000 / 50133)...
computing neighbors (21000 / 50133)...
computing neighbors (22000 / 50133)...
computing neighbors (23000 / 50133)...
computing neighbors (24000 / 50133)...
computing neighbors (25000 / 50133)...
computing neighbors (26000 / 50133)...
computing neighbors (27000 / 50133)...
computing neighbors (28000 / 50133)...
computing neighbors (29000 / 50133)...
computing neighbors (30000 / 50133)...
computing neighbors (31000 / 50133)...
computing neighbors (32000 / 50133)...
computing neighbors (33000 / 50133)...
computing neighbors (34000 / 50133)...
computing neighbors (35000 / 50133)...
computing neighbors (36000 / 50133)...
computing neighbors (37000 / 50133)...
computing neighbors (38000 / 50133)...
computing neighbors (39000 / 50133)...
computing neighbors (40000 / 50133)...
computing neighbors (41000 / 50133)...
computing neighbors (42000 / 50133)...
computing neighbors (43000 / 50133)...
computing neighbors (44000 / 50133)...
computing neighbors (45000 / 50133)...
computing neighbors (46000 / 50133)...
computing neighbors (47000 / 50133)...
computing neighbors (48000 / 50133)...
computing neighbors (49000 / 50133)...
computing neighbors (50000 / 50133)...
70096      vertices
50133      segments
335        dominations
=======================
CGSHOP Instance: compute neighbors...
computing neighbors (0 / 50133)...
computing neighbors (1000 / 50133)...
computing neighbors (2000 / 50133)...
computing neighbors (3000 / 50133)...
computing neighbors (4000 / 50133)...
computing neighbors (5000 / 50133)...
computing neighbors (6000 / 50133)...
computing neighbors (7000 / 50133)...
computing neighbors (8000 / 50133)...
computing neighbors (9000 / 50133)...
computing neighbors (10000 / 50133)...
computing neighbors (11000 / 50133)...
computing neighbors (12000 / 50133)...
computing neighbors (13000 / 50133)...
computing neighbors (14000 / 50133)...
computing neighbors (15000 / 50133)...
computing neighbors (16000 / 50133)...
computing neighbors (17000 / 50133)...
computing neighbors (18000 / 50133)...
computing neighbors (19000 / 50133)...
computing neighbors (20000 / 50133)...
computing neighbors (21000 / 50133)...
computing neighbors (22000 / 50133)...
computing neighbors (23000 / 50133)...
computing neighbors (24000 / 50133)...
computing neighbors (25000 / 50133)...
computing neighbors (26000 / 50133)...
computing neighbors (27000 / 50133)...
computing neighbors (28000 / 50133)...
computing neighbors (29000 / 50133)...
computing neighbors (30000 / 50133)...
computing neighbors (31000 / 50133)...
computing neighbors (32000 / 50133)...
computing neighbors (33000 / 50133)...
computing neighbors (34000 / 50133)...
computing neighbors (35000 / 50133)...
computing neighbors (36000 / 50133)...
computing neighbors (37000 / 50133)...
computing neighbors (38000 / 50133)...
computing neighbors (39000 / 50133)...
computing neighbors (40000 / 50133)...
computing neighbors (41000 / 50133)...
computing neighbors (42000 / 50133)...
computing neighbors (43000 / 50133)...
computing neighbors (44000 / 50133)...
computing neighbors (45000 / 50133)...
computing neighbors (46000 / 50133)...
computing neighbors (47000 / 50133)...
computing neighbors (48000 / 50133)...
computing neighbors (49000 / 50133)...
computing neighbors (50000 / 50133)...
colored 1000 / 50133...
colored 2000 / 50133...
colored 3000 / 50133...
colored 4000 / 50133...
colored 5000 / 50133...
colored 6000 / 50133...
colored 7000 / 50133...
colored 8000 / 50133...
colored 9000 / 50133...
colored 10000 / 50133...
colored 11000 / 50133...
colored 12000 / 50133...
colored 13000 / 50133...
colored 14000 / 50133...
colored 15000 / 50133...
colored 16000 / 50133...
colored 17000 / 50133...
colored 18000 / 50133...
colored 19000 / 50133...
colored 20000 / 50133...
colored 21000 / 50133...
colored 22000 / 50133...
colored 23000 / 50133...
colored 24000 / 50133...
colored 25000 / 50133...
colored 26000 / 50133...
colored 27000 / 50133...
colored 28000 / 50133...
colored 29000 / 50133...
colored 30000 / 50133...
colored 31000 / 50133...
colored 32000 / 50133...
colored 33000 / 50133...
colored 34000 / 50133...
colored 35000 / 50133...
colored 36000 / 50133...
colored 37000 / 50133...
colored 38000 / 50133...
colored 39000 / 50133...
colored 40000 / 50133...
colored 41000 / 50133...
colored 42000 / 50133...
colored 43000 / 50133...
colored 44000 / 50133...
colored 45000 / 50133...
colored 46000 / 50133...
colored 47000 / 50133...
colored 48000 / 50133...
colored 49000 / 50133...
colored 50000 / 50133...
greedy found 334 colors in 77.010 seconds
 time (s)      nb nodes       objective      
---------------------------------------------
  15.612                      334            
  15.655       3.0            333            
  15.974       32.0           332            
  16.211       306.0          331            
  16.327       830.0          330            
  16.913       2.5 k          329            
  18.190       5.4 k          328            
  19.846       11.0 k         327            
  21.990       16.8 k         326            
  28.531       36.0 k         325            
  31.748       59.8 k         324            
  40.602       89.9 k         323            
  44.989       129.9 k        322            
  49.230       166.6 k        321            
  52.454       196.9 k        320            
  58.360       229.4 k        319            
  64.357       270.5 k        318            
  70.056       321.7 k        317            
  78.480       381.0 k        316            
  85.361       434.3 k        315            
  95.708       480.9 k        314            
  102.118      530.8 k        313            
  113.532      583.4 k        312            
  120.783      620.7 k        311            
  142.389      678.0 k        310            
  152.833      727.0 k        309            
  168.047      797.6 k        308            
  181.805      858.8 k        307            
  192.020      911.6 k        306            
  219.651      988.9 k        305            
  247.469      1.1 M          304            
  291.950      1.2 M          303            
  364.161      1.3 M          302            
  393.044      1.4 M          301            
  414.980      1.5 M          300            
  474.515      1.6 M          299            
  689.846      2.0 M          298            
  837.662      2.3 M          297            
  1091.927     2.7 M          296            
  2070.947     4.0 M          295            
  4256.437     6.5 M          294            
  5594.031     7.9 M          293            

             nb generated         60.8 M
              nb expanded         35.9 M
               nb trashed           0.0 
     avg branching factor           1.7 
                  nb eval          84.0 
                 nb guide         60.8 M
        time searched (s)      71984.383
      generated nodes / s         844.0 
        solutions created           0.0 
