printing solutions in: ./dogs-color/insts/cgshop22/reecn17244.instance.json.solution.json
printing perfs in: ./dogs-color/insts/cgshop22/reecn17244.instance.json.perf.json

CGSHOP Instance: compute neighbors...
computing neighbors (0 / 17244)...
computing neighbors (1000 / 17244)...
computing neighbors (2000 / 17244)...
computing neighbors (3000 / 17244)...
computing neighbors (4000 / 17244)...
computing neighbors (5000 / 17244)...
computing neighbors (6000 / 17244)...
computing neighbors (7000 / 17244)...
computing neighbors (8000 / 17244)...
computing neighbors (9000 / 17244)...
computing neighbors (10000 / 17244)...
computing neighbors (11000 / 17244)...
computing neighbors (12000 / 17244)...
computing neighbors (13000 / 17244)...
computing neighbors (14000 / 17244)...
computing neighbors (15000 / 17244)...
computing neighbors (16000 / 17244)...
computing neighbors (17000 / 17244)...
23826      vertices
17244      segments
194        dominations
=======================
CGSHOP Instance: compute neighbors...
computing neighbors (0 / 17244)...
computing neighbors (1000 / 17244)...
computing neighbors (2000 / 17244)...
computing neighbors (3000 / 17244)...
computing neighbors (4000 / 17244)...
computing neighbors (5000 / 17244)...
computing neighbors (6000 / 17244)...
computing neighbors (7000 / 17244)...
computing neighbors (8000 / 17244)...
computing neighbors (9000 / 17244)...
computing neighbors (10000 / 17244)...
computing neighbors (11000 / 17244)...
computing neighbors (12000 / 17244)...
computing neighbors (13000 / 17244)...
computing neighbors (14000 / 17244)...
computing neighbors (15000 / 17244)...
computing neighbors (16000 / 17244)...
computing neighbors (17000 / 17244)...
colored 1000 / 17244...
colored 2000 / 17244...
colored 3000 / 17244...
colored 4000 / 17244...
colored 5000 / 17244...
colored 6000 / 17244...
colored 7000 / 17244...
colored 8000 / 17244...
colored 9000 / 17244...
colored 10000 / 17244...
colored 11000 / 17244...
colored 12000 / 17244...
colored 13000 / 17244...
colored 14000 / 17244...
colored 15000 / 17244...
colored 16000 / 17244...
colored 17000 / 17244...
greedy found 183 colors in 5.577 seconds
 time (s)      nb nodes       objective      
---------------------------------------------
  1.870                       183            
  1.897        365.0          182            
  1.921        522.0          181            
  2.001        1.7 k          180            
  2.576        10.3 k         179            
  3.371        22.5 k         178            
  3.758        33.9 k         177            
  4.141        48.8 k         176            
  5.297        71.9 k         175            
  5.703        85.2 k         174            
  6.634        109.5 k        173            
  7.672        129.5 k        172            
  8.922        161.6 k        171            
  9.951        180.4 k        170            
  11.869       211.5 k        169            
  14.154       241.1 k        168            
  15.425       264.4 k        167            
  20.355       340.2 k        166            
  31.005       456.1 k        165            
  60.157       727.8 k        164            
  143.774      1.4 M          163            
  1740.011     8.9 M          162            
  63954.285    208.8 M        161            

             nb generated        234.0 M
              nb expanded        183.5 M
               nb trashed           0.0 
     avg branching factor           1.3 
                  nb eval          46.0 
                 nb guide        234.0 M
        time searched (s)      71998.125
      generated nodes / s          3.3 k
        solutions created           0.0 
