printing solutions in: ./dogs-color/insts/cgshop22/reecn21194.instance.json.solution.json
printing perfs in: ./dogs-color/insts/cgshop22/reecn21194.instance.json.perf.json

CGSHOP Instance: compute neighbors...
computing neighbors (0 / 21194)...
computing neighbors (1000 / 21194)...
computing neighbors (2000 / 21194)...
computing neighbors (3000 / 21194)...
computing neighbors (4000 / 21194)...
computing neighbors (5000 / 21194)...
computing neighbors (6000 / 21194)...
computing neighbors (7000 / 21194)...
computing neighbors (8000 / 21194)...
computing neighbors (9000 / 21194)...
computing neighbors (10000 / 21194)...
computing neighbors (11000 / 21194)...
computing neighbors (12000 / 21194)...
computing neighbors (13000 / 21194)...
computing neighbors (14000 / 21194)...
computing neighbors (15000 / 21194)...
computing neighbors (16000 / 21194)...
computing neighbors (17000 / 21194)...
computing neighbors (18000 / 21194)...
computing neighbors (19000 / 21194)...
computing neighbors (20000 / 21194)...
computing neighbors (21000 / 21194)...
29930      vertices
21194      segments
194        dominations
=======================
CGSHOP Instance: compute neighbors...
computing neighbors (0 / 21194)...
computing neighbors (1000 / 21194)...
computing neighbors (2000 / 21194)...
computing neighbors (3000 / 21194)...
computing neighbors (4000 / 21194)...
computing neighbors (5000 / 21194)...
computing neighbors (6000 / 21194)...
computing neighbors (7000 / 21194)...
computing neighbors (8000 / 21194)...
computing neighbors (9000 / 21194)...
computing neighbors (10000 / 21194)...
computing neighbors (11000 / 21194)...
computing neighbors (12000 / 21194)...
computing neighbors (13000 / 21194)...
computing neighbors (14000 / 21194)...
computing neighbors (15000 / 21194)...
computing neighbors (16000 / 21194)...
computing neighbors (17000 / 21194)...
computing neighbors (18000 / 21194)...
computing neighbors (19000 / 21194)...
computing neighbors (20000 / 21194)...
computing neighbors (21000 / 21194)...
colored 1000 / 21194...
colored 2000 / 21194...
colored 3000 / 21194...
colored 4000 / 21194...
colored 5000 / 21194...
colored 6000 / 21194...
colored 7000 / 21194...
colored 8000 / 21194...
colored 9000 / 21194...
colored 10000 / 21194...
colored 11000 / 21194...
colored 12000 / 21194...
colored 13000 / 21194...
colored 14000 / 21194...
colored 15000 / 21194...
colored 16000 / 21194...
colored 17000 / 21194...
colored 18000 / 21194...
colored 19000 / 21194...
colored 20000 / 21194...
colored 21000 / 21194...
greedy found 215 colors in 8.739 seconds
 time (s)      nb nodes       objective      
---------------------------------------------
  2.822                       215            
  2.890        74.0           214            
  2.932        440.0          213            
  3.114        3.3 k          212            
  3.349        7.7 k          211            
  3.707        14.1 k         210            
  4.292        24.8 k         209            
  4.761        40.1 k         208            
  4.966        48.3 k         207            
  5.532        61.3 k         206            
  6.054        78.4 k         205            
  6.520        93.4 k         204            
  7.007        109.0 k        203            
  7.747        123.1 k        202            
  8.468        146.9 k        201            
  9.471        177.1 k        200            
  11.740       211.9 k        199            
  12.703       232.1 k        198            
  13.836       257.9 k        197            
  15.439       282.1 k        196            
  21.816       350.3 k        195            
  31.033       437.9 k        194            
  39.018       517.5 k        193            
  59.562       691.7 k        192            
  116.791      1.1 M          191            
  131.350      1.2 M          190            
  201.055      1.7 M          189            
  4424.540     17.0 M         188            
  11975.572    38.9 M         187            

             nb generated        195.3 M
              nb expanded        148.7 M
               nb trashed           0.0 
     avg branching factor           1.3 
                  nb eval          58.0 
                 nb guide        195.3 M
        time searched (s)      71997.172
      generated nodes / s          2.7 k
        solutions created           0.0 
