printing solutions in: ./dogs-color/insts/cgshop22/reecn25913.instance.json.solution.json
printing perfs in: ./dogs-color/insts/cgshop22/reecn25913.instance.json.perf.json

CGSHOP Instance: compute neighbors...
computing neighbors (0 / 25913)...
computing neighbors (1000 / 25913)...
computing neighbors (2000 / 25913)...
computing neighbors (3000 / 25913)...
computing neighbors (4000 / 25913)...
computing neighbors (5000 / 25913)...
computing neighbors (6000 / 25913)...
computing neighbors (7000 / 25913)...
computing neighbors (8000 / 25913)...
computing neighbors (9000 / 25913)...
computing neighbors (10000 / 25913)...
computing neighbors (11000 / 25913)...
computing neighbors (12000 / 25913)...
computing neighbors (13000 / 25913)...
computing neighbors (14000 / 25913)...
computing neighbors (15000 / 25913)...
computing neighbors (16000 / 25913)...
computing neighbors (17000 / 25913)...
computing neighbors (18000 / 25913)...
computing neighbors (19000 / 25913)...
computing neighbors (20000 / 25913)...
computing neighbors (21000 / 25913)...
computing neighbors (22000 / 25913)...
computing neighbors (23000 / 25913)...
computing neighbors (24000 / 25913)...
computing neighbors (25000 / 25913)...
36450      vertices
25913      segments
284        dominations
=======================
CGSHOP Instance: compute neighbors...
computing neighbors (0 / 25913)...
computing neighbors (1000 / 25913)...
computing neighbors (2000 / 25913)...
computing neighbors (3000 / 25913)...
computing neighbors (4000 / 25913)...
computing neighbors (5000 / 25913)...
computing neighbors (6000 / 25913)...
computing neighbors (7000 / 25913)...
computing neighbors (8000 / 25913)...
computing neighbors (9000 / 25913)...
computing neighbors (10000 / 25913)...
computing neighbors (11000 / 25913)...
computing neighbors (12000 / 25913)...
computing neighbors (13000 / 25913)...
computing neighbors (14000 / 25913)...
computing neighbors (15000 / 25913)...
computing neighbors (16000 / 25913)...
computing neighbors (17000 / 25913)...
computing neighbors (18000 / 25913)...
computing neighbors (19000 / 25913)...
computing neighbors (20000 / 25913)...
computing neighbors (21000 / 25913)...
computing neighbors (22000 / 25913)...
computing neighbors (23000 / 25913)...
computing neighbors (24000 / 25913)...
computing neighbors (25000 / 25913)...
colored 1000 / 25913...
colored 2000 / 25913...
colored 3000 / 25913...
colored 4000 / 25913...
colored 5000 / 25913...
colored 6000 / 25913...
colored 7000 / 25913...
colored 8000 / 25913...
colored 9000 / 25913...
colored 10000 / 25913...
colored 11000 / 25913...
colored 12000 / 25913...
colored 13000 / 25913...
colored 14000 / 25913...
colored 15000 / 25913...
colored 16000 / 25913...
colored 17000 / 25913...
colored 18000 / 25913...
colored 19000 / 25913...
colored 20000 / 25913...
colored 21000 / 25913...
colored 22000 / 25913...
colored 23000 / 25913...
colored 24000 / 25913...
colored 25000 / 25913...
greedy found 294 colors in 16.614 seconds
 time (s)      nb nodes       objective      
---------------------------------------------
  4.571                       294            
  4.718        37.0           293            
  4.744        114.0          292            
  4.826        861.0          291            
  4.915        2.0 k          290            
  5.111        4.6 k          289            
  5.823        12.1 k         288            
  6.229        22.4 k         287            
  7.793        39.4 k         286            
  8.197        48.9 k         285            
  8.886        69.8 k         284            
  9.262        78.4 k         283            
  9.773        94.2 k         282            
  10.497       110.4 k        281            
  11.402       134.6 k        280            
  12.335       152.3 k        279            
  12.894       168.8 k        278            
  13.725       186.8 k        277            
  14.682       211.1 k        276            
  16.029       229.6 k        275            
  16.814       250.1 k        274            
  18.471       280.6 k        273            
  19.587       306.8 k        272            
  20.346       324.6 k        271            
  21.656       346.7 k        270            
  23.387       378.9 k        269            
  24.613       406.9 k        268            
  27.208       439.6 k        267            
  30.106       487.9 k        266            
  32.609       524.7 k        265            
  36.833       572.9 k        264            
  39.797       611.5 k        263            
  43.077       650.3 k        262            
  51.599       719.0 k        261            
  54.930       767.6 k        260            
  60.717       825.4 k        259            
  67.271       881.7 k        258            
  78.936       973.9 k        257            
  92.985       1.1 M          256            
  105.643      1.2 M          255            
  117.558      1.3 M          254            
  136.493      1.4 M          253            
  155.728      1.5 M          252            
  202.616      1.8 M          251            
  265.739      2.2 M          250            
  338.372      2.6 M          249            
  424.430      3.0 M          248            
  529.456      3.4 M          247            
  5464.402     14.6 M         246            
  5602.517     15.0 M         245            
  6008.564     15.9 M         244            
  34061.676    64.2 M         243            
  35107.730    65.9 M         242            

             nb generated        123.6 M
              nb expanded         78.0 M
               nb trashed           0.0 
     avg branching factor           1.6 
                  nb eval         106.0 
                 nb guide        123.6 M
        time searched (s)      71995.422
      generated nodes / s          1.7 k
        solutions created           0.0 
