printing solutions in: ./dogs-color/insts/cgshop22/reecn47287.instance.json.solution.json
printing perfs in: ./dogs-color/insts/cgshop22/reecn47287.instance.json.perf.json

CGSHOP Instance: compute neighbors...
computing neighbors (0 / 47287)...
computing neighbors (1000 / 47287)...
computing neighbors (2000 / 47287)...
computing neighbors (3000 / 47287)...
computing neighbors (4000 / 47287)...
computing neighbors (5000 / 47287)...
computing neighbors (6000 / 47287)...
computing neighbors (7000 / 47287)...
computing neighbors (8000 / 47287)...
computing neighbors (9000 / 47287)...
computing neighbors (10000 / 47287)...
computing neighbors (11000 / 47287)...
computing neighbors (12000 / 47287)...
computing neighbors (13000 / 47287)...
computing neighbors (14000 / 47287)...
computing neighbors (15000 / 47287)...
computing neighbors (16000 / 47287)...
computing neighbors (17000 / 47287)...
computing neighbors (18000 / 47287)...
computing neighbors (19000 / 47287)...
computing neighbors (20000 / 47287)...
computing neighbors (21000 / 47287)...
computing neighbors (22000 / 47287)...
computing neighbors (23000 / 47287)...
computing neighbors (24000 / 47287)...
computing neighbors (25000 / 47287)...
computing neighbors (26000 / 47287)...
computing neighbors (27000 / 47287)...
computing neighbors (28000 / 47287)...
computing neighbors (29000 / 47287)...
computing neighbors (30000 / 47287)...
computing neighbors (31000 / 47287)...
computing neighbors (32000 / 47287)...
computing neighbors (33000 / 47287)...
computing neighbors (34000 / 47287)...
computing neighbors (35000 / 47287)...
computing neighbors (36000 / 47287)...
computing neighbors (37000 / 47287)...
computing neighbors (38000 / 47287)...
computing neighbors (39000 / 47287)...
computing neighbors (40000 / 47287)...
computing neighbors (41000 / 47287)...
computing neighbors (42000 / 47287)...
computing neighbors (43000 / 47287)...
computing neighbors (44000 / 47287)...
computing neighbors (45000 / 47287)...
computing neighbors (46000 / 47287)...
computing neighbors (47000 / 47287)...
66286      vertices
47287      segments
315        dominations
=======================
CGSHOP Instance: compute neighbors...
computing neighbors (0 / 47287)...
computing neighbors (1000 / 47287)...
computing neighbors (2000 / 47287)...
computing neighbors (3000 / 47287)...
computing neighbors (4000 / 47287)...
computing neighbors (5000 / 47287)...
computing neighbors (6000 / 47287)...
computing neighbors (7000 / 47287)...
computing neighbors (8000 / 47287)...
computing neighbors (9000 / 47287)...
computing neighbors (10000 / 47287)...
computing neighbors (11000 / 47287)...
computing neighbors (12000 / 47287)...
computing neighbors (13000 / 47287)...
computing neighbors (14000 / 47287)...
computing neighbors (15000 / 47287)...
computing neighbors (16000 / 47287)...
computing neighbors (17000 / 47287)...
computing neighbors (18000 / 47287)...
computing neighbors (19000 / 47287)...
computing neighbors (20000 / 47287)...
computing neighbors (21000 / 47287)...
computing neighbors (22000 / 47287)...
computing neighbors (23000 / 47287)...
computing neighbors (24000 / 47287)...
computing neighbors (25000 / 47287)...
computing neighbors (26000 / 47287)...
computing neighbors (27000 / 47287)...
computing neighbors (28000 / 47287)...
computing neighbors (29000 / 47287)...
computing neighbors (30000 / 47287)...
computing neighbors (31000 / 47287)...
computing neighbors (32000 / 47287)...
computing neighbors (33000 / 47287)...
computing neighbors (34000 / 47287)...
computing neighbors (35000 / 47287)...
computing neighbors (36000 / 47287)...
computing neighbors (37000 / 47287)...
computing neighbors (38000 / 47287)...
computing neighbors (39000 / 47287)...
computing neighbors (40000 / 47287)...
computing neighbors (41000 / 47287)...
computing neighbors (42000 / 47287)...
computing neighbors (43000 / 47287)...
computing neighbors (44000 / 47287)...
computing neighbors (45000 / 47287)...
computing neighbors (46000 / 47287)...
computing neighbors (47000 / 47287)...
colored 1000 / 47287...
colored 2000 / 47287...
colored 3000 / 47287...
colored 4000 / 47287...
colored 5000 / 47287...
colored 6000 / 47287...
colored 7000 / 47287...
colored 8000 / 47287...
colored 9000 / 47287...
colored 10000 / 47287...
colored 11000 / 47287...
colored 12000 / 47287...
colored 13000 / 47287...
colored 14000 / 47287...
colored 15000 / 47287...
colored 16000 / 47287...
colored 17000 / 47287...
colored 18000 / 47287...
colored 19000 / 47287...
colored 20000 / 47287...
colored 21000 / 47287...
colored 22000 / 47287...
colored 23000 / 47287...
colored 24000 / 47287...
colored 25000 / 47287...
colored 26000 / 47287...
colored 27000 / 47287...
colored 28000 / 47287...
colored 29000 / 47287...
colored 30000 / 47287...
colored 31000 / 47287...
colored 32000 / 47287...
colored 33000 / 47287...
colored 34000 / 47287...
colored 35000 / 47287...
colored 36000 / 47287...
colored 37000 / 47287...
colored 38000 / 47287...
colored 39000 / 47287...
colored 40000 / 47287...
colored 41000 / 47287...
colored 42000 / 47287...
colored 43000 / 47287...
colored 44000 / 47287...
colored 45000 / 47287...
colored 46000 / 47287...
colored 47000 / 47287...
greedy found 359 colors in 63.898 seconds
 time (s)      nb nodes       objective      
---------------------------------------------
  14.189                      359            
  14.251       80.0           358            
  14.369       389.0          357            
  14.503       668.0          356            
  14.747       2.0 k          355            
  15.130       3.9 k          354            
  15.909       6.4 k          353            
  17.295       10.8 k         352            
  18.949       17.1 k         351            
  20.671       25.4 k         350            
  23.518       36.6 k         349            
  25.212       64.0 k         348            
  27.349       81.2 k         347            
  29.825       110.3 k        346            
  31.985       135.5 k        345            
  37.678       157.7 k        344            
  39.424       182.4 k        343            
  42.690       224.8 k        342            
  44.655       259.2 k        341            
  47.192       286.2 k        340            
  49.396       325.3 k        339            
  52.541       363.2 k        338            
  54.313       383.6 k        337            
  59.037       423.8 k        336            
  62.303       454.6 k        335            
  71.507       502.4 k        334            
  79.091       560.0 k        333            
  90.965       614.9 k        332            
  97.477       663.1 k        331            
  101.819      709.6 k        330            
  108.828      758.9 k        329            
  121.267      810.9 k        328            
  126.673      854.7 k        327            
  131.909      900.4 k        326            
  139.018      954.0 k        325            
  155.758      1.0 M          324            
  174.374      1.1 M          323            
  180.157      1.1 M          322            
  197.882      1.2 M          321            
  214.615      1.3 M          320            
  226.001      1.3 M          319            
  282.610      1.5 M          318            
  302.381      1.6 M          317            
  337.917      1.7 M          316            
  376.142      1.8 M          315            
  581.912      2.2 M          314            
  652.893      2.3 M          313            
  962.581      2.9 M          312            
  1000.232     3.0 M          311            
  1305.150     3.5 M          310            
  2371.152     5.1 M          309            
  4364.008     7.9 M          308            
  68714.930    66.2 M         307            

             nb generated         69.1 M
              nb expanded         41.2 M
               nb trashed           0.0 
     avg branching factor           1.7 
                  nb eval         106.0 
                 nb guide         69.1 M
        time searched (s)      71985.805
      generated nodes / s         959.5 
        solutions created           0.0 
