printing solutions in: ./dogs-color/insts/cgshop22/reecn15355.instance.json.solution.json
printing perfs in: ./dogs-color/insts/cgshop22/reecn15355.instance.json.perf.json

CGSHOP Instance: compute neighbors...
computing neighbors (0 / 15355)...
computing neighbors (1000 / 15355)...
computing neighbors (2000 / 15355)...
computing neighbors (3000 / 15355)...
computing neighbors (4000 / 15355)...
computing neighbors (5000 / 15355)...
computing neighbors (6000 / 15355)...
computing neighbors (7000 / 15355)...
computing neighbors (8000 / 15355)...
computing neighbors (9000 / 15355)...
computing neighbors (10000 / 15355)...
computing neighbors (11000 / 15355)...
computing neighbors (12000 / 15355)...
computing neighbors (13000 / 15355)...
computing neighbors (14000 / 15355)...
computing neighbors (15000 / 15355)...
21546      vertices
15355      segments
199        dominations
=======================
CGSHOP Instance: compute neighbors...
computing neighbors (0 / 15355)...
computing neighbors (1000 / 15355)...
computing neighbors (2000 / 15355)...
computing neighbors (3000 / 15355)...
computing neighbors (4000 / 15355)...
computing neighbors (5000 / 15355)...
computing neighbors (6000 / 15355)...
computing neighbors (7000 / 15355)...
computing neighbors (8000 / 15355)...
computing neighbors (9000 / 15355)...
computing neighbors (10000 / 15355)...
computing neighbors (11000 / 15355)...
computing neighbors (12000 / 15355)...
computing neighbors (13000 / 15355)...
computing neighbors (14000 / 15355)...
computing neighbors (15000 / 15355)...
colored 1000 / 15355...
colored 2000 / 15355...
colored 3000 / 15355...
colored 4000 / 15355...
colored 5000 / 15355...
colored 6000 / 15355...
colored 7000 / 15355...
colored 8000 / 15355...
colored 9000 / 15355...
colored 10000 / 15355...
colored 11000 / 15355...
colored 12000 / 15355...
colored 13000 / 15355...
colored 14000 / 15355...
colored 15000 / 15355...
greedy found 199 colors in 4.209 seconds
 time (s)      nb nodes       objective      
---------------------------------------------
  1.536                       199            
  1.545        31.0           198            
  1.555        38.0           197            
  1.578        364.0          196            
  1.606        997.0          195            
  1.662        2.5 k          194            
  1.916        10.0 k         193            
  2.314        20.6 k         192            
  2.474        28.9 k         191            
  2.781        39.9 k         190            
  2.977        48.6 k         189            
  3.523        61.3 k         188            
  3.791        73.7 k         187            
  3.999        84.0 k         186            
  4.387        99.8 k         185            
  4.946        114.2 k        184            
  5.698        133.4 k        183            
  6.687        154.3 k        182            
  7.591        181.7 k        181            
  9.438        216.1 k        180            
  11.308       249.8 k        179            
  15.497       309.3 k        178            
  16.482       327.1 k        177            
  18.668       364.1 k        176            
  23.104       431.9 k        175            
  34.948       573.0 k        174            
  75.832       997.4 k        173            
  91.589       1.2 M          172            
  100.328      1.3 M          171            
  1452.672     9.6 M          170            
  1698.298     10.8 M         169            

             nb generated        271.4 M
              nb expanded        213.1 M
               nb trashed           0.0 
     avg branching factor           1.3 
                  nb eval          62.0 
                 nb guide        271.4 M
        time searched (s)      71998.461
      generated nodes / s          3.8 k
        solutions created           0.0 
