printing solutions in: ./dogs-color/insts/cgshop22/rsqrp24641.instance.json.solution.json
printing perfs in: ./dogs-color/insts/cgshop22/rsqrp24641.instance.json.perf.json

CGSHOP Instance: compute neighbors...
computing neighbors (0 / 24641)...
computing neighbors (1000 / 24641)...
computing neighbors (2000 / 24641)...
computing neighbors (3000 / 24641)...
computing neighbors (4000 / 24641)...
computing neighbors (5000 / 24641)...
computing neighbors (6000 / 24641)...
computing neighbors (7000 / 24641)...
computing neighbors (8000 / 24641)...
computing neighbors (9000 / 24641)...
computing neighbors (10000 / 24641)...
computing neighbors (11000 / 24641)...
computing neighbors (12000 / 24641)...
computing neighbors (13000 / 24641)...
computing neighbors (14000 / 24641)...
computing neighbors (15000 / 24641)...
computing neighbors (16000 / 24641)...
computing neighbors (17000 / 24641)...
computing neighbors (18000 / 24641)...
computing neighbors (19000 / 24641)...
computing neighbors (20000 / 24641)...
computing neighbors (21000 / 24641)...
computing neighbors (22000 / 24641)...
computing neighbors (23000 / 24641)...
computing neighbors (24000 / 24641)...
519        vertices
24641      segments
4739       dominations
=======================
CGSHOP Instance: compute neighbors...
computing neighbors (0 / 24641)...
computing neighbors (1000 / 24641)...
computing neighbors (2000 / 24641)...
computing neighbors (3000 / 24641)...
computing neighbors (4000 / 24641)...
computing neighbors (5000 / 24641)...
computing neighbors (6000 / 24641)...
computing neighbors (7000 / 24641)...
computing neighbors (8000 / 24641)...
computing neighbors (9000 / 24641)...
computing neighbors (10000 / 24641)...
computing neighbors (11000 / 24641)...
computing neighbors (12000 / 24641)...
computing neighbors (13000 / 24641)...
computing neighbors (14000 / 24641)...
computing neighbors (15000 / 24641)...
computing neighbors (16000 / 24641)...
computing neighbors (17000 / 24641)...
computing neighbors (18000 / 24641)...
computing neighbors (19000 / 24641)...
computing neighbors (20000 / 24641)...
computing neighbors (21000 / 24641)...
computing neighbors (22000 / 24641)...
computing neighbors (23000 / 24641)...
computing neighbors (24000 / 24641)...
colored 1000 / 24641...
colored 2000 / 24641...
colored 3000 / 24641...
colored 4000 / 24641...
colored 5000 / 24641...
colored 6000 / 24641...
colored 7000 / 24641...
colored 8000 / 24641...
colored 9000 / 24641...
colored 10000 / 24641...
colored 11000 / 24641...
colored 12000 / 24641...
colored 13000 / 24641...
colored 14000 / 24641...
colored 15000 / 24641...
colored 16000 / 24641...
colored 17000 / 24641...
colored 18000 / 24641...
colored 19000 / 24641...
colored 20000 / 24641...
colored 21000 / 24641...
colored 22000 / 24641...
colored 23000 / 24641...
colored 24000 / 24641...
greedy found 187 colors in 18.342 seconds
 time (s)      nb nodes       objective      
---------------------------------------------
  5.537                       187            
  5.746        4.0            186            
  6.000        253.0          185            
  7.182        2.8 k          184            
  7.574        3.7 k          183            
  10.023       8.8 k          182            
  17.081       23.1 k         181            
  584.803      719.6 k        180            
  10817.122    10.4 M         179            

             nb generated         61.6 M
              nb expanded         52.0 M
               nb trashed           0.0 
     avg branching factor           1.2 
                  nb eval          18.0 
                 nb guide         61.6 M
        time searched (s)      71994.461
      generated nodes / s         855.5 
        solutions created           0.0 
