printing solutions in: ./dogs-color/insts/cgshop22/rvisp22145.instance.json.solution.json
printing perfs in: ./dogs-color/insts/cgshop22/rvisp22145.instance.json.perf.json

CGSHOP Instance: compute neighbors...
computing neighbors (0 / 22145)...
computing neighbors (1000 / 22145)...
computing neighbors (2000 / 22145)...
computing neighbors (3000 / 22145)...
computing neighbors (4000 / 22145)...
computing neighbors (5000 / 22145)...
computing neighbors (6000 / 22145)...
computing neighbors (7000 / 22145)...
computing neighbors (8000 / 22145)...
computing neighbors (9000 / 22145)...
computing neighbors (10000 / 22145)...
computing neighbors (11000 / 22145)...
computing neighbors (12000 / 22145)...
computing neighbors (13000 / 22145)...
computing neighbors (14000 / 22145)...
computing neighbors (15000 / 22145)...
computing neighbors (16000 / 22145)...
computing neighbors (17000 / 22145)...
computing neighbors (18000 / 22145)...
computing neighbors (19000 / 22145)...
computing neighbors (20000 / 22145)...
computing neighbors (21000 / 22145)...
computing neighbors (22000 / 22145)...
253        vertices
22145      segments
10311      dominations
=======================
CGSHOP Instance: compute neighbors...
computing neighbors (0 / 22145)...
computing neighbors (1000 / 22145)...
computing neighbors (2000 / 22145)...
computing neighbors (3000 / 22145)...
computing neighbors (4000 / 22145)...
computing neighbors (5000 / 22145)...
computing neighbors (6000 / 22145)...
computing neighbors (7000 / 22145)...
computing neighbors (8000 / 22145)...
computing neighbors (9000 / 22145)...
computing neighbors (10000 / 22145)...
computing neighbors (11000 / 22145)...
computing neighbors (12000 / 22145)...
computing neighbors (13000 / 22145)...
computing neighbors (14000 / 22145)...
computing neighbors (15000 / 22145)...
computing neighbors (16000 / 22145)...
computing neighbors (17000 / 22145)...
computing neighbors (18000 / 22145)...
computing neighbors (19000 / 22145)...
computing neighbors (20000 / 22145)...
computing neighbors (21000 / 22145)...
computing neighbors (22000 / 22145)...
colored 1000 / 22145...
colored 2000 / 22145...
colored 3000 / 22145...
colored 4000 / 22145...
colored 5000 / 22145...
colored 6000 / 22145...
colored 7000 / 22145...
colored 8000 / 22145...
colored 9000 / 22145...
colored 10000 / 22145...
colored 11000 / 22145...
colored 12000 / 22145...
colored 13000 / 22145...
colored 14000 / 22145...
colored 15000 / 22145...
colored 16000 / 22145...
colored 17000 / 22145...
colored 18000 / 22145...
colored 19000 / 22145...
colored 20000 / 22145...
colored 21000 / 22145...
colored 22000 / 22145...
greedy found 134 colors in 8.092 seconds
 time (s)      nb nodes       objective      
---------------------------------------------
  2.893                       134            
  3.001        841.0          133            
  3.149        1.5 k          132            
  3.613        4.1 k          131            
  4.118        7.1 k          130            
  6.150        18.2 k         129            
  11.467       47.0 k         128            
  12.403       52.0 k         127            
  16.612       72.9 k         126            
  30.579       133.7 k        125            
  48.731       207.5 k        124            
  68.748       296.9 k        123            
  84.702       365.5 k        122            
  421.966      1.6 M          121            
  504.371      1.9 M          120            
  551.854      2.0 M          119            
  1296.224     4.3 M          118            
  1432.881     4.7 M          117            
  2897.058     8.7 M          116            
  5070.191     14.5 M         115            
  71167.250    185.8 M        114            
thread 'main' panicked at 'called `Option::unwrap()` on a `None` value', src/search/conflict_weighting_local_search.rs:191:52
note: run with `RUST_BACKTRACE=1` environment variable to display a backtrace
