printing solutions in: ./dogs-color/insts/cgshop22/rvisp7648.instance.json.solution.json
printing perfs in: ./dogs-color/insts/cgshop22/rvisp7648.instance.json.perf.json

CGSHOP Instance: compute neighbors...
computing neighbors (0 / 7648)...
computing neighbors (1000 / 7648)...
computing neighbors (2000 / 7648)...
computing neighbors (3000 / 7648)...
computing neighbors (4000 / 7648)...
computing neighbors (5000 / 7648)...
computing neighbors (6000 / 7648)...
computing neighbors (7000 / 7648)...
319        vertices
7648       segments
3819       dominations
=======================
CGSHOP Instance: compute neighbors...
computing neighbors (0 / 7648)...
computing neighbors (1000 / 7648)...
computing neighbors (2000 / 7648)...
computing neighbors (3000 / 7648)...
computing neighbors (4000 / 7648)...
computing neighbors (5000 / 7648)...
computing neighbors (6000 / 7648)...
computing neighbors (7000 / 7648)...
colored 1000 / 7648...
colored 2000 / 7648...
colored 3000 / 7648...
colored 4000 / 7648...
colored 5000 / 7648...
colored 6000 / 7648...
colored 7000 / 7648...
greedy found 50 colors in 0.764 seconds
 time (s)      nb nodes       objective      
---------------------------------------------
  0.262                       50             
  0.350        6.4 k          49             
  1.154        36.1 k         48             
  5.858        176.4 k        47             
  15.884       419.7 k        46             
  857.069      16.1 M         45             

             nb generated        763.3 M
              nb expanded        627.8 M
               nb trashed           0.0 
     avg branching factor           1.2 
                  nb eval          12.0 
                 nb guide        763.3 M
        time searched (s)      71999.734
      generated nodes / s         10.6 k
        solutions created           0.0 
invalid solution (reason: ConflictingEdge(41, 133))
