printing solutions in: ./dogs-color/insts/cgshop22/sqrp12451.instance.json.solution.json
printing perfs in: ./dogs-color/insts/cgshop22/sqrp12451.instance.json.perf.json

CGSHOP Instance: compute neighbors...
computing neighbors (0 / 12451)...
computing neighbors (1000 / 12451)...
computing neighbors (2000 / 12451)...
computing neighbors (3000 / 12451)...
computing neighbors (4000 / 12451)...
computing neighbors (5000 / 12451)...
computing neighbors (6000 / 12451)...
computing neighbors (7000 / 12451)...
computing neighbors (8000 / 12451)...
computing neighbors (9000 / 12451)...
computing neighbors (10000 / 12451)...
computing neighbors (11000 / 12451)...
computing neighbors (12000 / 12451)...
365        vertices
12451      segments
2138       dominations
=======================
CGSHOP Instance: compute neighbors...
computing neighbors (0 / 12451)...
computing neighbors (1000 / 12451)...
computing neighbors (2000 / 12451)...
computing neighbors (3000 / 12451)...
computing neighbors (4000 / 12451)...
computing neighbors (5000 / 12451)...
computing neighbors (6000 / 12451)...
computing neighbors (7000 / 12451)...
computing neighbors (8000 / 12451)...
computing neighbors (9000 / 12451)...
computing neighbors (10000 / 12451)...
computing neighbors (11000 / 12451)...
computing neighbors (12000 / 12451)...
colored 1000 / 12451...
colored 2000 / 12451...
colored 3000 / 12451...
colored 4000 / 12451...
colored 5000 / 12451...
colored 6000 / 12451...
colored 7000 / 12451...
colored 8000 / 12451...
colored 9000 / 12451...
colored 10000 / 12451...
colored 11000 / 12451...
colored 12000 / 12451...
greedy found 132 colors in 2.800 seconds
 time (s)      nb nodes       objective      
---------------------------------------------
  1.198                       132            
  1.482        2.3 k          131            
  1.517        2.3 k          130            
  27.916       165.8 k        129            
  2704.920     10.8 M         128            

             nb generated        263.4 M
              nb expanded        226.2 M
               nb trashed           0.0 
     avg branching factor           1.2 
                  nb eval          10.0 
                 nb guide        263.4 M
        time searched (s)      71998.797
      generated nodes / s          3.7 k
        solutions created           0.0 
