printing solutions in: ./dogs-color/insts/cgshop22/sqrp51004.instance.json.solution.json
printing perfs in: ./dogs-color/insts/cgshop22/sqrp51004.instance.json.perf.json

CGSHOP Instance: compute neighbors...
computing neighbors (0 / 51004)...
computing neighbors (1000 / 51004)...
computing neighbors (2000 / 51004)...
computing neighbors (3000 / 51004)...
computing neighbors (4000 / 51004)...
computing neighbors (5000 / 51004)...
computing neighbors (6000 / 51004)...
computing neighbors (7000 / 51004)...
computing neighbors (8000 / 51004)...
computing neighbors (9000 / 51004)...
computing neighbors (10000 / 51004)...
computing neighbors (11000 / 51004)...
computing neighbors (12000 / 51004)...
computing neighbors (13000 / 51004)...
computing neighbors (14000 / 51004)...
computing neighbors (15000 / 51004)...
computing neighbors (16000 / 51004)...
computing neighbors (17000 / 51004)...
computing neighbors (18000 / 51004)...
computing neighbors (19000 / 51004)...
computing neighbors (20000 / 51004)...
computing neighbors (21000 / 51004)...
computing neighbors (22000 / 51004)...
computing neighbors (23000 / 51004)...
computing neighbors (24000 / 51004)...
computing neighbors (25000 / 51004)...
computing neighbors (26000 / 51004)...
computing neighbors (27000 / 51004)...
computing neighbors (28000 / 51004)...
computing neighbors (29000 / 51004)...
computing neighbors (30000 / 51004)...
computing neighbors (31000 / 51004)...
computing neighbors (32000 / 51004)...
computing neighbors (33000 / 51004)...
computing neighbors (34000 / 51004)...
computing neighbors (35000 / 51004)...
computing neighbors (36000 / 51004)...
computing neighbors (37000 / 51004)...
computing neighbors (38000 / 51004)...
computing neighbors (39000 / 51004)...
computing neighbors (40000 / 51004)...
computing neighbors (41000 / 51004)...
computing neighbors (42000 / 51004)...
computing neighbors (43000 / 51004)...
computing neighbors (44000 / 51004)...
computing neighbors (45000 / 51004)...
computing neighbors (46000 / 51004)...
computing neighbors (47000 / 51004)...
computing neighbors (48000 / 51004)...
computing neighbors (49000 / 51004)...
computing neighbors (50000 / 51004)...
computing neighbors (51000 / 51004)...
670        vertices
51004      segments
7523       dominations
=======================
CGSHOP Instance: compute neighbors...
computing neighbors (0 / 51004)...
computing neighbors (1000 / 51004)...
computing neighbors (2000 / 51004)...
computing neighbors (3000 / 51004)...
computing neighbors (4000 / 51004)...
computing neighbors (5000 / 51004)...
computing neighbors (6000 / 51004)...
computing neighbors (7000 / 51004)...
computing neighbors (8000 / 51004)...
computing neighbors (9000 / 51004)...
computing neighbors (10000 / 51004)...
computing neighbors (11000 / 51004)...
computing neighbors (12000 / 51004)...
computing neighbors (13000 / 51004)...
computing neighbors (14000 / 51004)...
computing neighbors (15000 / 51004)...
computing neighbors (16000 / 51004)...
computing neighbors (17000 / 51004)...
computing neighbors (18000 / 51004)...
computing neighbors (19000 / 51004)...
computing neighbors (20000 / 51004)...
computing neighbors (21000 / 51004)...
computing neighbors (22000 / 51004)...
computing neighbors (23000 / 51004)...
computing neighbors (24000 / 51004)...
computing neighbors (25000 / 51004)...
computing neighbors (26000 / 51004)...
computing neighbors (27000 / 51004)...
computing neighbors (28000 / 51004)...
computing neighbors (29000 / 51004)...
computing neighbors (30000 / 51004)...
computing neighbors (31000 / 51004)...
computing neighbors (32000 / 51004)...
computing neighbors (33000 / 51004)...
computing neighbors (34000 / 51004)...
computing neighbors (35000 / 51004)...
computing neighbors (36000 / 51004)...
computing neighbors (37000 / 51004)...
computing neighbors (38000 / 51004)...
computing neighbors (39000 / 51004)...
computing neighbors (40000 / 51004)...
computing neighbors (41000 / 51004)...
computing neighbors (42000 / 51004)...
computing neighbors (43000 / 51004)...
computing neighbors (44000 / 51004)...
computing neighbors (45000 / 51004)...
computing neighbors (46000 / 51004)...
computing neighbors (47000 / 51004)...
computing neighbors (48000 / 51004)...
computing neighbors (49000 / 51004)...
computing neighbors (50000 / 51004)...
computing neighbors (51000 / 51004)...
colored 1000 / 51004...
colored 2000 / 51004...
colored 3000 / 51004...
colored 4000 / 51004...
colored 5000 / 51004...
colored 6000 / 51004...
colored 7000 / 51004...
colored 8000 / 51004...
colored 9000 / 51004...
colored 10000 / 51004...
colored 11000 / 51004...
colored 12000 / 51004...
colored 13000 / 51004...
colored 14000 / 51004...
colored 15000 / 51004...
colored 16000 / 51004...
colored 17000 / 51004...
colored 18000 / 51004...
colored 19000 / 51004...
colored 20000 / 51004...
colored 21000 / 51004...
colored 22000 / 51004...
colored 23000 / 51004...
colored 24000 / 51004...
colored 25000 / 51004...
colored 26000 / 51004...
colored 27000 / 51004...
colored 28000 / 51004...
colored 29000 / 51004...
colored 30000 / 51004...
colored 31000 / 51004...
colored 32000 / 51004...
colored 33000 / 51004...
colored 34000 / 51004...
colored 35000 / 51004...
colored 36000 / 51004...
colored 37000 / 51004...
colored 38000 / 51004...
colored 39000 / 51004...
colored 40000 / 51004...
colored 41000 / 51004...
colored 42000 / 51004...
colored 43000 / 51004...
colored 44000 / 51004...
colored 45000 / 51004...
colored 46000 / 51004...
colored 47000 / 51004...
colored 48000 / 51004...
colored 49000 / 51004...
colored 50000 / 51004...
colored 51000 / 51004...
greedy found 251 colors in 74.083 seconds
 time (s)      nb nodes       objective      
---------------------------------------------
  19.468                      251            
  20.188       2.0            250            
  22.733       1.5 k          249            
  31.062       6.9 k          248            
  78.401       39.7 k         247            
  90.969       48.9 k         246            
  194.543      110.2 k        245            
  447.131      313.5 k        244            
  615.072      396.1 k        243            
  843.541      543.9 k        242            
  921.503      610.2 k        241            
  1412.774     887.0 k        240            
  1610.268     999.4 k        239            
  2387.354     1.4 M          238            

             nb generated         34.1 M
              nb expanded         23.9 M
               nb trashed           0.0 
     avg branching factor           1.4 
                  nb eval          28.0 
                 nb guide         34.1 M
        time searched (s)      71980.531
      generated nodes / s         474.3 
        solutions created           0.0 
