printing solutions in: ./dogs-color/insts/cgshop22/sqrpecn41897.instance.json.solution.json
printing perfs in: ./dogs-color/insts/cgshop22/sqrpecn41897.instance.json.perf.json

CGSHOP Instance: compute neighbors...
computing neighbors (0 / 41897)...
computing neighbors (1000 / 41897)...
computing neighbors (2000 / 41897)...
computing neighbors (3000 / 41897)...
computing neighbors (4000 / 41897)...
computing neighbors (5000 / 41897)...
computing neighbors (6000 / 41897)...
computing neighbors (7000 / 41897)...
computing neighbors (8000 / 41897)...
computing neighbors (9000 / 41897)...
computing neighbors (10000 / 41897)...
computing neighbors (11000 / 41897)...
computing neighbors (12000 / 41897)...
computing neighbors (13000 / 41897)...
computing neighbors (14000 / 41897)...
computing neighbors (15000 / 41897)...
computing neighbors (16000 / 41897)...
computing neighbors (17000 / 41897)...
computing neighbors (18000 / 41897)...
computing neighbors (19000 / 41897)...
computing neighbors (20000 / 41897)...
computing neighbors (21000 / 41897)...
computing neighbors (22000 / 41897)...
computing neighbors (23000 / 41897)...
computing neighbors (24000 / 41897)...
computing neighbors (25000 / 41897)...
computing neighbors (26000 / 41897)...
computing neighbors (27000 / 41897)...
computing neighbors (28000 / 41897)...
computing neighbors (29000 / 41897)...
computing neighbors (30000 / 41897)...
computing neighbors (31000 / 41897)...
computing neighbors (32000 / 41897)...
computing neighbors (33000 / 41897)...
computing neighbors (34000 / 41897)...
computing neighbors (35000 / 41897)...
computing neighbors (36000 / 41897)...
computing neighbors (37000 / 41897)...
computing neighbors (38000 / 41897)...
computing neighbors (39000 / 41897)...
computing neighbors (40000 / 41897)...
computing neighbors (41000 / 41897)...
62666      vertices
41897      segments
449        dominations
=======================
CGSHOP Instance: compute neighbors...
computing neighbors (0 / 41897)...
computing neighbors (1000 / 41897)...
computing neighbors (2000 / 41897)...
computing neighbors (3000 / 41897)...
computing neighbors (4000 / 41897)...
computing neighbors (5000 / 41897)...
computing neighbors (6000 / 41897)...
computing neighbors (7000 / 41897)...
computing neighbors (8000 / 41897)...
computing neighbors (9000 / 41897)...
computing neighbors (10000 / 41897)...
computing neighbors (11000 / 41897)...
computing neighbors (12000 / 41897)...
computing neighbors (13000 / 41897)...
computing neighbors (14000 / 41897)...
computing neighbors (15000 / 41897)...
computing neighbors (16000 / 41897)...
computing neighbors (17000 / 41897)...
computing neighbors (18000 / 41897)...
computing neighbors (19000 / 41897)...
computing neighbors (20000 / 41897)...
computing neighbors (21000 / 41897)...
computing neighbors (22000 / 41897)...
computing neighbors (23000 / 41897)...
computing neighbors (24000 / 41897)...
computing neighbors (25000 / 41897)...
computing neighbors (26000 / 41897)...
computing neighbors (27000 / 41897)...
computing neighbors (28000 / 41897)...
computing neighbors (29000 / 41897)...
computing neighbors (30000 / 41897)...
computing neighbors (31000 / 41897)...
computing neighbors (32000 / 41897)...
computing neighbors (33000 / 41897)...
computing neighbors (34000 / 41897)...
computing neighbors (35000 / 41897)...
computing neighbors (36000 / 41897)...
computing neighbors (37000 / 41897)...
computing neighbors (38000 / 41897)...
computing neighbors (39000 / 41897)...
computing neighbors (40000 / 41897)...
computing neighbors (41000 / 41897)...
colored 1000 / 41897...
colored 2000 / 41897...
colored 3000 / 41897...
colored 4000 / 41897...
colored 5000 / 41897...
colored 6000 / 41897...
colored 7000 / 41897...
colored 8000 / 41897...
colored 9000 / 41897...
colored 10000 / 41897...
colored 11000 / 41897...
colored 12000 / 41897...
colored 13000 / 41897...
colored 14000 / 41897...
colored 15000 / 41897...
colored 16000 / 41897...
colored 17000 / 41897...
colored 18000 / 41897...
colored 19000 / 41897...
colored 20000 / 41897...
colored 21000 / 41897...
colored 22000 / 41897...
colored 23000 / 41897...
colored 24000 / 41897...
colored 25000 / 41897...
colored 26000 / 41897...
colored 27000 / 41897...
colored 28000 / 41897...
colored 29000 / 41897...
colored 30000 / 41897...
colored 31000 / 41897...
colored 32000 / 41897...
colored 33000 / 41897...
colored 34000 / 41897...
colored 35000 / 41897...
colored 36000 / 41897...
colored 37000 / 41897...
colored 38000 / 41897...
colored 39000 / 41897...
colored 40000 / 41897...
colored 41000 / 41897...
greedy found 515 colors in 53.426 seconds
 time (s)      nb nodes       objective      
---------------------------------------------
  15.316                      515            
  15.349       2.0            514            
  15.594       119.0          513            
  15.763       137.0          512            
  16.042       622.0          511            
  16.724       1.9 k          510            
  17.816       4.6 k          509            
  18.072       5.1 k          508            
  18.846       7.2 k          507            
  21.277       14.3 k         506            
  22.695       19.1 k         505            
  25.593       28.1 k         504            
  27.385       41.9 k         503            
  31.454       77.3 k         502            
  39.879       119.2 k        501            
  44.070       135.4 k        500            
  57.963       232.0 k        499            
  62.686       262.0 k        498            
  66.257       285.5 k        497            
  81.010       335.6 k        496            
  85.198       375.6 k        495            
  88.773       389.3 k        494            
  97.178       437.0 k        493            
  115.300      505.8 k        492            
  123.664      547.8 k        491            
  135.600      610.7 k        490            
  144.969      653.3 k        489            
  165.970      700.4 k        488            
  173.236      736.2 k        487            
  199.382      800.8 k        486            
  238.657      877.5 k        485            
  246.037      895.2 k        484            
  270.944      955.3 k        483            
  301.779      1.0 M          482            
  323.312      1.1 M          481            
  399.967      1.2 M          480            
  457.522      1.3 M          479            
  470.317      1.3 M          478            
  549.437      1.4 M          477            
  563.901      1.5 M          476            
  701.121      1.7 M          475            
  791.793      1.8 M          474            
  897.355      2.0 M          473            
  982.294      2.1 M          472            
  1045.902     2.2 M          471            
  1190.497     2.4 M          470            
  1370.305     2.6 M          469            
  2058.626     3.3 M          468            
  2111.843     3.4 M          467            
  2339.734     3.6 M          466            
  2620.497     3.9 M          465            
  2949.706     4.3 M          464            
  29791.064    22.3 M         463            
  30928.088    23.0 M         462            
  37202.887    26.9 M         461            

             nb generated         47.1 M
              nb expanded         27.6 M
               nb trashed           0.0 
     avg branching factor           1.7 
                  nb eval         110.0 
                 nb guide         47.1 M
        time searched (s)      71984.680
      generated nodes / s         653.7 
        solutions created           0.0 
