printing solutions in: ./dogs-color/insts/cgshop22/sqrpecn56236.instance.json.solution.json
printing perfs in: ./dogs-color/insts/cgshop22/sqrpecn56236.instance.json.perf.json

CGSHOP Instance: compute neighbors...
computing neighbors (0 / 56236)...
computing neighbors (1000 / 56236)...
computing neighbors (2000 / 56236)...
computing neighbors (3000 / 56236)...
computing neighbors (4000 / 56236)...
computing neighbors (5000 / 56236)...
computing neighbors (6000 / 56236)...
computing neighbors (7000 / 56236)...
computing neighbors (8000 / 56236)...
computing neighbors (9000 / 56236)...
computing neighbors (10000 / 56236)...
computing neighbors (11000 / 56236)...
computing neighbors (12000 / 56236)...
computing neighbors (13000 / 56236)...
computing neighbors (14000 / 56236)...
computing neighbors (15000 / 56236)...
computing neighbors (16000 / 56236)...
computing neighbors (17000 / 56236)...
computing neighbors (18000 / 56236)...
computing neighbors (19000 / 56236)...
computing neighbors (20000 / 56236)...
computing neighbors (21000 / 56236)...
computing neighbors (22000 / 56236)...
computing neighbors (23000 / 56236)...
computing neighbors (24000 / 56236)...
computing neighbors (25000 / 56236)...
computing neighbors (26000 / 56236)...
computing neighbors (27000 / 56236)...
computing neighbors (28000 / 56236)...
computing neighbors (29000 / 56236)...
computing neighbors (30000 / 56236)...
computing neighbors (31000 / 56236)...
computing neighbors (32000 / 56236)...
computing neighbors (33000 / 56236)...
computing neighbors (34000 / 56236)...
computing neighbors (35000 / 56236)...
computing neighbors (36000 / 56236)...
computing neighbors (37000 / 56236)...
computing neighbors (38000 / 56236)...
computing neighbors (39000 / 56236)...
computing neighbors (40000 / 56236)...
computing neighbors (41000 / 56236)...
computing neighbors (42000 / 56236)...
computing neighbors (43000 / 56236)...
computing neighbors (44000 / 56236)...
computing neighbors (45000 / 56236)...
computing neighbors (46000 / 56236)...
computing neighbors (47000 / 56236)...
computing neighbors (48000 / 56236)...
computing neighbors (49000 / 56236)...
computing neighbors (50000 / 56236)...
computing neighbors (51000 / 56236)...
computing neighbors (52000 / 56236)...
computing neighbors (53000 / 56236)...
computing neighbors (54000 / 56236)...
computing neighbors (55000 / 56236)...
computing neighbors (56000 / 56236)...
84440      vertices
56236      segments
562        dominations
=======================
CGSHOP Instance: compute neighbors...
computing neighbors (0 / 56236)...
computing neighbors (1000 / 56236)...
computing neighbors (2000 / 56236)...
computing neighbors (3000 / 56236)...
computing neighbors (4000 / 56236)...
computing neighbors (5000 / 56236)...
computing neighbors (6000 / 56236)...
computing neighbors (7000 / 56236)...
computing neighbors (8000 / 56236)...
computing neighbors (9000 / 56236)...
computing neighbors (10000 / 56236)...
computing neighbors (11000 / 56236)...
computing neighbors (12000 / 56236)...
computing neighbors (13000 / 56236)...
computing neighbors (14000 / 56236)...
computing neighbors (15000 / 56236)...
computing neighbors (16000 / 56236)...
computing neighbors (17000 / 56236)...
computing neighbors (18000 / 56236)...
computing neighbors (19000 / 56236)...
computing neighbors (20000 / 56236)...
computing neighbors (21000 / 56236)...
computing neighbors (22000 / 56236)...
computing neighbors (23000 / 56236)...
computing neighbors (24000 / 56236)...
computing neighbors (25000 / 56236)...
computing neighbors (26000 / 56236)...
computing neighbors (27000 / 56236)...
computing neighbors (28000 / 56236)...
computing neighbors (29000 / 56236)...
computing neighbors (30000 / 56236)...
computing neighbors (31000 / 56236)...
computing neighbors (32000 / 56236)...
computing neighbors (33000 / 56236)...
computing neighbors (34000 / 56236)...
computing neighbors (35000 / 56236)...
computing neighbors (36000 / 56236)...
computing neighbors (37000 / 56236)...
computing neighbors (38000 / 56236)...
computing neighbors (39000 / 56236)...
computing neighbors (40000 / 56236)...
computing neighbors (41000 / 56236)...
computing neighbors (42000 / 56236)...
computing neighbors (43000 / 56236)...
computing neighbors (44000 / 56236)...
computing neighbors (45000 / 56236)...
computing neighbors (46000 / 56236)...
computing neighbors (47000 / 56236)...
computing neighbors (48000 / 56236)...
computing neighbors (49000 / 56236)...
computing neighbors (50000 / 56236)...
computing neighbors (51000 / 56236)...
computing neighbors (52000 / 56236)...
computing neighbors (53000 / 56236)...
computing neighbors (54000 / 56236)...
computing neighbors (55000 / 56236)...
computing neighbors (56000 / 56236)...
colored 1000 / 56236...
colored 2000 / 56236...
colored 3000 / 56236...
colored 4000 / 56236...
colored 5000 / 56236...
colored 6000 / 56236...
colored 7000 / 56236...
colored 8000 / 56236...
colored 9000 / 56236...
colored 10000 / 56236...
colored 11000 / 56236...
colored 12000 / 56236...
colored 13000 / 56236...
colored 14000 / 56236...
colored 15000 / 56236...
colored 16000 / 56236...
colored 17000 / 56236...
colored 18000 / 56236...
colored 19000 / 56236...
colored 20000 / 56236...
colored 21000 / 56236...
colored 22000 / 56236...
colored 23000 / 56236...
colored 24000 / 56236...
colored 25000 / 56236...
colored 26000 / 56236...
colored 27000 / 56236...
colored 28000 / 56236...
colored 29000 / 56236...
colored 30000 / 56236...
colored 31000 / 56236...
colored 32000 / 56236...
colored 33000 / 56236...
colored 34000 / 56236...
colored 35000 / 56236...
colored 36000 / 56236...
colored 37000 / 56236...
colored 38000 / 56236...
colored 39000 / 56236...
colored 40000 / 56236...
colored 41000 / 56236...
colored 42000 / 56236...
colored 43000 / 56236...
colored 44000 / 56236...
colored 45000 / 56236...
colored 46000 / 56236...
colored 47000 / 56236...
colored 48000 / 56236...
colored 49000 / 56236...
colored 50000 / 56236...
colored 51000 / 56236...
colored 52000 / 56236...
colored 53000 / 56236...
colored 54000 / 56236...
colored 55000 / 56236...
colored 56000 / 56236...
greedy found 625 colors in 137.477 seconds
 time (s)      nb nodes       objective      
---------------------------------------------
  27.528                      625            
  28.068       36.0           624            
  28.851       1.8 k          623            
  30.416       4.9 k          622            
  32.683       11.5 k         621            
  46.663       43.8 k         620            
  51.867       86.0 k         619            
  58.888       111.9 k        618            
  65.408       149.2 k        617            
  69.033       167.7 k        616            
  72.815       177.8 k        615            
  83.720       237.8 k        614            
  89.466       266.3 k        613            
  116.086      362.0 k        612            
  145.018      419.2 k        611            
  154.579      446.8 k        610            
  173.556      541.8 k        609            
  179.926      567.6 k        608            
  186.460      605.2 k        607            
  215.042      653.4 k        606            
  222.114      680.8 k        605            
  253.515      758.9 k        604            
  260.862      804.7 k        603            
  284.977      877.6 k        602            
  312.349      951.0 k        601            
  340.655      1.0 M          600            
  354.438      1.1 M          599            
  381.554      1.1 M          598            
  442.739      1.2 M          597            
  452.454      1.3 M          596            
  461.498      1.3 M          595            
  522.849      1.4 M          594            
  574.741      1.5 M          593            
  601.220      1.6 M          592            
  680.363      1.7 M          591            
  712.587      1.7 M          590            
  738.700      1.8 M          589            
  765.080      1.8 M          588            
  793.917      1.9 M          587            
  822.976      1.9 M          586            
  905.595      2.1 M          585            
  951.492      2.1 M          584            
  1035.815     2.2 M          583            
  1084.030     2.3 M          582            
  1130.422     2.4 M          581            
  1195.362     2.4 M          580            
  1291.986     2.6 M          579            
  1474.033     2.8 M          578            
  1844.586     3.1 M          577            
  1909.583     3.2 M          576            
  1989.628     3.3 M          575            
  2102.059     3.4 M          574            
  2192.377     3.5 M          573            
  2290.805     3.7 M          572            
  2397.646     3.8 M          571            
  2870.808     4.2 M          570            
  2958.825     4.3 M          569            
  3088.723     4.4 M          568            
  3343.498     4.6 M          567            
  3454.847     4.7 M          566            
  3671.789     5.0 M          565            
  3949.260     5.2 M          564            
  4213.263     5.4 M          563            
  4559.548     5.7 M          562            
  10015.842    9.2 M          561            
  14513.240    11.9 M         560            
  14710.822    12.0 M         559            
  15039.630    12.2 M         558            
  16056.687    12.8 M         557            
  17225.252    13.5 M         556            
  18107.740    14.0 M         555            
  19266.434    14.6 M         554            

             nb generated         38.5 M
              nb expanded         18.1 M
               nb trashed           0.0 
     avg branching factor           2.1 
                  nb eval         144.0 
                 nb guide         38.5 M
        time searched (s)      71972.469
      generated nodes / s         535.1 
        solutions created           0.0 
