printing solutions in: ./dogs-color/insts/cgshop22/sqrp9831.instance.json.solution.json
printing perfs in: ./dogs-color/insts/cgshop22/sqrp9831.instance.json.perf.json

CGSHOP Instance: compute neighbors...
computing neighbors (0 / 9831)...
computing neighbors (1000 / 9831)...
computing neighbors (2000 / 9831)...
computing neighbors (3000 / 9831)...
computing neighbors (4000 / 9831)...
computing neighbors (5000 / 9831)...
computing neighbors (6000 / 9831)...
computing neighbors (7000 / 9831)...
computing neighbors (8000 / 9831)...
computing neighbors (9000 / 9831)...
438        vertices
9831       segments
1320       dominations
=======================
CGSHOP Instance: compute neighbors...
computing neighbors (0 / 9831)...
computing neighbors (1000 / 9831)...
computing neighbors (2000 / 9831)...
computing neighbors (3000 / 9831)...
computing neighbors (4000 / 9831)...
computing neighbors (5000 / 9831)...
computing neighbors (6000 / 9831)...
computing neighbors (7000 / 9831)...
computing neighbors (8000 / 9831)...
computing neighbors (9000 / 9831)...
colored 1000 / 9831...
colored 2000 / 9831...
colored 3000 / 9831...
colored 4000 / 9831...
colored 5000 / 9831...
colored 6000 / 9831...
colored 7000 / 9831...
colored 8000 / 9831...
colored 9000 / 9831...
greedy found 123 colors in 1.740 seconds
 time (s)      nb nodes       objective      
---------------------------------------------
  0.738                       123            
  0.769        31.0           122            
  0.813        237.0          121            
  0.882        843.0          120            
  1.345        6.2 k          119            
  1.648        9.8 k          118            
  2.867        25.9 k         117            
  3.801        35.6 k         116            
  8.093        76.2 k         115            
  29.765       273.2 k        114            
  609.165      3.9 M          113            

             nb generated        325.4 M
              nb expanded        256.4 M
               nb trashed           0.0 
     avg branching factor           1.3 
                  nb eval          22.0 
                 nb guide        325.4 M
        time searched (s)      71999.258
      generated nodes / s          4.5 k
        solutions created           0.0 
invalid solution (reason: ConflictingEdge(2827, 4056))
