printing solutions in: ./dogs-color/insts/cgshop22/sqrp47890.instance.json.solution.json
printing perfs in: ./dogs-color/insts/cgshop22/sqrp47890.instance.json.perf.json

CGSHOP Instance: compute neighbors...
computing neighbors (0 / 47890)...
computing neighbors (1000 / 47890)...
computing neighbors (2000 / 47890)...
computing neighbors (3000 / 47890)...
computing neighbors (4000 / 47890)...
computing neighbors (5000 / 47890)...
computing neighbors (6000 / 47890)...
computing neighbors (7000 / 47890)...
computing neighbors (8000 / 47890)...
computing neighbors (9000 / 47890)...
computing neighbors (10000 / 47890)...
computing neighbors (11000 / 47890)...
computing neighbors (12000 / 47890)...
computing neighbors (13000 / 47890)...
computing neighbors (14000 / 47890)...
computing neighbors (15000 / 47890)...
computing neighbors (16000 / 47890)...
computing neighbors (17000 / 47890)...
computing neighbors (18000 / 47890)...
computing neighbors (19000 / 47890)...
computing neighbors (20000 / 47890)...
computing neighbors (21000 / 47890)...
computing neighbors (22000 / 47890)...
computing neighbors (23000 / 47890)...
computing neighbors (24000 / 47890)...
computing neighbors (25000 / 47890)...
computing neighbors (26000 / 47890)...
computing neighbors (27000 / 47890)...
computing neighbors (28000 / 47890)...
computing neighbors (29000 / 47890)...
computing neighbors (30000 / 47890)...
computing neighbors (31000 / 47890)...
computing neighbors (32000 / 47890)...
computing neighbors (33000 / 47890)...
computing neighbors (34000 / 47890)...
computing neighbors (35000 / 47890)...
computing neighbors (36000 / 47890)...
computing neighbors (37000 / 47890)...
computing neighbors (38000 / 47890)...
computing neighbors (39000 / 47890)...
computing neighbors (40000 / 47890)...
computing neighbors (41000 / 47890)...
computing neighbors (42000 / 47890)...
computing neighbors (43000 / 47890)...
computing neighbors (44000 / 47890)...
computing neighbors (45000 / 47890)...
computing neighbors (46000 / 47890)...
computing neighbors (47000 / 47890)...
517        vertices
47890      segments
10057      dominations
=======================
CGSHOP Instance: compute neighbors...
computing neighbors (0 / 47890)...
computing neighbors (1000 / 47890)...
computing neighbors (2000 / 47890)...
computing neighbors (3000 / 47890)...
computing neighbors (4000 / 47890)...
computing neighbors (5000 / 47890)...
computing neighbors (6000 / 47890)...
computing neighbors (7000 / 47890)...
computing neighbors (8000 / 47890)...
computing neighbors (9000 / 47890)...
computing neighbors (10000 / 47890)...
computing neighbors (11000 / 47890)...
computing neighbors (12000 / 47890)...
computing neighbors (13000 / 47890)...
computing neighbors (14000 / 47890)...
computing neighbors (15000 / 47890)...
computing neighbors (16000 / 47890)...
computing neighbors (17000 / 47890)...
computing neighbors (18000 / 47890)...
computing neighbors (19000 / 47890)...
computing neighbors (20000 / 47890)...
computing neighbors (21000 / 47890)...
computing neighbors (22000 / 47890)...
computing neighbors (23000 / 47890)...
computing neighbors (24000 / 47890)...
computing neighbors (25000 / 47890)...
computing neighbors (26000 / 47890)...
computing neighbors (27000 / 47890)...
computing neighbors (28000 / 47890)...
computing neighbors (29000 / 47890)...
computing neighbors (30000 / 47890)...
computing neighbors (31000 / 47890)...
computing neighbors (32000 / 47890)...
computing neighbors (33000 / 47890)...
computing neighbors (34000 / 47890)...
computing neighbors (35000 / 47890)...
computing neighbors (36000 / 47890)...
computing neighbors (37000 / 47890)...
computing neighbors (38000 / 47890)...
computing neighbors (39000 / 47890)...
computing neighbors (40000 / 47890)...
computing neighbors (41000 / 47890)...
computing neighbors (42000 / 47890)...
computing neighbors (43000 / 47890)...
computing neighbors (44000 / 47890)...
computing neighbors (45000 / 47890)...
computing neighbors (46000 / 47890)...
computing neighbors (47000 / 47890)...
colored 1000 / 47890...
colored 2000 / 47890...
colored 3000 / 47890...
colored 4000 / 47890...
colored 5000 / 47890...
colored 6000 / 47890...
colored 7000 / 47890...
colored 8000 / 47890...
colored 9000 / 47890...
colored 10000 / 47890...
colored 11000 / 47890...
colored 12000 / 47890...
colored 13000 / 47890...
colored 14000 / 47890...
colored 15000 / 47890...
colored 16000 / 47890...
colored 17000 / 47890...
colored 18000 / 47890...
colored 19000 / 47890...
colored 20000 / 47890...
colored 21000 / 47890...
colored 22000 / 47890...
colored 23000 / 47890...
colored 24000 / 47890...
colored 25000 / 47890...
colored 26000 / 47890...
colored 27000 / 47890...
colored 28000 / 47890...
colored 29000 / 47890...
colored 30000 / 47890...
colored 31000 / 47890...
colored 32000 / 47890...
colored 33000 / 47890...
colored 34000 / 47890...
colored 35000 / 47890...
colored 36000 / 47890...
colored 37000 / 47890...
colored 38000 / 47890...
colored 39000 / 47890...
colored 40000 / 47890...
colored 41000 / 47890...
colored 42000 / 47890...
colored 43000 / 47890...
colored 44000 / 47890...
colored 45000 / 47890...
colored 46000 / 47890...
colored 47000 / 47890...
greedy found 218 colors in 52.302 seconds
 time (s)      nb nodes       objective      
---------------------------------------------
  16.603                      218            
  16.863       345.0          217            
  17.798       1.7 k          216            
  32.823       19.3 k         215            
  103.371      85.6 k         214            
  234.549      255.4 k        213            
  373.175      375.7 k        212            
  578.472      575.0 k        211            
  672.615      685.7 k        210            
  939.666      899.3 k        209            
  1255.633     1.2 M          208            
  1780.341     1.5 M          207            
  4181.307     3.2 M          206            

             nb generated         41.1 M
              nb expanded         31.7 M
               nb trashed           0.0 
     avg branching factor           1.3 
                  nb eval          26.0 
                 nb guide         41.1 M
        time searched (s)      71983.391
      generated nodes / s         570.4 
        solutions created           0.0 
