printing solutions in: ./dogs-color/insts/cgshop22/sqrpecn8508.instance.json.solution.json
printing perfs in: ./dogs-color/insts/cgshop22/sqrpecn8508.instance.json.perf.json

CGSHOP Instance: compute neighbors...
computing neighbors (0 / 8508)...
computing neighbors (1000 / 8508)...
computing neighbors (2000 / 8508)...
computing neighbors (3000 / 8508)...
computing neighbors (4000 / 8508)...
computing neighbors (5000 / 8508)...
computing neighbors (6000 / 8508)...
computing neighbors (7000 / 8508)...
computing neighbors (8000 / 8508)...
12796      vertices
8508       segments
161        dominations
=======================
CGSHOP Instance: compute neighbors...
computing neighbors (0 / 8508)...
computing neighbors (1000 / 8508)...
computing neighbors (2000 / 8508)...
computing neighbors (3000 / 8508)...
computing neighbors (4000 / 8508)...
computing neighbors (5000 / 8508)...
computing neighbors (6000 / 8508)...
computing neighbors (7000 / 8508)...
computing neighbors (8000 / 8508)...
colored 1000 / 8508...
colored 2000 / 8508...
colored 3000 / 8508...
colored 4000 / 8508...
colored 5000 / 8508...
colored 6000 / 8508...
colored 7000 / 8508...
colored 8000 / 8508...
greedy found 247 colors in 1.741 seconds
 time (s)      nb nodes       objective      
---------------------------------------------
  0.665                       247            
  0.683        708.0          246            
  0.752        3.7 k          245            
  0.868        6.8 k          244            
  1.018        10.7 k         243            
  1.162        16.8 k         242            
  1.784        35.4 k         241            
  1.979        45.1 k         240            
  2.066        49.5 k         239            
  2.436        62.1 k         238            
  3.887        99.8 k         237            
  4.154        107.4 k        236            
  4.358        114.0 k        235            
  4.931        128.7 k        234            
  6.825        173.6 k        233            
  7.949        200.5 k        232            
  8.933        220.7 k        231            
  10.215       245.0 k        230            
  14.258       320.9 k        229            
  15.609       346.0 k        228            
  17.522       385.1 k        227            
  24.778       503.3 k        226            
  106.115      1.5 M          225            
  135.129      1.8 M          224            
  567.594      5.1 M          223            
  1780.833     12.1 M         222            

             nb generated        306.0 M
              nb expanded        241.2 M
               nb trashed           0.0 
     avg branching factor           1.3 
                  nb eval          52.0 
                 nb guide        306.0 M
        time searched (s)      71999.328
      generated nodes / s          4.2 k
        solutions created           0.0 
