printing solutions in: ./dogs-color/insts/cgshop22/sqrpecn10560.instance.json.solution.json
printing perfs in: ./dogs-color/insts/cgshop22/sqrpecn10560.instance.json.perf.json

CGSHOP Instance: compute neighbors...
computing neighbors (0 / 10560)...
computing neighbors (1000 / 10560)...
computing neighbors (2000 / 10560)...
computing neighbors (3000 / 10560)...
computing neighbors (4000 / 10560)...
computing neighbors (5000 / 10560)...
computing neighbors (6000 / 10560)...
computing neighbors (7000 / 10560)...
computing neighbors (8000 / 10560)...
computing neighbors (9000 / 10560)...
computing neighbors (10000 / 10560)...
16942      vertices
10560      segments
173        dominations
=======================
CGSHOP Instance: compute neighbors...
computing neighbors (0 / 10560)...
computing neighbors (1000 / 10560)...
computing neighbors (2000 / 10560)...
computing neighbors (3000 / 10560)...
computing neighbors (4000 / 10560)...
computing neighbors (5000 / 10560)...
computing neighbors (6000 / 10560)...
computing neighbors (7000 / 10560)...
computing neighbors (8000 / 10560)...
computing neighbors (9000 / 10560)...
computing neighbors (10000 / 10560)...
colored 1000 / 10560...
colored 2000 / 10560...
colored 3000 / 10560...
colored 4000 / 10560...
colored 5000 / 10560...
colored 6000 / 10560...
colored 7000 / 10560...
colored 8000 / 10560...
colored 9000 / 10560...
colored 10000 / 10560...
greedy found 279 colors in 2.386 seconds
 time (s)      nb nodes       objective      
---------------------------------------------
  1.022                       279            
  1.028        50.0           278            
  1.047        411.0          277            
  1.129        2.4 k          276            
  1.151        2.9 k          275            
  1.268        5.4 k          274            
  1.595        12.7 k         273            
  2.530        37.8 k         272            
  2.641        42.7 k         271            
  3.316        57.6 k         270            
  3.863        71.5 k         269            
  4.135        80.2 k         268            
  4.251        84.4 k         267            
  5.283        106.7 k        266            
  6.274        133.5 k        265            
  7.494        156.8 k        264            
  10.358       204.5 k        263            
  22.009       378.0 k        262            
  36.838       563.5 k        261            
  37.661       574.0 k        260            
  430.337      3.5 M          259            
  437.076      3.6 M          258            
  1715.317     11.1 M         257            

             nb generated        337.6 M
              nb expanded        250.2 M
               nb trashed           0.0 
     avg branching factor           1.3 
                  nb eval          46.0 
                 nb guide        337.6 M
        time searched (s)      71998.977
      generated nodes / s          4.7 k
        solutions created           0.0 
