printing solutions in: ./dogs-color/insts/cgshop22/sqrp34718.instance.json.solution.json
printing perfs in: ./dogs-color/insts/cgshop22/sqrp34718.instance.json.perf.json

CGSHOP Instance: compute neighbors...
computing neighbors (0 / 34718)...
computing neighbors (1000 / 34718)...
computing neighbors (2000 / 34718)...
computing neighbors (3000 / 34718)...
computing neighbors (4000 / 34718)...
computing neighbors (5000 / 34718)...
computing neighbors (6000 / 34718)...
computing neighbors (7000 / 34718)...
computing neighbors (8000 / 34718)...
computing neighbors (9000 / 34718)...
computing neighbors (10000 / 34718)...
computing neighbors (11000 / 34718)...
computing neighbors (12000 / 34718)...
computing neighbors (13000 / 34718)...
computing neighbors (14000 / 34718)...
computing neighbors (15000 / 34718)...
computing neighbors (16000 / 34718)...
computing neighbors (17000 / 34718)...
computing neighbors (18000 / 34718)...
computing neighbors (19000 / 34718)...
computing neighbors (20000 / 34718)...
computing neighbors (21000 / 34718)...
computing neighbors (22000 / 34718)...
computing neighbors (23000 / 34718)...
computing neighbors (24000 / 34718)...
computing neighbors (25000 / 34718)...
computing neighbors (26000 / 34718)...
computing neighbors (27000 / 34718)...
computing neighbors (28000 / 34718)...
computing neighbors (29000 / 34718)...
computing neighbors (30000 / 34718)...
computing neighbors (31000 / 34718)...
computing neighbors (32000 / 34718)...
computing neighbors (33000 / 34718)...
computing neighbors (34000 / 34718)...
740        vertices
34718      segments
4155       dominations
=======================
CGSHOP Instance: compute neighbors...
computing neighbors (0 / 34718)...
computing neighbors (1000 / 34718)...
computing neighbors (2000 / 34718)...
computing neighbors (3000 / 34718)...
computing neighbors (4000 / 34718)...
computing neighbors (5000 / 34718)...
computing neighbors (6000 / 34718)...
computing neighbors (7000 / 34718)...
computing neighbors (8000 / 34718)...
computing neighbors (9000 / 34718)...
computing neighbors (10000 / 34718)...
computing neighbors (11000 / 34718)...
computing neighbors (12000 / 34718)...
computing neighbors (13000 / 34718)...
computing neighbors (14000 / 34718)...
computing neighbors (15000 / 34718)...
computing neighbors (16000 / 34718)...
computing neighbors (17000 / 34718)...
computing neighbors (18000 / 34718)...
computing neighbors (19000 / 34718)...
computing neighbors (20000 / 34718)...
computing neighbors (21000 / 34718)...
computing neighbors (22000 / 34718)...
computing neighbors (23000 / 34718)...
computing neighbors (24000 / 34718)...
computing neighbors (25000 / 34718)...
computing neighbors (26000 / 34718)...
computing neighbors (27000 / 34718)...
computing neighbors (28000 / 34718)...
computing neighbors (29000 / 34718)...
computing neighbors (30000 / 34718)...
computing neighbors (31000 / 34718)...
computing neighbors (32000 / 34718)...
computing neighbors (33000 / 34718)...
computing neighbors (34000 / 34718)...
colored 1000 / 34718...
colored 2000 / 34718...
colored 3000 / 34718...
colored 4000 / 34718...
colored 5000 / 34718...
colored 6000 / 34718...
colored 7000 / 34718...
colored 8000 / 34718...
colored 9000 / 34718...
colored 10000 / 34718...
colored 11000 / 34718...
colored 12000 / 34718...
colored 13000 / 34718...
colored 14000 / 34718...
colored 15000 / 34718...
colored 16000 / 34718...
colored 17000 / 34718...
colored 18000 / 34718...
colored 19000 / 34718...
colored 20000 / 34718...
colored 21000 / 34718...
colored 22000 / 34718...
colored 23000 / 34718...
colored 24000 / 34718...
colored 25000 / 34718...
colored 26000 / 34718...
colored 27000 / 34718...
colored 28000 / 34718...
colored 29000 / 34718...
colored 30000 / 34718...
colored 31000 / 34718...
colored 32000 / 34718...
colored 33000 / 34718...
colored 34000 / 34718...
greedy found 225 colors in 26.927 seconds
 time (s)      nb nodes       objective      
---------------------------------------------
  9.033                       225            
  9.059        25.0           224            
  10.512       2.4 k          223            
  12.570       5.9 k          222            
  14.529       9.8 k          221            
  37.800       49.3 k         220            
  70.655       101.8 k        219            
  81.043       128.5 k        218            
  557.547      819.5 k        217            
  1582.112     1.8 M          216            
  2106.447     2.3 M          215            
  4320.380     4.4 M          214            

             nb generated         50.9 M
              nb expanded         42.1 M
               nb trashed           0.0 
     avg branching factor           1.2 
                  nb eval          24.0 
                 nb guide         50.9 M
        time searched (s)      71990.961
      generated nodes / s         707.2 
        solutions created           0.0 
