printing solutions in: ./dogs-color/insts/cgshop22/sqrpecn58790.instance.json.solution.json
printing perfs in: ./dogs-color/insts/cgshop22/sqrpecn58790.instance.json.perf.json

CGSHOP Instance: compute neighbors...
computing neighbors (0 / 58790)...
computing neighbors (1000 / 58790)...
computing neighbors (2000 / 58790)...
computing neighbors (3000 / 58790)...
computing neighbors (4000 / 58790)...
computing neighbors (5000 / 58790)...
computing neighbors (6000 / 58790)...
computing neighbors (7000 / 58790)...
computing neighbors (8000 / 58790)...
computing neighbors (9000 / 58790)...
computing neighbors (10000 / 58790)...
computing neighbors (11000 / 58790)...
computing neighbors (12000 / 58790)...
computing neighbors (13000 / 58790)...
computing neighbors (14000 / 58790)...
computing neighbors (15000 / 58790)...
computing neighbors (16000 / 58790)...
computing neighbors (17000 / 58790)...
computing neighbors (18000 / 58790)...
computing neighbors (19000 / 58790)...
computing neighbors (20000 / 58790)...
computing neighbors (21000 / 58790)...
computing neighbors (22000 / 58790)...
computing neighbors (23000 / 58790)...
computing neighbors (24000 / 58790)...
computing neighbors (25000 / 58790)...
computing neighbors (26000 / 58790)...
computing neighbors (27000 / 58790)...
computing neighbors (28000 / 58790)...
computing neighbors (29000 / 58790)...
computing neighbors (30000 / 58790)...
computing neighbors (31000 / 58790)...
computing neighbors (32000 / 58790)...
computing neighbors (33000 / 58790)...
computing neighbors (34000 / 58790)...
computing neighbors (35000 / 58790)...
computing neighbors (36000 / 58790)...
computing neighbors (37000 / 58790)...
computing neighbors (38000 / 58790)...
computing neighbors (39000 / 58790)...
computing neighbors (40000 / 58790)...
computing neighbors (41000 / 58790)...
computing neighbors (42000 / 58790)...
computing neighbors (43000 / 58790)...
computing neighbors (44000 / 58790)...
computing neighbors (45000 / 58790)...
computing neighbors (46000 / 58790)...
computing neighbors (47000 / 58790)...
computing neighbors (48000 / 58790)...
computing neighbors (49000 / 58790)...
computing neighbors (50000 / 58790)...
computing neighbors (51000 / 58790)...
computing neighbors (52000 / 58790)...
computing neighbors (53000 / 58790)...
computing neighbors (54000 / 58790)...
computing neighbors (55000 / 58790)...
computing neighbors (56000 / 58790)...
computing neighbors (57000 / 58790)...
computing neighbors (58000 / 58790)...
88172      vertices
58790      segments
533        dominations
=======================
CGSHOP Instance: compute neighbors...
computing neighbors (0 / 58790)...
computing neighbors (1000 / 58790)...
computing neighbors (2000 / 58790)...
computing neighbors (3000 / 58790)...
computing neighbors (4000 / 58790)...
computing neighbors (5000 / 58790)...
computing neighbors (6000 / 58790)...
computing neighbors (7000 / 58790)...
computing neighbors (8000 / 58790)...
computing neighbors (9000 / 58790)...
computing neighbors (10000 / 58790)...
computing neighbors (11000 / 58790)...
computing neighbors (12000 / 58790)...
computing neighbors (13000 / 58790)...
computing neighbors (14000 / 58790)...
computing neighbors (15000 / 58790)...
computing neighbors (16000 / 58790)...
computing neighbors (17000 / 58790)...
computing neighbors (18000 / 58790)...
computing neighbors (19000 / 58790)...
computing neighbors (20000 / 58790)...
computing neighbors (21000 / 58790)...
computing neighbors (22000 / 58790)...
computing neighbors (23000 / 58790)...
computing neighbors (24000 / 58790)...
computing neighbors (25000 / 58790)...
computing neighbors (26000 / 58790)...
computing neighbors (27000 / 58790)...
computing neighbors (28000 / 58790)...
computing neighbors (29000 / 58790)...
computing neighbors (30000 / 58790)...
computing neighbors (31000 / 58790)...
computing neighbors (32000 / 58790)...
computing neighbors (33000 / 58790)...
computing neighbors (34000 / 58790)...
computing neighbors (35000 / 58790)...
computing neighbors (36000 / 58790)...
computing neighbors (37000 / 58790)...
computing neighbors (38000 / 58790)...
computing neighbors (39000 / 58790)...
computing neighbors (40000 / 58790)...
computing neighbors (41000 / 58790)...
computing neighbors (42000 / 58790)...
computing neighbors (43000 / 58790)...
computing neighbors (44000 / 58790)...
computing neighbors (45000 / 58790)...
computing neighbors (46000 / 58790)...
computing neighbors (47000 / 58790)...
computing neighbors (48000 / 58790)...
computing neighbors (49000 / 58790)...
computing neighbors (50000 / 58790)...
computing neighbors (51000 / 58790)...
computing neighbors (52000 / 58790)...
computing neighbors (53000 / 58790)...
computing neighbors (54000 / 58790)...
computing neighbors (55000 / 58790)...
computing neighbors (56000 / 58790)...
computing neighbors (57000 / 58790)...
computing neighbors (58000 / 58790)...
colored 1000 / 58790...
colored 2000 / 58790...
colored 3000 / 58790...
colored 4000 / 58790...
colored 5000 / 58790...
colored 6000 / 58790...
colored 7000 / 58790...
colored 8000 / 58790...
colored 9000 / 58790...
colored 10000 / 58790...
colored 11000 / 58790...
colored 12000 / 58790...
colored 13000 / 58790...
colored 14000 / 58790...
colored 15000 / 58790...
colored 16000 / 58790...
colored 17000 / 58790...
colored 18000 / 58790...
colored 19000 / 58790...
colored 20000 / 58790...
colored 21000 / 58790...
colored 22000 / 58790...
colored 23000 / 58790...
colored 24000 / 58790...
colored 25000 / 58790...
colored 26000 / 58790...
colored 27000 / 58790...
colored 28000 / 58790...
colored 29000 / 58790...
colored 30000 / 58790...
colored 31000 / 58790...
colored 32000 / 58790...
colored 33000 / 58790...
colored 34000 / 58790...
colored 35000 / 58790...
colored 36000 / 58790...
colored 37000 / 58790...
colored 38000 / 58790...
colored 39000 / 58790...
colored 40000 / 58790...
colored 41000 / 58790...
colored 42000 / 58790...
colored 43000 / 58790...
colored 44000 / 58790...
colored 45000 / 58790...
colored 46000 / 58790...
colored 47000 / 58790...
colored 48000 / 58790...
colored 49000 / 58790...
colored 50000 / 58790...
colored 51000 / 58790...
colored 52000 / 58790...
colored 53000 / 58790...
colored 54000 / 58790...
colored 55000 / 58790...
colored 56000 / 58790...
colored 57000 / 58790...
colored 58000 / 58790...
greedy found 643 colors in 151.386 seconds
 time (s)      nb nodes       objective      
---------------------------------------------
  30.984                      643            
  31.133       98.0           642            
  32.435       1.7 k          641            
  35.708       6.3 k          640            
  37.972       9.8 k          639            
  42.508       15.3 k         638            
  44.563       18.6 k         637            
  62.862       37.3 k         636            
  69.185       47.8 k         635            
  87.562       68.5 k         634            
  92.721       95.0 k         633            
  97.759       122.7 k        632            
  101.838      130.0 k        631            
  114.830      159.0 k        630            
  121.030      178.2 k        629            
  131.761      202.7 k        628            
  155.714      233.3 k        627            
  208.252      283.6 k        626            
  215.417      315.1 k        625            
  230.315      350.0 k        624            
  242.402      390.0 k        623            
  265.105      466.1 k        622            
  288.184      514.1 k        621            
  350.218      623.9 k        620            
  368.773      675.8 k        619            
  379.001      700.9 k        618            
  429.841      753.8 k        617            
  442.289      782.9 k        616            
  493.473      873.4 k        615            
  507.456      916.0 k        614            
  558.695      959.1 k        613            
  598.229      1.0 M          612            
  617.289      1.0 M          611            
  707.295      1.1 M          610            
  738.196      1.2 M          609            
  812.414      1.2 M          608            
  850.644      1.3 M          607            
  881.625      1.4 M          606            
  944.742      1.4 M          605            
  1026.917     1.5 M          604            
  1078.844     1.6 M          603            
  1300.659     1.8 M          602            
  1611.977     2.0 M          601            
  1712.799     2.1 M          600            
  1820.818     2.2 M          599            
  1867.343     2.2 M          598            
  1967.725     2.3 M          597            
  2087.619     2.4 M          596            
  2238.211     2.6 M          595            
  2672.789     2.9 M          594            
  2781.238     3.0 M          593            
  3104.227     3.2 M          592            
  3608.081     3.5 M          591            
  5539.997     4.6 M          590            
  8101.285     6.0 M          589            
  8180.115     6.0 M          588            
  9432.260     6.6 M          587            
  15306.814    9.5 M          586            
  15357.592    9.5 M          585            
  15714.144    9.7 M          584            
  16030.283    9.9 M          583            
  16713.646    10.2 M         582            

             nb generated         31.7 M
              nb expanded         16.5 M
               nb trashed           0.0 
     avg branching factor           1.9 
                  nb eval         124.0 
                 nb guide         31.7 M
        time searched (s)      71969.016
      generated nodes / s         441.0 
        solutions created           0.0 
