printing solutions in: ./dogs-color/insts/cgshop22/sqrpecn51856.instance.json.solution.json
printing perfs in: ./dogs-color/insts/cgshop22/sqrpecn51856.instance.json.perf.json

CGSHOP Instance: compute neighbors...
computing neighbors (0 / 51856)...
computing neighbors (1000 / 51856)...
computing neighbors (2000 / 51856)...
computing neighbors (3000 / 51856)...
computing neighbors (4000 / 51856)...
computing neighbors (5000 / 51856)...
computing neighbors (6000 / 51856)...
computing neighbors (7000 / 51856)...
computing neighbors (8000 / 51856)...
computing neighbors (9000 / 51856)...
computing neighbors (10000 / 51856)...
computing neighbors (11000 / 51856)...
computing neighbors (12000 / 51856)...
computing neighbors (13000 / 51856)...
computing neighbors (14000 / 51856)...
computing neighbors (15000 / 51856)...
computing neighbors (16000 / 51856)...
computing neighbors (17000 / 51856)...
computing neighbors (18000 / 51856)...
computing neighbors (19000 / 51856)...
computing neighbors (20000 / 51856)...
computing neighbors (21000 / 51856)...
computing neighbors (22000 / 51856)...
computing neighbors (23000 / 51856)...
computing neighbors (24000 / 51856)...
computing neighbors (25000 / 51856)...
computing neighbors (26000 / 51856)...
computing neighbors (27000 / 51856)...
computing neighbors (28000 / 51856)...
computing neighbors (29000 / 51856)...
computing neighbors (30000 / 51856)...
computing neighbors (31000 / 51856)...
computing neighbors (32000 / 51856)...
computing neighbors (33000 / 51856)...
computing neighbors (34000 / 51856)...
computing neighbors (35000 / 51856)...
computing neighbors (36000 / 51856)...
computing neighbors (37000 / 51856)...
computing neighbors (38000 / 51856)...
computing neighbors (39000 / 51856)...
computing neighbors (40000 / 51856)...
computing neighbors (41000 / 51856)...
computing neighbors (42000 / 51856)...
computing neighbors (43000 / 51856)...
computing neighbors (44000 / 51856)...
computing neighbors (45000 / 51856)...
computing neighbors (46000 / 51856)...
computing neighbors (47000 / 51856)...
computing neighbors (48000 / 51856)...
computing neighbors (49000 / 51856)...
computing neighbors (50000 / 51856)...
computing neighbors (51000 / 51856)...
77905      vertices
51856      segments
516        dominations
=======================
CGSHOP Instance: compute neighbors...
computing neighbors (0 / 51856)...
computing neighbors (1000 / 51856)...
computing neighbors (2000 / 51856)...
computing neighbors (3000 / 51856)...
computing neighbors (4000 / 51856)...
computing neighbors (5000 / 51856)...
computing neighbors (6000 / 51856)...
computing neighbors (7000 / 51856)...
computing neighbors (8000 / 51856)...
computing neighbors (9000 / 51856)...
computing neighbors (10000 / 51856)...
computing neighbors (11000 / 51856)...
computing neighbors (12000 / 51856)...
computing neighbors (13000 / 51856)...
computing neighbors (14000 / 51856)...
computing neighbors (15000 / 51856)...
computing neighbors (16000 / 51856)...
computing neighbors (17000 / 51856)...
computing neighbors (18000 / 51856)...
computing neighbors (19000 / 51856)...
computing neighbors (20000 / 51856)...
computing neighbors (21000 / 51856)...
computing neighbors (22000 / 51856)...
computing neighbors (23000 / 51856)...
computing neighbors (24000 / 51856)...
computing neighbors (25000 / 51856)...
computing neighbors (26000 / 51856)...
computing neighbors (27000 / 51856)...
computing neighbors (28000 / 51856)...
computing neighbors (29000 / 51856)...
computing neighbors (30000 / 51856)...
computing neighbors (31000 / 51856)...
computing neighbors (32000 / 51856)...
computing neighbors (33000 / 51856)...
computing neighbors (34000 / 51856)...
computing neighbors (35000 / 51856)...
computing neighbors (36000 / 51856)...
computing neighbors (37000 / 51856)...
computing neighbors (38000 / 51856)...
computing neighbors (39000 / 51856)...
computing neighbors (40000 / 51856)...
computing neighbors (41000 / 51856)...
computing neighbors (42000 / 51856)...
computing neighbors (43000 / 51856)...
computing neighbors (44000 / 51856)...
computing neighbors (45000 / 51856)...
computing neighbors (46000 / 51856)...
computing neighbors (47000 / 51856)...
computing neighbors (48000 / 51856)...
computing neighbors (49000 / 51856)...
computing neighbors (50000 / 51856)...
computing neighbors (51000 / 51856)...
colored 1000 / 51856...
colored 2000 / 51856...
colored 3000 / 51856...
colored 4000 / 51856...
colored 5000 / 51856...
colored 6000 / 51856...
colored 7000 / 51856...
colored 8000 / 51856...
colored 9000 / 51856...
colored 10000 / 51856...
colored 11000 / 51856...
colored 12000 / 51856...
colored 13000 / 51856...
colored 14000 / 51856...
colored 15000 / 51856...
colored 16000 / 51856...
colored 17000 / 51856...
colored 18000 / 51856...
colored 19000 / 51856...
colored 20000 / 51856...
colored 21000 / 51856...
colored 22000 / 51856...
colored 23000 / 51856...
colored 24000 / 51856...
colored 25000 / 51856...
colored 26000 / 51856...
colored 27000 / 51856...
colored 28000 / 51856...
colored 29000 / 51856...
colored 30000 / 51856...
colored 31000 / 51856...
colored 32000 / 51856...
colored 33000 / 51856...
colored 34000 / 51856...
colored 35000 / 51856...
colored 36000 / 51856...
colored 37000 / 51856...
colored 38000 / 51856...
colored 39000 / 51856...
colored 40000 / 51856...
colored 41000 / 51856...
colored 42000 / 51856...
colored 43000 / 51856...
colored 44000 / 51856...
colored 45000 / 51856...
colored 46000 / 51856...
colored 47000 / 51856...
colored 48000 / 51856...
colored 49000 / 51856...
colored 50000 / 51856...
colored 51000 / 51856...
greedy found 554 colors in 113.937 seconds
 time (s)      nb nodes       objective      
---------------------------------------------
  23.664                      554            
  24.164       123.0          553            
  24.988       1.8 k          552            
  26.629       5.1 k          551            
  29.285       9.7 k          550            
  34.070       16.9 k         549            
  40.745       29.7 k         548            
  43.851       52.5 k         547            
  59.298       96.6 k         546            
  66.585       115.8 k        545            
  79.397       149.4 k        544            
  90.125       192.1 k        543            
  118.124      241.0 k        542            
  128.862      259.1 k        541            
  146.342      305.4 k        540            
  153.342      337.8 k        539            
  169.356      379.8 k        538            
  203.075      453.7 k        537            
  298.250      575.3 k        536            
  309.076      599.4 k        535            
  321.233      622.3 k        534            
  331.109      642.8 k        533            
  351.462      686.5 k        532            
  376.643      727.8 k        531            
  539.247      896.3 k        530            
  695.971      1.0 M          529            
  703.654      1.1 M          528            
  725.820      1.1 M          527            
  757.840      1.1 M          526            
  765.996      1.2 M          525            
  773.562      1.2 M          524            
  842.833      1.3 M          523            
  1019.490     1.4 M          522            
  1092.374     1.5 M          521            
  1141.519     1.6 M          520            
  1201.625     1.6 M          519            
  1271.302     1.7 M          518            
  1359.128     1.8 M          517            
  1500.704     1.9 M          516            
  2319.080     2.5 M          515            
  2633.424     2.8 M          514            
  3957.027     3.7 M          513            
  4023.165     3.8 M          512            
  4379.670     4.0 M          511            
  4450.727     4.1 M          510            
  4942.527     4.4 M          509            
  5459.953     4.8 M          508            
  9850.768     7.3 M          507            
  17656.441    11.4 M         506            
  24453.695    14.5 M         505            
  34472.336    19.1 M         504            
  57429.066    28.8 M         503            
  61088.465    30.3 M         502            

             nb generated         35.0 M
              nb expanded         20.1 M
               nb trashed           0.0 
     avg branching factor           1.7 
                  nb eval         106.0 
                 nb guide         35.0 M
        time searched (s)      71976.336
      generated nodes / s         486.3 
        solutions created           0.0 
