printing solutions in: ./dogs-color/insts/cgshop22/sqrpecn18520.instance.json.solution.json
printing perfs in: ./dogs-color/insts/cgshop22/sqrpecn18520.instance.json.perf.json

CGSHOP Instance: compute neighbors...
computing neighbors (0 / 18520)...
computing neighbors (1000 / 18520)...
computing neighbors (2000 / 18520)...
computing neighbors (3000 / 18520)...
computing neighbors (4000 / 18520)...
computing neighbors (5000 / 18520)...
computing neighbors (6000 / 18520)...
computing neighbors (7000 / 18520)...
computing neighbors (8000 / 18520)...
computing neighbors (9000 / 18520)...
computing neighbors (10000 / 18520)...
computing neighbors (11000 / 18520)...
computing neighbors (12000 / 18520)...
computing neighbors (13000 / 18520)...
computing neighbors (14000 / 18520)...
computing neighbors (15000 / 18520)...
computing neighbors (16000 / 18520)...
computing neighbors (17000 / 18520)...
computing neighbors (18000 / 18520)...
29600      vertices
18520      segments
220        dominations
=======================
CGSHOP Instance: compute neighbors...
computing neighbors (0 / 18520)...
computing neighbors (1000 / 18520)...
computing neighbors (2000 / 18520)...
computing neighbors (3000 / 18520)...
computing neighbors (4000 / 18520)...
computing neighbors (5000 / 18520)...
computing neighbors (6000 / 18520)...
computing neighbors (7000 / 18520)...
computing neighbors (8000 / 18520)...
computing neighbors (9000 / 18520)...
computing neighbors (10000 / 18520)...
computing neighbors (11000 / 18520)...
computing neighbors (12000 / 18520)...
computing neighbors (13000 / 18520)...
computing neighbors (14000 / 18520)...
computing neighbors (15000 / 18520)...
computing neighbors (16000 / 18520)...
computing neighbors (17000 / 18520)...
computing neighbors (18000 / 18520)...
colored 1000 / 18520...
colored 2000 / 18520...
colored 3000 / 18520...
colored 4000 / 18520...
colored 5000 / 18520...
colored 6000 / 18520...
colored 7000 / 18520...
colored 8000 / 18520...
colored 9000 / 18520...
colored 10000 / 18520...
colored 11000 / 18520...
colored 12000 / 18520...
colored 13000 / 18520...
colored 14000 / 18520...
colored 15000 / 18520...
colored 16000 / 18520...
colored 17000 / 18520...
colored 18000 / 18520...
greedy found 383 colors in 7.569 seconds
 time (s)      nb nodes       objective      
---------------------------------------------
  3.065                       383            
  3.094        548.0          382            
  3.268        4.0 k          381            
  4.340        19.3 k         380            
  5.009        34.0 k         379            
  5.949        57.4 k         378            
  6.301        65.6 k         377            
  6.607        70.6 k         376            
  7.059        82.2 k         375            
  8.053        101.9 k        374            
  8.411        109.8 k        373            
  8.803        119.5 k        372            
  9.417        127.6 k        371            
  9.998        141.5 k        370            
  10.237       146.1 k        369            
  10.767       154.6 k        368            
  11.965       173.4 k        367            
  14.210       209.7 k        366            
  17.328       255.3 k        365            
  20.577       302.6 k        364            
  22.247       325.5 k        363            
  23.773       346.3 k        362            
  25.542       371.5 k        361            
  27.717       394.5 k        360            
  31.978       441.5 k        359            
  32.984       452.0 k        358            
  34.421       474.3 k        357            
  35.814       488.3 k        356            
  37.586       516.2 k        355            
  40.265       543.2 k        354            
  48.657       615.2 k        353            
  56.158       679.0 k        352            
  58.878       707.3 k        351            
  62.736       746.3 k        350            
  73.742       823.0 k        349            
  88.064       927.4 k        348            
  92.127       963.2 k        347            
  98.718       1.0 M          346            
  111.733      1.1 M          345            
  117.577      1.1 M          344            
  118.252      1.2 M          343            
  121.524      1.2 M          342            
  157.578      1.4 M          341            
  167.051      1.5 M          340            
  251.340      1.9 M          339            
  253.797      2.0 M          338            
  275.004      2.1 M          337            
  288.110      2.2 M          336            
  311.631      2.3 M          335            
  319.673      2.3 M          334            
  360.986      2.6 M          333            
  1852.640     7.0 M          332            
  1868.963     7.1 M          331            
  1937.168     7.3 M          330            
  2008.190     7.5 M          329            
  2422.766     8.7 M          328            
  2549.140     9.2 M          327            
  7283.452     20.2 M         326            
  11321.604    28.8 M         325            
  16598.414    39.2 M         324            
  48570.402    96.5 M         323            
  54575.379    107.8 M        322            

             nb generated        137.9 M
              nb expanded         91.5 M
               nb trashed           0.0 
     avg branching factor           1.5 
                  nb eval         124.0 
                 nb guide        137.9 M
        time searched (s)      71996.930
      generated nodes / s          1.9 k
        solutions created           0.0 
