printing solutions in: ./dogs-color/insts/cgshop22/sqrp26930.instance.json.solution.json
printing perfs in: ./dogs-color/insts/cgshop22/sqrp26930.instance.json.perf.json

CGSHOP Instance: compute neighbors...
computing neighbors (0 / 26930)...
computing neighbors (1000 / 26930)...
computing neighbors (2000 / 26930)...
computing neighbors (3000 / 26930)...
computing neighbors (4000 / 26930)...
computing neighbors (5000 / 26930)...
computing neighbors (6000 / 26930)...
computing neighbors (7000 / 26930)...
computing neighbors (8000 / 26930)...
computing neighbors (9000 / 26930)...
computing neighbors (10000 / 26930)...
computing neighbors (11000 / 26930)...
computing neighbors (12000 / 26930)...
computing neighbors (13000 / 26930)...
computing neighbors (14000 / 26930)...
computing neighbors (15000 / 26930)...
computing neighbors (16000 / 26930)...
computing neighbors (17000 / 26930)...
computing neighbors (18000 / 26930)...
computing neighbors (19000 / 26930)...
computing neighbors (20000 / 26930)...
computing neighbors (21000 / 26930)...
computing neighbors (22000 / 26930)...
computing neighbors (23000 / 26930)...
computing neighbors (24000 / 26930)...
computing neighbors (25000 / 26930)...
computing neighbors (26000 / 26930)...
596        vertices
26930      segments
4201       dominations
=======================
CGSHOP Instance: compute neighbors...
computing neighbors (0 / 26930)...
computing neighbors (1000 / 26930)...
computing neighbors (2000 / 26930)...
computing neighbors (3000 / 26930)...
computing neighbors (4000 / 26930)...
computing neighbors (5000 / 26930)...
computing neighbors (6000 / 26930)...
computing neighbors (7000 / 26930)...
computing neighbors (8000 / 26930)...
computing neighbors (9000 / 26930)...
computing neighbors (10000 / 26930)...
computing neighbors (11000 / 26930)...
computing neighbors (12000 / 26930)...
computing neighbors (13000 / 26930)...
computing neighbors (14000 / 26930)...
computing neighbors (15000 / 26930)...
computing neighbors (16000 / 26930)...
computing neighbors (17000 / 26930)...
computing neighbors (18000 / 26930)...
computing neighbors (19000 / 26930)...
computing neighbors (20000 / 26930)...
computing neighbors (21000 / 26930)...
computing neighbors (22000 / 26930)...
computing neighbors (23000 / 26930)...
computing neighbors (24000 / 26930)...
computing neighbors (25000 / 26930)...
computing neighbors (26000 / 26930)...
colored 1000 / 26930...
colored 2000 / 26930...
colored 3000 / 26930...
colored 4000 / 26930...
colored 5000 / 26930...
colored 6000 / 26930...
colored 7000 / 26930...
colored 8000 / 26930...
colored 9000 / 26930...
colored 10000 / 26930...
colored 11000 / 26930...
colored 12000 / 26930...
colored 13000 / 26930...
colored 14000 / 26930...
colored 15000 / 26930...
colored 16000 / 26930...
colored 17000 / 26930...
colored 18000 / 26930...
colored 19000 / 26930...
colored 20000 / 26930...
colored 21000 / 26930...
colored 22000 / 26930...
colored 23000 / 26930...
colored 24000 / 26930...
colored 25000 / 26930...
colored 26000 / 26930...
greedy found 198 colors in 21.827 seconds
 time (s)      nb nodes       objective      
---------------------------------------------
  6.468                       198            
  6.545        164.0          197            
  6.920        503.0          196            
  8.566        3.6 k          195            
  39.250       56.8 k         194            
  83.381       118.3 k        193            
  246.062      347.8 k        192            

             nb generated         52.8 M
              nb expanded         45.0 M
               nb trashed           0.0 
     avg branching factor           1.2 
                  nb eval          14.0 
                 nb guide         52.8 M
        time searched (s)      71993.531
      generated nodes / s         732.9 
        solutions created           0.0 
