printing solutions in: ./dogs-color/insts/cgshop22/sqrpecn39689.instance.json.solution.json
printing perfs in: ./dogs-color/insts/cgshop22/sqrpecn39689.instance.json.perf.json

CGSHOP Instance: compute neighbors...
computing neighbors (0 / 39689)...
computing neighbors (1000 / 39689)...
computing neighbors (2000 / 39689)...
computing neighbors (3000 / 39689)...
computing neighbors (4000 / 39689)...
computing neighbors (5000 / 39689)...
computing neighbors (6000 / 39689)...
computing neighbors (7000 / 39689)...
computing neighbors (8000 / 39689)...
computing neighbors (9000 / 39689)...
computing neighbors (10000 / 39689)...
computing neighbors (11000 / 39689)...
computing neighbors (12000 / 39689)...
computing neighbors (13000 / 39689)...
computing neighbors (14000 / 39689)...
computing neighbors (15000 / 39689)...
computing neighbors (16000 / 39689)...
computing neighbors (17000 / 39689)...
computing neighbors (18000 / 39689)...
computing neighbors (19000 / 39689)...
computing neighbors (20000 / 39689)...
computing neighbors (21000 / 39689)...
computing neighbors (22000 / 39689)...
computing neighbors (23000 / 39689)...
computing neighbors (24000 / 39689)...
computing neighbors (25000 / 39689)...
computing neighbors (26000 / 39689)...
computing neighbors (27000 / 39689)...
computing neighbors (28000 / 39689)...
computing neighbors (29000 / 39689)...
computing neighbors (30000 / 39689)...
computing neighbors (31000 / 39689)...
computing neighbors (32000 / 39689)...
computing neighbors (33000 / 39689)...
computing neighbors (34000 / 39689)...
computing neighbors (35000 / 39689)...
computing neighbors (36000 / 39689)...
computing neighbors (37000 / 39689)...
computing neighbors (38000 / 39689)...
computing neighbors (39000 / 39689)...
59380      vertices
39689      segments
447        dominations
=======================
CGSHOP Instance: compute neighbors...
computing neighbors (0 / 39689)...
computing neighbors (1000 / 39689)...
computing neighbors (2000 / 39689)...
computing neighbors (3000 / 39689)...
computing neighbors (4000 / 39689)...
computing neighbors (5000 / 39689)...
computing neighbors (6000 / 39689)...
computing neighbors (7000 / 39689)...
computing neighbors (8000 / 39689)...
computing neighbors (9000 / 39689)...
computing neighbors (10000 / 39689)...
computing neighbors (11000 / 39689)...
computing neighbors (12000 / 39689)...
computing neighbors (13000 / 39689)...
computing neighbors (14000 / 39689)...
computing neighbors (15000 / 39689)...
computing neighbors (16000 / 39689)...
computing neighbors (17000 / 39689)...
computing neighbors (18000 / 39689)...
computing neighbors (19000 / 39689)...
computing neighbors (20000 / 39689)...
computing neighbors (21000 / 39689)...
computing neighbors (22000 / 39689)...
computing neighbors (23000 / 39689)...
computing neighbors (24000 / 39689)...
computing neighbors (25000 / 39689)...
computing neighbors (26000 / 39689)...
computing neighbors (27000 / 39689)...
computing neighbors (28000 / 39689)...
computing neighbors (29000 / 39689)...
computing neighbors (30000 / 39689)...
computing neighbors (31000 / 39689)...
computing neighbors (32000 / 39689)...
computing neighbors (33000 / 39689)...
computing neighbors (34000 / 39689)...
computing neighbors (35000 / 39689)...
computing neighbors (36000 / 39689)...
computing neighbors (37000 / 39689)...
computing neighbors (38000 / 39689)...
computing neighbors (39000 / 39689)...
colored 1000 / 39689...
colored 2000 / 39689...
colored 3000 / 39689...
colored 4000 / 39689...
colored 5000 / 39689...
colored 6000 / 39689...
colored 7000 / 39689...
colored 8000 / 39689...
colored 9000 / 39689...
colored 10000 / 39689...
colored 11000 / 39689...
colored 12000 / 39689...
colored 13000 / 39689...
colored 14000 / 39689...
colored 15000 / 39689...
colored 16000 / 39689...
colored 17000 / 39689...
colored 18000 / 39689...
colored 19000 / 39689...
colored 20000 / 39689...
colored 21000 / 39689...
colored 22000 / 39689...
colored 23000 / 39689...
colored 24000 / 39689...
colored 25000 / 39689...
colored 26000 / 39689...
colored 27000 / 39689...
colored 28000 / 39689...
colored 29000 / 39689...
colored 30000 / 39689...
colored 31000 / 39689...
colored 32000 / 39689...
colored 33000 / 39689...
colored 34000 / 39689...
colored 35000 / 39689...
colored 36000 / 39689...
colored 37000 / 39689...
colored 38000 / 39689...
colored 39000 / 39689...
greedy found 519 colors in 55.085 seconds
 time (s)      nb nodes       objective      
---------------------------------------------
  13.955                      519            
  13.981       3.0            518            
  14.176       9.0            517            
  14.533       1.5 k          516            
  14.599       2.1 k          515            
  15.307       4.0 k          514            
  15.549       4.8 k          513            
  16.031       6.4 k          512            
  18.811       14.9 k         511            
  19.982       18.5 k         510            
  24.128       44.8 k         509            
  29.186       71.1 k         508            
  31.352       87.5 k         507            
  32.692       99.4 k         506            
  36.749       115.2 k        505            
  44.327       150.3 k        504            
  47.522       181.2 k        503            
  49.648       196.8 k        502            
  52.929       220.5 k        501            
  63.601       279.0 k        500            
  72.470       310.6 k        499            
  76.531       347.4 k        498            
  82.601       367.2 k        497            
  90.585       399.2 k        496            
  98.848       440.6 k        495            
  111.628      493.8 k        494            
  123.116      534.2 k        493            
  128.883      556.8 k        492            
  130.690      572.5 k        491            
  156.820      639.3 k        490            
  171.063      682.0 k        489            
  174.114      706.2 k        488            
  213.403      795.7 k        487            
  220.493      832.7 k        486            
  227.499      861.6 k        485            
  233.619      888.2 k        484            
  279.070      1.0 M          483            
  300.894      1.1 M          482            
  331.518      1.1 M          481            
  464.060      1.4 M          480            
  492.258      1.4 M          479            
  542.646      1.5 M          478            
  573.583      1.6 M          477            
  680.004      1.7 M          476            
  805.422      1.9 M          475            
  830.889      2.0 M          474            
  944.302      2.2 M          473            
  1040.879     2.3 M          472            
  1327.643     2.7 M          471            
  1692.424     3.1 M          470            
  1816.860     3.2 M          469            
  2046.350     3.5 M          468            
  2151.421     3.6 M          467            
  2600.638     4.1 M          466            
  36883.121    27.3 M         465            
  44006.773    31.8 M         464            
  44679.805    32.2 M         463            
  50311.504    35.8 M         462            

             nb generated         49.0 M
              nb expanded         28.3 M
               nb trashed           0.0 
     avg branching factor           1.7 
                  nb eval         116.0 
                 nb guide         49.0 M
        time searched (s)      71986.039
      generated nodes / s         680.4 
        solutions created           0.0 
