printing solutions in: ./dogs-color/insts/cgshop22/sqrpecn23873.instance.json.solution.json
printing perfs in: ./dogs-color/insts/cgshop22/sqrpecn23873.instance.json.perf.json

CGSHOP Instance: compute neighbors...
computing neighbors (0 / 23873)...
computing neighbors (1000 / 23873)...
computing neighbors (2000 / 23873)...
computing neighbors (3000 / 23873)...
computing neighbors (4000 / 23873)...
computing neighbors (5000 / 23873)...
computing neighbors (6000 / 23873)...
computing neighbors (7000 / 23873)...
computing neighbors (8000 / 23873)...
computing neighbors (9000 / 23873)...
computing neighbors (10000 / 23873)...
computing neighbors (11000 / 23873)...
computing neighbors (12000 / 23873)...
computing neighbors (13000 / 23873)...
computing neighbors (14000 / 23873)...
computing neighbors (15000 / 23873)...
computing neighbors (16000 / 23873)...
computing neighbors (17000 / 23873)...
computing neighbors (18000 / 23873)...
computing neighbors (19000 / 23873)...
computing neighbors (20000 / 23873)...
computing neighbors (21000 / 23873)...
computing neighbors (22000 / 23873)...
computing neighbors (23000 / 23873)...
37888      vertices
23873      segments
272        dominations
=======================
CGSHOP Instance: compute neighbors...
computing neighbors (0 / 23873)...
computing neighbors (1000 / 23873)...
computing neighbors (2000 / 23873)...
computing neighbors (3000 / 23873)...
computing neighbors (4000 / 23873)...
computing neighbors (5000 / 23873)...
computing neighbors (6000 / 23873)...
computing neighbors (7000 / 23873)...
computing neighbors (8000 / 23873)...
computing neighbors (9000 / 23873)...
computing neighbors (10000 / 23873)...
computing neighbors (11000 / 23873)...
computing neighbors (12000 / 23873)...
computing neighbors (13000 / 23873)...
computing neighbors (14000 / 23873)...
computing neighbors (15000 / 23873)...
computing neighbors (16000 / 23873)...
computing neighbors (17000 / 23873)...
computing neighbors (18000 / 23873)...
computing neighbors (19000 / 23873)...
computing neighbors (20000 / 23873)...
computing neighbors (21000 / 23873)...
computing neighbors (22000 / 23873)...
computing neighbors (23000 / 23873)...
colored 1000 / 23873...
colored 2000 / 23873...
colored 3000 / 23873...
colored 4000 / 23873...
colored 5000 / 23873...
colored 6000 / 23873...
colored 7000 / 23873...
colored 8000 / 23873...
colored 9000 / 23873...
colored 10000 / 23873...
colored 11000 / 23873...
colored 12000 / 23873...
colored 13000 / 23873...
colored 14000 / 23873...
colored 15000 / 23873...
colored 16000 / 23873...
colored 17000 / 23873...
colored 18000 / 23873...
colored 19000 / 23873...
colored 20000 / 23873...
colored 21000 / 23873...
colored 22000 / 23873...
colored 23000 / 23873...
greedy found 433 colors in 17.455 seconds
 time (s)      nb nodes       objective      
---------------------------------------------
  5.218                       433            
  5.369        323.0          432            
  5.597        2.0 k          431            
  5.824        3.9 k          430            
  6.674        10.6 k         429            
  7.705        20.2 k         428            
  8.156        27.4 k         427            
  9.608        41.4 k         426            
  11.458       67.0 k         425            
  13.716       95.6 k         424            
  14.941       110.6 k        423            
  16.903       131.0 k        422            
  19.059       156.1 k        421            
  21.312       174.7 k        420            
  23.583       193.2 k        419            
  26.679       215.8 k        418            
  29.361       243.1 k        417            
  32.573       266.0 k        416            
  35.282       286.7 k        415            
  43.512       335.3 k        414            
  53.307       411.2 k        413            
  54.962       425.8 k        412            
  61.990       466.1 k        411            
  65.460       480.2 k        410            
  68.039       494.2 k        409            
  76.483       539.6 k        408            
  87.551       588.0 k        407            
  106.433      661.2 k        406            
  125.962      724.9 k        405            
  147.336      812.4 k        404            
  184.802      965.0 k        403            
  208.313      1.1 M          402            
  240.072      1.2 M          401            
  265.713      1.3 M          400            
  295.217      1.4 M          399            
  384.882      1.6 M          398            
  524.734      1.9 M          397            
  705.597      2.2 M          396            
  907.804      2.6 M          395            
  972.359      2.8 M          394            
  982.710      2.8 M          393            
  1353.583     3.4 M          392            
  1359.256     3.4 M          391            
  1410.435     3.5 M          390            
  1478.781     3.7 M          389            
  2281.880     4.9 M          388            
  2324.897     5.0 M          387            
  4024.324     7.3 M          386            
  4178.550     7.5 M          385            
  7849.047     12.0 M         384            
  8319.872     12.6 M         383            
  8946.573     13.4 M         382            
  9581.308     14.3 M         381            
  9701.376     14.4 M         380            
  28178.975    34.7 M         379            

             nb generated         77.5 M
              nb expanded         46.8 M
               nb trashed           0.0 
     avg branching factor           1.7 
                  nb eval         110.0 
                 nb guide         77.5 M
        time searched (s)      71994.781
      generated nodes / s          1.1 k
        solutions created           0.0 
