printing solutions in: ./dogs-color/insts/cgshop22/sqrpecn17186.instance.json.solution.json
printing perfs in: ./dogs-color/insts/cgshop22/sqrpecn17186.instance.json.perf.json

CGSHOP Instance: compute neighbors...
computing neighbors (0 / 17186)...
computing neighbors (1000 / 17186)...
computing neighbors (2000 / 17186)...
computing neighbors (3000 / 17186)...
computing neighbors (4000 / 17186)...
computing neighbors (5000 / 17186)...
computing neighbors (6000 / 17186)...
computing neighbors (7000 / 17186)...
computing neighbors (8000 / 17186)...
computing neighbors (9000 / 17186)...
computing neighbors (10000 / 17186)...
computing neighbors (11000 / 17186)...
computing neighbors (12000 / 17186)...
computing neighbors (13000 / 17186)...
computing neighbors (14000 / 17186)...
computing neighbors (15000 / 17186)...
computing neighbors (16000 / 17186)...
computing neighbors (17000 / 17186)...
27766      vertices
17186      segments
181        dominations
=======================
CGSHOP Instance: compute neighbors...
computing neighbors (0 / 17186)...
computing neighbors (1000 / 17186)...
computing neighbors (2000 / 17186)...
computing neighbors (3000 / 17186)...
computing neighbors (4000 / 17186)...
computing neighbors (5000 / 17186)...
computing neighbors (6000 / 17186)...
computing neighbors (7000 / 17186)...
computing neighbors (8000 / 17186)...
computing neighbors (9000 / 17186)...
computing neighbors (10000 / 17186)...
computing neighbors (11000 / 17186)...
computing neighbors (12000 / 17186)...
computing neighbors (13000 / 17186)...
computing neighbors (14000 / 17186)...
computing neighbors (15000 / 17186)...
computing neighbors (16000 / 17186)...
computing neighbors (17000 / 17186)...
colored 1000 / 17186...
colored 2000 / 17186...
colored 3000 / 17186...
colored 4000 / 17186...
colored 5000 / 17186...
colored 6000 / 17186...
colored 7000 / 17186...
colored 8000 / 17186...
colored 9000 / 17186...
colored 10000 / 17186...
colored 11000 / 17186...
colored 12000 / 17186...
colored 13000 / 17186...
colored 14000 / 17186...
colored 15000 / 17186...
colored 16000 / 17186...
colored 17000 / 17186...
greedy found 332 colors in 8.585 seconds
 time (s)      nb nodes       objective      
---------------------------------------------
  2.994                       332            
  3.006        73.0           331            
  3.041        277.0          330            
  3.159        1.7 k          329            
  3.244        2.0 k          328            
  3.327        2.8 k          327            
  3.466        4.1 k          326            
  3.581        5.0 k          325            
  3.842        7.3 k          324            
  4.298        26.0 k         323            
  4.630        34.6 k         322            
  5.266        42.8 k         321            
  5.658        53.8 k         320            
  6.004        63.8 k         319            
  6.693        77.2 k         318            
  7.260        89.3 k         317            
  8.066        103.8 k        316            
  9.409        124.8 k        315            
  11.820       159.3 k        314            
  12.653       172.9 k        313            
  13.342       180.5 k        312            
  13.802       188.7 k        311            
  14.299       197.7 k        310            
  15.890       216.1 k        309            
  16.427       223.5 k        308            
  18.571       249.5 k        307            
  19.256       260.7 k        306            
  22.993       295.3 k        305            
  24.973       319.8 k        304            
  32.558       387.9 k        303            
  35.297       419.2 k        302            
  36.073       428.6 k        301            
  36.793       436.9 k        300            
  45.958       508.5 k        299            
  52.578       561.0 k        298            
  56.968       593.7 k        297            
  59.001       611.6 k        296            
  85.274       772.8 k        295            
  100.822      864.8 k        294            
  110.288      922.3 k        293            
  113.544      942.9 k        292            
  159.287      1.2 M          291            
  162.149      1.2 M          290            
  164.030      1.2 M          289            
  194.944      1.3 M          288            
  428.047      2.2 M          287            
  445.950      2.3 M          286            
  468.922      2.4 M          285            
  516.715      2.5 M          284            
  3049.642     8.0 M          283            
  3191.557     8.3 M          282            
  4547.174     11.3 M         281            
  15082.278    30.3 M         280            
  42818.160    75.9 M         279            

             nb generated        120.4 M
              nb expanded         81.8 M
               nb trashed           0.0 
     avg branching factor           1.5 
                  nb eval         108.0 
                 nb guide        120.4 M
        time searched (s)      71997.000
      generated nodes / s          1.7 k
        solutions created           0.0 
