printing solutions in: ./dogs-color/insts/cgshop22/sqrpecn37744.instance.json.solution.json
printing perfs in: ./dogs-color/insts/cgshop22/sqrpecn37744.instance.json.perf.json

CGSHOP Instance: compute neighbors...
computing neighbors (0 / 37744)...
computing neighbors (1000 / 37744)...
computing neighbors (2000 / 37744)...
computing neighbors (3000 / 37744)...
computing neighbors (4000 / 37744)...
computing neighbors (5000 / 37744)...
computing neighbors (6000 / 37744)...
computing neighbors (7000 / 37744)...
computing neighbors (8000 / 37744)...
computing neighbors (9000 / 37744)...
computing neighbors (10000 / 37744)...
computing neighbors (11000 / 37744)...
computing neighbors (12000 / 37744)...
computing neighbors (13000 / 37744)...
computing neighbors (14000 / 37744)...
computing neighbors (15000 / 37744)...
computing neighbors (16000 / 37744)...
computing neighbors (17000 / 37744)...
computing neighbors (18000 / 37744)...
computing neighbors (19000 / 37744)...
computing neighbors (20000 / 37744)...
computing neighbors (21000 / 37744)...
computing neighbors (22000 / 37744)...
computing neighbors (23000 / 37744)...
computing neighbors (24000 / 37744)...
computing neighbors (25000 / 37744)...
computing neighbors (26000 / 37744)...
computing neighbors (27000 / 37744)...
computing neighbors (28000 / 37744)...
computing neighbors (29000 / 37744)...
computing neighbors (30000 / 37744)...
computing neighbors (31000 / 37744)...
computing neighbors (32000 / 37744)...
computing neighbors (33000 / 37744)...
computing neighbors (34000 / 37744)...
computing neighbors (35000 / 37744)...
computing neighbors (36000 / 37744)...
computing neighbors (37000 / 37744)...
56406      vertices
37744      segments
428        dominations
=======================
CGSHOP Instance: compute neighbors...
computing neighbors (0 / 37744)...
computing neighbors (1000 / 37744)...
computing neighbors (2000 / 37744)...
computing neighbors (3000 / 37744)...
computing neighbors (4000 / 37744)...
computing neighbors (5000 / 37744)...
computing neighbors (6000 / 37744)...
computing neighbors (7000 / 37744)...
computing neighbors (8000 / 37744)...
computing neighbors (9000 / 37744)...
computing neighbors (10000 / 37744)...
computing neighbors (11000 / 37744)...
computing neighbors (12000 / 37744)...
computing neighbors (13000 / 37744)...
computing neighbors (14000 / 37744)...
computing neighbors (15000 / 37744)...
computing neighbors (16000 / 37744)...
computing neighbors (17000 / 37744)...
computing neighbors (18000 / 37744)...
computing neighbors (19000 / 37744)...
computing neighbors (20000 / 37744)...
computing neighbors (21000 / 37744)...
computing neighbors (22000 / 37744)...
computing neighbors (23000 / 37744)...
computing neighbors (24000 / 37744)...
computing neighbors (25000 / 37744)...
computing neighbors (26000 / 37744)...
computing neighbors (27000 / 37744)...
computing neighbors (28000 / 37744)...
computing neighbors (29000 / 37744)...
computing neighbors (30000 / 37744)...
computing neighbors (31000 / 37744)...
computing neighbors (32000 / 37744)...
computing neighbors (33000 / 37744)...
computing neighbors (34000 / 37744)...
computing neighbors (35000 / 37744)...
computing neighbors (36000 / 37744)...
computing neighbors (37000 / 37744)...
colored 1000 / 37744...
colored 2000 / 37744...
colored 3000 / 37744...
colored 4000 / 37744...
colored 5000 / 37744...
colored 6000 / 37744...
colored 7000 / 37744...
colored 8000 / 37744...
colored 9000 / 37744...
colored 10000 / 37744...
colored 11000 / 37744...
colored 12000 / 37744...
colored 13000 / 37744...
colored 14000 / 37744...
colored 15000 / 37744...
colored 16000 / 37744...
colored 17000 / 37744...
colored 18000 / 37744...
colored 19000 / 37744...
colored 20000 / 37744...
colored 21000 / 37744...
colored 22000 / 37744...
colored 23000 / 37744...
colored 24000 / 37744...
colored 25000 / 37744...
colored 26000 / 37744...
colored 27000 / 37744...
colored 28000 / 37744...
colored 29000 / 37744...
colored 30000 / 37744...
colored 31000 / 37744...
colored 32000 / 37744...
colored 33000 / 37744...
colored 34000 / 37744...
colored 35000 / 37744...
colored 36000 / 37744...
colored 37000 / 37744...
greedy found 541 colors in 83.462 seconds
 time (s)      nb nodes       objective      
---------------------------------------------
  14.613                      541            
  14.730       215.0          540            
  15.093       513.0          539            
  15.243       946.0          538            
  16.211       3.4 k          537            
  16.542       4.5 k          536            
  19.248       11.1 k         535            
  20.501       14.7 k         534            
  24.214       24.0 k         533            
  25.525       33.1 k         532            
  32.519       48.2 k         531            
  36.964       73.9 k         530            
  43.326       109.8 k        529            
  81.469       223.3 k        528            
  85.459       244.5 k        527            
  96.158       282.6 k        526            
  101.128      309.1 k        525            
  122.078      355.6 k        524            
  126.386      372.5 k        523            
  136.108      395.3 k        522            
  140.651      426.0 k        521            
  150.271      458.3 k        520            
  171.541      526.3 k        519            
  181.584      556.6 k        518            
  220.118      661.8 k        517            
  223.003      685.8 k        516            
  229.513      702.3 k        515            
  249.029      747.3 k        514            
  252.600      763.2 k        513            
  255.046      785.0 k        512            
  280.618      839.3 k        511            
  294.604      893.2 k        510            
  326.353      958.8 k        509            
  344.174      1.0 M          508            
  363.928      1.1 M          507            
  463.967      1.2 M          506            
  508.567      1.3 M          505            
  533.532      1.3 M          504            
  597.321      1.4 M          503            
  619.598      1.5 M          502            
  626.641      1.5 M          501            
  654.508      1.6 M          500            
  677.765      1.6 M          499            
  710.355      1.7 M          498            
  1013.731     2.0 M          497            
  1235.090     2.3 M          496            
  1341.033     2.4 M          495            
  1370.496     2.4 M          494            
  1396.083     2.5 M          493            
  1415.559     2.5 M          492            
  1445.784     2.6 M          491            
  1465.446     2.6 M          490            
  1543.573     2.7 M          489            
  1579.378     2.8 M          488            
  1704.041     2.9 M          487            
  1817.409     3.1 M          486            
  1918.280     3.2 M          485            
  1929.979     3.2 M          484            
  2196.320     3.5 M          483            
  5661.311     6.7 M          482            
  5934.517     6.9 M          481            
  8473.114     8.9 M          480            
  8823.656     9.2 M          479            
  8896.112     9.2 M          478            
  9310.752     9.5 M          477            
  16318.558    14.7 M         476            
  17407.035    15.4 M         475            
  18141.893    15.9 M         474            
  18438.930    16.1 M         473            
  18920.508    16.5 M         472            
  39493.699    29.7 M         471            
  40572.445    30.4 M         470            
  41482.000    31.0 M         469            

             nb generated         49.2 M
              nb expanded         26.8 M
               nb trashed           0.0 
     avg branching factor           1.8 
                  nb eval         146.0 
                 nb guide         49.2 M
        time searched (s)      71985.383
      generated nodes / s         683.5 
        solutions created           0.0 
