printing solutions in: ./dogs-color/insts/cgshop22/vispecn17665.instance.json.solution.json
printing perfs in: ./dogs-color/insts/cgshop22/vispecn17665.instance.json.perf.json

CGSHOP Instance: compute neighbors...
computing neighbors (0 / 17665)...
computing neighbors (1000 / 17665)...
computing neighbors (2000 / 17665)...
computing neighbors (3000 / 17665)...
computing neighbors (4000 / 17665)...
computing neighbors (5000 / 17665)...
computing neighbors (6000 / 17665)...
computing neighbors (7000 / 17665)...
computing neighbors (8000 / 17665)...
computing neighbors (9000 / 17665)...
computing neighbors (10000 / 17665)...
computing neighbors (11000 / 17665)...
computing neighbors (12000 / 17665)...
computing neighbors (13000 / 17665)...
computing neighbors (14000 / 17665)...
computing neighbors (15000 / 17665)...
computing neighbors (16000 / 17665)...
computing neighbors (17000 / 17665)...
26558      vertices
17665      segments
171        dominations
=======================
CGSHOP Instance: compute neighbors...
computing neighbors (0 / 17665)...
computing neighbors (1000 / 17665)...
computing neighbors (2000 / 17665)...
computing neighbors (3000 / 17665)...
computing neighbors (4000 / 17665)...
computing neighbors (5000 / 17665)...
computing neighbors (6000 / 17665)...
computing neighbors (7000 / 17665)...
computing neighbors (8000 / 17665)...
computing neighbors (9000 / 17665)...
computing neighbors (10000 / 17665)...
computing neighbors (11000 / 17665)...
computing neighbors (12000 / 17665)...
computing neighbors (13000 / 17665)...
computing neighbors (14000 / 17665)...
computing neighbors (15000 / 17665)...
computing neighbors (16000 / 17665)...
computing neighbors (17000 / 17665)...
colored 1000 / 17665...
colored 2000 / 17665...
colored 3000 / 17665...
colored 4000 / 17665...
colored 5000 / 17665...
colored 6000 / 17665...
colored 7000 / 17665...
colored 8000 / 17665...
colored 9000 / 17665...
colored 10000 / 17665...
colored 11000 / 17665...
colored 12000 / 17665...
colored 13000 / 17665...
colored 14000 / 17665...
colored 15000 / 17665...
colored 16000 / 17665...
colored 17000 / 17665...
greedy found 339 colors in 6.633 seconds
 time (s)      nb nodes       objective      
---------------------------------------------
  2.074                       339            
  2.082        106.0          338            
  2.092        207.0          337            
  2.112        729.0          336            
  2.131        1.2 k          335            
  2.145        1.6 k          334            
  2.208        2.7 k          333            
  2.233        3.6 k          332            
  2.488        8.0 k          331            
  2.547        9.0 k          330            
  2.658        12.0 k         329            
  2.715        13.2 k         328            
  2.784        14.3 k         327            
  2.928        18.9 k         326            
  3.102        22.7 k         325            
  3.179        24.0 k         324            
  4.284        43.5 k         323            
  4.499        46.3 k         322            
  4.623        49.8 k         321            
  5.097        57.7 k         320            
  5.227        61.1 k         319            
  5.406        65.2 k         318            
  6.093        74.5 k         317            
  6.385        82.3 k         316            
  6.642        88.9 k         315            
  7.417        100.6 k        314            
  8.130        113.3 k        313            
  8.374        118.2 k        312            
  8.814        126.6 k        311            
  10.254       146.6 k        310            
  11.114       159.1 k        309            
  11.555       167.4 k        308            
  12.763       185.2 k        307            
  13.222       195.0 k        306            
  15.426       222.6 k        305            
  15.956       230.7 k        304            
  16.552       241.7 k        303            
  18.443       263.9 k        302            
  20.546       298.9 k        301            
  24.123       342.0 k        300            
  26.832       385.4 k        299            
  28.509       412.8 k        298            
  31.895       460.7 k        297            
  35.670       506.8 k        296            
  37.857       541.9 k        295            
  44.108       635.7 k        294            
  45.866       661.2 k        293            
  50.415       723.0 k        292            
  57.667       814.1 k        291            
  67.988       940.4 k        290            
  73.833       1.0 M          289            
  89.562       1.2 M          288            
  127.069      1.6 M          287            
  131.921      1.6 M          286            
  137.261      1.7 M          285            
  149.441      1.8 M          284            
  172.325      2.1 M          283            
  212.225      2.5 M          282            
  304.142      3.2 M          281            
  322.590      3.4 M          280            
  333.073      3.5 M          279            
  344.838      3.6 M          278            
  361.918      3.7 M          277            
  2730.382     15.1 M         276            
  2784.673     15.5 M         275            
  2847.106     15.8 M         274            
  5914.936     28.6 M         273            
  5999.875     29.0 M         272            
  6028.602     29.1 M         271            

             nb generated        212.3 M
              nb expanded        120.0 M
               nb trashed           0.0 
     avg branching factor           1.8 
                  nb eval         138.0 
                 nb guide        212.3 M
        time searched (s)      71997.922
      generated nodes / s          2.9 k
        solutions created           0.0 
