printing solutions in: ./dogs-color/insts/cgshop22/visp53088.instance.json.solution.json
printing perfs in: ./dogs-color/insts/cgshop22/visp53088.instance.json.perf.json

CGSHOP Instance: compute neighbors...
computing neighbors (0 / 53088)...
computing neighbors (1000 / 53088)...
computing neighbors (2000 / 53088)...
computing neighbors (3000 / 53088)...
computing neighbors (4000 / 53088)...
computing neighbors (5000 / 53088)...
computing neighbors (6000 / 53088)...
computing neighbors (7000 / 53088)...
computing neighbors (8000 / 53088)...
computing neighbors (9000 / 53088)...
computing neighbors (10000 / 53088)...
computing neighbors (11000 / 53088)...
computing neighbors (12000 / 53088)...
computing neighbors (13000 / 53088)...
computing neighbors (14000 / 53088)...
computing neighbors (15000 / 53088)...
computing neighbors (16000 / 53088)...
computing neighbors (17000 / 53088)...
computing neighbors (18000 / 53088)...
computing neighbors (19000 / 53088)...
computing neighbors (20000 / 53088)...
computing neighbors (21000 / 53088)...
computing neighbors (22000 / 53088)...
computing neighbors (23000 / 53088)...
computing neighbors (24000 / 53088)...
computing neighbors (25000 / 53088)...
computing neighbors (26000 / 53088)...
computing neighbors (27000 / 53088)...
computing neighbors (28000 / 53088)...
computing neighbors (29000 / 53088)...
computing neighbors (30000 / 53088)...
computing neighbors (31000 / 53088)...
computing neighbors (32000 / 53088)...
computing neighbors (33000 / 53088)...
computing neighbors (34000 / 53088)...
computing neighbors (35000 / 53088)...
computing neighbors (36000 / 53088)...
computing neighbors (37000 / 53088)...
computing neighbors (38000 / 53088)...
computing neighbors (39000 / 53088)...
computing neighbors (40000 / 53088)...
computing neighbors (41000 / 53088)...
computing neighbors (42000 / 53088)...
computing neighbors (43000 / 53088)...
computing neighbors (44000 / 53088)...
computing neighbors (45000 / 53088)...
computing neighbors (46000 / 53088)...
computing neighbors (47000 / 53088)...
computing neighbors (48000 / 53088)...
computing neighbors (49000 / 53088)...
computing neighbors (50000 / 53088)...
computing neighbors (51000 / 53088)...
computing neighbors (52000 / 53088)...
computing neighbors (53000 / 53088)...
1483       vertices
53088      segments
25419      dominations
=======================
CGSHOP Instance: compute neighbors...
computing neighbors (0 / 53088)...
computing neighbors (1000 / 53088)...
computing neighbors (2000 / 53088)...
computing neighbors (3000 / 53088)...
computing neighbors (4000 / 53088)...
computing neighbors (5000 / 53088)...
computing neighbors (6000 / 53088)...
computing neighbors (7000 / 53088)...
computing neighbors (8000 / 53088)...
computing neighbors (9000 / 53088)...
computing neighbors (10000 / 53088)...
computing neighbors (11000 / 53088)...
computing neighbors (12000 / 53088)...
computing neighbors (13000 / 53088)...
computing neighbors (14000 / 53088)...
computing neighbors (15000 / 53088)...
computing neighbors (16000 / 53088)...
computing neighbors (17000 / 53088)...
computing neighbors (18000 / 53088)...
computing neighbors (19000 / 53088)...
computing neighbors (20000 / 53088)...
computing neighbors (21000 / 53088)...
computing neighbors (22000 / 53088)...
computing neighbors (23000 / 53088)...
computing neighbors (24000 / 53088)...
computing neighbors (25000 / 53088)...
computing neighbors (26000 / 53088)...
computing neighbors (27000 / 53088)...
computing neighbors (28000 / 53088)...
computing neighbors (29000 / 53088)...
computing neighbors (30000 / 53088)...
computing neighbors (31000 / 53088)...
computing neighbors (32000 / 53088)...
computing neighbors (33000 / 53088)...
computing neighbors (34000 / 53088)...
computing neighbors (35000 / 53088)...
computing neighbors (36000 / 53088)...
computing neighbors (37000 / 53088)...
computing neighbors (38000 / 53088)...
computing neighbors (39000 / 53088)...
computing neighbors (40000 / 53088)...
computing neighbors (41000 / 53088)...
computing neighbors (42000 / 53088)...
computing neighbors (43000 / 53088)...
computing neighbors (44000 / 53088)...
computing neighbors (45000 / 53088)...
computing neighbors (46000 / 53088)...
computing neighbors (47000 / 53088)...
computing neighbors (48000 / 53088)...
computing neighbors (49000 / 53088)...
computing neighbors (50000 / 53088)...
computing neighbors (51000 / 53088)...
computing neighbors (52000 / 53088)...
computing neighbors (53000 / 53088)...
colored 1000 / 53088...
colored 2000 / 53088...
colored 3000 / 53088...
colored 4000 / 53088...
colored 5000 / 53088...
colored 6000 / 53088...
colored 7000 / 53088...
colored 8000 / 53088...
colored 9000 / 53088...
colored 10000 / 53088...
colored 11000 / 53088...
colored 12000 / 53088...
colored 13000 / 53088...
colored 14000 / 53088...
colored 15000 / 53088...
colored 16000 / 53088...
colored 17000 / 53088...
colored 18000 / 53088...
colored 19000 / 53088...
colored 20000 / 53088...
colored 21000 / 53088...
colored 22000 / 53088...
colored 23000 / 53088...
colored 24000 / 53088...
colored 25000 / 53088...
colored 26000 / 53088...
colored 27000 / 53088...
colored 28000 / 53088...
colored 29000 / 53088...
colored 30000 / 53088...
colored 31000 / 53088...
colored 32000 / 53088...
colored 33000 / 53088...
colored 34000 / 53088...
colored 35000 / 53088...
colored 36000 / 53088...
colored 37000 / 53088...
colored 38000 / 53088...
colored 39000 / 53088...
colored 40000 / 53088...
colored 41000 / 53088...
colored 42000 / 53088...
colored 43000 / 53088...
colored 44000 / 53088...
colored 45000 / 53088...
colored 46000 / 53088...
colored 47000 / 53088...
colored 48000 / 53088...
colored 49000 / 53088...
colored 50000 / 53088...
colored 51000 / 53088...
colored 52000 / 53088...
colored 53000 / 53088...
greedy found 148 colors in 37.987 seconds
 time (s)      nb nodes       objective      
---------------------------------------------
  11.641                      148            
  11.691       165.0          147            
  13.843       5.2 k          146            
  25.813       33.0 k         145            
  34.545       58.3 k         144            
  42.050       81.7 k         143            
  85.649       161.9 k        142            
  122.431      246.3 k        141            
  172.941      333.0 k        140            
  177.612      351.2 k        139            
  186.306      379.0 k        138            
  375.030      928.0 k        137            
  380.212      936.0 k        136            
  399.413      973.6 k        135            
  528.398      1.4 M          134            
  582.383      1.5 M          133            
  734.959      1.8 M          132            
  957.447      2.2 M          131            
  1200.178     2.5 M          130            
  1221.368     2.5 M          129            
  1386.373     2.8 M          128            
  1418.267     2.9 M          127            
  2390.769     4.5 M          126            
  2966.647     5.3 M          125            
  3460.508     6.1 M          124            
  6005.314     9.9 M          123            
  14848.993    23.0 M         122            
  23163.975    35.1 M         121            

             nb generated        111.5 M
              nb expanded         75.8 M
               nb trashed           0.0 
     avg branching factor           1.5 
                  nb eval          56.0 
                 nb guide        111.5 M
        time searched (s)      71988.359
      generated nodes / s          1.5 k
        solutions created           0.0 
