printing solutions in: ./dogs-color/insts/cgshop22/visp51133.instance.json.solution.json
printing perfs in: ./dogs-color/insts/cgshop22/visp51133.instance.json.perf.json

CGSHOP Instance: compute neighbors...
computing neighbors (0 / 51133)...
computing neighbors (1000 / 51133)...
computing neighbors (2000 / 51133)...
computing neighbors (3000 / 51133)...
computing neighbors (4000 / 51133)...
computing neighbors (5000 / 51133)...
computing neighbors (6000 / 51133)...
computing neighbors (7000 / 51133)...
computing neighbors (8000 / 51133)...
computing neighbors (9000 / 51133)...
computing neighbors (10000 / 51133)...
computing neighbors (11000 / 51133)...
computing neighbors (12000 / 51133)...
computing neighbors (13000 / 51133)...
computing neighbors (14000 / 51133)...
computing neighbors (15000 / 51133)...
computing neighbors (16000 / 51133)...
computing neighbors (17000 / 51133)...
computing neighbors (18000 / 51133)...
computing neighbors (19000 / 51133)...
computing neighbors (20000 / 51133)...
computing neighbors (21000 / 51133)...
computing neighbors (22000 / 51133)...
computing neighbors (23000 / 51133)...
computing neighbors (24000 / 51133)...
computing neighbors (25000 / 51133)...
computing neighbors (26000 / 51133)...
computing neighbors (27000 / 51133)...
computing neighbors (28000 / 51133)...
computing neighbors (29000 / 51133)...
computing neighbors (30000 / 51133)...
computing neighbors (31000 / 51133)...
computing neighbors (32000 / 51133)...
computing neighbors (33000 / 51133)...
computing neighbors (34000 / 51133)...
computing neighbors (35000 / 51133)...
computing neighbors (36000 / 51133)...
computing neighbors (37000 / 51133)...
computing neighbors (38000 / 51133)...
computing neighbors (39000 / 51133)...
computing neighbors (40000 / 51133)...
computing neighbors (41000 / 51133)...
computing neighbors (42000 / 51133)...
computing neighbors (43000 / 51133)...
computing neighbors (44000 / 51133)...
computing neighbors (45000 / 51133)...
computing neighbors (46000 / 51133)...
computing neighbors (47000 / 51133)...
computing neighbors (48000 / 51133)...
computing neighbors (49000 / 51133)...
computing neighbors (50000 / 51133)...
computing neighbors (51000 / 51133)...
1125       vertices
51133      segments
24123      dominations
=======================
CGSHOP Instance: compute neighbors...
computing neighbors (0 / 51133)...
computing neighbors (1000 / 51133)...
computing neighbors (2000 / 51133)...
computing neighbors (3000 / 51133)...
computing neighbors (4000 / 51133)...
computing neighbors (5000 / 51133)...
computing neighbors (6000 / 51133)...
computing neighbors (7000 / 51133)...
computing neighbors (8000 / 51133)...
computing neighbors (9000 / 51133)...
computing neighbors (10000 / 51133)...
computing neighbors (11000 / 51133)...
computing neighbors (12000 / 51133)...
computing neighbors (13000 / 51133)...
computing neighbors (14000 / 51133)...
computing neighbors (15000 / 51133)...
computing neighbors (16000 / 51133)...
computing neighbors (17000 / 51133)...
computing neighbors (18000 / 51133)...
computing neighbors (19000 / 51133)...
computing neighbors (20000 / 51133)...
computing neighbors (21000 / 51133)...
computing neighbors (22000 / 51133)...
computing neighbors (23000 / 51133)...
computing neighbors (24000 / 51133)...
computing neighbors (25000 / 51133)...
computing neighbors (26000 / 51133)...
computing neighbors (27000 / 51133)...
computing neighbors (28000 / 51133)...
computing neighbors (29000 / 51133)...
computing neighbors (30000 / 51133)...
computing neighbors (31000 / 51133)...
computing neighbors (32000 / 51133)...
computing neighbors (33000 / 51133)...
computing neighbors (34000 / 51133)...
computing neighbors (35000 / 51133)...
computing neighbors (36000 / 51133)...
computing neighbors (37000 / 51133)...
computing neighbors (38000 / 51133)...
computing neighbors (39000 / 51133)...
computing neighbors (40000 / 51133)...
computing neighbors (41000 / 51133)...
computing neighbors (42000 / 51133)...
computing neighbors (43000 / 51133)...
computing neighbors (44000 / 51133)...
computing neighbors (45000 / 51133)...
computing neighbors (46000 / 51133)...
computing neighbors (47000 / 51133)...
computing neighbors (48000 / 51133)...
computing neighbors (49000 / 51133)...
computing neighbors (50000 / 51133)...
computing neighbors (51000 / 51133)...
colored 1000 / 51133...
colored 2000 / 51133...
colored 3000 / 51133...
colored 4000 / 51133...
colored 5000 / 51133...
colored 6000 / 51133...
colored 7000 / 51133...
colored 8000 / 51133...
colored 9000 / 51133...
colored 10000 / 51133...
colored 11000 / 51133...
colored 12000 / 51133...
colored 13000 / 51133...
colored 14000 / 51133...
colored 15000 / 51133...
colored 16000 / 51133...
colored 17000 / 51133...
colored 18000 / 51133...
colored 19000 / 51133...
colored 20000 / 51133...
colored 21000 / 51133...
colored 22000 / 51133...
colored 23000 / 51133...
colored 24000 / 51133...
colored 25000 / 51133...
colored 26000 / 51133...
colored 27000 / 51133...
colored 28000 / 51133...
colored 29000 / 51133...
colored 30000 / 51133...
colored 31000 / 51133...
colored 32000 / 51133...
colored 33000 / 51133...
colored 34000 / 51133...
colored 35000 / 51133...
colored 36000 / 51133...
colored 37000 / 51133...
colored 38000 / 51133...
colored 39000 / 51133...
colored 40000 / 51133...
colored 41000 / 51133...
colored 42000 / 51133...
colored 43000 / 51133...
colored 44000 / 51133...
colored 45000 / 51133...
colored 46000 / 51133...
colored 47000 / 51133...
colored 48000 / 51133...
colored 49000 / 51133...
colored 50000 / 51133...
colored 51000 / 51133...
greedy found 125 colors in 24.994 seconds
 time (s)      nb nodes       objective      
---------------------------------------------
  7.875                       125            
  7.907        308.0          124            
  7.955        342.0          123            
  8.025        893.0          122            
  8.280        3.8 k          121            
  8.328        3.9 k          120            
  8.951        8.9 k          119            
  9.334        11.1 k         118            
  9.460        11.9 k         117            
  9.613        13.1 k         116            
  11.613       26.8 k         115            
  13.345       37.7 k         114            
  15.217       50.5 k         113            
  16.515       59.7 k         112            
  26.452       114.3 k        111            
  27.992       121.0 k        110            
  35.467       158.1 k        109            
  35.947       161.3 k        108            
  39.503       184.8 k        107            
  44.646       210.9 k        106            
  50.196       333.9 k        105            
  53.849       353.0 k        104            
  61.401       397.1 k        103            
  67.797       429.5 k        102            
  80.163       594.0 k        101            
  80.951       599.8 k        100            
  95.212       822.2 k        99             
  121.245      995.4 k        98             
  133.759      1.1 M          97             
  190.803      1.4 M          96             
  213.853      1.5 M          95             
  241.357      1.8 M          94             
  284.499      2.3 M          93             
  316.370      2.5 M          92             
  414.413      2.9 M          91             
  450.332      3.1 M          90             
  623.906      3.8 M          89             
  921.559      5.2 M          88             
  1050.371     5.6 M          87             
  1175.038     6.2 M          86             
  1634.773     8.2 M          85             
  2028.521     10.1 M         84             
  11585.451    42.9 M         83             
  67794.594    232.2 M        82             
thread 'main' panicked at 'called `Option::unwrap()` on a `None` value', src/search/conflict_weighting_local_search.rs:191:52
note: run with `RUST_BACKTRACE=1` environment variable to display a backtrace
