printing solutions in: ./dogs-color/insts/cgshop22/visp29489.instance.json.solution.json
printing perfs in: ./dogs-color/insts/cgshop22/visp29489.instance.json.perf.json

CGSHOP Instance: compute neighbors...
computing neighbors (0 / 29489)...
computing neighbors (1000 / 29489)...
computing neighbors (2000 / 29489)...
computing neighbors (3000 / 29489)...
computing neighbors (4000 / 29489)...
computing neighbors (5000 / 29489)...
computing neighbors (6000 / 29489)...
computing neighbors (7000 / 29489)...
computing neighbors (8000 / 29489)...
computing neighbors (9000 / 29489)...
computing neighbors (10000 / 29489)...
computing neighbors (11000 / 29489)...
computing neighbors (12000 / 29489)...
computing neighbors (13000 / 29489)...
computing neighbors (14000 / 29489)...
computing neighbors (15000 / 29489)...
computing neighbors (16000 / 29489)...
computing neighbors (17000 / 29489)...
computing neighbors (18000 / 29489)...
computing neighbors (19000 / 29489)...
computing neighbors (20000 / 29489)...
computing neighbors (21000 / 29489)...
computing neighbors (22000 / 29489)...
computing neighbors (23000 / 29489)...
computing neighbors (24000 / 29489)...
computing neighbors (25000 / 29489)...
computing neighbors (26000 / 29489)...
computing neighbors (27000 / 29489)...
computing neighbors (28000 / 29489)...
computing neighbors (29000 / 29489)...
432        vertices
29489      segments
14214      dominations
=======================
CGSHOP Instance: compute neighbors...
computing neighbors (0 / 29489)...
computing neighbors (1000 / 29489)...
computing neighbors (2000 / 29489)...
computing neighbors (3000 / 29489)...
computing neighbors (4000 / 29489)...
computing neighbors (5000 / 29489)...
computing neighbors (6000 / 29489)...
computing neighbors (7000 / 29489)...
computing neighbors (8000 / 29489)...
computing neighbors (9000 / 29489)...
computing neighbors (10000 / 29489)...
computing neighbors (11000 / 29489)...
computing neighbors (12000 / 29489)...
computing neighbors (13000 / 29489)...
computing neighbors (14000 / 29489)...
computing neighbors (15000 / 29489)...
computing neighbors (16000 / 29489)...
computing neighbors (17000 / 29489)...
computing neighbors (18000 / 29489)...
computing neighbors (19000 / 29489)...
computing neighbors (20000 / 29489)...
computing neighbors (21000 / 29489)...
computing neighbors (22000 / 29489)...
computing neighbors (23000 / 29489)...
computing neighbors (24000 / 29489)...
computing neighbors (25000 / 29489)...
computing neighbors (26000 / 29489)...
computing neighbors (27000 / 29489)...
computing neighbors (28000 / 29489)...
computing neighbors (29000 / 29489)...
colored 1000 / 29489...
colored 2000 / 29489...
colored 3000 / 29489...
colored 4000 / 29489...
colored 5000 / 29489...
colored 6000 / 29489...
colored 7000 / 29489...
colored 8000 / 29489...
colored 9000 / 29489...
colored 10000 / 29489...
colored 11000 / 29489...
colored 12000 / 29489...
colored 13000 / 29489...
colored 14000 / 29489...
colored 15000 / 29489...
colored 16000 / 29489...
colored 17000 / 29489...
colored 18000 / 29489...
colored 19000 / 29489...
colored 20000 / 29489...
colored 21000 / 29489...
colored 22000 / 29489...
colored 23000 / 29489...
colored 24000 / 29489...
colored 25000 / 29489...
colored 26000 / 29489...
colored 27000 / 29489...
colored 28000 / 29489...
colored 29000 / 29489...
greedy found 134 colors in 10.878 seconds
 time (s)      nb nodes       objective      
---------------------------------------------
  3.682                       134            
  3.695        52.0           133            
  3.701        57.0           132            
  3.743        291.0          131            
  3.821        824.0          130            
  3.955        1.6 k          129            
  4.420        4.5 k          128            
  5.183        8.5 k          127            
  6.481        15.0 k         126            
  7.051        18.2 k         125            
  8.213        24.9 k         124            
  9.249        30.3 k         123            
  14.785       57.1 k         122            
  19.982       78.9 k         121            
  36.534       144.6 k        120            
  62.970       243.8 k        119            
  68.412       316.0 k        118            
  109.645      452.1 k        117            
  144.631      570.0 k        116            
  189.182      754.8 k        115            
  790.527      2.9 M          114            
  947.460      3.3 M          113            
  1814.399     5.6 M          112            
  2356.312     7.1 M          111            
  5213.835     15.1 M         110            
  28367.361    81.6 M         109            
  35516.801    103.2 M        108            

             nb generated        216.3 M
              nb expanded        143.6 M
               nb trashed           0.0 
     avg branching factor           1.5 
                  nb eval          54.0 
                 nb guide        216.3 M
        time searched (s)      71996.312
      generated nodes / s          3.0 k
        solutions created           0.0 
