printing solutions in: ./dogs-color/insts/cgshop22/vispecn25263.instance.json.solution.json
printing perfs in: ./dogs-color/insts/cgshop22/vispecn25263.instance.json.perf.json

CGSHOP Instance: compute neighbors...
computing neighbors (0 / 25263)...
computing neighbors (1000 / 25263)...
computing neighbors (2000 / 25263)...
computing neighbors (3000 / 25263)...
computing neighbors (4000 / 25263)...
computing neighbors (5000 / 25263)...
computing neighbors (6000 / 25263)...
computing neighbors (7000 / 25263)...
computing neighbors (8000 / 25263)...
computing neighbors (9000 / 25263)...
computing neighbors (10000 / 25263)...
computing neighbors (11000 / 25263)...
computing neighbors (12000 / 25263)...
computing neighbors (13000 / 25263)...
computing neighbors (14000 / 25263)...
computing neighbors (15000 / 25263)...
computing neighbors (16000 / 25263)...
computing neighbors (17000 / 25263)...
computing neighbors (18000 / 25263)...
computing neighbors (19000 / 25263)...
computing neighbors (20000 / 25263)...
computing neighbors (21000 / 25263)...
computing neighbors (22000 / 25263)...
computing neighbors (23000 / 25263)...
computing neighbors (24000 / 25263)...
computing neighbors (25000 / 25263)...
35694      vertices
25263      segments
302        dominations
=======================
CGSHOP Instance: compute neighbors...
computing neighbors (0 / 25263)...
computing neighbors (1000 / 25263)...
computing neighbors (2000 / 25263)...
computing neighbors (3000 / 25263)...
computing neighbors (4000 / 25263)...
computing neighbors (5000 / 25263)...
computing neighbors (6000 / 25263)...
computing neighbors (7000 / 25263)...
computing neighbors (8000 / 25263)...
computing neighbors (9000 / 25263)...
computing neighbors (10000 / 25263)...
computing neighbors (11000 / 25263)...
computing neighbors (12000 / 25263)...
computing neighbors (13000 / 25263)...
computing neighbors (14000 / 25263)...
computing neighbors (15000 / 25263)...
computing neighbors (16000 / 25263)...
computing neighbors (17000 / 25263)...
computing neighbors (18000 / 25263)...
computing neighbors (19000 / 25263)...
computing neighbors (20000 / 25263)...
computing neighbors (21000 / 25263)...
computing neighbors (22000 / 25263)...
computing neighbors (23000 / 25263)...
computing neighbors (24000 / 25263)...
computing neighbors (25000 / 25263)...
colored 1000 / 25263...
colored 2000 / 25263...
colored 3000 / 25263...
colored 4000 / 25263...
colored 5000 / 25263...
colored 6000 / 25263...
colored 7000 / 25263...
colored 8000 / 25263...
colored 9000 / 25263...
colored 10000 / 25263...
colored 11000 / 25263...
colored 12000 / 25263...
colored 13000 / 25263...
colored 14000 / 25263...
colored 15000 / 25263...
colored 16000 / 25263...
colored 17000 / 25263...
colored 18000 / 25263...
colored 19000 / 25263...
colored 20000 / 25263...
colored 21000 / 25263...
colored 22000 / 25263...
colored 23000 / 25263...
colored 24000 / 25263...
colored 25000 / 25263...
greedy found 223 colors in 10.156 seconds
 time (s)      nb nodes       objective      
---------------------------------------------
  2.797                       223            
  2.817        152.0          222            
  2.866        431.0          221            
  2.882        527.0          220            
  2.909        1.0 k          219            
  2.973        2.9 k          218            
  3.006        3.6 k          217            
  3.074        5.2 k          216            
  3.091        5.4 k          215            
  3.134        7.5 k          214            
  3.157        8.1 k          213            
  3.321        11.4 k         212            
  3.484        14.6 k         211            
  3.573        16.8 k         210            
  3.616        17.4 k         209            
  3.645        18.1 k         208            
  3.752        22.3 k         207            
  3.996        26.9 k         206            
  4.083        30.2 k         205            
  4.224        33.7 k         204            
  4.432        38.3 k         203            
  4.611        41.7 k         202            
  5.564        61.0 k         201            
  6.137        75.1 k         200            
  6.554        85.4 k         199            
  7.168        96.2 k         198            
  7.692        105.3 k        197            
  7.979        113.5 k        196            
  9.942        153.8 k        195            
  11.120       175.7 k        194            
  11.683       191.1 k        193            
  12.122       200.6 k        192            
  13.132       222.9 k        191            
  13.956       240.5 k        190            
  15.296       273.5 k        189            
  16.378       297.4 k        188            
  17.333       321.6 k        187            
  17.874       335.2 k        186            
  18.610       356.7 k        185            
  20.495       401.5 k        184            
  21.622       430.6 k        183            
  25.994       511.4 k        182            
  28.355       562.6 k        181            
  30.904       621.4 k        180            
  32.391       650.6 k        179            
  36.993       741.0 k        178            
  41.717       834.0 k        177            
  46.319       922.0 k        176            
  57.794       1.1 M          175            
  61.888       1.2 M          174            
  70.916       1.3 M          173            
  105.734      1.8 M          172            
  149.570      2.3 M          171            
  153.358      2.3 M          170            
  165.399      2.5 M          169            
  190.932      2.8 M          168            
  197.141      2.9 M          167            
  343.903      4.4 M          166            
  388.288      4.9 M          165            
  558.376      6.4 M          164            
  680.973      7.5 M          163            
  3616.124     25.4 M         162            
  4061.543     28.0 M         161            

             nb generated        331.6 M
              nb expanded        201.5 M
               nb trashed           0.0 
     avg branching factor           1.6 
                  nb eval         126.0 
                 nb guide        331.6 M
        time searched (s)      71997.203
      generated nodes / s          4.6 k
        solutions created           0.0 
