printing solutions in: ./dogs-color/insts/cgshop22/vispecn5478.instance.json.solution.json
printing perfs in: ./dogs-color/insts/cgshop22/vispecn5478.instance.json.perf.json

CGSHOP Instance: compute neighbors...
computing neighbors (0 / 5478)...
computing neighbors (1000 / 5478)...
computing neighbors (2000 / 5478)...
computing neighbors (3000 / 5478)...
computing neighbors (4000 / 5478)...
computing neighbors (5000 / 5478)...
7596       vertices
5478       segments
96         dominations
=======================
CGSHOP Instance: compute neighbors...
computing neighbors (0 / 5478)...
computing neighbors (1000 / 5478)...
computing neighbors (2000 / 5478)...
computing neighbors (3000 / 5478)...
computing neighbors (4000 / 5478)...
computing neighbors (5000 / 5478)...
colored 1000 / 5478...
colored 2000 / 5478...
colored 3000 / 5478...
colored 4000 / 5478...
colored 5000 / 5478...
greedy found 139 colors in 0.521 seconds
 time (s)      nb nodes       objective      
---------------------------------------------
  0.167                       139            
  0.169        4.0            138            
  0.170        42.0           137            
  0.182        845.0          136            
  0.187        1.4 k          135            
  0.192        1.7 k          134            
  0.201        2.6 k          133            
  0.305        11.0 k         132            
  0.334        12.8 k         131            
  0.354        14.9 k         130            
  0.428        19.9 k         129            
  0.502        24.7 k         128            
  0.682        37.0 k         127            
  0.911        52.6 k         126            
  1.021        61.9 k         125            
  1.076        65.2 k         124            
  1.390        88.6 k         123            
  2.358        148.6 k        122            
  2.553        160.7 k        121            
  3.705        237.2 k        120            
  5.368        326.5 k        119            
  9.152        503.7 k        118            
  34.851       1.4 M          117            
  38.013       1.5 M          116            
  225.263      5.9 M          115            
  3927.399     71.5 M         114            

             nb generated          1.1 B
              nb expanded        585.9 M
               nb trashed           0.0 
     avg branching factor           1.9 
                  nb eval          52.0 
                 nb guide          1.1 B
        time searched (s)      71999.828
      generated nodes / s         15.3 k
        solutions created           0.0 
invalid solution (reason: ConflictingEdge(411, 5297))
