printing solutions in: ./dogs-color/insts/cgshop22/visp60660.instance.json.solution.json
printing perfs in: ./dogs-color/insts/cgshop22/visp60660.instance.json.perf.json

CGSHOP Instance: compute neighbors...
computing neighbors (0 / 60660)...
computing neighbors (1000 / 60660)...
computing neighbors (2000 / 60660)...
computing neighbors (3000 / 60660)...
computing neighbors (4000 / 60660)...
computing neighbors (5000 / 60660)...
computing neighbors (6000 / 60660)...
computing neighbors (7000 / 60660)...
computing neighbors (8000 / 60660)...
computing neighbors (9000 / 60660)...
computing neighbors (10000 / 60660)...
computing neighbors (11000 / 60660)...
computing neighbors (12000 / 60660)...
computing neighbors (13000 / 60660)...
computing neighbors (14000 / 60660)...
computing neighbors (15000 / 60660)...
computing neighbors (16000 / 60660)...
computing neighbors (17000 / 60660)...
computing neighbors (18000 / 60660)...
computing neighbors (19000 / 60660)...
computing neighbors (20000 / 60660)...
computing neighbors (21000 / 60660)...
computing neighbors (22000 / 60660)...
computing neighbors (23000 / 60660)...
computing neighbors (24000 / 60660)...
computing neighbors (25000 / 60660)...
computing neighbors (26000 / 60660)...
computing neighbors (27000 / 60660)...
computing neighbors (28000 / 60660)...
computing neighbors (29000 / 60660)...
computing neighbors (30000 / 60660)...
computing neighbors (31000 / 60660)...
computing neighbors (32000 / 60660)...
computing neighbors (33000 / 60660)...
computing neighbors (34000 / 60660)...
computing neighbors (35000 / 60660)...
computing neighbors (36000 / 60660)...
computing neighbors (37000 / 60660)...
computing neighbors (38000 / 60660)...
computing neighbors (39000 / 60660)...
computing neighbors (40000 / 60660)...
computing neighbors (41000 / 60660)...
computing neighbors (42000 / 60660)...
computing neighbors (43000 / 60660)...
computing neighbors (44000 / 60660)...
computing neighbors (45000 / 60660)...
computing neighbors (46000 / 60660)...
computing neighbors (47000 / 60660)...
computing neighbors (48000 / 60660)...
computing neighbors (49000 / 60660)...
computing neighbors (50000 / 60660)...
computing neighbors (51000 / 60660)...
computing neighbors (52000 / 60660)...
computing neighbors (53000 / 60660)...
computing neighbors (54000 / 60660)...
computing neighbors (55000 / 60660)...
computing neighbors (56000 / 60660)...
computing neighbors (57000 / 60660)...
computing neighbors (58000 / 60660)...
computing neighbors (59000 / 60660)...
computing neighbors (60000 / 60660)...
1427       vertices
60660      segments
29078      dominations
=======================
CGSHOP Instance: compute neighbors...
computing neighbors (0 / 60660)...
computing neighbors (1000 / 60660)...
computing neighbors (2000 / 60660)...
computing neighbors (3000 / 60660)...
computing neighbors (4000 / 60660)...
computing neighbors (5000 / 60660)...
computing neighbors (6000 / 60660)...
computing neighbors (7000 / 60660)...
computing neighbors (8000 / 60660)...
computing neighbors (9000 / 60660)...
computing neighbors (10000 / 60660)...
computing neighbors (11000 / 60660)...
computing neighbors (12000 / 60660)...
computing neighbors (13000 / 60660)...
computing neighbors (14000 / 60660)...
computing neighbors (15000 / 60660)...
computing neighbors (16000 / 60660)...
computing neighbors (17000 / 60660)...
computing neighbors (18000 / 60660)...
computing neighbors (19000 / 60660)...
computing neighbors (20000 / 60660)...
computing neighbors (21000 / 60660)...
computing neighbors (22000 / 60660)...
computing neighbors (23000 / 60660)...
computing neighbors (24000 / 60660)...
computing neighbors (25000 / 60660)...
computing neighbors (26000 / 60660)...
computing neighbors (27000 / 60660)...
computing neighbors (28000 / 60660)...
computing neighbors (29000 / 60660)...
computing neighbors (30000 / 60660)...
computing neighbors (31000 / 60660)...
computing neighbors (32000 / 60660)...
computing neighbors (33000 / 60660)...
computing neighbors (34000 / 60660)...
computing neighbors (35000 / 60660)...
computing neighbors (36000 / 60660)...
computing neighbors (37000 / 60660)...
computing neighbors (38000 / 60660)...
computing neighbors (39000 / 60660)...
computing neighbors (40000 / 60660)...
computing neighbors (41000 / 60660)...
computing neighbors (42000 / 60660)...
computing neighbors (43000 / 60660)...
computing neighbors (44000 / 60660)...
computing neighbors (45000 / 60660)...
computing neighbors (46000 / 60660)...
computing neighbors (47000 / 60660)...
computing neighbors (48000 / 60660)...
computing neighbors (49000 / 60660)...
computing neighbors (50000 / 60660)...
computing neighbors (51000 / 60660)...
computing neighbors (52000 / 60660)...
computing neighbors (53000 / 60660)...
computing neighbors (54000 / 60660)...
computing neighbors (55000 / 60660)...
computing neighbors (56000 / 60660)...
computing neighbors (57000 / 60660)...
computing neighbors (58000 / 60660)...
computing neighbors (59000 / 60660)...
computing neighbors (60000 / 60660)...
colored 1000 / 60660...
colored 2000 / 60660...
colored 3000 / 60660...
colored 4000 / 60660...
colored 5000 / 60660...
colored 6000 / 60660...
colored 7000 / 60660...
colored 8000 / 60660...
colored 9000 / 60660...
colored 10000 / 60660...
colored 11000 / 60660...
colored 12000 / 60660...
colored 13000 / 60660...
colored 14000 / 60660...
colored 15000 / 60660...
colored 16000 / 60660...
colored 17000 / 60660...
colored 18000 / 60660...
colored 19000 / 60660...
colored 20000 / 60660...
colored 21000 / 60660...
colored 22000 / 60660...
colored 23000 / 60660...
colored 24000 / 60660...
colored 25000 / 60660...
colored 26000 / 60660...
colored 27000 / 60660...
colored 28000 / 60660...
colored 29000 / 60660...
colored 30000 / 60660...
colored 31000 / 60660...
colored 32000 / 60660...
colored 33000 / 60660...
colored 34000 / 60660...
colored 35000 / 60660...
colored 36000 / 60660...
colored 37000 / 60660...
colored 38000 / 60660...
colored 39000 / 60660...
colored 40000 / 60660...
colored 41000 / 60660...
colored 42000 / 60660...
colored 43000 / 60660...
colored 44000 / 60660...
colored 45000 / 60660...
colored 46000 / 60660...
colored 47000 / 60660...
colored 48000 / 60660...
colored 49000 / 60660...
colored 50000 / 60660...
colored 51000 / 60660...
colored 52000 / 60660...
colored 53000 / 60660...
colored 54000 / 60660...
colored 55000 / 60660...
colored 56000 / 60660...
colored 57000 / 60660...
colored 58000 / 60660...
colored 59000 / 60660...
colored 60000 / 60660...
greedy found 131 colors in 36.924 seconds
 time (s)      nb nodes       objective      
---------------------------------------------
  11.047                      131            
  11.085       74.0           130            
  11.137       146.0          129            
  11.175       273.0          128            
  11.206       383.0          127            
  11.632       2.7 k          126            
  11.796       3.5 k          125            
  12.281       6.1 k          124            
  16.372       55.7 k         123            
  18.688       74.9 k         122            
  24.913       214.0 k        121            
  26.852       223.2 k        120            
  31.320       253.6 k        119            
  50.359       432.1 k        118            
  63.946       509.4 k        117            
  73.152       576.0 k        116            
  95.699       714.8 k        115            
  153.865      1.3 M          114            
  173.319      1.3 M          113            
  202.602      1.4 M          112            
  469.842      2.3 M          111            
  763.197      3.5 M          110            
  1008.135     4.3 M          109            
  19181.885    48.3 M         108            
  32243.564    79.9 M         107            
  34996.395    86.7 M         106            

             nb generated        181.6 M
              nb expanded        116.7 M
               nb trashed           0.0 
     avg branching factor           1.6 
                  nb eval          52.0 
                 nb guide        181.6 M
        time searched (s)      71988.953
      generated nodes / s          2.5 k
        solutions created           0.0 
