printing solutions in: ./dogs-color/insts/cgshop22/visp44362.instance.json.solution.json
printing perfs in: ./dogs-color/insts/cgshop22/visp44362.instance.json.perf.json

CGSHOP Instance: compute neighbors...
computing neighbors (0 / 44362)...
computing neighbors (1000 / 44362)...
computing neighbors (2000 / 44362)...
computing neighbors (3000 / 44362)...
computing neighbors (4000 / 44362)...
computing neighbors (5000 / 44362)...
computing neighbors (6000 / 44362)...
computing neighbors (7000 / 44362)...
computing neighbors (8000 / 44362)...
computing neighbors (9000 / 44362)...
computing neighbors (10000 / 44362)...
computing neighbors (11000 / 44362)...
computing neighbors (12000 / 44362)...
computing neighbors (13000 / 44362)...
computing neighbors (14000 / 44362)...
computing neighbors (15000 / 44362)...
computing neighbors (16000 / 44362)...
computing neighbors (17000 / 44362)...
computing neighbors (18000 / 44362)...
computing neighbors (19000 / 44362)...
computing neighbors (20000 / 44362)...
computing neighbors (21000 / 44362)...
computing neighbors (22000 / 44362)...
computing neighbors (23000 / 44362)...
computing neighbors (24000 / 44362)...
computing neighbors (25000 / 44362)...
computing neighbors (26000 / 44362)...
computing neighbors (27000 / 44362)...
computing neighbors (28000 / 44362)...
computing neighbors (29000 / 44362)...
computing neighbors (30000 / 44362)...
computing neighbors (31000 / 44362)...
computing neighbors (32000 / 44362)...
computing neighbors (33000 / 44362)...
computing neighbors (34000 / 44362)...
computing neighbors (35000 / 44362)...
computing neighbors (36000 / 44362)...
computing neighbors (37000 / 44362)...
computing neighbors (38000 / 44362)...
computing neighbors (39000 / 44362)...
computing neighbors (40000 / 44362)...
computing neighbors (41000 / 44362)...
computing neighbors (42000 / 44362)...
computing neighbors (43000 / 44362)...
computing neighbors (44000 / 44362)...
809        vertices
44362      segments
21026      dominations
=======================
CGSHOP Instance: compute neighbors...
computing neighbors (0 / 44362)...
computing neighbors (1000 / 44362)...
computing neighbors (2000 / 44362)...
computing neighbors (3000 / 44362)...
computing neighbors (4000 / 44362)...
computing neighbors (5000 / 44362)...
computing neighbors (6000 / 44362)...
computing neighbors (7000 / 44362)...
computing neighbors (8000 / 44362)...
computing neighbors (9000 / 44362)...
computing neighbors (10000 / 44362)...
computing neighbors (11000 / 44362)...
computing neighbors (12000 / 44362)...
computing neighbors (13000 / 44362)...
computing neighbors (14000 / 44362)...
computing neighbors (15000 / 44362)...
computing neighbors (16000 / 44362)...
computing neighbors (17000 / 44362)...
computing neighbors (18000 / 44362)...
computing neighbors (19000 / 44362)...
computing neighbors (20000 / 44362)...
computing neighbors (21000 / 44362)...
computing neighbors (22000 / 44362)...
computing neighbors (23000 / 44362)...
computing neighbors (24000 / 44362)...
computing neighbors (25000 / 44362)...
computing neighbors (26000 / 44362)...
computing neighbors (27000 / 44362)...
computing neighbors (28000 / 44362)...
computing neighbors (29000 / 44362)...
computing neighbors (30000 / 44362)...
computing neighbors (31000 / 44362)...
computing neighbors (32000 / 44362)...
computing neighbors (33000 / 44362)...
computing neighbors (34000 / 44362)...
computing neighbors (35000 / 44362)...
computing neighbors (36000 / 44362)...
computing neighbors (37000 / 44362)...
computing neighbors (38000 / 44362)...
computing neighbors (39000 / 44362)...
computing neighbors (40000 / 44362)...
computing neighbors (41000 / 44362)...
computing neighbors (42000 / 44362)...
computing neighbors (43000 / 44362)...
computing neighbors (44000 / 44362)...
colored 1000 / 44362...
colored 2000 / 44362...
colored 3000 / 44362...
colored 4000 / 44362...
colored 5000 / 44362...
colored 6000 / 44362...
colored 7000 / 44362...
colored 8000 / 44362...
colored 9000 / 44362...
colored 10000 / 44362...
colored 11000 / 44362...
colored 12000 / 44362...
colored 13000 / 44362...
colored 14000 / 44362...
colored 15000 / 44362...
colored 16000 / 44362...
colored 17000 / 44362...
colored 18000 / 44362...
colored 19000 / 44362...
colored 20000 / 44362...
colored 21000 / 44362...
colored 22000 / 44362...
colored 23000 / 44362...
colored 24000 / 44362...
colored 25000 / 44362...
colored 26000 / 44362...
colored 27000 / 44362...
colored 28000 / 44362...
colored 29000 / 44362...
colored 30000 / 44362...
colored 31000 / 44362...
colored 32000 / 44362...
colored 33000 / 44362...
colored 34000 / 44362...
colored 35000 / 44362...
colored 36000 / 44362...
colored 37000 / 44362...
colored 38000 / 44362...
colored 39000 / 44362...
colored 40000 / 44362...
colored 41000 / 44362...
colored 42000 / 44362...
colored 43000 / 44362...
colored 44000 / 44362...
greedy found 157 colors in 31.877 seconds
 time (s)      nb nodes       objective      
---------------------------------------------
  9.273                       157            
  9.390        129.0          156            
  9.439        205.0          155            
  9.643        820.0          154            
  9.732        1.0 k          153            
  10.983       4.3 k          152            
  11.287       5.3 k          151            
  11.910       6.8 k          150            
  13.019       10.6 k         149            
  14.946       16.5 k         148            
  22.455       35.3 k         147            
  27.556       47.5 k         146            
  31.649       56.7 k         145            
  43.958       77.6 k         144            
  55.680       100.1 k        143            
  88.888       161.6 k        142            
  134.936      235.8 k        141            
  182.213      311.3 k        140            
  272.572      446.6 k        139            
  557.729      837.2 k        138            
  661.325      967.9 k        137            
  709.288      1.0 M          136            
  1420.954     2.1 M          135            
  2096.228     3.2 M          134            
  2638.983     4.1 M          133            
  3327.362     5.0 M          132            
  4407.548     6.5 M          131            
  9268.209     13.5 M         130            
  11127.894    16.2 M         129            
  23370.252    35.0 M         128            

             nb generated        115.4 M
              nb expanded         71.8 M
               nb trashed           0.0 
     avg branching factor           1.6 
                  nb eval          60.0 
                 nb guide        115.4 M
        time searched (s)      71990.727
      generated nodes / s          1.6 k
        solutions created           0.0 
