printing solutions in: ./dogs-color/insts/cgshop22/vispecn15912.instance.json.solution.json
printing perfs in: ./dogs-color/insts/cgshop22/vispecn15912.instance.json.perf.json

CGSHOP Instance: compute neighbors...
computing neighbors (0 / 15912)...
computing neighbors (1000 / 15912)...
computing neighbors (2000 / 15912)...
computing neighbors (3000 / 15912)...
computing neighbors (4000 / 15912)...
computing neighbors (5000 / 15912)...
computing neighbors (6000 / 15912)...
computing neighbors (7000 / 15912)...
computing neighbors (8000 / 15912)...
computing neighbors (9000 / 15912)...
computing neighbors (10000 / 15912)...
computing neighbors (11000 / 15912)...
computing neighbors (12000 / 15912)...
computing neighbors (13000 / 15912)...
computing neighbors (14000 / 15912)...
computing neighbors (15000 / 15912)...
23930      vertices
15912      segments
152        dominations
=======================
CGSHOP Instance: compute neighbors...
computing neighbors (0 / 15912)...
computing neighbors (1000 / 15912)...
computing neighbors (2000 / 15912)...
computing neighbors (3000 / 15912)...
computing neighbors (4000 / 15912)...
computing neighbors (5000 / 15912)...
computing neighbors (6000 / 15912)...
computing neighbors (7000 / 15912)...
computing neighbors (8000 / 15912)...
computing neighbors (9000 / 15912)...
computing neighbors (10000 / 15912)...
computing neighbors (11000 / 15912)...
computing neighbors (12000 / 15912)...
computing neighbors (13000 / 15912)...
computing neighbors (14000 / 15912)...
computing neighbors (15000 / 15912)...
colored 1000 / 15912...
colored 2000 / 15912...
colored 3000 / 15912...
colored 4000 / 15912...
colored 5000 / 15912...
colored 6000 / 15912...
colored 7000 / 15912...
colored 8000 / 15912...
colored 9000 / 15912...
colored 10000 / 15912...
colored 11000 / 15912...
colored 12000 / 15912...
colored 13000 / 15912...
colored 14000 / 15912...
colored 15000 / 15912...
greedy found 242 colors in 3.472 seconds
 time (s)      nb nodes       objective      
---------------------------------------------
  1.126                       242            
  1.154        126.0          241            
  1.168        228.0          240            
  1.196        367.0          239            
  1.214        668.0          238            
  1.229        1.3 k          237            
  1.254        2.0 k          236            
  1.421        6.9 k          235            
  1.453        8.2 k          234            
  1.528        11.6 k         233            
  1.579        13.4 k         232            
  1.798        20.4 k         231            
  2.038        26.9 k         230            
  2.352        37.0 k         229            
  2.602        44.1 k         228            
  2.806        51.2 k         227            
  3.043        58.5 k         226            
  3.184        62.5 k         225            
  3.532        72.3 k         224            
  3.721        80.1 k         223            
  4.002        88.3 k         222            
  4.655        104.8 k        221            
  5.207        119.8 k        220            
  6.681        157.9 k        219            
  6.817        161.8 k        218            
  7.215        175.5 k        217            
  8.597        217.5 k        216            
  9.617        245.6 k        215            
  10.284       261.3 k        214            
  11.518       296.4 k        213            
  12.614       328.8 k        212            
  13.507       356.0 k        211            
  16.120       423.6 k        210            
  18.162       478.0 k        209            
  22.820       591.7 k        208            
  28.812       724.7 k        207            
  34.808       877.5 k        206            
  39.726       981.8 k        205            
  47.796       1.1 M          204            
  50.236       1.2 M          203            
  61.127       1.4 M          202            
  120.207      2.5 M          201            
  149.491      2.9 M          200            
  157.743      3.0 M          199            
  333.500      5.2 M          198            
  358.914      5.6 M          197            
  1234.347     13.1 M         196            
  1963.700     18.7 M         195            
  10398.055    69.8 M         194            

             nb generated        391.5 M
              nb expanded        260.3 M
               nb trashed           0.0 
     avg branching factor           1.5 
                  nb eval          98.0 
                 nb guide        391.5 M
        time searched (s)      71998.867
      generated nodes / s          5.4 k
        solutions created           0.0 
