printing solutions in: ./dogs-color/insts/cgshop22/visp27975.instance.json.solution.json
printing perfs in: ./dogs-color/insts/cgshop22/visp27975.instance.json.perf.json

CGSHOP Instance: compute neighbors...
computing neighbors (0 / 27975)...
computing neighbors (1000 / 27975)...
computing neighbors (2000 / 27975)...
computing neighbors (3000 / 27975)...
computing neighbors (4000 / 27975)...
computing neighbors (5000 / 27975)...
computing neighbors (6000 / 27975)...
computing neighbors (7000 / 27975)...
computing neighbors (8000 / 27975)...
computing neighbors (9000 / 27975)...
computing neighbors (10000 / 27975)...
computing neighbors (11000 / 27975)...
computing neighbors (12000 / 27975)...
computing neighbors (13000 / 27975)...
computing neighbors (14000 / 27975)...
computing neighbors (15000 / 27975)...
computing neighbors (16000 / 27975)...
computing neighbors (17000 / 27975)...
computing neighbors (18000 / 27975)...
computing neighbors (19000 / 27975)...
computing neighbors (20000 / 27975)...
computing neighbors (21000 / 27975)...
computing neighbors (22000 / 27975)...
computing neighbors (23000 / 27975)...
computing neighbors (24000 / 27975)...
computing neighbors (25000 / 27975)...
computing neighbors (26000 / 27975)...
computing neighbors (27000 / 27975)...
1285       vertices
27975      segments
13976      dominations
=======================
CGSHOP Instance: compute neighbors...
computing neighbors (0 / 27975)...
computing neighbors (1000 / 27975)...
computing neighbors (2000 / 27975)...
computing neighbors (3000 / 27975)...
computing neighbors (4000 / 27975)...
computing neighbors (5000 / 27975)...
computing neighbors (6000 / 27975)...
computing neighbors (7000 / 27975)...
computing neighbors (8000 / 27975)...
computing neighbors (9000 / 27975)...
computing neighbors (10000 / 27975)...
computing neighbors (11000 / 27975)...
computing neighbors (12000 / 27975)...
computing neighbors (13000 / 27975)...
computing neighbors (14000 / 27975)...
computing neighbors (15000 / 27975)...
computing neighbors (16000 / 27975)...
computing neighbors (17000 / 27975)...
computing neighbors (18000 / 27975)...
computing neighbors (19000 / 27975)...
computing neighbors (20000 / 27975)...
computing neighbors (21000 / 27975)...
computing neighbors (22000 / 27975)...
computing neighbors (23000 / 27975)...
computing neighbors (24000 / 27975)...
computing neighbors (25000 / 27975)...
computing neighbors (26000 / 27975)...
computing neighbors (27000 / 27975)...
colored 1000 / 27975...
colored 2000 / 27975...
colored 3000 / 27975...
colored 4000 / 27975...
colored 5000 / 27975...
colored 6000 / 27975...
colored 7000 / 27975...
colored 8000 / 27975...
colored 9000 / 27975...
colored 10000 / 27975...
colored 11000 / 27975...
colored 12000 / 27975...
colored 13000 / 27975...
colored 14000 / 27975...
colored 15000 / 27975...
colored 16000 / 27975...
colored 17000 / 27975...
colored 18000 / 27975...
colored 19000 / 27975...
colored 20000 / 27975...
colored 21000 / 27975...
colored 22000 / 27975...
colored 23000 / 27975...
colored 24000 / 27975...
colored 25000 / 27975...
colored 26000 / 27975...
colored 27000 / 27975...
greedy found 61 colors in 8.150 seconds
 time (s)      nb nodes       objective      
---------------------------------------------
  2.764                       61             
  2.800        219.0          60             
  2.836        686.0          59             
  3.213        5.9 k          58             
  3.321        7.9 k          57             
  5.347        34.2 k         56             
  5.777        40.0 k         55             
  6.512        50.9 k         54             
  10.669       117.2 k        53             
  15.530       225.3 k        52             
  30.472       431.7 k        51             
  43.062       722.7 k        50             
  94.549       1.3 M          49             
  1617.109     16.2 M         48             

             nb generated          1.0 B
              nb expanded        413.9 M
               nb trashed           0.0 
     avg branching factor           2.5 
                  nb eval          28.0 
                 nb guide          1.0 B
        time searched (s)      71997.234
      generated nodes / s         14.6 k
        solutions created           0.0 
invalid solution (reason: ConflictingEdge(2111, 13305))
