printing solutions in: ./dogs-color/insts/cgshop22/visp59449.instance.json.solution.json
printing perfs in: ./dogs-color/insts/cgshop22/visp59449.instance.json.perf.json

CGSHOP Instance: compute neighbors...
computing neighbors (0 / 59449)...
computing neighbors (1000 / 59449)...
computing neighbors (2000 / 59449)...
computing neighbors (3000 / 59449)...
computing neighbors (4000 / 59449)...
computing neighbors (5000 / 59449)...
computing neighbors (6000 / 59449)...
computing neighbors (7000 / 59449)...
computing neighbors (8000 / 59449)...
computing neighbors (9000 / 59449)...
computing neighbors (10000 / 59449)...
computing neighbors (11000 / 59449)...
computing neighbors (12000 / 59449)...
computing neighbors (13000 / 59449)...
computing neighbors (14000 / 59449)...
computing neighbors (15000 / 59449)...
computing neighbors (16000 / 59449)...
computing neighbors (17000 / 59449)...
computing neighbors (18000 / 59449)...
computing neighbors (19000 / 59449)...
computing neighbors (20000 / 59449)...
computing neighbors (21000 / 59449)...
computing neighbors (22000 / 59449)...
computing neighbors (23000 / 59449)...
computing neighbors (24000 / 59449)...
computing neighbors (25000 / 59449)...
computing neighbors (26000 / 59449)...
computing neighbors (27000 / 59449)...
computing neighbors (28000 / 59449)...
computing neighbors (29000 / 59449)...
computing neighbors (30000 / 59449)...
computing neighbors (31000 / 59449)...
computing neighbors (32000 / 59449)...
computing neighbors (33000 / 59449)...
computing neighbors (34000 / 59449)...
computing neighbors (35000 / 59449)...
computing neighbors (36000 / 59449)...
computing neighbors (37000 / 59449)...
computing neighbors (38000 / 59449)...
computing neighbors (39000 / 59449)...
computing neighbors (40000 / 59449)...
computing neighbors (41000 / 59449)...
computing neighbors (42000 / 59449)...
computing neighbors (43000 / 59449)...
computing neighbors (44000 / 59449)...
computing neighbors (45000 / 59449)...
computing neighbors (46000 / 59449)...
computing neighbors (47000 / 59449)...
computing neighbors (48000 / 59449)...
computing neighbors (49000 / 59449)...
computing neighbors (50000 / 59449)...
computing neighbors (51000 / 59449)...
computing neighbors (52000 / 59449)...
computing neighbors (53000 / 59449)...
computing neighbors (54000 / 59449)...
computing neighbors (55000 / 59449)...
computing neighbors (56000 / 59449)...
computing neighbors (57000 / 59449)...
computing neighbors (58000 / 59449)...
computing neighbors (59000 / 59449)...
1157       vertices
59449      segments
28184      dominations
=======================
CGSHOP Instance: compute neighbors...
computing neighbors (0 / 59449)...
computing neighbors (1000 / 59449)...
computing neighbors (2000 / 59449)...
computing neighbors (3000 / 59449)...
computing neighbors (4000 / 59449)...
computing neighbors (5000 / 59449)...
computing neighbors (6000 / 59449)...
computing neighbors (7000 / 59449)...
computing neighbors (8000 / 59449)...
computing neighbors (9000 / 59449)...
computing neighbors (10000 / 59449)...
computing neighbors (11000 / 59449)...
computing neighbors (12000 / 59449)...
computing neighbors (13000 / 59449)...
computing neighbors (14000 / 59449)...
computing neighbors (15000 / 59449)...
computing neighbors (16000 / 59449)...
computing neighbors (17000 / 59449)...
computing neighbors (18000 / 59449)...
computing neighbors (19000 / 59449)...
computing neighbors (20000 / 59449)...
computing neighbors (21000 / 59449)...
computing neighbors (22000 / 59449)...
computing neighbors (23000 / 59449)...
computing neighbors (24000 / 59449)...
computing neighbors (25000 / 59449)...
computing neighbors (26000 / 59449)...
computing neighbors (27000 / 59449)...
computing neighbors (28000 / 59449)...
computing neighbors (29000 / 59449)...
computing neighbors (30000 / 59449)...
computing neighbors (31000 / 59449)...
computing neighbors (32000 / 59449)...
computing neighbors (33000 / 59449)...
computing neighbors (34000 / 59449)...
computing neighbors (35000 / 59449)...
computing neighbors (36000 / 59449)...
computing neighbors (37000 / 59449)...
computing neighbors (38000 / 59449)...
computing neighbors (39000 / 59449)...
computing neighbors (40000 / 59449)...
computing neighbors (41000 / 59449)...
computing neighbors (42000 / 59449)...
computing neighbors (43000 / 59449)...
computing neighbors (44000 / 59449)...
computing neighbors (45000 / 59449)...
computing neighbors (46000 / 59449)...
computing neighbors (47000 / 59449)...
computing neighbors (48000 / 59449)...
computing neighbors (49000 / 59449)...
computing neighbors (50000 / 59449)...
computing neighbors (51000 / 59449)...
computing neighbors (52000 / 59449)...
computing neighbors (53000 / 59449)...
computing neighbors (54000 / 59449)...
computing neighbors (55000 / 59449)...
computing neighbors (56000 / 59449)...
computing neighbors (57000 / 59449)...
computing neighbors (58000 / 59449)...
computing neighbors (59000 / 59449)...
colored 1000 / 59449...
colored 2000 / 59449...
colored 3000 / 59449...
colored 4000 / 59449...
colored 5000 / 59449...
colored 6000 / 59449...
colored 7000 / 59449...
colored 8000 / 59449...
colored 9000 / 59449...
colored 10000 / 59449...
colored 11000 / 59449...
colored 12000 / 59449...
colored 13000 / 59449...
colored 14000 / 59449...
colored 15000 / 59449...
colored 16000 / 59449...
colored 17000 / 59449...
colored 18000 / 59449...
colored 19000 / 59449...
colored 20000 / 59449...
colored 21000 / 59449...
colored 22000 / 59449...
colored 23000 / 59449...
colored 24000 / 59449...
colored 25000 / 59449...
colored 26000 / 59449...
colored 27000 / 59449...
colored 28000 / 59449...
colored 29000 / 59449...
colored 30000 / 59449...
colored 31000 / 59449...
colored 32000 / 59449...
colored 33000 / 59449...
colored 34000 / 59449...
colored 35000 / 59449...
colored 36000 / 59449...
colored 37000 / 59449...
colored 38000 / 59449...
colored 39000 / 59449...
colored 40000 / 59449...
colored 41000 / 59449...
colored 42000 / 59449...
colored 43000 / 59449...
colored 44000 / 59449...
colored 45000 / 59449...
colored 46000 / 59449...
colored 47000 / 59449...
colored 48000 / 59449...
colored 49000 / 59449...
colored 50000 / 59449...
colored 51000 / 59449...
colored 52000 / 59449...
colored 53000 / 59449...
colored 54000 / 59449...
colored 55000 / 59449...
colored 56000 / 59449...
colored 57000 / 59449...
colored 58000 / 59449...
colored 59000 / 59449...
greedy found 152 colors in 34.657 seconds
 time (s)      nb nodes       objective      
---------------------------------------------
  11.223                      152            
  11.281       317.0          151            
  11.318       424.0          150            
  11.750       3.3 k          149            
  11.803       3.4 k          148            
  14.329       11.9 k         147            
  17.509       18.2 k         146            
  17.904       19.0 k         145            
  18.333       21.1 k         144            
  18.460       21.7 k         143            
  20.592       33.2 k         142            
  29.978       54.7 k         141            
  46.164       93.0 k         140            
  73.077       160.3 k        139            
  81.912       183.3 k        138            
  88.336       214.9 k        137            
  175.541      446.0 k        136            
  179.086      458.4 k        135            
  198.500      508.6 k        134            
  203.206      524.6 k        133            
  222.714      611.9 k        132            
  242.632      683.0 k        131            
  257.964      735.7 k        130            
  282.921      823.5 k        129            
  373.923      1.3 M          128            
  423.716      1.5 M          127            
  700.482      2.3 M          126            
  935.197      3.0 M          125            
  1800.308     5.4 M          124            
  1947.179     5.9 M          123            
  2093.621     6.3 M          122            
  3080.730     9.2 M          121            
  16409.273    49.6 M         120            
  19491.521    58.9 M         119            

             nb generated        227.5 M
              nb expanded        129.6 M
               nb trashed           0.0 
     avg branching factor           1.8 
                  nb eval          68.0 
                 nb guide        227.5 M
        time searched (s)      71988.773
      generated nodes / s          3.2 k
        solutions created           0.0 
