printing solutions in: ./dogs-color/insts/cgshop22/vispecn63113.instance.json.solution.json
printing perfs in: ./dogs-color/insts/cgshop22/vispecn63113.instance.json.perf.json

CGSHOP Instance: compute neighbors...
computing neighbors (0 / 63113)...
computing neighbors (1000 / 63113)...
computing neighbors (2000 / 63113)...
computing neighbors (3000 / 63113)...
computing neighbors (4000 / 63113)...
computing neighbors (5000 / 63113)...
computing neighbors (6000 / 63113)...
computing neighbors (7000 / 63113)...
computing neighbors (8000 / 63113)...
computing neighbors (9000 / 63113)...
computing neighbors (10000 / 63113)...
computing neighbors (11000 / 63113)...
computing neighbors (12000 / 63113)...
computing neighbors (13000 / 63113)...
computing neighbors (14000 / 63113)...
computing neighbors (15000 / 63113)...
computing neighbors (16000 / 63113)...
computing neighbors (17000 / 63113)...
computing neighbors (18000 / 63113)...
computing neighbors (19000 / 63113)...
computing neighbors (20000 / 63113)...
computing neighbors (21000 / 63113)...
computing neighbors (22000 / 63113)...
computing neighbors (23000 / 63113)...
computing neighbors (24000 / 63113)...
computing neighbors (25000 / 63113)...
computing neighbors (26000 / 63113)...
computing neighbors (27000 / 63113)...
computing neighbors (28000 / 63113)...
computing neighbors (29000 / 63113)...
computing neighbors (30000 / 63113)...
computing neighbors (31000 / 63113)...
computing neighbors (32000 / 63113)...
computing neighbors (33000 / 63113)...
computing neighbors (34000 / 63113)...
computing neighbors (35000 / 63113)...
computing neighbors (36000 / 63113)...
computing neighbors (37000 / 63113)...
computing neighbors (38000 / 63113)...
computing neighbors (39000 / 63113)...
computing neighbors (40000 / 63113)...
computing neighbors (41000 / 63113)...
computing neighbors (42000 / 63113)...
computing neighbors (43000 / 63113)...
computing neighbors (44000 / 63113)...
computing neighbors (45000 / 63113)...
computing neighbors (46000 / 63113)...
computing neighbors (47000 / 63113)...
computing neighbors (48000 / 63113)...
computing neighbors (49000 / 63113)...
computing neighbors (50000 / 63113)...
computing neighbors (51000 / 63113)...
computing neighbors (52000 / 63113)...
computing neighbors (53000 / 63113)...
computing neighbors (54000 / 63113)...
computing neighbors (55000 / 63113)...
computing neighbors (56000 / 63113)...
computing neighbors (57000 / 63113)...
computing neighbors (58000 / 63113)...
computing neighbors (59000 / 63113)...
computing neighbors (60000 / 63113)...
computing neighbors (61000 / 63113)...
computing neighbors (62000 / 63113)...
computing neighbors (63000 / 63113)...
88418      vertices
63113      segments
410        dominations
=======================
CGSHOP Instance: compute neighbors...
computing neighbors (0 / 63113)...
computing neighbors (1000 / 63113)...
computing neighbors (2000 / 63113)...
computing neighbors (3000 / 63113)...
computing neighbors (4000 / 63113)...
computing neighbors (5000 / 63113)...
computing neighbors (6000 / 63113)...
computing neighbors (7000 / 63113)...
computing neighbors (8000 / 63113)...
computing neighbors (9000 / 63113)...
computing neighbors (10000 / 63113)...
computing neighbors (11000 / 63113)...
computing neighbors (12000 / 63113)...
computing neighbors (13000 / 63113)...
computing neighbors (14000 / 63113)...
computing neighbors (15000 / 63113)...
computing neighbors (16000 / 63113)...
computing neighbors (17000 / 63113)...
computing neighbors (18000 / 63113)...
computing neighbors (19000 / 63113)...
computing neighbors (20000 / 63113)...
computing neighbors (21000 / 63113)...
computing neighbors (22000 / 63113)...
computing neighbors (23000 / 63113)...
computing neighbors (24000 / 63113)...
computing neighbors (25000 / 63113)...
computing neighbors (26000 / 63113)...
computing neighbors (27000 / 63113)...
computing neighbors (28000 / 63113)...
computing neighbors (29000 / 63113)...
computing neighbors (30000 / 63113)...
computing neighbors (31000 / 63113)...
computing neighbors (32000 / 63113)...
computing neighbors (33000 / 63113)...
computing neighbors (34000 / 63113)...
computing neighbors (35000 / 63113)...
computing neighbors (36000 / 63113)...
computing neighbors (37000 / 63113)...
computing neighbors (38000 / 63113)...
computing neighbors (39000 / 63113)...
computing neighbors (40000 / 63113)...
computing neighbors (41000 / 63113)...
computing neighbors (42000 / 63113)...
computing neighbors (43000 / 63113)...
computing neighbors (44000 / 63113)...
computing neighbors (45000 / 63113)...
computing neighbors (46000 / 63113)...
computing neighbors (47000 / 63113)...
computing neighbors (48000 / 63113)...
computing neighbors (49000 / 63113)...
computing neighbors (50000 / 63113)...
computing neighbors (51000 / 63113)...
computing neighbors (52000 / 63113)...
computing neighbors (53000 / 63113)...
computing neighbors (54000 / 63113)...
computing neighbors (55000 / 63113)...
computing neighbors (56000 / 63113)...
computing neighbors (57000 / 63113)...
computing neighbors (58000 / 63113)...
computing neighbors (59000 / 63113)...
computing neighbors (60000 / 63113)...
computing neighbors (61000 / 63113)...
computing neighbors (62000 / 63113)...
computing neighbors (63000 / 63113)...
colored 1000 / 63113...
colored 2000 / 63113...
colored 3000 / 63113...
colored 4000 / 63113...
colored 5000 / 63113...
colored 6000 / 63113...
colored 7000 / 63113...
colored 8000 / 63113...
colored 9000 / 63113...
colored 10000 / 63113...
colored 11000 / 63113...
colored 12000 / 63113...
colored 13000 / 63113...
colored 14000 / 63113...
colored 15000 / 63113...
colored 16000 / 63113...
colored 17000 / 63113...
colored 18000 / 63113...
colored 19000 / 63113...
colored 20000 / 63113...
colored 21000 / 63113...
colored 22000 / 63113...
colored 23000 / 63113...
colored 24000 / 63113...
colored 25000 / 63113...
colored 26000 / 63113...
colored 27000 / 63113...
colored 28000 / 63113...
colored 29000 / 63113...
colored 30000 / 63113...
colored 31000 / 63113...
colored 32000 / 63113...
colored 33000 / 63113...
colored 34000 / 63113...
colored 35000 / 63113...
colored 36000 / 63113...
colored 37000 / 63113...
colored 38000 / 63113...
colored 39000 / 63113...
colored 40000 / 63113...
colored 41000 / 63113...
colored 42000 / 63113...
colored 43000 / 63113...
colored 44000 / 63113...
colored 45000 / 63113...
colored 46000 / 63113...
colored 47000 / 63113...
colored 48000 / 63113...
colored 49000 / 63113...
colored 50000 / 63113...
colored 51000 / 63113...
colored 52000 / 63113...
colored 53000 / 63113...
colored 54000 / 63113...
colored 55000 / 63113...
colored 56000 / 63113...
colored 57000 / 63113...
colored 58000 / 63113...
colored 59000 / 63113...
colored 60000 / 63113...
colored 61000 / 63113...
colored 62000 / 63113...
colored 63000 / 63113...
greedy found 446 colors in 96.812 seconds
 time (s)      nb nodes       objective      
---------------------------------------------
  18.156                      446            
  18.234       5.0            445            
  18.295       8.0            444            
  18.365       350.0          443            
  18.452       427.0          442            
  18.513       563.0          441            
  18.557       641.0          440            
  18.611       1.3 k          439            
  18.697       1.6 k          438            
  18.780       2.4 k          437            
  18.814       2.4 k          436            
  18.863       2.6 k          435            
  18.905       2.6 k          434            
  19.001       3.4 k          433            
  19.089       4.0 k          432            
  19.166       4.2 k          431            
  19.301       4.8 k          430            
  19.491       6.0 k          429            
  19.707       6.9 k          428            
  19.969       8.9 k          427            
  20.218       11.4 k         426            
  20.885       15.7 k         425            
  21.000       16.4 k         424            
  22.115       24.8 k         423            
  22.396       27.0 k         422            
  22.553       28.5 k         421            
  23.308       33.7 k         420            
  23.571       35.8 k         419            
  23.929       39.4 k         418            
  24.206       41.2 k         417            
  25.141       49.4 k         416            
  25.348       52.8 k         415            
  26.121       57.0 k         414            
  27.684       67.1 k         413            
  27.943       69.6 k         412            
  28.669       75.3 k         411            
  29.328       79.0 k         410            
  30.034       84.8 k         409            
  30.589       89.7 k         408            
  31.263       94.8 k         407            
  33.583       110.8 k        406            
  33.910       113.9 k        405            
  35.390       124.7 k        404            
  37.112       133.8 k        403            
  38.795       144.5 k        402            
  39.636       152.0 k        401            
  40.369       158.5 k        400            
  41.060       163.9 k        399            
  42.294       174.2 k        398            
  42.903       181.4 k        397            
  43.885       193.0 k        396            
  45.084       203.6 k        395            
  46.123       211.7 k        394            
  50.332       235.9 k        393            
  54.629       259.4 k        392            
  57.770       275.1 k        391            
  59.053       283.5 k        390            
  61.231       295.2 k        389            
  62.271       301.0 k        388            
  63.482       310.1 k        387            
  64.060       314.4 k        386            
  66.050       329.8 k        385            
  67.337       339.6 k        384            
  71.426       362.0 k        383            
  73.815       381.0 k        382            
  77.397       401.2 k        381            
  80.109       414.9 k        380            
  82.158       430.4 k        379            
  85.954       454.7 k        378            
  94.262       501.3 k        377            
  99.226       528.2 k        376            
  111.223      592.3 k        375            
  122.673      654.2 k        374            
  130.120      687.9 k        373            
  134.043      711.4 k        372            
  135.985      725.3 k        371            
  144.006      768.7 k        370            
  145.912      777.1 k        369            
  154.268      816.5 k        368            
  163.249      857.4 k        367            
  167.080      876.1 k        366            
  172.596      901.4 k        365            
  181.039      944.5 k        364            
  193.132      998.7 k        363            
  200.246      1.0 M          362            
  207.909      1.1 M          361            
  213.474      1.1 M          360            
  224.580      1.2 M          359            
  236.879      1.2 M          358            
  247.811      1.3 M          357            
  255.773      1.3 M          356            
  275.095      1.4 M          355            
  295.237      1.5 M          354            
  325.431      1.7 M          353            
  331.507      1.7 M          352            
  352.285      1.8 M          351            
  379.899      1.9 M          350            
  421.345      2.1 M          349            
  433.116      2.1 M          348            
  444.065      2.2 M          347            
  459.879      2.3 M          346            
  468.694      2.3 M          345            
  534.190      2.6 M          344            
  566.447      2.7 M          343            
  629.846      2.8 M          342            
  640.958      2.9 M          341            
  659.449      3.0 M          340            
  731.613      3.2 M          339            
  743.188      3.3 M          338            
  769.141      3.4 M          337            
  815.807      3.6 M          336            
  874.220      3.7 M          335            
  926.489      3.9 M          334            
  1066.220     4.4 M          333            
  1144.282     4.7 M          332            
  1216.320     4.9 M          331            
  1388.465     5.3 M          330            
  1519.169     5.7 M          329            
  1571.076     5.8 M          328            
  1871.252     6.5 M          327            
  2002.775     6.9 M          326            
  2067.163     7.1 M          325            
  2110.727     7.2 M          324            
  2144.997     7.3 M          323            
  2395.180     8.0 M          322            
  2506.793     8.3 M          321            
  2590.780     8.6 M          320            
  3187.841     10.0 M         319            
  3483.400     10.8 M         318            
  5708.829     15.1 M         317            
  5914.468     15.6 M         316            
  6365.145     16.5 M         315            
  6918.698     17.6 M         314            
  10819.949    24.7 M         313            
  11400.859    25.7 M         312            
  15977.394    33.8 M         311            
  16052.012    33.9 M         310            
  29179.574    54.8 M         309            
  29385.230    55.2 M         308            

             nb generated        116.5 M
              nb expanded         48.7 M
               nb trashed           0.0 
     avg branching factor           2.4 
                  nb eval         278.0 
                 nb guide        116.5 M
        time searched (s)      71981.844
      generated nodes / s          1.6 k
        solutions created           0.0 
