printing solutions in: ./dogs-color/insts/cgshop22/vispecn16227.instance.json.solution.json
printing perfs in: ./dogs-color/insts/cgshop22/vispecn16227.instance.json.perf.json

CGSHOP Instance: compute neighbors...
computing neighbors (0 / 16227)...
computing neighbors (1000 / 16227)...
computing neighbors (2000 / 16227)...
computing neighbors (3000 / 16227)...
computing neighbors (4000 / 16227)...
computing neighbors (5000 / 16227)...
computing neighbors (6000 / 16227)...
computing neighbors (7000 / 16227)...
computing neighbors (8000 / 16227)...
computing neighbors (9000 / 16227)...
computing neighbors (10000 / 16227)...
computing neighbors (11000 / 16227)...
computing neighbors (12000 / 16227)...
computing neighbors (13000 / 16227)...
computing neighbors (14000 / 16227)...
computing neighbors (15000 / 16227)...
computing neighbors (16000 / 16227)...
24430      vertices
16227      segments
148        dominations
=======================
CGSHOP Instance: compute neighbors...
computing neighbors (0 / 16227)...
computing neighbors (1000 / 16227)...
computing neighbors (2000 / 16227)...
computing neighbors (3000 / 16227)...
computing neighbors (4000 / 16227)...
computing neighbors (5000 / 16227)...
computing neighbors (6000 / 16227)...
computing neighbors (7000 / 16227)...
computing neighbors (8000 / 16227)...
computing neighbors (9000 / 16227)...
computing neighbors (10000 / 16227)...
computing neighbors (11000 / 16227)...
computing neighbors (12000 / 16227)...
computing neighbors (13000 / 16227)...
computing neighbors (14000 / 16227)...
computing neighbors (15000 / 16227)...
computing neighbors (16000 / 16227)...
colored 1000 / 16227...
colored 2000 / 16227...
colored 3000 / 16227...
colored 4000 / 16227...
colored 5000 / 16227...
colored 6000 / 16227...
colored 7000 / 16227...
colored 8000 / 16227...
colored 9000 / 16227...
colored 10000 / 16227...
colored 11000 / 16227...
colored 12000 / 16227...
colored 13000 / 16227...
colored 14000 / 16227...
colored 15000 / 16227...
colored 16000 / 16227...
greedy found 315 colors in 4.918 seconds
 time (s)      nb nodes       objective      
---------------------------------------------
  1.291                       315            
  1.312        28.0           314            
  1.321        231.0          313            
  1.351        298.0          312            
  1.382        946.0          311            
  1.389        1.1 k          310            
  1.395        1.1 k          309            
  1.405        1.3 k          308            
  1.416        1.7 k          307            
  1.424        1.9 k          306            
  1.444        3.2 k          305            
  1.457        3.5 k          304            
  1.478        4.1 k          303            
  1.516        5.3 k          302            
  1.548        6.0 k          301            
  1.596        7.3 k          300            
  1.627        8.4 k          299            
  1.643        8.7 k          298            
  1.674        9.3 k          297            
  1.745        10.7 k         296            
  1.855        13.8 k         295            
  2.032        18.2 k         294            
  2.109        19.7 k         293            
  2.133        20.2 k         292            
  2.197        22.1 k         291            
  2.270        24.3 k         290            
  2.681        37.0 k         289            
  3.890        66.1 k         288            
  4.495        79.3 k         287            
  4.725        84.5 k         286            
  5.713        108.3 k        285            
  5.895        113.1 k        284            
  6.896        133.1 k        283            
  7.091        138.0 k        282            
  7.685        152.8 k        281            
  8.101        164.1 k        280            
  8.617        173.8 k        279            
  8.955        181.8 k        278            
  9.902        211.2 k        277            
  10.387       222.6 k        276            
  12.200       261.0 k        275            
  12.389       265.4 k        274            
  14.030       299.2 k        273            
  14.358       306.6 k        272            
  14.974       322.9 k        271            
  17.906       417.1 k        270            
  18.530       429.9 k        269            
  21.046       491.5 k        268            
  28.509       656.2 k        267            
  30.762       711.7 k        266            
  59.195       1.3 M          265            
  65.391       1.4 M          264            
  71.964       1.6 M          263            
  74.815       1.6 M          262            
  96.950       2.0 M          261            
  146.959      2.9 M          260            
  148.089      3.0 M          259            
  210.875      4.0 M          258            
  557.200      7.5 M          257            
  1231.899     12.5 M         256            
  1237.123     12.6 M         255            
  2024.639     18.3 M         254            
  2081.644     18.8 M         253            
  17684.492    107.4 M        252            
  71006.688    381.3 M        251            

             nb generated        386.5 M
              nb expanded        199.9 M
               nb trashed           0.0 
     avg branching factor           1.9 
                  nb eval         130.0 
                 nb guide        386.5 M
        time searched (s)      71998.703
      generated nodes / s          5.4 k
        solutions created           0.0 
