printing solutions in: ./dogs-color/insts/cgshop22/vispecn33280.instance.json.solution.json
printing perfs in: ./dogs-color/insts/cgshop22/vispecn33280.instance.json.perf.json

CGSHOP Instance: compute neighbors...
computing neighbors (0 / 33280)...
computing neighbors (1000 / 33280)...
computing neighbors (2000 / 33280)...
computing neighbors (3000 / 33280)...
computing neighbors (4000 / 33280)...
computing neighbors (5000 / 33280)...
computing neighbors (6000 / 33280)...
computing neighbors (7000 / 33280)...
computing neighbors (8000 / 33280)...
computing neighbors (9000 / 33280)...
computing neighbors (10000 / 33280)...
computing neighbors (11000 / 33280)...
computing neighbors (12000 / 33280)...
computing neighbors (13000 / 33280)...
computing neighbors (14000 / 33280)...
computing neighbors (15000 / 33280)...
computing neighbors (16000 / 33280)...
computing neighbors (17000 / 33280)...
computing neighbors (18000 / 33280)...
computing neighbors (19000 / 33280)...
computing neighbors (20000 / 33280)...
computing neighbors (21000 / 33280)...
computing neighbors (22000 / 33280)...
computing neighbors (23000 / 33280)...
computing neighbors (24000 / 33280)...
computing neighbors (25000 / 33280)...
computing neighbors (26000 / 33280)...
computing neighbors (27000 / 33280)...
computing neighbors (28000 / 33280)...
computing neighbors (29000 / 33280)...
computing neighbors (30000 / 33280)...
computing neighbors (31000 / 33280)...
computing neighbors (32000 / 33280)...
computing neighbors (33000 / 33280)...
46608      vertices
33280      segments
276        dominations
=======================
CGSHOP Instance: compute neighbors...
computing neighbors (0 / 33280)...
computing neighbors (1000 / 33280)...
computing neighbors (2000 / 33280)...
computing neighbors (3000 / 33280)...
computing neighbors (4000 / 33280)...
computing neighbors (5000 / 33280)...
computing neighbors (6000 / 33280)...
computing neighbors (7000 / 33280)...
computing neighbors (8000 / 33280)...
computing neighbors (9000 / 33280)...
computing neighbors (10000 / 33280)...
computing neighbors (11000 / 33280)...
computing neighbors (12000 / 33280)...
computing neighbors (13000 / 33280)...
computing neighbors (14000 / 33280)...
computing neighbors (15000 / 33280)...
computing neighbors (16000 / 33280)...
computing neighbors (17000 / 33280)...
computing neighbors (18000 / 33280)...
computing neighbors (19000 / 33280)...
computing neighbors (20000 / 33280)...
computing neighbors (21000 / 33280)...
computing neighbors (22000 / 33280)...
computing neighbors (23000 / 33280)...
computing neighbors (24000 / 33280)...
computing neighbors (25000 / 33280)...
computing neighbors (26000 / 33280)...
computing neighbors (27000 / 33280)...
computing neighbors (28000 / 33280)...
computing neighbors (29000 / 33280)...
computing neighbors (30000 / 33280)...
computing neighbors (31000 / 33280)...
computing neighbors (32000 / 33280)...
computing neighbors (33000 / 33280)...
colored 1000 / 33280...
colored 2000 / 33280...
colored 3000 / 33280...
colored 4000 / 33280...
colored 5000 / 33280...
colored 6000 / 33280...
colored 7000 / 33280...
colored 8000 / 33280...
colored 9000 / 33280...
colored 10000 / 33280...
colored 11000 / 33280...
colored 12000 / 33280...
colored 13000 / 33280...
colored 14000 / 33280...
colored 15000 / 33280...
colored 16000 / 33280...
colored 17000 / 33280...
colored 18000 / 33280...
colored 19000 / 33280...
colored 20000 / 33280...
colored 21000 / 33280...
colored 22000 / 33280...
colored 23000 / 33280...
colored 24000 / 33280...
colored 25000 / 33280...
colored 26000 / 33280...
colored 27000 / 33280...
colored 28000 / 33280...
colored 29000 / 33280...
colored 30000 / 33280...
colored 31000 / 33280...
colored 32000 / 33280...
colored 33000 / 33280...
greedy found 280 colors in 19.261 seconds
 time (s)      nb nodes       objective      
---------------------------------------------
  4.857                       280            
  4.897        30.0           279            
  4.909        118.0          278            
  4.939        511.0          277            
  4.969        842.0          276            
  5.006        1.2 k          275            
  5.032        1.5 k          274            
  5.120        3.5 k          273            
  5.165        4.5 k          272            
  5.284        6.7 k          271            
  5.317        7.2 k          270            
  5.382        8.1 k          269            
  5.484        9.8 k          268            
  5.735        13.8 k         267            
  5.844        15.4 k         266            
  5.891        16.1 k         265            
  6.026        18.0 k         264            
  6.180        20.6 k         263            
  6.345        22.7 k         262            
  6.639        27.4 k         261            
  6.734        29.2 k         260            
  7.096        35.4 k         259            
  7.349        40.7 k         258            
  7.577        44.2 k         257            
  7.792        46.7 k         256            
  7.927        48.7 k         255            
  8.313        54.7 k         254            
  8.567        58.1 k         253            
  8.785        61.1 k         252            
  9.041        65.7 k         251            
  9.356        72.2 k         250            
  10.375       90.4 k         249            
  10.597       94.6 k         248            
  10.952       100.9 k        247            
  11.699       112.1 k        246            
  12.336       121.4 k        245            
  13.532       137.4 k        244            
  13.843       144.1 k        243            
  14.804       159.5 k        242            
  16.666       184.6 k        241            
  18.457       208.8 k        240            
  19.834       226.4 k        239            
  21.030       243.7 k        238            
  24.160       287.3 k        237            
  26.336       323.0 k        236            
  27.684       338.9 k        235            
  30.719       378.6 k        234            
  32.922       406.9 k        233            
  36.051       447.3 k        232            
  42.781       513.4 k        231            
  51.063       616.6 k        230            
  54.951       672.7 k        229            
  58.756       720.2 k        228            
  63.560       773.3 k        227            
  70.883       861.3 k        226            
  74.400       911.8 k        225            
  81.020       990.5 k        224            
  87.460       1.1 M          223            
  97.569       1.2 M          222            
  106.023      1.3 M          221            
  159.310      1.8 M          220            
  166.027      1.9 M          219            
  168.387      1.9 M          218            
  182.927      2.1 M          217            
  214.437      2.4 M          216            
  238.419      2.6 M          215            
  311.665      3.2 M          214            
  335.998      3.4 M          213            
  487.874      4.7 M          212            
  536.214      5.1 M          211            
  582.525      5.5 M          210            
  712.084      6.4 M          209            
  1969.018     12.9 M         208            
  2544.129     15.7 M         207            
  4598.161     25.0 M         206            
  5188.618     27.8 M         205            
  14032.082    62.6 M         204            

             nb generated        268.4 M
              nb expanded        134.0 M
               nb trashed           0.0 
     avg branching factor           2.0 
                  nb eval         154.0 
                 nb guide        268.4 M
        time searched (s)      71995.141
      generated nodes / s          3.7 k
        solutions created           0.0 
