printing solutions in: ./dogs-color/insts/cgshop22/visp48558.instance.json.solution.json
printing perfs in: ./dogs-color/insts/cgshop22/visp48558.instance.json.perf.json

CGSHOP Instance: compute neighbors...
computing neighbors (0 / 48558)...
computing neighbors (1000 / 48558)...
computing neighbors (2000 / 48558)...
computing neighbors (3000 / 48558)...
computing neighbors (4000 / 48558)...
computing neighbors (5000 / 48558)...
computing neighbors (6000 / 48558)...
computing neighbors (7000 / 48558)...
computing neighbors (8000 / 48558)...
computing neighbors (9000 / 48558)...
computing neighbors (10000 / 48558)...
computing neighbors (11000 / 48558)...
computing neighbors (12000 / 48558)...
computing neighbors (13000 / 48558)...
computing neighbors (14000 / 48558)...
computing neighbors (15000 / 48558)...
computing neighbors (16000 / 48558)...
computing neighbors (17000 / 48558)...
computing neighbors (18000 / 48558)...
computing neighbors (19000 / 48558)...
computing neighbors (20000 / 48558)...
computing neighbors (21000 / 48558)...
computing neighbors (22000 / 48558)...
computing neighbors (23000 / 48558)...
computing neighbors (24000 / 48558)...
computing neighbors (25000 / 48558)...
computing neighbors (26000 / 48558)...
computing neighbors (27000 / 48558)...
computing neighbors (28000 / 48558)...
computing neighbors (29000 / 48558)...
computing neighbors (30000 / 48558)...
computing neighbors (31000 / 48558)...
computing neighbors (32000 / 48558)...
computing neighbors (33000 / 48558)...
computing neighbors (34000 / 48558)...
computing neighbors (35000 / 48558)...
computing neighbors (36000 / 48558)...
computing neighbors (37000 / 48558)...
computing neighbors (38000 / 48558)...
computing neighbors (39000 / 48558)...
computing neighbors (40000 / 48558)...
computing neighbors (41000 / 48558)...
computing neighbors (42000 / 48558)...
computing neighbors (43000 / 48558)...
computing neighbors (44000 / 48558)...
computing neighbors (45000 / 48558)...
computing neighbors (46000 / 48558)...
computing neighbors (47000 / 48558)...
computing neighbors (48000 / 48558)...
984        vertices
48558      segments
23067      dominations
=======================
CGSHOP Instance: compute neighbors...
computing neighbors (0 / 48558)...
computing neighbors (1000 / 48558)...
computing neighbors (2000 / 48558)...
computing neighbors (3000 / 48558)...
computing neighbors (4000 / 48558)...
computing neighbors (5000 / 48558)...
computing neighbors (6000 / 48558)...
computing neighbors (7000 / 48558)...
computing neighbors (8000 / 48558)...
computing neighbors (9000 / 48558)...
computing neighbors (10000 / 48558)...
computing neighbors (11000 / 48558)...
computing neighbors (12000 / 48558)...
computing neighbors (13000 / 48558)...
computing neighbors (14000 / 48558)...
computing neighbors (15000 / 48558)...
computing neighbors (16000 / 48558)...
computing neighbors (17000 / 48558)...
computing neighbors (18000 / 48558)...
computing neighbors (19000 / 48558)...
computing neighbors (20000 / 48558)...
computing neighbors (21000 / 48558)...
computing neighbors (22000 / 48558)...
computing neighbors (23000 / 48558)...
computing neighbors (24000 / 48558)...
computing neighbors (25000 / 48558)...
computing neighbors (26000 / 48558)...
computing neighbors (27000 / 48558)...
computing neighbors (28000 / 48558)...
computing neighbors (29000 / 48558)...
computing neighbors (30000 / 48558)...
computing neighbors (31000 / 48558)...
computing neighbors (32000 / 48558)...
computing neighbors (33000 / 48558)...
computing neighbors (34000 / 48558)...
computing neighbors (35000 / 48558)...
computing neighbors (36000 / 48558)...
computing neighbors (37000 / 48558)...
computing neighbors (38000 / 48558)...
computing neighbors (39000 / 48558)...
computing neighbors (40000 / 48558)...
computing neighbors (41000 / 48558)...
computing neighbors (42000 / 48558)...
computing neighbors (43000 / 48558)...
computing neighbors (44000 / 48558)...
computing neighbors (45000 / 48558)...
computing neighbors (46000 / 48558)...
computing neighbors (47000 / 48558)...
computing neighbors (48000 / 48558)...
colored 1000 / 48558...
colored 2000 / 48558...
colored 3000 / 48558...
colored 4000 / 48558...
colored 5000 / 48558...
colored 6000 / 48558...
colored 7000 / 48558...
colored 8000 / 48558...
colored 9000 / 48558...
colored 10000 / 48558...
colored 11000 / 48558...
colored 12000 / 48558...
colored 13000 / 48558...
colored 14000 / 48558...
colored 15000 / 48558...
colored 16000 / 48558...
colored 17000 / 48558...
colored 18000 / 48558...
colored 19000 / 48558...
colored 20000 / 48558...
colored 21000 / 48558...
colored 22000 / 48558...
colored 23000 / 48558...
colored 24000 / 48558...
colored 25000 / 48558...
colored 26000 / 48558...
colored 27000 / 48558...
colored 28000 / 48558...
colored 29000 / 48558...
colored 30000 / 48558...
colored 31000 / 48558...
colored 32000 / 48558...
colored 33000 / 48558...
colored 34000 / 48558...
colored 35000 / 48558...
colored 36000 / 48558...
colored 37000 / 48558...
colored 38000 / 48558...
colored 39000 / 48558...
colored 40000 / 48558...
colored 41000 / 48558...
colored 42000 / 48558...
colored 43000 / 48558...
colored 44000 / 48558...
colored 45000 / 48558...
colored 46000 / 48558...
colored 47000 / 48558...
colored 48000 / 48558...
greedy found 176 colors in 35.209 seconds
 time (s)      nb nodes       objective      
---------------------------------------------
  10.027                      176            
  10.067       61.0           175            
  10.276       608.0          174            
  16.593       12.8 k         173            
  22.382       26.3 k         172            
  40.916       63.8 k         171            
  42.723       67.3 k         170            
  93.549       158.9 k        169            
  113.359      186.8 k        168            
  195.761      335.8 k        167            
  222.692      390.1 k        166            
  249.806      453.2 k        165            
  312.292      567.4 k        164            
  332.183      610.9 k        163            
  481.449      855.2 k        162            
  567.103      997.5 k        161            
  586.744      1.0 M          160            
  779.256      1.3 M          159            
  839.679      1.4 M          158            
  1109.254     1.8 M          157            
  1330.250     2.1 M          156            
  1824.105     2.8 M          155            
  5476.746     7.0 M          154            
  6134.731     7.8 M          153            
  6470.039     8.2 M          152            
  6622.475     8.3 M          151            
  9004.425     11.2 M         150            
  12688.337    15.3 M         149            
  15892.854    18.9 M         148            
  17988.795    21.4 M         147            
  39871.699    46.5 M         146            
  47328.133    55.2 M         145            
  56464.895    66.2 M         144            

             nb generated         85.6 M
              nb expanded         59.7 M
               nb trashed           0.0 
     avg branching factor           1.4 
                  nb eval          66.0 
                 nb guide         85.6 M
        time searched (s)      71989.969
      generated nodes / s          1.2 k
        solutions created           0.0 
