printing solutions in: ./dogs-color/insts/cgshop22/visp38574.instance.json.solution.json
printing perfs in: ./dogs-color/insts/cgshop22/visp38574.instance.json.perf.json

CGSHOP Instance: compute neighbors...
computing neighbors (0 / 38574)...
computing neighbors (1000 / 38574)...
computing neighbors (2000 / 38574)...
computing neighbors (3000 / 38574)...
computing neighbors (4000 / 38574)...
computing neighbors (5000 / 38574)...
computing neighbors (6000 / 38574)...
computing neighbors (7000 / 38574)...
computing neighbors (8000 / 38574)...
computing neighbors (9000 / 38574)...
computing neighbors (10000 / 38574)...
computing neighbors (11000 / 38574)...
computing neighbors (12000 / 38574)...
computing neighbors (13000 / 38574)...
computing neighbors (14000 / 38574)...
computing neighbors (15000 / 38574)...
computing neighbors (16000 / 38574)...
computing neighbors (17000 / 38574)...
computing neighbors (18000 / 38574)...
computing neighbors (19000 / 38574)...
computing neighbors (20000 / 38574)...
computing neighbors (21000 / 38574)...
computing neighbors (22000 / 38574)...
computing neighbors (23000 / 38574)...
computing neighbors (24000 / 38574)...
computing neighbors (25000 / 38574)...
computing neighbors (26000 / 38574)...
computing neighbors (27000 / 38574)...
computing neighbors (28000 / 38574)...
computing neighbors (29000 / 38574)...
computing neighbors (30000 / 38574)...
computing neighbors (31000 / 38574)...
computing neighbors (32000 / 38574)...
computing neighbors (33000 / 38574)...
computing neighbors (34000 / 38574)...
computing neighbors (35000 / 38574)...
computing neighbors (36000 / 38574)...
computing neighbors (37000 / 38574)...
computing neighbors (38000 / 38574)...
563        vertices
38574      segments
18605      dominations
=======================
CGSHOP Instance: compute neighbors...
computing neighbors (0 / 38574)...
computing neighbors (1000 / 38574)...
computing neighbors (2000 / 38574)...
computing neighbors (3000 / 38574)...
computing neighbors (4000 / 38574)...
computing neighbors (5000 / 38574)...
computing neighbors (6000 / 38574)...
computing neighbors (7000 / 38574)...
computing neighbors (8000 / 38574)...
computing neighbors (9000 / 38574)...
computing neighbors (10000 / 38574)...
computing neighbors (11000 / 38574)...
computing neighbors (12000 / 38574)...
computing neighbors (13000 / 38574)...
computing neighbors (14000 / 38574)...
computing neighbors (15000 / 38574)...
computing neighbors (16000 / 38574)...
computing neighbors (17000 / 38574)...
computing neighbors (18000 / 38574)...
computing neighbors (19000 / 38574)...
computing neighbors (20000 / 38574)...
computing neighbors (21000 / 38574)...
computing neighbors (22000 / 38574)...
computing neighbors (23000 / 38574)...
computing neighbors (24000 / 38574)...
computing neighbors (25000 / 38574)...
computing neighbors (26000 / 38574)...
computing neighbors (27000 / 38574)...
computing neighbors (28000 / 38574)...
computing neighbors (29000 / 38574)...
computing neighbors (30000 / 38574)...
computing neighbors (31000 / 38574)...
computing neighbors (32000 / 38574)...
computing neighbors (33000 / 38574)...
computing neighbors (34000 / 38574)...
computing neighbors (35000 / 38574)...
computing neighbors (36000 / 38574)...
computing neighbors (37000 / 38574)...
computing neighbors (38000 / 38574)...
colored 1000 / 38574...
colored 2000 / 38574...
colored 3000 / 38574...
colored 4000 / 38574...
colored 5000 / 38574...
colored 6000 / 38574...
colored 7000 / 38574...
colored 8000 / 38574...
colored 9000 / 38574...
colored 10000 / 38574...
colored 11000 / 38574...
colored 12000 / 38574...
colored 13000 / 38574...
colored 14000 / 38574...
colored 15000 / 38574...
colored 16000 / 38574...
colored 17000 / 38574...
colored 18000 / 38574...
colored 19000 / 38574...
colored 20000 / 38574...
colored 21000 / 38574...
colored 22000 / 38574...
colored 23000 / 38574...
colored 24000 / 38574...
colored 25000 / 38574...
colored 26000 / 38574...
colored 27000 / 38574...
colored 28000 / 38574...
colored 29000 / 38574...
colored 30000 / 38574...
colored 31000 / 38574...
colored 32000 / 38574...
colored 33000 / 38574...
colored 34000 / 38574...
colored 35000 / 38574...
colored 36000 / 38574...
colored 37000 / 38574...
colored 38000 / 38574...
greedy found 158 colors in 21.984 seconds
 time (s)      nb nodes       objective      
---------------------------------------------
  6.842                       158            
  6.876        121.0          157            
  7.000        526.0          156            
  9.194        8.6 k          155            
  15.346       23.9 k         154            
  20.734       42.2 k         153            
  29.653       63.9 k         152            
  59.018       142.4 k        151            
  66.000       162.5 k        150            
  86.410       213.0 k        149            
  187.302      686.3 k        148            
  197.828      758.8 k        147            
  276.497      1.0 M          146            
  296.268      1.1 M          145            
  434.001      1.4 M          144            
  460.120      1.5 M          143            
  538.678      1.7 M          142            
  847.834      2.5 M          141            
  1782.981     4.4 M          140            
  3162.945     7.3 M          139            
  5505.347     11.6 M         138            
  7735.595     15.7 M         137            
  20604.850    37.9 M         136            
  29280.340    53.0 M         135            
  50109.652    92.1 M         134            

             nb generated        135.7 M
              nb expanded         92.7 M
               nb trashed           0.0 
     avg branching factor           1.5 
                  nb eval          50.0 
                 nb guide        135.7 M
        time searched (s)      71993.156
      generated nodes / s          1.9 k
        solutions created           0.0 
