printing solutions in: ./dogs-color/insts/cgshop22/reecn21946.instance.json.solution.json
printing perfs in: ./dogs-color/insts/cgshop22/reecn21946.instance.json.perf.json

CGSHOP Instance: compute neighbors...
computing neighbors (0 / 21946)...
computing neighbors (1000 / 21946)...
computing neighbors (2000 / 21946)...
computing neighbors (3000 / 21946)...
computing neighbors (4000 / 21946)...
computing neighbors (5000 / 21946)...
computing neighbors (6000 / 21946)...
computing neighbors (7000 / 21946)...
computing neighbors (8000 / 21946)...
computing neighbors (9000 / 21946)...
computing neighbors (10000 / 21946)...
computing neighbors (11000 / 21946)...
computing neighbors (12000 / 21946)...
computing neighbors (13000 / 21946)...
computing neighbors (14000 / 21946)...
computing neighbors (15000 / 21946)...
computing neighbors (16000 / 21946)...
computing neighbors (17000 / 21946)...
computing neighbors (18000 / 21946)...
computing neighbors (19000 / 21946)...
computing neighbors (20000 / 21946)...
computing neighbors (21000 / 21946)...
30688      vertices
21946      segments
245        dominations
=======================
CGSHOP Instance: compute neighbors...
computing neighbors (0 / 21946)...
computing neighbors (1000 / 21946)...
computing neighbors (2000 / 21946)...
computing neighbors (3000 / 21946)...
computing neighbors (4000 / 21946)...
computing neighbors (5000 / 21946)...
computing neighbors (6000 / 21946)...
computing neighbors (7000 / 21946)...
computing neighbors (8000 / 21946)...
computing neighbors (9000 / 21946)...
computing neighbors (10000 / 21946)...
computing neighbors (11000 / 21946)...
computing neighbors (12000 / 21946)...
computing neighbors (13000 / 21946)...
computing neighbors (14000 / 21946)...
computing neighbors (15000 / 21946)...
computing neighbors (16000 / 21946)...
computing neighbors (17000 / 21946)...
computing neighbors (18000 / 21946)...
computing neighbors (19000 / 21946)...
computing neighbors (20000 / 21946)...
computing neighbors (21000 / 21946)...
colored 1000 / 21946...
colored 2000 / 21946...
colored 3000 / 21946...
colored 4000 / 21946...
colored 5000 / 21946...
colored 6000 / 21946...
colored 7000 / 21946...
colored 8000 / 21946...
colored 9000 / 21946...
colored 10000 / 21946...
colored 11000 / 21946...
colored 12000 / 21946...
colored 13000 / 21946...
colored 14000 / 21946...
colored 15000 / 21946...
colored 16000 / 21946...
colored 17000 / 21946...
colored 18000 / 21946...
colored 19000 / 21946...
colored 20000 / 21946...
colored 21000 / 21946...
greedy found 207 colors in 8.667 seconds
 time (s)      nb nodes       objective      
---------------------------------------------
  2.907                       207            
  2.953        455.0          206            
  3.078        2.0 k          205            
  3.322        5.0 k          204            
  4.074        14.5 k         203            
  5.419        28.4 k         202            
  5.837        40.3 k         201            
  6.647        59.4 k         200            
  7.799        84.2 k         199            
  8.821        103.6 k        198            
  10.955       139.6 k        197            
  11.706       159.7 k        196            
  14.140       186.3 k        195            
  15.061       205.3 k        194            
  17.575       235.0 k        193            
  22.425       272.9 k        192            
  30.921       352.4 k        191            
  35.450       395.8 k        190            
  47.666       489.4 k        189            
  57.153       566.3 k        188            
  209.788      1.4 M          187            
  233.782      1.6 M          186            

             nb generated        197.1 M
              nb expanded        153.1 M
               nb trashed           0.0 
     avg branching factor           1.3 
                  nb eval          44.0 
                 nb guide        197.1 M
        time searched (s)      71997.086
      generated nodes / s          2.7 k
        solutions created           0.0 
