printing solutions in: ./dogs-color/insts/cgshop22/sqrpecn30957.instance.json.solution.json
printing perfs in: ./dogs-color/insts/cgshop22/sqrpecn30957.instance.json.perf.json

CGSHOP Instance: compute neighbors...
computing neighbors (0 / 30957)...
computing neighbors (1000 / 30957)...
computing neighbors (2000 / 30957)...
computing neighbors (3000 / 30957)...
computing neighbors (4000 / 30957)...
computing neighbors (5000 / 30957)...
computing neighbors (6000 / 30957)...
computing neighbors (7000 / 30957)...
computing neighbors (8000 / 30957)...
computing neighbors (9000 / 30957)...
computing neighbors (10000 / 30957)...
computing neighbors (11000 / 30957)...
computing neighbors (12000 / 30957)...
computing neighbors (13000 / 30957)...
computing neighbors (14000 / 30957)...
computing neighbors (15000 / 30957)...
computing neighbors (16000 / 30957)...
computing neighbors (17000 / 30957)...
computing neighbors (18000 / 30957)...
computing neighbors (19000 / 30957)...
computing neighbors (20000 / 30957)...
computing neighbors (21000 / 30957)...
computing neighbors (22000 / 30957)...
computing neighbors (23000 / 30957)...
computing neighbors (24000 / 30957)...
computing neighbors (25000 / 30957)...
computing neighbors (26000 / 30957)...
computing neighbors (27000 / 30957)...
computing neighbors (28000 / 30957)...
computing neighbors (29000 / 30957)...
computing neighbors (30000 / 30957)...
46400      vertices
30957      segments
346        dominations
=======================
CGSHOP Instance: compute neighbors...
computing neighbors (0 / 30957)...
computing neighbors (1000 / 30957)...
computing neighbors (2000 / 30957)...
computing neighbors (3000 / 30957)...
computing neighbors (4000 / 30957)...
computing neighbors (5000 / 30957)...
computing neighbors (6000 / 30957)...
computing neighbors (7000 / 30957)...
computing neighbors (8000 / 30957)...
computing neighbors (9000 / 30957)...
computing neighbors (10000 / 30957)...
computing neighbors (11000 / 30957)...
computing neighbors (12000 / 30957)...
computing neighbors (13000 / 30957)...
computing neighbors (14000 / 30957)...
computing neighbors (15000 / 30957)...
computing neighbors (16000 / 30957)...
computing neighbors (17000 / 30957)...
computing neighbors (18000 / 30957)...
computing neighbors (19000 / 30957)...
computing neighbors (20000 / 30957)...
computing neighbors (21000 / 30957)...
computing neighbors (22000 / 30957)...
computing neighbors (23000 / 30957)...
computing neighbors (24000 / 30957)...
computing neighbors (25000 / 30957)...
computing neighbors (26000 / 30957)...
computing neighbors (27000 / 30957)...
computing neighbors (28000 / 30957)...
computing neighbors (29000 / 30957)...
computing neighbors (30000 / 30957)...
colored 1000 / 30957...
colored 2000 / 30957...
colored 3000 / 30957...
colored 4000 / 30957...
colored 5000 / 30957...
colored 6000 / 30957...
colored 7000 / 30957...
colored 8000 / 30957...
colored 9000 / 30957...
colored 10000 / 30957...
colored 11000 / 30957...
colored 12000 / 30957...
colored 13000 / 30957...
colored 14000 / 30957...
colored 15000 / 30957...
colored 16000 / 30957...
colored 17000 / 30957...
colored 18000 / 30957...
colored 19000 / 30957...
colored 20000 / 30957...
colored 21000 / 30957...
colored 22000 / 30957...
colored 23000 / 30957...
colored 24000 / 30957...
colored 25000 / 30957...
colored 26000 / 30957...
colored 27000 / 30957...
colored 28000 / 30957...
colored 29000 / 30957...
colored 30000 / 30957...
greedy found 448 colors in 40.496 seconds
 time (s)      nb nodes       objective      
---------------------------------------------
  9.761                       448            
  9.795        54.0           447            
  10.046       263.0          446            
  10.109       460.0          445            
  10.184       635.0          444            
  10.356       1.2 k          443            
  10.662       2.3 k          442            
  12.335       7.9 k          441            
  13.767       12.5 k         440            
  14.627       14.9 k         439            
  17.245       22.1 k         438            
  19.369       35.6 k         437            
  20.549       45.0 k         436            
  22.306       61.8 k         435            
  24.008       73.0 k         434            
  26.639       86.3 k         433            
  28.263       103.9 k        432            
  31.419       134.4 k        431            
  36.348       161.2 k        430            
  39.805       177.6 k        429            
  44.330       213.1 k        428            
  46.763       228.3 k        427            
  50.223       250.7 k        426            
  62.250       293.1 k        425            
  69.360       314.7 k        424            
  74.142       331.6 k        423            
  75.741       346.7 k        422            
  85.879       388.8 k        421            
  99.755       436.0 k        420            
  103.627      463.4 k        419            
  109.993      483.2 k        418            
  113.056      501.4 k        417            
  117.003      522.1 k        416            
  119.314      535.8 k        415            
  126.784      564.5 k        414            
  149.604      626.2 k        413            
  151.405      636.4 k        412            
  163.406      668.6 k        411            
  179.019      707.6 k        410            
  185.186      734.5 k        409            
  193.737      759.0 k        408            
  236.368      857.9 k        407            
  247.917      893.5 k        406            
  308.234      1.0 M          405            
  330.938      1.1 M          404            
  362.752      1.1 M          403            
  371.709      1.2 M          402            
  392.998      1.2 M          401            
  414.551      1.3 M          400            
  444.636      1.3 M          399            
  562.190      1.5 M          398            
  661.789      1.7 M          397            
  677.511      1.7 M          396            
  780.962      1.9 M          395            
  835.845      1.9 M          394            
  879.820      2.0 M          393            
  1182.151     2.4 M          392            
  1366.452     2.6 M          391            
  1406.382     2.7 M          390            
  1694.143     3.0 M          389            
  1728.214     3.1 M          388            
  2168.792     3.6 M          387            
  2465.373     4.0 M          386            
  2546.353     4.1 M          385            
  28259.000    24.1 M         384            
  29019.531    24.6 M         383            
  29625.734    25.0 M         382            
  29776.154    25.2 M         381            
  30073.865    25.4 M         380            
  30787.107    26.1 M         379            

             nb generated         55.1 M
              nb expanded         32.0 M
               nb trashed           0.0 
     avg branching factor           1.7 
                  nb eval         140.0 
                 nb guide         55.1 M
        time searched (s)      71990.234
      generated nodes / s         766.0 
        solutions created           0.0 
