printing solutions in: ./dogs-color/insts/cgshop22/rvisp15254.instance.json.solution.json
printing perfs in: ./dogs-color/insts/cgshop22/rvisp15254.instance.json.perf.json

CGSHOP Instance: compute neighbors...
computing neighbors (0 / 15254)...
computing neighbors (1000 / 15254)...
computing neighbors (2000 / 15254)...
computing neighbors (3000 / 15254)...
computing neighbors (4000 / 15254)...
computing neighbors (5000 / 15254)...
computing neighbors (6000 / 15254)...
computing neighbors (7000 / 15254)...
computing neighbors (8000 / 15254)...
computing neighbors (9000 / 15254)...
computing neighbors (10000 / 15254)...
computing neighbors (11000 / 15254)...
computing neighbors (12000 / 15254)...
computing neighbors (13000 / 15254)...
computing neighbors (14000 / 15254)...
computing neighbors (15000 / 15254)...
379        vertices
15254      segments
7509       dominations
=======================
CGSHOP Instance: compute neighbors...
computing neighbors (0 / 15254)...
computing neighbors (1000 / 15254)...
computing neighbors (2000 / 15254)...
computing neighbors (3000 / 15254)...
computing neighbors (4000 / 15254)...
computing neighbors (5000 / 15254)...
computing neighbors (6000 / 15254)...
computing neighbors (7000 / 15254)...
computing neighbors (8000 / 15254)...
computing neighbors (9000 / 15254)...
computing neighbors (10000 / 15254)...
computing neighbors (11000 / 15254)...
computing neighbors (12000 / 15254)...
computing neighbors (13000 / 15254)...
computing neighbors (14000 / 15254)...
computing neighbors (15000 / 15254)...
colored 1000 / 15254...
colored 2000 / 15254...
colored 3000 / 15254...
colored 4000 / 15254...
colored 5000 / 15254...
colored 6000 / 15254...
colored 7000 / 15254...
colored 8000 / 15254...
colored 9000 / 15254...
colored 10000 / 15254...
colored 11000 / 15254...
colored 12000 / 15254...
colored 13000 / 15254...
colored 14000 / 15254...
colored 15000 / 15254...
greedy found 101 colors in 2.845 seconds
 time (s)      nb nodes       objective      
---------------------------------------------
  1.051                       101            
  1.083        238.0          100            
  1.103        343.0          99             
  1.121        514.0          98             
  1.160        936.0          97             
  1.210        1.6 k          96             
  1.262        2.3 k          95             
  1.299        2.7 k          94             
  1.336        3.1 k          93             
  1.403        3.8 k          92             
  1.734        7.6 k          91             
  2.337        14.6 k         90             
  4.621        39.3 k         89             
  9.281        94.3 k         88             
  17.038       169.4 k        87             
  51.478       450.3 k        86             
  53.311       465.4 k        85             
  56.948       499.4 k        84             
  95.833       839.1 k        83             
  109.566      947.3 k        82             
  352.432      3.0 M          81             
  877.719      6.8 M          80             
  2574.190     19.0 M         79             

             nb generated        744.3 M
              nb expanded        361.1 M
               nb trashed           0.0 
     avg branching factor           2.1 
                  nb eval          46.0 
                 nb guide        744.3 M
        time searched (s)      71998.945
      generated nodes / s         10.3 k
        solutions created           0.0 
invalid solution (reason: ConflictingEdge(94, 11256))
