printing solutions in: ./dogs-color/insts/cgshop22/reecn42891.instance.json.solution.json
printing perfs in: ./dogs-color/insts/cgshop22/reecn42891.instance.json.perf.json

CGSHOP Instance: compute neighbors...
computing neighbors (0 / 42891)...
computing neighbors (1000 / 42891)...
computing neighbors (2000 / 42891)...
computing neighbors (3000 / 42891)...
computing neighbors (4000 / 42891)...
computing neighbors (5000 / 42891)...
computing neighbors (6000 / 42891)...
computing neighbors (7000 / 42891)...
computing neighbors (8000 / 42891)...
computing neighbors (9000 / 42891)...
computing neighbors (10000 / 42891)...
computing neighbors (11000 / 42891)...
computing neighbors (12000 / 42891)...
computing neighbors (13000 / 42891)...
computing neighbors (14000 / 42891)...
computing neighbors (15000 / 42891)...
computing neighbors (16000 / 42891)...
computing neighbors (17000 / 42891)...
computing neighbors (18000 / 42891)...
computing neighbors (19000 / 42891)...
computing neighbors (20000 / 42891)...
computing neighbors (21000 / 42891)...
computing neighbors (22000 / 42891)...
computing neighbors (23000 / 42891)...
computing neighbors (24000 / 42891)...
computing neighbors (25000 / 42891)...
computing neighbors (26000 / 42891)...
computing neighbors (27000 / 42891)...
computing neighbors (28000 / 42891)...
computing neighbors (29000 / 42891)...
computing neighbors (30000 / 42891)...
computing neighbors (31000 / 42891)...
computing neighbors (32000 / 42891)...
computing neighbors (33000 / 42891)...
computing neighbors (34000 / 42891)...
computing neighbors (35000 / 42891)...
computing neighbors (36000 / 42891)...
computing neighbors (37000 / 42891)...
computing neighbors (38000 / 42891)...
computing neighbors (39000 / 42891)...
computing neighbors (40000 / 42891)...
computing neighbors (41000 / 42891)...
computing neighbors (42000 / 42891)...
60160      vertices
42891      segments
399        dominations
=======================
CGSHOP Instance: compute neighbors...
computing neighbors (0 / 42891)...
computing neighbors (1000 / 42891)...
computing neighbors (2000 / 42891)...
computing neighbors (3000 / 42891)...
computing neighbors (4000 / 42891)...
computing neighbors (5000 / 42891)...
computing neighbors (6000 / 42891)...
computing neighbors (7000 / 42891)...
computing neighbors (8000 / 42891)...
computing neighbors (9000 / 42891)...
computing neighbors (10000 / 42891)...
computing neighbors (11000 / 42891)...
computing neighbors (12000 / 42891)...
computing neighbors (13000 / 42891)...
computing neighbors (14000 / 42891)...
computing neighbors (15000 / 42891)...
computing neighbors (16000 / 42891)...
computing neighbors (17000 / 42891)...
computing neighbors (18000 / 42891)...
computing neighbors (19000 / 42891)...
computing neighbors (20000 / 42891)...
computing neighbors (21000 / 42891)...
computing neighbors (22000 / 42891)...
computing neighbors (23000 / 42891)...
computing neighbors (24000 / 42891)...
computing neighbors (25000 / 42891)...
computing neighbors (26000 / 42891)...
computing neighbors (27000 / 42891)...
computing neighbors (28000 / 42891)...
computing neighbors (29000 / 42891)...
computing neighbors (30000 / 42891)...
computing neighbors (31000 / 42891)...
computing neighbors (32000 / 42891)...
computing neighbors (33000 / 42891)...
computing neighbors (34000 / 42891)...
computing neighbors (35000 / 42891)...
computing neighbors (36000 / 42891)...
computing neighbors (37000 / 42891)...
computing neighbors (38000 / 42891)...
computing neighbors (39000 / 42891)...
computing neighbors (40000 / 42891)...
computing neighbors (41000 / 42891)...
computing neighbors (42000 / 42891)...
colored 1000 / 42891...
colored 2000 / 42891...
colored 3000 / 42891...
colored 4000 / 42891...
colored 5000 / 42891...
colored 6000 / 42891...
colored 7000 / 42891...
colored 8000 / 42891...
colored 9000 / 42891...
colored 10000 / 42891...
colored 11000 / 42891...
colored 12000 / 42891...
colored 13000 / 42891...
colored 14000 / 42891...
colored 15000 / 42891...
colored 16000 / 42891...
colored 17000 / 42891...
colored 18000 / 42891...
colored 19000 / 42891...
colored 20000 / 42891...
colored 21000 / 42891...
colored 22000 / 42891...
colored 23000 / 42891...
colored 24000 / 42891...
colored 25000 / 42891...
colored 26000 / 42891...
colored 27000 / 42891...
colored 28000 / 42891...
colored 29000 / 42891...
colored 30000 / 42891...
colored 31000 / 42891...
colored 32000 / 42891...
colored 33000 / 42891...
colored 34000 / 42891...
colored 35000 / 42891...
colored 36000 / 42891...
colored 37000 / 42891...
colored 38000 / 42891...
colored 39000 / 42891...
colored 40000 / 42891...
colored 41000 / 42891...
colored 42000 / 42891...
greedy found 439 colors in 54.178 seconds
 time (s)      nb nodes       objective      
---------------------------------------------
  12.605                      439            
  12.630       37.0           438            
  12.681       101.0          437            
  12.843       816.0          436            
  13.263       2.8 k          435            
  14.023       7.1 k          434            
  14.957       12.1 k         433            
  16.379       21.2 k         432            
  20.931       45.7 k         431            
  22.455       63.7 k         430            
  23.279       77.9 k         429            
  25.493       113.2 k        428            
  26.935       132.6 k        427            
  28.391       159.8 k        426            
  29.506       180.8 k        425            
  31.532       207.7 k        424            
  32.495       225.1 k        423            
  34.504       261.8 k        422            
  37.273       299.1 k        421            
  40.829       319.5 k        420            
  43.751       347.6 k        419            
  45.460       368.3 k        418            
  49.039       414.4 k        417            
  53.761       464.3 k        416            
  55.943       488.3 k        415            
  59.814       520.3 k        414            
  64.028       561.8 k        413            
  68.067       605.6 k        412            
  73.240       650.9 k        411            
  79.960       694.8 k        410            
  86.304       731.5 k        409            
  89.313       776.5 k        408            
  93.627       831.5 k        407            
  103.226      891.7 k        406            
  111.567      947.0 k        405            
  119.974      998.8 k        404            
  122.967      1.0 M          403            
  132.422      1.1 M          402            
  137.484      1.1 M          401            
  156.365      1.2 M          400            
  175.119      1.3 M          399            
  180.255      1.4 M          398            
  197.077      1.5 M          397            
  211.088      1.6 M          396            
  225.464      1.7 M          395            
  239.159      1.7 M          394            
  255.378      1.8 M          393            
  275.378      1.9 M          392            
  300.902      2.0 M          391            
  332.318      2.2 M          390            
  358.285      2.3 M          389            
  380.523      2.4 M          388            
  406.738      2.5 M          387            
  449.629      2.7 M          386            
  485.378      2.9 M          385            
  508.043      3.0 M          384            
  566.452      3.1 M          383            
  644.207      3.4 M          382            
  760.726      3.7 M          381            
  1121.732     4.7 M          380            
  1212.276     5.0 M          379            
  1255.907     5.1 M          378            
  1384.989     5.5 M          377            
  1478.794     5.7 M          376            
  3058.641     8.9 M          375            
  3132.590     9.0 M          374            
  3246.574     9.2 M          373            
  3372.613     9.5 M          372            
  7609.110     15.7 M         371            
  7692.105     15.8 M         370            
  8273.509     16.7 M         369            
  12822.800    22.7 M         368            
  12999.359    22.9 M         367            
  30970.365    42.7 M         366            
  31769.623    43.6 M         365            
  31922.154    43.8 M         364            

             nb generated         82.2 M
              nb expanded         40.1 M
               nb trashed           0.0 
     avg branching factor           2.0 
                  nb eval         152.0 
                 nb guide         82.2 M
        time searched (s)      71987.391
      generated nodes / s          1.1 k
        solutions created           0.0 
