printing solutions in: ./dogs-color/insts/cgshop22/reecn63079.instance.json.solution.json
printing perfs in: ./dogs-color/insts/cgshop22/reecn63079.instance.json.perf.json

CGSHOP Instance: compute neighbors...
computing neighbors (0 / 63079)...
computing neighbors (1000 / 63079)...
computing neighbors (2000 / 63079)...
computing neighbors (3000 / 63079)...
computing neighbors (4000 / 63079)...
computing neighbors (5000 / 63079)...
computing neighbors (6000 / 63079)...
computing neighbors (7000 / 63079)...
computing neighbors (8000 / 63079)...
computing neighbors (9000 / 63079)...
computing neighbors (10000 / 63079)...
computing neighbors (11000 / 63079)...
computing neighbors (12000 / 63079)...
computing neighbors (13000 / 63079)...
computing neighbors (14000 / 63079)...
computing neighbors (15000 / 63079)...
computing neighbors (16000 / 63079)...
computing neighbors (17000 / 63079)...
computing neighbors (18000 / 63079)...
computing neighbors (19000 / 63079)...
computing neighbors (20000 / 63079)...
computing neighbors (21000 / 63079)...
computing neighbors (22000 / 63079)...
computing neighbors (23000 / 63079)...
computing neighbors (24000 / 63079)...
computing neighbors (25000 / 63079)...
computing neighbors (26000 / 63079)...
computing neighbors (27000 / 63079)...
computing neighbors (28000 / 63079)...
computing neighbors (29000 / 63079)...
computing neighbors (30000 / 63079)...
computing neighbors (31000 / 63079)...
computing neighbors (32000 / 63079)...
computing neighbors (33000 / 63079)...
computing neighbors (34000 / 63079)...
computing neighbors (35000 / 63079)...
computing neighbors (36000 / 63079)...
computing neighbors (37000 / 63079)...
computing neighbors (38000 / 63079)...
computing neighbors (39000 / 63079)...
computing neighbors (40000 / 63079)...
computing neighbors (41000 / 63079)...
computing neighbors (42000 / 63079)...
computing neighbors (43000 / 63079)...
computing neighbors (44000 / 63079)...
computing neighbors (45000 / 63079)...
computing neighbors (46000 / 63079)...
computing neighbors (47000 / 63079)...
computing neighbors (48000 / 63079)...
computing neighbors (49000 / 63079)...
computing neighbors (50000 / 63079)...
computing neighbors (51000 / 63079)...
computing neighbors (52000 / 63079)...
computing neighbors (53000 / 63079)...
computing neighbors (54000 / 63079)...
computing neighbors (55000 / 63079)...
computing neighbors (56000 / 63079)...
computing neighbors (57000 / 63079)...
computing neighbors (58000 / 63079)...
computing neighbors (59000 / 63079)...
computing neighbors (60000 / 63079)...
computing neighbors (61000 / 63079)...
computing neighbors (62000 / 63079)...
computing neighbors (63000 / 63079)...
87910      vertices
63079      segments
338        dominations
=======================
CGSHOP Instance: compute neighbors...
computing neighbors (0 / 63079)...
computing neighbors (1000 / 63079)...
computing neighbors (2000 / 63079)...
computing neighbors (3000 / 63079)...
computing neighbors (4000 / 63079)...
computing neighbors (5000 / 63079)...
computing neighbors (6000 / 63079)...
computing neighbors (7000 / 63079)...
computing neighbors (8000 / 63079)...
computing neighbors (9000 / 63079)...
computing neighbors (10000 / 63079)...
computing neighbors (11000 / 63079)...
computing neighbors (12000 / 63079)...
computing neighbors (13000 / 63079)...
computing neighbors (14000 / 63079)...
computing neighbors (15000 / 63079)...
computing neighbors (16000 / 63079)...
computing neighbors (17000 / 63079)...
computing neighbors (18000 / 63079)...
computing neighbors (19000 / 63079)...
computing neighbors (20000 / 63079)...
computing neighbors (21000 / 63079)...
computing neighbors (22000 / 63079)...
computing neighbors (23000 / 63079)...
computing neighbors (24000 / 63079)...
computing neighbors (25000 / 63079)...
computing neighbors (26000 / 63079)...
computing neighbors (27000 / 63079)...
computing neighbors (28000 / 63079)...
computing neighbors (29000 / 63079)...
computing neighbors (30000 / 63079)...
computing neighbors (31000 / 63079)...
computing neighbors (32000 / 63079)...
computing neighbors (33000 / 63079)...
computing neighbors (34000 / 63079)...
computing neighbors (35000 / 63079)...
computing neighbors (36000 / 63079)...
computing neighbors (37000 / 63079)...
computing neighbors (38000 / 63079)...
computing neighbors (39000 / 63079)...
computing neighbors (40000 / 63079)...
computing neighbors (41000 / 63079)...
computing neighbors (42000 / 63079)...
computing neighbors (43000 / 63079)...
computing neighbors (44000 / 63079)...
computing neighbors (45000 / 63079)...
computing neighbors (46000 / 63079)...
computing neighbors (47000 / 63079)...
computing neighbors (48000 / 63079)...
computing neighbors (49000 / 63079)...
computing neighbors (50000 / 63079)...
computing neighbors (51000 / 63079)...
computing neighbors (52000 / 63079)...
computing neighbors (53000 / 63079)...
computing neighbors (54000 / 63079)...
computing neighbors (55000 / 63079)...
computing neighbors (56000 / 63079)...
computing neighbors (57000 / 63079)...
computing neighbors (58000 / 63079)...
computing neighbors (59000 / 63079)...
computing neighbors (60000 / 63079)...
computing neighbors (61000 / 63079)...
computing neighbors (62000 / 63079)...
computing neighbors (63000 / 63079)...
colored 1000 / 63079...
colored 2000 / 63079...
colored 3000 / 63079...
colored 4000 / 63079...
colored 5000 / 63079...
colored 6000 / 63079...
colored 7000 / 63079...
colored 8000 / 63079...
colored 9000 / 63079...
colored 10000 / 63079...
colored 11000 / 63079...
colored 12000 / 63079...
colored 13000 / 63079...
colored 14000 / 63079...
colored 15000 / 63079...
colored 16000 / 63079...
colored 17000 / 63079...
colored 18000 / 63079...
colored 19000 / 63079...
colored 20000 / 63079...
colored 21000 / 63079...
colored 22000 / 63079...
colored 23000 / 63079...
colored 24000 / 63079...
colored 25000 / 63079...
colored 26000 / 63079...
colored 27000 / 63079...
colored 28000 / 63079...
colored 29000 / 63079...
colored 30000 / 63079...
colored 31000 / 63079...
colored 32000 / 63079...
colored 33000 / 63079...
colored 34000 / 63079...
colored 35000 / 63079...
colored 36000 / 63079...
colored 37000 / 63079...
colored 38000 / 63079...
colored 39000 / 63079...
colored 40000 / 63079...
colored 41000 / 63079...
colored 42000 / 63079...
colored 43000 / 63079...
colored 44000 / 63079...
colored 45000 / 63079...
colored 46000 / 63079...
colored 47000 / 63079...
colored 48000 / 63079...
colored 49000 / 63079...
colored 50000 / 63079...
colored 51000 / 63079...
colored 52000 / 63079...
colored 53000 / 63079...
colored 54000 / 63079...
colored 55000 / 63079...
colored 56000 / 63079...
colored 57000 / 63079...
colored 58000 / 63079...
colored 59000 / 63079...
colored 60000 / 63079...
colored 61000 / 63079...
colored 62000 / 63079...
colored 63000 / 63079...
greedy found 331 colors in 141.526 seconds
 time (s)      nb nodes       objective      
---------------------------------------------
  25.110                      331            
  25.266       318.0          330            
  25.613       1.0 k          329            
  27.077       4.4 k          328            
  30.644       10.6 k         327            
  41.575       26.1 k         326            
  61.948       56.1 k         325            
  125.870      129.8 k        324            
  132.621      178.7 k        323            
  143.502      240.8 k        322            
  156.682      292.3 k        321            
  165.567      345.2 k        320            
  175.313      396.4 k        319            
  203.861      480.9 k        318            
  237.163      570.7 k        317            
  435.165      804.9 k        316            
  477.810      858.0 k        315            
  610.484      982.7 k        314            
  648.399      1.0 M          313            
  674.299      1.1 M          312            
  720.348      1.2 M          311            
  802.963      1.4 M          310            
  862.665      1.4 M          309            
  1244.693     1.8 M          308            
  2581.743     3.0 M          307            
  2785.847     3.2 M          306            
  3515.619     3.8 M          305            
  19434.883    15.9 M         304            
  58556.320    40.8 M         303            
  64056.043    44.2 M         302            

             nb generated         49.4 M
              nb expanded         30.9 M
               nb trashed           0.0 
     avg branching factor           1.6 
                  nb eval          60.0 
                 nb guide         49.4 M
        time searched (s)      71974.891
      generated nodes / s         686.1 
        solutions created           0.0 
