printing solutions in: ./dogs-color/insts/cgshop22/sqrpecn52587.instance.json.solution.json
printing perfs in: ./dogs-color/insts/cgshop22/sqrpecn52587.instance.json.perf.json

CGSHOP Instance: compute neighbors...
computing neighbors (0 / 52587)...
computing neighbors (1000 / 52587)...
computing neighbors (2000 / 52587)...
computing neighbors (3000 / 52587)...
computing neighbors (4000 / 52587)...
computing neighbors (5000 / 52587)...
computing neighbors (6000 / 52587)...
computing neighbors (7000 / 52587)...
computing neighbors (8000 / 52587)...
computing neighbors (9000 / 52587)...
computing neighbors (10000 / 52587)...
computing neighbors (11000 / 52587)...
computing neighbors (12000 / 52587)...
computing neighbors (13000 / 52587)...
computing neighbors (14000 / 52587)...
computing neighbors (15000 / 52587)...
computing neighbors (16000 / 52587)...
computing neighbors (17000 / 52587)...
computing neighbors (18000 / 52587)...
computing neighbors (19000 / 52587)...
computing neighbors (20000 / 52587)...
computing neighbors (21000 / 52587)...
computing neighbors (22000 / 52587)...
computing neighbors (23000 / 52587)...
computing neighbors (24000 / 52587)...
computing neighbors (25000 / 52587)...
computing neighbors (26000 / 52587)...
computing neighbors (27000 / 52587)...
computing neighbors (28000 / 52587)...
computing neighbors (29000 / 52587)...
computing neighbors (30000 / 52587)...
computing neighbors (31000 / 52587)...
computing neighbors (32000 / 52587)...
computing neighbors (33000 / 52587)...
computing neighbors (34000 / 52587)...
computing neighbors (35000 / 52587)...
computing neighbors (36000 / 52587)...
computing neighbors (37000 / 52587)...
computing neighbors (38000 / 52587)...
computing neighbors (39000 / 52587)...
computing neighbors (40000 / 52587)...
computing neighbors (41000 / 52587)...
computing neighbors (42000 / 52587)...
computing neighbors (43000 / 52587)...
computing neighbors (44000 / 52587)...
computing neighbors (45000 / 52587)...
computing neighbors (46000 / 52587)...
computing neighbors (47000 / 52587)...
computing neighbors (48000 / 52587)...
computing neighbors (49000 / 52587)...
computing neighbors (50000 / 52587)...
computing neighbors (51000 / 52587)...
computing neighbors (52000 / 52587)...
78734      vertices
52587      segments
481        dominations
=======================
CGSHOP Instance: compute neighbors...
computing neighbors (0 / 52587)...
computing neighbors (1000 / 52587)...
computing neighbors (2000 / 52587)...
computing neighbors (3000 / 52587)...
computing neighbors (4000 / 52587)...
computing neighbors (5000 / 52587)...
computing neighbors (6000 / 52587)...
computing neighbors (7000 / 52587)...
computing neighbors (8000 / 52587)...
computing neighbors (9000 / 52587)...
computing neighbors (10000 / 52587)...
computing neighbors (11000 / 52587)...
computing neighbors (12000 / 52587)...
computing neighbors (13000 / 52587)...
computing neighbors (14000 / 52587)...
computing neighbors (15000 / 52587)...
computing neighbors (16000 / 52587)...
computing neighbors (17000 / 52587)...
computing neighbors (18000 / 52587)...
computing neighbors (19000 / 52587)...
computing neighbors (20000 / 52587)...
computing neighbors (21000 / 52587)...
computing neighbors (22000 / 52587)...
computing neighbors (23000 / 52587)...
computing neighbors (24000 / 52587)...
computing neighbors (25000 / 52587)...
computing neighbors (26000 / 52587)...
computing neighbors (27000 / 52587)...
computing neighbors (28000 / 52587)...
computing neighbors (29000 / 52587)...
computing neighbors (30000 / 52587)...
computing neighbors (31000 / 52587)...
computing neighbors (32000 / 52587)...
computing neighbors (33000 / 52587)...
computing neighbors (34000 / 52587)...
computing neighbors (35000 / 52587)...
computing neighbors (36000 / 52587)...
computing neighbors (37000 / 52587)...
computing neighbors (38000 / 52587)...
computing neighbors (39000 / 52587)...
computing neighbors (40000 / 52587)...
computing neighbors (41000 / 52587)...
computing neighbors (42000 / 52587)...
computing neighbors (43000 / 52587)...
computing neighbors (44000 / 52587)...
computing neighbors (45000 / 52587)...
computing neighbors (46000 / 52587)...
computing neighbors (47000 / 52587)...
computing neighbors (48000 / 52587)...
computing neighbors (49000 / 52587)...
computing neighbors (50000 / 52587)...
computing neighbors (51000 / 52587)...
computing neighbors (52000 / 52587)...
colored 1000 / 52587...
colored 2000 / 52587...
colored 3000 / 52587...
colored 4000 / 52587...
colored 5000 / 52587...
colored 6000 / 52587...
colored 7000 / 52587...
colored 8000 / 52587...
colored 9000 / 52587...
colored 10000 / 52587...
colored 11000 / 52587...
colored 12000 / 52587...
colored 13000 / 52587...
colored 14000 / 52587...
colored 15000 / 52587...
colored 16000 / 52587...
colored 17000 / 52587...
colored 18000 / 52587...
colored 19000 / 52587...
colored 20000 / 52587...
colored 21000 / 52587...
colored 22000 / 52587...
colored 23000 / 52587...
colored 24000 / 52587...
colored 25000 / 52587...
colored 26000 / 52587...
colored 27000 / 52587...
colored 28000 / 52587...
colored 29000 / 52587...
colored 30000 / 52587...
colored 31000 / 52587...
colored 32000 / 52587...
colored 33000 / 52587...
colored 34000 / 52587...
colored 35000 / 52587...
colored 36000 / 52587...
colored 37000 / 52587...
colored 38000 / 52587...
colored 39000 / 52587...
colored 40000 / 52587...
colored 41000 / 52587...
colored 42000 / 52587...
colored 43000 / 52587...
colored 44000 / 52587...
colored 45000 / 52587...
colored 46000 / 52587...
colored 47000 / 52587...
colored 48000 / 52587...
colored 49000 / 52587...
colored 50000 / 52587...
colored 51000 / 52587...
colored 52000 / 52587...
greedy found 565 colors in 208.547 seconds
 time (s)      nb nodes       objective      
---------------------------------------------
  28.752                      565            
  45.230       16.6 k         564            
  49.703       21.1 k         563            
  62.078       31.1 k         562            
  68.900       37.5 k         561            
  93.321       59.0 k         560            
  119.184      77.1 k         559            
  136.008      90.9 k         558            
  195.137      134.9 k        557            
  232.866      162.6 k        556            
  242.563      187.5 k        555            
  298.623      229.6 k        554            
  374.492      282.6 k        553            
  446.173      330.3 k        552            
  490.278      359.5 k        551            
  498.545      400.0 k        550            
  509.473      436.2 k        549            
  520.929      464.2 k        548            
  535.811      501.5 k        547            
  552.865      537.2 k        546            
  568.935      569.7 k        545            
  587.977      622.1 k        544            
  609.281      684.1 k        543            
  685.959      769.2 k        542            
  706.967      809.0 k        541            
  783.748      892.9 k        540            
  834.636      964.2 k        539            
  844.385      992.3 k        538            
  943.903      1.1 M          537            
  964.918      1.1 M          536            
  1016.475     1.1 M          535            
  1108.454     1.2 M          534            
  1157.180     1.3 M          533            
  1314.468     1.5 M          532            
  1703.935     1.8 M          531            
  1943.792     1.9 M          530            
  2193.909     2.1 M          529            
  2270.278     2.1 M          528            
  2336.562     2.2 M          527            
  2365.874     2.2 M          526            
  5064.379     3.7 M          525            
  7907.863     5.2 M          524            
  8288.059     5.4 M          523            
  8386.606     5.4 M          522            
  8414.741     5.5 M          521            
  9119.418     5.8 M          520            
  25392.996    13.4 M         519            
  52185.414    24.4 M         518            
  54900.922    25.5 M         517            

             nb generated         32.0 M
              nb expanded         17.7 M
               nb trashed           0.0 
     avg branching factor           1.8 
                  nb eval          98.0 
                 nb guide         32.0 M
        time searched (s)      71971.242
      generated nodes / s         444.3 
        solutions created           0.0 
