printing solutions in: ./dogs-color/insts/cgshop22/sqrpecn44118.instance.json.solution.json
printing perfs in: ./dogs-color/insts/cgshop22/sqrpecn44118.instance.json.perf.json

CGSHOP Instance: compute neighbors...
computing neighbors (0 / 44118)...
computing neighbors (1000 / 44118)...
computing neighbors (2000 / 44118)...
computing neighbors (3000 / 44118)...
computing neighbors (4000 / 44118)...
computing neighbors (5000 / 44118)...
computing neighbors (6000 / 44118)...
computing neighbors (7000 / 44118)...
computing neighbors (8000 / 44118)...
computing neighbors (9000 / 44118)...
computing neighbors (10000 / 44118)...
computing neighbors (11000 / 44118)...
computing neighbors (12000 / 44118)...
computing neighbors (13000 / 44118)...
computing neighbors (14000 / 44118)...
computing neighbors (15000 / 44118)...
computing neighbors (16000 / 44118)...
computing neighbors (17000 / 44118)...
computing neighbors (18000 / 44118)...
computing neighbors (19000 / 44118)...
computing neighbors (20000 / 44118)...
computing neighbors (21000 / 44118)...
computing neighbors (22000 / 44118)...
computing neighbors (23000 / 44118)...
computing neighbors (24000 / 44118)...
computing neighbors (25000 / 44118)...
computing neighbors (26000 / 44118)...
computing neighbors (27000 / 44118)...
computing neighbors (28000 / 44118)...
computing neighbors (29000 / 44118)...
computing neighbors (30000 / 44118)...
computing neighbors (31000 / 44118)...
computing neighbors (32000 / 44118)...
computing neighbors (33000 / 44118)...
computing neighbors (34000 / 44118)...
computing neighbors (35000 / 44118)...
computing neighbors (36000 / 44118)...
computing neighbors (37000 / 44118)...
computing neighbors (38000 / 44118)...
computing neighbors (39000 / 44118)...
computing neighbors (40000 / 44118)...
computing neighbors (41000 / 44118)...
computing neighbors (42000 / 44118)...
computing neighbors (43000 / 44118)...
computing neighbors (44000 / 44118)...
66436      vertices
44118      segments
452        dominations
=======================
CGSHOP Instance: compute neighbors...
computing neighbors (0 / 44118)...
computing neighbors (1000 / 44118)...
computing neighbors (2000 / 44118)...
computing neighbors (3000 / 44118)...
computing neighbors (4000 / 44118)...
computing neighbors (5000 / 44118)...
computing neighbors (6000 / 44118)...
computing neighbors (7000 / 44118)...
computing neighbors (8000 / 44118)...
computing neighbors (9000 / 44118)...
computing neighbors (10000 / 44118)...
computing neighbors (11000 / 44118)...
computing neighbors (12000 / 44118)...
computing neighbors (13000 / 44118)...
computing neighbors (14000 / 44118)...
computing neighbors (15000 / 44118)...
computing neighbors (16000 / 44118)...
computing neighbors (17000 / 44118)...
computing neighbors (18000 / 44118)...
computing neighbors (19000 / 44118)...
computing neighbors (20000 / 44118)...
computing neighbors (21000 / 44118)...
computing neighbors (22000 / 44118)...
computing neighbors (23000 / 44118)...
computing neighbors (24000 / 44118)...
computing neighbors (25000 / 44118)...
computing neighbors (26000 / 44118)...
computing neighbors (27000 / 44118)...
computing neighbors (28000 / 44118)...
computing neighbors (29000 / 44118)...
computing neighbors (30000 / 44118)...
computing neighbors (31000 / 44118)...
computing neighbors (32000 / 44118)...
computing neighbors (33000 / 44118)...
computing neighbors (34000 / 44118)...
computing neighbors (35000 / 44118)...
computing neighbors (36000 / 44118)...
computing neighbors (37000 / 44118)...
computing neighbors (38000 / 44118)...
computing neighbors (39000 / 44118)...
computing neighbors (40000 / 44118)...
computing neighbors (41000 / 44118)...
computing neighbors (42000 / 44118)...
computing neighbors (43000 / 44118)...
computing neighbors (44000 / 44118)...
colored 1000 / 44118...
colored 2000 / 44118...
colored 3000 / 44118...
colored 4000 / 44118...
colored 5000 / 44118...
colored 6000 / 44118...
colored 7000 / 44118...
colored 8000 / 44118...
colored 9000 / 44118...
colored 10000 / 44118...
colored 11000 / 44118...
colored 12000 / 44118...
colored 13000 / 44118...
colored 14000 / 44118...
colored 15000 / 44118...
colored 16000 / 44118...
colored 17000 / 44118...
colored 18000 / 44118...
colored 19000 / 44118...
colored 20000 / 44118...
colored 21000 / 44118...
colored 22000 / 44118...
colored 23000 / 44118...
colored 24000 / 44118...
colored 25000 / 44118...
colored 26000 / 44118...
colored 27000 / 44118...
colored 28000 / 44118...
colored 29000 / 44118...
colored 30000 / 44118...
colored 31000 / 44118...
colored 32000 / 44118...
colored 33000 / 44118...
colored 34000 / 44118...
colored 35000 / 44118...
colored 36000 / 44118...
colored 37000 / 44118...
colored 38000 / 44118...
colored 39000 / 44118...
colored 40000 / 44118...
colored 41000 / 44118...
colored 42000 / 44118...
colored 43000 / 44118...
colored 44000 / 44118...
greedy found 564 colors in 66.476 seconds
 time (s)      nb nodes       objective      
---------------------------------------------
  17.072                      564            
  17.571       169.0          563            
  17.910       969.0          562            
  18.247       2.2 k          561            
  19.881       7.3 k          560            
  23.981       20.1 k         559            
  29.731       37.9 k         558            
  34.348       59.7 k         557            
  39.400       84.9 k         556            
  46.797       150.7 k        555            
  54.166       190.6 k        554            
  57.845       216.4 k        553            
  67.938       242.4 k        552            
  78.349       318.9 k        551            
  81.997       342.5 k        550            
  85.093       366.4 k        549            
  89.344       391.4 k        548            
  96.663       415.8 k        547            
  103.315      453.4 k        546            
  122.020      512.8 k        545            
  127.369      558.3 k        544            
  134.759      596.5 k        543            
  147.911      634.3 k        542            
  172.916      712.5 k        541            
  177.641      740.4 k        540            
  185.637      768.3 k        539            
  208.190      826.4 k        538            
  223.031      877.4 k        537            
  231.699      904.2 k        536            
  286.310      1.0 M          535            
  312.947      1.1 M          534            
  382.935      1.2 M          533            
  399.514      1.2 M          532            
  419.355      1.3 M          531            
  472.652      1.4 M          530            
  507.008      1.4 M          529            
  529.587      1.5 M          528            
  562.041      1.5 M          527            
  657.565      1.7 M          526            
  806.499      1.9 M          525            
  1417.615     2.5 M          524            
  1474.258     2.6 M          523            
  1579.181     2.7 M          522            
  1948.709     3.1 M          521            
  3232.668     4.2 M          520            
  3426.735     4.3 M          519            
  3481.219     4.4 M          518            
  4024.382     4.8 M          517            
  4136.648     4.9 M          516            
  4589.546     5.3 M          515            
  20897.162    15.6 M         514            
  22209.227    16.3 M         513            
  27008.709    19.0 M         512            
  45595.395    28.8 M         511            
  53143.664    32.7 M         510            
  61448.117    37.1 M         509            
  63879.535    38.4 M         508            

             nb generated         42.7 M
              nb expanded         24.3 M
               nb trashed           0.0 
     avg branching factor           1.8 
                  nb eval         114.0 
                 nb guide         42.7 M
        time searched (s)      71982.922
      generated nodes / s         593.0 
        solutions created           0.0 
