printing solutions in: ./dogs-color/insts/cgshop22/visp50129.instance.json.solution.json
printing perfs in: ./dogs-color/insts/cgshop22/visp50129.instance.json.perf.json

CGSHOP Instance: compute neighbors...
computing neighbors (0 / 50129)...
computing neighbors (1000 / 50129)...
computing neighbors (2000 / 50129)...
computing neighbors (3000 / 50129)...
computing neighbors (4000 / 50129)...
computing neighbors (5000 / 50129)...
computing neighbors (6000 / 50129)...
computing neighbors (7000 / 50129)...
computing neighbors (8000 / 50129)...
computing neighbors (9000 / 50129)...
computing neighbors (10000 / 50129)...
computing neighbors (11000 / 50129)...
computing neighbors (12000 / 50129)...
computing neighbors (13000 / 50129)...
computing neighbors (14000 / 50129)...
computing neighbors (15000 / 50129)...
computing neighbors (16000 / 50129)...
computing neighbors (17000 / 50129)...
computing neighbors (18000 / 50129)...
computing neighbors (19000 / 50129)...
computing neighbors (20000 / 50129)...
computing neighbors (21000 / 50129)...
computing neighbors (22000 / 50129)...
computing neighbors (23000 / 50129)...
computing neighbors (24000 / 50129)...
computing neighbors (25000 / 50129)...
computing neighbors (26000 / 50129)...
computing neighbors (27000 / 50129)...
computing neighbors (28000 / 50129)...
computing neighbors (29000 / 50129)...
computing neighbors (30000 / 50129)...
computing neighbors (31000 / 50129)...
computing neighbors (32000 / 50129)...
computing neighbors (33000 / 50129)...
computing neighbors (34000 / 50129)...
computing neighbors (35000 / 50129)...
computing neighbors (36000 / 50129)...
computing neighbors (37000 / 50129)...
computing neighbors (38000 / 50129)...
computing neighbors (39000 / 50129)...
computing neighbors (40000 / 50129)...
computing neighbors (41000 / 50129)...
computing neighbors (42000 / 50129)...
computing neighbors (43000 / 50129)...
computing neighbors (44000 / 50129)...
computing neighbors (45000 / 50129)...
computing neighbors (46000 / 50129)...
computing neighbors (47000 / 50129)...
computing neighbors (48000 / 50129)...
computing neighbors (49000 / 50129)...
computing neighbors (50000 / 50129)...
869        vertices
50129      segments
23669      dominations
=======================
CGSHOP Instance: compute neighbors...
computing neighbors (0 / 50129)...
computing neighbors (1000 / 50129)...
computing neighbors (2000 / 50129)...
computing neighbors (3000 / 50129)...
computing neighbors (4000 / 50129)...
computing neighbors (5000 / 50129)...
computing neighbors (6000 / 50129)...
computing neighbors (7000 / 50129)...
computing neighbors (8000 / 50129)...
computing neighbors (9000 / 50129)...
computing neighbors (10000 / 50129)...
computing neighbors (11000 / 50129)...
computing neighbors (12000 / 50129)...
computing neighbors (13000 / 50129)...
computing neighbors (14000 / 50129)...
computing neighbors (15000 / 50129)...
computing neighbors (16000 / 50129)...
computing neighbors (17000 / 50129)...
computing neighbors (18000 / 50129)...
computing neighbors (19000 / 50129)...
computing neighbors (20000 / 50129)...
computing neighbors (21000 / 50129)...
computing neighbors (22000 / 50129)...
computing neighbors (23000 / 50129)...
computing neighbors (24000 / 50129)...
computing neighbors (25000 / 50129)...
computing neighbors (26000 / 50129)...
computing neighbors (27000 / 50129)...
computing neighbors (28000 / 50129)...
computing neighbors (29000 / 50129)...
computing neighbors (30000 / 50129)...
computing neighbors (31000 / 50129)...
computing neighbors (32000 / 50129)...
computing neighbors (33000 / 50129)...
computing neighbors (34000 / 50129)...
computing neighbors (35000 / 50129)...
computing neighbors (36000 / 50129)...
computing neighbors (37000 / 50129)...
computing neighbors (38000 / 50129)...
computing neighbors (39000 / 50129)...
computing neighbors (40000 / 50129)...
computing neighbors (41000 / 50129)...
computing neighbors (42000 / 50129)...
computing neighbors (43000 / 50129)...
computing neighbors (44000 / 50129)...
computing neighbors (45000 / 50129)...
computing neighbors (46000 / 50129)...
computing neighbors (47000 / 50129)...
computing neighbors (48000 / 50129)...
computing neighbors (49000 / 50129)...
computing neighbors (50000 / 50129)...
colored 1000 / 50129...
colored 2000 / 50129...
colored 3000 / 50129...
colored 4000 / 50129...
colored 5000 / 50129...
colored 6000 / 50129...
colored 7000 / 50129...
colored 8000 / 50129...
colored 9000 / 50129...
colored 10000 / 50129...
colored 11000 / 50129...
colored 12000 / 50129...
colored 13000 / 50129...
colored 14000 / 50129...
colored 15000 / 50129...
colored 16000 / 50129...
colored 17000 / 50129...
colored 18000 / 50129...
colored 19000 / 50129...
colored 20000 / 50129...
colored 21000 / 50129...
colored 22000 / 50129...
colored 23000 / 50129...
colored 24000 / 50129...
colored 25000 / 50129...
colored 26000 / 50129...
colored 27000 / 50129...
colored 28000 / 50129...
colored 29000 / 50129...
colored 30000 / 50129...
colored 31000 / 50129...
colored 32000 / 50129...
colored 33000 / 50129...
colored 34000 / 50129...
colored 35000 / 50129...
colored 36000 / 50129...
colored 37000 / 50129...
colored 38000 / 50129...
colored 39000 / 50129...
colored 40000 / 50129...
colored 41000 / 50129...
colored 42000 / 50129...
colored 43000 / 50129...
colored 44000 / 50129...
colored 45000 / 50129...
colored 46000 / 50129...
colored 47000 / 50129...
colored 48000 / 50129...
colored 49000 / 50129...
colored 50000 / 50129...
greedy found 192 colors in 37.523 seconds
 time (s)      nb nodes       objective      
---------------------------------------------
  10.872                      192            
  11.555       314.0          191            
  11.970       1.4 k          190            
  13.556       6.0 k          189            
  14.219       8.1 k          188            
  15.656       12.4 k         187            
  16.298       15.7 k         186            
  22.293       28.6 k         185            
  32.351       48.1 k         184            
  48.493       81.2 k         183            
  64.595       125.1 k        182            
  95.009       169.3 k        181            
  117.560      218.9 k        180            
  191.786      331.0 k        179            
  234.766      416.4 k        178            
  317.896      559.0 k        177            
  541.788      885.5 k        176            
  599.997      954.3 k        175            
  676.416      1.1 M          174            
  905.615      1.4 M          173            
  913.226      1.4 M          172            
  969.547      1.5 M          171            
  1057.159     1.6 M          170            
  1076.988     1.7 M          169            
  2311.211     3.3 M          168            
  2355.217     3.3 M          167            
  2398.192     3.4 M          166            
  2431.925     3.5 M          165            
  2548.226     3.6 M          164            
  4509.929     6.2 M          163            
  7333.955     9.4 M          162            
  7435.702     9.5 M          161            
  9295.713     11.6 M         160            
  19737.617    23.5 M         159            
  25750.479    29.7 M         158            
  57087.559    64.3 M         157            
  70599.844    79.3 M         156            

             nb generated         81.0 M
              nb expanded         57.3 M
               nb trashed           0.0 
     avg branching factor           1.4 
                  nb eval          74.0 
                 nb guide         81.0 M
        time searched (s)      71989.125
      generated nodes / s          1.1 k
        solutions created           0.0 
