printing solutions in: ./dogs-color/insts/cgshop22/rsqrp7320.instance.json.solution.json
printing perfs in: ./dogs-color/insts/cgshop22/rsqrp7320.instance.json.perf.json

CGSHOP Instance: compute neighbors...
computing neighbors (0 / 7320)...
computing neighbors (1000 / 7320)...
computing neighbors (2000 / 7320)...
computing neighbors (3000 / 7320)...
computing neighbors (4000 / 7320)...
computing neighbors (5000 / 7320)...
computing neighbors (6000 / 7320)...
computing neighbors (7000 / 7320)...
248        vertices
7320       segments
1357       dominations
=======================
CGSHOP Instance: compute neighbors...
computing neighbors (0 / 7320)...
computing neighbors (1000 / 7320)...
computing neighbors (2000 / 7320)...
computing neighbors (3000 / 7320)...
computing neighbors (4000 / 7320)...
computing neighbors (5000 / 7320)...
computing neighbors (6000 / 7320)...
computing neighbors (7000 / 7320)...
colored 1000 / 7320...
colored 2000 / 7320...
colored 3000 / 7320...
colored 4000 / 7320...
colored 5000 / 7320...
colored 6000 / 7320...
colored 7000 / 7320...
greedy found 95 colors in 0.971 seconds
 time (s)      nb nodes       objective      
---------------------------------------------
  0.423                       95             
  2.093        22.7 k         94             
  11.059       129.5 k        93             
  3653.038     26.5 M         92             

             nb generated        418.8 M
              nb expanded        355.1 M
               nb trashed           0.0 
     avg branching factor           1.2 
                  nb eval           8.0 
                 nb guide        418.8 M
        time searched (s)      71999.570
      generated nodes / s          5.8 k
        solutions created           0.0 
invalid solution (reason: ConflictingEdge(3285, 3299))
