printing solutions in: ./dogs-color/insts/cgshop22/sqrpecn57317.instance.json.solution.json
printing perfs in: ./dogs-color/insts/cgshop22/sqrpecn57317.instance.json.perf.json

CGSHOP Instance: compute neighbors...
computing neighbors (0 / 57317)...
computing neighbors (1000 / 57317)...
computing neighbors (2000 / 57317)...
computing neighbors (3000 / 57317)...
computing neighbors (4000 / 57317)...
computing neighbors (5000 / 57317)...
computing neighbors (6000 / 57317)...
computing neighbors (7000 / 57317)...
computing neighbors (8000 / 57317)...
computing neighbors (9000 / 57317)...
computing neighbors (10000 / 57317)...
computing neighbors (11000 / 57317)...
computing neighbors (12000 / 57317)...
computing neighbors (13000 / 57317)...
computing neighbors (14000 / 57317)...
computing neighbors (15000 / 57317)...
computing neighbors (16000 / 57317)...
computing neighbors (17000 / 57317)...
computing neighbors (18000 / 57317)...
computing neighbors (19000 / 57317)...
computing neighbors (20000 / 57317)...
computing neighbors (21000 / 57317)...
computing neighbors (22000 / 57317)...
computing neighbors (23000 / 57317)...
computing neighbors (24000 / 57317)...
computing neighbors (25000 / 57317)...
computing neighbors (26000 / 57317)...
computing neighbors (27000 / 57317)...
computing neighbors (28000 / 57317)...
computing neighbors (29000 / 57317)...
computing neighbors (30000 / 57317)...
computing neighbors (31000 / 57317)...
computing neighbors (32000 / 57317)...
computing neighbors (33000 / 57317)...
computing neighbors (34000 / 57317)...
computing neighbors (35000 / 57317)...
computing neighbors (36000 / 57317)...
computing neighbors (37000 / 57317)...
computing neighbors (38000 / 57317)...
computing neighbors (39000 / 57317)...
computing neighbors (40000 / 57317)...
computing neighbors (41000 / 57317)...
computing neighbors (42000 / 57317)...
computing neighbors (43000 / 57317)...
computing neighbors (44000 / 57317)...
computing neighbors (45000 / 57317)...
computing neighbors (46000 / 57317)...
computing neighbors (47000 / 57317)...
computing neighbors (48000 / 57317)...
computing neighbors (49000 / 57317)...
computing neighbors (50000 / 57317)...
computing neighbors (51000 / 57317)...
computing neighbors (52000 / 57317)...
computing neighbors (53000 / 57317)...
computing neighbors (54000 / 57317)...
computing neighbors (55000 / 57317)...
computing neighbors (56000 / 57317)...
computing neighbors (57000 / 57317)...
86175      vertices
57317      segments
559        dominations
=======================
CGSHOP Instance: compute neighbors...
computing neighbors (0 / 57317)...
computing neighbors (1000 / 57317)...
computing neighbors (2000 / 57317)...
computing neighbors (3000 / 57317)...
computing neighbors (4000 / 57317)...
computing neighbors (5000 / 57317)...
computing neighbors (6000 / 57317)...
computing neighbors (7000 / 57317)...
computing neighbors (8000 / 57317)...
computing neighbors (9000 / 57317)...
computing neighbors (10000 / 57317)...
computing neighbors (11000 / 57317)...
computing neighbors (12000 / 57317)...
computing neighbors (13000 / 57317)...
computing neighbors (14000 / 57317)...
computing neighbors (15000 / 57317)...
computing neighbors (16000 / 57317)...
computing neighbors (17000 / 57317)...
computing neighbors (18000 / 57317)...
computing neighbors (19000 / 57317)...
computing neighbors (20000 / 57317)...
computing neighbors (21000 / 57317)...
computing neighbors (22000 / 57317)...
computing neighbors (23000 / 57317)...
computing neighbors (24000 / 57317)...
computing neighbors (25000 / 57317)...
computing neighbors (26000 / 57317)...
computing neighbors (27000 / 57317)...
computing neighbors (28000 / 57317)...
computing neighbors (29000 / 57317)...
computing neighbors (30000 / 57317)...
computing neighbors (31000 / 57317)...
computing neighbors (32000 / 57317)...
computing neighbors (33000 / 57317)...
computing neighbors (34000 / 57317)...
computing neighbors (35000 / 57317)...
computing neighbors (36000 / 57317)...
computing neighbors (37000 / 57317)...
computing neighbors (38000 / 57317)...
computing neighbors (39000 / 57317)...
computing neighbors (40000 / 57317)...
computing neighbors (41000 / 57317)...
computing neighbors (42000 / 57317)...
computing neighbors (43000 / 57317)...
computing neighbors (44000 / 57317)...
computing neighbors (45000 / 57317)...
computing neighbors (46000 / 57317)...
computing neighbors (47000 / 57317)...
computing neighbors (48000 / 57317)...
computing neighbors (49000 / 57317)...
computing neighbors (50000 / 57317)...
computing neighbors (51000 / 57317)...
computing neighbors (52000 / 57317)...
computing neighbors (53000 / 57317)...
computing neighbors (54000 / 57317)...
computing neighbors (55000 / 57317)...
computing neighbors (56000 / 57317)...
computing neighbors (57000 / 57317)...
colored 1000 / 57317...
colored 2000 / 57317...
colored 3000 / 57317...
colored 4000 / 57317...
colored 5000 / 57317...
colored 6000 / 57317...
colored 7000 / 57317...
colored 8000 / 57317...
colored 9000 / 57317...
colored 10000 / 57317...
colored 11000 / 57317...
colored 12000 / 57317...
colored 13000 / 57317...
colored 14000 / 57317...
colored 15000 / 57317...
colored 16000 / 57317...
colored 17000 / 57317...
colored 18000 / 57317...
colored 19000 / 57317...
colored 20000 / 57317...
colored 21000 / 57317...
colored 22000 / 57317...
colored 23000 / 57317...
colored 24000 / 57317...
colored 25000 / 57317...
colored 26000 / 57317...
colored 27000 / 57317...
colored 28000 / 57317...
colored 29000 / 57317...
colored 30000 / 57317...
colored 31000 / 57317...
colored 32000 / 57317...
colored 33000 / 57317...
colored 34000 / 57317...
colored 35000 / 57317...
colored 36000 / 57317...
colored 37000 / 57317...
colored 38000 / 57317...
colored 39000 / 57317...
colored 40000 / 57317...
colored 41000 / 57317...
colored 42000 / 57317...
colored 43000 / 57317...
colored 44000 / 57317...
colored 45000 / 57317...
colored 46000 / 57317...
colored 47000 / 57317...
colored 48000 / 57317...
colored 49000 / 57317...
colored 50000 / 57317...
colored 51000 / 57317...
colored 52000 / 57317...
colored 53000 / 57317...
colored 54000 / 57317...
colored 55000 / 57317...
colored 56000 / 57317...
colored 57000 / 57317...
greedy found 608 colors in 126.367 seconds
 time (s)      nb nodes       objective      
---------------------------------------------
  28.743                      608            
  29.236       2.0            607            
  29.480       401.0          606            
  29.977       580.0          605            
  30.252       2.1 k          604            
  31.136       4.0 k          603            
  31.379       4.4 k          602            
  32.830       7.1 k          601            
  34.195       9.4 k          600            
  35.951       13.0 k         599            
  38.792       17.7 k         598            
  40.210       20.4 k         597            
  50.083       36.8 k         596            
  59.097       51.2 k         595            
  70.761       67.3 k         594            
  84.438       84.2 k         593            
  125.178      134.4 k        592            
  131.293      142.5 k        591            
  134.267      179.4 k        590            
  143.207      219.8 k        589            
  146.523      246.0 k        588            
  157.050      276.0 k        587            
  162.432      307.7 k        586            
  165.301      326.9 k        585            
  172.746      361.0 k        584            
  181.704      389.6 k        583            
  203.290      443.7 k        582            
  243.579      534.8 k        581            
  247.623      556.2 k        580            
  253.394      583.6 k        579            
  309.199      734.0 k        578            
  312.784      742.0 k        577            
  329.225      768.7 k        576            
  337.998      801.3 k        575            
  343.991      819.6 k        574            
  359.848      877.3 k        573            
  371.218      910.1 k        572            
  375.495      935.7 k        571            
  415.002      1.0 M          570            
  425.136      1.0 M          569            
  455.253      1.1 M          568            
  465.770      1.1 M          567            
  474.029      1.2 M          566            
  482.588      1.2 M          565            
  501.467      1.2 M          564            
  526.803      1.3 M          563            
  547.914      1.3 M          562            
  621.831      1.4 M          561            
  631.656      1.4 M          560            
  646.153      1.5 M          559            
  688.229      1.5 M          558            
  709.195      1.6 M          557            
  734.496      1.6 M          556            
  806.330      1.7 M          555            
  891.239      1.8 M          554            
  927.898      1.9 M          553            
  957.586      1.9 M          552            
  989.341      2.0 M          551            
  1027.945     2.1 M          550            
  1104.715     2.1 M          549            
  1133.747     2.2 M          548            
  1213.571     2.3 M          547            
  1289.082     2.4 M          546            
  1426.152     2.5 M          545            
  1472.234     2.6 M          544            
  1519.077     2.6 M          543            
  1536.866     2.7 M          542            
  1616.708     2.8 M          541            
  1661.936     2.8 M          540            
  1718.155     2.9 M          539            
  1786.654     3.0 M          538            
  1857.096     3.1 M          537            
  1988.674     3.2 M          536            
  2294.257     3.5 M          535            
  2433.610     3.7 M          534            
  2569.359     3.8 M          533            
  2584.167     3.8 M          532            
  2658.714     3.9 M          531            
  2845.424     4.1 M          530            
  2961.801     4.2 M          529            
  3048.336     4.3 M          528            
  3180.217     4.4 M          527            
  4981.188     5.8 M          526            
  7235.236     7.3 M          525            
  7305.938     7.4 M          524            
  8114.767     7.9 M          523            
  8180.599     8.0 M          522            
  9679.594     8.9 M          521            
  9878.114     9.0 M          520            
  9997.360     9.1 M          519            
  10118.271    9.2 M          518            
  10888.786    9.8 M          517            
  12081.237    10.5 M         516            

             nb generated         40.9 M
              nb expanded         21.5 M
               nb trashed           0.0 
     avg branching factor           1.9 
                  nb eval         186.0 
                 nb guide         40.9 M
        time searched (s)      71971.258
      generated nodes / s         568.7 
        solutions created           0.0 
