printing solutions in: ./dogs-color/insts/cgshop22/visp43093.instance.json.solution.json
printing perfs in: ./dogs-color/insts/cgshop22/visp43093.instance.json.perf.json

CGSHOP Instance: compute neighbors...
computing neighbors (0 / 43093)...
computing neighbors (1000 / 43093)...
computing neighbors (2000 / 43093)...
computing neighbors (3000 / 43093)...
computing neighbors (4000 / 43093)...
computing neighbors (5000 / 43093)...
computing neighbors (6000 / 43093)...
computing neighbors (7000 / 43093)...
computing neighbors (8000 / 43093)...
computing neighbors (9000 / 43093)...
computing neighbors (10000 / 43093)...
computing neighbors (11000 / 43093)...
computing neighbors (12000 / 43093)...
computing neighbors (13000 / 43093)...
computing neighbors (14000 / 43093)...
computing neighbors (15000 / 43093)...
computing neighbors (16000 / 43093)...
computing neighbors (17000 / 43093)...
computing neighbors (18000 / 43093)...
computing neighbors (19000 / 43093)...
computing neighbors (20000 / 43093)...
computing neighbors (21000 / 43093)...
computing neighbors (22000 / 43093)...
computing neighbors (23000 / 43093)...
computing neighbors (24000 / 43093)...
computing neighbors (25000 / 43093)...
computing neighbors (26000 / 43093)...
computing neighbors (27000 / 43093)...
computing neighbors (28000 / 43093)...
computing neighbors (29000 / 43093)...
computing neighbors (30000 / 43093)...
computing neighbors (31000 / 43093)...
computing neighbors (32000 / 43093)...
computing neighbors (33000 / 43093)...
computing neighbors (34000 / 43093)...
computing neighbors (35000 / 43093)...
computing neighbors (36000 / 43093)...
computing neighbors (37000 / 43093)...
computing neighbors (38000 / 43093)...
computing neighbors (39000 / 43093)...
computing neighbors (40000 / 43093)...
computing neighbors (41000 / 43093)...
computing neighbors (42000 / 43093)...
computing neighbors (43000 / 43093)...
743        vertices
43093      segments
20371      dominations
=======================
CGSHOP Instance: compute neighbors...
computing neighbors (0 / 43093)...
computing neighbors (1000 / 43093)...
computing neighbors (2000 / 43093)...
computing neighbors (3000 / 43093)...
computing neighbors (4000 / 43093)...
computing neighbors (5000 / 43093)...
computing neighbors (6000 / 43093)...
computing neighbors (7000 / 43093)...
computing neighbors (8000 / 43093)...
computing neighbors (9000 / 43093)...
computing neighbors (10000 / 43093)...
computing neighbors (11000 / 43093)...
computing neighbors (12000 / 43093)...
computing neighbors (13000 / 43093)...
computing neighbors (14000 / 43093)...
computing neighbors (15000 / 43093)...
computing neighbors (16000 / 43093)...
computing neighbors (17000 / 43093)...
computing neighbors (18000 / 43093)...
computing neighbors (19000 / 43093)...
computing neighbors (20000 / 43093)...
computing neighbors (21000 / 43093)...
computing neighbors (22000 / 43093)...
computing neighbors (23000 / 43093)...
computing neighbors (24000 / 43093)...
computing neighbors (25000 / 43093)...
computing neighbors (26000 / 43093)...
computing neighbors (27000 / 43093)...
computing neighbors (28000 / 43093)...
computing neighbors (29000 / 43093)...
computing neighbors (30000 / 43093)...
computing neighbors (31000 / 43093)...
computing neighbors (32000 / 43093)...
computing neighbors (33000 / 43093)...
computing neighbors (34000 / 43093)...
computing neighbors (35000 / 43093)...
computing neighbors (36000 / 43093)...
computing neighbors (37000 / 43093)...
computing neighbors (38000 / 43093)...
computing neighbors (39000 / 43093)...
computing neighbors (40000 / 43093)...
computing neighbors (41000 / 43093)...
computing neighbors (42000 / 43093)...
computing neighbors (43000 / 43093)...
colored 1000 / 43093...
colored 2000 / 43093...
colored 3000 / 43093...
colored 4000 / 43093...
colored 5000 / 43093...
colored 6000 / 43093...
colored 7000 / 43093...
colored 8000 / 43093...
colored 9000 / 43093...
colored 10000 / 43093...
colored 11000 / 43093...
colored 12000 / 43093...
colored 13000 / 43093...
colored 14000 / 43093...
colored 15000 / 43093...
colored 16000 / 43093...
colored 17000 / 43093...
colored 18000 / 43093...
colored 19000 / 43093...
colored 20000 / 43093...
colored 21000 / 43093...
colored 22000 / 43093...
colored 23000 / 43093...
colored 24000 / 43093...
colored 25000 / 43093...
colored 26000 / 43093...
colored 27000 / 43093...
colored 28000 / 43093...
colored 29000 / 43093...
colored 30000 / 43093...
colored 31000 / 43093...
colored 32000 / 43093...
colored 33000 / 43093...
colored 34000 / 43093...
colored 35000 / 43093...
colored 36000 / 43093...
colored 37000 / 43093...
colored 38000 / 43093...
colored 39000 / 43093...
colored 40000 / 43093...
colored 41000 / 43093...
colored 42000 / 43093...
colored 43000 / 43093...
greedy found 139 colors in 20.497 seconds
 time (s)      nb nodes       objective      
---------------------------------------------
  6.640                       139            
  6.767        590.0          138            
  7.042        3.3 k          137            
  7.394        6.6 k          136            
  11.272       28.7 k         135            
  12.928       37.7 k         134            
  14.069       43.8 k         133            
  19.767       72.2 k         132            
  26.667       104.8 k        131            
  38.157       363.9 k        130            
  58.635       456.2 k        129            
  78.061       650.4 k        128            
  84.359       679.9 k        127            
  139.734      927.5 k        126            
  162.465      1.0 M          125            
  178.131      1.1 M          124            
  204.819      1.2 M          123            
  281.863      1.5 M          122            
  367.286      1.8 M          121            
  462.236      2.2 M          120            
  775.157      3.2 M          119            
  917.674      3.6 M          118            
  1769.640     6.2 M          117            
  2179.340     7.3 M          116            
  4721.108     14.3 M         115            
  7647.518     22.1 M         114            
  19191.375    53.4 M         113            

             nb generated        201.8 M
              nb expanded        135.5 M
               nb trashed           0.0 
     avg branching factor           1.5 
                  nb eval          54.0 
                 nb guide        201.8 M
        time searched (s)      71993.359
      generated nodes / s          2.8 k
        solutions created           0.0 
