printing solutions in: ./dogs-color/insts/cgshop22/reecn64798.instance.json.solution.json
printing perfs in: ./dogs-color/insts/cgshop22/reecn64798.instance.json.perf.json

CGSHOP Instance: compute neighbors...
computing neighbors (0 / 64798)...
computing neighbors (1000 / 64798)...
computing neighbors (2000 / 64798)...
computing neighbors (3000 / 64798)...
computing neighbors (4000 / 64798)...
computing neighbors (5000 / 64798)...
computing neighbors (6000 / 64798)...
computing neighbors (7000 / 64798)...
computing neighbors (8000 / 64798)...
computing neighbors (9000 / 64798)...
computing neighbors (10000 / 64798)...
computing neighbors (11000 / 64798)...
computing neighbors (12000 / 64798)...
computing neighbors (13000 / 64798)...
computing neighbors (14000 / 64798)...
computing neighbors (15000 / 64798)...
computing neighbors (16000 / 64798)...
computing neighbors (17000 / 64798)...
computing neighbors (18000 / 64798)...
computing neighbors (19000 / 64798)...
computing neighbors (20000 / 64798)...
computing neighbors (21000 / 64798)...
computing neighbors (22000 / 64798)...
computing neighbors (23000 / 64798)...
computing neighbors (24000 / 64798)...
computing neighbors (25000 / 64798)...
computing neighbors (26000 / 64798)...
computing neighbors (27000 / 64798)...
computing neighbors (28000 / 64798)...
computing neighbors (29000 / 64798)...
computing neighbors (30000 / 64798)...
computing neighbors (31000 / 64798)...
computing neighbors (32000 / 64798)...
computing neighbors (33000 / 64798)...
computing neighbors (34000 / 64798)...
computing neighbors (35000 / 64798)...
computing neighbors (36000 / 64798)...
computing neighbors (37000 / 64798)...
computing neighbors (38000 / 64798)...
computing neighbors (39000 / 64798)...
computing neighbors (40000 / 64798)...
computing neighbors (41000 / 64798)...
computing neighbors (42000 / 64798)...
computing neighbors (43000 / 64798)...
computing neighbors (44000 / 64798)...
computing neighbors (45000 / 64798)...
computing neighbors (46000 / 64798)...
computing neighbors (47000 / 64798)...
computing neighbors (48000 / 64798)...
computing neighbors (49000 / 64798)...
computing neighbors (50000 / 64798)...
computing neighbors (51000 / 64798)...
computing neighbors (52000 / 64798)...
computing neighbors (53000 / 64798)...
computing neighbors (54000 / 64798)...
computing neighbors (55000 / 64798)...
computing neighbors (56000 / 64798)...
computing neighbors (57000 / 64798)...
computing neighbors (58000 / 64798)...
computing neighbors (59000 / 64798)...
computing neighbors (60000 / 64798)...
computing neighbors (61000 / 64798)...
computing neighbors (62000 / 64798)...
computing neighbors (63000 / 64798)...
computing neighbors (64000 / 64798)...
90800      vertices
64798      segments
421        dominations
=======================
CGSHOP Instance: compute neighbors...
computing neighbors (0 / 64798)...
computing neighbors (1000 / 64798)...
computing neighbors (2000 / 64798)...
computing neighbors (3000 / 64798)...
computing neighbors (4000 / 64798)...
computing neighbors (5000 / 64798)...
computing neighbors (6000 / 64798)...
computing neighbors (7000 / 64798)...
computing neighbors (8000 / 64798)...
computing neighbors (9000 / 64798)...
computing neighbors (10000 / 64798)...
computing neighbors (11000 / 64798)...
computing neighbors (12000 / 64798)...
computing neighbors (13000 / 64798)...
computing neighbors (14000 / 64798)...
computing neighbors (15000 / 64798)...
computing neighbors (16000 / 64798)...
computing neighbors (17000 / 64798)...
computing neighbors (18000 / 64798)...
computing neighbors (19000 / 64798)...
computing neighbors (20000 / 64798)...
computing neighbors (21000 / 64798)...
computing neighbors (22000 / 64798)...
computing neighbors (23000 / 64798)...
computing neighbors (24000 / 64798)...
computing neighbors (25000 / 64798)...
computing neighbors (26000 / 64798)...
computing neighbors (27000 / 64798)...
computing neighbors (28000 / 64798)...
computing neighbors (29000 / 64798)...
computing neighbors (30000 / 64798)...
computing neighbors (31000 / 64798)...
computing neighbors (32000 / 64798)...
computing neighbors (33000 / 64798)...
computing neighbors (34000 / 64798)...
computing neighbors (35000 / 64798)...
computing neighbors (36000 / 64798)...
computing neighbors (37000 / 64798)...
computing neighbors (38000 / 64798)...
computing neighbors (39000 / 64798)...
computing neighbors (40000 / 64798)...
computing neighbors (41000 / 64798)...
computing neighbors (42000 / 64798)...
computing neighbors (43000 / 64798)...
computing neighbors (44000 / 64798)...
computing neighbors (45000 / 64798)...
computing neighbors (46000 / 64798)...
computing neighbors (47000 / 64798)...
computing neighbors (48000 / 64798)...
computing neighbors (49000 / 64798)...
computing neighbors (50000 / 64798)...
computing neighbors (51000 / 64798)...
computing neighbors (52000 / 64798)...
computing neighbors (53000 / 64798)...
computing neighbors (54000 / 64798)...
computing neighbors (55000 / 64798)...
computing neighbors (56000 / 64798)...
computing neighbors (57000 / 64798)...
computing neighbors (58000 / 64798)...
computing neighbors (59000 / 64798)...
computing neighbors (60000 / 64798)...
computing neighbors (61000 / 64798)...
computing neighbors (62000 / 64798)...
computing neighbors (63000 / 64798)...
computing neighbors (64000 / 64798)...
colored 1000 / 64798...
colored 2000 / 64798...
colored 3000 / 64798...
colored 4000 / 64798...
colored 5000 / 64798...
colored 6000 / 64798...
colored 7000 / 64798...
colored 8000 / 64798...
colored 9000 / 64798...
colored 10000 / 64798...
colored 11000 / 64798...
colored 12000 / 64798...
colored 13000 / 64798...
colored 14000 / 64798...
colored 15000 / 64798...
colored 16000 / 64798...
colored 17000 / 64798...
colored 18000 / 64798...
colored 19000 / 64798...
colored 20000 / 64798...
colored 21000 / 64798...
colored 22000 / 64798...
colored 23000 / 64798...
colored 24000 / 64798...
colored 25000 / 64798...
colored 26000 / 64798...
colored 27000 / 64798...
colored 28000 / 64798...
colored 29000 / 64798...
colored 30000 / 64798...
colored 31000 / 64798...
colored 32000 / 64798...
colored 33000 / 64798...
colored 34000 / 64798...
colored 35000 / 64798...
colored 36000 / 64798...
colored 37000 / 64798...
colored 38000 / 64798...
colored 39000 / 64798...
colored 40000 / 64798...
colored 41000 / 64798...
colored 42000 / 64798...
colored 43000 / 64798...
colored 44000 / 64798...
colored 45000 / 64798...
colored 46000 / 64798...
colored 47000 / 64798...
colored 48000 / 64798...
colored 49000 / 64798...
colored 50000 / 64798...
colored 51000 / 64798...
colored 52000 / 64798...
colored 53000 / 64798...
colored 54000 / 64798...
colored 55000 / 64798...
colored 56000 / 64798...
colored 57000 / 64798...
colored 58000 / 64798...
colored 59000 / 64798...
colored 60000 / 64798...
colored 61000 / 64798...
colored 62000 / 64798...
colored 63000 / 64798...
colored 64000 / 64798...
greedy found 488 colors in 216.903 seconds
 time (s)      nb nodes       objective      
---------------------------------------------
  33.177                      488            
  33.693       69.0           487            
  33.844       192.0          486            
  34.156       529.0          485            
  35.707       2.8 k          484            
  36.514       4.5 k          483            
  37.561       7.9 k          482            
  40.452       16.1 k         481            
  46.533       27.8 k         480            
  57.164       48.9 k         479            
  61.558       63.2 k         478            
  64.618       88.1 k         477            
  70.223       128.6 k        476            
  74.780       165.2 k        475            
  79.590       190.6 k        474            
  84.194       217.8 k        473            
  88.683       253.6 k        472            
  93.486       285.0 k        471            
  101.928      340.8 k        470            
  107.955      385.7 k        469            
  111.990      406.6 k        468            
  117.411      449.0 k        467            
  131.037      483.1 k        466            
  137.491      526.5 k        465            
  143.608      557.8 k        464            
  153.999      604.4 k        463            
  166.005      650.3 k        462            
  185.431      708.4 k        461            
  190.764      743.9 k        460            
  200.939      800.1 k        459            
  214.583      860.5 k        458            
  223.373      899.3 k        457            
  233.113      930.5 k        456            
  244.539      970.8 k        455            
  261.056      1.0 M          454            
  273.017      1.1 M          453            
  309.462      1.1 M          452            
  325.764      1.2 M          451            
  336.000      1.3 M          450            
  355.285      1.3 M          449            
  377.588      1.4 M          448            
  388.509      1.4 M          447            
  414.659      1.5 M          446            
  452.553      1.6 M          445            
  461.882      1.6 M          444            
  513.510      1.7 M          443            
  550.897      1.8 M          442            
  579.093      1.9 M          441            
  627.008      2.0 M          440            
  650.092      2.0 M          439            
  677.887      2.1 M          438            
  696.980      2.2 M          437            
  744.114      2.3 M          436            
  793.367      2.4 M          435            
  812.549      2.4 M          434            
  858.201      2.5 M          433            
  921.718      2.7 M          432            
  987.727      2.8 M          431            
  1138.397     3.0 M          430            
  1230.507     3.1 M          429            
  1345.158     3.3 M          428            
  1402.268     3.4 M          427            
  1446.210     3.5 M          426            
  1488.405     3.6 M          425            
  1902.884     4.1 M          424            
  2039.132     4.3 M          423            
  2313.562     4.6 M          422            
  2409.797     4.8 M          421            
  2773.143     5.1 M          420            
  3055.382     5.5 M          419            
  3449.367     5.9 M          418            
  5850.683     8.1 M          417            
  6234.259     8.5 M          416            
  7445.862     9.5 M          415            
  27263.352    22.7 M         414            
  27718.521    23.0 M         413            
  27997.705    23.2 M         412            
  41525.289    31.1 M         411            
  42036.223    31.4 M         410            
  42562.051    31.7 M         409            
  43168.469    32.1 M         408            

             nb generated         47.9 M
              nb expanded         20.9 M
               nb trashed           0.0 
     avg branching factor           2.3 
                  nb eval         162.0 
                 nb guide         47.9 M
        time searched (s)      71966.820
      generated nodes / s         666.0 
        solutions created           0.0 
