printing solutions in: ./dogs-color/insts/cgshop22/reecn61436.instance.json.solution.json
printing perfs in: ./dogs-color/insts/cgshop22/reecn61436.instance.json.perf.json

CGSHOP Instance: compute neighbors...
computing neighbors (0 / 61436)...
computing neighbors (1000 / 61436)...
computing neighbors (2000 / 61436)...
computing neighbors (3000 / 61436)...
computing neighbors (4000 / 61436)...
computing neighbors (5000 / 61436)...
computing neighbors (6000 / 61436)...
computing neighbors (7000 / 61436)...
computing neighbors (8000 / 61436)...
computing neighbors (9000 / 61436)...
computing neighbors (10000 / 61436)...
computing neighbors (11000 / 61436)...
computing neighbors (12000 / 61436)...
computing neighbors (13000 / 61436)...
computing neighbors (14000 / 61436)...
computing neighbors (15000 / 61436)...
computing neighbors (16000 / 61436)...
computing neighbors (17000 / 61436)...
computing neighbors (18000 / 61436)...
computing neighbors (19000 / 61436)...
computing neighbors (20000 / 61436)...
computing neighbors (21000 / 61436)...
computing neighbors (22000 / 61436)...
computing neighbors (23000 / 61436)...
computing neighbors (24000 / 61436)...
computing neighbors (25000 / 61436)...
computing neighbors (26000 / 61436)...
computing neighbors (27000 / 61436)...
computing neighbors (28000 / 61436)...
computing neighbors (29000 / 61436)...
computing neighbors (30000 / 61436)...
computing neighbors (31000 / 61436)...
computing neighbors (32000 / 61436)...
computing neighbors (33000 / 61436)...
computing neighbors (34000 / 61436)...
computing neighbors (35000 / 61436)...
computing neighbors (36000 / 61436)...
computing neighbors (37000 / 61436)...
computing neighbors (38000 / 61436)...
computing neighbors (39000 / 61436)...
computing neighbors (40000 / 61436)...
computing neighbors (41000 / 61436)...
computing neighbors (42000 / 61436)...
computing neighbors (43000 / 61436)...
computing neighbors (44000 / 61436)...
computing neighbors (45000 / 61436)...
computing neighbors (46000 / 61436)...
computing neighbors (47000 / 61436)...
computing neighbors (48000 / 61436)...
computing neighbors (49000 / 61436)...
computing neighbors (50000 / 61436)...
computing neighbors (51000 / 61436)...
computing neighbors (52000 / 61436)...
computing neighbors (53000 / 61436)...
computing neighbors (54000 / 61436)...
computing neighbors (55000 / 61436)...
computing neighbors (56000 / 61436)...
computing neighbors (57000 / 61436)...
computing neighbors (58000 / 61436)...
computing neighbors (59000 / 61436)...
computing neighbors (60000 / 61436)...
computing neighbors (61000 / 61436)...
86372      vertices
61436      segments
388        dominations
=======================
CGSHOP Instance: compute neighbors...
computing neighbors (0 / 61436)...
computing neighbors (1000 / 61436)...
computing neighbors (2000 / 61436)...
computing neighbors (3000 / 61436)...
computing neighbors (4000 / 61436)...
computing neighbors (5000 / 61436)...
computing neighbors (6000 / 61436)...
computing neighbors (7000 / 61436)...
computing neighbors (8000 / 61436)...
computing neighbors (9000 / 61436)...
computing neighbors (10000 / 61436)...
computing neighbors (11000 / 61436)...
computing neighbors (12000 / 61436)...
computing neighbors (13000 / 61436)...
computing neighbors (14000 / 61436)...
computing neighbors (15000 / 61436)...
computing neighbors (16000 / 61436)...
computing neighbors (17000 / 61436)...
computing neighbors (18000 / 61436)...
computing neighbors (19000 / 61436)...
computing neighbors (20000 / 61436)...
computing neighbors (21000 / 61436)...
computing neighbors (22000 / 61436)...
computing neighbors (23000 / 61436)...
computing neighbors (24000 / 61436)...
computing neighbors (25000 / 61436)...
computing neighbors (26000 / 61436)...
computing neighbors (27000 / 61436)...
computing neighbors (28000 / 61436)...
computing neighbors (29000 / 61436)...
computing neighbors (30000 / 61436)...
computing neighbors (31000 / 61436)...
computing neighbors (32000 / 61436)...
computing neighbors (33000 / 61436)...
computing neighbors (34000 / 61436)...
computing neighbors (35000 / 61436)...
computing neighbors (36000 / 61436)...
computing neighbors (37000 / 61436)...
computing neighbors (38000 / 61436)...
computing neighbors (39000 / 61436)...
computing neighbors (40000 / 61436)...
computing neighbors (41000 / 61436)...
computing neighbors (42000 / 61436)...
computing neighbors (43000 / 61436)...
computing neighbors (44000 / 61436)...
computing neighbors (45000 / 61436)...
computing neighbors (46000 / 61436)...
computing neighbors (47000 / 61436)...
computing neighbors (48000 / 61436)...
computing neighbors (49000 / 61436)...
computing neighbors (50000 / 61436)...
computing neighbors (51000 / 61436)...
computing neighbors (52000 / 61436)...
computing neighbors (53000 / 61436)...
computing neighbors (54000 / 61436)...
computing neighbors (55000 / 61436)...
computing neighbors (56000 / 61436)...
computing neighbors (57000 / 61436)...
computing neighbors (58000 / 61436)...
computing neighbors (59000 / 61436)...
computing neighbors (60000 / 61436)...
computing neighbors (61000 / 61436)...
colored 1000 / 61436...
colored 2000 / 61436...
colored 3000 / 61436...
colored 4000 / 61436...
colored 5000 / 61436...
colored 6000 / 61436...
colored 7000 / 61436...
colored 8000 / 61436...
colored 9000 / 61436...
colored 10000 / 61436...
colored 11000 / 61436...
colored 12000 / 61436...
colored 13000 / 61436...
colored 14000 / 61436...
colored 15000 / 61436...
colored 16000 / 61436...
colored 17000 / 61436...
colored 18000 / 61436...
colored 19000 / 61436...
colored 20000 / 61436...
colored 21000 / 61436...
colored 22000 / 61436...
colored 23000 / 61436...
colored 24000 / 61436...
colored 25000 / 61436...
colored 26000 / 61436...
colored 27000 / 61436...
colored 28000 / 61436...
colored 29000 / 61436...
colored 30000 / 61436...
colored 31000 / 61436...
colored 32000 / 61436...
colored 33000 / 61436...
colored 34000 / 61436...
colored 35000 / 61436...
colored 36000 / 61436...
colored 37000 / 61436...
colored 38000 / 61436...
colored 39000 / 61436...
colored 40000 / 61436...
colored 41000 / 61436...
colored 42000 / 61436...
colored 43000 / 61436...
colored 44000 / 61436...
colored 45000 / 61436...
colored 46000 / 61436...
colored 47000 / 61436...
colored 48000 / 61436...
colored 49000 / 61436...
colored 50000 / 61436...
colored 51000 / 61436...
colored 52000 / 61436...
colored 53000 / 61436...
colored 54000 / 61436...
colored 55000 / 61436...
colored 56000 / 61436...
colored 57000 / 61436...
colored 58000 / 61436...
colored 59000 / 61436...
colored 60000 / 61436...
colored 61000 / 61436...
greedy found 273 colors in 124.301 seconds
 time (s)      nb nodes       objective      
---------------------------------------------
  20.162                      273            
  20.307       192.0          272            
  21.526       1.9 k          271            
  24.625       8.1 k          270            
  28.172       16.9 k         269            
  38.333       37.5 k         268            
  56.740       79.8 k         267            
  68.771       159.4 k        266            
  83.626       221.8 k        265            
  99.872       301.3 k        264            
  116.540      384.4 k        263            
  178.444      506.6 k        262            
  202.273      593.2 k        261            
  252.720      720.4 k        260            
  284.486      816.6 k        259            
  506.853      1.1 M          258            
  582.233      1.2 M          257            
  856.673      1.6 M          256            
  1510.791     2.3 M          255            
  2345.396     3.1 M          254            
  26206.812    22.1 M         253            

             nb generated         53.9 M
              nb expanded         34.1 M
               nb trashed           0.0 
     avg branching factor           1.6 
                  nb eval          42.0 
                 nb guide         53.9 M
        time searched (s)      71979.836
      generated nodes / s         749.1 
        solutions created           0.0 
