printing solutions in: ./dogs-color/insts/cgshop22/rsqrp4641.instance.json.solution.json
printing perfs in: ./dogs-color/insts/cgshop22/rsqrp4641.instance.json.perf.json

CGSHOP Instance: compute neighbors...
computing neighbors (0 / 4641)...
computing neighbors (1000 / 4641)...
computing neighbors (2000 / 4641)...
computing neighbors (3000 / 4641)...
computing neighbors (4000 / 4641)...
213        vertices
4641       segments
791        dominations
=======================
CGSHOP Instance: compute neighbors...
computing neighbors (0 / 4641)...
computing neighbors (1000 / 4641)...
computing neighbors (2000 / 4641)...
computing neighbors (3000 / 4641)...
computing neighbors (4000 / 4641)...
colored 1000 / 4641...
colored 2000 / 4641...
colored 3000 / 4641...
colored 4000 / 4641...
greedy found 77 colors in 0.517 seconds
 time (s)      nb nodes       objective      
---------------------------------------------
  0.202                       77             
  0.209        118.0          76             
  0.708        10.3 k         75             
  2.133        36.8 k         74             
  9.687        151.3 k        73             
  17.996       264.2 k        72             

             nb generated        383.9 M
              nb expanded        355.6 M
               nb trashed           0.0 
     avg branching factor           1.1 
                  nb eval          12.0 
                 nb guide        383.9 M
        time searched (s)      71999.797
      generated nodes / s          5.3 k
        solutions created           0.0 
invalid solution (reason: ConflictingEdge(139, 331))
