printing solutions in: ./dogs-color/insts/cgshop22/rvisp20601.instance.json.solution.json
printing perfs in: ./dogs-color/insts/cgshop22/rvisp20601.instance.json.perf.json

CGSHOP Instance: compute neighbors...
computing neighbors (0 / 20601)...
computing neighbors (1000 / 20601)...
computing neighbors (2000 / 20601)...
computing neighbors (3000 / 20601)...
computing neighbors (4000 / 20601)...
computing neighbors (5000 / 20601)...
computing neighbors (6000 / 20601)...
computing neighbors (7000 / 20601)...
computing neighbors (8000 / 20601)...
computing neighbors (9000 / 20601)...
computing neighbors (10000 / 20601)...
computing neighbors (11000 / 20601)...
computing neighbors (12000 / 20601)...
computing neighbors (13000 / 20601)...
computing neighbors (14000 / 20601)...
computing neighbors (15000 / 20601)...
computing neighbors (16000 / 20601)...
computing neighbors (17000 / 20601)...
computing neighbors (18000 / 20601)...
computing neighbors (19000 / 20601)...
computing neighbors (20000 / 20601)...
430        vertices
20601      segments
9644       dominations
=======================
CGSHOP Instance: compute neighbors...
computing neighbors (0 / 20601)...
computing neighbors (1000 / 20601)...
computing neighbors (2000 / 20601)...
computing neighbors (3000 / 20601)...
computing neighbors (4000 / 20601)...
computing neighbors (5000 / 20601)...
computing neighbors (6000 / 20601)...
computing neighbors (7000 / 20601)...
computing neighbors (8000 / 20601)...
computing neighbors (9000 / 20601)...
computing neighbors (10000 / 20601)...
computing neighbors (11000 / 20601)...
computing neighbors (12000 / 20601)...
computing neighbors (13000 / 20601)...
computing neighbors (14000 / 20601)...
computing neighbors (15000 / 20601)...
computing neighbors (16000 / 20601)...
computing neighbors (17000 / 20601)...
computing neighbors (18000 / 20601)...
computing neighbors (19000 / 20601)...
computing neighbors (20000 / 20601)...
colored 1000 / 20601...
colored 2000 / 20601...
colored 3000 / 20601...
colored 4000 / 20601...
colored 5000 / 20601...
colored 6000 / 20601...
colored 7000 / 20601...
colored 8000 / 20601...
colored 9000 / 20601...
colored 10000 / 20601...
colored 11000 / 20601...
colored 12000 / 20601...
colored 13000 / 20601...
colored 14000 / 20601...
colored 15000 / 20601...
colored 16000 / 20601...
colored 17000 / 20601...
colored 18000 / 20601...
colored 19000 / 20601...
colored 20000 / 20601...
greedy found 98 colors in 6.130 seconds
 time (s)      nb nodes       objective      
---------------------------------------------
  2.015                       98             
  2.151        849.0          97             
  2.574        3.7 k          96             
  3.125        7.3 k          95             
  3.482        9.6 k          94             
  3.912        12.2 k         93             
  3.946        12.5 k         92             
  28.867       230.8 k        91             
  37.154       272.0 k        90             
  51.065       352.8 k        89             
  68.056       473.9 k        88             
  74.819       512.1 k        87             
  120.922      873.3 k        86             
  490.735      2.6 M          85             
  553.307      2.9 M          84             
  612.005      3.2 M          83             
  809.494      4.2 M          82             

             nb generated          1.7 B
              nb expanded        203.9 M
               nb trashed           0.0 
     avg branching factor           8.4 
                  nb eval          34.0 
                 nb guide          1.7 B
        time searched (s)      71997.984
      generated nodes / s         23.7 k
        solutions created           0.0 
invalid solution (reason: ConflictingEdge(7224, 7304))
