printing solutions in: ./dogs-color/insts/cgshop22/rvispecn13421.instance.json.solution.json
printing perfs in: ./dogs-color/insts/cgshop22/rvispecn13421.instance.json.perf.json

CGSHOP Instance: compute neighbors...
computing neighbors (0 / 13421)...
computing neighbors (1000 / 13421)...
computing neighbors (2000 / 13421)...
computing neighbors (3000 / 13421)...
computing neighbors (4000 / 13421)...
computing neighbors (5000 / 13421)...
computing neighbors (6000 / 13421)...
computing neighbors (7000 / 13421)...
computing neighbors (8000 / 13421)...
computing neighbors (9000 / 13421)...
computing neighbors (10000 / 13421)...
computing neighbors (11000 / 13421)...
computing neighbors (12000 / 13421)...
computing neighbors (13000 / 13421)...
20102      vertices
13421      segments
146        dominations
=======================
CGSHOP Instance: compute neighbors...
computing neighbors (0 / 13421)...
computing neighbors (1000 / 13421)...
computing neighbors (2000 / 13421)...
computing neighbors (3000 / 13421)...
computing neighbors (4000 / 13421)...
computing neighbors (5000 / 13421)...
computing neighbors (6000 / 13421)...
computing neighbors (7000 / 13421)...
computing neighbors (8000 / 13421)...
computing neighbors (9000 / 13421)...
computing neighbors (10000 / 13421)...
computing neighbors (11000 / 13421)...
computing neighbors (12000 / 13421)...
computing neighbors (13000 / 13421)...
colored 1000 / 13421...
colored 2000 / 13421...
colored 3000 / 13421...
colored 4000 / 13421...
colored 5000 / 13421...
colored 6000 / 13421...
colored 7000 / 13421...
colored 8000 / 13421...
colored 9000 / 13421...
colored 10000 / 13421...
colored 11000 / 13421...
colored 12000 / 13421...
colored 13000 / 13421...
greedy found 227 colors in 2.282 seconds
 time (s)      nb nodes       objective      
---------------------------------------------
  0.789                       227            
  0.812        2.0            226            
  0.836        25.0           225            
  0.840        57.0           224            
  0.848        60.0           223            
  0.868        1.6 k          222            
  0.876        2.0 k          221            
  0.886        2.3 k          220            
  0.903        3.5 k          219            
  0.922        4.7 k          218            
  0.930        5.0 k          217            
  0.939        5.1 k          216            
  0.950        5.6 k          215            
  0.961        6.5 k          214            
  0.990        8.1 k          213            
  1.034        10.8 k         212            
  1.088        13.7 k         211            
  1.126        16.0 k         210            
  1.167        18.2 k         209            
  1.222        21.4 k         208            
  1.482        35.3 k         207            
  1.580        40.7 k         206            
  1.651        45.0 k         205            
  1.884        56.6 k         204            
  1.978        61.7 k         203            
  2.096        68.6 k         202            
  2.234        75.3 k         201            
  2.348        82.7 k         200            
  2.423        89.1 k         199            
  2.599        99.7 k         198            
  2.668        103.6 k        197            
  2.761        108.3 k        196            
  2.983        118.9 k        195            
  3.067        123.3 k        194            
  3.349        136.7 k        193            
  3.515        145.8 k        192            
  4.005        167.0 k        191            
  4.748        204.7 k        190            
  4.990        213.7 k        189            
  5.254        225.9 k        188            
  5.779        248.5 k        187            
  6.123        262.7 k        186            
  6.435        277.2 k        185            
  7.111        306.2 k        184            
  7.487        328.0 k        183            
  7.987        352.0 k        182            
  8.323        368.3 k        181            
  9.778        435.2 k        180            
  10.693       476.6 k        179            
  11.718       523.3 k        178            
  12.577       557.3 k        177            
  13.775       602.0 k        176            
  14.993       660.3 k        175            
  16.593       726.8 k        174            
  18.886       813.2 k        173            
  20.059       861.9 k        172            
  23.244       971.7 k        171            
  28.906       1.2 M          170            
  30.017       1.2 M          169            
  32.378       1.3 M          168            
  38.433       1.5 M          167            
  55.186       2.0 M          166            
  65.919       2.4 M          165            
  75.357       2.7 M          164            
  116.942      3.8 M          163            
  260.261      6.4 M          162            
  279.600      6.9 M          161            
  1322.146     19.5 M         160            
  2822.846     34.0 M         159            
  55489.527    449.9 M        158            

             nb generated        577.7 M
              nb expanded        386.3 M
               nb trashed           0.0 
     avg branching factor           1.5 
                  nb eval         140.0 
                 nb guide        577.7 M
        time searched (s)      71999.211
      generated nodes / s          8.0 k
        solutions created           0.0 
