printing solutions in: ./dogs-color/insts/cgshop22/visp62685.instance.json.solution.json
printing perfs in: ./dogs-color/insts/cgshop22/visp62685.instance.json.perf.json

CGSHOP Instance: compute neighbors...
computing neighbors (0 / 62685)...
computing neighbors (1000 / 62685)...
computing neighbors (2000 / 62685)...
computing neighbors (3000 / 62685)...
computing neighbors (4000 / 62685)...
computing neighbors (5000 / 62685)...
computing neighbors (6000 / 62685)...
computing neighbors (7000 / 62685)...
computing neighbors (8000 / 62685)...
computing neighbors (9000 / 62685)...
computing neighbors (10000 / 62685)...
computing neighbors (11000 / 62685)...
computing neighbors (12000 / 62685)...
computing neighbors (13000 / 62685)...
computing neighbors (14000 / 62685)...
computing neighbors (15000 / 62685)...
computing neighbors (16000 / 62685)...
computing neighbors (17000 / 62685)...
computing neighbors (18000 / 62685)...
computing neighbors (19000 / 62685)...
computing neighbors (20000 / 62685)...
computing neighbors (21000 / 62685)...
computing neighbors (22000 / 62685)...
computing neighbors (23000 / 62685)...
computing neighbors (24000 / 62685)...
computing neighbors (25000 / 62685)...
computing neighbors (26000 / 62685)...
computing neighbors (27000 / 62685)...
computing neighbors (28000 / 62685)...
computing neighbors (29000 / 62685)...
computing neighbors (30000 / 62685)...
computing neighbors (31000 / 62685)...
computing neighbors (32000 / 62685)...
computing neighbors (33000 / 62685)...
computing neighbors (34000 / 62685)...
computing neighbors (35000 / 62685)...
computing neighbors (36000 / 62685)...
computing neighbors (37000 / 62685)...
computing neighbors (38000 / 62685)...
computing neighbors (39000 / 62685)...
computing neighbors (40000 / 62685)...
computing neighbors (41000 / 62685)...
computing neighbors (42000 / 62685)...
computing neighbors (43000 / 62685)...
computing neighbors (44000 / 62685)...
computing neighbors (45000 / 62685)...
computing neighbors (46000 / 62685)...
computing neighbors (47000 / 62685)...
computing neighbors (48000 / 62685)...
computing neighbors (49000 / 62685)...
computing neighbors (50000 / 62685)...
computing neighbors (51000 / 62685)...
computing neighbors (52000 / 62685)...
computing neighbors (53000 / 62685)...
computing neighbors (54000 / 62685)...
computing neighbors (55000 / 62685)...
computing neighbors (56000 / 62685)...
computing neighbors (57000 / 62685)...
computing neighbors (58000 / 62685)...
computing neighbors (59000 / 62685)...
computing neighbors (60000 / 62685)...
computing neighbors (61000 / 62685)...
computing neighbors (62000 / 62685)...
1270       vertices
62685      segments
29618      dominations
=======================
CGSHOP Instance: compute neighbors...
computing neighbors (0 / 62685)...
computing neighbors (1000 / 62685)...
computing neighbors (2000 / 62685)...
computing neighbors (3000 / 62685)...
computing neighbors (4000 / 62685)...
computing neighbors (5000 / 62685)...
computing neighbors (6000 / 62685)...
computing neighbors (7000 / 62685)...
computing neighbors (8000 / 62685)...
computing neighbors (9000 / 62685)...
computing neighbors (10000 / 62685)...
computing neighbors (11000 / 62685)...
computing neighbors (12000 / 62685)...
computing neighbors (13000 / 62685)...
computing neighbors (14000 / 62685)...
computing neighbors (15000 / 62685)...
computing neighbors (16000 / 62685)...
computing neighbors (17000 / 62685)...
computing neighbors (18000 / 62685)...
computing neighbors (19000 / 62685)...
computing neighbors (20000 / 62685)...
computing neighbors (21000 / 62685)...
computing neighbors (22000 / 62685)...
computing neighbors (23000 / 62685)...
computing neighbors (24000 / 62685)...
computing neighbors (25000 / 62685)...
computing neighbors (26000 / 62685)...
computing neighbors (27000 / 62685)...
computing neighbors (28000 / 62685)...
computing neighbors (29000 / 62685)...
computing neighbors (30000 / 62685)...
computing neighbors (31000 / 62685)...
computing neighbors (32000 / 62685)...
computing neighbors (33000 / 62685)...
computing neighbors (34000 / 62685)...
computing neighbors (35000 / 62685)...
computing neighbors (36000 / 62685)...
computing neighbors (37000 / 62685)...
computing neighbors (38000 / 62685)...
computing neighbors (39000 / 62685)...
computing neighbors (40000 / 62685)...
computing neighbors (41000 / 62685)...
computing neighbors (42000 / 62685)...
computing neighbors (43000 / 62685)...
computing neighbors (44000 / 62685)...
computing neighbors (45000 / 62685)...
computing neighbors (46000 / 62685)...
computing neighbors (47000 / 62685)...
computing neighbors (48000 / 62685)...
computing neighbors (49000 / 62685)...
computing neighbors (50000 / 62685)...
computing neighbors (51000 / 62685)...
computing neighbors (52000 / 62685)...
computing neighbors (53000 / 62685)...
computing neighbors (54000 / 62685)...
computing neighbors (55000 / 62685)...
computing neighbors (56000 / 62685)...
computing neighbors (57000 / 62685)...
computing neighbors (58000 / 62685)...
computing neighbors (59000 / 62685)...
computing neighbors (60000 / 62685)...
computing neighbors (61000 / 62685)...
computing neighbors (62000 / 62685)...
colored 1000 / 62685...
colored 2000 / 62685...
colored 3000 / 62685...
colored 4000 / 62685...
colored 5000 / 62685...
colored 6000 / 62685...
colored 7000 / 62685...
colored 8000 / 62685...
colored 9000 / 62685...
colored 10000 / 62685...
colored 11000 / 62685...
colored 12000 / 62685...
colored 13000 / 62685...
colored 14000 / 62685...
colored 15000 / 62685...
colored 16000 / 62685...
colored 17000 / 62685...
colored 18000 / 62685...
colored 19000 / 62685...
colored 20000 / 62685...
colored 21000 / 62685...
colored 22000 / 62685...
colored 23000 / 62685...
colored 24000 / 62685...
colored 25000 / 62685...
colored 26000 / 62685...
colored 27000 / 62685...
colored 28000 / 62685...
colored 29000 / 62685...
colored 30000 / 62685...
colored 31000 / 62685...
colored 32000 / 62685...
colored 33000 / 62685...
colored 34000 / 62685...
colored 35000 / 62685...
colored 36000 / 62685...
colored 37000 / 62685...
colored 38000 / 62685...
colored 39000 / 62685...
colored 40000 / 62685...
colored 41000 / 62685...
colored 42000 / 62685...
colored 43000 / 62685...
colored 44000 / 62685...
colored 45000 / 62685...
colored 46000 / 62685...
colored 47000 / 62685...
colored 48000 / 62685...
colored 49000 / 62685...
colored 50000 / 62685...
colored 51000 / 62685...
colored 52000 / 62685...
colored 53000 / 62685...
colored 54000 / 62685...
colored 55000 / 62685...
colored 56000 / 62685...
colored 57000 / 62685...
colored 58000 / 62685...
colored 59000 / 62685...
colored 60000 / 62685...
colored 61000 / 62685...
colored 62000 / 62685...
greedy found 148 colors in 40.606 seconds
 time (s)      nb nodes       objective      
---------------------------------------------
  12.547                      148            
  12.624       11.0           147            
  12.642       65.0           146            
  12.726       320.0          145            
  12.833       530.0          144            
  12.899       827.0          143            
  13.214       1.9 k          142            
  14.018       4.0 k          141            
  14.653       6.1 k          140            
  16.471       11.6 k         139            
  20.052       22.4 k         138            
  22.214       28.4 k         137            
  28.566       47.1 k         136            
  36.599       71.5 k         135            
  49.300       105.6 k        134            
  63.527       140.6 k        133            
  94.810       318.8 k        132            
  102.903      340.1 k        131            
  140.714      437.2 k        130            
  185.131      587.2 k        129            
  257.160      774.9 k        128            
  284.693      869.9 k        127            
  385.748      1.1 M          126            
  558.079      1.8 M          125            
  1154.955     3.4 M          124            
  1429.031     4.0 M          123            
  2854.229     7.5 M          122            
  6054.812     14.1 M         121            
  7966.414     18.6 M         120            
  8902.882     20.9 M         119            

             nb generated        156.1 M
              nb expanded        105.5 M
               nb trashed           0.0 
     avg branching factor           1.5 
                  nb eval          60.0 
                 nb guide        156.1 M
        time searched (s)      71987.453
      generated nodes / s          2.2 k
        solutions created           0.0 
