printing solutions in: ./dogs-color/insts/cgshop22/reecn53304.instance.json.solution.json
printing perfs in: ./dogs-color/insts/cgshop22/reecn53304.instance.json.perf.json

CGSHOP Instance: compute neighbors...
computing neighbors (0 / 53304)...
computing neighbors (1000 / 53304)...
computing neighbors (2000 / 53304)...
computing neighbors (3000 / 53304)...
computing neighbors (4000 / 53304)...
computing neighbors (5000 / 53304)...
computing neighbors (6000 / 53304)...
computing neighbors (7000 / 53304)...
computing neighbors (8000 / 53304)...
computing neighbors (9000 / 53304)...
computing neighbors (10000 / 53304)...
computing neighbors (11000 / 53304)...
computing neighbors (12000 / 53304)...
computing neighbors (13000 / 53304)...
computing neighbors (14000 / 53304)...
computing neighbors (15000 / 53304)...
computing neighbors (16000 / 53304)...
computing neighbors (17000 / 53304)...
computing neighbors (18000 / 53304)...
computing neighbors (19000 / 53304)...
computing neighbors (20000 / 53304)...
computing neighbors (21000 / 53304)...
computing neighbors (22000 / 53304)...
computing neighbors (23000 / 53304)...
computing neighbors (24000 / 53304)...
computing neighbors (25000 / 53304)...
computing neighbors (26000 / 53304)...
computing neighbors (27000 / 53304)...
computing neighbors (28000 / 53304)...
computing neighbors (29000 / 53304)...
computing neighbors (30000 / 53304)...
computing neighbors (31000 / 53304)...
computing neighbors (32000 / 53304)...
computing neighbors (33000 / 53304)...
computing neighbors (34000 / 53304)...
computing neighbors (35000 / 53304)...
computing neighbors (36000 / 53304)...
computing neighbors (37000 / 53304)...
computing neighbors (38000 / 53304)...
computing neighbors (39000 / 53304)...
computing neighbors (40000 / 53304)...
computing neighbors (41000 / 53304)...
computing neighbors (42000 / 53304)...
computing neighbors (43000 / 53304)...
computing neighbors (44000 / 53304)...
computing neighbors (45000 / 53304)...
computing neighbors (46000 / 53304)...
computing neighbors (47000 / 53304)...
computing neighbors (48000 / 53304)...
computing neighbors (49000 / 53304)...
computing neighbors (50000 / 53304)...
computing neighbors (51000 / 53304)...
computing neighbors (52000 / 53304)...
computing neighbors (53000 / 53304)...
74400      vertices
53304      segments
323        dominations
=======================
CGSHOP Instance: compute neighbors...
computing neighbors (0 / 53304)...
computing neighbors (1000 / 53304)...
computing neighbors (2000 / 53304)...
computing neighbors (3000 / 53304)...
computing neighbors (4000 / 53304)...
computing neighbors (5000 / 53304)...
computing neighbors (6000 / 53304)...
computing neighbors (7000 / 53304)...
computing neighbors (8000 / 53304)...
computing neighbors (9000 / 53304)...
computing neighbors (10000 / 53304)...
computing neighbors (11000 / 53304)...
computing neighbors (12000 / 53304)...
computing neighbors (13000 / 53304)...
computing neighbors (14000 / 53304)...
computing neighbors (15000 / 53304)...
computing neighbors (16000 / 53304)...
computing neighbors (17000 / 53304)...
computing neighbors (18000 / 53304)...
computing neighbors (19000 / 53304)...
computing neighbors (20000 / 53304)...
computing neighbors (21000 / 53304)...
computing neighbors (22000 / 53304)...
computing neighbors (23000 / 53304)...
computing neighbors (24000 / 53304)...
computing neighbors (25000 / 53304)...
computing neighbors (26000 / 53304)...
computing neighbors (27000 / 53304)...
computing neighbors (28000 / 53304)...
computing neighbors (29000 / 53304)...
computing neighbors (30000 / 53304)...
computing neighbors (31000 / 53304)...
computing neighbors (32000 / 53304)...
computing neighbors (33000 / 53304)...
computing neighbors (34000 / 53304)...
computing neighbors (35000 / 53304)...
computing neighbors (36000 / 53304)...
computing neighbors (37000 / 53304)...
computing neighbors (38000 / 53304)...
computing neighbors (39000 / 53304)...
computing neighbors (40000 / 53304)...
computing neighbors (41000 / 53304)...
computing neighbors (42000 / 53304)...
computing neighbors (43000 / 53304)...
computing neighbors (44000 / 53304)...
computing neighbors (45000 / 53304)...
computing neighbors (46000 / 53304)...
computing neighbors (47000 / 53304)...
computing neighbors (48000 / 53304)...
computing neighbors (49000 / 53304)...
computing neighbors (50000 / 53304)...
computing neighbors (51000 / 53304)...
computing neighbors (52000 / 53304)...
computing neighbors (53000 / 53304)...
colored 1000 / 53304...
colored 2000 / 53304...
colored 3000 / 53304...
colored 4000 / 53304...
colored 5000 / 53304...
colored 6000 / 53304...
colored 7000 / 53304...
colored 8000 / 53304...
colored 9000 / 53304...
colored 10000 / 53304...
colored 11000 / 53304...
colored 12000 / 53304...
colored 13000 / 53304...
colored 14000 / 53304...
colored 15000 / 53304...
colored 16000 / 53304...
colored 17000 / 53304...
colored 18000 / 53304...
colored 19000 / 53304...
colored 20000 / 53304...
colored 21000 / 53304...
colored 22000 / 53304...
colored 23000 / 53304...
colored 24000 / 53304...
colored 25000 / 53304...
colored 26000 / 53304...
colored 27000 / 53304...
colored 28000 / 53304...
colored 29000 / 53304...
colored 30000 / 53304...
colored 31000 / 53304...
colored 32000 / 53304...
colored 33000 / 53304...
colored 34000 / 53304...
colored 35000 / 53304...
colored 36000 / 53304...
colored 37000 / 53304...
colored 38000 / 53304...
colored 39000 / 53304...
colored 40000 / 53304...
colored 41000 / 53304...
colored 42000 / 53304...
colored 43000 / 53304...
colored 44000 / 53304...
colored 45000 / 53304...
colored 46000 / 53304...
colored 47000 / 53304...
colored 48000 / 53304...
colored 49000 / 53304...
colored 50000 / 53304...
colored 51000 / 53304...
colored 52000 / 53304...
colored 53000 / 53304...
greedy found 300 colors in 112.031 seconds
 time (s)      nb nodes       objective      
---------------------------------------------
  20.022                      300            
  20.089       104.0          299            
  20.956       2.3 k          298            
  24.006       9.9 k          297            
  29.366       23.8 k         296            
  45.507       54.3 k         295            
  53.231       107.5 k        294            
  58.687       140.8 k        293            
  68.273       194.6 k        292            
  75.467       237.8 k        291            
  88.973       291.2 k        290            
  103.015      355.4 k        289            
  116.239      414.9 k        288            
  133.181      483.9 k        287            
  146.719      525.6 k        286            
  190.504      633.1 k        285            
  211.738      692.8 k        284            
  397.308      933.0 k        283            
  452.662      1.0 M          282            
  489.793      1.1 M          281            
  684.483      1.3 M          280            
  884.360      1.5 M          279            
  1850.042     2.5 M          278            
  7052.159     6.8 M          277            
  9537.050     8.7 M          276            

             nb generated         48.8 M
              nb expanded         31.1 M
               nb trashed           0.0 
     avg branching factor           1.6 
                  nb eval          50.0 
                 nb guide         48.8 M
        time searched (s)      71979.977
      generated nodes / s         677.7 
        solutions created           0.0 
