printing solutions in: ./dogs-color/insts/cgshop22/sqrp7730.instance.json.solution.json
printing perfs in: ./dogs-color/insts/cgshop22/sqrp7730.instance.json.perf.json

CGSHOP Instance: compute neighbors...
computing neighbors (0 / 7730)...
computing neighbors (1000 / 7730)...
computing neighbors (2000 / 7730)...
computing neighbors (3000 / 7730)...
computing neighbors (4000 / 7730)...
computing neighbors (5000 / 7730)...
computing neighbors (6000 / 7730)...
computing neighbors (7000 / 7730)...
306        vertices
7730       segments
1304       dominations
=======================
CGSHOP Instance: compute neighbors...
computing neighbors (0 / 7730)...
computing neighbors (1000 / 7730)...
computing neighbors (2000 / 7730)...
computing neighbors (3000 / 7730)...
computing neighbors (4000 / 7730)...
computing neighbors (5000 / 7730)...
computing neighbors (6000 / 7730)...
computing neighbors (7000 / 7730)...
colored 1000 / 7730...
colored 2000 / 7730...
colored 3000 / 7730...
colored 4000 / 7730...
colored 5000 / 7730...
colored 6000 / 7730...
colored 7000 / 7730...
greedy found 100 colors in 1.407 seconds
 time (s)      nb nodes       objective      
---------------------------------------------
  0.531                       100            
  0.632        1.1 k          99             
  1.584        10.6 k         98             
  2.717        22.1 k         97             
  3.414        29.1 k         96             
  6.124        62.9 k         95             
  182.576      1.4 M          94             

             nb generated        376.6 M
              nb expanded        321.2 M
               nb trashed           0.0 
     avg branching factor           1.2 
                  nb eval          14.0 
                 nb guide        376.6 M
        time searched (s)      71999.469
      generated nodes / s          5.2 k
        solutions created           0.0 
invalid solution (reason: ConflictingEdge(79, 3737))
