printing solutions in: ./dogs-color/insts/cgshop22/reecn6910.instance.json.solution.json
printing perfs in: ./dogs-color/insts/cgshop22/reecn6910.instance.json.perf.json

CGSHOP Instance: compute neighbors...
computing neighbors (0 / 6910)...
computing neighbors (1000 / 6910)...
computing neighbors (2000 / 6910)...
computing neighbors (3000 / 6910)...
computing neighbors (4000 / 6910)...
computing neighbors (5000 / 6910)...
computing neighbors (6000 / 6910)...
9750       vertices
6910       segments
110        dominations
=======================
CGSHOP Instance: compute neighbors...
computing neighbors (0 / 6910)...
computing neighbors (1000 / 6910)...
computing neighbors (2000 / 6910)...
computing neighbors (3000 / 6910)...
computing neighbors (4000 / 6910)...
computing neighbors (5000 / 6910)...
computing neighbors (6000 / 6910)...
colored 1000 / 6910...
colored 2000 / 6910...
colored 3000 / 6910...
colored 4000 / 6910...
colored 5000 / 6910...
colored 6000 / 6910...
greedy found 147 colors in 0.779 seconds
 time (s)      nb nodes       objective      
---------------------------------------------
  0.319                       147            
  0.323        3.0            146            
  0.328        398.0          145            
  0.344        1.0 k          144            
  0.364        2.0 k          143            
  0.415        5.4 k          142            
  0.477        12.6 k         141            
  0.503        15.0 k         140            
  0.534        19.3 k         139            
  0.602        26.8 k         138            
  0.644        30.5 k         137            
  0.756        38.2 k         136            
  0.819        42.0 k         135            
  0.910        51.3 k         134            
  1.016        61.5 k         133            
  1.191        74.9 k         132            
  1.319        85.7 k         131            
  1.718        109.6 k        130            
  2.204        136.2 k        129            
  2.522        155.8 k        128            
  3.090        183.0 k        127            
  3.680        219.0 k        126            
  4.001        238.3 k        125            
  10.630       506.9 k        124            
  17.087       764.0 k        123            
  96.269       2.6 M          122            
  149.055      3.6 M          121            
  619.785      10.9 M         120            
  2584.835     32.8 M         119            

             nb generated        622.4 M
              nb expanded        522.7 M
               nb trashed           0.0 
     avg branching factor           1.2 
                  nb eval          58.0 
                 nb guide        622.4 M
        time searched (s)      71999.680
      generated nodes / s          8.6 k
        solutions created           0.0 
invalid solution (reason: ConflictingEdge(22, 2906))
