printing solutions in: ./dogs-color/insts/cgshop22/sqrpecn45700.instance.json.solution.json
printing perfs in: ./dogs-color/insts/cgshop22/sqrpecn45700.instance.json.perf.json

CGSHOP Instance: compute neighbors...
computing neighbors (0 / 45700)...
computing neighbors (1000 / 45700)...
computing neighbors (2000 / 45700)...
computing neighbors (3000 / 45700)...
computing neighbors (4000 / 45700)...
computing neighbors (5000 / 45700)...
computing neighbors (6000 / 45700)...
computing neighbors (7000 / 45700)...
computing neighbors (8000 / 45700)...
computing neighbors (9000 / 45700)...
computing neighbors (10000 / 45700)...
computing neighbors (11000 / 45700)...
computing neighbors (12000 / 45700)...
computing neighbors (13000 / 45700)...
computing neighbors (14000 / 45700)...
computing neighbors (15000 / 45700)...
computing neighbors (16000 / 45700)...
computing neighbors (17000 / 45700)...
computing neighbors (18000 / 45700)...
computing neighbors (19000 / 45700)...
computing neighbors (20000 / 45700)...
computing neighbors (21000 / 45700)...
computing neighbors (22000 / 45700)...
computing neighbors (23000 / 45700)...
computing neighbors (24000 / 45700)...
computing neighbors (25000 / 45700)...
computing neighbors (26000 / 45700)...
computing neighbors (27000 / 45700)...
computing neighbors (28000 / 45700)...
computing neighbors (29000 / 45700)...
computing neighbors (30000 / 45700)...
computing neighbors (31000 / 45700)...
computing neighbors (32000 / 45700)...
computing neighbors (33000 / 45700)...
computing neighbors (34000 / 45700)...
computing neighbors (35000 / 45700)...
computing neighbors (36000 / 45700)...
computing neighbors (37000 / 45700)...
computing neighbors (38000 / 45700)...
computing neighbors (39000 / 45700)...
computing neighbors (40000 / 45700)...
computing neighbors (41000 / 45700)...
computing neighbors (42000 / 45700)...
computing neighbors (43000 / 45700)...
computing neighbors (44000 / 45700)...
computing neighbors (45000 / 45700)...
68298      vertices
45700      segments
456        dominations
=======================
CGSHOP Instance: compute neighbors...
computing neighbors (0 / 45700)...
computing neighbors (1000 / 45700)...
computing neighbors (2000 / 45700)...
computing neighbors (3000 / 45700)...
computing neighbors (4000 / 45700)...
computing neighbors (5000 / 45700)...
computing neighbors (6000 / 45700)...
computing neighbors (7000 / 45700)...
computing neighbors (8000 / 45700)...
computing neighbors (9000 / 45700)...
computing neighbors (10000 / 45700)...
computing neighbors (11000 / 45700)...
computing neighbors (12000 / 45700)...
computing neighbors (13000 / 45700)...
computing neighbors (14000 / 45700)...
computing neighbors (15000 / 45700)...
computing neighbors (16000 / 45700)...
computing neighbors (17000 / 45700)...
computing neighbors (18000 / 45700)...
computing neighbors (19000 / 45700)...
computing neighbors (20000 / 45700)...
computing neighbors (21000 / 45700)...
computing neighbors (22000 / 45700)...
computing neighbors (23000 / 45700)...
computing neighbors (24000 / 45700)...
computing neighbors (25000 / 45700)...
computing neighbors (26000 / 45700)...
computing neighbors (27000 / 45700)...
computing neighbors (28000 / 45700)...
computing neighbors (29000 / 45700)...
computing neighbors (30000 / 45700)...
computing neighbors (31000 / 45700)...
computing neighbors (32000 / 45700)...
computing neighbors (33000 / 45700)...
computing neighbors (34000 / 45700)...
computing neighbors (35000 / 45700)...
computing neighbors (36000 / 45700)...
computing neighbors (37000 / 45700)...
computing neighbors (38000 / 45700)...
computing neighbors (39000 / 45700)...
computing neighbors (40000 / 45700)...
computing neighbors (41000 / 45700)...
computing neighbors (42000 / 45700)...
computing neighbors (43000 / 45700)...
computing neighbors (44000 / 45700)...
computing neighbors (45000 / 45700)...
colored 1000 / 45700...
colored 2000 / 45700...
colored 3000 / 45700...
colored 4000 / 45700...
colored 5000 / 45700...
colored 6000 / 45700...
colored 7000 / 45700...
colored 8000 / 45700...
colored 9000 / 45700...
colored 10000 / 45700...
colored 11000 / 45700...
colored 12000 / 45700...
colored 13000 / 45700...
colored 14000 / 45700...
colored 15000 / 45700...
colored 16000 / 45700...
colored 17000 / 45700...
colored 18000 / 45700...
colored 19000 / 45700...
colored 20000 / 45700...
colored 21000 / 45700...
colored 22000 / 45700...
colored 23000 / 45700...
colored 24000 / 45700...
colored 25000 / 45700...
colored 26000 / 45700...
colored 27000 / 45700...
colored 28000 / 45700...
colored 29000 / 45700...
colored 30000 / 45700...
colored 31000 / 45700...
colored 32000 / 45700...
colored 33000 / 45700...
colored 34000 / 45700...
colored 35000 / 45700...
colored 36000 / 45700...
colored 37000 / 45700...
colored 38000 / 45700...
colored 39000 / 45700...
colored 40000 / 45700...
colored 41000 / 45700...
colored 42000 / 45700...
colored 43000 / 45700...
colored 44000 / 45700...
colored 45000 / 45700...
greedy found 513 colors in 116.577 seconds
 time (s)      nb nodes       objective      
---------------------------------------------
  19.258                      513            
  19.342       173.0          512            
  19.592       234.0          511            
  19.772       857.0          510            
  20.207       1.2 k          509            
  21.215       3.8 k          508            
  22.192       6.4 k          507            
  24.393       12.1 k         506            
  26.365       17.0 k         505            
  29.475       25.6 k         504            
  31.784       43.7 k         503            
  38.907       78.5 k         502            
  42.467       90.6 k         501            
  48.149       116.4 k        500            
  66.853       178.7 k        499            
  74.316       204.7 k        498            
  89.932       261.8 k        497            
  114.269      327.1 k        496            
  122.644      353.3 k        495            
  138.227      398.4 k        494            
  147.105      432.7 k        493            
  166.510      501.1 k        492            
  207.632      572.4 k        491            
  219.382      610.1 k        490            
  231.554      638.9 k        489            
  256.663      704.6 k        488            
  321.314      804.3 k        487            
  387.093      905.6 k        486            
  393.816      947.6 k        485            
  406.009      984.9 k        484            
  440.582      1.1 M          483            
  510.064      1.2 M          482            
  613.517      1.3 M          481            
  630.395      1.3 M          480            
  699.477      1.4 M          479            
  750.981      1.5 M          478            
  840.728      1.6 M          477            
  928.628      1.8 M          476            
  1224.407     2.1 M          475            
  1376.697     2.3 M          474            
  1629.761     2.6 M          473            
  2551.860     3.4 M          472            
  9865.994     8.8 M          471            
  10010.575    8.9 M          470            
  11751.653    10.1 M         469            

             nb generated         43.1 M
              nb expanded         26.1 M
               nb trashed           0.0 
     avg branching factor           1.6 
                  nb eval          90.0 
                 nb guide         43.1 M
        time searched (s)      71980.742
      generated nodes / s         598.8 
        solutions created           0.0 
