printing solutions in: ./dogs-color/insts/cgshop22/visp71536.instance.json.solution.json
printing perfs in: ./dogs-color/insts/cgshop22/visp71536.instance.json.perf.json

CGSHOP Instance: compute neighbors...
computing neighbors (0 / 71536)...
computing neighbors (1000 / 71536)...
computing neighbors (2000 / 71536)...
computing neighbors (3000 / 71536)...
computing neighbors (4000 / 71536)...
computing neighbors (5000 / 71536)...
computing neighbors (6000 / 71536)...
computing neighbors (7000 / 71536)...
computing neighbors (8000 / 71536)...
computing neighbors (9000 / 71536)...
computing neighbors (10000 / 71536)...
computing neighbors (11000 / 71536)...
computing neighbors (12000 / 71536)...
computing neighbors (13000 / 71536)...
computing neighbors (14000 / 71536)...
computing neighbors (15000 / 71536)...
computing neighbors (16000 / 71536)...
computing neighbors (17000 / 71536)...
computing neighbors (18000 / 71536)...
computing neighbors (19000 / 71536)...
computing neighbors (20000 / 71536)...
computing neighbors (21000 / 71536)...
computing neighbors (22000 / 71536)...
computing neighbors (23000 / 71536)...
computing neighbors (24000 / 71536)...
computing neighbors (25000 / 71536)...
computing neighbors (26000 / 71536)...
computing neighbors (27000 / 71536)...
computing neighbors (28000 / 71536)...
computing neighbors (29000 / 71536)...
computing neighbors (30000 / 71536)...
computing neighbors (31000 / 71536)...
computing neighbors (32000 / 71536)...
computing neighbors (33000 / 71536)...
computing neighbors (34000 / 71536)...
computing neighbors (35000 / 71536)...
computing neighbors (36000 / 71536)...
computing neighbors (37000 / 71536)...
computing neighbors (38000 / 71536)...
computing neighbors (39000 / 71536)...
computing neighbors (40000 / 71536)...
computing neighbors (41000 / 71536)...
computing neighbors (42000 / 71536)...
computing neighbors (43000 / 71536)...
computing neighbors (44000 / 71536)...
computing neighbors (45000 / 71536)...
computing neighbors (46000 / 71536)...
computing neighbors (47000 / 71536)...
computing neighbors (48000 / 71536)...
computing neighbors (49000 / 71536)...
computing neighbors (50000 / 71536)...
computing neighbors (51000 / 71536)...
computing neighbors (52000 / 71536)...
computing neighbors (53000 / 71536)...
computing neighbors (54000 / 71536)...
computing neighbors (55000 / 71536)...
computing neighbors (56000 / 71536)...
computing neighbors (57000 / 71536)...
computing neighbors (58000 / 71536)...
computing neighbors (59000 / 71536)...
computing neighbors (60000 / 71536)...
computing neighbors (61000 / 71536)...
computing neighbors (62000 / 71536)...
computing neighbors (63000 / 71536)...
computing neighbors (64000 / 71536)...
computing neighbors (65000 / 71536)...
computing neighbors (66000 / 71536)...
computing neighbors (67000 / 71536)...
computing neighbors (68000 / 71536)...
computing neighbors (69000 / 71536)...
computing neighbors (70000 / 71536)...
computing neighbors (71000 / 71536)...
672        vertices
71536      segments
33170      dominations
=======================
CGSHOP Instance: compute neighbors...
computing neighbors (0 / 71536)...
computing neighbors (1000 / 71536)...
computing neighbors (2000 / 71536)...
computing neighbors (3000 / 71536)...
computing neighbors (4000 / 71536)...
computing neighbors (5000 / 71536)...
computing neighbors (6000 / 71536)...
computing neighbors (7000 / 71536)...
computing neighbors (8000 / 71536)...
computing neighbors (9000 / 71536)...
computing neighbors (10000 / 71536)...
computing neighbors (11000 / 71536)...
computing neighbors (12000 / 71536)...
computing neighbors (13000 / 71536)...
computing neighbors (14000 / 71536)...
computing neighbors (15000 / 71536)...
computing neighbors (16000 / 71536)...
computing neighbors (17000 / 71536)...
computing neighbors (18000 / 71536)...
computing neighbors (19000 / 71536)...
computing neighbors (20000 / 71536)...
computing neighbors (21000 / 71536)...
computing neighbors (22000 / 71536)...
computing neighbors (23000 / 71536)...
computing neighbors (24000 / 71536)...
computing neighbors (25000 / 71536)...
computing neighbors (26000 / 71536)...
computing neighbors (27000 / 71536)...
computing neighbors (28000 / 71536)...
computing neighbors (29000 / 71536)...
computing neighbors (30000 / 71536)...
computing neighbors (31000 / 71536)...
computing neighbors (32000 / 71536)...
computing neighbors (33000 / 71536)...
computing neighbors (34000 / 71536)...
computing neighbors (35000 / 71536)...
computing neighbors (36000 / 71536)...
computing neighbors (37000 / 71536)...
computing neighbors (38000 / 71536)...
computing neighbors (39000 / 71536)...
computing neighbors (40000 / 71536)...
computing neighbors (41000 / 71536)...
computing neighbors (42000 / 71536)...
computing neighbors (43000 / 71536)...
computing neighbors (44000 / 71536)...
computing neighbors (45000 / 71536)...
computing neighbors (46000 / 71536)...
computing neighbors (47000 / 71536)...
computing neighbors (48000 / 71536)...
computing neighbors (49000 / 71536)...
computing neighbors (50000 / 71536)...
computing neighbors (51000 / 71536)...
computing neighbors (52000 / 71536)...
computing neighbors (53000 / 71536)...
computing neighbors (54000 / 71536)...
computing neighbors (55000 / 71536)...
computing neighbors (56000 / 71536)...
computing neighbors (57000 / 71536)...
computing neighbors (58000 / 71536)...
computing neighbors (59000 / 71536)...
computing neighbors (60000 / 71536)...
computing neighbors (61000 / 71536)...
computing neighbors (62000 / 71536)...
computing neighbors (63000 / 71536)...
computing neighbors (64000 / 71536)...
computing neighbors (65000 / 71536)...
computing neighbors (66000 / 71536)...
computing neighbors (67000 / 71536)...
computing neighbors (68000 / 71536)...
computing neighbors (69000 / 71536)...
computing neighbors (70000 / 71536)...
computing neighbors (71000 / 71536)...
colored 1000 / 71536...
colored 2000 / 71536...
colored 3000 / 71536...
colored 4000 / 71536...
colored 5000 / 71536...
colored 6000 / 71536...
colored 7000 / 71536...
colored 8000 / 71536...
colored 9000 / 71536...
colored 10000 / 71536...
colored 11000 / 71536...
colored 12000 / 71536...
colored 13000 / 71536...
colored 14000 / 71536...
colored 15000 / 71536...
colored 16000 / 71536...
colored 17000 / 71536...
colored 18000 / 71536...
colored 19000 / 71536...
colored 20000 / 71536...
colored 21000 / 71536...
colored 22000 / 71536...
colored 23000 / 71536...
colored 24000 / 71536...
colored 25000 / 71536...
colored 26000 / 71536...
colored 27000 / 71536...
colored 28000 / 71536...
colored 29000 / 71536...
colored 30000 / 71536...
colored 31000 / 71536...
colored 32000 / 71536...
colored 33000 / 71536...
colored 34000 / 71536...
colored 35000 / 71536...
colored 36000 / 71536...
colored 37000 / 71536...
colored 38000 / 71536...
colored 39000 / 71536...
colored 40000 / 71536...
colored 41000 / 71536...
colored 42000 / 71536...
colored 43000 / 71536...
colored 44000 / 71536...
colored 45000 / 71536...
colored 46000 / 71536...
colored 47000 / 71536...
colored 48000 / 71536...
colored 49000 / 71536...
colored 50000 / 71536...
colored 51000 / 71536...
colored 52000 / 71536...
colored 53000 / 71536...
colored 54000 / 71536...
colored 55000 / 71536...
colored 56000 / 71536...
colored 57000 / 71536...
colored 58000 / 71536...
colored 59000 / 71536...
colored 60000 / 71536...
colored 61000 / 71536...
colored 62000 / 71536...
colored 63000 / 71536...
colored 64000 / 71536...
colored 65000 / 71536...
colored 66000 / 71536...
colored 67000 / 71536...
colored 68000 / 71536...
colored 69000 / 71536...
colored 70000 / 71536...
colored 71000 / 71536...
greedy found 240 colors in 127.225 seconds
 time (s)      nb nodes       objective      
---------------------------------------------
  26.508                      240            
  26.535       169.0          239            
  26.612       292.0          238            
  27.134       979.0          237            
  28.586       5.0 k          236            
  29.599       6.8 k          235            
  37.240       15.9 k         234            
  91.470       68.1 k         233            
  119.111      93.3 k         232            
  166.917      144.1 k        231            
  243.915      209.6 k        230            
  337.581      289.3 k        229            
  378.552      331.4 k        228            
  896.643      689.0 k        227            
  933.662      729.3 k        226            
  1305.151     990.9 k        225            
  1872.655     1.5 M          224            
  2704.619     2.1 M          223            
  2722.988     2.1 M          222            
  3802.591     2.8 M          221            
  3835.878     2.9 M          220            
  3875.459     3.3 M          219            
  3896.049     3.5 M          218            
  3981.433     3.8 M          217            
  4246.185     4.0 M          216            
  4282.125     4.1 M          215            
  4376.492     4.1 M          214            
  4494.884     4.2 M          213            
  4882.743     4.5 M          212            
  5252.523     4.8 M          211            
  5286.098     4.8 M          210            
  6938.228     6.0 M          209            
  7042.327     6.1 M          208            
  8331.278     7.1 M          207            
  8577.277     7.2 M          206            
  8674.378     7.3 M          205            
  8833.805     7.5 M          204            
  8997.314     7.6 M          203            
  9232.511     7.8 M          202            
  9692.079     8.2 M          201            
  10099.279    8.6 M          200            
  10306.662    8.7 M          199            
  11160.767    9.5 M          198            
  11211.038    9.5 M          197            
  11760.412    10.0 M         196            
  12120.055    10.3 M         195            
  12821.537    11.0 M         194            
  13887.194    11.8 M         193            
  38083.648    29.7 M         192            
  38137.188    29.7 M         191            
  38264.008    29.8 M         190            
  40826.996    31.5 M         189            
  42051.281    32.3 M         188            
  49427.359    37.1 M         187            

             nb generated         52.3 M
              nb expanded         34.7 M
               nb trashed           0.0 
     avg branching factor           1.5 
                  nb eval         108.0 
                 nb guide         52.3 M
        time searched (s)      71973.492
      generated nodes / s         726.8 
        solutions created           0.0 
