printing solutions in: ./dogs-color/insts/cgshop22/vispecn37349.instance.json.solution.json
printing perfs in: ./dogs-color/insts/cgshop22/vispecn37349.instance.json.perf.json

CGSHOP Instance: compute neighbors...
computing neighbors (0 / 37349)...
computing neighbors (1000 / 37349)...
computing neighbors (2000 / 37349)...
computing neighbors (3000 / 37349)...
computing neighbors (4000 / 37349)...
computing neighbors (5000 / 37349)...
computing neighbors (6000 / 37349)...
computing neighbors (7000 / 37349)...
computing neighbors (8000 / 37349)...
computing neighbors (9000 / 37349)...
computing neighbors (10000 / 37349)...
computing neighbors (11000 / 37349)...
computing neighbors (12000 / 37349)...
computing neighbors (13000 / 37349)...
computing neighbors (14000 / 37349)...
computing neighbors (15000 / 37349)...
computing neighbors (16000 / 37349)...
computing neighbors (17000 / 37349)...
computing neighbors (18000 / 37349)...
computing neighbors (19000 / 37349)...
computing neighbors (20000 / 37349)...
computing neighbors (21000 / 37349)...
computing neighbors (22000 / 37349)...
computing neighbors (23000 / 37349)...
computing neighbors (24000 / 37349)...
computing neighbors (25000 / 37349)...
computing neighbors (26000 / 37349)...
computing neighbors (27000 / 37349)...
computing neighbors (28000 / 37349)...
computing neighbors (29000 / 37349)...
computing neighbors (30000 / 37349)...
computing neighbors (31000 / 37349)...
computing neighbors (32000 / 37349)...
computing neighbors (33000 / 37349)...
computing neighbors (34000 / 37349)...
computing neighbors (35000 / 37349)...
computing neighbors (36000 / 37349)...
computing neighbors (37000 / 37349)...
52222      vertices
37349      segments
270        dominations
=======================
CGSHOP Instance: compute neighbors...
computing neighbors (0 / 37349)...
computing neighbors (1000 / 37349)...
computing neighbors (2000 / 37349)...
computing neighbors (3000 / 37349)...
computing neighbors (4000 / 37349)...
computing neighbors (5000 / 37349)...
computing neighbors (6000 / 37349)...
computing neighbors (7000 / 37349)...
computing neighbors (8000 / 37349)...
computing neighbors (9000 / 37349)...
computing neighbors (10000 / 37349)...
computing neighbors (11000 / 37349)...
computing neighbors (12000 / 37349)...
computing neighbors (13000 / 37349)...
computing neighbors (14000 / 37349)...
computing neighbors (15000 / 37349)...
computing neighbors (16000 / 37349)...
computing neighbors (17000 / 37349)...
computing neighbors (18000 / 37349)...
computing neighbors (19000 / 37349)...
computing neighbors (20000 / 37349)...
computing neighbors (21000 / 37349)...
computing neighbors (22000 / 37349)...
computing neighbors (23000 / 37349)...
computing neighbors (24000 / 37349)...
computing neighbors (25000 / 37349)...
computing neighbors (26000 / 37349)...
computing neighbors (27000 / 37349)...
computing neighbors (28000 / 37349)...
computing neighbors (29000 / 37349)...
computing neighbors (30000 / 37349)...
computing neighbors (31000 / 37349)...
computing neighbors (32000 / 37349)...
computing neighbors (33000 / 37349)...
computing neighbors (34000 / 37349)...
computing neighbors (35000 / 37349)...
computing neighbors (36000 / 37349)...
computing neighbors (37000 / 37349)...
colored 1000 / 37349...
colored 2000 / 37349...
colored 3000 / 37349...
colored 4000 / 37349...
colored 5000 / 37349...
colored 6000 / 37349...
colored 7000 / 37349...
colored 8000 / 37349...
colored 9000 / 37349...
colored 10000 / 37349...
colored 11000 / 37349...
colored 12000 / 37349...
colored 13000 / 37349...
colored 14000 / 37349...
colored 15000 / 37349...
colored 16000 / 37349...
colored 17000 / 37349...
colored 18000 / 37349...
colored 19000 / 37349...
colored 20000 / 37349...
colored 21000 / 37349...
colored 22000 / 37349...
colored 23000 / 37349...
colored 24000 / 37349...
colored 25000 / 37349...
colored 26000 / 37349...
colored 27000 / 37349...
colored 28000 / 37349...
colored 29000 / 37349...
colored 30000 / 37349...
colored 31000 / 37349...
colored 32000 / 37349...
colored 33000 / 37349...
colored 34000 / 37349...
colored 35000 / 37349...
colored 36000 / 37349...
colored 37000 / 37349...
greedy found 455 colors in 38.015 seconds
 time (s)      nb nodes       objective      
---------------------------------------------
  7.855                       455            
  8.062        36.0           454            
  8.213        56.0           453            
  8.302        151.0          452            
  8.443        226.0          451            
  8.716        1.6 k          450            
  8.746        1.6 k          449            
  8.776        1.6 k          448            
  8.843        1.9 k          447            
  8.930        2.4 k          446            
  9.374        5.5 k          445            
  9.407        5.5 k          444            
  9.455        5.7 k          443            
  9.983        9.8 k          442            
  10.090       10.6 k         441            
  10.175       11.1 k         440            
  10.256       11.6 k         439            
  10.453       12.8 k         438            
  10.839       15.6 k         437            
  11.046       16.6 k         436            
  11.152       17.1 k         435            
  11.333       18.5 k         434            
  11.419       19.2 k         433            
  11.633       20.2 k         432            
  11.821       21.7 k         431            
  12.025       23.0 k         430            
  12.159       23.6 k         429            
  12.449       25.0 k         428            
  13.528       32.1 k         427            
  13.967       34.7 k         426            
  15.655       44.5 k         425            
  17.172       54.7 k         424            
  17.824       58.3 k         423            
  18.080       60.0 k         422            
  19.410       66.7 k         421            
  19.845       68.9 k         420            
  20.101       70.9 k         419            
  22.319       79.8 k         418            
  24.199       86.5 k         417            
  25.352       92.0 k         416            
  25.803       94.6 k         415            
  27.532       102.9 k        414            
  28.389       109.3 k        413            
  29.951       119.5 k        412            
  30.245       122.1 k        411            
  30.858       126.1 k        410            
  32.437       134.2 k        409            
  35.262       144.7 k        408            
  38.088       158.3 k        407            
  38.720       163.2 k        406            
  39.818       169.6 k        405            
  42.112       179.3 k        404            
  44.258       192.6 k        403            
  45.655       200.2 k        402            
  49.033       215.8 k        401            
  57.537       250.1 k        400            
  61.013       264.5 k        399            
  63.427       277.8 k        398            
  65.459       288.8 k        397            
  70.146       309.7 k        396            
  71.132       316.3 k        395            
  74.067       331.4 k        394            
  75.426       341.1 k        393            
  77.293       353.4 k        392            
  81.328       370.6 k        391            
  92.480       416.1 k        390            
  97.209       437.1 k        389            
  101.105      451.2 k        388            
  107.363      473.3 k        387            
  109.077      482.2 k        386            
  115.232      505.3 k        385            
  122.474      536.4 k        384            
  128.436      564.7 k        383            
  134.538      587.9 k        382            
  148.068      634.6 k        381            
  153.036      652.7 k        380            
  171.201      719.5 k        379            
  185.412      777.8 k        378            
  188.505      794.5 k        377            
  193.716      818.9 k        376            
  221.746      915.8 k        375            
  230.129      943.1 k        374            
  252.913      1.0 M          373            
  267.167      1.1 M          372            
  292.677      1.1 M          371            
  322.149      1.2 M          370            
  329.373      1.2 M          369            
  363.893      1.4 M          368            
  382.979      1.4 M          367            
  403.462      1.5 M          366            
  469.460      1.7 M          365            
  642.698      2.1 M          364            
  650.350      2.2 M          363            
  667.968      2.2 M          362            
  685.444      2.3 M          361            
  711.146      2.3 M          360            
  723.600      2.4 M          359            
  754.940      2.5 M          358            
  876.951      2.8 M          357            
  890.970      2.9 M          356            
  1001.515     3.2 M          355            
  1155.241     3.7 M          354            
  1174.732     3.7 M          353            
  1215.604     3.9 M          352            
  1298.284     4.1 M          351            
  3429.038     8.4 M          350            
  3908.573     9.2 M          349            
  3987.940     9.4 M          348            
  4094.314     9.6 M          347            
  4232.045     9.8 M          346            
  4303.102     10.0 M         345            
  4389.492     10.2 M         344            
  9095.316     18.5 M         343            
  9128.319     18.5 M         342            
  9690.761     19.6 M         341            
  9909.835     20.0 M         340            
  34246.633    55.4 M         339            
  35316.316    57.1 M         338            

             nb generated        108.5 M
              nb expanded         49.8 M
               nb trashed           0.0 
     avg branching factor           2.2 
                  nb eval         236.0 
                 nb guide        108.5 M
        time searched (s)      71992.141
      generated nodes / s          1.5 k
        solutions created           0.0 
