printing solutions in: ./dogs-color/insts/cgshop22/visp46936.instance.json.solution.json
printing perfs in: ./dogs-color/insts/cgshop22/visp46936.instance.json.perf.json

CGSHOP Instance: compute neighbors...
computing neighbors (0 / 46936)...
computing neighbors (1000 / 46936)...
computing neighbors (2000 / 46936)...
computing neighbors (3000 / 46936)...
computing neighbors (4000 / 46936)...
computing neighbors (5000 / 46936)...
computing neighbors (6000 / 46936)...
computing neighbors (7000 / 46936)...
computing neighbors (8000 / 46936)...
computing neighbors (9000 / 46936)...
computing neighbors (10000 / 46936)...
computing neighbors (11000 / 46936)...
computing neighbors (12000 / 46936)...
computing neighbors (13000 / 46936)...
computing neighbors (14000 / 46936)...
computing neighbors (15000 / 46936)...
computing neighbors (16000 / 46936)...
computing neighbors (17000 / 46936)...
computing neighbors (18000 / 46936)...
computing neighbors (19000 / 46936)...
computing neighbors (20000 / 46936)...
computing neighbors (21000 / 46936)...
computing neighbors (22000 / 46936)...
computing neighbors (23000 / 46936)...
computing neighbors (24000 / 46936)...
computing neighbors (25000 / 46936)...
computing neighbors (26000 / 46936)...
computing neighbors (27000 / 46936)...
computing neighbors (28000 / 46936)...
computing neighbors (29000 / 46936)...
computing neighbors (30000 / 46936)...
computing neighbors (31000 / 46936)...
computing neighbors (32000 / 46936)...
computing neighbors (33000 / 46936)...
computing neighbors (34000 / 46936)...
computing neighbors (35000 / 46936)...
computing neighbors (36000 / 46936)...
computing neighbors (37000 / 46936)...
computing neighbors (38000 / 46936)...
computing neighbors (39000 / 46936)...
computing neighbors (40000 / 46936)...
computing neighbors (41000 / 46936)...
computing neighbors (42000 / 46936)...
computing neighbors (43000 / 46936)...
computing neighbors (44000 / 46936)...
computing neighbors (45000 / 46936)...
computing neighbors (46000 / 46936)...
918        vertices
46936      segments
22049      dominations
=======================
CGSHOP Instance: compute neighbors...
computing neighbors (0 / 46936)...
computing neighbors (1000 / 46936)...
computing neighbors (2000 / 46936)...
computing neighbors (3000 / 46936)...
computing neighbors (4000 / 46936)...
computing neighbors (5000 / 46936)...
computing neighbors (6000 / 46936)...
computing neighbors (7000 / 46936)...
computing neighbors (8000 / 46936)...
computing neighbors (9000 / 46936)...
computing neighbors (10000 / 46936)...
computing neighbors (11000 / 46936)...
computing neighbors (12000 / 46936)...
computing neighbors (13000 / 46936)...
computing neighbors (14000 / 46936)...
computing neighbors (15000 / 46936)...
computing neighbors (16000 / 46936)...
computing neighbors (17000 / 46936)...
computing neighbors (18000 / 46936)...
computing neighbors (19000 / 46936)...
computing neighbors (20000 / 46936)...
computing neighbors (21000 / 46936)...
computing neighbors (22000 / 46936)...
computing neighbors (23000 / 46936)...
computing neighbors (24000 / 46936)...
computing neighbors (25000 / 46936)...
computing neighbors (26000 / 46936)...
computing neighbors (27000 / 46936)...
computing neighbors (28000 / 46936)...
computing neighbors (29000 / 46936)...
computing neighbors (30000 / 46936)...
computing neighbors (31000 / 46936)...
computing neighbors (32000 / 46936)...
computing neighbors (33000 / 46936)...
computing neighbors (34000 / 46936)...
computing neighbors (35000 / 46936)...
computing neighbors (36000 / 46936)...
computing neighbors (37000 / 46936)...
computing neighbors (38000 / 46936)...
computing neighbors (39000 / 46936)...
computing neighbors (40000 / 46936)...
computing neighbors (41000 / 46936)...
computing neighbors (42000 / 46936)...
computing neighbors (43000 / 46936)...
computing neighbors (44000 / 46936)...
computing neighbors (45000 / 46936)...
computing neighbors (46000 / 46936)...
colored 1000 / 46936...
colored 2000 / 46936...
colored 3000 / 46936...
colored 4000 / 46936...
colored 5000 / 46936...
colored 6000 / 46936...
colored 7000 / 46936...
colored 8000 / 46936...
colored 9000 / 46936...
colored 10000 / 46936...
colored 11000 / 46936...
colored 12000 / 46936...
colored 13000 / 46936...
colored 14000 / 46936...
colored 15000 / 46936...
colored 16000 / 46936...
colored 17000 / 46936...
colored 18000 / 46936...
colored 19000 / 46936...
colored 20000 / 46936...
colored 21000 / 46936...
colored 22000 / 46936...
colored 23000 / 46936...
colored 24000 / 46936...
colored 25000 / 46936...
colored 26000 / 46936...
colored 27000 / 46936...
colored 28000 / 46936...
colored 29000 / 46936...
colored 30000 / 46936...
colored 31000 / 46936...
colored 32000 / 46936...
colored 33000 / 46936...
colored 34000 / 46936...
colored 35000 / 46936...
colored 36000 / 46936...
colored 37000 / 46936...
colored 38000 / 46936...
colored 39000 / 46936...
colored 40000 / 46936...
colored 41000 / 46936...
colored 42000 / 46936...
colored 43000 / 46936...
colored 44000 / 46936...
colored 45000 / 46936...
colored 46000 / 46936...
greedy found 120 colors in 29.217 seconds
 time (s)      nb nodes       objective      
---------------------------------------------
  9.007                       120            
  9.131        6.0            119            
  9.142        41.0           118            
  9.153        83.0           117            
  9.182        181.0          116            
  9.345        302.0          115            
  9.379        523.0          114            
  9.543        2.3 k          113            
  9.594        2.5 k          112            
  10.057       5.3 k          111            
  10.831       247.9 k        110            
  11.535       252.3 k        109            
  12.866       278.5 k        108            
  14.942       367.9 k        107            
  44.689       713.7 k        106            
  74.046       849.3 k        105            
  88.000       925.3 k        104            
  110.452      1.0 M          103            
  159.937      1.2 M          102            
  177.759      1.8 M          101            
  204.174      1.9 M          100            
  257.882      2.2 M          99             
  736.083      4.1 M          98             
  1271.256     5.9 M          97             
  1907.001     7.8 M          96             
  2862.216     10.6 M         95             
  3186.023     11.5 M         94             
  10644.696    32.6 M         93             
  25287.131    72.9 M         92             

             nb generated        205.3 M
              nb expanded        128.2 M
               nb trashed           0.0 
     avg branching factor           1.6 
                  nb eval          58.0 
                 nb guide        205.3 M
        time searched (s)      71990.992
      generated nodes / s          2.9 k
        solutions created           0.0 
