printing solutions in: ./dogs-color/insts/cgshop22/reecn7847.instance.json.solution.json
printing perfs in: ./dogs-color/insts/cgshop22/reecn7847.instance.json.perf.json

CGSHOP Instance: compute neighbors...
computing neighbors (0 / 7847)...
computing neighbors (1000 / 7847)...
computing neighbors (2000 / 7847)...
computing neighbors (3000 / 7847)...
computing neighbors (4000 / 7847)...
computing neighbors (5000 / 7847)...
computing neighbors (6000 / 7847)...
computing neighbors (7000 / 7847)...
10912      vertices
7847       segments
124        dominations
=======================
CGSHOP Instance: compute neighbors...
computing neighbors (0 / 7847)...
computing neighbors (1000 / 7847)...
computing neighbors (2000 / 7847)...
computing neighbors (3000 / 7847)...
computing neighbors (4000 / 7847)...
computing neighbors (5000 / 7847)...
computing neighbors (6000 / 7847)...
computing neighbors (7000 / 7847)...
colored 1000 / 7847...
colored 2000 / 7847...
colored 3000 / 7847...
colored 4000 / 7847...
colored 5000 / 7847...
colored 6000 / 7847...
colored 7000 / 7847...
greedy found 89 colors in 0.814 seconds
 time (s)      nb nodes       objective      
---------------------------------------------
  0.292                       89             
  0.352        2.3 k          88             
  0.357        2.4 k          87             
  0.436        6.1 k          86             
  0.690        15.2 k         85             
  1.109        31.3 k         84             
  2.824        87.2 k         83             
  22.530       596.8 k        82             

             nb generated        668.5 M
              nb expanded        587.2 M
               nb trashed           0.0 
     avg branching factor           1.1 
                  nb eval          16.0 
                 nb guide        668.5 M
        time searched (s)      71999.703
      generated nodes / s          9.3 k
        solutions created           0.0 
invalid solution (reason: ConflictingEdge(612, 4277))
