printing solutions in: ./dogs-color/insts/cgshop22/vispecn50715.instance.json.solution.json
printing perfs in: ./dogs-color/insts/cgshop22/vispecn50715.instance.json.perf.json

CGSHOP Instance: compute neighbors...
computing neighbors (0 / 50715)...
computing neighbors (1000 / 50715)...
computing neighbors (2000 / 50715)...
computing neighbors (3000 / 50715)...
computing neighbors (4000 / 50715)...
computing neighbors (5000 / 50715)...
computing neighbors (6000 / 50715)...
computing neighbors (7000 / 50715)...
computing neighbors (8000 / 50715)...
computing neighbors (9000 / 50715)...
computing neighbors (10000 / 50715)...
computing neighbors (11000 / 50715)...
computing neighbors (12000 / 50715)...
computing neighbors (13000 / 50715)...
computing neighbors (14000 / 50715)...
computing neighbors (15000 / 50715)...
computing neighbors (16000 / 50715)...
computing neighbors (17000 / 50715)...
computing neighbors (18000 / 50715)...
computing neighbors (19000 / 50715)...
computing neighbors (20000 / 50715)...
computing neighbors (21000 / 50715)...
computing neighbors (22000 / 50715)...
computing neighbors (23000 / 50715)...
computing neighbors (24000 / 50715)...
computing neighbors (25000 / 50715)...
computing neighbors (26000 / 50715)...
computing neighbors (27000 / 50715)...
computing neighbors (28000 / 50715)...
computing neighbors (29000 / 50715)...
computing neighbors (30000 / 50715)...
computing neighbors (31000 / 50715)...
computing neighbors (32000 / 50715)...
computing neighbors (33000 / 50715)...
computing neighbors (34000 / 50715)...
computing neighbors (35000 / 50715)...
computing neighbors (36000 / 50715)...
computing neighbors (37000 / 50715)...
computing neighbors (38000 / 50715)...
computing neighbors (39000 / 50715)...
computing neighbors (40000 / 50715)...
computing neighbors (41000 / 50715)...
computing neighbors (42000 / 50715)...
computing neighbors (43000 / 50715)...
computing neighbors (44000 / 50715)...
computing neighbors (45000 / 50715)...
computing neighbors (46000 / 50715)...
computing neighbors (47000 / 50715)...
computing neighbors (48000 / 50715)...
computing neighbors (49000 / 50715)...
computing neighbors (50000 / 50715)...
71034      vertices
50715      segments
362        dominations
=======================
CGSHOP Instance: compute neighbors...
computing neighbors (0 / 50715)...
computing neighbors (1000 / 50715)...
computing neighbors (2000 / 50715)...
computing neighbors (3000 / 50715)...
computing neighbors (4000 / 50715)...
computing neighbors (5000 / 50715)...
computing neighbors (6000 / 50715)...
computing neighbors (7000 / 50715)...
computing neighbors (8000 / 50715)...
computing neighbors (9000 / 50715)...
computing neighbors (10000 / 50715)...
computing neighbors (11000 / 50715)...
computing neighbors (12000 / 50715)...
computing neighbors (13000 / 50715)...
computing neighbors (14000 / 50715)...
computing neighbors (15000 / 50715)...
computing neighbors (16000 / 50715)...
computing neighbors (17000 / 50715)...
computing neighbors (18000 / 50715)...
computing neighbors (19000 / 50715)...
computing neighbors (20000 / 50715)...
computing neighbors (21000 / 50715)...
computing neighbors (22000 / 50715)...
computing neighbors (23000 / 50715)...
computing neighbors (24000 / 50715)...
computing neighbors (25000 / 50715)...
computing neighbors (26000 / 50715)...
computing neighbors (27000 / 50715)...
computing neighbors (28000 / 50715)...
computing neighbors (29000 / 50715)...
computing neighbors (30000 / 50715)...
computing neighbors (31000 / 50715)...
computing neighbors (32000 / 50715)...
computing neighbors (33000 / 50715)...
computing neighbors (34000 / 50715)...
computing neighbors (35000 / 50715)...
computing neighbors (36000 / 50715)...
computing neighbors (37000 / 50715)...
computing neighbors (38000 / 50715)...
computing neighbors (39000 / 50715)...
computing neighbors (40000 / 50715)...
computing neighbors (41000 / 50715)...
computing neighbors (42000 / 50715)...
computing neighbors (43000 / 50715)...
computing neighbors (44000 / 50715)...
computing neighbors (45000 / 50715)...
computing neighbors (46000 / 50715)...
computing neighbors (47000 / 50715)...
computing neighbors (48000 / 50715)...
computing neighbors (49000 / 50715)...
computing neighbors (50000 / 50715)...
colored 1000 / 50715...
colored 2000 / 50715...
colored 3000 / 50715...
colored 4000 / 50715...
colored 5000 / 50715...
colored 6000 / 50715...
colored 7000 / 50715...
colored 8000 / 50715...
colored 9000 / 50715...
colored 10000 / 50715...
colored 11000 / 50715...
colored 12000 / 50715...
colored 13000 / 50715...
colored 14000 / 50715...
colored 15000 / 50715...
colored 16000 / 50715...
colored 17000 / 50715...
colored 18000 / 50715...
colored 19000 / 50715...
colored 20000 / 50715...
colored 21000 / 50715...
colored 22000 / 50715...
colored 23000 / 50715...
colored 24000 / 50715...
colored 25000 / 50715...
colored 26000 / 50715...
colored 27000 / 50715...
colored 28000 / 50715...
colored 29000 / 50715...
colored 30000 / 50715...
colored 31000 / 50715...
colored 32000 / 50715...
colored 33000 / 50715...
colored 34000 / 50715...
colored 35000 / 50715...
colored 36000 / 50715...
colored 37000 / 50715...
colored 38000 / 50715...
colored 39000 / 50715...
colored 40000 / 50715...
colored 41000 / 50715...
colored 42000 / 50715...
colored 43000 / 50715...
colored 44000 / 50715...
colored 45000 / 50715...
colored 46000 / 50715...
colored 47000 / 50715...
colored 48000 / 50715...
colored 49000 / 50715...
colored 50000 / 50715...
greedy found 364 colors in 39.806 seconds
 time (s)      nb nodes       objective      
---------------------------------------------
  8.817                       364            
  8.868        4.0            363            
  8.914        6.0            362            
  8.982        8.0            361            
  9.117        34.0           360            
  9.134        54.0           359            
  9.162        144.0          358            
  9.200        608.0          357            
  9.239        996.0          356            
  9.313        1.8 k          355            
  9.339        1.9 k          354            
  9.518        3.4 k          353            
  9.583        4.2 k          352            
  9.644        5.3 k          351            
  9.725        6.3 k          350            
  9.805        7.3 k          349            
  9.862        7.8 k          348            
  10.677       15.1 k         347            
  10.875       17.8 k         346            
  11.172       23.3 k         345            
  11.262       24.2 k         344            
  11.406       26.7 k         343            
  11.738       31.1 k         342            
  12.041       34.4 k         341            
  12.476       40.7 k         340            
  13.359       48.8 k         339            
  14.349       59.5 k         338            
  14.608       62.7 k         337            
  15.234       71.6 k         336            
  15.657       77.2 k         335            
  16.139       86.1 k         334            
  16.479       90.2 k         333            
  17.052       95.5 k         332            
  18.583       117.1 k        331            
  19.467       124.9 k        330            
  20.018       133.6 k        329            
  20.706       142.1 k        328            
  21.523       152.4 k        327            
  23.666       173.8 k        326            
  24.900       184.9 k        325            
  26.242       200.3 k        324            
  27.402       213.1 k        323            
  28.712       225.0 k        322            
  30.425       246.5 k        321            
  31.343       256.4 k        320            
  34.253       282.8 k        319            
  35.082       295.1 k        318            
  39.390       336.0 k        317            
  40.018       345.6 k        316            
  41.377       358.1 k        315            
  42.346       370.4 k        314            
  43.246       379.9 k        313            
  45.285       401.8 k        312            
  50.114       453.0 k        311            
  53.142       484.8 k        310            
  55.978       521.3 k        309            
  59.758       555.3 k        308            
  61.386       573.6 k        307            
  66.465       636.1 k        306            
  73.508       705.6 k        305            
  78.211       748.3 k        304            
  82.853       793.3 k        303            
  86.286       828.0 k        302            
  88.817       855.2 k        301            
  91.254       887.5 k        300            
  93.957       914.9 k        299            
  105.117      1.0 M          298            
  113.466      1.1 M          297            
  115.852      1.1 M          296            
  120.743      1.2 M          295            
  130.780      1.3 M          294            
  134.012      1.3 M          293            
  155.594      1.5 M          292            
  162.280      1.5 M          291            
  175.394      1.7 M          290            
  181.123      1.7 M          289            
  188.939      1.8 M          288            
  194.256      1.8 M          287            
  243.826      2.2 M          286            
  265.832      2.4 M          285            
  272.186      2.4 M          284            
  285.748      2.5 M          283            
  299.965      2.6 M          282            
  314.224      2.8 M          281            
  323.386      2.9 M          280            
  529.359      4.0 M          279            
  539.575      4.1 M          278            
  556.706      4.2 M          277            
  743.490      5.1 M          276            
  769.715      5.3 M          275            
  789.211      5.4 M          274            
  834.127      5.7 M          273            
  1178.586     7.3 M          272            
  1195.767     7.4 M          271            
  1233.364     7.7 M          270            
  2907.293     14.2 M         269            
  3175.301     15.1 M         268            
  3493.574     16.3 M         267            
  3595.851     16.7 M         266            
  8281.862     31.7 M         265            
  8342.507     31.9 M         264            
  11548.498    41.6 M         263            
  18345.846    60.4 M         262            

             nb generated        192.2 M
              nb expanded         88.9 M
               nb trashed           0.0 
     avg branching factor           2.2 
                  nb eval         206.0 
                 nb guide        192.2 M
        time searched (s)      71991.180
      generated nodes / s          2.7 k
        solutions created           0.0 
