printing solutions in: ./dogs-color/insts/cgshop22/sqrp53087.instance.json.solution.json
printing perfs in: ./dogs-color/insts/cgshop22/sqrp53087.instance.json.perf.json

CGSHOP Instance: compute neighbors...
computing neighbors (0 / 53087)...
computing neighbors (1000 / 53087)...
computing neighbors (2000 / 53087)...
computing neighbors (3000 / 53087)...
computing neighbors (4000 / 53087)...
computing neighbors (5000 / 53087)...
computing neighbors (6000 / 53087)...
computing neighbors (7000 / 53087)...
computing neighbors (8000 / 53087)...
computing neighbors (9000 / 53087)...
computing neighbors (10000 / 53087)...
computing neighbors (11000 / 53087)...
computing neighbors (12000 / 53087)...
computing neighbors (13000 / 53087)...
computing neighbors (14000 / 53087)...
computing neighbors (15000 / 53087)...
computing neighbors (16000 / 53087)...
computing neighbors (17000 / 53087)...
computing neighbors (18000 / 53087)...
computing neighbors (19000 / 53087)...
computing neighbors (20000 / 53087)...
computing neighbors (21000 / 53087)...
computing neighbors (22000 / 53087)...
computing neighbors (23000 / 53087)...
computing neighbors (24000 / 53087)...
computing neighbors (25000 / 53087)...
computing neighbors (26000 / 53087)...
computing neighbors (27000 / 53087)...
computing neighbors (28000 / 53087)...
computing neighbors (29000 / 53087)...
computing neighbors (30000 / 53087)...
computing neighbors (31000 / 53087)...
computing neighbors (32000 / 53087)...
computing neighbors (33000 / 53087)...
computing neighbors (34000 / 53087)...
computing neighbors (35000 / 53087)...
computing neighbors (36000 / 53087)...
computing neighbors (37000 / 53087)...
computing neighbors (38000 / 53087)...
computing neighbors (39000 / 53087)...
computing neighbors (40000 / 53087)...
computing neighbors (41000 / 53087)...
computing neighbors (42000 / 53087)...
computing neighbors (43000 / 53087)...
computing neighbors (44000 / 53087)...
computing neighbors (45000 / 53087)...
computing neighbors (46000 / 53087)...
computing neighbors (47000 / 53087)...
computing neighbors (48000 / 53087)...
computing neighbors (49000 / 53087)...
computing neighbors (50000 / 53087)...
computing neighbors (51000 / 53087)...
computing neighbors (52000 / 53087)...
computing neighbors (53000 / 53087)...
793        vertices
53087      segments
9437       dominations
=======================
CGSHOP Instance: compute neighbors...
computing neighbors (0 / 53087)...
computing neighbors (1000 / 53087)...
computing neighbors (2000 / 53087)...
computing neighbors (3000 / 53087)...
computing neighbors (4000 / 53087)...
computing neighbors (5000 / 53087)...
computing neighbors (6000 / 53087)...
computing neighbors (7000 / 53087)...
computing neighbors (8000 / 53087)...
computing neighbors (9000 / 53087)...
computing neighbors (10000 / 53087)...
computing neighbors (11000 / 53087)...
computing neighbors (12000 / 53087)...
computing neighbors (13000 / 53087)...
computing neighbors (14000 / 53087)...
computing neighbors (15000 / 53087)...
computing neighbors (16000 / 53087)...
computing neighbors (17000 / 53087)...
computing neighbors (18000 / 53087)...
computing neighbors (19000 / 53087)...
computing neighbors (20000 / 53087)...
computing neighbors (21000 / 53087)...
computing neighbors (22000 / 53087)...
computing neighbors (23000 / 53087)...
computing neighbors (24000 / 53087)...
computing neighbors (25000 / 53087)...
computing neighbors (26000 / 53087)...
computing neighbors (27000 / 53087)...
computing neighbors (28000 / 53087)...
computing neighbors (29000 / 53087)...
computing neighbors (30000 / 53087)...
computing neighbors (31000 / 53087)...
computing neighbors (32000 / 53087)...
computing neighbors (33000 / 53087)...
computing neighbors (34000 / 53087)...
computing neighbors (35000 / 53087)...
computing neighbors (36000 / 53087)...
computing neighbors (37000 / 53087)...
computing neighbors (38000 / 53087)...
computing neighbors (39000 / 53087)...
computing neighbors (40000 / 53087)...
computing neighbors (41000 / 53087)...
computing neighbors (42000 / 53087)...
computing neighbors (43000 / 53087)...
computing neighbors (44000 / 53087)...
computing neighbors (45000 / 53087)...
computing neighbors (46000 / 53087)...
computing neighbors (47000 / 53087)...
computing neighbors (48000 / 53087)...
computing neighbors (49000 / 53087)...
computing neighbors (50000 / 53087)...
computing neighbors (51000 / 53087)...
computing neighbors (52000 / 53087)...
computing neighbors (53000 / 53087)...
colored 1000 / 53087...
colored 2000 / 53087...
colored 3000 / 53087...
colored 4000 / 53087...
colored 5000 / 53087...
colored 6000 / 53087...
colored 7000 / 53087...
colored 8000 / 53087...
colored 9000 / 53087...
colored 10000 / 53087...
colored 11000 / 53087...
colored 12000 / 53087...
colored 13000 / 53087...
colored 14000 / 53087...
colored 15000 / 53087...
colored 16000 / 53087...
colored 17000 / 53087...
colored 18000 / 53087...
colored 19000 / 53087...
colored 20000 / 53087...
colored 21000 / 53087...
colored 22000 / 53087...
colored 23000 / 53087...
colored 24000 / 53087...
colored 25000 / 53087...
colored 26000 / 53087...
colored 27000 / 53087...
colored 28000 / 53087...
colored 29000 / 53087...
colored 30000 / 53087...
colored 31000 / 53087...
colored 32000 / 53087...
colored 33000 / 53087...
colored 34000 / 53087...
colored 35000 / 53087...
colored 36000 / 53087...
colored 37000 / 53087...
colored 38000 / 53087...
colored 39000 / 53087...
colored 40000 / 53087...
colored 41000 / 53087...
colored 42000 / 53087...
colored 43000 / 53087...
colored 44000 / 53087...
colored 45000 / 53087...
colored 46000 / 53087...
colored 47000 / 53087...
colored 48000 / 53087...
colored 49000 / 53087...
colored 50000 / 53087...
colored 51000 / 53087...
colored 52000 / 53087...
colored 53000 / 53087...
greedy found 265 colors in 168.445 seconds
 time (s)      nb nodes       objective      
---------------------------------------------
  24.602                      265            
  26.146       886.0          264            
  27.182       1.4 k          263            
  38.323       7.9 k          262            
  68.729       23.8 k         261            
  87.622       35.1 k         260            
  170.099      80.0 k         259            
  183.322      87.2 k         258            
  307.067      187.1 k        257            
  467.144      265.5 k        256            
  618.448      337.0 k        255            
  707.797      381.1 k        254            
  1031.727     538.4 k        253            
  1112.495     597.3 k        252            
  1385.486     763.8 k        251            

             nb generated         28.0 M
              nb expanded         21.6 M
               nb trashed           0.0 
     avg branching factor           1.3 
                  nb eval          30.0 
                 nb guide         28.0 M
        time searched (s)      71975.398
      generated nodes / s         388.3 
        solutions created           0.0 
