printing solutions in: ./dogs-color/insts/cgshop22/sqrp45933.instance.json.solution.json
printing perfs in: ./dogs-color/insts/cgshop22/sqrp45933.instance.json.perf.json

CGSHOP Instance: compute neighbors...
computing neighbors (0 / 45933)...
computing neighbors (1000 / 45933)...
computing neighbors (2000 / 45933)...
computing neighbors (3000 / 45933)...
computing neighbors (4000 / 45933)...
computing neighbors (5000 / 45933)...
computing neighbors (6000 / 45933)...
computing neighbors (7000 / 45933)...
computing neighbors (8000 / 45933)...
computing neighbors (9000 / 45933)...
computing neighbors (10000 / 45933)...
computing neighbors (11000 / 45933)...
computing neighbors (12000 / 45933)...
computing neighbors (13000 / 45933)...
computing neighbors (14000 / 45933)...
computing neighbors (15000 / 45933)...
computing neighbors (16000 / 45933)...
computing neighbors (17000 / 45933)...
computing neighbors (18000 / 45933)...
computing neighbors (19000 / 45933)...
computing neighbors (20000 / 45933)...
computing neighbors (21000 / 45933)...
computing neighbors (22000 / 45933)...
computing neighbors (23000 / 45933)...
computing neighbors (24000 / 45933)...
computing neighbors (25000 / 45933)...
computing neighbors (26000 / 45933)...
computing neighbors (27000 / 45933)...
computing neighbors (28000 / 45933)...
computing neighbors (29000 / 45933)...
computing neighbors (30000 / 45933)...
computing neighbors (31000 / 45933)...
computing neighbors (32000 / 45933)...
computing neighbors (33000 / 45933)...
computing neighbors (34000 / 45933)...
computing neighbors (35000 / 45933)...
computing neighbors (36000 / 45933)...
computing neighbors (37000 / 45933)...
computing neighbors (38000 / 45933)...
computing neighbors (39000 / 45933)...
computing neighbors (40000 / 45933)...
computing neighbors (41000 / 45933)...
computing neighbors (42000 / 45933)...
computing neighbors (43000 / 45933)...
computing neighbors (44000 / 45933)...
computing neighbors (45000 / 45933)...
599        vertices
45933      segments
8397       dominations
=======================
CGSHOP Instance: compute neighbors...
computing neighbors (0 / 45933)...
computing neighbors (1000 / 45933)...
computing neighbors (2000 / 45933)...
computing neighbors (3000 / 45933)...
computing neighbors (4000 / 45933)...
computing neighbors (5000 / 45933)...
computing neighbors (6000 / 45933)...
computing neighbors (7000 / 45933)...
computing neighbors (8000 / 45933)...
computing neighbors (9000 / 45933)...
computing neighbors (10000 / 45933)...
computing neighbors (11000 / 45933)...
computing neighbors (12000 / 45933)...
computing neighbors (13000 / 45933)...
computing neighbors (14000 / 45933)...
computing neighbors (15000 / 45933)...
computing neighbors (16000 / 45933)...
computing neighbors (17000 / 45933)...
computing neighbors (18000 / 45933)...
computing neighbors (19000 / 45933)...
computing neighbors (20000 / 45933)...
computing neighbors (21000 / 45933)...
computing neighbors (22000 / 45933)...
computing neighbors (23000 / 45933)...
computing neighbors (24000 / 45933)...
computing neighbors (25000 / 45933)...
computing neighbors (26000 / 45933)...
computing neighbors (27000 / 45933)...
computing neighbors (28000 / 45933)...
computing neighbors (29000 / 45933)...
computing neighbors (30000 / 45933)...
computing neighbors (31000 / 45933)...
computing neighbors (32000 / 45933)...
computing neighbors (33000 / 45933)...
computing neighbors (34000 / 45933)...
computing neighbors (35000 / 45933)...
computing neighbors (36000 / 45933)...
computing neighbors (37000 / 45933)...
computing neighbors (38000 / 45933)...
computing neighbors (39000 / 45933)...
computing neighbors (40000 / 45933)...
computing neighbors (41000 / 45933)...
computing neighbors (42000 / 45933)...
computing neighbors (43000 / 45933)...
computing neighbors (44000 / 45933)...
computing neighbors (45000 / 45933)...
colored 1000 / 45933...
colored 2000 / 45933...
colored 3000 / 45933...
colored 4000 / 45933...
colored 5000 / 45933...
colored 6000 / 45933...
colored 7000 / 45933...
colored 8000 / 45933...
colored 9000 / 45933...
colored 10000 / 45933...
colored 11000 / 45933...
colored 12000 / 45933...
colored 13000 / 45933...
colored 14000 / 45933...
colored 15000 / 45933...
colored 16000 / 45933...
colored 17000 / 45933...
colored 18000 / 45933...
colored 19000 / 45933...
colored 20000 / 45933...
colored 21000 / 45933...
colored 22000 / 45933...
colored 23000 / 45933...
colored 24000 / 45933...
colored 25000 / 45933...
colored 26000 / 45933...
colored 27000 / 45933...
colored 28000 / 45933...
colored 29000 / 45933...
colored 30000 / 45933...
colored 31000 / 45933...
colored 32000 / 45933...
colored 33000 / 45933...
colored 34000 / 45933...
colored 35000 / 45933...
colored 36000 / 45933...
colored 37000 / 45933...
colored 38000 / 45933...
colored 39000 / 45933...
colored 40000 / 45933...
colored 41000 / 45933...
colored 42000 / 45933...
colored 43000 / 45933...
colored 44000 / 45933...
colored 45000 / 45933...
greedy found 228 colors in 124.482 seconds
 time (s)      nb nodes       objective      
---------------------------------------------
  18.390                      228            
  24.343       4.3 k          227            
  38.643       12.9 k         226            
  50.348       20.6 k         225            
  100.533      49.2 k         224            
  120.617      59.3 k         223            
  302.173      148.6 k        222            
  345.426      172.1 k        221            
  681.996      399.6 k        220            
  723.275      433.4 k        219            
  916.982      562.5 k        218            
  1694.106     959.8 k        217            
  1972.496     1.1 M          216            
  2357.992     1.3 M          215            
  20433.346    9.3 M          214            

             nb generated         31.2 M
              nb expanded         24.3 M
               nb trashed           0.0 
     avg branching factor           1.3 
                  nb eval          30.0 
                 nb guide         31.2 M
        time searched (s)      71981.609
      generated nodes / s         433.6 
        solutions created           0.0 
