printing solutions in: ./dogs-color/insts/cgshop22/sqrpecn48383.instance.json.solution.json
printing perfs in: ./dogs-color/insts/cgshop22/sqrpecn48383.instance.json.perf.json

CGSHOP Instance: compute neighbors...
computing neighbors (0 / 48383)...
computing neighbors (1000 / 48383)...
computing neighbors (2000 / 48383)...
computing neighbors (3000 / 48383)...
computing neighbors (4000 / 48383)...
computing neighbors (5000 / 48383)...
computing neighbors (6000 / 48383)...
computing neighbors (7000 / 48383)...
computing neighbors (8000 / 48383)...
computing neighbors (9000 / 48383)...
computing neighbors (10000 / 48383)...
computing neighbors (11000 / 48383)...
computing neighbors (12000 / 48383)...
computing neighbors (13000 / 48383)...
computing neighbors (14000 / 48383)...
computing neighbors (15000 / 48383)...
computing neighbors (16000 / 48383)...
computing neighbors (17000 / 48383)...
computing neighbors (18000 / 48383)...
computing neighbors (19000 / 48383)...
computing neighbors (20000 / 48383)...
computing neighbors (21000 / 48383)...
computing neighbors (22000 / 48383)...
computing neighbors (23000 / 48383)...
computing neighbors (24000 / 48383)...
computing neighbors (25000 / 48383)...
computing neighbors (26000 / 48383)...
computing neighbors (27000 / 48383)...
computing neighbors (28000 / 48383)...
computing neighbors (29000 / 48383)...
computing neighbors (30000 / 48383)...
computing neighbors (31000 / 48383)...
computing neighbors (32000 / 48383)...
computing neighbors (33000 / 48383)...
computing neighbors (34000 / 48383)...
computing neighbors (35000 / 48383)...
computing neighbors (36000 / 48383)...
computing neighbors (37000 / 48383)...
computing neighbors (38000 / 48383)...
computing neighbors (39000 / 48383)...
computing neighbors (40000 / 48383)...
computing neighbors (41000 / 48383)...
computing neighbors (42000 / 48383)...
computing neighbors (43000 / 48383)...
computing neighbors (44000 / 48383)...
computing neighbors (45000 / 48383)...
computing neighbors (46000 / 48383)...
computing neighbors (47000 / 48383)...
computing neighbors (48000 / 48383)...
73016      vertices
48383      segments
450        dominations
=======================
CGSHOP Instance: compute neighbors...
computing neighbors (0 / 48383)...
computing neighbors (1000 / 48383)...
computing neighbors (2000 / 48383)...
computing neighbors (3000 / 48383)...
computing neighbors (4000 / 48383)...
computing neighbors (5000 / 48383)...
computing neighbors (6000 / 48383)...
computing neighbors (7000 / 48383)...
computing neighbors (8000 / 48383)...
computing neighbors (9000 / 48383)...
computing neighbors (10000 / 48383)...
computing neighbors (11000 / 48383)...
computing neighbors (12000 / 48383)...
computing neighbors (13000 / 48383)...
computing neighbors (14000 / 48383)...
computing neighbors (15000 / 48383)...
computing neighbors (16000 / 48383)...
computing neighbors (17000 / 48383)...
computing neighbors (18000 / 48383)...
computing neighbors (19000 / 48383)...
computing neighbors (20000 / 48383)...
computing neighbors (21000 / 48383)...
computing neighbors (22000 / 48383)...
computing neighbors (23000 / 48383)...
computing neighbors (24000 / 48383)...
computing neighbors (25000 / 48383)...
computing neighbors (26000 / 48383)...
computing neighbors (27000 / 48383)...
computing neighbors (28000 / 48383)...
computing neighbors (29000 / 48383)...
computing neighbors (30000 / 48383)...
computing neighbors (31000 / 48383)...
computing neighbors (32000 / 48383)...
computing neighbors (33000 / 48383)...
computing neighbors (34000 / 48383)...
computing neighbors (35000 / 48383)...
computing neighbors (36000 / 48383)...
computing neighbors (37000 / 48383)...
computing neighbors (38000 / 48383)...
computing neighbors (39000 / 48383)...
computing neighbors (40000 / 48383)...
computing neighbors (41000 / 48383)...
computing neighbors (42000 / 48383)...
computing neighbors (43000 / 48383)...
computing neighbors (44000 / 48383)...
computing neighbors (45000 / 48383)...
computing neighbors (46000 / 48383)...
computing neighbors (47000 / 48383)...
computing neighbors (48000 / 48383)...
colored 1000 / 48383...
colored 2000 / 48383...
colored 3000 / 48383...
colored 4000 / 48383...
colored 5000 / 48383...
colored 6000 / 48383...
colored 7000 / 48383...
colored 8000 / 48383...
colored 9000 / 48383...
colored 10000 / 48383...
colored 11000 / 48383...
colored 12000 / 48383...
colored 13000 / 48383...
colored 14000 / 48383...
colored 15000 / 48383...
colored 16000 / 48383...
colored 17000 / 48383...
colored 18000 / 48383...
colored 19000 / 48383...
colored 20000 / 48383...
colored 21000 / 48383...
colored 22000 / 48383...
colored 23000 / 48383...
colored 24000 / 48383...
colored 25000 / 48383...
colored 26000 / 48383...
colored 27000 / 48383...
colored 28000 / 48383...
colored 29000 / 48383...
colored 30000 / 48383...
colored 31000 / 48383...
colored 32000 / 48383...
colored 33000 / 48383...
colored 34000 / 48383...
colored 35000 / 48383...
colored 36000 / 48383...
colored 37000 / 48383...
colored 38000 / 48383...
colored 39000 / 48383...
colored 40000 / 48383...
colored 41000 / 48383...
colored 42000 / 48383...
colored 43000 / 48383...
colored 44000 / 48383...
colored 45000 / 48383...
colored 46000 / 48383...
colored 47000 / 48383...
colored 48000 / 48383...
greedy found 508 colors in 91.608 seconds
 time (s)      nb nodes       objective      
---------------------------------------------
  20.575                      508            
  20.613       17.0           507            
  20.758       381.0          506            
  21.427       2.6 k          505            
  24.608       9.1 k          504            
  34.641       32.1 k         503            
  47.563       54.2 k         502            
  53.530       92.2 k         501            
  59.074       115.3 k        500            
  68.798       130.8 k        499            
  75.036       158.9 k        498            
  80.398       187.7 k        497            
  87.085       232.3 k        496            
  91.291       250.5 k        495            
  100.576      285.0 k        494            
  112.151      320.9 k        493            
  140.470      397.3 k        492            
  178.651      465.1 k        491            
  185.377      490.2 k        490            
  218.917      531.8 k        489            
  247.199      583.8 k        488            
  257.187      620.0 k        487            
  295.779      687.9 k        486            
  442.529      836.6 k        485            
  469.023      880.8 k        484            
  576.826      1.0 M          483            
  683.552      1.2 M          482            
  815.727      1.4 M          481            
  863.544      1.4 M          480            
  1007.218     1.6 M          479            
  1092.430     1.7 M          478            
  1197.228     1.8 M          477            
  1268.440     1.9 M          476            
  1531.026     2.1 M          475            
  2272.232     2.7 M          474            
  3456.251     3.6 M          473            
  3965.792     4.0 M          472            
  48913.414    26.9 M         471            
  56847.469    30.5 M         470            

             nb generated         37.6 M
              nb expanded         22.5 M
               nb trashed           0.0 
     avg branching factor           1.7 
                  nb eval          78.0 
                 nb guide         37.6 M
        time searched (s)      71979.422
      generated nodes / s         522.4 
        solutions created           0.0 
