printing solutions in: ./dogs-color/insts/cgshop22/sqrp18603.instance.json.solution.json
printing perfs in: ./dogs-color/insts/cgshop22/sqrp18603.instance.json.perf.json

CGSHOP Instance: compute neighbors...
computing neighbors (0 / 18603)...
computing neighbors (1000 / 18603)...
computing neighbors (2000 / 18603)...
computing neighbors (3000 / 18603)...
computing neighbors (4000 / 18603)...
computing neighbors (5000 / 18603)...
computing neighbors (6000 / 18603)...
computing neighbors (7000 / 18603)...
computing neighbors (8000 / 18603)...
computing neighbors (9000 / 18603)...
computing neighbors (10000 / 18603)...
computing neighbors (11000 / 18603)...
computing neighbors (12000 / 18603)...
computing neighbors (13000 / 18603)...
computing neighbors (14000 / 18603)...
computing neighbors (15000 / 18603)...
computing neighbors (16000 / 18603)...
computing neighbors (17000 / 18603)...
computing neighbors (18000 / 18603)...
436        vertices
18603      segments
3472       dominations
=======================
CGSHOP Instance: compute neighbors...
computing neighbors (0 / 18603)...
computing neighbors (1000 / 18603)...
computing neighbors (2000 / 18603)...
computing neighbors (3000 / 18603)...
computing neighbors (4000 / 18603)...
computing neighbors (5000 / 18603)...
computing neighbors (6000 / 18603)...
computing neighbors (7000 / 18603)...
computing neighbors (8000 / 18603)...
computing neighbors (9000 / 18603)...
computing neighbors (10000 / 18603)...
computing neighbors (11000 / 18603)...
computing neighbors (12000 / 18603)...
computing neighbors (13000 / 18603)...
computing neighbors (14000 / 18603)...
computing neighbors (15000 / 18603)...
computing neighbors (16000 / 18603)...
computing neighbors (17000 / 18603)...
computing neighbors (18000 / 18603)...
colored 1000 / 18603...
colored 2000 / 18603...
colored 3000 / 18603...
colored 4000 / 18603...
colored 5000 / 18603...
colored 6000 / 18603...
colored 7000 / 18603...
colored 8000 / 18603...
colored 9000 / 18603...
colored 10000 / 18603...
colored 11000 / 18603...
colored 12000 / 18603...
colored 13000 / 18603...
colored 14000 / 18603...
colored 15000 / 18603...
colored 16000 / 18603...
colored 17000 / 18603...
colored 18000 / 18603...
greedy found 158 colors in 9.260 seconds
 time (s)      nb nodes       objective      
---------------------------------------------
  3.061                       158            
  3.866        3.1 k          157            
  19.964       57.2 k         156            
  38.304       125.4 k        155            
  10904.561    18.5 M         154            

             nb generated        117.6 M
              nb expanded        100.3 M
               nb trashed           0.0 
     avg branching factor           1.2 
                  nb eval          10.0 
                 nb guide        117.6 M
        time searched (s)      71996.938
      generated nodes / s          1.6 k
        solutions created           0.0 
