printing solutions in: ./dogs-color/insts/cgshop22/vispecn27480.instance.json.solution.json
printing perfs in: ./dogs-color/insts/cgshop22/vispecn27480.instance.json.perf.json

CGSHOP Instance: compute neighbors...
computing neighbors (0 / 27480)...
computing neighbors (1000 / 27480)...
computing neighbors (2000 / 27480)...
computing neighbors (3000 / 27480)...
computing neighbors (4000 / 27480)...
computing neighbors (5000 / 27480)...
computing neighbors (6000 / 27480)...
computing neighbors (7000 / 27480)...
computing neighbors (8000 / 27480)...
computing neighbors (9000 / 27480)...
computing neighbors (10000 / 27480)...
computing neighbors (11000 / 27480)...
computing neighbors (12000 / 27480)...
computing neighbors (13000 / 27480)...
computing neighbors (14000 / 27480)...
computing neighbors (15000 / 27480)...
computing neighbors (16000 / 27480)...
computing neighbors (17000 / 27480)...
computing neighbors (18000 / 27480)...
computing neighbors (19000 / 27480)...
computing neighbors (20000 / 27480)...
computing neighbors (21000 / 27480)...
computing neighbors (22000 / 27480)...
computing neighbors (23000 / 27480)...
computing neighbors (24000 / 27480)...
computing neighbors (25000 / 27480)...
computing neighbors (26000 / 27480)...
computing neighbors (27000 / 27480)...
38260      vertices
27480      segments
271        dominations
=======================
CGSHOP Instance: compute neighbors...
computing neighbors (0 / 27480)...
computing neighbors (1000 / 27480)...
computing neighbors (2000 / 27480)...
computing neighbors (3000 / 27480)...
computing neighbors (4000 / 27480)...
computing neighbors (5000 / 27480)...
computing neighbors (6000 / 27480)...
computing neighbors (7000 / 27480)...
computing neighbors (8000 / 27480)...
computing neighbors (9000 / 27480)...
computing neighbors (10000 / 27480)...
computing neighbors (11000 / 27480)...
computing neighbors (12000 / 27480)...
computing neighbors (13000 / 27480)...
computing neighbors (14000 / 27480)...
computing neighbors (15000 / 27480)...
computing neighbors (16000 / 27480)...
computing neighbors (17000 / 27480)...
computing neighbors (18000 / 27480)...
computing neighbors (19000 / 27480)...
computing neighbors (20000 / 27480)...
computing neighbors (21000 / 27480)...
computing neighbors (22000 / 27480)...
computing neighbors (23000 / 27480)...
computing neighbors (24000 / 27480)...
computing neighbors (25000 / 27480)...
computing neighbors (26000 / 27480)...
computing neighbors (27000 / 27480)...
colored 1000 / 27480...
colored 2000 / 27480...
colored 3000 / 27480...
colored 4000 / 27480...
colored 5000 / 27480...
colored 6000 / 27480...
colored 7000 / 27480...
colored 8000 / 27480...
colored 9000 / 27480...
colored 10000 / 27480...
colored 11000 / 27480...
colored 12000 / 27480...
colored 13000 / 27480...
colored 14000 / 27480...
colored 15000 / 27480...
colored 16000 / 27480...
colored 17000 / 27480...
colored 18000 / 27480...
colored 19000 / 27480...
colored 20000 / 27480...
colored 21000 / 27480...
colored 22000 / 27480...
colored 23000 / 27480...
colored 24000 / 27480...
colored 25000 / 27480...
colored 26000 / 27480...
colored 27000 / 27480...
greedy found 220 colors in 8.194 seconds
 time (s)      nb nodes       objective      
---------------------------------------------
  2.556                       220            
  2.580        152.0          219            
  2.587        187.0          218            
  2.594        431.0          217            
  2.609        851.0          216            
  2.634        2.3 k          215            
  2.668        3.7 k          214            
  2.690        4.4 k          213            
  2.722        5.7 k          212            
  2.751        7.3 k          211            
  2.788        8.6 k          210            
  2.813        9.2 k          209            
  2.887        11.7 k         208            
  2.937        13.2 k         207            
  2.995        15.4 k         206            
  3.135        21.0 k         205            
  3.225        24.4 k         204            
  3.381        29.6 k         203            
  3.914        45.5 k         202            
  4.021        48.5 k         201            
  4.121        52.8 k         200            
  4.496        65.6 k         199            
  4.989        80.3 k         198            
  5.203        87.7 k         197            
  5.421        95.7 k         196            
  5.515        98.8 k         195            
  6.071        113.9 k        194            
  6.501        129.2 k        193            
  6.789        140.1 k        192            
  7.441        162.3 k        191            
  8.121        186.7 k        190            
  8.742        206.9 k        189            
  9.577        234.5 k        188            
  10.753       267.1 k        187            
  11.124       277.4 k        186            
  12.559       316.7 k        185            
  13.245       337.8 k        184            
  15.399       390.4 k        183            
  17.277       442.3 k        182            
  20.523       519.6 k        181            
  22.002       556.9 k        180            
  23.765       606.9 k        179            
  29.579       763.0 k        178            
  33.184       849.6 k        177            
  36.546       929.8 k        176            
  43.123       1.1 M          175            
  52.276       1.2 M          174            
  55.108       1.3 M          173            
  70.052       1.6 M          172            
  91.228       1.9 M          171            
  101.543      2.1 M          170            
  110.255      2.3 M          169            
  119.287      2.5 M          168            
  147.437      3.0 M          167            
  174.385      3.4 M          166            
  418.818      6.6 M          165            
  511.852      7.7 M          164            
  637.996      9.3 M          163            
  1699.772     19.2 M         162            
  2253.923     24.1 M         161            
  12242.579    89.4 M         160            

             nb generated        429.3 M
              nb expanded        240.5 M
               nb trashed           0.0 
     avg branching factor           1.8 
                  nb eval         122.0 
                 nb guide        429.3 M
        time searched (s)      71997.438
      generated nodes / s          6.0 k
        solutions created           0.0 
