printing solutions in: ./dogs-color/insts/cgshop22/rsqrp4637.instance.json.solution.json
printing perfs in: ./dogs-color/insts/cgshop22/rsqrp4637.instance.json.perf.json

CGSHOP Instance: compute neighbors...
computing neighbors (0 / 4637)...
computing neighbors (1000 / 4637)...
computing neighbors (2000 / 4637)...
computing neighbors (3000 / 4637)...
computing neighbors (4000 / 4637)...
234        vertices
4637       segments
658        dominations
=======================
CGSHOP Instance: compute neighbors...
computing neighbors (0 / 4637)...
computing neighbors (1000 / 4637)...
computing neighbors (2000 / 4637)...
computing neighbors (3000 / 4637)...
computing neighbors (4000 / 4637)...
colored 1000 / 4637...
colored 2000 / 4637...
colored 3000 / 4637...
colored 4000 / 4637...
greedy found 81 colors in 0.387 seconds
 time (s)      nb nodes       objective      
---------------------------------------------
  0.167                       81             
  0.215        1.1 k          80             
  0.324        4.3 k          79             
  0.378        6.2 k          78             
  1.618        38.8 k         77             
  1.873        44.9 k         76             
  9.091        196.4 k        75             

             nb generated        370.9 M
              nb expanded        342.5 M
               nb trashed           0.0 
     avg branching factor           1.1 
                  nb eval          14.0 
                 nb guide        370.9 M
        time searched (s)      71999.828
      generated nodes / s          5.2 k
        solutions created           0.0 
invalid solution (reason: ConflictingEdge(510, 2271))
