printing solutions in: ./dogs-color/insts/cgshop22/reecn32569.instance.json.solution.json
printing perfs in: ./dogs-color/insts/cgshop22/reecn32569.instance.json.perf.json

CGSHOP Instance: compute neighbors...
computing neighbors (0 / 32569)...
computing neighbors (1000 / 32569)...
computing neighbors (2000 / 32569)...
computing neighbors (3000 / 32569)...
computing neighbors (4000 / 32569)...
computing neighbors (5000 / 32569)...
computing neighbors (6000 / 32569)...
computing neighbors (7000 / 32569)...
computing neighbors (8000 / 32569)...
computing neighbors (9000 / 32569)...
computing neighbors (10000 / 32569)...
computing neighbors (11000 / 32569)...
computing neighbors (12000 / 32569)...
computing neighbors (13000 / 32569)...
computing neighbors (14000 / 32569)...
computing neighbors (15000 / 32569)...
computing neighbors (16000 / 32569)...
computing neighbors (17000 / 32569)...
computing neighbors (18000 / 32569)...
computing neighbors (19000 / 32569)...
computing neighbors (20000 / 32569)...
computing neighbors (21000 / 32569)...
computing neighbors (22000 / 32569)...
computing neighbors (23000 / 32569)...
computing neighbors (24000 / 32569)...
computing neighbors (25000 / 32569)...
computing neighbors (26000 / 32569)...
computing neighbors (27000 / 32569)...
computing neighbors (28000 / 32569)...
computing neighbors (29000 / 32569)...
computing neighbors (30000 / 32569)...
computing neighbors (31000 / 32569)...
computing neighbors (32000 / 32569)...
45684      vertices
32569      segments
271        dominations
=======================
CGSHOP Instance: compute neighbors...
computing neighbors (0 / 32569)...
computing neighbors (1000 / 32569)...
computing neighbors (2000 / 32569)...
computing neighbors (3000 / 32569)...
computing neighbors (4000 / 32569)...
computing neighbors (5000 / 32569)...
computing neighbors (6000 / 32569)...
computing neighbors (7000 / 32569)...
computing neighbors (8000 / 32569)...
computing neighbors (9000 / 32569)...
computing neighbors (10000 / 32569)...
computing neighbors (11000 / 32569)...
computing neighbors (12000 / 32569)...
computing neighbors (13000 / 32569)...
computing neighbors (14000 / 32569)...
computing neighbors (15000 / 32569)...
computing neighbors (16000 / 32569)...
computing neighbors (17000 / 32569)...
computing neighbors (18000 / 32569)...
computing neighbors (19000 / 32569)...
computing neighbors (20000 / 32569)...
computing neighbors (21000 / 32569)...
computing neighbors (22000 / 32569)...
computing neighbors (23000 / 32569)...
computing neighbors (24000 / 32569)...
computing neighbors (25000 / 32569)...
computing neighbors (26000 / 32569)...
computing neighbors (27000 / 32569)...
computing neighbors (28000 / 32569)...
computing neighbors (29000 / 32569)...
computing neighbors (30000 / 32569)...
computing neighbors (31000 / 32569)...
computing neighbors (32000 / 32569)...
colored 1000 / 32569...
colored 2000 / 32569...
colored 3000 / 32569...
colored 4000 / 32569...
colored 5000 / 32569...
colored 6000 / 32569...
colored 7000 / 32569...
colored 8000 / 32569...
colored 9000 / 32569...
colored 10000 / 32569...
colored 11000 / 32569...
colored 12000 / 32569...
colored 13000 / 32569...
colored 14000 / 32569...
colored 15000 / 32569...
colored 16000 / 32569...
colored 17000 / 32569...
colored 18000 / 32569...
colored 19000 / 32569...
colored 20000 / 32569...
colored 21000 / 32569...
colored 22000 / 32569...
colored 23000 / 32569...
colored 24000 / 32569...
colored 25000 / 32569...
colored 26000 / 32569...
colored 27000 / 32569...
colored 28000 / 32569...
colored 29000 / 32569...
colored 30000 / 32569...
colored 31000 / 32569...
colored 32000 / 32569...
greedy found 318 colors in 33.481 seconds
 time (s)      nb nodes       objective      
---------------------------------------------
  8.080                       318            
  8.111        50.0           317            
  8.273        626.0          316            
  8.525        2.3 k          315            
  9.104        5.7 k          314            
  9.982        13.6 k         313            
  10.931       22.4 k         312            
  13.224       39.0 k         311            
  14.170       57.0 k         310            
  15.622       71.7 k         309            
  17.048       96.2 k         308            
  18.489       129.0 k        307            
  19.907       154.3 k        306            
  20.941       171.0 k        305            
  22.726       189.6 k        304            
  24.705       222.8 k        303            
  25.561       238.4 k        302            
  28.290       275.2 k        301            
  29.276       294.0 k        300            
  35.744       331.7 k        299            
  37.484       356.9 k        298            
  41.224       391.3 k        297            
  44.355       426.1 k        296            
  48.859       462.8 k        295            
  51.199       493.5 k        294            
  55.193       530.0 k        293            
  63.083       571.4 k        292            
  66.751       604.0 k        291            
  73.008       665.1 k        290            
  79.317       712.6 k        289            
  84.284       748.9 k        288            
  90.502       782.7 k        287            
  101.620      848.4 k        286            
  108.073      903.9 k        285            
  128.391      989.9 k        284            
  135.731      1.0 M          283            
  156.700      1.1 M          282            
  177.274      1.2 M          281            
  231.476      1.4 M          280            
  267.096      1.5 M          279            
  290.783      1.6 M          278            
  345.923      1.8 M          277            
  463.820      2.2 M          276            
  618.287      2.6 M          275            
  769.990      3.0 M          274            
  951.438      3.5 M          273            
  1653.493     5.1 M          272            
  1973.341     5.9 M          271            
  6258.399     13.4 M         270            
  6648.520     14.1 M         269            
  6871.411     14.5 M         268            

             nb generated         91.0 M
              nb expanded         53.9 M
               nb trashed           0.0 
     avg branching factor           1.7 
                  nb eval         102.0 
                 nb guide         91.0 M
        time searched (s)      71991.914
      generated nodes / s          1.3 k
        solutions created           0.0 
