printing solutions in: ./dogs-color/insts/cgshop22/vispecn43993.instance.json.solution.json
printing perfs in: ./dogs-color/insts/cgshop22/vispecn43993.instance.json.perf.json

CGSHOP Instance: compute neighbors...
computing neighbors (0 / 43993)...
computing neighbors (1000 / 43993)...
computing neighbors (2000 / 43993)...
computing neighbors (3000 / 43993)...
computing neighbors (4000 / 43993)...
computing neighbors (5000 / 43993)...
computing neighbors (6000 / 43993)...
computing neighbors (7000 / 43993)...
computing neighbors (8000 / 43993)...
computing neighbors (9000 / 43993)...
computing neighbors (10000 / 43993)...
computing neighbors (11000 / 43993)...
computing neighbors (12000 / 43993)...
computing neighbors (13000 / 43993)...
computing neighbors (14000 / 43993)...
computing neighbors (15000 / 43993)...
computing neighbors (16000 / 43993)...
computing neighbors (17000 / 43993)...
computing neighbors (18000 / 43993)...
computing neighbors (19000 / 43993)...
computing neighbors (20000 / 43993)...
computing neighbors (21000 / 43993)...
computing neighbors (22000 / 43993)...
computing neighbors (23000 / 43993)...
computing neighbors (24000 / 43993)...
computing neighbors (25000 / 43993)...
computing neighbors (26000 / 43993)...
computing neighbors (27000 / 43993)...
computing neighbors (28000 / 43993)...
computing neighbors (29000 / 43993)...
computing neighbors (30000 / 43993)...
computing neighbors (31000 / 43993)...
computing neighbors (32000 / 43993)...
computing neighbors (33000 / 43993)...
computing neighbors (34000 / 43993)...
computing neighbors (35000 / 43993)...
computing neighbors (36000 / 43993)...
computing neighbors (37000 / 43993)...
computing neighbors (38000 / 43993)...
computing neighbors (39000 / 43993)...
computing neighbors (40000 / 43993)...
computing neighbors (41000 / 43993)...
computing neighbors (42000 / 43993)...
computing neighbors (43000 / 43993)...
61568      vertices
43993      segments
307        dominations
=======================
CGSHOP Instance: compute neighbors...
computing neighbors (0 / 43993)...
computing neighbors (1000 / 43993)...
computing neighbors (2000 / 43993)...
computing neighbors (3000 / 43993)...
computing neighbors (4000 / 43993)...
computing neighbors (5000 / 43993)...
computing neighbors (6000 / 43993)...
computing neighbors (7000 / 43993)...
computing neighbors (8000 / 43993)...
computing neighbors (9000 / 43993)...
computing neighbors (10000 / 43993)...
computing neighbors (11000 / 43993)...
computing neighbors (12000 / 43993)...
computing neighbors (13000 / 43993)...
computing neighbors (14000 / 43993)...
computing neighbors (15000 / 43993)...
computing neighbors (16000 / 43993)...
computing neighbors (17000 / 43993)...
computing neighbors (18000 / 43993)...
computing neighbors (19000 / 43993)...
computing neighbors (20000 / 43993)...
computing neighbors (21000 / 43993)...
computing neighbors (22000 / 43993)...
computing neighbors (23000 / 43993)...
computing neighbors (24000 / 43993)...
computing neighbors (25000 / 43993)...
computing neighbors (26000 / 43993)...
computing neighbors (27000 / 43993)...
computing neighbors (28000 / 43993)...
computing neighbors (29000 / 43993)...
computing neighbors (30000 / 43993)...
computing neighbors (31000 / 43993)...
computing neighbors (32000 / 43993)...
computing neighbors (33000 / 43993)...
computing neighbors (34000 / 43993)...
computing neighbors (35000 / 43993)...
computing neighbors (36000 / 43993)...
computing neighbors (37000 / 43993)...
computing neighbors (38000 / 43993)...
computing neighbors (39000 / 43993)...
computing neighbors (40000 / 43993)...
computing neighbors (41000 / 43993)...
computing neighbors (42000 / 43993)...
computing neighbors (43000 / 43993)...
colored 1000 / 43993...
colored 2000 / 43993...
colored 3000 / 43993...
colored 4000 / 43993...
colored 5000 / 43993...
colored 6000 / 43993...
colored 7000 / 43993...
colored 8000 / 43993...
colored 9000 / 43993...
colored 10000 / 43993...
colored 11000 / 43993...
colored 12000 / 43993...
colored 13000 / 43993...
colored 14000 / 43993...
colored 15000 / 43993...
colored 16000 / 43993...
colored 17000 / 43993...
colored 18000 / 43993...
colored 19000 / 43993...
colored 20000 / 43993...
colored 21000 / 43993...
colored 22000 / 43993...
colored 23000 / 43993...
colored 24000 / 43993...
colored 25000 / 43993...
colored 26000 / 43993...
colored 27000 / 43993...
colored 28000 / 43993...
colored 29000 / 43993...
colored 30000 / 43993...
colored 31000 / 43993...
colored 32000 / 43993...
colored 33000 / 43993...
colored 34000 / 43993...
colored 35000 / 43993...
colored 36000 / 43993...
colored 37000 / 43993...
colored 38000 / 43993...
colored 39000 / 43993...
colored 40000 / 43993...
colored 41000 / 43993...
colored 42000 / 43993...
colored 43000 / 43993...
greedy found 459 colors in 42.663 seconds
 time (s)      nb nodes       objective      
---------------------------------------------
  9.615                       459            
  9.662        48.0           458            
  9.682        74.0           457            
  9.711        172.0          456            
  9.752        593.0          455            
  9.778        775.0          454            
  9.827        1.3 k          453            
  9.934        2.6 k          452            
  10.039       3.5 k          451            
  10.124       4.1 k          450            
  10.164       4.2 k          449            
  10.219       4.6 k          448            
  10.341       5.1 k          447            
  10.416       5.6 k          446            
  10.668       7.1 k          445            
  10.753       7.7 k          444            
  10.884       8.6 k          443            
  11.191       10.1 k         442            
  11.328       11.3 k         441            
  11.418       11.7 k         440            
  11.737       13.7 k         439            
  11.965       15.8 k         438            
  12.998       20.4 k         437            
  13.830       26.2 k         436            
  14.643       31.4 k         435            
  15.368       36.3 k         434            
  15.602       37.5 k         433            
  16.048       41.0 k         432            
  16.363       44.4 k         431            
  18.471       57.3 k         430            
  19.216       61.4 k         429            
  20.274       67.8 k         428            
  20.699       71.0 k         427            
  20.804       71.8 k         426            
  20.968       72.9 k         425            
  21.172       75.0 k         424            
  23.947       99.3 k         423            
  24.328       102.3 k        422            
  24.577       104.1 k        421            
  24.798       106.0 k        420            
  26.748       120.5 k        419            
  28.056       126.4 k        418            
  29.444       133.1 k        417            
  32.500       154.0 k        416            
  32.825       155.9 k        415            
  35.391       168.6 k        414            
  39.553       191.4 k        413            
  42.334       203.9 k        412            
  45.572       219.7 k        411            
  47.174       227.1 k        410            
  48.957       235.8 k        409            
  50.780       249.3 k        408            
  52.223       259.4 k        407            
  56.280       273.5 k        406            
  59.292       285.3 k        405            
  69.958       333.5 k        404            
  76.537       358.7 k        403            
  93.428       420.9 k        402            
  95.224       428.4 k        401            
  96.951       438.1 k        400            
  99.992       453.4 k        399            
  101.302      462.1 k        398            
  101.892      464.8 k        397            
  111.437      506.1 k        396            
  117.187      527.5 k        395            
  143.065      646.7 k        394            
  150.240      677.8 k        393            
  159.747      712.4 k        392            
  164.491      734.5 k        391            
  200.548      860.4 k        390            
  209.379      900.3 k        389            
  226.093      946.1 k        388            
  226.928      950.2 k        387            
  228.319      957.4 k        386            
  230.012      968.5 k        385            
  244.992      1.0 M          384            
  246.030      1.0 M          383            
  268.045      1.2 M          382            
  283.399      1.2 M          381            
  287.594      1.2 M          380            
  297.821      1.3 M          379            
  327.273      1.4 M          378            
  437.746      1.7 M          377            
  442.984      1.7 M          376            
  476.228      1.8 M          375            
  486.064      1.9 M          374            
  498.287      2.0 M          373            
  520.632      2.0 M          372            
  689.531      2.5 M          371            
  693.735      2.6 M          370            
  1278.727     3.9 M          369            
  1279.844     3.9 M          368            
  1452.130     4.3 M          367            
  2014.243     5.6 M          366            
  2027.504     5.6 M          365            
  2249.982     6.1 M          364            
  2372.238     6.4 M          363            
  2464.101     6.7 M          362            
  2669.190     7.3 M          361            
  6039.548     13.9 M         360            
  6171.096     14.2 M         359            
  6224.248     14.4 M         358            
  6234.796     14.4 M         357            
  6375.601     14.8 M         356            
  31302.359    55.7 M         355            
  31655.656    56.3 M         354            
  31925.648    56.8 M         353            

             nb generated        119.9 M
              nb expanded         52.5 M
               nb trashed           0.0 
     avg branching factor           2.3 
                  nb eval         214.0 
                 nb guide        119.9 M
        time searched (s)      71990.383
      generated nodes / s          1.7 k
        solutions created           0.0 
