printing solutions in: ./dogs-color/insts/cgshop22/sqrpecn23715.instance.json.solution.json
printing perfs in: ./dogs-color/insts/cgshop22/sqrpecn23715.instance.json.perf.json

CGSHOP Instance: compute neighbors...
computing neighbors (0 / 23715)...
computing neighbors (1000 / 23715)...
computing neighbors (2000 / 23715)...
computing neighbors (3000 / 23715)...
computing neighbors (4000 / 23715)...
computing neighbors (5000 / 23715)...
computing neighbors (6000 / 23715)...
computing neighbors (7000 / 23715)...
computing neighbors (8000 / 23715)...
computing neighbors (9000 / 23715)...
computing neighbors (10000 / 23715)...
computing neighbors (11000 / 23715)...
computing neighbors (12000 / 23715)...
computing neighbors (13000 / 23715)...
computing neighbors (14000 / 23715)...
computing neighbors (15000 / 23715)...
computing neighbors (16000 / 23715)...
computing neighbors (17000 / 23715)...
computing neighbors (18000 / 23715)...
computing neighbors (19000 / 23715)...
computing neighbors (20000 / 23715)...
computing neighbors (21000 / 23715)...
computing neighbors (22000 / 23715)...
computing neighbors (23000 / 23715)...
37422      vertices
23715      segments
281        dominations
=======================
CGSHOP Instance: compute neighbors...
computing neighbors (0 / 23715)...
computing neighbors (1000 / 23715)...
computing neighbors (2000 / 23715)...
computing neighbors (3000 / 23715)...
computing neighbors (4000 / 23715)...
computing neighbors (5000 / 23715)...
computing neighbors (6000 / 23715)...
computing neighbors (7000 / 23715)...
computing neighbors (8000 / 23715)...
computing neighbors (9000 / 23715)...
computing neighbors (10000 / 23715)...
computing neighbors (11000 / 23715)...
computing neighbors (12000 / 23715)...
computing neighbors (13000 / 23715)...
computing neighbors (14000 / 23715)...
computing neighbors (15000 / 23715)...
computing neighbors (16000 / 23715)...
computing neighbors (17000 / 23715)...
computing neighbors (18000 / 23715)...
computing neighbors (19000 / 23715)...
computing neighbors (20000 / 23715)...
computing neighbors (21000 / 23715)...
computing neighbors (22000 / 23715)...
computing neighbors (23000 / 23715)...
colored 1000 / 23715...
colored 2000 / 23715...
colored 3000 / 23715...
colored 4000 / 23715...
colored 5000 / 23715...
colored 6000 / 23715...
colored 7000 / 23715...
colored 8000 / 23715...
colored 9000 / 23715...
colored 10000 / 23715...
colored 11000 / 23715...
colored 12000 / 23715...
colored 13000 / 23715...
colored 14000 / 23715...
colored 15000 / 23715...
colored 16000 / 23715...
colored 17000 / 23715...
colored 18000 / 23715...
colored 19000 / 23715...
colored 20000 / 23715...
colored 21000 / 23715...
colored 22000 / 23715...
colored 23000 / 23715...
greedy found 480 colors in 20.937 seconds
 time (s)      nb nodes       objective      
---------------------------------------------
  5.775                       480            
  5.819        122.0          479            
  5.935        1.1 k          478            
  7.897        10.6 k         477            
  10.027       20.6 k         476            
  10.937       30.8 k         475            
  13.447       57.5 k         474            
  13.888       61.7 k         473            
  20.846       101.6 k        472            
  22.186       109.4 k        471            
  24.147       127.3 k        470            
  27.483       141.4 k        469            
  46.157       210.1 k        468            
  50.088       233.5 k        467            
  58.483       262.3 k        466            
  63.918       293.9 k        465            
  68.661       311.5 k        464            
  72.087       323.2 k        463            
  77.649       349.1 k        462            
  81.983       372.1 k        461            
  89.864       399.0 k        460            
  106.558      460.9 k        459            
  117.539      493.8 k        458            
  121.600      518.5 k        457            
  126.496      534.9 k        456            
  144.883      590.6 k        455            
  162.431      630.8 k        454            
  165.988      641.5 k        453            
  222.907      777.1 k        452            
  232.833      797.8 k        451            
  243.688      822.6 k        450            
  253.585      858.6 k        449            
  263.339      898.8 k        448            
  298.942      970.9 k        447            
  367.261      1.1 M          446            
  390.117      1.2 M          445            
  450.537      1.3 M          444            
  459.895      1.3 M          443            
  473.717      1.3 M          442            
  539.178      1.4 M          441            
  653.844      1.6 M          440            
  673.681      1.7 M          439            
  834.456      1.9 M          438            
  917.968      2.1 M          437            
  2454.433     4.0 M          436            
  2763.290     4.3 M          435            
  2806.122     4.4 M          434            
  6074.918     7.8 M          433            
  7912.058     9.6 M          432            
  8004.241     9.7 M          431            
  14459.299    15.8 M         430            
  15022.731    16.4 M         429            
  23304.889    23.9 M         428            
  29866.373    29.9 M         427            
  57497.734    53.7 M         426            
  58015.113    54.1 M         425            

             nb generated         65.5 M
              nb expanded         38.0 M
               nb trashed           0.0 
     avg branching factor           1.7 
                  nb eval         112.0 
                 nb guide         65.5 M
        time searched (s)      71994.219
      generated nodes / s         909.6 
        solutions created           0.0 
