printing solutions in: ./dogs-color/insts/cgshop22/vispecn26166.instance.json.solution.json
printing perfs in: ./dogs-color/insts/cgshop22/vispecn26166.instance.json.perf.json

CGSHOP Instance: compute neighbors...
computing neighbors (0 / 26166)...
computing neighbors (1000 / 26166)...
computing neighbors (2000 / 26166)...
computing neighbors (3000 / 26166)...
computing neighbors (4000 / 26166)...
computing neighbors (5000 / 26166)...
computing neighbors (6000 / 26166)...
computing neighbors (7000 / 26166)...
computing neighbors (8000 / 26166)...
computing neighbors (9000 / 26166)...
computing neighbors (10000 / 26166)...
computing neighbors (11000 / 26166)...
computing neighbors (12000 / 26166)...
computing neighbors (13000 / 26166)...
computing neighbors (14000 / 26166)...
computing neighbors (15000 / 26166)...
computing neighbors (16000 / 26166)...
computing neighbors (17000 / 26166)...
computing neighbors (18000 / 26166)...
computing neighbors (19000 / 26166)...
computing neighbors (20000 / 26166)...
computing neighbors (21000 / 26166)...
computing neighbors (22000 / 26166)...
computing neighbors (23000 / 26166)...
computing neighbors (24000 / 26166)...
computing neighbors (25000 / 26166)...
computing neighbors (26000 / 26166)...
36624      vertices
26166      segments
208        dominations
=======================
CGSHOP Instance: compute neighbors...
computing neighbors (0 / 26166)...
computing neighbors (1000 / 26166)...
computing neighbors (2000 / 26166)...
computing neighbors (3000 / 26166)...
computing neighbors (4000 / 26166)...
computing neighbors (5000 / 26166)...
computing neighbors (6000 / 26166)...
computing neighbors (7000 / 26166)...
computing neighbors (8000 / 26166)...
computing neighbors (9000 / 26166)...
computing neighbors (10000 / 26166)...
computing neighbors (11000 / 26166)...
computing neighbors (12000 / 26166)...
computing neighbors (13000 / 26166)...
computing neighbors (14000 / 26166)...
computing neighbors (15000 / 26166)...
computing neighbors (16000 / 26166)...
computing neighbors (17000 / 26166)...
computing neighbors (18000 / 26166)...
computing neighbors (19000 / 26166)...
computing neighbors (20000 / 26166)...
computing neighbors (21000 / 26166)...
computing neighbors (22000 / 26166)...
computing neighbors (23000 / 26166)...
computing neighbors (24000 / 26166)...
computing neighbors (25000 / 26166)...
computing neighbors (26000 / 26166)...
colored 1000 / 26166...
colored 2000 / 26166...
colored 3000 / 26166...
colored 4000 / 26166...
colored 5000 / 26166...
colored 6000 / 26166...
colored 7000 / 26166...
colored 8000 / 26166...
colored 9000 / 26166...
colored 10000 / 26166...
colored 11000 / 26166...
colored 12000 / 26166...
colored 13000 / 26166...
colored 14000 / 26166...
colored 15000 / 26166...
colored 16000 / 26166...
colored 17000 / 26166...
colored 18000 / 26166...
colored 19000 / 26166...
colored 20000 / 26166...
colored 21000 / 26166...
colored 22000 / 26166...
colored 23000 / 26166...
colored 24000 / 26166...
colored 25000 / 26166...
colored 26000 / 26166...
greedy found 374 colors in 10.104 seconds
 time (s)      nb nodes       objective      
---------------------------------------------
  3.172                       374            
  3.189        2.0            373            
  3.235        74.0           372            
  3.242        116.0          371            
  3.263        568.0          370            
  3.277        634.0          369            
  3.288        707.0          368            
  3.319        1.0 k          367            
  3.334        1.2 k          366            
  3.354        1.3 k          365            
  3.374        1.5 k          364            
  3.390        1.6 k          363            
  3.399        1.7 k          362            
  3.421        2.2 k          361            
  3.459        3.1 k          360            
  3.474        3.2 k          359            
  3.554        5.8 k          358            
  3.569        5.9 k          357            
  3.599        6.4 k          356            
  3.647        8.0 k          355            
  3.733        9.1 k          354            
  3.892        12.8 k         353            
  3.978        14.1 k         352            
  4.003        14.4 k         351            
  4.028        14.9 k         350            
  4.122        16.5 k         349            
  4.374        22.3 k         348            
  4.609        26.1 k         347            
  5.105        33.5 k         346            
  5.458        38.8 k         345            
  5.601        41.0 k         344            
  5.684        42.1 k         343            
  6.101        47.8 k         342            
  6.666        63.5 k         341            
  7.591        76.1 k         340            
  8.021        82.3 k         339            
  8.247        85.8 k         338            
  8.387        88.4 k         337            
  8.685        93.3 k         336            
  10.706       123.1 k        335            
  12.333       144.8 k        334            
  14.699       172.6 k        333            
  16.740       192.0 k        332            
  17.185       200.4 k        331            
  17.537       206.9 k        330            
  18.036       215.0 k        329            
  18.666       223.2 k        328            
  19.756       240.9 k        327            
  20.615       252.4 k        326            
  21.292       261.7 k        325            
  21.524       265.4 k        324            
  22.524       281.3 k        323            
  23.305       291.6 k        322            
  30.437       373.3 k        321            
  31.669       387.9 k        320            
  32.514       399.2 k        319            
  33.249       409.6 k        318            
  35.276       434.7 k        317            
  36.357       450.1 k        316            
  39.967       490.9 k        315            
  41.447       512.4 k        314            
  43.719       544.7 k        313            
  48.491       600.2 k        312            
  52.203       644.9 k        311            
  67.298       790.6 k        310            
  70.416       828.2 k        309            
  76.926       897.8 k        308            
  80.758       943.5 k        307            
  90.857       1.1 M          306            
  91.676       1.1 M          305            
  103.817      1.2 M          304            
  106.625      1.2 M          303            
  118.393      1.4 M          302            
  156.757      1.7 M          301            
  207.697      2.1 M          300            
  210.805      2.1 M          299            
  214.790      2.2 M          298            
  289.106      2.8 M          297            
  300.862      2.9 M          296            
  320.137      3.1 M          295            
  436.525      3.9 M          294            
  932.674      6.6 M          293            
  969.820      6.8 M          292            
  1015.061     7.0 M          291            
  1511.138     9.5 M          290            
  1521.799     9.5 M          289            
  1607.874     10.1 M         288            
  4010.359     20.2 M         287            
  4064.990     20.5 M         286            
  4651.055     22.9 M         285            
  5144.043     25.0 M         284            
  14629.209    58.3 M         283            
  17302.133    67.7 M         282            

             nb generated        235.9 M
              nb expanded        121.3 M
               nb trashed           0.0 
     avg branching factor           1.9 
                  nb eval         186.0 
                 nb guide        235.9 M
        time searched (s)      71996.828
      generated nodes / s          3.3 k
        solutions created           0.0 
