printing solutions in: ./dogs-color/insts/cgshop22/reecn27494.instance.json.solution.json
printing perfs in: ./dogs-color/insts/cgshop22/reecn27494.instance.json.perf.json

CGSHOP Instance: compute neighbors...
computing neighbors (0 / 27494)...
computing neighbors (1000 / 27494)...
computing neighbors (2000 / 27494)...
computing neighbors (3000 / 27494)...
computing neighbors (4000 / 27494)...
computing neighbors (5000 / 27494)...
computing neighbors (6000 / 27494)...
computing neighbors (7000 / 27494)...
computing neighbors (8000 / 27494)...
computing neighbors (9000 / 27494)...
computing neighbors (10000 / 27494)...
computing neighbors (11000 / 27494)...
computing neighbors (12000 / 27494)...
computing neighbors (13000 / 27494)...
computing neighbors (14000 / 27494)...
computing neighbors (15000 / 27494)...
computing neighbors (16000 / 27494)...
computing neighbors (17000 / 27494)...
computing neighbors (18000 / 27494)...
computing neighbors (19000 / 27494)...
computing neighbors (20000 / 27494)...
computing neighbors (21000 / 27494)...
computing neighbors (22000 / 27494)...
computing neighbors (23000 / 27494)...
computing neighbors (24000 / 27494)...
computing neighbors (25000 / 27494)...
computing neighbors (26000 / 27494)...
computing neighbors (27000 / 27494)...
38540      vertices
27494      segments
218        dominations
=======================
CGSHOP Instance: compute neighbors...
computing neighbors (0 / 27494)...
computing neighbors (1000 / 27494)...
computing neighbors (2000 / 27494)...
computing neighbors (3000 / 27494)...
computing neighbors (4000 / 27494)...
computing neighbors (5000 / 27494)...
computing neighbors (6000 / 27494)...
computing neighbors (7000 / 27494)...
computing neighbors (8000 / 27494)...
computing neighbors (9000 / 27494)...
computing neighbors (10000 / 27494)...
computing neighbors (11000 / 27494)...
computing neighbors (12000 / 27494)...
computing neighbors (13000 / 27494)...
computing neighbors (14000 / 27494)...
computing neighbors (15000 / 27494)...
computing neighbors (16000 / 27494)...
computing neighbors (17000 / 27494)...
computing neighbors (18000 / 27494)...
computing neighbors (19000 / 27494)...
computing neighbors (20000 / 27494)...
computing neighbors (21000 / 27494)...
computing neighbors (22000 / 27494)...
computing neighbors (23000 / 27494)...
computing neighbors (24000 / 27494)...
computing neighbors (25000 / 27494)...
computing neighbors (26000 / 27494)...
computing neighbors (27000 / 27494)...
colored 1000 / 27494...
colored 2000 / 27494...
colored 3000 / 27494...
colored 4000 / 27494...
colored 5000 / 27494...
colored 6000 / 27494...
colored 7000 / 27494...
colored 8000 / 27494...
colored 9000 / 27494...
colored 10000 / 27494...
colored 11000 / 27494...
colored 12000 / 27494...
colored 13000 / 27494...
colored 14000 / 27494...
colored 15000 / 27494...
colored 16000 / 27494...
colored 17000 / 27494...
colored 18000 / 27494...
colored 19000 / 27494...
colored 20000 / 27494...
colored 21000 / 27494...
colored 22000 / 27494...
colored 23000 / 27494...
colored 24000 / 27494...
colored 25000 / 27494...
colored 26000 / 27494...
colored 27000 / 27494...
greedy found 208 colors in 18.932 seconds
 time (s)      nb nodes       objective      
---------------------------------------------
  5.062                       208            
  5.104        162.0          207            
  5.397        1.8 k          206            
  6.859        11.9 k         205            
  9.050        24.9 k         204            
  11.417       37.9 k         203            
  12.516       57.9 k         202            
  15.347       96.0 k         201            
  17.643       132.1 k        200            
  23.312       175.2 k        199            
  29.968       212.8 k        198            
  38.029       255.1 k        197            
  51.758       322.2 k        196            
  63.086       387.7 k        195            
  66.977       417.7 k        194            
  118.821      633.3 k        193            
  139.493      736.5 k        192            
  164.344      844.2 k        191            
  314.202      1.3 M          190            
  2825.423     7.2 M          189            
  60383.340    100.7 M        188            

             nb generated        118.7 M
              nb expanded         87.2 M
               nb trashed           0.0 
     avg branching factor           1.4 
                  nb eval          42.0 
                 nb guide        118.7 M
        time searched (s)      71994.938
      generated nodes / s          1.6 k
        solutions created           0.0 
