printing solutions in: ./dogs-color/insts/cgshop22/vispecn41599.instance.json.solution.json
printing perfs in: ./dogs-color/insts/cgshop22/vispecn41599.instance.json.perf.json

CGSHOP Instance: compute neighbors...
computing neighbors (0 / 41599)...
computing neighbors (1000 / 41599)...
computing neighbors (2000 / 41599)...
computing neighbors (3000 / 41599)...
computing neighbors (4000 / 41599)...
computing neighbors (5000 / 41599)...
computing neighbors (6000 / 41599)...
computing neighbors (7000 / 41599)...
computing neighbors (8000 / 41599)...
computing neighbors (9000 / 41599)...
computing neighbors (10000 / 41599)...
computing neighbors (11000 / 41599)...
computing neighbors (12000 / 41599)...
computing neighbors (13000 / 41599)...
computing neighbors (14000 / 41599)...
computing neighbors (15000 / 41599)...
computing neighbors (16000 / 41599)...
computing neighbors (17000 / 41599)...
computing neighbors (18000 / 41599)...
computing neighbors (19000 / 41599)...
computing neighbors (20000 / 41599)...
computing neighbors (21000 / 41599)...
computing neighbors (22000 / 41599)...
computing neighbors (23000 / 41599)...
computing neighbors (24000 / 41599)...
computing neighbors (25000 / 41599)...
computing neighbors (26000 / 41599)...
computing neighbors (27000 / 41599)...
computing neighbors (28000 / 41599)...
computing neighbors (29000 / 41599)...
computing neighbors (30000 / 41599)...
computing neighbors (31000 / 41599)...
computing neighbors (32000 / 41599)...
computing neighbors (33000 / 41599)...
computing neighbors (34000 / 41599)...
computing neighbors (35000 / 41599)...
computing neighbors (36000 / 41599)...
computing neighbors (37000 / 41599)...
computing neighbors (38000 / 41599)...
computing neighbors (39000 / 41599)...
computing neighbors (40000 / 41599)...
computing neighbors (41000 / 41599)...
57990      vertices
41599      segments
240        dominations
=======================
CGSHOP Instance: compute neighbors...
computing neighbors (0 / 41599)...
computing neighbors (1000 / 41599)...
computing neighbors (2000 / 41599)...
computing neighbors (3000 / 41599)...
computing neighbors (4000 / 41599)...
computing neighbors (5000 / 41599)...
computing neighbors (6000 / 41599)...
computing neighbors (7000 / 41599)...
computing neighbors (8000 / 41599)...
computing neighbors (9000 / 41599)...
computing neighbors (10000 / 41599)...
computing neighbors (11000 / 41599)...
computing neighbors (12000 / 41599)...
computing neighbors (13000 / 41599)...
computing neighbors (14000 / 41599)...
computing neighbors (15000 / 41599)...
computing neighbors (16000 / 41599)...
computing neighbors (17000 / 41599)...
computing neighbors (18000 / 41599)...
computing neighbors (19000 / 41599)...
computing neighbors (20000 / 41599)...
computing neighbors (21000 / 41599)...
computing neighbors (22000 / 41599)...
computing neighbors (23000 / 41599)...
computing neighbors (24000 / 41599)...
computing neighbors (25000 / 41599)...
computing neighbors (26000 / 41599)...
computing neighbors (27000 / 41599)...
computing neighbors (28000 / 41599)...
computing neighbors (29000 / 41599)...
computing neighbors (30000 / 41599)...
computing neighbors (31000 / 41599)...
computing neighbors (32000 / 41599)...
computing neighbors (33000 / 41599)...
computing neighbors (34000 / 41599)...
computing neighbors (35000 / 41599)...
computing neighbors (36000 / 41599)...
computing neighbors (37000 / 41599)...
computing neighbors (38000 / 41599)...
computing neighbors (39000 / 41599)...
computing neighbors (40000 / 41599)...
computing neighbors (41000 / 41599)...
colored 1000 / 41599...
colored 2000 / 41599...
colored 3000 / 41599...
colored 4000 / 41599...
colored 5000 / 41599...
colored 6000 / 41599...
colored 7000 / 41599...
colored 8000 / 41599...
colored 9000 / 41599...
colored 10000 / 41599...
colored 11000 / 41599...
colored 12000 / 41599...
colored 13000 / 41599...
colored 14000 / 41599...
colored 15000 / 41599...
colored 16000 / 41599...
colored 17000 / 41599...
colored 18000 / 41599...
colored 19000 / 41599...
colored 20000 / 41599...
colored 21000 / 41599...
colored 22000 / 41599...
colored 23000 / 41599...
colored 24000 / 41599...
colored 25000 / 41599...
colored 26000 / 41599...
colored 27000 / 41599...
colored 28000 / 41599...
colored 29000 / 41599...
colored 30000 / 41599...
colored 31000 / 41599...
colored 32000 / 41599...
colored 33000 / 41599...
colored 34000 / 41599...
colored 35000 / 41599...
colored 36000 / 41599...
colored 37000 / 41599...
colored 38000 / 41599...
colored 39000 / 41599...
colored 40000 / 41599...
colored 41000 / 41599...
greedy found 432 colors in 52.208 seconds
 time (s)      nb nodes       objective      
---------------------------------------------
  10.547                      432            
  10.718       2.0            431            
  10.887       5.0            430            
  11.101       349.0          429            
  11.148       607.0          428            
  11.181       694.0          427            
  11.249       1.1 k          426            
  11.307       1.3 k          425            
  11.356       1.5 k          424            
  11.645       3.2 k          423            
  11.888       4.9 k          422            
  12.067       5.6 k          421            
  12.293       7.2 k          420            
  12.856       10.7 k         419            
  12.989       11.7 k         418            
  13.225       13.5 k         417            
  13.448       15.2 k         416            
  14.074       20.5 k         415            
  14.799       25.9 k         414            
  14.980       27.4 k         413            
  15.474       32.3 k         412            
  16.076       36.6 k         411            
  16.572       43.6 k         410            
  17.411       49.1 k         409            
  17.735       53.5 k         408            
  18.715       61.6 k         407            
  21.103       73.0 k         406            
  21.792       76.9 k         405            
  22.873       82.3 k         404            
  23.742       90.9 k         403            
  24.669       96.7 k         402            
  26.499       106.5 k        401            
  28.689       118.6 k        400            
  29.375       122.9 k        399            
  30.827       131.8 k        398            
  33.012       144.2 k        397            
  35.527       156.4 k        396            
  36.919       168.4 k        395            
  41.775       190.6 k        394            
  45.081       204.2 k        393            
  52.621       244.4 k        392            
  54.160       252.9 k        391            
  54.868       257.8 k        390            
  57.657       272.8 k        389            
  63.111       302.4 k        388            
  68.029       329.1 k        387            
  75.361       359.6 k        386            
  78.936       381.6 k        385            
  83.081       403.4 k        384            
  88.680       429.2 k        383            
  93.115       450.1 k        382            
  97.451       474.3 k        381            
  99.058       486.0 k        380            
  104.071      509.5 k        379            
  107.916      527.6 k        378            
  115.199      560.7 k        377            
  121.420      591.6 k        376            
  131.231      640.4 k        375            
  143.463      685.6 k        374            
  160.039      761.9 k        373            
  169.684      796.7 k        372            
  182.453      838.0 k        371            
  199.995      894.3 k        370            
  206.545      924.2 k        369            
  241.641      1.0 M          368            
  252.608      1.1 M          367            
  273.588      1.2 M          366            
  310.906      1.3 M          365            
  335.671      1.4 M          364            
  364.853      1.4 M          363            
  372.252      1.5 M          362            
  387.148      1.5 M          361            
  460.432      1.8 M          360            
  518.590      1.9 M          359            
  550.428      2.0 M          358            
  573.218      2.1 M          357            
  844.863      2.9 M          356            
  856.788      2.9 M          355            
  976.968      3.2 M          354            
  995.816      3.3 M          353            
  1065.898     3.4 M          352            
  2422.956     6.4 M          351            
  2492.124     6.5 M          350            
  2606.702     6.8 M          349            
  3288.735     8.2 M          348            
  3399.002     8.4 M          347            
  3426.358     8.5 M          346            
  3917.519     9.6 M          345            
  18828.596    31.4 M         344            
  19074.303    31.8 M         343            
  19257.463    32.0 M         342            
  22214.523    36.6 M         341            
  55840.844    79.2 M         340            
  57086.348    80.7 M         339            
  58531.969    82.7 M         338            

             nb generated         99.0 M
              nb expanded         47.6 M
               nb trashed           0.0 
     avg branching factor           2.1 
                  nb eval         190.0 
                 nb guide         99.0 M
        time searched (s)      71989.453
      generated nodes / s          1.4 k
        solutions created           0.0 
