printing solutions in: ./dogs-color/insts/cgshop22/vispecn28567.instance.json.solution.json
printing perfs in: ./dogs-color/insts/cgshop22/vispecn28567.instance.json.perf.json

CGSHOP Instance: compute neighbors...
computing neighbors (0 / 28567)...
computing neighbors (1000 / 28567)...
computing neighbors (2000 / 28567)...
computing neighbors (3000 / 28567)...
computing neighbors (4000 / 28567)...
computing neighbors (5000 / 28567)...
computing neighbors (6000 / 28567)...
computing neighbors (7000 / 28567)...
computing neighbors (8000 / 28567)...
computing neighbors (9000 / 28567)...
computing neighbors (10000 / 28567)...
computing neighbors (11000 / 28567)...
computing neighbors (12000 / 28567)...
computing neighbors (13000 / 28567)...
computing neighbors (14000 / 28567)...
computing neighbors (15000 / 28567)...
computing neighbors (16000 / 28567)...
computing neighbors (17000 / 28567)...
computing neighbors (18000 / 28567)...
computing neighbors (19000 / 28567)...
computing neighbors (20000 / 28567)...
computing neighbors (21000 / 28567)...
computing neighbors (22000 / 28567)...
computing neighbors (23000 / 28567)...
computing neighbors (24000 / 28567)...
computing neighbors (25000 / 28567)...
computing neighbors (26000 / 28567)...
computing neighbors (27000 / 28567)...
computing neighbors (28000 / 28567)...
40018      vertices
28567      segments
229        dominations
=======================
CGSHOP Instance: compute neighbors...
computing neighbors (0 / 28567)...
computing neighbors (1000 / 28567)...
computing neighbors (2000 / 28567)...
computing neighbors (3000 / 28567)...
computing neighbors (4000 / 28567)...
computing neighbors (5000 / 28567)...
computing neighbors (6000 / 28567)...
computing neighbors (7000 / 28567)...
computing neighbors (8000 / 28567)...
computing neighbors (9000 / 28567)...
computing neighbors (10000 / 28567)...
computing neighbors (11000 / 28567)...
computing neighbors (12000 / 28567)...
computing neighbors (13000 / 28567)...
computing neighbors (14000 / 28567)...
computing neighbors (15000 / 28567)...
computing neighbors (16000 / 28567)...
computing neighbors (17000 / 28567)...
computing neighbors (18000 / 28567)...
computing neighbors (19000 / 28567)...
computing neighbors (20000 / 28567)...
computing neighbors (21000 / 28567)...
computing neighbors (22000 / 28567)...
computing neighbors (23000 / 28567)...
computing neighbors (24000 / 28567)...
computing neighbors (25000 / 28567)...
computing neighbors (26000 / 28567)...
computing neighbors (27000 / 28567)...
computing neighbors (28000 / 28567)...
colored 1000 / 28567...
colored 2000 / 28567...
colored 3000 / 28567...
colored 4000 / 28567...
colored 5000 / 28567...
colored 6000 / 28567...
colored 7000 / 28567...
colored 8000 / 28567...
colored 9000 / 28567...
colored 10000 / 28567...
colored 11000 / 28567...
colored 12000 / 28567...
colored 13000 / 28567...
colored 14000 / 28567...
colored 15000 / 28567...
colored 16000 / 28567...
colored 17000 / 28567...
colored 18000 / 28567...
colored 19000 / 28567...
colored 20000 / 28567...
colored 21000 / 28567...
colored 22000 / 28567...
colored 23000 / 28567...
colored 24000 / 28567...
colored 25000 / 28567...
colored 26000 / 28567...
colored 27000 / 28567...
colored 28000 / 28567...
greedy found 366 colors in 11.932 seconds
 time (s)      nb nodes       objective      
---------------------------------------------
  3.501                       366            
  3.569        38.0           365            
  3.598        62.0           364            
  3.611        271.0          363            
  3.622        275.0          362            
  3.655        452.0          361            
  3.682        562.0          360            
  3.712        625.0          359            
  3.727        1.3 k          358            
  3.749        1.7 k          357            
  3.766        1.8 k          356            
  3.794        2.3 k          355            
  3.822        2.4 k          354            
  3.859        2.8 k          353            
  3.875        2.8 k          352            
  3.900        3.3 k          351            
  3.916        3.5 k          350            
  3.950        4.0 k          349            
  3.982        4.8 k          348            
  4.018        5.1 k          347            
  4.126        6.8 k          346            
  4.158        7.0 k          345            
  4.201        7.5 k          344            
  4.287        9.3 k          343            
  4.462        12.7 k         342            
  4.481        12.8 k         341            
  4.509        13.1 k         340            
  4.536        13.6 k         339            
  4.661        16.0 k         338            
  4.732        17.3 k         337            
  4.866        19.7 k         336            
  4.963        20.7 k         335            
  5.042        22.2 k         334            
  5.221        25.2 k         333            
  5.279        26.5 k         332            
  5.447        30.2 k         331            
  5.770        35.3 k         330            
  5.824        35.7 k         329            
  6.009        39.6 k         328            
  6.108        41.5 k         327            
  6.246        43.9 k         326            
  6.599        50.7 k         325            
  7.014        59.0 k         324            
  7.360        64.1 k         323            
  7.497        66.8 k         322            
  7.962        76.9 k         321            
  8.294        82.0 k         320            
  8.779        88.4 k         319            
  9.651        105.0 k        318            
  9.919        111.4 k        317            
  10.618       124.5 k        316            
  11.819       145.6 k        315            
  12.520       157.0 k        314            
  12.983       165.5 k        313            
  13.496       175.2 k        312            
  14.761       196.2 k        311            
  15.528       211.1 k        310            
  19.099       260.8 k        309            
  20.546       283.4 k        308            
  21.512       298.4 k        307            
  25.358       364.5 k        306            
  25.811       372.9 k        305            
  26.906       394.1 k        304            
  28.603       420.3 k        303            
  29.515       436.1 k        302            
  30.217       448.3 k        301            
  31.765       473.0 k        300            
  32.409       487.3 k        299            
  37.214       571.0 k        298            
  39.573       609.7 k        297            
  42.590       655.4 k        296            
  44.110       680.0 k        295            
  45.123       701.2 k        294            
  47.266       737.9 k        293            
  49.105       772.1 k        292            
  63.542       954.5 k        291            
  71.261       1.1 M          290            
  76.547       1.2 M          289            
  100.566      1.5 M          288            
  104.668      1.5 M          287            
  111.967      1.6 M          286            
  137.474      1.9 M          285            
  138.663      1.9 M          284            
  167.245      2.3 M          283            
  171.557      2.3 M          282            
  292.511      3.5 M          281            
  299.770      3.6 M          280            
  309.814      3.7 M          279            
  316.955      3.8 M          278            
  332.764      4.0 M          277            
  378.805      4.5 M          276            
  559.774      6.0 M          275            
  579.331      6.2 M          274            
  766.466      7.8 M          273            
  931.884      9.2 M          272            
  939.409      9.3 M          271            
  968.407      9.6 M          270            
  3867.919     25.3 M         269            
  11111.621    58.1 M         268            
  11202.294    58.6 M         267            
  30456.449    138.9 M        266            

             nb generated        299.8 M
              nb expanded        143.9 M
               nb trashed           0.0 
     avg branching factor           2.1 
                  nb eval         202.0 
                 nb guide        299.8 M
        time searched (s)      71996.492
      generated nodes / s          4.2 k
        solutions created           0.0 
