printing solutions in: ./dogs-color/insts/cgshop22/sqrp10642.instance.json.solution.json
printing perfs in: ./dogs-color/insts/cgshop22/sqrp10642.instance.json.perf.json

CGSHOP Instance: compute neighbors...
computing neighbors (0 / 10642)...
computing neighbors (1000 / 10642)...
computing neighbors (2000 / 10642)...
computing neighbors (3000 / 10642)...
computing neighbors (4000 / 10642)...
computing neighbors (5000 / 10642)...
computing neighbors (6000 / 10642)...
computing neighbors (7000 / 10642)...
computing neighbors (8000 / 10642)...
computing neighbors (9000 / 10642)...
computing neighbors (10000 / 10642)...
471        vertices
10642      segments
1762       dominations
=======================
CGSHOP Instance: compute neighbors...
computing neighbors (0 / 10642)...
computing neighbors (1000 / 10642)...
computing neighbors (2000 / 10642)...
computing neighbors (3000 / 10642)...
computing neighbors (4000 / 10642)...
computing neighbors (5000 / 10642)...
computing neighbors (6000 / 10642)...
computing neighbors (7000 / 10642)...
computing neighbors (8000 / 10642)...
computing neighbors (9000 / 10642)...
computing neighbors (10000 / 10642)...
colored 1000 / 10642...
colored 2000 / 10642...
colored 3000 / 10642...
colored 4000 / 10642...
colored 5000 / 10642...
colored 6000 / 10642...
colored 7000 / 10642...
colored 8000 / 10642...
colored 9000 / 10642...
colored 10000 / 10642...
greedy found 132 colors in 2.145 seconds
 time (s)      nb nodes       objective      
---------------------------------------------
  0.889                       132            
  0.894        26.0           131            
  0.920        280.0          130            
  1.230        3.8 k          129            
  2.484        17.3 k         128            
  3.939        35.0 k         127            
  14.139       128.0 k        126            
  449.394      3.0 M          125            

             nb generated        399.8 M
              nb expanded        300.7 M
               nb trashed           0.0 
     avg branching factor           1.3 
                  nb eval          16.0 
                 nb guide        399.8 M
        time searched (s)      71999.109
      generated nodes / s          5.6 k
        solutions created           0.0 
invalid solution (reason: ConflictingEdge(118, 6535))
