printing solutions in: ./dogs-color/insts/cgshop22/reecn45823.instance.json.solution.json
printing perfs in: ./dogs-color/insts/cgshop22/reecn45823.instance.json.perf.json

CGSHOP Instance: compute neighbors...
computing neighbors (0 / 45823)...
computing neighbors (1000 / 45823)...
computing neighbors (2000 / 45823)...
computing neighbors (3000 / 45823)...
computing neighbors (4000 / 45823)...
computing neighbors (5000 / 45823)...
computing neighbors (6000 / 45823)...
computing neighbors (7000 / 45823)...
computing neighbors (8000 / 45823)...
computing neighbors (9000 / 45823)...
computing neighbors (10000 / 45823)...
computing neighbors (11000 / 45823)...
computing neighbors (12000 / 45823)...
computing neighbors (13000 / 45823)...
computing neighbors (14000 / 45823)...
computing neighbors (15000 / 45823)...
computing neighbors (16000 / 45823)...
computing neighbors (17000 / 45823)...
computing neighbors (18000 / 45823)...
computing neighbors (19000 / 45823)...
computing neighbors (20000 / 45823)...
computing neighbors (21000 / 45823)...
computing neighbors (22000 / 45823)...
computing neighbors (23000 / 45823)...
computing neighbors (24000 / 45823)...
computing neighbors (25000 / 45823)...
computing neighbors (26000 / 45823)...
computing neighbors (27000 / 45823)...
computing neighbors (28000 / 45823)...
computing neighbors (29000 / 45823)...
computing neighbors (30000 / 45823)...
computing neighbors (31000 / 45823)...
computing neighbors (32000 / 45823)...
computing neighbors (33000 / 45823)...
computing neighbors (34000 / 45823)...
computing neighbors (35000 / 45823)...
computing neighbors (36000 / 45823)...
computing neighbors (37000 / 45823)...
computing neighbors (38000 / 45823)...
computing neighbors (39000 / 45823)...
computing neighbors (40000 / 45823)...
computing neighbors (41000 / 45823)...
computing neighbors (42000 / 45823)...
computing neighbors (43000 / 45823)...
computing neighbors (44000 / 45823)...
computing neighbors (45000 / 45823)...
63936      vertices
45823      segments
348        dominations
=======================
CGSHOP Instance: compute neighbors...
computing neighbors (0 / 45823)...
computing neighbors (1000 / 45823)...
computing neighbors (2000 / 45823)...
computing neighbors (3000 / 45823)...
computing neighbors (4000 / 45823)...
computing neighbors (5000 / 45823)...
computing neighbors (6000 / 45823)...
computing neighbors (7000 / 45823)...
computing neighbors (8000 / 45823)...
computing neighbors (9000 / 45823)...
computing neighbors (10000 / 45823)...
computing neighbors (11000 / 45823)...
computing neighbors (12000 / 45823)...
computing neighbors (13000 / 45823)...
computing neighbors (14000 / 45823)...
computing neighbors (15000 / 45823)...
computing neighbors (16000 / 45823)...
computing neighbors (17000 / 45823)...
computing neighbors (18000 / 45823)...
computing neighbors (19000 / 45823)...
computing neighbors (20000 / 45823)...
computing neighbors (21000 / 45823)...
computing neighbors (22000 / 45823)...
computing neighbors (23000 / 45823)...
computing neighbors (24000 / 45823)...
computing neighbors (25000 / 45823)...
computing neighbors (26000 / 45823)...
computing neighbors (27000 / 45823)...
computing neighbors (28000 / 45823)...
computing neighbors (29000 / 45823)...
computing neighbors (30000 / 45823)...
computing neighbors (31000 / 45823)...
computing neighbors (32000 / 45823)...
computing neighbors (33000 / 45823)...
computing neighbors (34000 / 45823)...
computing neighbors (35000 / 45823)...
computing neighbors (36000 / 45823)...
computing neighbors (37000 / 45823)...
computing neighbors (38000 / 45823)...
computing neighbors (39000 / 45823)...
computing neighbors (40000 / 45823)...
computing neighbors (41000 / 45823)...
computing neighbors (42000 / 45823)...
computing neighbors (43000 / 45823)...
computing neighbors (44000 / 45823)...
computing neighbors (45000 / 45823)...
colored 1000 / 45823...
colored 2000 / 45823...
colored 3000 / 45823...
colored 4000 / 45823...
colored 5000 / 45823...
colored 6000 / 45823...
colored 7000 / 45823...
colored 8000 / 45823...
colored 9000 / 45823...
colored 10000 / 45823...
colored 11000 / 45823...
colored 12000 / 45823...
colored 13000 / 45823...
colored 14000 / 45823...
colored 15000 / 45823...
colored 16000 / 45823...
colored 17000 / 45823...
colored 18000 / 45823...
colored 19000 / 45823...
colored 20000 / 45823...
colored 21000 / 45823...
colored 22000 / 45823...
colored 23000 / 45823...
colored 24000 / 45823...
colored 25000 / 45823...
colored 26000 / 45823...
colored 27000 / 45823...
colored 28000 / 45823...
colored 29000 / 45823...
colored 30000 / 45823...
colored 31000 / 45823...
colored 32000 / 45823...
colored 33000 / 45823...
colored 34000 / 45823...
colored 35000 / 45823...
colored 36000 / 45823...
colored 37000 / 45823...
colored 38000 / 45823...
colored 39000 / 45823...
colored 40000 / 45823...
colored 41000 / 45823...
colored 42000 / 45823...
colored 43000 / 45823...
colored 44000 / 45823...
colored 45000 / 45823...
greedy found 435 colors in 65.468 seconds
 time (s)      nb nodes       objective      
---------------------------------------------
  13.998                      435            
  14.080       114.0          434            
  14.284       654.0          433            
  14.591       1.9 k          432            
  15.202       4.6 k          431            
  16.171       8.6 k          430            
  16.826       12.3 k         429            
  18.870       22.2 k         428            
  21.541       36.3 k         427            
  25.192       51.1 k         426            
  26.433       73.2 k         425            
  27.380       83.9 k         424            
  28.832       110.6 k        423            
  32.330       126.7 k        422            
  34.005       151.0 k        421            
  35.379       170.1 k        420            
  37.830       200.2 k        419            
  39.716       223.0 k        418            
  41.788       249.5 k        417            
  43.471       272.4 k        416            
  46.297       311.5 k        415            
  47.993       330.6 k        414            
  51.614       366.9 k        413            
  55.327       399.1 k        412            
  57.151       433.5 k        411            
  59.082       451.6 k        410            
  65.471       502.7 k        409            
  69.814       539.5 k        408            
  74.459       574.8 k        407            
  76.874       601.1 k        406            
  80.385       624.2 k        405            
  89.035       664.4 k        404            
  99.004       720.8 k        403            
  103.099      759.3 k        402            
  110.702      808.0 k        401            
  113.753      844.8 k        400            
  121.253      894.0 k        399            
  127.784      939.8 k        398            
  133.323      976.8 k        397            
  139.646      1.0 M          396            
  150.586      1.1 M          395            
  156.783      1.1 M          394            
  163.975      1.2 M          393            
  176.144      1.2 M          392            
  199.756      1.3 M          391            
  211.876      1.4 M          390            
  225.972      1.5 M          389            
  237.115      1.5 M          388            
  249.684      1.6 M          387            
  255.785      1.7 M          386            
  276.377      1.8 M          385            
  298.598      1.8 M          384            
  318.162      1.9 M          383            
  334.999      2.0 M          382            
  380.193      2.2 M          381            
  401.132      2.3 M          380            
  459.121      2.4 M          379            
  546.012      2.7 M          378            
  577.469      2.8 M          377            
  619.911      2.9 M          376            
  709.404      3.2 M          375            
  1110.029     4.1 M          374            
  1133.867     4.2 M          373            
  1326.870     4.6 M          372            
  1360.783     4.7 M          371            
  1430.008     4.9 M          370            
  3454.203     8.4 M          369            
  3564.757     8.5 M          368            
  4563.875     10.1 M         367            
  4677.902     10.2 M         366            
  4910.010     10.6 M         365            
  5518.680     11.5 M         364            
  5581.955     11.7 M         363            
  15323.380    23.2 M         362            
  15437.780    23.3 M         361            
  15667.729    23.6 M         360            
  47276.312    54.6 M         359            
  62627.594    68.2 M         358            
  63678.031    69.3 M         357            

             nb generated         77.2 M
              nb expanded         37.7 M
               nb trashed           0.0 
     avg branching factor           2.0 
                  nb eval         158.0 
                 nb guide         77.2 M
        time searched (s)      71986.000
      generated nodes / s          1.1 k
        solutions created           0.0 
