printing solutions in: ./dogs-color/insts/cgshop22/visp31334.instance.json.solution.json
printing perfs in: ./dogs-color/insts/cgshop22/visp31334.instance.json.perf.json

CGSHOP Instance: compute neighbors...
computing neighbors (0 / 31334)...
computing neighbors (1000 / 31334)...
computing neighbors (2000 / 31334)...
computing neighbors (3000 / 31334)...
computing neighbors (4000 / 31334)...
computing neighbors (5000 / 31334)...
computing neighbors (6000 / 31334)...
computing neighbors (7000 / 31334)...
computing neighbors (8000 / 31334)...
computing neighbors (9000 / 31334)...
computing neighbors (10000 / 31334)...
computing neighbors (11000 / 31334)...
computing neighbors (12000 / 31334)...
computing neighbors (13000 / 31334)...
computing neighbors (14000 / 31334)...
computing neighbors (15000 / 31334)...
computing neighbors (16000 / 31334)...
computing neighbors (17000 / 31334)...
computing neighbors (18000 / 31334)...
computing neighbors (19000 / 31334)...
computing neighbors (20000 / 31334)...
computing neighbors (21000 / 31334)...
computing neighbors (22000 / 31334)...
computing neighbors (23000 / 31334)...
computing neighbors (24000 / 31334)...
computing neighbors (25000 / 31334)...
computing neighbors (26000 / 31334)...
computing neighbors (27000 / 31334)...
computing neighbors (28000 / 31334)...
computing neighbors (29000 / 31334)...
computing neighbors (30000 / 31334)...
computing neighbors (31000 / 31334)...
805        vertices
31334      segments
14835      dominations
=======================
CGSHOP Instance: compute neighbors...
computing neighbors (0 / 31334)...
computing neighbors (1000 / 31334)...
computing neighbors (2000 / 31334)...
computing neighbors (3000 / 31334)...
computing neighbors (4000 / 31334)...
computing neighbors (5000 / 31334)...
computing neighbors (6000 / 31334)...
computing neighbors (7000 / 31334)...
computing neighbors (8000 / 31334)...
computing neighbors (9000 / 31334)...
computing neighbors (10000 / 31334)...
computing neighbors (11000 / 31334)...
computing neighbors (12000 / 31334)...
computing neighbors (13000 / 31334)...
computing neighbors (14000 / 31334)...
computing neighbors (15000 / 31334)...
computing neighbors (16000 / 31334)...
computing neighbors (17000 / 31334)...
computing neighbors (18000 / 31334)...
computing neighbors (19000 / 31334)...
computing neighbors (20000 / 31334)...
computing neighbors (21000 / 31334)...
computing neighbors (22000 / 31334)...
computing neighbors (23000 / 31334)...
computing neighbors (24000 / 31334)...
computing neighbors (25000 / 31334)...
computing neighbors (26000 / 31334)...
computing neighbors (27000 / 31334)...
computing neighbors (28000 / 31334)...
computing neighbors (29000 / 31334)...
computing neighbors (30000 / 31334)...
computing neighbors (31000 / 31334)...
colored 1000 / 31334...
colored 2000 / 31334...
colored 3000 / 31334...
colored 4000 / 31334...
colored 5000 / 31334...
colored 6000 / 31334...
colored 7000 / 31334...
colored 8000 / 31334...
colored 9000 / 31334...
colored 10000 / 31334...
colored 11000 / 31334...
colored 12000 / 31334...
colored 13000 / 31334...
colored 14000 / 31334...
colored 15000 / 31334...
colored 16000 / 31334...
colored 17000 / 31334...
colored 18000 / 31334...
colored 19000 / 31334...
colored 20000 / 31334...
colored 21000 / 31334...
colored 22000 / 31334...
colored 23000 / 31334...
colored 24000 / 31334...
colored 25000 / 31334...
colored 26000 / 31334...
colored 27000 / 31334...
colored 28000 / 31334...
colored 29000 / 31334...
colored 30000 / 31334...
colored 31000 / 31334...
greedy found 92 colors in 9.545 seconds
 time (s)      nb nodes       objective      
---------------------------------------------
  3.149                       92             
  3.217        650.0          91             
  4.097        9.1 k          90             
  8.506        51.3 k         89             
  15.034       107.5 k        88             
  54.515       415.2 k        87             
  106.702      776.0 k        86             
  129.891      930.9 k        85             
  252.830      1.7 M          84             
  1084.713     6.1 M          83             
  1808.081     9.9 M          82             

             nb generated          6.0 B
              nb expanded        236.8 M
               nb trashed           0.0 
     avg branching factor          25.3 
                  nb eval          22.0 
                 nb guide          6.0 B
        time searched (s)      71996.844
      generated nodes / s         83.3 k
        solutions created           0.0 
invalid solution (reason: ConflictingEdge(15816, 18448))
