printing solutions in: ./dogs-color/insts/cgshop22/sqrpecn15605.instance.json.solution.json
printing perfs in: ./dogs-color/insts/cgshop22/sqrpecn15605.instance.json.perf.json

CGSHOP Instance: compute neighbors...
computing neighbors (0 / 15605)...
computing neighbors (1000 / 15605)...
computing neighbors (2000 / 15605)...
computing neighbors (3000 / 15605)...
computing neighbors (4000 / 15605)...
computing neighbors (5000 / 15605)...
computing neighbors (6000 / 15605)...
computing neighbors (7000 / 15605)...
computing neighbors (8000 / 15605)...
computing neighbors (9000 / 15605)...
computing neighbors (10000 / 15605)...
computing neighbors (11000 / 15605)...
computing neighbors (12000 / 15605)...
computing neighbors (13000 / 15605)...
computing neighbors (14000 / 15605)...
computing neighbors (15000 / 15605)...
24968      vertices
15605      segments
223        dominations
=======================
CGSHOP Instance: compute neighbors...
computing neighbors (0 / 15605)...
computing neighbors (1000 / 15605)...
computing neighbors (2000 / 15605)...
computing neighbors (3000 / 15605)...
computing neighbors (4000 / 15605)...
computing neighbors (5000 / 15605)...
computing neighbors (6000 / 15605)...
computing neighbors (7000 / 15605)...
computing neighbors (8000 / 15605)...
computing neighbors (9000 / 15605)...
computing neighbors (10000 / 15605)...
computing neighbors (11000 / 15605)...
computing neighbors (12000 / 15605)...
computing neighbors (13000 / 15605)...
computing neighbors (14000 / 15605)...
computing neighbors (15000 / 15605)...
colored 1000 / 15605...
colored 2000 / 15605...
colored 3000 / 15605...
colored 4000 / 15605...
colored 5000 / 15605...
colored 6000 / 15605...
colored 7000 / 15605...
colored 8000 / 15605...
colored 9000 / 15605...
colored 10000 / 15605...
colored 11000 / 15605...
colored 12000 / 15605...
colored 13000 / 15605...
colored 14000 / 15605...
colored 15000 / 15605...
greedy found 386 colors in 5.330 seconds
 time (s)      nb nodes       objective      
---------------------------------------------
  2.189                       386            
  2.199        18.0           385            
  2.234        360.0          384            
  2.271        534.0          383            
  2.712        22.7 k         382            
  2.904        28.9 k         381            
  3.179        34.9 k         380            
  3.367        41.5 k         379            
  4.534        74.1 k         378            
  4.967        84.2 k         377            
  5.617        96.4 k         376            
  6.925        116.4 k        375            
  7.084        123.5 k        374            
  7.458        138.8 k        373            
  8.148        151.4 k        372            
  9.263        177.4 k        371            
  10.024       191.2 k        370            
  13.264       242.1 k        369            
  16.262       273.5 k        368            
  16.663       284.2 k        367            
  18.741       318.9 k        366            
  19.536       337.1 k        365            
  27.979       408.6 k        364            
  29.140       432.7 k        363            
  30.325       455.8 k        362            
  31.004       473.9 k        361            
  34.875       511.5 k        360            
  36.083       534.7 k        359            
  38.019       555.0 k        358            
  40.118       583.5 k        357            
  47.382       664.1 k        356            
  51.378       716.9 k        355            
  52.581       735.1 k        354            
  56.298       781.7 k        353            
  63.868       847.2 k        352            
  67.000       889.3 k        351            
  81.163       1.0 M          350            
  97.525       1.2 M          349            
  120.502      1.4 M          348            
  122.322      1.4 M          347            
  129.568      1.5 M          346            
  131.270      1.5 M          345            
  166.704      1.7 M          344            
  695.386      4.1 M          343            
  708.995      4.1 M          342            
  1376.799     6.6 M          341            
  1400.077     6.7 M          340            
  2018.161     8.8 M          339            
  11005.394    34.8 M         338            
  11013.943    34.9 M         337            
  42105.656    113.9 M        336            

             nb generated        186.4 M
              nb expanded        126.7 M
               nb trashed           0.0 
     avg branching factor           1.5 
                  nb eval         102.0 
                 nb guide        186.4 M
        time searched (s)      71997.805
      generated nodes / s          2.6 k
        solutions created           0.0 
