printing solutions in: ./dogs-color/insts/cgshop22/reecn56737.instance.json.solution.json
printing perfs in: ./dogs-color/insts/cgshop22/reecn56737.instance.json.perf.json

CGSHOP Instance: compute neighbors...
computing neighbors (0 / 56737)...
computing neighbors (1000 / 56737)...
computing neighbors (2000 / 56737)...
computing neighbors (3000 / 56737)...
computing neighbors (4000 / 56737)...
computing neighbors (5000 / 56737)...
computing neighbors (6000 / 56737)...
computing neighbors (7000 / 56737)...
computing neighbors (8000 / 56737)...
computing neighbors (9000 / 56737)...
computing neighbors (10000 / 56737)...
computing neighbors (11000 / 56737)...
computing neighbors (12000 / 56737)...
computing neighbors (13000 / 56737)...
computing neighbors (14000 / 56737)...
computing neighbors (15000 / 56737)...
computing neighbors (16000 / 56737)...
computing neighbors (17000 / 56737)...
computing neighbors (18000 / 56737)...
computing neighbors (19000 / 56737)...
computing neighbors (20000 / 56737)...
computing neighbors (21000 / 56737)...
computing neighbors (22000 / 56737)...
computing neighbors (23000 / 56737)...
computing neighbors (24000 / 56737)...
computing neighbors (25000 / 56737)...
computing neighbors (26000 / 56737)...
computing neighbors (27000 / 56737)...
computing neighbors (28000 / 56737)...
computing neighbors (29000 / 56737)...
computing neighbors (30000 / 56737)...
computing neighbors (31000 / 56737)...
computing neighbors (32000 / 56737)...
computing neighbors (33000 / 56737)...
computing neighbors (34000 / 56737)...
computing neighbors (35000 / 56737)...
computing neighbors (36000 / 56737)...
computing neighbors (37000 / 56737)...
computing neighbors (38000 / 56737)...
computing neighbors (39000 / 56737)...
computing neighbors (40000 / 56737)...
computing neighbors (41000 / 56737)...
computing neighbors (42000 / 56737)...
computing neighbors (43000 / 56737)...
computing neighbors (44000 / 56737)...
computing neighbors (45000 / 56737)...
computing neighbors (46000 / 56737)...
computing neighbors (47000 / 56737)...
computing neighbors (48000 / 56737)...
computing neighbors (49000 / 56737)...
computing neighbors (50000 / 56737)...
computing neighbors (51000 / 56737)...
computing neighbors (52000 / 56737)...
computing neighbors (53000 / 56737)...
computing neighbors (54000 / 56737)...
computing neighbors (55000 / 56737)...
computing neighbors (56000 / 56737)...
79464      vertices
56737      segments
347        dominations
=======================
CGSHOP Instance: compute neighbors...
computing neighbors (0 / 56737)...
computing neighbors (1000 / 56737)...
computing neighbors (2000 / 56737)...
computing neighbors (3000 / 56737)...
computing neighbors (4000 / 56737)...
computing neighbors (5000 / 56737)...
computing neighbors (6000 / 56737)...
computing neighbors (7000 / 56737)...
computing neighbors (8000 / 56737)...
computing neighbors (9000 / 56737)...
computing neighbors (10000 / 56737)...
computing neighbors (11000 / 56737)...
computing neighbors (12000 / 56737)...
computing neighbors (13000 / 56737)...
computing neighbors (14000 / 56737)...
computing neighbors (15000 / 56737)...
computing neighbors (16000 / 56737)...
computing neighbors (17000 / 56737)...
computing neighbors (18000 / 56737)...
computing neighbors (19000 / 56737)...
computing neighbors (20000 / 56737)...
computing neighbors (21000 / 56737)...
computing neighbors (22000 / 56737)...
computing neighbors (23000 / 56737)...
computing neighbors (24000 / 56737)...
computing neighbors (25000 / 56737)...
computing neighbors (26000 / 56737)...
computing neighbors (27000 / 56737)...
computing neighbors (28000 / 56737)...
computing neighbors (29000 / 56737)...
computing neighbors (30000 / 56737)...
computing neighbors (31000 / 56737)...
computing neighbors (32000 / 56737)...
computing neighbors (33000 / 56737)...
computing neighbors (34000 / 56737)...
computing neighbors (35000 / 56737)...
computing neighbors (36000 / 56737)...
computing neighbors (37000 / 56737)...
computing neighbors (38000 / 56737)...
computing neighbors (39000 / 56737)...
computing neighbors (40000 / 56737)...
computing neighbors (41000 / 56737)...
computing neighbors (42000 / 56737)...
computing neighbors (43000 / 56737)...
computing neighbors (44000 / 56737)...
computing neighbors (45000 / 56737)...
computing neighbors (46000 / 56737)...
computing neighbors (47000 / 56737)...
computing neighbors (48000 / 56737)...
computing neighbors (49000 / 56737)...
computing neighbors (50000 / 56737)...
computing neighbors (51000 / 56737)...
computing neighbors (52000 / 56737)...
computing neighbors (53000 / 56737)...
computing neighbors (54000 / 56737)...
computing neighbors (55000 / 56737)...
computing neighbors (56000 / 56737)...
colored 1000 / 56737...
colored 2000 / 56737...
colored 3000 / 56737...
colored 4000 / 56737...
colored 5000 / 56737...
colored 6000 / 56737...
colored 7000 / 56737...
colored 8000 / 56737...
colored 9000 / 56737...
colored 10000 / 56737...
colored 11000 / 56737...
colored 12000 / 56737...
colored 13000 / 56737...
colored 14000 / 56737...
colored 15000 / 56737...
colored 16000 / 56737...
colored 17000 / 56737...
colored 18000 / 56737...
colored 19000 / 56737...
colored 20000 / 56737...
colored 21000 / 56737...
colored 22000 / 56737...
colored 23000 / 56737...
colored 24000 / 56737...
colored 25000 / 56737...
colored 26000 / 56737...
colored 27000 / 56737...
colored 28000 / 56737...
colored 29000 / 56737...
colored 30000 / 56737...
colored 31000 / 56737...
colored 32000 / 56737...
colored 33000 / 56737...
colored 34000 / 56737...
colored 35000 / 56737...
colored 36000 / 56737...
colored 37000 / 56737...
colored 38000 / 56737...
colored 39000 / 56737...
colored 40000 / 56737...
colored 41000 / 56737...
colored 42000 / 56737...
colored 43000 / 56737...
colored 44000 / 56737...
colored 45000 / 56737...
colored 46000 / 56737...
colored 47000 / 56737...
colored 48000 / 56737...
colored 49000 / 56737...
colored 50000 / 56737...
colored 51000 / 56737...
colored 52000 / 56737...
colored 53000 / 56737...
colored 54000 / 56737...
colored 55000 / 56737...
colored 56000 / 56737...
greedy found 279 colors in 132.311 seconds
 time (s)      nb nodes       objective      
---------------------------------------------
  21.571                      279            
  22.288       127.0          278            
  27.305       7.9 k          277            
  40.256       29.9 k         276            
  82.629       89.4 k         275            
  93.658       133.5 k        274            
  102.180      192.7 k        273            
  114.154      260.4 k        272            
  136.907      306.4 k        271            
  165.111      369.1 k        270            
  391.026      629.6 k        269            
  426.240      713.0 k        268            
  479.769      821.5 k        267            
  542.763      906.6 k        266            
  844.401      1.2 M          265            
  2006.504     2.3 M          264            
  6027.918     5.4 M          263            
  22917.100    16.9 M         262            

             nb generated         46.3 M
              nb expanded         29.5 M
               nb trashed           0.0 
     avg branching factor           1.6 
                  nb eval          36.0 
                 nb guide         46.3 M
        time searched (s)      71978.430
      generated nodes / s         643.9 
        solutions created           0.0 
