printing solutions in: ./dogs-color/insts/cgshop22/vispecn27572.instance.json.solution.json
printing perfs in: ./dogs-color/insts/cgshop22/vispecn27572.instance.json.perf.json

CGSHOP Instance: compute neighbors...
computing neighbors (0 / 27572)...
computing neighbors (1000 / 27572)...
computing neighbors (2000 / 27572)...
computing neighbors (3000 / 27572)...
computing neighbors (4000 / 27572)...
computing neighbors (5000 / 27572)...
computing neighbors (6000 / 27572)...
computing neighbors (7000 / 27572)...
computing neighbors (8000 / 27572)...
computing neighbors (9000 / 27572)...
computing neighbors (10000 / 27572)...
computing neighbors (11000 / 27572)...
computing neighbors (12000 / 27572)...
computing neighbors (13000 / 27572)...
computing neighbors (14000 / 27572)...
computing neighbors (15000 / 27572)...
computing neighbors (16000 / 27572)...
computing neighbors (17000 / 27572)...
computing neighbors (18000 / 27572)...
computing neighbors (19000 / 27572)...
computing neighbors (20000 / 27572)...
computing neighbors (21000 / 27572)...
computing neighbors (22000 / 27572)...
computing neighbors (23000 / 27572)...
computing neighbors (24000 / 27572)...
computing neighbors (25000 / 27572)...
computing neighbors (26000 / 27572)...
computing neighbors (27000 / 27572)...
38734      vertices
27572      segments
242        dominations
=======================
CGSHOP Instance: compute neighbors...
computing neighbors (0 / 27572)...
computing neighbors (1000 / 27572)...
computing neighbors (2000 / 27572)...
computing neighbors (3000 / 27572)...
computing neighbors (4000 / 27572)...
computing neighbors (5000 / 27572)...
computing neighbors (6000 / 27572)...
computing neighbors (7000 / 27572)...
computing neighbors (8000 / 27572)...
computing neighbors (9000 / 27572)...
computing neighbors (10000 / 27572)...
computing neighbors (11000 / 27572)...
computing neighbors (12000 / 27572)...
computing neighbors (13000 / 27572)...
computing neighbors (14000 / 27572)...
computing neighbors (15000 / 27572)...
computing neighbors (16000 / 27572)...
computing neighbors (17000 / 27572)...
computing neighbors (18000 / 27572)...
computing neighbors (19000 / 27572)...
computing neighbors (20000 / 27572)...
computing neighbors (21000 / 27572)...
computing neighbors (22000 / 27572)...
computing neighbors (23000 / 27572)...
computing neighbors (24000 / 27572)...
computing neighbors (25000 / 27572)...
computing neighbors (26000 / 27572)...
computing neighbors (27000 / 27572)...
colored 1000 / 27572...
colored 2000 / 27572...
colored 3000 / 27572...
colored 4000 / 27572...
colored 5000 / 27572...
colored 6000 / 27572...
colored 7000 / 27572...
colored 8000 / 27572...
colored 9000 / 27572...
colored 10000 / 27572...
colored 11000 / 27572...
colored 12000 / 27572...
colored 13000 / 27572...
colored 14000 / 27572...
colored 15000 / 27572...
colored 16000 / 27572...
colored 17000 / 27572...
colored 18000 / 27572...
colored 19000 / 27572...
colored 20000 / 27572...
colored 21000 / 27572...
colored 22000 / 27572...
colored 23000 / 27572...
colored 24000 / 27572...
colored 25000 / 27572...
colored 26000 / 27572...
colored 27000 / 27572...
greedy found 382 colors in 18.933 seconds
 time (s)      nb nodes       objective      
---------------------------------------------
  4.948                       382            
  5.030        31.0           381            
  5.093        94.0           380            
  5.151        97.0           379            
  5.230        105.0          378            
  5.273        461.0          377            
  5.393        2.6 k          376            
  5.427        3.1 k          375            
  5.543        4.0 k          374            
  5.634        4.7 k          373            
  5.887        7.6 k          372            
  6.169        10.7 k         371            
  6.513        14.5 k         370            
  6.951        20.6 k         369            
  7.745        29.0 k         368            
  8.386        34.4 k         367            
  8.813        37.8 k         366            
  9.452        44.1 k         365            
  9.884        48.5 k         364            
  11.700       62.1 k         363            
  11.994       65.0 k         362            
  12.572       70.3 k         361            
  13.012       74.1 k         360            
  13.788       80.1 k         359            
  15.600       92.8 k         358            
  18.133       110.4 k        357            
  19.441       119.2 k        356            
  20.071       124.1 k        355            
  21.408       132.9 k        354            
  22.789       143.7 k        353            
  23.722       152.3 k        352            
  25.120       165.5 k        351            
  26.449       176.3 k        350            
  28.970       191.1 k        349            
  31.940       209.2 k        348            
  35.117       230.6 k        347            
  37.215       245.3 k        346            
  43.131       276.0 k        345            
  47.817       300.0 k        344            
  48.386       304.1 k        343            
  51.472       324.0 k        342            
  62.240       385.8 k        341            
  66.912       417.0 k        340            
  72.177       446.2 k        339            
  77.752       480.7 k        338            
  93.562       562.1 k        337            
  102.209      619.3 k        336            
  109.132      660.6 k        335            
  112.945      686.8 k        334            
  125.417      756.3 k        333            
  132.625      797.8 k        332            
  146.340      875.4 k        331            
  159.868      948.7 k        330            
  205.935      1.1 M          329            
  242.925      1.3 M          328            
  300.768      1.5 M          327            
  323.990      1.6 M          326            
  376.336      1.8 M          325            
  404.905      1.9 M          324            
  428.867      2.0 M          323            
  453.443      2.1 M          322            
  502.326      2.3 M          321            
  517.607      2.4 M          320            
  730.530      3.2 M          319            
  734.642      3.2 M          318            
  868.346      3.7 M          317            
  899.200      3.8 M          316            
  922.039      4.0 M          315            
  8110.107     19.5 M         314            
  8631.328     20.7 M         313            
  8705.006     20.9 M         312            
  8813.567     21.2 M         311            
  9865.714     23.8 M         310            
  31944.219    62.5 M         309            

             nb generated        129.5 M
              nb expanded         66.3 M
               nb trashed           0.0 
     avg branching factor           2.0 
                  nb eval         148.0 
                 nb guide        129.5 M
        time searched (s)      71995.047
      generated nodes / s          1.8 k
        solutions created           0.0 
