printing solutions in: ./dogs-color/insts/cgshop22/vispecn55775.instance.json.solution.json
printing perfs in: ./dogs-color/insts/cgshop22/vispecn55775.instance.json.perf.json

CGSHOP Instance: compute neighbors...
computing neighbors (0 / 55775)...
computing neighbors (1000 / 55775)...
computing neighbors (2000 / 55775)...
computing neighbors (3000 / 55775)...
computing neighbors (4000 / 55775)...
computing neighbors (5000 / 55775)...
computing neighbors (6000 / 55775)...
computing neighbors (7000 / 55775)...
computing neighbors (8000 / 55775)...
computing neighbors (9000 / 55775)...
computing neighbors (10000 / 55775)...
computing neighbors (11000 / 55775)...
computing neighbors (12000 / 55775)...
computing neighbors (13000 / 55775)...
computing neighbors (14000 / 55775)...
computing neighbors (15000 / 55775)...
computing neighbors (16000 / 55775)...
computing neighbors (17000 / 55775)...
computing neighbors (18000 / 55775)...
computing neighbors (19000 / 55775)...
computing neighbors (20000 / 55775)...
computing neighbors (21000 / 55775)...
computing neighbors (22000 / 55775)...
computing neighbors (23000 / 55775)...
computing neighbors (24000 / 55775)...
computing neighbors (25000 / 55775)...
computing neighbors (26000 / 55775)...
computing neighbors (27000 / 55775)...
computing neighbors (28000 / 55775)...
computing neighbors (29000 / 55775)...
computing neighbors (30000 / 55775)...
computing neighbors (31000 / 55775)...
computing neighbors (32000 / 55775)...
computing neighbors (33000 / 55775)...
computing neighbors (34000 / 55775)...
computing neighbors (35000 / 55775)...
computing neighbors (36000 / 55775)...
computing neighbors (37000 / 55775)...
computing neighbors (38000 / 55775)...
computing neighbors (39000 / 55775)...
computing neighbors (40000 / 55775)...
computing neighbors (41000 / 55775)...
computing neighbors (42000 / 55775)...
computing neighbors (43000 / 55775)...
computing neighbors (44000 / 55775)...
computing neighbors (45000 / 55775)...
computing neighbors (46000 / 55775)...
computing neighbors (47000 / 55775)...
computing neighbors (48000 / 55775)...
computing neighbors (49000 / 55775)...
computing neighbors (50000 / 55775)...
computing neighbors (51000 / 55775)...
computing neighbors (52000 / 55775)...
computing neighbors (53000 / 55775)...
computing neighbors (54000 / 55775)...
computing neighbors (55000 / 55775)...
78196      vertices
55775      segments
431        dominations
=======================
CGSHOP Instance: compute neighbors...
computing neighbors (0 / 55775)...
computing neighbors (1000 / 55775)...
computing neighbors (2000 / 55775)...
computing neighbors (3000 / 55775)...
computing neighbors (4000 / 55775)...
computing neighbors (5000 / 55775)...
computing neighbors (6000 / 55775)...
computing neighbors (7000 / 55775)...
computing neighbors (8000 / 55775)...
computing neighbors (9000 / 55775)...
computing neighbors (10000 / 55775)...
computing neighbors (11000 / 55775)...
computing neighbors (12000 / 55775)...
computing neighbors (13000 / 55775)...
computing neighbors (14000 / 55775)...
computing neighbors (15000 / 55775)...
computing neighbors (16000 / 55775)...
computing neighbors (17000 / 55775)...
computing neighbors (18000 / 55775)...
computing neighbors (19000 / 55775)...
computing neighbors (20000 / 55775)...
computing neighbors (21000 / 55775)...
computing neighbors (22000 / 55775)...
computing neighbors (23000 / 55775)...
computing neighbors (24000 / 55775)...
computing neighbors (25000 / 55775)...
computing neighbors (26000 / 55775)...
computing neighbors (27000 / 55775)...
computing neighbors (28000 / 55775)...
computing neighbors (29000 / 55775)...
computing neighbors (30000 / 55775)...
computing neighbors (31000 / 55775)...
computing neighbors (32000 / 55775)...
computing neighbors (33000 / 55775)...
computing neighbors (34000 / 55775)...
computing neighbors (35000 / 55775)...
computing neighbors (36000 / 55775)...
computing neighbors (37000 / 55775)...
computing neighbors (38000 / 55775)...
computing neighbors (39000 / 55775)...
computing neighbors (40000 / 55775)...
computing neighbors (41000 / 55775)...
computing neighbors (42000 / 55775)...
computing neighbors (43000 / 55775)...
computing neighbors (44000 / 55775)...
computing neighbors (45000 / 55775)...
computing neighbors (46000 / 55775)...
computing neighbors (47000 / 55775)...
computing neighbors (48000 / 55775)...
computing neighbors (49000 / 55775)...
computing neighbors (50000 / 55775)...
computing neighbors (51000 / 55775)...
computing neighbors (52000 / 55775)...
computing neighbors (53000 / 55775)...
computing neighbors (54000 / 55775)...
computing neighbors (55000 / 55775)...
colored 1000 / 55775...
colored 2000 / 55775...
colored 3000 / 55775...
colored 4000 / 55775...
colored 5000 / 55775...
colored 6000 / 55775...
colored 7000 / 55775...
colored 8000 / 55775...
colored 9000 / 55775...
colored 10000 / 55775...
colored 11000 / 55775...
colored 12000 / 55775...
colored 13000 / 55775...
colored 14000 / 55775...
colored 15000 / 55775...
colored 16000 / 55775...
colored 17000 / 55775...
colored 18000 / 55775...
colored 19000 / 55775...
colored 20000 / 55775...
colored 21000 / 55775...
colored 22000 / 55775...
colored 23000 / 55775...
colored 24000 / 55775...
colored 25000 / 55775...
colored 26000 / 55775...
colored 27000 / 55775...
colored 28000 / 55775...
colored 29000 / 55775...
colored 30000 / 55775...
colored 31000 / 55775...
colored 32000 / 55775...
colored 33000 / 55775...
colored 34000 / 55775...
colored 35000 / 55775...
colored 36000 / 55775...
colored 37000 / 55775...
colored 38000 / 55775...
colored 39000 / 55775...
colored 40000 / 55775...
colored 41000 / 55775...
colored 42000 / 55775...
colored 43000 / 55775...
colored 44000 / 55775...
colored 45000 / 55775...
colored 46000 / 55775...
colored 47000 / 55775...
colored 48000 / 55775...
colored 49000 / 55775...
colored 50000 / 55775...
colored 51000 / 55775...
colored 52000 / 55775...
colored 53000 / 55775...
colored 54000 / 55775...
colored 55000 / 55775...
greedy found 384 colors in 56.470 seconds
 time (s)      nb nodes       objective      
---------------------------------------------
  10.922                      384            
  10.958       84.0           383            
  10.985       149.0          382            
  11.020       314.0          381            
  11.056       514.0          380            
  11.336       596.0          379            
  11.366       604.0          378            
  11.398       671.0          377            
  11.801       1.5 k          376            
  11.844       1.7 k          375            
  11.878       1.7 k          374            
  11.940       2.1 k          373            
  11.987       2.3 k          372            
  12.087       3.9 k          371            
  12.202       5.5 k          370            
  12.319       6.8 k          369            
  12.547       10.6 k         368            
  12.627       11.0 k         367            
  12.882       15.1 k         366            
  12.980       16.2 k         365            
  13.040       16.9 k         364            
  13.155       18.3 k         363            
  13.220       18.7 k         362            
  13.291       19.1 k         361            
  13.357       19.7 k         360            
  13.418       20.2 k         359            
  13.654       23.9 k         358            
  14.397       29.9 k         357            
  15.371       41.5 k         356            
  15.647       44.8 k         355            
  15.859       47.7 k         354            
  16.726       55.2 k         353            
  16.785       55.4 k         352            
  17.498       60.4 k         351            
  17.642       62.1 k         350            
  18.005       65.6 k         349            
  18.471       70.6 k         348            
  20.291       84.6 k         347            
  21.318       104.2 k        346            
  21.918       107.8 k        345            
  22.475       114.1 k        344            
  23.036       119.8 k        343            
  23.305       124.6 k        342            
  24.678       137.1 k        341            
  25.963       147.7 k        340            
  26.666       156.2 k        339            
  27.901       163.9 k        338            
  28.515       170.3 k        337            
  29.759       179.6 k        336            
  30.711       189.2 k        335            
  32.381       204.4 k        334            
  33.982       218.9 k        333            
  34.882       231.1 k        332            
  37.410       261.5 k        331            
  39.618       277.2 k        330            
  44.064       304.9 k        329            
  49.188       335.5 k        328            
  50.619       347.8 k        327            
  51.331       359.0 k        326            
  52.694       373.3 k        325            
  54.430       393.0 k        324            
  56.389       412.5 k        323            
  57.575       427.6 k        322            
  59.733       449.4 k        321            
  62.108       468.1 k        320            
  64.447       488.7 k        319            
  67.796       524.2 k        318            
  72.734       564.1 k        317            
  75.603       586.7 k        316            
  84.993       664.7 k        315            
  90.603       712.5 k        314            
  97.712       757.9 k        313            
  100.760      785.4 k        312            
  105.837      826.7 k        311            
  109.304      866.3 k        310            
  114.730      903.8 k        309            
  121.019      963.3 k        308            
  123.203      989.7 k        307            
  138.852      1.1 M          306            
  145.202      1.2 M          305            
  155.121      1.3 M          304            
  170.757      1.4 M          303            
  182.423      1.4 M          302            
  186.033      1.5 M          301            
  197.197      1.6 M          300            
  254.788      1.9 M          299            
  285.424      2.1 M          298            
  290.108      2.1 M          297            
  296.986      2.2 M          296            
  309.533      2.3 M          295            
  323.479      2.4 M          294            
  362.717      2.6 M          293            
  386.303      2.8 M          292            
  419.014      3.0 M          291            
  514.171      3.4 M          290            
  548.880      3.6 M          289            
  595.262      3.8 M          288            
  612.609      3.9 M          287            
  1262.071     6.6 M          286            
  1273.853     6.6 M          285            
  1401.754     7.1 M          284            
  1555.909     7.8 M          283            
  1567.396     7.8 M          282            
  1590.578     7.9 M          281            
  4259.870     16.8 M         280            
  4616.148     17.8 M         279            
  4620.829     17.8 M         278            
  5383.720     20.1 M         277            
  6373.920     23.1 M         276            
  17149.961    52.0 M         275            
  17450.883    52.7 M         274            
  46822.359    123.9 M        273            
  50632.738    133.1 M        272            
  51117.453    134.4 M        271            

             nb generated        185.1 M
              nb expanded         88.5 M
               nb trashed           0.0 
     avg branching factor           2.1 
                  nb eval         228.0 
                 nb guide        185.1 M
        time searched (s)      71989.070
      generated nodes / s          2.6 k
        solutions created           0.0 
