printing solutions in: ./dogs-color/insts/cgshop22/reecn9674.instance.json.solution.json
printing perfs in: ./dogs-color/insts/cgshop22/reecn9674.instance.json.perf.json

CGSHOP Instance: compute neighbors...
computing neighbors (0 / 9674)...
computing neighbors (1000 / 9674)...
computing neighbors (2000 / 9674)...
computing neighbors (3000 / 9674)...
computing neighbors (4000 / 9674)...
computing neighbors (5000 / 9674)...
computing neighbors (6000 / 9674)...
computing neighbors (7000 / 9674)...
computing neighbors (8000 / 9674)...
computing neighbors (9000 / 9674)...
13650      vertices
9674       segments
154        dominations
=======================
CGSHOP Instance: compute neighbors...
computing neighbors (0 / 9674)...
computing neighbors (1000 / 9674)...
computing neighbors (2000 / 9674)...
computing neighbors (3000 / 9674)...
computing neighbors (4000 / 9674)...
computing neighbors (5000 / 9674)...
computing neighbors (6000 / 9674)...
computing neighbors (7000 / 9674)...
computing neighbors (8000 / 9674)...
computing neighbors (9000 / 9674)...
colored 1000 / 9674...
colored 2000 / 9674...
colored 3000 / 9674...
colored 4000 / 9674...
colored 5000 / 9674...
colored 6000 / 9674...
colored 7000 / 9674...
colored 8000 / 9674...
colored 9000 / 9674...
greedy found 161 colors in 1.540 seconds
 time (s)      nb nodes       objective      
---------------------------------------------
  0.609                       161            
  0.620        280.0          160            
  0.650        1.3 k          159            
  0.670        1.8 k          158            
  0.689        2.5 k          157            
  0.729        3.8 k          156            
  0.832        8.5 k          155            
  0.889        11.7 k         154            
  0.996        16.0 k         153            
  1.206        28.7 k         152            
  1.388        37.9 k         151            
  1.493        45.9 k         150            
  1.759        56.4 k         149            
  1.869        64.1 k         148            
  2.149        76.1 k         147            
  2.418        90.9 k         146            
  2.696        102.0 k        145            
  3.828        131.6 k        144            
  4.209        150.4 k        143            
  4.664        174.4 k        142            
  5.260        194.5 k        141            
  8.645        290.1 k        140            
  14.807       439.7 k        139            
  26.224       710.8 k        138            
  187.201      3.2 M          137            
  232.035      3.8 M          136            
  28191.826    197.5 M        135            

             nb generated        477.5 M
              nb expanded        400.1 M
               nb trashed           0.0 
     avg branching factor           1.2 
                  nb eval          54.0 
                 nb guide        477.5 M
        time searched (s)      71999.391
      generated nodes / s          6.6 k
        solutions created           0.0 
