printing solutions in: ./dogs-color/insts/cgshop22/reecn18615.instance.json.solution.json
printing perfs in: ./dogs-color/insts/cgshop22/reecn18615.instance.json.perf.json

CGSHOP Instance: compute neighbors...
computing neighbors (0 / 18615)...
computing neighbors (1000 / 18615)...
computing neighbors (2000 / 18615)...
computing neighbors (3000 / 18615)...
computing neighbors (4000 / 18615)...
computing neighbors (5000 / 18615)...
computing neighbors (6000 / 18615)...
computing neighbors (7000 / 18615)...
computing neighbors (8000 / 18615)...
computing neighbors (9000 / 18615)...
computing neighbors (10000 / 18615)...
computing neighbors (11000 / 18615)...
computing neighbors (12000 / 18615)...
computing neighbors (13000 / 18615)...
computing neighbors (14000 / 18615)...
computing neighbors (15000 / 18615)...
computing neighbors (16000 / 18615)...
computing neighbors (17000 / 18615)...
computing neighbors (18000 / 18615)...
26026      vertices
18615      segments
203        dominations
=======================
CGSHOP Instance: compute neighbors...
computing neighbors (0 / 18615)...
computing neighbors (1000 / 18615)...
computing neighbors (2000 / 18615)...
computing neighbors (3000 / 18615)...
computing neighbors (4000 / 18615)...
computing neighbors (5000 / 18615)...
computing neighbors (6000 / 18615)...
computing neighbors (7000 / 18615)...
computing neighbors (8000 / 18615)...
computing neighbors (9000 / 18615)...
computing neighbors (10000 / 18615)...
computing neighbors (11000 / 18615)...
computing neighbors (12000 / 18615)...
computing neighbors (13000 / 18615)...
computing neighbors (14000 / 18615)...
computing neighbors (15000 / 18615)...
computing neighbors (16000 / 18615)...
computing neighbors (17000 / 18615)...
computing neighbors (18000 / 18615)...
colored 1000 / 18615...
colored 2000 / 18615...
colored 3000 / 18615...
colored 4000 / 18615...
colored 5000 / 18615...
colored 6000 / 18615...
colored 7000 / 18615...
colored 8000 / 18615...
colored 9000 / 18615...
colored 10000 / 18615...
colored 11000 / 18615...
colored 12000 / 18615...
colored 13000 / 18615...
colored 14000 / 18615...
colored 15000 / 18615...
colored 16000 / 18615...
colored 17000 / 18615...
colored 18000 / 18615...
greedy found 159 colors in 6.383 seconds
 time (s)      nb nodes       objective      
---------------------------------------------
  1.997                       159            
  2.009        85.0           158            
  2.122        1.4 k          157            
  2.363        4.9 k          156            
  2.946        12.0 k         155            
  4.463        30.9 k         154            
  5.340        47.8 k         153            
  7.428        75.3 k         152            
  11.042       114.3 k        151            
  13.006       150.3 k        150            
  16.821       190.1 k        149            
  38.446       387.4 k        148            
  44.625       436.2 k        147            
  48.171       472.6 k        146            
  76.036       692.6 k        145            
  1991.707     10.0 M         144            

             nb generated        250.3 M
              nb expanded        197.2 M
               nb trashed           0.0 
     avg branching factor           1.3 
                  nb eval          32.0 
                 nb guide        250.3 M
        time searched (s)      71998.000
      generated nodes / s          3.5 k
        solutions created           0.0 
