printing solutions in: ./dogs-color/insts/cgshop22/sqrp20602.instance.json.solution.json
printing perfs in: ./dogs-color/insts/cgshop22/sqrp20602.instance.json.perf.json

CGSHOP Instance: compute neighbors...
computing neighbors (0 / 20602)...
computing neighbors (1000 / 20602)...
computing neighbors (2000 / 20602)...
computing neighbors (3000 / 20602)...
computing neighbors (4000 / 20602)...
computing neighbors (5000 / 20602)...
computing neighbors (6000 / 20602)...
computing neighbors (7000 / 20602)...
computing neighbors (8000 / 20602)...
computing neighbors (9000 / 20602)...
computing neighbors (10000 / 20602)...
computing neighbors (11000 / 20602)...
computing neighbors (12000 / 20602)...
computing neighbors (13000 / 20602)...
computing neighbors (14000 / 20602)...
computing neighbors (15000 / 20602)...
computing neighbors (16000 / 20602)...
computing neighbors (17000 / 20602)...
computing neighbors (18000 / 20602)...
computing neighbors (19000 / 20602)...
computing neighbors (20000 / 20602)...
493        vertices
20602      segments
4438       dominations
=======================
CGSHOP Instance: compute neighbors...
computing neighbors (0 / 20602)...
computing neighbors (1000 / 20602)...
computing neighbors (2000 / 20602)...
computing neighbors (3000 / 20602)...
computing neighbors (4000 / 20602)...
computing neighbors (5000 / 20602)...
computing neighbors (6000 / 20602)...
computing neighbors (7000 / 20602)...
computing neighbors (8000 / 20602)...
computing neighbors (9000 / 20602)...
computing neighbors (10000 / 20602)...
computing neighbors (11000 / 20602)...
computing neighbors (12000 / 20602)...
computing neighbors (13000 / 20602)...
computing neighbors (14000 / 20602)...
computing neighbors (15000 / 20602)...
computing neighbors (16000 / 20602)...
computing neighbors (17000 / 20602)...
computing neighbors (18000 / 20602)...
computing neighbors (19000 / 20602)...
computing neighbors (20000 / 20602)...
colored 1000 / 20602...
colored 2000 / 20602...
colored 3000 / 20602...
colored 4000 / 20602...
colored 5000 / 20602...
colored 6000 / 20602...
colored 7000 / 20602...
colored 8000 / 20602...
colored 9000 / 20602...
colored 10000 / 20602...
colored 11000 / 20602...
colored 12000 / 20602...
colored 13000 / 20602...
colored 14000 / 20602...
colored 15000 / 20602...
colored 16000 / 20602...
colored 17000 / 20602...
colored 18000 / 20602...
colored 19000 / 20602...
colored 20000 / 20602...
greedy found 164 colors in 11.218 seconds
 time (s)      nb nodes       objective      
---------------------------------------------
  3.601                       164            
  3.785        634.0          163            
  8.514        13.8 k         162            
  13.945       33.0 k         161            
  46.165       118.3 k        160            
  56.969       144.0 k        159            
  73.612       198.2 k        158            
  86.732       233.7 k        157            
  124.931      341.2 k        156            
  351.084      776.7 k        155            
  16332.348    22.3 M         154            

             nb generated         96.9 M
              nb expanded         79.8 M
               nb trashed           0.0 
     avg branching factor           1.2 
                  nb eval          22.0 
                 nb guide         96.9 M
        time searched (s)      71996.398
      generated nodes / s          1.3 k
        solutions created           0.0 
