printing solutions in: ./dogs-color/insts/cgshop22/sqrpecn32073.instance.json.solution.json
printing perfs in: ./dogs-color/insts/cgshop22/sqrpecn32073.instance.json.perf.json

CGSHOP Instance: compute neighbors...
computing neighbors (0 / 32073)...
computing neighbors (1000 / 32073)...
computing neighbors (2000 / 32073)...
computing neighbors (3000 / 32073)...
computing neighbors (4000 / 32073)...
computing neighbors (5000 / 32073)...
computing neighbors (6000 / 32073)...
computing neighbors (7000 / 32073)...
computing neighbors (8000 / 32073)...
computing neighbors (9000 / 32073)...
computing neighbors (10000 / 32073)...
computing neighbors (11000 / 32073)...
computing neighbors (12000 / 32073)...
computing neighbors (13000 / 32073)...
computing neighbors (14000 / 32073)...
computing neighbors (15000 / 32073)...
computing neighbors (16000 / 32073)...
computing neighbors (17000 / 32073)...
computing neighbors (18000 / 32073)...
computing neighbors (19000 / 32073)...
computing neighbors (20000 / 32073)...
computing neighbors (21000 / 32073)...
computing neighbors (22000 / 32073)...
computing neighbors (23000 / 32073)...
computing neighbors (24000 / 32073)...
computing neighbors (25000 / 32073)...
computing neighbors (26000 / 32073)...
computing neighbors (27000 / 32073)...
computing neighbors (28000 / 32073)...
computing neighbors (29000 / 32073)...
computing neighbors (30000 / 32073)...
computing neighbors (31000 / 32073)...
computing neighbors (32000 / 32073)...
48462      vertices
32073      segments
350        dominations
=======================
CGSHOP Instance: compute neighbors...
computing neighbors (0 / 32073)...
computing neighbors (1000 / 32073)...
computing neighbors (2000 / 32073)...
computing neighbors (3000 / 32073)...
computing neighbors (4000 / 32073)...
computing neighbors (5000 / 32073)...
computing neighbors (6000 / 32073)...
computing neighbors (7000 / 32073)...
computing neighbors (8000 / 32073)...
computing neighbors (9000 / 32073)...
computing neighbors (10000 / 32073)...
computing neighbors (11000 / 32073)...
computing neighbors (12000 / 32073)...
computing neighbors (13000 / 32073)...
computing neighbors (14000 / 32073)...
computing neighbors (15000 / 32073)...
computing neighbors (16000 / 32073)...
computing neighbors (17000 / 32073)...
computing neighbors (18000 / 32073)...
computing neighbors (19000 / 32073)...
computing neighbors (20000 / 32073)...
computing neighbors (21000 / 32073)...
computing neighbors (22000 / 32073)...
computing neighbors (23000 / 32073)...
computing neighbors (24000 / 32073)...
computing neighbors (25000 / 32073)...
computing neighbors (26000 / 32073)...
computing neighbors (27000 / 32073)...
computing neighbors (28000 / 32073)...
computing neighbors (29000 / 32073)...
computing neighbors (30000 / 32073)...
computing neighbors (31000 / 32073)...
computing neighbors (32000 / 32073)...
colored 1000 / 32073...
colored 2000 / 32073...
colored 3000 / 32073...
colored 4000 / 32073...
colored 5000 / 32073...
colored 6000 / 32073...
colored 7000 / 32073...
colored 8000 / 32073...
colored 9000 / 32073...
colored 10000 / 32073...
colored 11000 / 32073...
colored 12000 / 32073...
colored 13000 / 32073...
colored 14000 / 32073...
colored 15000 / 32073...
colored 16000 / 32073...
colored 17000 / 32073...
colored 18000 / 32073...
colored 19000 / 32073...
colored 20000 / 32073...
colored 21000 / 32073...
colored 22000 / 32073...
colored 23000 / 32073...
colored 24000 / 32073...
colored 25000 / 32073...
colored 26000 / 32073...
colored 27000 / 32073...
colored 28000 / 32073...
colored 29000 / 32073...
colored 30000 / 32073...
colored 31000 / 32073...
colored 32000 / 32073...
greedy found 532 colors in 24.228 seconds
 time (s)      nb nodes       objective      
---------------------------------------------
  9.080                       532            
  9.107        41.0           531            
  9.206        363.0          530            
  9.238        375.0          529            
  9.329        1.2 k          528            
  9.895        5.2 k          527            
  10.066       5.9 k          526            
  10.587       9.9 k          525            
  11.882       20.8 k         524            
  12.366       25.7 k         523            
  14.672       42.9 k         522            
  21.356       72.2 k         521            
  21.881       85.0 k         520            
  22.928       98.8 k         519            
  27.587       125.6 k        518            
  28.572       135.5 k        517            
  32.202       165.2 k        516            
  36.718       184.0 k        515            
  37.569       191.3 k        514            
  41.003       222.7 k        513            
  42.340       235.2 k        512            
  58.383       299.1 k        511            
  63.513       335.5 k        510            
  68.048       358.0 k        509            
  70.665       380.7 k        508            
  76.368       404.5 k        507            
  115.375      522.5 k        506            
  118.084      544.6 k        505            
  120.731      556.6 k        504            
  122.551      565.2 k        503            
  128.966      614.9 k        502            
  132.227      635.4 k        501            
  136.250      657.4 k        500            
  142.190      685.8 k        499            
  143.324      707.8 k        498            
  146.403      737.4 k        497            
  147.703      753.7 k        496            
  150.529      778.6 k        495            
  158.526      816.7 k        494            
  167.422      867.0 k        493            
  192.812      940.5 k        492            
  200.972      956.5 k        491            
  236.582      1.0 M          490            
  255.410      1.1 M          489            
  266.933      1.1 M          488            
  353.480      1.2 M          487            
  420.533      1.4 M          486            
  490.467      1.5 M          485            
  495.204      1.5 M          484            
  523.881      1.6 M          483            
  591.875      1.7 M          482            
  811.926      2.0 M          481            
  812.745      2.0 M          480            
  838.432      2.1 M          479            
  876.297      2.2 M          478            
  899.876      2.2 M          477            
  931.081      2.3 M          476            
  935.314      2.3 M          475            
  946.223      2.3 M          474            
  1021.353     2.5 M          473            
  1316.333     2.9 M          472            
  1486.591     3.1 M          471            
  1545.847     3.2 M          470            
  1886.942     3.6 M          469            
  1920.485     3.6 M          468            
  1928.898     3.6 M          467            
  1972.679     3.7 M          466            
  2841.823     4.8 M          465            
  3253.427     5.3 M          464            
  3721.322     5.9 M          463            
  3951.975     6.1 M          462            
  4135.100     6.4 M          461            
  5010.638     7.3 M          460            
  5972.235     8.4 M          459            
  6553.200     9.0 M          458            
  6624.590     9.0 M          457            
  6730.593     9.2 M          456            
  8151.807     10.6 M         455            
  8474.322     11.0 M         454            
  10219.812    12.7 M         453            
  10638.397    13.1 M         452            
  21766.949    23.4 M         451            
  22858.779    24.4 M         450            
  22930.164    24.5 M         449            
  30189.758    30.8 M         448            
  31233.713    31.7 M         447            
  31324.670    31.8 M         446            

             nb generated         64.0 M
              nb expanded         37.1 M
               nb trashed           0.0 
     avg branching factor           1.7 
                  nb eval         174.0 
                 nb guide         64.0 M
        time searched (s)      71990.914
      generated nodes / s         889.3 
        solutions created           0.0 
