printing solutions in: ./dogs-color/insts/cgshop22/rsqrp14364.instance.json.solution.json
printing perfs in: ./dogs-color/insts/cgshop22/rsqrp14364.instance.json.perf.json

CGSHOP Instance: compute neighbors...
computing neighbors (0 / 14364)...
computing neighbors (1000 / 14364)...
computing neighbors (2000 / 14364)...
computing neighbors (3000 / 14364)...
computing neighbors (4000 / 14364)...
computing neighbors (5000 / 14364)...
computing neighbors (6000 / 14364)...
computing neighbors (7000 / 14364)...
computing neighbors (8000 / 14364)...
computing neighbors (9000 / 14364)...
computing neighbors (10000 / 14364)...
computing neighbors (11000 / 14364)...
computing neighbors (12000 / 14364)...
computing neighbors (13000 / 14364)...
computing neighbors (14000 / 14364)...
410        vertices
14364      segments
2555       dominations
=======================
CGSHOP Instance: compute neighbors...
computing neighbors (0 / 14364)...
computing neighbors (1000 / 14364)...
computing neighbors (2000 / 14364)...
computing neighbors (3000 / 14364)...
computing neighbors (4000 / 14364)...
computing neighbors (5000 / 14364)...
computing neighbors (6000 / 14364)...
computing neighbors (7000 / 14364)...
computing neighbors (8000 / 14364)...
computing neighbors (9000 / 14364)...
computing neighbors (10000 / 14364)...
computing neighbors (11000 / 14364)...
computing neighbors (12000 / 14364)...
computing neighbors (13000 / 14364)...
computing neighbors (14000 / 14364)...
colored 1000 / 14364...
colored 2000 / 14364...
colored 3000 / 14364...
colored 4000 / 14364...
colored 5000 / 14364...
colored 6000 / 14364...
colored 7000 / 14364...
colored 8000 / 14364...
colored 9000 / 14364...
colored 10000 / 14364...
colored 11000 / 14364...
colored 12000 / 14364...
colored 13000 / 14364...
colored 14000 / 14364...
greedy found 143 colors in 3.773 seconds
 time (s)      nb nodes       objective      
---------------------------------------------
  1.613                       143            
  1.623        40.0           142            
  2.379        5.2 k          141            
  5.369        22.3 k         140            
  13.187       67.0 k         139            
  21.564       117.4 k        138            
  7197.211     21.4 M         137            

             nb generated        196.5 M
              nb expanded        166.9 M
               nb trashed           0.0 
     avg branching factor           1.2 
                  nb eval          14.0 
                 nb guide        196.5 M
        time searched (s)      71998.383
      generated nodes / s          2.7 k
        solutions created           0.0 
