printing solutions in: ./dogs-color/insts/cgshop22/sqrp60119.instance.json.solution.json
printing perfs in: ./dogs-color/insts/cgshop22/sqrp60119.instance.json.perf.json

CGSHOP Instance: compute neighbors...
computing neighbors (0 / 60119)...
computing neighbors (1000 / 60119)...
computing neighbors (2000 / 60119)...
computing neighbors (3000 / 60119)...
computing neighbors (4000 / 60119)...
computing neighbors (5000 / 60119)...
computing neighbors (6000 / 60119)...
computing neighbors (7000 / 60119)...
computing neighbors (8000 / 60119)...
computing neighbors (9000 / 60119)...
computing neighbors (10000 / 60119)...
computing neighbors (11000 / 60119)...
computing neighbors (12000 / 60119)...
computing neighbors (13000 / 60119)...
computing neighbors (14000 / 60119)...
computing neighbors (15000 / 60119)...
computing neighbors (16000 / 60119)...
computing neighbors (17000 / 60119)...
computing neighbors (18000 / 60119)...
computing neighbors (19000 / 60119)...
computing neighbors (20000 / 60119)...
computing neighbors (21000 / 60119)...
computing neighbors (22000 / 60119)...
computing neighbors (23000 / 60119)...
computing neighbors (24000 / 60119)...
computing neighbors (25000 / 60119)...
computing neighbors (26000 / 60119)...
computing neighbors (27000 / 60119)...
computing neighbors (28000 / 60119)...
computing neighbors (29000 / 60119)...
computing neighbors (30000 / 60119)...
computing neighbors (31000 / 60119)...
computing neighbors (32000 / 60119)...
computing neighbors (33000 / 60119)...
computing neighbors (34000 / 60119)...
computing neighbors (35000 / 60119)...
computing neighbors (36000 / 60119)...
computing neighbors (37000 / 60119)...
computing neighbors (38000 / 60119)...
computing neighbors (39000 / 60119)...
computing neighbors (40000 / 60119)...
computing neighbors (41000 / 60119)...
computing neighbors (42000 / 60119)...
computing neighbors (43000 / 60119)...
computing neighbors (44000 / 60119)...
computing neighbors (45000 / 60119)...
computing neighbors (46000 / 60119)...
computing neighbors (47000 / 60119)...
computing neighbors (48000 / 60119)...
computing neighbors (49000 / 60119)...
computing neighbors (50000 / 60119)...
computing neighbors (51000 / 60119)...
computing neighbors (52000 / 60119)...
computing neighbors (53000 / 60119)...
computing neighbors (54000 / 60119)...
computing neighbors (55000 / 60119)...
computing neighbors (56000 / 60119)...
computing neighbors (57000 / 60119)...
computing neighbors (58000 / 60119)...
computing neighbors (59000 / 60119)...
computing neighbors (60000 / 60119)...
983        vertices
60119      segments
8318       dominations
=======================
CGSHOP Instance: compute neighbors...
computing neighbors (0 / 60119)...
computing neighbors (1000 / 60119)...
computing neighbors (2000 / 60119)...
computing neighbors (3000 / 60119)...
computing neighbors (4000 / 60119)...
computing neighbors (5000 / 60119)...
computing neighbors (6000 / 60119)...
computing neighbors (7000 / 60119)...
computing neighbors (8000 / 60119)...
computing neighbors (9000 / 60119)...
computing neighbors (10000 / 60119)...
computing neighbors (11000 / 60119)...
computing neighbors (12000 / 60119)...
computing neighbors (13000 / 60119)...
computing neighbors (14000 / 60119)...
computing neighbors (15000 / 60119)...
computing neighbors (16000 / 60119)...
computing neighbors (17000 / 60119)...
computing neighbors (18000 / 60119)...
computing neighbors (19000 / 60119)...
computing neighbors (20000 / 60119)...
computing neighbors (21000 / 60119)...
computing neighbors (22000 / 60119)...
computing neighbors (23000 / 60119)...
computing neighbors (24000 / 60119)...
computing neighbors (25000 / 60119)...
computing neighbors (26000 / 60119)...
computing neighbors (27000 / 60119)...
computing neighbors (28000 / 60119)...
computing neighbors (29000 / 60119)...
computing neighbors (30000 / 60119)...
computing neighbors (31000 / 60119)...
computing neighbors (32000 / 60119)...
computing neighbors (33000 / 60119)...
computing neighbors (34000 / 60119)...
computing neighbors (35000 / 60119)...
computing neighbors (36000 / 60119)...
computing neighbors (37000 / 60119)...
computing neighbors (38000 / 60119)...
computing neighbors (39000 / 60119)...
computing neighbors (40000 / 60119)...
computing neighbors (41000 / 60119)...
computing neighbors (42000 / 60119)...
computing neighbors (43000 / 60119)...
computing neighbors (44000 / 60119)...
computing neighbors (45000 / 60119)...
computing neighbors (46000 / 60119)...
computing neighbors (47000 / 60119)...
computing neighbors (48000 / 60119)...
computing neighbors (49000 / 60119)...
computing neighbors (50000 / 60119)...
computing neighbors (51000 / 60119)...
computing neighbors (52000 / 60119)...
computing neighbors (53000 / 60119)...
computing neighbors (54000 / 60119)...
computing neighbors (55000 / 60119)...
computing neighbors (56000 / 60119)...
computing neighbors (57000 / 60119)...
computing neighbors (58000 / 60119)...
computing neighbors (59000 / 60119)...
computing neighbors (60000 / 60119)...
colored 1000 / 60119...
colored 2000 / 60119...
colored 3000 / 60119...
colored 4000 / 60119...
colored 5000 / 60119...
colored 6000 / 60119...
colored 7000 / 60119...
colored 8000 / 60119...
colored 9000 / 60119...
colored 10000 / 60119...
colored 11000 / 60119...
colored 12000 / 60119...
colored 13000 / 60119...
colored 14000 / 60119...
colored 15000 / 60119...
colored 16000 / 60119...
colored 17000 / 60119...
colored 18000 / 60119...
colored 19000 / 60119...
colored 20000 / 60119...
colored 21000 / 60119...
colored 22000 / 60119...
colored 23000 / 60119...
colored 24000 / 60119...
colored 25000 / 60119...
colored 26000 / 60119...
colored 27000 / 60119...
colored 28000 / 60119...
colored 29000 / 60119...
colored 30000 / 60119...
colored 31000 / 60119...
colored 32000 / 60119...
colored 33000 / 60119...
colored 34000 / 60119...
colored 35000 / 60119...
colored 36000 / 60119...
colored 37000 / 60119...
colored 38000 / 60119...
colored 39000 / 60119...
colored 40000 / 60119...
colored 41000 / 60119...
colored 42000 / 60119...
colored 43000 / 60119...
colored 44000 / 60119...
colored 45000 / 60119...
colored 46000 / 60119...
colored 47000 / 60119...
colored 48000 / 60119...
colored 49000 / 60119...
colored 50000 / 60119...
colored 51000 / 60119...
colored 52000 / 60119...
colored 53000 / 60119...
colored 54000 / 60119...
colored 55000 / 60119...
colored 56000 / 60119...
colored 57000 / 60119...
colored 58000 / 60119...
colored 59000 / 60119...
colored 60000 / 60119...
greedy found 302 colors in 123.086 seconds
 time (s)      nb nodes       objective      
---------------------------------------------
  28.083                      302            
  331.379      135.8 k        301            
  368.714      154.1 k        300            
  437.086      186.4 k        299            
  2747.058     1.1 M          298            
  3741.541     1.4 M          297            

             nb generated         24.3 M
              nb expanded         16.9 M
               nb trashed           0.0 
     avg branching factor           1.4 
                  nb eval          12.0 
                 nb guide         24.3 M
        time searched (s)      71971.914
      generated nodes / s         337.9 
        solutions created           0.0 
