printing solutions in: ./dogs-color/insts/cgshop22/rvisp9770.instance.json.solution.json
printing perfs in: ./dogs-color/insts/cgshop22/rvisp9770.instance.json.perf.json

CGSHOP Instance: compute neighbors...
computing neighbors (0 / 9770)...
computing neighbors (1000 / 9770)...
computing neighbors (2000 / 9770)...
computing neighbors (3000 / 9770)...
computing neighbors (4000 / 9770)...
computing neighbors (5000 / 9770)...
computing neighbors (6000 / 9770)...
computing neighbors (7000 / 9770)...
computing neighbors (8000 / 9770)...
computing neighbors (9000 / 9770)...
343        vertices
9770       segments
4788       dominations
=======================
CGSHOP Instance: compute neighbors...
computing neighbors (0 / 9770)...
computing neighbors (1000 / 9770)...
computing neighbors (2000 / 9770)...
computing neighbors (3000 / 9770)...
computing neighbors (4000 / 9770)...
computing neighbors (5000 / 9770)...
computing neighbors (6000 / 9770)...
computing neighbors (7000 / 9770)...
computing neighbors (8000 / 9770)...
computing neighbors (9000 / 9770)...
colored 1000 / 9770...
colored 2000 / 9770...
colored 3000 / 9770...
colored 4000 / 9770...
colored 5000 / 9770...
colored 6000 / 9770...
colored 7000 / 9770...
colored 8000 / 9770...
colored 9000 / 9770...
greedy found 72 colors in 1.022 seconds
 time (s)      nb nodes       objective      
---------------------------------------------
  0.382                       72             
  0.398        92.0           71             
  0.501        2.2 k          70             
  0.561        3.5 k          69             
  0.653        5.9 k          68             
  1.124        16.8 k         67             
  1.256        19.7 k         66             
  4.425        82.9 k         65             
  6.108        110.9 k        64             
  26.939       483.2 k        63             
  35.435       632.5 k        62             
  250.947      3.7 M          61             

             nb generated          1.1 B
              nb expanded        751.8 M
               nb trashed           0.0 
     avg branching factor           1.4 
                  nb eval          24.0 
                 nb guide          1.1 B
        time searched (s)      71999.617
      generated nodes / s         14.6 k
        solutions created           0.0 
invalid solution (reason: ConflictingEdge(3419, 6795))
