printing solutions in: ./dogs-color/insts/cgshop22/sqrpecn30017.instance.json.solution.json
printing perfs in: ./dogs-color/insts/cgshop22/sqrpecn30017.instance.json.perf.json

CGSHOP Instance: compute neighbors...
computing neighbors (0 / 30017)...
computing neighbors (1000 / 30017)...
computing neighbors (2000 / 30017)...
computing neighbors (3000 / 30017)...
computing neighbors (4000 / 30017)...
computing neighbors (5000 / 30017)...
computing neighbors (6000 / 30017)...
computing neighbors (7000 / 30017)...
computing neighbors (8000 / 30017)...
computing neighbors (9000 / 30017)...
computing neighbors (10000 / 30017)...
computing neighbors (11000 / 30017)...
computing neighbors (12000 / 30017)...
computing neighbors (13000 / 30017)...
computing neighbors (14000 / 30017)...
computing neighbors (15000 / 30017)...
computing neighbors (16000 / 30017)...
computing neighbors (17000 / 30017)...
computing neighbors (18000 / 30017)...
computing neighbors (19000 / 30017)...
computing neighbors (20000 / 30017)...
computing neighbors (21000 / 30017)...
computing neighbors (22000 / 30017)...
computing neighbors (23000 / 30017)...
computing neighbors (24000 / 30017)...
computing neighbors (25000 / 30017)...
computing neighbors (26000 / 30017)...
computing neighbors (27000 / 30017)...
computing neighbors (28000 / 30017)...
computing neighbors (29000 / 30017)...
computing neighbors (30000 / 30017)...
44770      vertices
30017      segments
324        dominations
=======================
CGSHOP Instance: compute neighbors...
computing neighbors (0 / 30017)...
computing neighbors (1000 / 30017)...
computing neighbors (2000 / 30017)...
computing neighbors (3000 / 30017)...
computing neighbors (4000 / 30017)...
computing neighbors (5000 / 30017)...
computing neighbors (6000 / 30017)...
computing neighbors (7000 / 30017)...
computing neighbors (8000 / 30017)...
computing neighbors (9000 / 30017)...
computing neighbors (10000 / 30017)...
computing neighbors (11000 / 30017)...
computing neighbors (12000 / 30017)...
computing neighbors (13000 / 30017)...
computing neighbors (14000 / 30017)...
computing neighbors (15000 / 30017)...
computing neighbors (16000 / 30017)...
computing neighbors (17000 / 30017)...
computing neighbors (18000 / 30017)...
computing neighbors (19000 / 30017)...
computing neighbors (20000 / 30017)...
computing neighbors (21000 / 30017)...
computing neighbors (22000 / 30017)...
computing neighbors (23000 / 30017)...
computing neighbors (24000 / 30017)...
computing neighbors (25000 / 30017)...
computing neighbors (26000 / 30017)...
computing neighbors (27000 / 30017)...
computing neighbors (28000 / 30017)...
computing neighbors (29000 / 30017)...
computing neighbors (30000 / 30017)...
colored 1000 / 30017...
colored 2000 / 30017...
colored 3000 / 30017...
colored 4000 / 30017...
colored 5000 / 30017...
colored 6000 / 30017...
colored 7000 / 30017...
colored 8000 / 30017...
colored 9000 / 30017...
colored 10000 / 30017...
colored 11000 / 30017...
colored 12000 / 30017...
colored 13000 / 30017...
colored 14000 / 30017...
colored 15000 / 30017...
colored 16000 / 30017...
colored 17000 / 30017...
colored 18000 / 30017...
colored 19000 / 30017...
colored 20000 / 30017...
colored 21000 / 30017...
colored 22000 / 30017...
colored 23000 / 30017...
colored 24000 / 30017...
colored 25000 / 30017...
colored 26000 / 30017...
colored 27000 / 30017...
colored 28000 / 30017...
colored 29000 / 30017...
colored 30000 / 30017...
greedy found 403 colors in 32.149 seconds
 time (s)      nb nodes       objective      
---------------------------------------------
  7.980                       403            
  8.053        572.0          402            
  9.704        12.1 k         401            
  9.881        13.1 k         400            
  10.582       18.4 k         399            
  12.946       30.9 k         398            
  13.536       37.3 k         397            
  18.240       61.3 k         396            
  18.892       68.4 k         395            
  20.293       84.5 k         394            
  21.303       94.2 k         393            
  24.156       122.8 k        392            
  25.464       135.0 k        391            
  32.030       178.3 k        390            
  35.783       198.2 k        389            
  41.452       227.5 k        388            
  44.319       255.9 k        387            
  48.445       278.4 k        386            
  58.785       318.5 k        385            
  61.025       336.3 k        384            
  70.412       376.1 k        383            
  79.614       404.6 k        382            
  82.900       427.8 k        381            
  88.572       455.3 k        380            
  97.310       495.3 k        379            
  99.770       515.5 k        378            
  117.735      580.3 k        377            
  131.225      627.2 k        376            
  140.078      658.9 k        375            
  158.830      729.1 k        374            
  173.547      773.8 k        373            
  178.013      797.9 k        372            
  196.304      853.1 k        371            
  237.588      960.0 k        370            
  246.176      989.6 k        369            
  268.889      1.0 M          368            
  314.349      1.2 M          367            
  351.738      1.3 M          366            
  399.525      1.4 M          365            
  432.532      1.4 M          364            
  521.312      1.6 M          363            
  557.885      1.7 M          362            
  644.194      1.9 M          361            
  955.428      2.4 M          360            
  1552.414     3.3 M          359            
  2157.521     4.1 M          358            
  4353.314     6.6 M          357            
  4437.423     6.7 M          356            
  4860.283     7.2 M          355            
  16550.953    18.5 M         354            
  31076.021    31.3 M         353            
  34540.895    34.3 M         352            
  35156.336    34.9 M         351            
  36898.371    36.4 M         350            

             nb generated         65.3 M
              nb expanded         39.6 M
               nb trashed           0.0 
     avg branching factor           1.6 
                  nb eval         108.0 
                 nb guide         65.3 M
        time searched (s)      71992.016
      generated nodes / s         907.2 
        solutions created           0.0 
