printing solutions in: ./dogs-color/insts/cgshop22/sqrpecn45811.instance.json.solution.json
printing perfs in: ./dogs-color/insts/cgshop22/sqrpecn45811.instance.json.perf.json

CGSHOP Instance: compute neighbors...
computing neighbors (0 / 45811)...
computing neighbors (1000 / 45811)...
computing neighbors (2000 / 45811)...
computing neighbors (3000 / 45811)...
computing neighbors (4000 / 45811)...
computing neighbors (5000 / 45811)...
computing neighbors (6000 / 45811)...
computing neighbors (7000 / 45811)...
computing neighbors (8000 / 45811)...
computing neighbors (9000 / 45811)...
computing neighbors (10000 / 45811)...
computing neighbors (11000 / 45811)...
computing neighbors (12000 / 45811)...
computing neighbors (13000 / 45811)...
computing neighbors (14000 / 45811)...
computing neighbors (15000 / 45811)...
computing neighbors (16000 / 45811)...
computing neighbors (17000 / 45811)...
computing neighbors (18000 / 45811)...
computing neighbors (19000 / 45811)...
computing neighbors (20000 / 45811)...
computing neighbors (21000 / 45811)...
computing neighbors (22000 / 45811)...
computing neighbors (23000 / 45811)...
computing neighbors (24000 / 45811)...
computing neighbors (25000 / 45811)...
computing neighbors (26000 / 45811)...
computing neighbors (27000 / 45811)...
computing neighbors (28000 / 45811)...
computing neighbors (29000 / 45811)...
computing neighbors (30000 / 45811)...
computing neighbors (31000 / 45811)...
computing neighbors (32000 / 45811)...
computing neighbors (33000 / 45811)...
computing neighbors (34000 / 45811)...
computing neighbors (35000 / 45811)...
computing neighbors (36000 / 45811)...
computing neighbors (37000 / 45811)...
computing neighbors (38000 / 45811)...
computing neighbors (39000 / 45811)...
computing neighbors (40000 / 45811)...
computing neighbors (41000 / 45811)...
computing neighbors (42000 / 45811)...
computing neighbors (43000 / 45811)...
computing neighbors (44000 / 45811)...
computing neighbors (45000 / 45811)...
68579      vertices
45811      segments
485        dominations
=======================
CGSHOP Instance: compute neighbors...
computing neighbors (0 / 45811)...
computing neighbors (1000 / 45811)...
computing neighbors (2000 / 45811)...
computing neighbors (3000 / 45811)...
computing neighbors (4000 / 45811)...
computing neighbors (5000 / 45811)...
computing neighbors (6000 / 45811)...
computing neighbors (7000 / 45811)...
computing neighbors (8000 / 45811)...
computing neighbors (9000 / 45811)...
computing neighbors (10000 / 45811)...
computing neighbors (11000 / 45811)...
computing neighbors (12000 / 45811)...
computing neighbors (13000 / 45811)...
computing neighbors (14000 / 45811)...
computing neighbors (15000 / 45811)...
computing neighbors (16000 / 45811)...
computing neighbors (17000 / 45811)...
computing neighbors (18000 / 45811)...
computing neighbors (19000 / 45811)...
computing neighbors (20000 / 45811)...
computing neighbors (21000 / 45811)...
computing neighbors (22000 / 45811)...
computing neighbors (23000 / 45811)...
computing neighbors (24000 / 45811)...
computing neighbors (25000 / 45811)...
computing neighbors (26000 / 45811)...
computing neighbors (27000 / 45811)...
computing neighbors (28000 / 45811)...
computing neighbors (29000 / 45811)...
computing neighbors (30000 / 45811)...
computing neighbors (31000 / 45811)...
computing neighbors (32000 / 45811)...
computing neighbors (33000 / 45811)...
computing neighbors (34000 / 45811)...
computing neighbors (35000 / 45811)...
computing neighbors (36000 / 45811)...
computing neighbors (37000 / 45811)...
computing neighbors (38000 / 45811)...
computing neighbors (39000 / 45811)...
computing neighbors (40000 / 45811)...
computing neighbors (41000 / 45811)...
computing neighbors (42000 / 45811)...
computing neighbors (43000 / 45811)...
computing neighbors (44000 / 45811)...
computing neighbors (45000 / 45811)...
colored 1000 / 45811...
colored 2000 / 45811...
colored 3000 / 45811...
colored 4000 / 45811...
colored 5000 / 45811...
colored 6000 / 45811...
colored 7000 / 45811...
colored 8000 / 45811...
colored 9000 / 45811...
colored 10000 / 45811...
colored 11000 / 45811...
colored 12000 / 45811...
colored 13000 / 45811...
colored 14000 / 45811...
colored 15000 / 45811...
colored 16000 / 45811...
colored 17000 / 45811...
colored 18000 / 45811...
colored 19000 / 45811...
colored 20000 / 45811...
colored 21000 / 45811...
colored 22000 / 45811...
colored 23000 / 45811...
colored 24000 / 45811...
colored 25000 / 45811...
colored 26000 / 45811...
colored 27000 / 45811...
colored 28000 / 45811...
colored 29000 / 45811...
colored 30000 / 45811...
colored 31000 / 45811...
colored 32000 / 45811...
colored 33000 / 45811...
colored 34000 / 45811...
colored 35000 / 45811...
colored 36000 / 45811...
colored 37000 / 45811...
colored 38000 / 45811...
colored 39000 / 45811...
colored 40000 / 45811...
colored 41000 / 45811...
colored 42000 / 45811...
colored 43000 / 45811...
colored 44000 / 45811...
colored 45000 / 45811...
greedy found 511 colors in 137.298 seconds
 time (s)      nb nodes       objective      
---------------------------------------------
  21.838                      511            
  21.910       27.0           510            
  22.048       152.0          509            
  23.179       1.8 k          508            
  27.050       6.2 k          507            
  41.678       23.3 k         506            
  46.178       28.0 k         505            
  55.942       39.5 k         504            
  86.167       70.2 k         503            
  90.594       84.8 k         502            
  104.014      111.4 k        501            
  116.276      144.9 k        500            
  128.342      172.9 k        499            
  141.180      225.0 k        498            
  152.441      249.1 k        497            
  155.625      270.9 k        496            
  168.689      319.8 k        495            
  225.316      408.6 k        494            
  232.159      437.5 k        493            
  267.889      472.3 k        492            
  297.970      538.6 k        491            
  331.854      597.8 k        490            
  360.945      646.4 k        489            
  417.818      716.3 k        488            
  431.788      742.7 k        487            
  449.821      777.2 k        486            
  621.207      927.8 k        485            
  724.028      1.0 M          484            
  782.065      1.1 M          483            
  808.015      1.2 M          482            
  870.565      1.2 M          481            
  921.588      1.3 M          480            
  1072.898     1.4 M          479            
  1322.456     1.6 M          478            
  1406.749     1.7 M          477            
  1631.059     1.9 M          476            
  1685.230     2.0 M          475            
  1825.163     2.1 M          474            
  4194.129     3.7 M          473            
  4617.086     4.0 M          472            
  4775.939     4.1 M          471            
  5014.046     4.3 M          470            
  5398.830     4.5 M          469            
  26113.996    15.5 M         468            
  43250.785    23.5 M         467            

             nb generated         36.4 M
              nb expanded         22.0 M
               nb trashed           0.0 
     avg branching factor           1.7 
                  nb eval          90.0 
                 nb guide         36.4 M
        time searched (s)      71978.156
      generated nodes / s         505.3 
        solutions created           0.0 
