printing solutions in: ./dogs-color/insts/cgshop22/sqrpecn54576.instance.json.solution.json
printing perfs in: ./dogs-color/insts/cgshop22/sqrpecn54576.instance.json.perf.json

CGSHOP Instance: compute neighbors...
computing neighbors (0 / 54576)...
computing neighbors (1000 / 54576)...
computing neighbors (2000 / 54576)...
computing neighbors (3000 / 54576)...
computing neighbors (4000 / 54576)...
computing neighbors (5000 / 54576)...
computing neighbors (6000 / 54576)...
computing neighbors (7000 / 54576)...
computing neighbors (8000 / 54576)...
computing neighbors (9000 / 54576)...
computing neighbors (10000 / 54576)...
computing neighbors (11000 / 54576)...
computing neighbors (12000 / 54576)...
computing neighbors (13000 / 54576)...
computing neighbors (14000 / 54576)...
computing neighbors (15000 / 54576)...
computing neighbors (16000 / 54576)...
computing neighbors (17000 / 54576)...
computing neighbors (18000 / 54576)...
computing neighbors (19000 / 54576)...
computing neighbors (20000 / 54576)...
computing neighbors (21000 / 54576)...
computing neighbors (22000 / 54576)...
computing neighbors (23000 / 54576)...
computing neighbors (24000 / 54576)...
computing neighbors (25000 / 54576)...
computing neighbors (26000 / 54576)...
computing neighbors (27000 / 54576)...
computing neighbors (28000 / 54576)...
computing neighbors (29000 / 54576)...
computing neighbors (30000 / 54576)...
computing neighbors (31000 / 54576)...
computing neighbors (32000 / 54576)...
computing neighbors (33000 / 54576)...
computing neighbors (34000 / 54576)...
computing neighbors (35000 / 54576)...
computing neighbors (36000 / 54576)...
computing neighbors (37000 / 54576)...
computing neighbors (38000 / 54576)...
computing neighbors (39000 / 54576)...
computing neighbors (40000 / 54576)...
computing neighbors (41000 / 54576)...
computing neighbors (42000 / 54576)...
computing neighbors (43000 / 54576)...
computing neighbors (44000 / 54576)...
computing neighbors (45000 / 54576)...
computing neighbors (46000 / 54576)...
computing neighbors (47000 / 54576)...
computing neighbors (48000 / 54576)...
computing neighbors (49000 / 54576)...
computing neighbors (50000 / 54576)...
computing neighbors (51000 / 54576)...
computing neighbors (52000 / 54576)...
computing neighbors (53000 / 54576)...
computing neighbors (54000 / 54576)...
81716      vertices
54576      segments
529        dominations
=======================
CGSHOP Instance: compute neighbors...
computing neighbors (0 / 54576)...
computing neighbors (1000 / 54576)...
computing neighbors (2000 / 54576)...
computing neighbors (3000 / 54576)...
computing neighbors (4000 / 54576)...
computing neighbors (5000 / 54576)...
computing neighbors (6000 / 54576)...
computing neighbors (7000 / 54576)...
computing neighbors (8000 / 54576)...
computing neighbors (9000 / 54576)...
computing neighbors (10000 / 54576)...
computing neighbors (11000 / 54576)...
computing neighbors (12000 / 54576)...
computing neighbors (13000 / 54576)...
computing neighbors (14000 / 54576)...
computing neighbors (15000 / 54576)...
computing neighbors (16000 / 54576)...
computing neighbors (17000 / 54576)...
computing neighbors (18000 / 54576)...
computing neighbors (19000 / 54576)...
computing neighbors (20000 / 54576)...
computing neighbors (21000 / 54576)...
computing neighbors (22000 / 54576)...
computing neighbors (23000 / 54576)...
computing neighbors (24000 / 54576)...
computing neighbors (25000 / 54576)...
computing neighbors (26000 / 54576)...
computing neighbors (27000 / 54576)...
computing neighbors (28000 / 54576)...
computing neighbors (29000 / 54576)...
computing neighbors (30000 / 54576)...
computing neighbors (31000 / 54576)...
computing neighbors (32000 / 54576)...
computing neighbors (33000 / 54576)...
computing neighbors (34000 / 54576)...
computing neighbors (35000 / 54576)...
computing neighbors (36000 / 54576)...
computing neighbors (37000 / 54576)...
computing neighbors (38000 / 54576)...
computing neighbors (39000 / 54576)...
computing neighbors (40000 / 54576)...
computing neighbors (41000 / 54576)...
computing neighbors (42000 / 54576)...
computing neighbors (43000 / 54576)...
computing neighbors (44000 / 54576)...
computing neighbors (45000 / 54576)...
computing neighbors (46000 / 54576)...
computing neighbors (47000 / 54576)...
computing neighbors (48000 / 54576)...
computing neighbors (49000 / 54576)...
computing neighbors (50000 / 54576)...
computing neighbors (51000 / 54576)...
computing neighbors (52000 / 54576)...
computing neighbors (53000 / 54576)...
computing neighbors (54000 / 54576)...
colored 1000 / 54576...
colored 2000 / 54576...
colored 3000 / 54576...
colored 4000 / 54576...
colored 5000 / 54576...
colored 6000 / 54576...
colored 7000 / 54576...
colored 8000 / 54576...
colored 9000 / 54576...
colored 10000 / 54576...
colored 11000 / 54576...
colored 12000 / 54576...
colored 13000 / 54576...
colored 14000 / 54576...
colored 15000 / 54576...
colored 16000 / 54576...
colored 17000 / 54576...
colored 18000 / 54576...
colored 19000 / 54576...
colored 20000 / 54576...
colored 21000 / 54576...
colored 22000 / 54576...
colored 23000 / 54576...
colored 24000 / 54576...
colored 25000 / 54576...
colored 26000 / 54576...
colored 27000 / 54576...
colored 28000 / 54576...
colored 29000 / 54576...
colored 30000 / 54576...
colored 31000 / 54576...
colored 32000 / 54576...
colored 33000 / 54576...
colored 34000 / 54576...
colored 35000 / 54576...
colored 36000 / 54576...
colored 37000 / 54576...
colored 38000 / 54576...
colored 39000 / 54576...
colored 40000 / 54576...
colored 41000 / 54576...
colored 42000 / 54576...
colored 43000 / 54576...
colored 44000 / 54576...
colored 45000 / 54576...
colored 46000 / 54576...
colored 47000 / 54576...
colored 48000 / 54576...
colored 49000 / 54576...
colored 50000 / 54576...
colored 51000 / 54576...
colored 52000 / 54576...
colored 53000 / 54576...
colored 54000 / 54576...
greedy found 596 colors in 209.200 seconds
 time (s)      nb nodes       objective      
---------------------------------------------
  30.206                      596            
  30.337       68.0           595            
  30.760       557.0          594            
  33.134       3.6 k          593            
  33.533       4.0 k          592            
  34.054       4.8 k          591            
  43.960       16.7 k         590            
  45.921       19.6 k         589            
  68.679       43.3 k         588            
  72.262       48.3 k         587            
  79.393       55.9 k         586            
  95.867       71.9 k         585            
  104.442      105.8 k        584            
  121.662      125.5 k        583            
  131.935      170.0 k        582            
  137.956      192.7 k        581            
  145.369      236.2 k        580            
  164.021      298.8 k        579            
  173.556      333.8 k        578            
  188.140      365.1 k        577            
  212.066      434.8 k        576            
  218.546      462.7 k        575            
  239.591      512.1 k        574            
  249.024      552.9 k        573            
  269.703      592.1 k        572            
  295.061      644.2 k        571            
  308.234      669.4 k        570            
  318.373      703.8 k        569            
  337.181      738.2 k        568            
  364.054      767.1 k        567            
  387.526      815.5 k        566            
  424.996      883.3 k        565            
  463.080      941.0 k        564            
  496.973      982.0 k        563            
  502.803      1.0 M          562            
  521.589      1.1 M          561            
  558.724      1.1 M          560            
  593.314      1.2 M          559            
  640.377      1.2 M          558            
  685.079      1.3 M          557            
  719.804      1.4 M          556            
  742.182      1.4 M          555            
  795.227      1.5 M          554            
  818.729      1.5 M          553            
  873.050      1.6 M          552            
  976.738      1.7 M          551            
  1020.771     1.8 M          550            
  1091.804     1.9 M          549            
  1160.977     1.9 M          548            
  1277.049     2.0 M          547            
  1306.410     2.1 M          546            
  1400.595     2.2 M          545            
  1802.388     2.5 M          544            
  1845.788     2.5 M          543            
  1956.973     2.6 M          542            
  2028.995     2.7 M          541            
  2164.506     2.8 M          540            
  2318.945     2.9 M          539            
  2438.994     3.1 M          538            
  2588.304     3.2 M          537            
  2763.936     3.4 M          536            
  3120.063     3.6 M          535            
  3359.581     3.8 M          534            
  3604.625     4.0 M          533            
  3662.005     4.0 M          532            
  3812.925     4.1 M          531            
  3896.689     4.2 M          530            
  4049.318     4.3 M          529            
  4174.342     4.4 M          528            
  4798.741     4.8 M          527            
  5380.686     5.2 M          526            
  5482.699     5.3 M          525            
  5850.169     5.6 M          524            
  5973.678     5.6 M          523            
  6190.578     5.8 M          522            
  6534.270     6.0 M          521            
  7131.698     6.4 M          520            
  7737.087     6.8 M          519            
  7871.491     6.9 M          518            
  8658.832     7.3 M          517            
  9176.045     7.6 M          516            
  9791.037     8.0 M          515            
  10526.498    8.4 M          514            
  11715.072    9.1 M          513            
  12089.198    9.4 M          512            

             nb generated         34.1 M
              nb expanded         16.8 M
               nb trashed           0.0 
     avg branching factor           2.0 
                  nb eval         170.0 
                 nb guide         34.1 M
        time searched (s)      71969.789
      generated nodes / s         474.1 
        solutions created           0.0 
