printing solutions in: ./dogs-color/insts/cgshop22/rsqrp23406.instance.json.solution.json
printing perfs in: ./dogs-color/insts/cgshop22/rsqrp23406.instance.json.perf.json

CGSHOP Instance: compute neighbors...
computing neighbors (0 / 23406)...
computing neighbors (1000 / 23406)...
computing neighbors (2000 / 23406)...
computing neighbors (3000 / 23406)...
computing neighbors (4000 / 23406)...
computing neighbors (5000 / 23406)...
computing neighbors (6000 / 23406)...
computing neighbors (7000 / 23406)...
computing neighbors (8000 / 23406)...
computing neighbors (9000 / 23406)...
computing neighbors (10000 / 23406)...
computing neighbors (11000 / 23406)...
computing neighbors (12000 / 23406)...
computing neighbors (13000 / 23406)...
computing neighbors (14000 / 23406)...
computing neighbors (15000 / 23406)...
computing neighbors (16000 / 23406)...
computing neighbors (17000 / 23406)...
computing neighbors (18000 / 23406)...
computing neighbors (19000 / 23406)...
computing neighbors (20000 / 23406)...
computing neighbors (21000 / 23406)...
computing neighbors (22000 / 23406)...
computing neighbors (23000 / 23406)...
421        vertices
23406      segments
5204       dominations
=======================
CGSHOP Instance: compute neighbors...
computing neighbors (0 / 23406)...
computing neighbors (1000 / 23406)...
computing neighbors (2000 / 23406)...
computing neighbors (3000 / 23406)...
computing neighbors (4000 / 23406)...
computing neighbors (5000 / 23406)...
computing neighbors (6000 / 23406)...
computing neighbors (7000 / 23406)...
computing neighbors (8000 / 23406)...
computing neighbors (9000 / 23406)...
computing neighbors (10000 / 23406)...
computing neighbors (11000 / 23406)...
computing neighbors (12000 / 23406)...
computing neighbors (13000 / 23406)...
computing neighbors (14000 / 23406)...
computing neighbors (15000 / 23406)...
computing neighbors (16000 / 23406)...
computing neighbors (17000 / 23406)...
computing neighbors (18000 / 23406)...
computing neighbors (19000 / 23406)...
computing neighbors (20000 / 23406)...
computing neighbors (21000 / 23406)...
computing neighbors (22000 / 23406)...
computing neighbors (23000 / 23406)...
colored 1000 / 23406...
colored 2000 / 23406...
colored 3000 / 23406...
colored 4000 / 23406...
colored 5000 / 23406...
colored 6000 / 23406...
colored 7000 / 23406...
colored 8000 / 23406...
colored 9000 / 23406...
colored 10000 / 23406...
colored 11000 / 23406...
colored 12000 / 23406...
colored 13000 / 23406...
colored 14000 / 23406...
colored 15000 / 23406...
colored 16000 / 23406...
colored 17000 / 23406...
colored 18000 / 23406...
colored 19000 / 23406...
colored 20000 / 23406...
colored 21000 / 23406...
colored 22000 / 23406...
colored 23000 / 23406...
greedy found 166 colors in 14.070 seconds
 time (s)      nb nodes       objective      
---------------------------------------------
  4.375                       166            
  4.491        367.0          165            
  5.118        2.3 k          164            
  5.896        4.5 k          163            
  72.061       169.3 k        162            
  416.818      829.0 k        161            
  807.056      1.5 M          160            
  29318.998    36.6 M         159            
  33174.684    41.1 M         158            

             nb generated         87.6 M
              nb expanded         73.0 M
               nb trashed           0.0 
     avg branching factor           1.2 
                  nb eval          18.0 
                 nb guide         87.6 M
        time searched (s)      71995.625
      generated nodes / s          1.2 k
        solutions created           0.0 
