printing solutions in: ./dogs-color/insts/cgshop22/rvispecn6048.instance.json.solution.json
printing perfs in: ./dogs-color/insts/cgshop22/rvispecn6048.instance.json.perf.json

CGSHOP Instance: compute neighbors...
computing neighbors (0 / 6048)...
computing neighbors (1000 / 6048)...
computing neighbors (2000 / 6048)...
computing neighbors (3000 / 6048)...
computing neighbors (4000 / 6048)...
computing neighbors (5000 / 6048)...
computing neighbors (6000 / 6048)...
8570       vertices
6048       segments
193        dominations
=======================
CGSHOP Instance: compute neighbors...
computing neighbors (0 / 6048)...
computing neighbors (1000 / 6048)...
computing neighbors (2000 / 6048)...
computing neighbors (3000 / 6048)...
computing neighbors (4000 / 6048)...
computing neighbors (5000 / 6048)...
computing neighbors (6000 / 6048)...
colored 1000 / 6048...
colored 2000 / 6048...
colored 3000 / 6048...
colored 4000 / 6048...
colored 5000 / 6048...
colored 6000 / 6048...
greedy found 90 colors in 0.480 seconds
 time (s)      nb nodes       objective      
---------------------------------------------
  0.156                       90             
  0.161        208.0          89             
  0.162        473.0          88             
  0.166        674.0          87             
  0.171        1.3 k          86             
  0.176        1.6 k          85             
  0.181        2.3 k          84             
  0.240        10.3 k         83             
  0.297        17.7 k         82             
  0.426        33.6 k         81             
  0.528        43.8 k         80             
  0.613        51.9 k         79             
  0.858        83.1 k         78             
  1.453        142.5 k        77             
  2.198        203.5 k        76             
  2.449        226.9 k        75             
  3.338        289.5 k        74             
  20.471       1.2 M          73             
  123.178      5.4 M          72             

             nb generated          1.2 B
              nb expanded        774.5 M
               nb trashed           0.0 
     avg branching factor           1.5 
                  nb eval          38.0 
                 nb guide          1.2 B
        time searched (s)      71999.844
      generated nodes / s         16.6 k
        solutions created           0.0 
invalid solution (reason: ConflictingEdge(3137, 3750))
