printing solutions in: ./dogs-color/insts/cgshop22/visp37336.instance.json.solution.json
printing perfs in: ./dogs-color/insts/cgshop22/visp37336.instance.json.perf.json

CGSHOP Instance: compute neighbors...
computing neighbors (0 / 37336)...
computing neighbors (1000 / 37336)...
computing neighbors (2000 / 37336)...
computing neighbors (3000 / 37336)...
computing neighbors (4000 / 37336)...
computing neighbors (5000 / 37336)...
computing neighbors (6000 / 37336)...
computing neighbors (7000 / 37336)...
computing neighbors (8000 / 37336)...
computing neighbors (9000 / 37336)...
computing neighbors (10000 / 37336)...
computing neighbors (11000 / 37336)...
computing neighbors (12000 / 37336)...
computing neighbors (13000 / 37336)...
computing neighbors (14000 / 37336)...
computing neighbors (15000 / 37336)...
computing neighbors (16000 / 37336)...
computing neighbors (17000 / 37336)...
computing neighbors (18000 / 37336)...
computing neighbors (19000 / 37336)...
computing neighbors (20000 / 37336)...
computing neighbors (21000 / 37336)...
computing neighbors (22000 / 37336)...
computing neighbors (23000 / 37336)...
computing neighbors (24000 / 37336)...
computing neighbors (25000 / 37336)...
computing neighbors (26000 / 37336)...
computing neighbors (27000 / 37336)...
computing neighbors (28000 / 37336)...
computing neighbors (29000 / 37336)...
computing neighbors (30000 / 37336)...
computing neighbors (31000 / 37336)...
computing neighbors (32000 / 37336)...
computing neighbors (33000 / 37336)...
computing neighbors (34000 / 37336)...
computing neighbors (35000 / 37336)...
computing neighbors (36000 / 37336)...
computing neighbors (37000 / 37336)...
540        vertices
37336      segments
17655      dominations
=======================
CGSHOP Instance: compute neighbors...
computing neighbors (0 / 37336)...
computing neighbors (1000 / 37336)...
computing neighbors (2000 / 37336)...
computing neighbors (3000 / 37336)...
computing neighbors (4000 / 37336)...
computing neighbors (5000 / 37336)...
computing neighbors (6000 / 37336)...
computing neighbors (7000 / 37336)...
computing neighbors (8000 / 37336)...
computing neighbors (9000 / 37336)...
computing neighbors (10000 / 37336)...
computing neighbors (11000 / 37336)...
computing neighbors (12000 / 37336)...
computing neighbors (13000 / 37336)...
computing neighbors (14000 / 37336)...
computing neighbors (15000 / 37336)...
computing neighbors (16000 / 37336)...
computing neighbors (17000 / 37336)...
computing neighbors (18000 / 37336)...
computing neighbors (19000 / 37336)...
computing neighbors (20000 / 37336)...
computing neighbors (21000 / 37336)...
computing neighbors (22000 / 37336)...
computing neighbors (23000 / 37336)...
computing neighbors (24000 / 37336)...
computing neighbors (25000 / 37336)...
computing neighbors (26000 / 37336)...
computing neighbors (27000 / 37336)...
computing neighbors (28000 / 37336)...
computing neighbors (29000 / 37336)...
computing neighbors (30000 / 37336)...
computing neighbors (31000 / 37336)...
computing neighbors (32000 / 37336)...
computing neighbors (33000 / 37336)...
computing neighbors (34000 / 37336)...
computing neighbors (35000 / 37336)...
computing neighbors (36000 / 37336)...
computing neighbors (37000 / 37336)...
colored 1000 / 37336...
colored 2000 / 37336...
colored 3000 / 37336...
colored 4000 / 37336...
colored 5000 / 37336...
colored 6000 / 37336...
colored 7000 / 37336...
colored 8000 / 37336...
colored 9000 / 37336...
colored 10000 / 37336...
colored 11000 / 37336...
colored 12000 / 37336...
colored 13000 / 37336...
colored 14000 / 37336...
colored 15000 / 37336...
colored 16000 / 37336...
colored 17000 / 37336...
colored 18000 / 37336...
colored 19000 / 37336...
colored 20000 / 37336...
colored 21000 / 37336...
colored 22000 / 37336...
colored 23000 / 37336...
colored 24000 / 37336...
colored 25000 / 37336...
colored 26000 / 37336...
colored 27000 / 37336...
colored 28000 / 37336...
colored 29000 / 37336...
colored 30000 / 37336...
colored 31000 / 37336...
colored 32000 / 37336...
colored 33000 / 37336...
colored 34000 / 37336...
colored 35000 / 37336...
colored 36000 / 37336...
colored 37000 / 37336...
greedy found 170 colors in 31.544 seconds
 time (s)      nb nodes       objective      
---------------------------------------------
  7.914                       170            
  8.099        96.0           169            
  8.123        110.0          168            
  9.052        1.5 k          167            
  9.720        2.7 k          166            
  9.975        3.1 k          165            
  11.004       4.5 k          164            
  16.578       12.8 k         163            
  16.844       13.3 k         162            
  18.484       16.5 k         161            
  22.884       24.1 k         160            
  30.351       34.7 k         159            
  40.416       50.3 k         158            
  43.565       54.6 k         157            
  61.544       78.5 k         156            
  63.676       81.8 k         155            
  75.189       97.2 k         154            
  118.118      147.3 k        153            
  128.416      162.5 k        152            
  137.914      174.6 k        151            
  143.191      183.5 k        150            
  176.194      224.5 k        149            
  200.334      251.9 k        148            
  224.073      280.3 k        147            
  386.516      471.2 k        146            
  409.493      493.2 k        145            
  425.875      560.9 k        144            
  507.210      644.4 k        143            
  822.565      974.3 k        142            
  883.240      1.0 M          141            
  1236.668     1.4 M          140            
  1301.267     1.5 M          139            
  1482.951     1.7 M          138            
  1595.214     1.8 M          137            
  1780.571     2.1 M          136            
  2321.478     2.7 M          135            
  3450.495     3.9 M          134            
  11407.478    12.5 M         133            
  16021.503    17.6 M         132            

             nb generated         87.4 M
              nb expanded         59.1 M
               nb trashed           0.0 
     avg branching factor           1.5 
                  nb eval          78.0 
                 nb guide         87.4 M
        time searched (s)      71992.086
      generated nodes / s          1.2 k
        solutions created           0.0 
