printing solutions in: ./dogs-color/insts/cgshop22/sqrpecn27255.instance.json.solution.json
printing perfs in: ./dogs-color/insts/cgshop22/sqrpecn27255.instance.json.perf.json

CGSHOP Instance: compute neighbors...
computing neighbors (0 / 27255)...
computing neighbors (1000 / 27255)...
computing neighbors (2000 / 27255)...
computing neighbors (3000 / 27255)...
computing neighbors (4000 / 27255)...
computing neighbors (5000 / 27255)...
computing neighbors (6000 / 27255)...
computing neighbors (7000 / 27255)...
computing neighbors (8000 / 27255)...
computing neighbors (9000 / 27255)...
computing neighbors (10000 / 27255)...
computing neighbors (11000 / 27255)...
computing neighbors (12000 / 27255)...
computing neighbors (13000 / 27255)...
computing neighbors (14000 / 27255)...
computing neighbors (15000 / 27255)...
computing neighbors (16000 / 27255)...
computing neighbors (17000 / 27255)...
computing neighbors (18000 / 27255)...
computing neighbors (19000 / 27255)...
computing neighbors (20000 / 27255)...
computing neighbors (21000 / 27255)...
computing neighbors (22000 / 27255)...
computing neighbors (23000 / 27255)...
computing neighbors (24000 / 27255)...
computing neighbors (25000 / 27255)...
computing neighbors (26000 / 27255)...
computing neighbors (27000 / 27255)...
40775      vertices
27255      segments
302        dominations
=======================
CGSHOP Instance: compute neighbors...
computing neighbors (0 / 27255)...
computing neighbors (1000 / 27255)...
computing neighbors (2000 / 27255)...
computing neighbors (3000 / 27255)...
computing neighbors (4000 / 27255)...
computing neighbors (5000 / 27255)...
computing neighbors (6000 / 27255)...
computing neighbors (7000 / 27255)...
computing neighbors (8000 / 27255)...
computing neighbors (9000 / 27255)...
computing neighbors (10000 / 27255)...
computing neighbors (11000 / 27255)...
computing neighbors (12000 / 27255)...
computing neighbors (13000 / 27255)...
computing neighbors (14000 / 27255)...
computing neighbors (15000 / 27255)...
computing neighbors (16000 / 27255)...
computing neighbors (17000 / 27255)...
computing neighbors (18000 / 27255)...
computing neighbors (19000 / 27255)...
computing neighbors (20000 / 27255)...
computing neighbors (21000 / 27255)...
computing neighbors (22000 / 27255)...
computing neighbors (23000 / 27255)...
computing neighbors (24000 / 27255)...
computing neighbors (25000 / 27255)...
computing neighbors (26000 / 27255)...
computing neighbors (27000 / 27255)...
colored 1000 / 27255...
colored 2000 / 27255...
colored 3000 / 27255...
colored 4000 / 27255...
colored 5000 / 27255...
colored 6000 / 27255...
colored 7000 / 27255...
colored 8000 / 27255...
colored 9000 / 27255...
colored 10000 / 27255...
colored 11000 / 27255...
colored 12000 / 27255...
colored 13000 / 27255...
colored 14000 / 27255...
colored 15000 / 27255...
colored 16000 / 27255...
colored 17000 / 27255...
colored 18000 / 27255...
colored 19000 / 27255...
colored 20000 / 27255...
colored 21000 / 27255...
colored 22000 / 27255...
colored 23000 / 27255...
colored 24000 / 27255...
colored 25000 / 27255...
colored 26000 / 27255...
colored 27000 / 27255...
greedy found 412 colors in 17.494 seconds
 time (s)      nb nodes       objective      
---------------------------------------------
  6.613                       412            
  6.626        3.0            411            
  6.657        89.0           410            
  6.689        150.0          409            
  6.792        229.0          408            
  6.900        527.0          407            
  8.224        9.0 k          406            
  8.988        14.4 k         405            
  10.232       21.2 k         404            
  12.093       31.8 k         403            
  15.748       53.3 k         402            
  17.133       68.9 k         401            
  18.063       86.4 k         400            
  19.881       120.2 k        399            
  21.727       151.6 k        398            
  22.632       164.6 k        397            
  24.677       184.0 k        396            
  30.161       216.1 k        395            
  33.844       251.8 k        394            
  37.060       282.1 k        393            
  46.278       333.8 k        392            
  49.397       357.3 k        391            
  50.887       379.1 k        390            
  58.896       425.2 k        389            
  75.065       531.6 k        388            
  87.631       581.8 k        387            
  90.997       610.8 k        386            
  93.370       622.4 k        385            
  96.878       637.5 k        384            
  117.745      732.4 k        383            
  122.241      768.7 k        382            
  162.532      918.2 k        381            
  190.225      1.0 M          380            
  254.024      1.2 M          379            
  298.984      1.4 M          378            
  309.467      1.4 M          377            
  363.556      1.6 M          376            
  428.327      1.8 M          375            
  472.233      1.9 M          374            
  570.459      2.2 M          373            
  595.895      2.2 M          372            
  603.788      2.2 M          371            
  1563.978     4.1 M          370            
  2224.082     5.2 M          369            
  8360.769     13.1 M         368            
  21439.279    28.1 M         367            
  34179.371    42.2 M         366            
  34832.973    43.1 M         365            

             nb generated         81.3 M
              nb expanded         53.8 M
               nb trashed           0.0 
     avg branching factor           1.5 
                  nb eval          96.0 
                 nb guide         81.3 M
        time searched (s)      71993.383
      generated nodes / s          1.1 k
        solutions created           0.0 
