printing solutions in: ./dogs-color/insts/cgshop22/rvisp15474.instance.json.solution.json
printing perfs in: ./dogs-color/insts/cgshop22/rvisp15474.instance.json.perf.json

CGSHOP Instance: compute neighbors...
computing neighbors (0 / 15474)...
computing neighbors (1000 / 15474)...
computing neighbors (2000 / 15474)...
computing neighbors (3000 / 15474)...
computing neighbors (4000 / 15474)...
computing neighbors (5000 / 15474)...
computing neighbors (6000 / 15474)...
computing neighbors (7000 / 15474)...
computing neighbors (8000 / 15474)...
computing neighbors (9000 / 15474)...
computing neighbors (10000 / 15474)...
computing neighbors (11000 / 15474)...
computing neighbors (12000 / 15474)...
computing neighbors (13000 / 15474)...
computing neighbors (14000 / 15474)...
computing neighbors (15000 / 15474)...
201        vertices
15474      segments
7171       dominations
=======================
CGSHOP Instance: compute neighbors...
computing neighbors (0 / 15474)...
computing neighbors (1000 / 15474)...
computing neighbors (2000 / 15474)...
computing neighbors (3000 / 15474)...
computing neighbors (4000 / 15474)...
computing neighbors (5000 / 15474)...
computing neighbors (6000 / 15474)...
computing neighbors (7000 / 15474)...
computing neighbors (8000 / 15474)...
computing neighbors (9000 / 15474)...
computing neighbors (10000 / 15474)...
computing neighbors (11000 / 15474)...
computing neighbors (12000 / 15474)...
computing neighbors (13000 / 15474)...
computing neighbors (14000 / 15474)...
computing neighbors (15000 / 15474)...
colored 1000 / 15474...
colored 2000 / 15474...
colored 3000 / 15474...
colored 4000 / 15474...
colored 5000 / 15474...
colored 6000 / 15474...
colored 7000 / 15474...
colored 8000 / 15474...
colored 9000 / 15474...
colored 10000 / 15474...
colored 11000 / 15474...
colored 12000 / 15474...
colored 13000 / 15474...
colored 14000 / 15474...
colored 15000 / 15474...
greedy found 103 colors in 3.670 seconds
 time (s)      nb nodes       objective      
---------------------------------------------
  1.422                       103            
  1.434        89.0           102            
  2.309        8.1 k          101            
  5.788        38.7 k         100            
  16.121       117.8 k        99             
  17.537       143.4 k        98             
  27.469       248.2 k        97             
  45.298       397.2 k        96             
  68.471       576.5 k        95             
  231.008      1.6 M          94             
  938.208      5.2 M          93             
  1796.415     9.2 M          92             
  4344.626     20.8 M         91             

             nb generated        360.1 M
              nb expanded        243.0 M
               nb trashed           0.0 
     avg branching factor           1.5 
                  nb eval          26.0 
                 nb guide        360.1 M
        time searched (s)      71998.578
      generated nodes / s          5.0 k
        solutions created           0.0 
invalid solution (reason: ConflictingEdge(3089, 10930))
