printing solutions in: ./dogs-color/insts/cgshop22/visp35881.instance.json.solution.json
printing perfs in: ./dogs-color/insts/cgshop22/visp35881.instance.json.perf.json

CGSHOP Instance: compute neighbors...
computing neighbors (0 / 35881)...
computing neighbors (1000 / 35881)...
computing neighbors (2000 / 35881)...
computing neighbors (3000 / 35881)...
computing neighbors (4000 / 35881)...
computing neighbors (5000 / 35881)...
computing neighbors (6000 / 35881)...
computing neighbors (7000 / 35881)...
computing neighbors (8000 / 35881)...
computing neighbors (9000 / 35881)...
computing neighbors (10000 / 35881)...
computing neighbors (11000 / 35881)...
computing neighbors (12000 / 35881)...
computing neighbors (13000 / 35881)...
computing neighbors (14000 / 35881)...
computing neighbors (15000 / 35881)...
computing neighbors (16000 / 35881)...
computing neighbors (17000 / 35881)...
computing neighbors (18000 / 35881)...
computing neighbors (19000 / 35881)...
computing neighbors (20000 / 35881)...
computing neighbors (21000 / 35881)...
computing neighbors (22000 / 35881)...
computing neighbors (23000 / 35881)...
computing neighbors (24000 / 35881)...
computing neighbors (25000 / 35881)...
computing neighbors (26000 / 35881)...
computing neighbors (27000 / 35881)...
computing neighbors (28000 / 35881)...
computing neighbors (29000 / 35881)...
computing neighbors (30000 / 35881)...
computing neighbors (31000 / 35881)...
computing neighbors (32000 / 35881)...
computing neighbors (33000 / 35881)...
computing neighbors (34000 / 35881)...
computing neighbors (35000 / 35881)...
748        vertices
35881      segments
17307      dominations
=======================
CGSHOP Instance: compute neighbors...
computing neighbors (0 / 35881)...
computing neighbors (1000 / 35881)...
computing neighbors (2000 / 35881)...
computing neighbors (3000 / 35881)...
computing neighbors (4000 / 35881)...
computing neighbors (5000 / 35881)...
computing neighbors (6000 / 35881)...
computing neighbors (7000 / 35881)...
computing neighbors (8000 / 35881)...
computing neighbors (9000 / 35881)...
computing neighbors (10000 / 35881)...
computing neighbors (11000 / 35881)...
computing neighbors (12000 / 35881)...
computing neighbors (13000 / 35881)...
computing neighbors (14000 / 35881)...
computing neighbors (15000 / 35881)...
computing neighbors (16000 / 35881)...
computing neighbors (17000 / 35881)...
computing neighbors (18000 / 35881)...
computing neighbors (19000 / 35881)...
computing neighbors (20000 / 35881)...
computing neighbors (21000 / 35881)...
computing neighbors (22000 / 35881)...
computing neighbors (23000 / 35881)...
computing neighbors (24000 / 35881)...
computing neighbors (25000 / 35881)...
computing neighbors (26000 / 35881)...
computing neighbors (27000 / 35881)...
computing neighbors (28000 / 35881)...
computing neighbors (29000 / 35881)...
computing neighbors (30000 / 35881)...
computing neighbors (31000 / 35881)...
computing neighbors (32000 / 35881)...
computing neighbors (33000 / 35881)...
computing neighbors (34000 / 35881)...
computing neighbors (35000 / 35881)...
colored 1000 / 35881...
colored 2000 / 35881...
colored 3000 / 35881...
colored 4000 / 35881...
colored 5000 / 35881...
colored 6000 / 35881...
colored 7000 / 35881...
colored 8000 / 35881...
colored 9000 / 35881...
colored 10000 / 35881...
colored 11000 / 35881...
colored 12000 / 35881...
colored 13000 / 35881...
colored 14000 / 35881...
colored 15000 / 35881...
colored 16000 / 35881...
colored 17000 / 35881...
colored 18000 / 35881...
colored 19000 / 35881...
colored 20000 / 35881...
colored 21000 / 35881...
colored 22000 / 35881...
colored 23000 / 35881...
colored 24000 / 35881...
colored 25000 / 35881...
colored 26000 / 35881...
colored 27000 / 35881...
colored 28000 / 35881...
colored 29000 / 35881...
colored 30000 / 35881...
colored 31000 / 35881...
colored 32000 / 35881...
colored 33000 / 35881...
colored 34000 / 35881...
colored 35000 / 35881...
greedy found 155 colors in 21.757 seconds
 time (s)      nb nodes       objective      
---------------------------------------------
  6.377                       155            
  6.662        127.0          154            
  6.686        191.0          153            
  6.826        592.0          152            
  6.849        667.0          151            
  7.007        1.4 k          150            
  7.626        3.3 k          149            
  7.843        4.1 k          148            
  8.216        5.5 k          147            
  8.815        7.2 k          146            
  9.313        9.2 k          145            
  9.832        10.9 k         144            
  10.883       14.1 k         143            
  12.173       18.6 k         142            
  14.641       25.6 k         141            
  20.194       41.3 k         140            
  22.893       48.1 k         139            
  30.555       67.1 k         138            
  42.050       95.7 k         137            
  59.482       134.7 k        136            
  71.759       165.7 k        135            
  87.698       201.0 k        134            
  96.139       220.4 k        133            
  141.512      423.1 k        132            
  387.201      843.0 k        131            
  683.901      1.5 M          130            
  1703.661     3.7 M          129            
  1717.552     3.8 M          128            
  1793.879     3.9 M          127            
  3913.705     7.8 M          126            
  7434.150     14.0 M         125            
  9243.102     17.2 M         124            
  14035.684    26.0 M         123            
  22098.916    41.3 M         122            

             nb generated        136.2 M
              nb expanded         91.5 M
               nb trashed           0.0 
     avg branching factor           1.5 
                  nb eval          68.0 
                 nb guide        136.2 M
        time searched (s)      71993.617
      generated nodes / s          1.9 k
        solutions created           0.0 
