printing solutions in: ./dogs-color/insts/cgshop22/vispecn31031.instance.json.solution.json
printing perfs in: ./dogs-color/insts/cgshop22/vispecn31031.instance.json.perf.json

CGSHOP Instance: compute neighbors...
computing neighbors (0 / 31031)...
computing neighbors (1000 / 31031)...
computing neighbors (2000 / 31031)...
computing neighbors (3000 / 31031)...
computing neighbors (4000 / 31031)...
computing neighbors (5000 / 31031)...
computing neighbors (6000 / 31031)...
computing neighbors (7000 / 31031)...
computing neighbors (8000 / 31031)...
computing neighbors (9000 / 31031)...
computing neighbors (10000 / 31031)...
computing neighbors (11000 / 31031)...
computing neighbors (12000 / 31031)...
computing neighbors (13000 / 31031)...
computing neighbors (14000 / 31031)...
computing neighbors (15000 / 31031)...
computing neighbors (16000 / 31031)...
computing neighbors (17000 / 31031)...
computing neighbors (18000 / 31031)...
computing neighbors (19000 / 31031)...
computing neighbors (20000 / 31031)...
computing neighbors (21000 / 31031)...
computing neighbors (22000 / 31031)...
computing neighbors (23000 / 31031)...
computing neighbors (24000 / 31031)...
computing neighbors (25000 / 31031)...
computing neighbors (26000 / 31031)...
computing neighbors (27000 / 31031)...
computing neighbors (28000 / 31031)...
computing neighbors (29000 / 31031)...
computing neighbors (30000 / 31031)...
computing neighbors (31000 / 31031)...
43356      vertices
31031      segments
263        dominations
=======================
CGSHOP Instance: compute neighbors...
computing neighbors (0 / 31031)...
computing neighbors (1000 / 31031)...
computing neighbors (2000 / 31031)...
computing neighbors (3000 / 31031)...
computing neighbors (4000 / 31031)...
computing neighbors (5000 / 31031)...
computing neighbors (6000 / 31031)...
computing neighbors (7000 / 31031)...
computing neighbors (8000 / 31031)...
computing neighbors (9000 / 31031)...
computing neighbors (10000 / 31031)...
computing neighbors (11000 / 31031)...
computing neighbors (12000 / 31031)...
computing neighbors (13000 / 31031)...
computing neighbors (14000 / 31031)...
computing neighbors (15000 / 31031)...
computing neighbors (16000 / 31031)...
computing neighbors (17000 / 31031)...
computing neighbors (18000 / 31031)...
computing neighbors (19000 / 31031)...
computing neighbors (20000 / 31031)...
computing neighbors (21000 / 31031)...
computing neighbors (22000 / 31031)...
computing neighbors (23000 / 31031)...
computing neighbors (24000 / 31031)...
computing neighbors (25000 / 31031)...
computing neighbors (26000 / 31031)...
computing neighbors (27000 / 31031)...
computing neighbors (28000 / 31031)...
computing neighbors (29000 / 31031)...
computing neighbors (30000 / 31031)...
computing neighbors (31000 / 31031)...
colored 1000 / 31031...
colored 2000 / 31031...
colored 3000 / 31031...
colored 4000 / 31031...
colored 5000 / 31031...
colored 6000 / 31031...
colored 7000 / 31031...
colored 8000 / 31031...
colored 9000 / 31031...
colored 10000 / 31031...
colored 11000 / 31031...
colored 12000 / 31031...
colored 13000 / 31031...
colored 14000 / 31031...
colored 15000 / 31031...
colored 16000 / 31031...
colored 17000 / 31031...
colored 18000 / 31031...
colored 19000 / 31031...
colored 20000 / 31031...
colored 21000 / 31031...
colored 22000 / 31031...
colored 23000 / 31031...
colored 24000 / 31031...
colored 25000 / 31031...
colored 26000 / 31031...
colored 27000 / 31031...
colored 28000 / 31031...
colored 29000 / 31031...
colored 30000 / 31031...
colored 31000 / 31031...
greedy found 331 colors in 14.141 seconds
 time (s)      nb nodes       objective      
---------------------------------------------
  3.575                       331            
  3.598        2.0            330            
  3.634        4.0            329            
  3.680        108.0          328            
  3.718        120.0          327            
  3.758        192.0          326            
  3.776        504.0          325            
  3.789        596.0          324            
  3.836        1.3 k          323            
  3.860        1.8 k          322            
  3.880        1.9 k          321            
  3.896        2.0 k          320            
  4.020        4.3 k          319            
  4.044        4.6 k          318            
  4.078        5.2 k          317            
  4.140        6.3 k          316            
  4.346        9.3 k          315            
  4.496        12.5 k         314            
  4.551        13.2 k         313            
  4.823        19.3 k         312            
  5.210        28.4 k         311            
  5.409        33.4 k         310            
  5.458        34.3 k         309            
  5.547        36.1 k         308            
  5.962        45.6 k         307            
  6.332        52.2 k         306            
  6.708        61.5 k         305            
  7.721        81.3 k         304            
  7.966        85.6 k         303            
  8.073        88.5 k         302            
  8.130        90.2 k         301            
  8.443        96.9 k         300            
  8.918        106.6 k        299            
  9.747        124.2 k        298            
  10.021       131.0 k        297            
  11.460       159.9 k        296            
  11.717       166.2 k        295            
  11.855       168.6 k        294            
  12.706       183.9 k        293            
  13.800       207.5 k        292            
  14.179       216.0 k        291            
  14.303       219.1 k        290            
  14.506       223.4 k        289            
  14.778       227.0 k        288            
  14.993       231.6 k        287            
  15.267       238.0 k        286            
  16.493       263.4 k        285            
  16.761       269.1 k        284            
  17.225       279.7 k        283            
  17.388       283.7 k        282            
  17.852       292.6 k        281            
  18.382       303.5 k        280            
  19.430       321.9 k        279            
  19.791       329.6 k        278            
  20.283       344.3 k        277            
  20.925       357.2 k        276            
  21.256       365.2 k        275            
  22.209       383.6 k        274            
  24.054       416.4 k        273            
  26.956       475.8 k        272            
  27.508       485.1 k        271            
  28.899       508.6 k        270            
  30.952       535.6 k        269            
  32.640       561.6 k        268            
  33.710       579.0 k        267            
  35.731       619.2 k        266            
  38.495       687.9 k        265            
  40.983       724.0 k        264            
  47.301       823.4 k        263            
  48.952       845.5 k        262            
  51.522       881.1 k        261            
  53.631       913.2 k        260            
  59.976       1.0 M          259            
  62.515       1.1 M          258            
  63.893       1.1 M          257            
  66.070       1.1 M          256            
  73.252       1.2 M          255            
  83.045       1.4 M          254            
  90.967       1.5 M          253            
  98.011       1.6 M          252            
  104.494      1.6 M          251            
  106.595      1.7 M          250            
  118.080      1.8 M          249            
  119.868      1.8 M          248            
  129.468      2.0 M          247            
  149.133      2.2 M          246            
  166.335      2.4 M          245            
  260.669      3.2 M          244            
  273.018      3.4 M          243            
  286.909      3.5 M          242            
  300.492      3.7 M          241            
  409.745      4.6 M          240            
  735.492      6.7 M          239            
  747.326      6.8 M          238            
  763.007      7.0 M          237            
  2312.928     15.9 M         236            
  4033.598     24.8 M         235            
  12318.390    62.5 M         234            
  33659.086    151.0 M        233            

             nb generated        295.3 M
              nb expanded        145.7 M
               nb trashed           0.0 
     avg branching factor           2.0 
                  nb eval         198.0 
                 nb guide        295.3 M
        time searched (s)      71996.422
      generated nodes / s          4.1 k
        solutions created           0.0 
