printing solutions in: ./dogs-color/insts/cgshop22/vispecn61049.instance.json.solution.json
printing perfs in: ./dogs-color/insts/cgshop22/vispecn61049.instance.json.perf.json

CGSHOP Instance: compute neighbors...
computing neighbors (0 / 61049)...
computing neighbors (1000 / 61049)...
computing neighbors (2000 / 61049)...
computing neighbors (3000 / 61049)...
computing neighbors (4000 / 61049)...
computing neighbors (5000 / 61049)...
computing neighbors (6000 / 61049)...
computing neighbors (7000 / 61049)...
computing neighbors (8000 / 61049)...
computing neighbors (9000 / 61049)...
computing neighbors (10000 / 61049)...
computing neighbors (11000 / 61049)...
computing neighbors (12000 / 61049)...
computing neighbors (13000 / 61049)...
computing neighbors (14000 / 61049)...
computing neighbors (15000 / 61049)...
computing neighbors (16000 / 61049)...
computing neighbors (17000 / 61049)...
computing neighbors (18000 / 61049)...
computing neighbors (19000 / 61049)...
computing neighbors (20000 / 61049)...
computing neighbors (21000 / 61049)...
computing neighbors (22000 / 61049)...
computing neighbors (23000 / 61049)...
computing neighbors (24000 / 61049)...
computing neighbors (25000 / 61049)...
computing neighbors (26000 / 61049)...
computing neighbors (27000 / 61049)...
computing neighbors (28000 / 61049)...
computing neighbors (29000 / 61049)...
computing neighbors (30000 / 61049)...
computing neighbors (31000 / 61049)...
computing neighbors (32000 / 61049)...
computing neighbors (33000 / 61049)...
computing neighbors (34000 / 61049)...
computing neighbors (35000 / 61049)...
computing neighbors (36000 / 61049)...
computing neighbors (37000 / 61049)...
computing neighbors (38000 / 61049)...
computing neighbors (39000 / 61049)...
computing neighbors (40000 / 61049)...
computing neighbors (41000 / 61049)...
computing neighbors (42000 / 61049)...
computing neighbors (43000 / 61049)...
computing neighbors (44000 / 61049)...
computing neighbors (45000 / 61049)...
computing neighbors (46000 / 61049)...
computing neighbors (47000 / 61049)...
computing neighbors (48000 / 61049)...
computing neighbors (49000 / 61049)...
computing neighbors (50000 / 61049)...
computing neighbors (51000 / 61049)...
computing neighbors (52000 / 61049)...
computing neighbors (53000 / 61049)...
computing neighbors (54000 / 61049)...
computing neighbors (55000 / 61049)...
computing neighbors (56000 / 61049)...
computing neighbors (57000 / 61049)...
computing neighbors (58000 / 61049)...
computing neighbors (59000 / 61049)...
computing neighbors (60000 / 61049)...
computing neighbors (61000 / 61049)...
85578      vertices
61049      segments
488        dominations
=======================
CGSHOP Instance: compute neighbors...
computing neighbors (0 / 61049)...
computing neighbors (1000 / 61049)...
computing neighbors (2000 / 61049)...
computing neighbors (3000 / 61049)...
computing neighbors (4000 / 61049)...
computing neighbors (5000 / 61049)...
computing neighbors (6000 / 61049)...
computing neighbors (7000 / 61049)...
computing neighbors (8000 / 61049)...
computing neighbors (9000 / 61049)...
computing neighbors (10000 / 61049)...
computing neighbors (11000 / 61049)...
computing neighbors (12000 / 61049)...
computing neighbors (13000 / 61049)...
computing neighbors (14000 / 61049)...
computing neighbors (15000 / 61049)...
computing neighbors (16000 / 61049)...
computing neighbors (17000 / 61049)...
computing neighbors (18000 / 61049)...
computing neighbors (19000 / 61049)...
computing neighbors (20000 / 61049)...
computing neighbors (21000 / 61049)...
computing neighbors (22000 / 61049)...
computing neighbors (23000 / 61049)...
computing neighbors (24000 / 61049)...
computing neighbors (25000 / 61049)...
computing neighbors (26000 / 61049)...
computing neighbors (27000 / 61049)...
computing neighbors (28000 / 61049)...
computing neighbors (29000 / 61049)...
computing neighbors (30000 / 61049)...
computing neighbors (31000 / 61049)...
computing neighbors (32000 / 61049)...
computing neighbors (33000 / 61049)...
computing neighbors (34000 / 61049)...
computing neighbors (35000 / 61049)...
computing neighbors (36000 / 61049)...
computing neighbors (37000 / 61049)...
computing neighbors (38000 / 61049)...
computing neighbors (39000 / 61049)...
computing neighbors (40000 / 61049)...
computing neighbors (41000 / 61049)...
computing neighbors (42000 / 61049)...
computing neighbors (43000 / 61049)...
computing neighbors (44000 / 61049)...
computing neighbors (45000 / 61049)...
computing neighbors (46000 / 61049)...
computing neighbors (47000 / 61049)...
computing neighbors (48000 / 61049)...
computing neighbors (49000 / 61049)...
computing neighbors (50000 / 61049)...
computing neighbors (51000 / 61049)...
computing neighbors (52000 / 61049)...
computing neighbors (53000 / 61049)...
computing neighbors (54000 / 61049)...
computing neighbors (55000 / 61049)...
computing neighbors (56000 / 61049)...
computing neighbors (57000 / 61049)...
computing neighbors (58000 / 61049)...
computing neighbors (59000 / 61049)...
computing neighbors (60000 / 61049)...
computing neighbors (61000 / 61049)...
colored 1000 / 61049...
colored 2000 / 61049...
colored 3000 / 61049...
colored 4000 / 61049...
colored 5000 / 61049...
colored 6000 / 61049...
colored 7000 / 61049...
colored 8000 / 61049...
colored 9000 / 61049...
colored 10000 / 61049...
colored 11000 / 61049...
colored 12000 / 61049...
colored 13000 / 61049...
colored 14000 / 61049...
colored 15000 / 61049...
colored 16000 / 61049...
colored 17000 / 61049...
colored 18000 / 61049...
colored 19000 / 61049...
colored 20000 / 61049...
colored 21000 / 61049...
colored 22000 / 61049...
colored 23000 / 61049...
colored 24000 / 61049...
colored 25000 / 61049...
colored 26000 / 61049...
colored 27000 / 61049...
colored 28000 / 61049...
colored 29000 / 61049...
colored 30000 / 61049...
colored 31000 / 61049...
colored 32000 / 61049...
colored 33000 / 61049...
colored 34000 / 61049...
colored 35000 / 61049...
colored 36000 / 61049...
colored 37000 / 61049...
colored 38000 / 61049...
colored 39000 / 61049...
colored 40000 / 61049...
colored 41000 / 61049...
colored 42000 / 61049...
colored 43000 / 61049...
colored 44000 / 61049...
colored 45000 / 61049...
colored 46000 / 61049...
colored 47000 / 61049...
colored 48000 / 61049...
colored 49000 / 61049...
colored 50000 / 61049...
colored 51000 / 61049...
colored 52000 / 61049...
colored 53000 / 61049...
colored 54000 / 61049...
colored 55000 / 61049...
colored 56000 / 61049...
colored 57000 / 61049...
colored 58000 / 61049...
colored 59000 / 61049...
colored 60000 / 61049...
colored 61000 / 61049...
greedy found 434 colors in 72.874 seconds
 time (s)      nb nodes       objective      
---------------------------------------------
  15.245                      434            
  15.308       2.0            433            
  15.467       136.0          432            
  15.554       141.0          431            
  15.587       218.0          430            
  15.655       1.0 k          429            
  15.782       1.7 k          428            
  15.951       3.2 k          427            
  16.590       6.4 k          426            
  16.823       8.1 k          425            
  17.418       11.1 k         424            
  17.717       13.4 k         423            
  18.090       16.0 k         422            
  18.504       19.2 k         421            
  19.130       23.0 k         420            
  19.497       26.0 k         419            
  20.880       31.7 k         418            
  22.739       40.4 k         417            
  23.288       43.4 k         416            
  23.457       45.9 k         415            
  24.062       48.8 k         414            
  24.705       52.4 k         413            
  25.219       55.5 k         412            
  25.525       57.3 k         411            
  27.514       64.1 k         410            
  28.443       70.5 k         409            
  29.957       75.7 k         408            
  31.508       84.0 k         407            
  32.203       88.3 k         406            
  36.807       107.4 k        405            
  40.008       121.3 k        404            
  41.315       128.8 k        403            
  44.309       142.8 k        402            
  47.143       157.1 k        401            
  48.410       165.4 k        400            
  52.369       182.4 k        399            
  53.675       191.3 k        398            
  54.136       195.9 k        397            
  58.267       213.7 k        396            
  67.418       254.6 k        395            
  68.827       261.4 k        394            
  73.853       286.8 k        393            
  77.996       305.6 k        392            
  82.728       329.7 k        391            
  86.510       345.5 k        390            
  87.884       351.6 k        389            
  97.810       390.6 k        388            
  102.832      411.4 k        387            
  108.328      437.3 k        386            
  114.968      468.0 k        385            
  130.536      523.7 k        384            
  134.893      542.1 k        383            
  139.811      561.2 k        382            
  142.676      574.3 k        381            
  144.710      585.8 k        380            
  151.736      610.5 k        379            
  165.478      658.1 k        378            
  208.230      797.0 k        377            
  220.544      844.1 k        376            
  239.527      912.0 k        375            
  258.737      973.9 k        374            
  302.346      1.1 M          373            
  320.972      1.2 M          372            
  343.049      1.3 M          371            
  357.293      1.3 M          370            
  384.743      1.4 M          369            
  392.825      1.4 M          368            
  434.481      1.6 M          367            
  449.278      1.6 M          366            
  491.941      1.8 M          365            
  527.652      1.9 M          364            
  626.810      2.2 M          363            
  704.316      2.4 M          362            
  1124.145     3.4 M          361            
  1236.272     3.6 M          360            
  1270.969     3.7 M          359            
  1296.134     3.8 M          358            
  1320.397     3.8 M          357            
  1722.864     4.7 M          356            
  1732.516     4.8 M          355            
  1747.732     4.8 M          354            
  1804.446     5.0 M          353            
  1827.751     5.0 M          352            
  6617.282     14.0 M         351            
  6760.014     14.2 M         350            
  6863.043     14.4 M         349            
  10212.784    20.0 M         348            
  10658.550    20.8 M         347            
  10753.132    20.9 M         346            
  11276.650    21.9 M         345            
  12186.590    23.6 M         344            
  13023.523    25.2 M         343            

             nb generated        103.3 M
              nb expanded         45.2 M
               nb trashed           0.0 
     avg branching factor           2.3 
                  nb eval         184.0 
                 nb guide        103.3 M
        time searched (s)      71984.750
      generated nodes / s          1.4 k
        solutions created           0.0 
