printing solutions in: ./dogs-color/insts/cgshop22/sqrp30973.instance.json.solution.json
printing perfs in: ./dogs-color/insts/cgshop22/sqrp30973.instance.json.perf.json

CGSHOP Instance: compute neighbors...
computing neighbors (0 / 30973)...
computing neighbors (1000 / 30973)...
computing neighbors (2000 / 30973)...
computing neighbors (3000 / 30973)...
computing neighbors (4000 / 30973)...
computing neighbors (5000 / 30973)...
computing neighbors (6000 / 30973)...
computing neighbors (7000 / 30973)...
computing neighbors (8000 / 30973)...
computing neighbors (9000 / 30973)...
computing neighbors (10000 / 30973)...
computing neighbors (11000 / 30973)...
computing neighbors (12000 / 30973)...
computing neighbors (13000 / 30973)...
computing neighbors (14000 / 30973)...
computing neighbors (15000 / 30973)...
computing neighbors (16000 / 30973)...
computing neighbors (17000 / 30973)...
computing neighbors (18000 / 30973)...
computing neighbors (19000 / 30973)...
computing neighbors (20000 / 30973)...
computing neighbors (21000 / 30973)...
computing neighbors (22000 / 30973)...
computing neighbors (23000 / 30973)...
computing neighbors (24000 / 30973)...
computing neighbors (25000 / 30973)...
computing neighbors (26000 / 30973)...
computing neighbors (27000 / 30973)...
computing neighbors (28000 / 30973)...
computing neighbors (29000 / 30973)...
computing neighbors (30000 / 30973)...
669        vertices
30973      segments
4218       dominations
=======================
CGSHOP Instance: compute neighbors...
computing neighbors (0 / 30973)...
computing neighbors (1000 / 30973)...
computing neighbors (2000 / 30973)...
computing neighbors (3000 / 30973)...
computing neighbors (4000 / 30973)...
computing neighbors (5000 / 30973)...
computing neighbors (6000 / 30973)...
computing neighbors (7000 / 30973)...
computing neighbors (8000 / 30973)...
computing neighbors (9000 / 30973)...
computing neighbors (10000 / 30973)...
computing neighbors (11000 / 30973)...
computing neighbors (12000 / 30973)...
computing neighbors (13000 / 30973)...
computing neighbors (14000 / 30973)...
computing neighbors (15000 / 30973)...
computing neighbors (16000 / 30973)...
computing neighbors (17000 / 30973)...
computing neighbors (18000 / 30973)...
computing neighbors (19000 / 30973)...
computing neighbors (20000 / 30973)...
computing neighbors (21000 / 30973)...
computing neighbors (22000 / 30973)...
computing neighbors (23000 / 30973)...
computing neighbors (24000 / 30973)...
computing neighbors (25000 / 30973)...
computing neighbors (26000 / 30973)...
computing neighbors (27000 / 30973)...
computing neighbors (28000 / 30973)...
computing neighbors (29000 / 30973)...
computing neighbors (30000 / 30973)...
colored 1000 / 30973...
colored 2000 / 30973...
colored 3000 / 30973...
colored 4000 / 30973...
colored 5000 / 30973...
colored 6000 / 30973...
colored 7000 / 30973...
colored 8000 / 30973...
colored 9000 / 30973...
colored 10000 / 30973...
colored 11000 / 30973...
colored 12000 / 30973...
colored 13000 / 30973...
colored 14000 / 30973...
colored 15000 / 30973...
colored 16000 / 30973...
colored 17000 / 30973...
colored 18000 / 30973...
colored 19000 / 30973...
colored 20000 / 30973...
colored 21000 / 30973...
colored 22000 / 30973...
colored 23000 / 30973...
colored 24000 / 30973...
colored 25000 / 30973...
colored 26000 / 30973...
colored 27000 / 30973...
colored 28000 / 30973...
colored 29000 / 30973...
colored 30000 / 30973...
greedy found 203 colors in 31.591 seconds
 time (s)      nb nodes       objective      
---------------------------------------------
  7.562                       203            
  7.914        112.0          202            
  8.279        684.0          201            
  20.171       21.2 k         200            
  37.367       58.9 k         199            
  82.243       145.3 k        198            
  115.532      212.4 k        197            
  378.580      566.2 k        196            
  1764.411     1.9 M          195            
  56512.582    44.6 M         194            

             nb generated         55.9 M
              nb expanded         47.3 M
               nb trashed           0.0 
     avg branching factor           1.2 
                  nb eval          20.0 
                 nb guide         55.9 M
        time searched (s)      71992.438
      generated nodes / s         776.7 
        solutions created           0.0 
