printing solutions in: ./dogs-color/insts/cgshop22/sqrpecn61354.instance.json.solution.json
printing perfs in: ./dogs-color/insts/cgshop22/sqrpecn61354.instance.json.perf.json

CGSHOP Instance: compute neighbors...
computing neighbors (0 / 61354)...
computing neighbors (1000 / 61354)...
computing neighbors (2000 / 61354)...
computing neighbors (3000 / 61354)...
computing neighbors (4000 / 61354)...
computing neighbors (5000 / 61354)...
computing neighbors (6000 / 61354)...
computing neighbors (7000 / 61354)...
computing neighbors (8000 / 61354)...
computing neighbors (9000 / 61354)...
computing neighbors (10000 / 61354)...
computing neighbors (11000 / 61354)...
computing neighbors (12000 / 61354)...
computing neighbors (13000 / 61354)...
computing neighbors (14000 / 61354)...
computing neighbors (15000 / 61354)...
computing neighbors (16000 / 61354)...
computing neighbors (17000 / 61354)...
computing neighbors (18000 / 61354)...
computing neighbors (19000 / 61354)...
computing neighbors (20000 / 61354)...
computing neighbors (21000 / 61354)...
computing neighbors (22000 / 61354)...
computing neighbors (23000 / 61354)...
computing neighbors (24000 / 61354)...
computing neighbors (25000 / 61354)...
computing neighbors (26000 / 61354)...
computing neighbors (27000 / 61354)...
computing neighbors (28000 / 61354)...
computing neighbors (29000 / 61354)...
computing neighbors (30000 / 61354)...
computing neighbors (31000 / 61354)...
computing neighbors (32000 / 61354)...
computing neighbors (33000 / 61354)...
computing neighbors (34000 / 61354)...
computing neighbors (35000 / 61354)...
computing neighbors (36000 / 61354)...
computing neighbors (37000 / 61354)...
computing neighbors (38000 / 61354)...
computing neighbors (39000 / 61354)...
computing neighbors (40000 / 61354)...
computing neighbors (41000 / 61354)...
computing neighbors (42000 / 61354)...
computing neighbors (43000 / 61354)...
computing neighbors (44000 / 61354)...
computing neighbors (45000 / 61354)...
computing neighbors (46000 / 61354)...
computing neighbors (47000 / 61354)...
computing neighbors (48000 / 61354)...
computing neighbors (49000 / 61354)...
computing neighbors (50000 / 61354)...
computing neighbors (51000 / 61354)...
computing neighbors (52000 / 61354)...
computing neighbors (53000 / 61354)...
computing neighbors (54000 / 61354)...
computing neighbors (55000 / 61354)...
computing neighbors (56000 / 61354)...
computing neighbors (57000 / 61354)...
computing neighbors (58000 / 61354)...
computing neighbors (59000 / 61354)...
computing neighbors (60000 / 61354)...
computing neighbors (61000 / 61354)...
92195      vertices
61354      segments
566        dominations
=======================
CGSHOP Instance: compute neighbors...
computing neighbors (0 / 61354)...
computing neighbors (1000 / 61354)...
computing neighbors (2000 / 61354)...
computing neighbors (3000 / 61354)...
computing neighbors (4000 / 61354)...
computing neighbors (5000 / 61354)...
computing neighbors (6000 / 61354)...
computing neighbors (7000 / 61354)...
computing neighbors (8000 / 61354)...
computing neighbors (9000 / 61354)...
computing neighbors (10000 / 61354)...
computing neighbors (11000 / 61354)...
computing neighbors (12000 / 61354)...
computing neighbors (13000 / 61354)...
computing neighbors (14000 / 61354)...
computing neighbors (15000 / 61354)...
computing neighbors (16000 / 61354)...
computing neighbors (17000 / 61354)...
computing neighbors (18000 / 61354)...
computing neighbors (19000 / 61354)...
computing neighbors (20000 / 61354)...
computing neighbors (21000 / 61354)...
computing neighbors (22000 / 61354)...
computing neighbors (23000 / 61354)...
computing neighbors (24000 / 61354)...
computing neighbors (25000 / 61354)...
computing neighbors (26000 / 61354)...
computing neighbors (27000 / 61354)...
computing neighbors (28000 / 61354)...
computing neighbors (29000 / 61354)...
computing neighbors (30000 / 61354)...
computing neighbors (31000 / 61354)...
computing neighbors (32000 / 61354)...
computing neighbors (33000 / 61354)...
computing neighbors (34000 / 61354)...
computing neighbors (35000 / 61354)...
computing neighbors (36000 / 61354)...
computing neighbors (37000 / 61354)...
computing neighbors (38000 / 61354)...
computing neighbors (39000 / 61354)...
computing neighbors (40000 / 61354)...
computing neighbors (41000 / 61354)...
computing neighbors (42000 / 61354)...
computing neighbors (43000 / 61354)...
computing neighbors (44000 / 61354)...
computing neighbors (45000 / 61354)...
computing neighbors (46000 / 61354)...
computing neighbors (47000 / 61354)...
computing neighbors (48000 / 61354)...
computing neighbors (49000 / 61354)...
computing neighbors (50000 / 61354)...
computing neighbors (51000 / 61354)...
computing neighbors (52000 / 61354)...
computing neighbors (53000 / 61354)...
computing neighbors (54000 / 61354)...
computing neighbors (55000 / 61354)...
computing neighbors (56000 / 61354)...
computing neighbors (57000 / 61354)...
computing neighbors (58000 / 61354)...
computing neighbors (59000 / 61354)...
computing neighbors (60000 / 61354)...
computing neighbors (61000 / 61354)...
colored 1000 / 61354...
colored 2000 / 61354...
colored 3000 / 61354...
colored 4000 / 61354...
colored 5000 / 61354...
colored 6000 / 61354...
colored 7000 / 61354...
colored 8000 / 61354...
colored 9000 / 61354...
colored 10000 / 61354...
colored 11000 / 61354...
colored 12000 / 61354...
colored 13000 / 61354...
colored 14000 / 61354...
colored 15000 / 61354...
colored 16000 / 61354...
colored 17000 / 61354...
colored 18000 / 61354...
colored 19000 / 61354...
colored 20000 / 61354...
colored 21000 / 61354...
colored 22000 / 61354...
colored 23000 / 61354...
colored 24000 / 61354...
colored 25000 / 61354...
colored 26000 / 61354...
colored 27000 / 61354...
colored 28000 / 61354...
colored 29000 / 61354...
colored 30000 / 61354...
colored 31000 / 61354...
colored 32000 / 61354...
colored 33000 / 61354...
colored 34000 / 61354...
colored 35000 / 61354...
colored 36000 / 61354...
colored 37000 / 61354...
colored 38000 / 61354...
colored 39000 / 61354...
colored 40000 / 61354...
colored 41000 / 61354...
colored 42000 / 61354...
colored 43000 / 61354...
colored 44000 / 61354...
colored 45000 / 61354...
colored 46000 / 61354...
colored 47000 / 61354...
colored 48000 / 61354...
colored 49000 / 61354...
colored 50000 / 61354...
colored 51000 / 61354...
colored 52000 / 61354...
colored 53000 / 61354...
colored 54000 / 61354...
colored 55000 / 61354...
colored 56000 / 61354...
colored 57000 / 61354...
colored 58000 / 61354...
colored 59000 / 61354...
colored 60000 / 61354...
colored 61000 / 61354...
greedy found 601 colors in 191.329 seconds
 time (s)      nb nodes       objective      
---------------------------------------------
  32.811                      601            
  32.890       61.0           600            
  33.351       296.0          599            
  34.116       1.3 k          598            
  34.954       2.5 k          597            
  35.386       3.3 k          596            
  36.860       5.8 k          595            
  46.776       17.1 k         594            
  58.386       31.8 k         593            
  84.655       62.7 k         592            
  96.219       73.8 k         591            
  102.969      82.1 k         590            
  115.165      142.1 k        589            
  118.084      160.3 k        588            
  127.134      191.3 k        587            
  134.634      221.6 k        586            
  155.645      245.3 k        585            
  165.027      275.2 k        584            
  168.707      298.0 k        583            
  176.398      324.0 k        582            
  181.313      350.3 k        581            
  191.389      394.4 k        580            
  197.501      414.3 k        579            
  212.038      458.5 k        578            
  224.802      514.0 k        577            
  235.677      552.0 k        576            
  241.239      583.2 k        575            
  279.336      619.7 k        574            
  301.337      654.5 k        573            
  315.207      681.5 k        572            
  324.491      706.7 k        571            
  341.345      750.8 k        570            
  349.184      778.9 k        569            
  358.136      805.3 k        568            
  366.393      839.7 k        567            
  392.838      883.1 k        566            
  431.494      964.1 k        565            
  468.415      1.0 M          564            
  487.016      1.1 M          563            
  492.767      1.1 M          562            
  512.519      1.2 M          561            
  542.520      1.2 M          560            
  558.022      1.2 M          559            
  575.736      1.3 M          558            
  602.913      1.3 M          557            
  667.930      1.4 M          556            
  718.183      1.5 M          555            
  761.544      1.5 M          554            
  803.141      1.6 M          553            
  869.116      1.6 M          552            
  917.515      1.7 M          551            
  944.780      1.8 M          550            
  1010.613     1.8 M          549            
  1060.706     1.9 M          548            
  1134.574     2.0 M          547            
  1190.970     2.0 M          546            
  1231.165     2.1 M          545            
  1300.335     2.2 M          544            
  1383.331     2.3 M          543            
  1552.918     2.4 M          542            
  1767.150     2.6 M          541            
  1792.096     2.7 M          540            
  1993.795     2.9 M          539            
  2141.841     3.0 M          538            
  2228.143     3.1 M          537            
  2341.248     3.2 M          536            
  2950.407     3.6 M          535            
  3139.574     3.8 M          534            
  3392.109     4.0 M          533            
  4260.266     4.5 M          532            
  7448.132     6.4 M          531            
  11743.114    8.9 M          530            
  11826.305    8.9 M          529            
  12037.643    9.0 M          528            
  12538.094    9.3 M          527            
  13782.095    9.9 M          526            
  14347.431    10.2 M         525            
  20851.572    13.6 M         524            

             nb generated         34.7 M
              nb expanded         17.6 M
               nb trashed           0.0 
     avg branching factor           2.0 
                  nb eval         156.0 
                 nb guide         34.7 M
        time searched (s)      71967.188
      generated nodes / s         481.8 
        solutions created           0.0 
