printing solutions in: ./dogs-color/insts/cgshop22/sqrp63419.instance.json.solution.json
printing perfs in: ./dogs-color/insts/cgshop22/sqrp63419.instance.json.perf.json

CGSHOP Instance: compute neighbors...
computing neighbors (0 / 63419)...
computing neighbors (1000 / 63419)...
computing neighbors (2000 / 63419)...
computing neighbors (3000 / 63419)...
computing neighbors (4000 / 63419)...
computing neighbors (5000 / 63419)...
computing neighbors (6000 / 63419)...
computing neighbors (7000 / 63419)...
computing neighbors (8000 / 63419)...
computing neighbors (9000 / 63419)...
computing neighbors (10000 / 63419)...
computing neighbors (11000 / 63419)...
computing neighbors (12000 / 63419)...
computing neighbors (13000 / 63419)...
computing neighbors (14000 / 63419)...
computing neighbors (15000 / 63419)...
computing neighbors (16000 / 63419)...
computing neighbors (17000 / 63419)...
computing neighbors (18000 / 63419)...
computing neighbors (19000 / 63419)...
computing neighbors (20000 / 63419)...
computing neighbors (21000 / 63419)...
computing neighbors (22000 / 63419)...
computing neighbors (23000 / 63419)...
computing neighbors (24000 / 63419)...
computing neighbors (25000 / 63419)...
computing neighbors (26000 / 63419)...
computing neighbors (27000 / 63419)...
computing neighbors (28000 / 63419)...
computing neighbors (29000 / 63419)...
computing neighbors (30000 / 63419)...
computing neighbors (31000 / 63419)...
computing neighbors (32000 / 63419)...
computing neighbors (33000 / 63419)...
computing neighbors (34000 / 63419)...
computing neighbors (35000 / 63419)...
computing neighbors (36000 / 63419)...
computing neighbors (37000 / 63419)...
computing neighbors (38000 / 63419)...
computing neighbors (39000 / 63419)...
computing neighbors (40000 / 63419)...
computing neighbors (41000 / 63419)...
computing neighbors (42000 / 63419)...
computing neighbors (43000 / 63419)...
computing neighbors (44000 / 63419)...
computing neighbors (45000 / 63419)...
computing neighbors (46000 / 63419)...
computing neighbors (47000 / 63419)...
computing neighbors (48000 / 63419)...
computing neighbors (49000 / 63419)...
computing neighbors (50000 / 63419)...
computing neighbors (51000 / 63419)...
computing neighbors (52000 / 63419)...
computing neighbors (53000 / 63419)...
computing neighbors (54000 / 63419)...
computing neighbors (55000 / 63419)...
computing neighbors (56000 / 63419)...
computing neighbors (57000 / 63419)...
computing neighbors (58000 / 63419)...
computing neighbors (59000 / 63419)...
computing neighbors (60000 / 63419)...
computing neighbors (61000 / 63419)...
computing neighbors (62000 / 63419)...
computing neighbors (63000 / 63419)...
1203       vertices
63419      segments
6232       dominations
=======================
CGSHOP Instance: compute neighbors...
computing neighbors (0 / 63419)...
computing neighbors (1000 / 63419)...
computing neighbors (2000 / 63419)...
computing neighbors (3000 / 63419)...
computing neighbors (4000 / 63419)...
computing neighbors (5000 / 63419)...
computing neighbors (6000 / 63419)...
computing neighbors (7000 / 63419)...
computing neighbors (8000 / 63419)...
computing neighbors (9000 / 63419)...
computing neighbors (10000 / 63419)...
computing neighbors (11000 / 63419)...
computing neighbors (12000 / 63419)...
computing neighbors (13000 / 63419)...
computing neighbors (14000 / 63419)...
computing neighbors (15000 / 63419)...
computing neighbors (16000 / 63419)...
computing neighbors (17000 / 63419)...
computing neighbors (18000 / 63419)...
computing neighbors (19000 / 63419)...
computing neighbors (20000 / 63419)...
computing neighbors (21000 / 63419)...
computing neighbors (22000 / 63419)...
computing neighbors (23000 / 63419)...
computing neighbors (24000 / 63419)...
computing neighbors (25000 / 63419)...
computing neighbors (26000 / 63419)...
computing neighbors (27000 / 63419)...
computing neighbors (28000 / 63419)...
computing neighbors (29000 / 63419)...
computing neighbors (30000 / 63419)...
computing neighbors (31000 / 63419)...
computing neighbors (32000 / 63419)...
computing neighbors (33000 / 63419)...
computing neighbors (34000 / 63419)...
computing neighbors (35000 / 63419)...
computing neighbors (36000 / 63419)...
computing neighbors (37000 / 63419)...
computing neighbors (38000 / 63419)...
computing neighbors (39000 / 63419)...
computing neighbors (40000 / 63419)...
computing neighbors (41000 / 63419)...
computing neighbors (42000 / 63419)...
computing neighbors (43000 / 63419)...
computing neighbors (44000 / 63419)...
computing neighbors (45000 / 63419)...
computing neighbors (46000 / 63419)...
computing neighbors (47000 / 63419)...
computing neighbors (48000 / 63419)...
computing neighbors (49000 / 63419)...
computing neighbors (50000 / 63419)...
computing neighbors (51000 / 63419)...
computing neighbors (52000 / 63419)...
computing neighbors (53000 / 63419)...
computing neighbors (54000 / 63419)...
computing neighbors (55000 / 63419)...
computing neighbors (56000 / 63419)...
computing neighbors (57000 / 63419)...
computing neighbors (58000 / 63419)...
computing neighbors (59000 / 63419)...
computing neighbors (60000 / 63419)...
computing neighbors (61000 / 63419)...
computing neighbors (62000 / 63419)...
computing neighbors (63000 / 63419)...
colored 1000 / 63419...
colored 2000 / 63419...
colored 3000 / 63419...
colored 4000 / 63419...
colored 5000 / 63419...
colored 6000 / 63419...
colored 7000 / 63419...
colored 8000 / 63419...
colored 9000 / 63419...
colored 10000 / 63419...
colored 11000 / 63419...
colored 12000 / 63419...
colored 13000 / 63419...
colored 14000 / 63419...
colored 15000 / 63419...
colored 16000 / 63419...
colored 17000 / 63419...
colored 18000 / 63419...
colored 19000 / 63419...
colored 20000 / 63419...
colored 21000 / 63419...
colored 22000 / 63419...
colored 23000 / 63419...
colored 24000 / 63419...
colored 25000 / 63419...
colored 26000 / 63419...
colored 27000 / 63419...
colored 28000 / 63419...
colored 29000 / 63419...
colored 30000 / 63419...
colored 31000 / 63419...
colored 32000 / 63419...
colored 33000 / 63419...
colored 34000 / 63419...
colored 35000 / 63419...
colored 36000 / 63419...
colored 37000 / 63419...
colored 38000 / 63419...
colored 39000 / 63419...
colored 40000 / 63419...
colored 41000 / 63419...
colored 42000 / 63419...
colored 43000 / 63419...
colored 44000 / 63419...
colored 45000 / 63419...
colored 46000 / 63419...
colored 47000 / 63419...
colored 48000 / 63419...
colored 49000 / 63419...
colored 50000 / 63419...
colored 51000 / 63419...
colored 52000 / 63419...
colored 53000 / 63419...
colored 54000 / 63419...
colored 55000 / 63419...
colored 56000 / 63419...
colored 57000 / 63419...
colored 58000 / 63419...
colored 59000 / 63419...
colored 60000 / 63419...
colored 61000 / 63419...
colored 62000 / 63419...
colored 63000 / 63419...
greedy found 334 colors in 318.683 seconds
 time (s)      nb nodes       objective      
---------------------------------------------
  36.494                      334            
  37.689       10.0           333            
  92.707       24.2 k         332            
  314.722      102.6 k        331            
  426.085      171.6 k        330            
  2182.276     835.6 k        329            
  4417.159     1.6 M          328            
  8246.218     2.8 M          327            
  48210.910    13.9 M         326            
  51381.074    14.8 M         325            

             nb generated         20.3 M
              nb expanded         15.2 M
               nb trashed           0.0 
     avg branching factor           1.3 
                  nb eval          20.0 
                 nb guide         20.3 M
        time searched (s)      71963.508
      generated nodes / s         282.0 
        solutions created           0.0 
