printing solutions in: ./dogs-color/insts/cgshop22/sqrpecn29223.instance.json.solution.json
printing perfs in: ./dogs-color/insts/cgshop22/sqrpecn29223.instance.json.perf.json

CGSHOP Instance: compute neighbors...
computing neighbors (0 / 29223)...
computing neighbors (1000 / 29223)...
computing neighbors (2000 / 29223)...
computing neighbors (3000 / 29223)...
computing neighbors (4000 / 29223)...
computing neighbors (5000 / 29223)...
computing neighbors (6000 / 29223)...
computing neighbors (7000 / 29223)...
computing neighbors (8000 / 29223)...
computing neighbors (9000 / 29223)...
computing neighbors (10000 / 29223)...
computing neighbors (11000 / 29223)...
computing neighbors (12000 / 29223)...
computing neighbors (13000 / 29223)...
computing neighbors (14000 / 29223)...
computing neighbors (15000 / 29223)...
computing neighbors (16000 / 29223)...
computing neighbors (17000 / 29223)...
computing neighbors (18000 / 29223)...
computing neighbors (19000 / 29223)...
computing neighbors (20000 / 29223)...
computing neighbors (21000 / 29223)...
computing neighbors (22000 / 29223)...
computing neighbors (23000 / 29223)...
computing neighbors (24000 / 29223)...
computing neighbors (25000 / 29223)...
computing neighbors (26000 / 29223)...
computing neighbors (27000 / 29223)...
computing neighbors (28000 / 29223)...
computing neighbors (29000 / 29223)...
43930      vertices
29223      segments
329        dominations
=======================
CGSHOP Instance: compute neighbors...
computing neighbors (0 / 29223)...
computing neighbors (1000 / 29223)...
computing neighbors (2000 / 29223)...
computing neighbors (3000 / 29223)...
computing neighbors (4000 / 29223)...
computing neighbors (5000 / 29223)...
computing neighbors (6000 / 29223)...
computing neighbors (7000 / 29223)...
computing neighbors (8000 / 29223)...
computing neighbors (9000 / 29223)...
computing neighbors (10000 / 29223)...
computing neighbors (11000 / 29223)...
computing neighbors (12000 / 29223)...
computing neighbors (13000 / 29223)...
computing neighbors (14000 / 29223)...
computing neighbors (15000 / 29223)...
computing neighbors (16000 / 29223)...
computing neighbors (17000 / 29223)...
computing neighbors (18000 / 29223)...
computing neighbors (19000 / 29223)...
computing neighbors (20000 / 29223)...
computing neighbors (21000 / 29223)...
computing neighbors (22000 / 29223)...
computing neighbors (23000 / 29223)...
computing neighbors (24000 / 29223)...
computing neighbors (25000 / 29223)...
computing neighbors (26000 / 29223)...
computing neighbors (27000 / 29223)...
computing neighbors (28000 / 29223)...
computing neighbors (29000 / 29223)...
colored 1000 / 29223...
colored 2000 / 29223...
colored 3000 / 29223...
colored 4000 / 29223...
colored 5000 / 29223...
colored 6000 / 29223...
colored 7000 / 29223...
colored 8000 / 29223...
colored 9000 / 29223...
colored 10000 / 29223...
colored 11000 / 29223...
colored 12000 / 29223...
colored 13000 / 29223...
colored 14000 / 29223...
colored 15000 / 29223...
colored 16000 / 29223...
colored 17000 / 29223...
colored 18000 / 29223...
colored 19000 / 29223...
colored 20000 / 29223...
colored 21000 / 29223...
colored 22000 / 29223...
colored 23000 / 29223...
colored 24000 / 29223...
colored 25000 / 29223...
colored 26000 / 29223...
colored 27000 / 29223...
colored 28000 / 29223...
colored 29000 / 29223...
greedy found 454 colors in 19.049 seconds
 time (s)      nb nodes       objective      
---------------------------------------------
  7.450                       454            
  7.717        959.0          453            
  7.771        1.4 k          452            
  7.845        1.8 k          451            
  8.815        9.7 k          450            
  9.869        16.6 k         449            
  11.293       25.3 k         448            
  11.987       45.4 k         447            
  12.913       62.3 k         446            
  14.108       83.1 k         445            
  15.355       100.9 k        444            
  17.370       118.9 k        443            
  18.950       134.4 k        442            
  22.298       170.6 k        441            
  23.059       183.6 k        440            
  23.963       198.4 k        439            
  27.414       216.5 k        438            
  30.707       243.1 k        437            
  33.940       271.2 k        436            
  34.897       287.9 k        435            
  36.290       310.0 k        434            
  38.413       330.2 k        433            
  42.100       360.2 k        432            
  49.168       416.8 k        431            
  52.521       436.9 k        430            
  55.359       464.8 k        429            
  60.680       502.9 k        428            
  63.072       524.2 k        427            
  66.932       548.5 k        426            
  73.530       603.7 k        425            
  75.778       631.3 k        424            
  81.265       669.9 k        423            
  87.662       706.4 k        422            
  90.819       727.6 k        421            
  99.764       790.5 k        420            
  117.623      878.9 k        419            
  120.140      903.0 k        418            
  133.320      964.0 k        417            
  139.801      1.0 M          416            
  147.923      1.1 M          415            
  163.646      1.1 M          414            
  177.677      1.2 M          413            
  194.636      1.3 M          412            
  210.026      1.3 M          411            
  244.555      1.4 M          410            
  325.641      1.7 M          409            
  342.457      1.8 M          408            
  394.079      2.0 M          407            
  428.596      2.1 M          406            
  446.209      2.1 M          405            
  451.034      2.2 M          404            
  544.289      2.5 M          403            
  1082.777     3.6 M          402            
  6898.041     11.5 M         401            
  7301.895     11.9 M         400            
  7525.268     12.2 M         399            
  19396.189    25.4 M         398            
  22550.840    28.9 M         397            
  35277.637    42.3 M         396            
  36045.289    43.1 M         395            

             nb generated         78.0 M
              nb expanded         49.5 M
               nb trashed           0.0 
     avg branching factor           1.6 
                  nb eval         120.0 
                 nb guide         78.0 M
        time searched (s)      71992.547
      generated nodes / s          1.1 k
        solutions created           0.0 
