printing solutions in: ./dogs-color/insts/cgshop22/rvisp5013.instance.json.solution.json
printing perfs in: ./dogs-color/insts/cgshop22/rvisp5013.instance.json.perf.json

CGSHOP Instance: compute neighbors...
computing neighbors (0 / 5013)...
computing neighbors (1000 / 5013)...
computing neighbors (2000 / 5013)...
computing neighbors (3000 / 5013)...
computing neighbors (4000 / 5013)...
computing neighbors (5000 / 5013)...
161        vertices
5013       segments
2420       dominations
=======================
CGSHOP Instance: compute neighbors...
computing neighbors (0 / 5013)...
computing neighbors (1000 / 5013)...
computing neighbors (2000 / 5013)...
computing neighbors (3000 / 5013)...
computing neighbors (4000 / 5013)...
computing neighbors (5000 / 5013)...
colored 1000 / 5013...
colored 2000 / 5013...
colored 3000 / 5013...
colored 4000 / 5013...
colored 5000 / 5013...
greedy found 61 colors in 0.360 seconds
 time (s)      nb nodes       objective      
---------------------------------------------
  0.125                       61             
  0.128        97.0           60             
  0.130        106.0          59             
  0.143        696.0          58             
  0.176        2.0 k          57             
  0.251        5.0 k          56             
  0.379        11.1 k         55             
  0.856        24.9 k         54             
  2.587        93.8 k         53             
  9.338        295.9 k        52             
  15.835       475.4 k        51             
  52.783       1.5 M          50             
  1007.197     23.9 M         49             

             nb generated        481.4 M
              nb expanded        425.6 M
               nb trashed           0.0 
     avg branching factor           1.1 
                  nb eval          26.0 
                 nb guide        481.4 M
        time searched (s)      71999.875
      generated nodes / s          6.7 k
        solutions created           0.0 
invalid solution (reason: ConflictingEdge(97, 282))
