printing solutions in: ./dogs-color/insts/cgshop22/vispecn47378.instance.json.solution.json
printing perfs in: ./dogs-color/insts/cgshop22/vispecn47378.instance.json.perf.json

CGSHOP Instance: compute neighbors...
computing neighbors (0 / 47378)...
computing neighbors (1000 / 47378)...
computing neighbors (2000 / 47378)...
computing neighbors (3000 / 47378)...
computing neighbors (4000 / 47378)...
computing neighbors (5000 / 47378)...
computing neighbors (6000 / 47378)...
computing neighbors (7000 / 47378)...
computing neighbors (8000 / 47378)...
computing neighbors (9000 / 47378)...
computing neighbors (10000 / 47378)...
computing neighbors (11000 / 47378)...
computing neighbors (12000 / 47378)...
computing neighbors (13000 / 47378)...
computing neighbors (14000 / 47378)...
computing neighbors (15000 / 47378)...
computing neighbors (16000 / 47378)...
computing neighbors (17000 / 47378)...
computing neighbors (18000 / 47378)...
computing neighbors (19000 / 47378)...
computing neighbors (20000 / 47378)...
computing neighbors (21000 / 47378)...
computing neighbors (22000 / 47378)...
computing neighbors (23000 / 47378)...
computing neighbors (24000 / 47378)...
computing neighbors (25000 / 47378)...
computing neighbors (26000 / 47378)...
computing neighbors (27000 / 47378)...
computing neighbors (28000 / 47378)...
computing neighbors (29000 / 47378)...
computing neighbors (30000 / 47378)...
computing neighbors (31000 / 47378)...
computing neighbors (32000 / 47378)...
computing neighbors (33000 / 47378)...
computing neighbors (34000 / 47378)...
computing neighbors (35000 / 47378)...
computing neighbors (36000 / 47378)...
computing neighbors (37000 / 47378)...
computing neighbors (38000 / 47378)...
computing neighbors (39000 / 47378)...
computing neighbors (40000 / 47378)...
computing neighbors (41000 / 47378)...
computing neighbors (42000 / 47378)...
computing neighbors (43000 / 47378)...
computing neighbors (44000 / 47378)...
computing neighbors (45000 / 47378)...
computing neighbors (46000 / 47378)...
computing neighbors (47000 / 47378)...
66160      vertices
47378      segments
379        dominations
=======================
CGSHOP Instance: compute neighbors...
computing neighbors (0 / 47378)...
computing neighbors (1000 / 47378)...
computing neighbors (2000 / 47378)...
computing neighbors (3000 / 47378)...
computing neighbors (4000 / 47378)...
computing neighbors (5000 / 47378)...
computing neighbors (6000 / 47378)...
computing neighbors (7000 / 47378)...
computing neighbors (8000 / 47378)...
computing neighbors (9000 / 47378)...
computing neighbors (10000 / 47378)...
computing neighbors (11000 / 47378)...
computing neighbors (12000 / 47378)...
computing neighbors (13000 / 47378)...
computing neighbors (14000 / 47378)...
computing neighbors (15000 / 47378)...
computing neighbors (16000 / 47378)...
computing neighbors (17000 / 47378)...
computing neighbors (18000 / 47378)...
computing neighbors (19000 / 47378)...
computing neighbors (20000 / 47378)...
computing neighbors (21000 / 47378)...
computing neighbors (22000 / 47378)...
computing neighbors (23000 / 47378)...
computing neighbors (24000 / 47378)...
computing neighbors (25000 / 47378)...
computing neighbors (26000 / 47378)...
computing neighbors (27000 / 47378)...
computing neighbors (28000 / 47378)...
computing neighbors (29000 / 47378)...
computing neighbors (30000 / 47378)...
computing neighbors (31000 / 47378)...
computing neighbors (32000 / 47378)...
computing neighbors (33000 / 47378)...
computing neighbors (34000 / 47378)...
computing neighbors (35000 / 47378)...
computing neighbors (36000 / 47378)...
computing neighbors (37000 / 47378)...
computing neighbors (38000 / 47378)...
computing neighbors (39000 / 47378)...
computing neighbors (40000 / 47378)...
computing neighbors (41000 / 47378)...
computing neighbors (42000 / 47378)...
computing neighbors (43000 / 47378)...
computing neighbors (44000 / 47378)...
computing neighbors (45000 / 47378)...
computing neighbors (46000 / 47378)...
computing neighbors (47000 / 47378)...
colored 1000 / 47378...
colored 2000 / 47378...
colored 3000 / 47378...
colored 4000 / 47378...
colored 5000 / 47378...
colored 6000 / 47378...
colored 7000 / 47378...
colored 8000 / 47378...
colored 9000 / 47378...
colored 10000 / 47378...
colored 11000 / 47378...
colored 12000 / 47378...
colored 13000 / 47378...
colored 14000 / 47378...
colored 15000 / 47378...
colored 16000 / 47378...
colored 17000 / 47378...
colored 18000 / 47378...
colored 19000 / 47378...
colored 20000 / 47378...
colored 21000 / 47378...
colored 22000 / 47378...
colored 23000 / 47378...
colored 24000 / 47378...
colored 25000 / 47378...
colored 26000 / 47378...
colored 27000 / 47378...
colored 28000 / 47378...
colored 29000 / 47378...
colored 30000 / 47378...
colored 31000 / 47378...
colored 32000 / 47378...
colored 33000 / 47378...
colored 34000 / 47378...
colored 35000 / 47378...
colored 36000 / 47378...
colored 37000 / 47378...
colored 38000 / 47378...
colored 39000 / 47378...
colored 40000 / 47378...
colored 41000 / 47378...
colored 42000 / 47378...
colored 43000 / 47378...
colored 44000 / 47378...
colored 45000 / 47378...
colored 46000 / 47378...
colored 47000 / 47378...
greedy found 376 colors in 36.467 seconds
 time (s)      nb nodes       objective      
---------------------------------------------
  8.037                       376            
  8.072        13.0           375            
  8.110        89.0           374            
  8.121        103.0          373            
  8.144        199.0          372            
  8.187        457.0          371            
  8.303        1.7 k          370            
  8.376        2.2 k          369            
  8.498        3.5 k          368            
  8.695        6.3 k          367            
  8.726        6.5 k          366            
  8.795        7.3 k          365            
  9.130        10.4 k         364            
  11.114       37.6 k         363            
  11.183       38.6 k         362            
  11.457       44.4 k         361            
  12.543       57.8 k         360            
  12.584       58.2 k         359            
  12.839       63.6 k         358            
  12.931       64.6 k         357            
  13.283       67.9 k         356            
  13.594       71.4 k         355            
  13.678       72.6 k         354            
  13.795       74.3 k         353            
  13.955       76.4 k         352            
  14.678       90.4 k         351            
  15.376       98.0 k         350            
  16.420       115.3 k        349            
  17.683       134.5 k        348            
  18.845       152.7 k        347            
  19.518       162.8 k        346            
  20.500       176.8 k        345            
  22.538       200.3 k        344            
  23.425       208.0 k        343            
  24.236       219.1 k        342            
  27.573       251.9 k        341            
  31.691       307.0 k        340            
  33.520       328.2 k        339            
  33.761       332.6 k        338            
  34.644       343.1 k        337            
  36.596       369.3 k        336            
  37.637       381.5 k        335            
  38.675       394.2 k        334            
  40.711       417.9 k        333            
  41.620       431.9 k        332            
  42.479       440.4 k        331            
  44.233       461.6 k        330            
  46.848       491.5 k        329            
  47.961       500.7 k        328            
  49.304       513.2 k        327            
  50.163       528.5 k        326            
  58.946       635.5 k        325            
  68.903       734.4 k        324            
  70.199       747.0 k        323            
  79.176       832.5 k        322            
  81.246       852.9 k        321            
  83.336       870.6 k        320            
  91.034       942.9 k        319            
  94.824       978.6 k        318            
  96.941       1.0 M          317            
  103.182      1.1 M          316            
  114.606      1.2 M          315            
  114.869      1.2 M          314            
  121.379      1.2 M          313            
  135.752      1.3 M          312            
  140.583      1.4 M          311            
  141.288      1.4 M          310            
  147.320      1.4 M          309            
  154.344      1.5 M          308            
  172.575      1.7 M          307            
  180.480      1.7 M          306            
  206.114      1.9 M          305            
  212.015      2.0 M          304            
  246.729      2.2 M          303            
  251.560      2.3 M          302            
  269.975      2.4 M          301            
  272.191      2.4 M          300            
  274.900      2.4 M          299            
  393.448      3.3 M          298            
  457.922      3.7 M          297            
  624.231      4.6 M          296            
  657.441      4.7 M          295            
  935.066      6.0 M          294            
  963.639      6.2 M          293            
  1681.831     9.1 M          292            
  1818.969     9.6 M          291            
  2060.635     10.5 M         290            
  2218.627     11.2 M         289            
  4471.909     19.3 M         288            
  4701.566     20.1 M         287            
  4802.726     20.5 M         286            
  7468.882     29.8 M         285            
  7980.854     31.6 M         284            
  11631.561    44.4 M         283            
  49206.355    151.7 M        282            
  53557.441    163.8 M        281            

             nb generated        214.1 M
              nb expanded         99.9 M
               nb trashed           0.0 
     avg branching factor           2.1 
                  nb eval         192.0 
                 nb guide        214.1 M
        time searched (s)      71991.961
      generated nodes / s          3.0 k
        solutions created           0.0 
