printing solutions in: ./dogs-color/insts/cgshop22/reecn59950.instance.json.solution.json
printing perfs in: ./dogs-color/insts/cgshop22/reecn59950.instance.json.perf.json

CGSHOP Instance: compute neighbors...
computing neighbors (0 / 59950)...
computing neighbors (1000 / 59950)...
computing neighbors (2000 / 59950)...
computing neighbors (3000 / 59950)...
computing neighbors (4000 / 59950)...
computing neighbors (5000 / 59950)...
computing neighbors (6000 / 59950)...
computing neighbors (7000 / 59950)...
computing neighbors (8000 / 59950)...
computing neighbors (9000 / 59950)...
computing neighbors (10000 / 59950)...
computing neighbors (11000 / 59950)...
computing neighbors (12000 / 59950)...
computing neighbors (13000 / 59950)...
computing neighbors (14000 / 59950)...
computing neighbors (15000 / 59950)...
computing neighbors (16000 / 59950)...
computing neighbors (17000 / 59950)...
computing neighbors (18000 / 59950)...
computing neighbors (19000 / 59950)...
computing neighbors (20000 / 59950)...
computing neighbors (21000 / 59950)...
computing neighbors (22000 / 59950)...
computing neighbors (23000 / 59950)...
computing neighbors (24000 / 59950)...
computing neighbors (25000 / 59950)...
computing neighbors (26000 / 59950)...
computing neighbors (27000 / 59950)...
computing neighbors (28000 / 59950)...
computing neighbors (29000 / 59950)...
computing neighbors (30000 / 59950)...
computing neighbors (31000 / 59950)...
computing neighbors (32000 / 59950)...
computing neighbors (33000 / 59950)...
computing neighbors (34000 / 59950)...
computing neighbors (35000 / 59950)...
computing neighbors (36000 / 59950)...
computing neighbors (37000 / 59950)...
computing neighbors (38000 / 59950)...
computing neighbors (39000 / 59950)...
computing neighbors (40000 / 59950)...
computing neighbors (41000 / 59950)...
computing neighbors (42000 / 59950)...
computing neighbors (43000 / 59950)...
computing neighbors (44000 / 59950)...
computing neighbors (45000 / 59950)...
computing neighbors (46000 / 59950)...
computing neighbors (47000 / 59950)...
computing neighbors (48000 / 59950)...
computing neighbors (49000 / 59950)...
computing neighbors (50000 / 59950)...
computing neighbors (51000 / 59950)...
computing neighbors (52000 / 59950)...
computing neighbors (53000 / 59950)...
computing neighbors (54000 / 59950)...
computing neighbors (55000 / 59950)...
computing neighbors (56000 / 59950)...
computing neighbors (57000 / 59950)...
computing neighbors (58000 / 59950)...
computing neighbors (59000 / 59950)...
83868      vertices
59950      segments
345        dominations
=======================
CGSHOP Instance: compute neighbors...
computing neighbors (0 / 59950)...
computing neighbors (1000 / 59950)...
computing neighbors (2000 / 59950)...
computing neighbors (3000 / 59950)...
computing neighbors (4000 / 59950)...
computing neighbors (5000 / 59950)...
computing neighbors (6000 / 59950)...
computing neighbors (7000 / 59950)...
computing neighbors (8000 / 59950)...
computing neighbors (9000 / 59950)...
computing neighbors (10000 / 59950)...
computing neighbors (11000 / 59950)...
computing neighbors (12000 / 59950)...
computing neighbors (13000 / 59950)...
computing neighbors (14000 / 59950)...
computing neighbors (15000 / 59950)...
computing neighbors (16000 / 59950)...
computing neighbors (17000 / 59950)...
computing neighbors (18000 / 59950)...
computing neighbors (19000 / 59950)...
computing neighbors (20000 / 59950)...
computing neighbors (21000 / 59950)...
computing neighbors (22000 / 59950)...
computing neighbors (23000 / 59950)...
computing neighbors (24000 / 59950)...
computing neighbors (25000 / 59950)...
computing neighbors (26000 / 59950)...
computing neighbors (27000 / 59950)...
computing neighbors (28000 / 59950)...
computing neighbors (29000 / 59950)...
computing neighbors (30000 / 59950)...
computing neighbors (31000 / 59950)...
computing neighbors (32000 / 59950)...
computing neighbors (33000 / 59950)...
computing neighbors (34000 / 59950)...
computing neighbors (35000 / 59950)...
computing neighbors (36000 / 59950)...
computing neighbors (37000 / 59950)...
computing neighbors (38000 / 59950)...
computing neighbors (39000 / 59950)...
computing neighbors (40000 / 59950)...
computing neighbors (41000 / 59950)...
computing neighbors (42000 / 59950)...
computing neighbors (43000 / 59950)...
computing neighbors (44000 / 59950)...
computing neighbors (45000 / 59950)...
computing neighbors (46000 / 59950)...
computing neighbors (47000 / 59950)...
computing neighbors (48000 / 59950)...
computing neighbors (49000 / 59950)...
computing neighbors (50000 / 59950)...
computing neighbors (51000 / 59950)...
computing neighbors (52000 / 59950)...
computing neighbors (53000 / 59950)...
computing neighbors (54000 / 59950)...
computing neighbors (55000 / 59950)...
computing neighbors (56000 / 59950)...
computing neighbors (57000 / 59950)...
computing neighbors (58000 / 59950)...
computing neighbors (59000 / 59950)...
colored 1000 / 59950...
colored 2000 / 59950...
colored 3000 / 59950...
colored 4000 / 59950...
colored 5000 / 59950...
colored 6000 / 59950...
colored 7000 / 59950...
colored 8000 / 59950...
colored 9000 / 59950...
colored 10000 / 59950...
colored 11000 / 59950...
colored 12000 / 59950...
colored 13000 / 59950...
colored 14000 / 59950...
colored 15000 / 59950...
colored 16000 / 59950...
colored 17000 / 59950...
colored 18000 / 59950...
colored 19000 / 59950...
colored 20000 / 59950...
colored 21000 / 59950...
colored 22000 / 59950...
colored 23000 / 59950...
colored 24000 / 59950...
colored 25000 / 59950...
colored 26000 / 59950...
colored 27000 / 59950...
colored 28000 / 59950...
colored 29000 / 59950...
colored 30000 / 59950...
colored 31000 / 59950...
colored 32000 / 59950...
colored 33000 / 59950...
colored 34000 / 59950...
colored 35000 / 59950...
colored 36000 / 59950...
colored 37000 / 59950...
colored 38000 / 59950...
colored 39000 / 59950...
colored 40000 / 59950...
colored 41000 / 59950...
colored 42000 / 59950...
colored 43000 / 59950...
colored 44000 / 59950...
colored 45000 / 59950...
colored 46000 / 59950...
colored 47000 / 59950...
colored 48000 / 59950...
colored 49000 / 59950...
colored 50000 / 59950...
colored 51000 / 59950...
colored 52000 / 59950...
colored 53000 / 59950...
colored 54000 / 59950...
colored 55000 / 59950...
colored 56000 / 59950...
colored 57000 / 59950...
colored 58000 / 59950...
colored 59000 / 59950...
greedy found 346 colors in 154.022 seconds
 time (s)      nb nodes       objective      
---------------------------------------------
  26.562                      346            
  26.598       8.0            345            
  26.758       154.0          344            
  27.169       618.0          343            
  28.706       3.6 k          342            
  32.110       9.9 k          341            
  41.065       31.4 k         340            
  49.348       60.6 k         339            
  58.647       112.9 k        338            
  65.666       157.3 k        337            
  74.949       183.8 k        336            
  80.612       233.8 k        335            
  93.996       284.9 k        334            
  100.964      335.3 k        333            
  118.872      399.7 k        332            
  127.451      442.8 k        331            
  136.683      501.1 k        330            
  179.417      568.1 k        329            
  241.180      672.5 k        328            
  256.293      746.9 k        327            
  296.625      817.0 k        326            
  332.754      878.3 k        325            
  358.337      950.9 k        324            
  414.766      1.1 M          323            
  437.770      1.1 M          322            
  480.657      1.2 M          321            
  697.815      1.5 M          320            
  841.257      1.7 M          319            
  957.230      1.8 M          318            
  1271.552     2.1 M          317            
  1674.869     2.5 M          316            
  1874.317     2.7 M          315            
  3318.493     3.9 M          314            
  49596.277    31.3 M         313            
  55076.086    34.2 M         312            

             nb generated         43.5 M
              nb expanded         26.0 M
               nb trashed           0.0 
     avg branching factor           1.7 
                  nb eval          70.0 
                 nb guide         43.5 M
        time searched (s)      71973.438
      generated nodes / s         604.8 
        solutions created           0.0 
