printing solutions in: ./dogs-color/insts/cgshop22/visp55158.instance.json.solution.json
printing perfs in: ./dogs-color/insts/cgshop22/visp55158.instance.json.perf.json

CGSHOP Instance: compute neighbors...
computing neighbors (0 / 55158)...
computing neighbors (1000 / 55158)...
computing neighbors (2000 / 55158)...
computing neighbors (3000 / 55158)...
computing neighbors (4000 / 55158)...
computing neighbors (5000 / 55158)...
computing neighbors (6000 / 55158)...
computing neighbors (7000 / 55158)...
computing neighbors (8000 / 55158)...
computing neighbors (9000 / 55158)...
computing neighbors (10000 / 55158)...
computing neighbors (11000 / 55158)...
computing neighbors (12000 / 55158)...
computing neighbors (13000 / 55158)...
computing neighbors (14000 / 55158)...
computing neighbors (15000 / 55158)...
computing neighbors (16000 / 55158)...
computing neighbors (17000 / 55158)...
computing neighbors (18000 / 55158)...
computing neighbors (19000 / 55158)...
computing neighbors (20000 / 55158)...
computing neighbors (21000 / 55158)...
computing neighbors (22000 / 55158)...
computing neighbors (23000 / 55158)...
computing neighbors (24000 / 55158)...
computing neighbors (25000 / 55158)...
computing neighbors (26000 / 55158)...
computing neighbors (27000 / 55158)...
computing neighbors (28000 / 55158)...
computing neighbors (29000 / 55158)...
computing neighbors (30000 / 55158)...
computing neighbors (31000 / 55158)...
computing neighbors (32000 / 55158)...
computing neighbors (33000 / 55158)...
computing neighbors (34000 / 55158)...
computing neighbors (35000 / 55158)...
computing neighbors (36000 / 55158)...
computing neighbors (37000 / 55158)...
computing neighbors (38000 / 55158)...
computing neighbors (39000 / 55158)...
computing neighbors (40000 / 55158)...
computing neighbors (41000 / 55158)...
computing neighbors (42000 / 55158)...
computing neighbors (43000 / 55158)...
computing neighbors (44000 / 55158)...
computing neighbors (45000 / 55158)...
computing neighbors (46000 / 55158)...
computing neighbors (47000 / 55158)...
computing neighbors (48000 / 55158)...
computing neighbors (49000 / 55158)...
computing neighbors (50000 / 55158)...
computing neighbors (51000 / 55158)...
computing neighbors (52000 / 55158)...
computing neighbors (53000 / 55158)...
computing neighbors (54000 / 55158)...
computing neighbors (55000 / 55158)...
1373       vertices
55158      segments
26342      dominations
=======================
CGSHOP Instance: compute neighbors...
computing neighbors (0 / 55158)...
computing neighbors (1000 / 55158)...
computing neighbors (2000 / 55158)...
computing neighbors (3000 / 55158)...
computing neighbors (4000 / 55158)...
computing neighbors (5000 / 55158)...
computing neighbors (6000 / 55158)...
computing neighbors (7000 / 55158)...
computing neighbors (8000 / 55158)...
computing neighbors (9000 / 55158)...
computing neighbors (10000 / 55158)...
computing neighbors (11000 / 55158)...
computing neighbors (12000 / 55158)...
computing neighbors (13000 / 55158)...
computing neighbors (14000 / 55158)...
computing neighbors (15000 / 55158)...
computing neighbors (16000 / 55158)...
computing neighbors (17000 / 55158)...
computing neighbors (18000 / 55158)...
computing neighbors (19000 / 55158)...
computing neighbors (20000 / 55158)...
computing neighbors (21000 / 55158)...
computing neighbors (22000 / 55158)...
computing neighbors (23000 / 55158)...
computing neighbors (24000 / 55158)...
computing neighbors (25000 / 55158)...
computing neighbors (26000 / 55158)...
computing neighbors (27000 / 55158)...
computing neighbors (28000 / 55158)...
computing neighbors (29000 / 55158)...
computing neighbors (30000 / 55158)...
computing neighbors (31000 / 55158)...
computing neighbors (32000 / 55158)...
computing neighbors (33000 / 55158)...
computing neighbors (34000 / 55158)...
computing neighbors (35000 / 55158)...
computing neighbors (36000 / 55158)...
computing neighbors (37000 / 55158)...
computing neighbors (38000 / 55158)...
computing neighbors (39000 / 55158)...
computing neighbors (40000 / 55158)...
computing neighbors (41000 / 55158)...
computing neighbors (42000 / 55158)...
computing neighbors (43000 / 55158)...
computing neighbors (44000 / 55158)...
computing neighbors (45000 / 55158)...
computing neighbors (46000 / 55158)...
computing neighbors (47000 / 55158)...
computing neighbors (48000 / 55158)...
computing neighbors (49000 / 55158)...
computing neighbors (50000 / 55158)...
computing neighbors (51000 / 55158)...
computing neighbors (52000 / 55158)...
computing neighbors (53000 / 55158)...
computing neighbors (54000 / 55158)...
computing neighbors (55000 / 55158)...
colored 1000 / 55158...
colored 2000 / 55158...
colored 3000 / 55158...
colored 4000 / 55158...
colored 5000 / 55158...
colored 6000 / 55158...
colored 7000 / 55158...
colored 8000 / 55158...
colored 9000 / 55158...
colored 10000 / 55158...
colored 11000 / 55158...
colored 12000 / 55158...
colored 13000 / 55158...
colored 14000 / 55158...
colored 15000 / 55158...
colored 16000 / 55158...
colored 17000 / 55158...
colored 18000 / 55158...
colored 19000 / 55158...
colored 20000 / 55158...
colored 21000 / 55158...
colored 22000 / 55158...
colored 23000 / 55158...
colored 24000 / 55158...
colored 25000 / 55158...
colored 26000 / 55158...
colored 27000 / 55158...
colored 28000 / 55158...
colored 29000 / 55158...
colored 30000 / 55158...
colored 31000 / 55158...
colored 32000 / 55158...
colored 33000 / 55158...
colored 34000 / 55158...
colored 35000 / 55158...
colored 36000 / 55158...
colored 37000 / 55158...
colored 38000 / 55158...
colored 39000 / 55158...
colored 40000 / 55158...
colored 41000 / 55158...
colored 42000 / 55158...
colored 43000 / 55158...
colored 44000 / 55158...
colored 45000 / 55158...
colored 46000 / 55158...
colored 47000 / 55158...
colored 48000 / 55158...
colored 49000 / 55158...
colored 50000 / 55158...
colored 51000 / 55158...
colored 52000 / 55158...
colored 53000 / 55158...
colored 54000 / 55158...
colored 55000 / 55158...
greedy found 137 colors in 37.971 seconds
 time (s)      nb nodes       objective      
---------------------------------------------
  11.446                      137            
  16.906       13.7 k         136            
  25.759       34.2 k         135            
  40.110       67.1 k         134            
  53.522       99.0 k         133            
  76.509       196.6 k        132            
  101.960      287.5 k        131            
  134.071      361.7 k        130            
  267.091      683.3 k        129            
  354.352      878.9 k        128            
  485.521      1.1 M          127            
  562.156      1.3 M          126            
  3978.725     7.7 M          125            
  5553.158     10.1 M         124            
  6911.424     12.3 M         123            
  21618.268    36.9 M         122            
  24220.654    41.2 M         121            

             nb generated        123.3 M
              nb expanded         81.5 M
               nb trashed           0.0 
     avg branching factor           1.5 
                  nb eval          34.0 
                 nb guide        123.3 M
        time searched (s)      71988.547
      generated nodes / s          1.7 k
        solutions created           0.0 
