printing solutions in: ./dogs-color/insts/cgshop22/sqrp43759.instance.json.solution.json
printing perfs in: ./dogs-color/insts/cgshop22/sqrp43759.instance.json.perf.json

CGSHOP Instance: compute neighbors...
computing neighbors (0 / 43759)...
computing neighbors (1000 / 43759)...
computing neighbors (2000 / 43759)...
computing neighbors (3000 / 43759)...
computing neighbors (4000 / 43759)...
computing neighbors (5000 / 43759)...
computing neighbors (6000 / 43759)...
computing neighbors (7000 / 43759)...
computing neighbors (8000 / 43759)...
computing neighbors (9000 / 43759)...
computing neighbors (10000 / 43759)...
computing neighbors (11000 / 43759)...
computing neighbors (12000 / 43759)...
computing neighbors (13000 / 43759)...
computing neighbors (14000 / 43759)...
computing neighbors (15000 / 43759)...
computing neighbors (16000 / 43759)...
computing neighbors (17000 / 43759)...
computing neighbors (18000 / 43759)...
computing neighbors (19000 / 43759)...
computing neighbors (20000 / 43759)...
computing neighbors (21000 / 43759)...
computing neighbors (22000 / 43759)...
computing neighbors (23000 / 43759)...
computing neighbors (24000 / 43759)...
computing neighbors (25000 / 43759)...
computing neighbors (26000 / 43759)...
computing neighbors (27000 / 43759)...
computing neighbors (28000 / 43759)...
computing neighbors (29000 / 43759)...
computing neighbors (30000 / 43759)...
computing neighbors (31000 / 43759)...
computing neighbors (32000 / 43759)...
computing neighbors (33000 / 43759)...
computing neighbors (34000 / 43759)...
computing neighbors (35000 / 43759)...
computing neighbors (36000 / 43759)...
computing neighbors (37000 / 43759)...
computing neighbors (38000 / 43759)...
computing neighbors (39000 / 43759)...
computing neighbors (40000 / 43759)...
computing neighbors (41000 / 43759)...
computing neighbors (42000 / 43759)...
computing neighbors (43000 / 43759)...
742        vertices
43759      segments
7226       dominations
=======================
CGSHOP Instance: compute neighbors...
computing neighbors (0 / 43759)...
computing neighbors (1000 / 43759)...
computing neighbors (2000 / 43759)...
computing neighbors (3000 / 43759)...
computing neighbors (4000 / 43759)...
computing neighbors (5000 / 43759)...
computing neighbors (6000 / 43759)...
computing neighbors (7000 / 43759)...
computing neighbors (8000 / 43759)...
computing neighbors (9000 / 43759)...
computing neighbors (10000 / 43759)...
computing neighbors (11000 / 43759)...
computing neighbors (12000 / 43759)...
computing neighbors (13000 / 43759)...
computing neighbors (14000 / 43759)...
computing neighbors (15000 / 43759)...
computing neighbors (16000 / 43759)...
computing neighbors (17000 / 43759)...
computing neighbors (18000 / 43759)...
computing neighbors (19000 / 43759)...
computing neighbors (20000 / 43759)...
computing neighbors (21000 / 43759)...
computing neighbors (22000 / 43759)...
computing neighbors (23000 / 43759)...
computing neighbors (24000 / 43759)...
computing neighbors (25000 / 43759)...
computing neighbors (26000 / 43759)...
computing neighbors (27000 / 43759)...
computing neighbors (28000 / 43759)...
computing neighbors (29000 / 43759)...
computing neighbors (30000 / 43759)...
computing neighbors (31000 / 43759)...
computing neighbors (32000 / 43759)...
computing neighbors (33000 / 43759)...
computing neighbors (34000 / 43759)...
computing neighbors (35000 / 43759)...
computing neighbors (36000 / 43759)...
computing neighbors (37000 / 43759)...
computing neighbors (38000 / 43759)...
computing neighbors (39000 / 43759)...
computing neighbors (40000 / 43759)...
computing neighbors (41000 / 43759)...
computing neighbors (42000 / 43759)...
computing neighbors (43000 / 43759)...
colored 1000 / 43759...
colored 2000 / 43759...
colored 3000 / 43759...
colored 4000 / 43759...
colored 5000 / 43759...
colored 6000 / 43759...
colored 7000 / 43759...
colored 8000 / 43759...
colored 9000 / 43759...
colored 10000 / 43759...
colored 11000 / 43759...
colored 12000 / 43759...
colored 13000 / 43759...
colored 14000 / 43759...
colored 15000 / 43759...
colored 16000 / 43759...
colored 17000 / 43759...
colored 18000 / 43759...
colored 19000 / 43759...
colored 20000 / 43759...
colored 21000 / 43759...
colored 22000 / 43759...
colored 23000 / 43759...
colored 24000 / 43759...
colored 25000 / 43759...
colored 26000 / 43759...
colored 27000 / 43759...
colored 28000 / 43759...
colored 29000 / 43759...
colored 30000 / 43759...
colored 31000 / 43759...
colored 32000 / 43759...
colored 33000 / 43759...
colored 34000 / 43759...
colored 35000 / 43759...
colored 36000 / 43759...
colored 37000 / 43759...
colored 38000 / 43759...
colored 39000 / 43759...
colored 40000 / 43759...
colored 41000 / 43759...
colored 42000 / 43759...
colored 43000 / 43759...
greedy found 234 colors in 94.802 seconds
 time (s)      nb nodes       objective      
---------------------------------------------
  16.509                      234            
  16.948       290.0          233            
  20.904       3.9 k          232            
  24.564       6.7 k          231            
  45.686       22.6 k         230            
  64.538       37.4 k         229            
  108.891      71.2 k         228            
  170.433      146.0 k        227            
  205.887      187.5 k        226            
  262.384      247.9 k        225            
  335.849      325.5 k        224            
  616.268      510.0 k        223            
  834.772      655.9 k        222            
  861.031      693.5 k        221            
  1188.163     899.8 k        220            
  1769.111     1.3 M          219            
  5596.827     3.5 M          218            

             nb generated         37.9 M
              nb expanded         29.8 M
               nb trashed           0.0 
     avg branching factor           1.3 
                  nb eval          34.0 
                 nb guide         37.9 M
        time searched (s)      71983.484
      generated nodes / s         526.4 
        solutions created           0.0 
