printing solutions in: ./dogs-color/insts/cgshop22/vispecn13806.instance.json.solution.json
printing perfs in: ./dogs-color/insts/cgshop22/vispecn13806.instance.json.perf.json

CGSHOP Instance: compute neighbors...
computing neighbors (0 / 13806)...
computing neighbors (1000 / 13806)...
computing neighbors (2000 / 13806)...
computing neighbors (3000 / 13806)...
computing neighbors (4000 / 13806)...
computing neighbors (5000 / 13806)...
computing neighbors (6000 / 13806)...
computing neighbors (7000 / 13806)...
computing neighbors (8000 / 13806)...
computing neighbors (9000 / 13806)...
computing neighbors (10000 / 13806)...
computing neighbors (11000 / 13806)...
computing neighbors (12000 / 13806)...
computing neighbors (13000 / 13806)...
20746      vertices
13806      segments
139        dominations
=======================
CGSHOP Instance: compute neighbors...
computing neighbors (0 / 13806)...
computing neighbors (1000 / 13806)...
computing neighbors (2000 / 13806)...
computing neighbors (3000 / 13806)...
computing neighbors (4000 / 13806)...
computing neighbors (5000 / 13806)...
computing neighbors (6000 / 13806)...
computing neighbors (7000 / 13806)...
computing neighbors (8000 / 13806)...
computing neighbors (9000 / 13806)...
computing neighbors (10000 / 13806)...
computing neighbors (11000 / 13806)...
computing neighbors (12000 / 13806)...
computing neighbors (13000 / 13806)...
colored 1000 / 13806...
colored 2000 / 13806...
colored 3000 / 13806...
colored 4000 / 13806...
colored 5000 / 13806...
colored 6000 / 13806...
colored 7000 / 13806...
colored 8000 / 13806...
colored 9000 / 13806...
colored 10000 / 13806...
colored 11000 / 13806...
colored 12000 / 13806...
colored 13000 / 13806...
greedy found 304 colors in 3.031 seconds
 time (s)      nb nodes       objective      
---------------------------------------------
  1.074                       304            
  1.082        43.0           303            
  1.087        45.0           302            
  1.097        47.0           301            
  1.107        113.0          300            
  1.111        178.0          299            
  1.117        184.0          298            
  1.130        333.0          297            
  1.134        429.0          296            
  1.142        623.0          295            
  1.157        1.0 k          294            
  1.165        1.3 k          293            
  1.171        1.3 k          292            
  1.180        1.5 k          291            
  1.191        1.7 k          290            
  1.204        2.0 k          289            
  1.216        2.1 k          288            
  1.231        2.5 k          287            
  1.259        3.5 k          286            
  1.272        3.8 k          285            
  1.282        4.0 k          284            
  1.302        4.5 k          283            
  1.342        5.5 k          282            
  1.457        8.3 k          281            
  1.473        8.8 k          280            
  1.556        11.9 k         279            
  1.583        12.6 k         278            
  1.606        13.3 k         277            
  1.683        16.3 k         276            
  1.745        18.2 k         275            
  1.782        20.0 k         274            
  1.831        21.8 k         273            
  1.916        28.1 k         272            
  1.952        29.1 k         271            
  2.165        36.1 k         270            
  2.199        37.0 k         269            
  2.286        39.8 k         268            
  2.337        42.2 k         267            
  2.511        47.7 k         266            
  2.653        51.7 k         265            
  3.033        59.7 k         264            
  3.466        71.3 k         263            
  3.545        73.8 k         262            
  3.747        80.3 k         261            
  4.079        88.8 k         260            
  4.348        96.3 k         259            
  4.784        110.4 k        258            
  5.673        132.5 k        257            
  6.461        151.1 k        256            
  7.036        162.2 k        255            
  7.817        184.0 k        254            
  10.284       229.1 k        253            
  11.230       247.9 k        252            
  11.904       262.7 k        251            
  13.174       288.3 k        250            
  14.013       307.0 k        249            
  14.355       319.9 k        248            
  15.613       345.6 k        247            
  16.319       362.1 k        246            
  25.205       544.9 k        245            
  26.762       578.7 k        244            
  29.038       633.5 k        243            
  33.709       721.7 k        242            
  34.913       752.0 k        241            
  37.498       809.7 k        240            
  51.518       1.0 M          239            
  59.006       1.2 M          238            
  62.572       1.3 M          237            
  69.533       1.4 M          236            
  72.614       1.5 M          235            
  75.356       1.5 M          234            
  270.548      3.7 M          233            
  341.443      4.4 M          232            
  355.028      4.5 M          231            
  656.160      7.1 M          230            
  675.397      7.2 M          229            
  1026.795     10.2 M         228            
  1077.503     10.6 M         227            
  1184.195     11.7 M         226            
  1203.671     11.9 M         225            
  60160.965    290.6 M        224            

             nb generated        345.2 M
              nb expanded        202.8 M
               nb trashed           0.0 
     avg branching factor           1.7 
                  nb eval         162.0 
                 nb guide        345.2 M
        time searched (s)      71998.922
      generated nodes / s          4.8 k
        solutions created           0.0 
