printing solutions in: ./dogs-color/insts/cgshop22/vispecn7028.instance.json.solution.json
printing perfs in: ./dogs-color/insts/cgshop22/vispecn7028.instance.json.perf.json

CGSHOP Instance: compute neighbors...
computing neighbors (0 / 7028)...
computing neighbors (1000 / 7028)...
computing neighbors (2000 / 7028)...
computing neighbors (3000 / 7028)...
computing neighbors (4000 / 7028)...
computing neighbors (5000 / 7028)...
computing neighbors (6000 / 7028)...
computing neighbors (7000 / 7028)...
9808       vertices
7028       segments
97         dominations
=======================
CGSHOP Instance: compute neighbors...
computing neighbors (0 / 7028)...
computing neighbors (1000 / 7028)...
computing neighbors (2000 / 7028)...
computing neighbors (3000 / 7028)...
computing neighbors (4000 / 7028)...
computing neighbors (5000 / 7028)...
computing neighbors (6000 / 7028)...
computing neighbors (7000 / 7028)...
colored 1000 / 7028...
colored 2000 / 7028...
colored 3000 / 7028...
colored 4000 / 7028...
colored 5000 / 7028...
colored 6000 / 7028...
colored 7000 / 7028...
greedy found 150 colors in 0.632 seconds
 time (s)      nb nodes       objective      
---------------------------------------------
  0.222                       150            
  0.225        282.0          149            
  0.230        990.0          148            
  0.237        2.2 k          147            
  0.289        9.8 k          146            
  0.293        10.1 k         145            
  0.321        14.7 k         144            
  0.366        22.1 k         143            
  0.460        31.1 k         142            
  0.473        32.5 k         141            
  0.542        40.7 k         140            
  0.690        53.9 k         139            
  0.769        63.2 k         138            
  0.800        65.8 k         137            
  1.050        97.7 k         136            
  1.187        114.1 k        135            
  1.264        124.6 k        134            
  1.390        138.1 k        133            
  1.613        164.4 k        132            
  1.995        203.0 k        131            
  2.498        249.1 k        130            
  3.155        304.0 k        129            
  3.663        341.8 k        128            
  6.248        538.6 k        127            
  15.289       1.0 M          126            
  15.655       1.0 M          125            
  19.444       1.3 M          124            
  23.796       1.5 M          123            
  95.600       3.8 M          122            
  398.744      11.5 M         121            
  4599.762     88.8 M         120            

             nb generated        925.9 M
              nb expanded        654.8 M
               nb trashed           0.0 
     avg branching factor           1.4 
                  nb eval          62.0 
                 nb guide        925.9 M
        time searched (s)      71999.773
      generated nodes / s         12.9 k
        solutions created           0.0 
invalid solution (reason: ConflictingEdge(60, 2664))
