printing solutions in: ./dogs-color/insts/cgshop22/vispecn39381.instance.json.solution.json
printing perfs in: ./dogs-color/insts/cgshop22/vispecn39381.instance.json.perf.json

CGSHOP Instance: compute neighbors...
computing neighbors (0 / 39381)...
computing neighbors (1000 / 39381)...
computing neighbors (2000 / 39381)...
computing neighbors (3000 / 39381)...
computing neighbors (4000 / 39381)...
computing neighbors (5000 / 39381)...
computing neighbors (6000 / 39381)...
computing neighbors (7000 / 39381)...
computing neighbors (8000 / 39381)...
computing neighbors (9000 / 39381)...
computing neighbors (10000 / 39381)...
computing neighbors (11000 / 39381)...
computing neighbors (12000 / 39381)...
computing neighbors (13000 / 39381)...
computing neighbors (14000 / 39381)...
computing neighbors (15000 / 39381)...
computing neighbors (16000 / 39381)...
computing neighbors (17000 / 39381)...
computing neighbors (18000 / 39381)...
computing neighbors (19000 / 39381)...
computing neighbors (20000 / 39381)...
computing neighbors (21000 / 39381)...
computing neighbors (22000 / 39381)...
computing neighbors (23000 / 39381)...
computing neighbors (24000 / 39381)...
computing neighbors (25000 / 39381)...
computing neighbors (26000 / 39381)...
computing neighbors (27000 / 39381)...
computing neighbors (28000 / 39381)...
computing neighbors (29000 / 39381)...
computing neighbors (30000 / 39381)...
computing neighbors (31000 / 39381)...
computing neighbors (32000 / 39381)...
computing neighbors (33000 / 39381)...
computing neighbors (34000 / 39381)...
computing neighbors (35000 / 39381)...
computing neighbors (36000 / 39381)...
computing neighbors (37000 / 39381)...
computing neighbors (38000 / 39381)...
computing neighbors (39000 / 39381)...
55152      vertices
39381      segments
256        dominations
=======================
CGSHOP Instance: compute neighbors...
computing neighbors (0 / 39381)...
computing neighbors (1000 / 39381)...
computing neighbors (2000 / 39381)...
computing neighbors (3000 / 39381)...
computing neighbors (4000 / 39381)...
computing neighbors (5000 / 39381)...
computing neighbors (6000 / 39381)...
computing neighbors (7000 / 39381)...
computing neighbors (8000 / 39381)...
computing neighbors (9000 / 39381)...
computing neighbors (10000 / 39381)...
computing neighbors (11000 / 39381)...
computing neighbors (12000 / 39381)...
computing neighbors (13000 / 39381)...
computing neighbors (14000 / 39381)...
computing neighbors (15000 / 39381)...
computing neighbors (16000 / 39381)...
computing neighbors (17000 / 39381)...
computing neighbors (18000 / 39381)...
computing neighbors (19000 / 39381)...
computing neighbors (20000 / 39381)...
computing neighbors (21000 / 39381)...
computing neighbors (22000 / 39381)...
computing neighbors (23000 / 39381)...
computing neighbors (24000 / 39381)...
computing neighbors (25000 / 39381)...
computing neighbors (26000 / 39381)...
computing neighbors (27000 / 39381)...
computing neighbors (28000 / 39381)...
computing neighbors (29000 / 39381)...
computing neighbors (30000 / 39381)...
computing neighbors (31000 / 39381)...
computing neighbors (32000 / 39381)...
computing neighbors (33000 / 39381)...
computing neighbors (34000 / 39381)...
computing neighbors (35000 / 39381)...
computing neighbors (36000 / 39381)...
computing neighbors (37000 / 39381)...
computing neighbors (38000 / 39381)...
computing neighbors (39000 / 39381)...
colored 1000 / 39381...
colored 2000 / 39381...
colored 3000 / 39381...
colored 4000 / 39381...
colored 5000 / 39381...
colored 6000 / 39381...
colored 7000 / 39381...
colored 8000 / 39381...
colored 9000 / 39381...
colored 10000 / 39381...
colored 11000 / 39381...
colored 12000 / 39381...
colored 13000 / 39381...
colored 14000 / 39381...
colored 15000 / 39381...
colored 16000 / 39381...
colored 17000 / 39381...
colored 18000 / 39381...
colored 19000 / 39381...
colored 20000 / 39381...
colored 21000 / 39381...
colored 22000 / 39381...
colored 23000 / 39381...
colored 24000 / 39381...
colored 25000 / 39381...
colored 26000 / 39381...
colored 27000 / 39381...
colored 28000 / 39381...
colored 29000 / 39381...
colored 30000 / 39381...
colored 31000 / 39381...
colored 32000 / 39381...
colored 33000 / 39381...
colored 34000 / 39381...
colored 35000 / 39381...
colored 36000 / 39381...
colored 37000 / 39381...
colored 38000 / 39381...
colored 39000 / 39381...
greedy found 338 colors in 27.292 seconds
 time (s)      nb nodes       objective      
---------------------------------------------
  6.011                       338            
  6.025        3.0            337            
  6.126        5.0            336            
  6.143        37.0           335            
  6.168        278.0          334            
  6.201        1.1 k          333            
  6.250        1.6 k          332            
  6.294        1.8 k          331            
  6.367        2.6 k          330            
  6.424        4.0 k          329            
  6.720        8.7 k          328            
  6.831        10.0 k         327            
  7.030        12.8 k         326            
  7.087        13.3 k         325            
  7.140        14.1 k         324            
  7.463        18.7 k         323            
  7.641        21.9 k         322            
  8.402        34.1 k         321            
  8.876        41.9 k         320            
  9.508        49.6 k         319            
  9.721        54.1 k         318            
  10.062       57.7 k         317            
  10.502       64.9 k         316            
  10.679       67.6 k         315            
  10.872       70.0 k         314            
  12.425       87.5 k         313            
  13.199       97.5 k         312            
  14.894       119.4 k        311            
  15.434       128.2 k        310            
  15.974       136.9 k        309            
  16.348       143.0 k        308            
  16.665       147.3 k        307            
  16.976       150.8 k        306            
  18.103       169.4 k        305            
  18.711       177.7 k        304            
  21.896       224.4 k        303            
  23.173       243.9 k        302            
  23.693       251.7 k        301            
  24.920       270.4 k        300            
  26.601       292.5 k        299            
  28.483       318.2 k        298            
  30.089       345.1 k        297            
  31.765       366.9 k        296            
  32.572       378.9 k        295            
  34.802       416.0 k        294            
  37.889       453.3 k        293            
  39.009       472.7 k        292            
  45.290       541.9 k        291            
  50.700       599.3 k        290            
  57.592       666.0 k        289            
  58.426       676.1 k        288            
  60.506       701.2 k        287            
  67.261       771.9 k        286            
  70.076       807.6 k        285            
  72.532       835.7 k        284            
  76.190       871.4 k        283            
  82.881       954.5 k        282            
  86.572       994.1 k        281            
  92.016       1.1 M          280            
  118.723      1.3 M          279            
  122.064      1.3 M          278            
  125.893      1.4 M          277            
  129.896      1.4 M          276            
  157.346      1.7 M          275            
  164.635      1.7 M          274            
  174.725      1.8 M          273            
  190.863      1.9 M          272            
  203.852      2.1 M          271            
  228.414      2.3 M          270            
  239.867      2.3 M          269            
  257.127      2.5 M          268            
  280.073      2.7 M          267            
  296.948      2.8 M          266            
  341.839      3.1 M          265            
  428.786      3.7 M          264            
  432.731      3.8 M          263            
  573.672      4.5 M          262            
  624.779      4.8 M          261            
  640.777      4.9 M          260            
  904.968      6.3 M          259            
  917.618      6.4 M          258            
  935.725      6.5 M          257            
  1120.001     7.4 M          256            
  1429.204     8.8 M          255            
  1878.516     10.7 M         254            
  2032.097     11.4 M         253            
  2156.492     12.0 M         252            
  4963.974     22.5 M         251            
  4997.015     22.6 M         250            
  5051.950     22.8 M         249            
  12024.652    45.1 M         248            
  53410.781    157.5 M        247            
  58223.707    171.0 M        246            

             nb generated        208.0 M
              nb expanded        105.1 M
               nb trashed           0.0 
     avg branching factor           2.0 
                  nb eval         186.0 
                 nb guide        208.0 M
        time searched (s)      71993.984
      generated nodes / s          2.9 k
        solutions created           0.0 
