printing solutions in: ./dogs-color/insts/cgshop22/reecn51526.instance.json.solution.json
printing perfs in: ./dogs-color/insts/cgshop22/reecn51526.instance.json.perf.json

CGSHOP Instance: compute neighbors...
computing neighbors (0 / 51526)...
computing neighbors (1000 / 51526)...
computing neighbors (2000 / 51526)...
computing neighbors (3000 / 51526)...
computing neighbors (4000 / 51526)...
computing neighbors (5000 / 51526)...
computing neighbors (6000 / 51526)...
computing neighbors (7000 / 51526)...
computing neighbors (8000 / 51526)...
computing neighbors (9000 / 51526)...
computing neighbors (10000 / 51526)...
computing neighbors (11000 / 51526)...
computing neighbors (12000 / 51526)...
computing neighbors (13000 / 51526)...
computing neighbors (14000 / 51526)...
computing neighbors (15000 / 51526)...
computing neighbors (16000 / 51526)...
computing neighbors (17000 / 51526)...
computing neighbors (18000 / 51526)...
computing neighbors (19000 / 51526)...
computing neighbors (20000 / 51526)...
computing neighbors (21000 / 51526)...
computing neighbors (22000 / 51526)...
computing neighbors (23000 / 51526)...
computing neighbors (24000 / 51526)...
computing neighbors (25000 / 51526)...
computing neighbors (26000 / 51526)...
computing neighbors (27000 / 51526)...
computing neighbors (28000 / 51526)...
computing neighbors (29000 / 51526)...
computing neighbors (30000 / 51526)...
computing neighbors (31000 / 51526)...
computing neighbors (32000 / 51526)...
computing neighbors (33000 / 51526)...
computing neighbors (34000 / 51526)...
computing neighbors (35000 / 51526)...
computing neighbors (36000 / 51526)...
computing neighbors (37000 / 51526)...
computing neighbors (38000 / 51526)...
computing neighbors (39000 / 51526)...
computing neighbors (40000 / 51526)...
computing neighbors (41000 / 51526)...
computing neighbors (42000 / 51526)...
computing neighbors (43000 / 51526)...
computing neighbors (44000 / 51526)...
computing neighbors (45000 / 51526)...
computing neighbors (46000 / 51526)...
computing neighbors (47000 / 51526)...
computing neighbors (48000 / 51526)...
computing neighbors (49000 / 51526)...
computing neighbors (50000 / 51526)...
computing neighbors (51000 / 51526)...
71940      vertices
51526      segments
308        dominations
=======================
CGSHOP Instance: compute neighbors...
computing neighbors (0 / 51526)...
computing neighbors (1000 / 51526)...
computing neighbors (2000 / 51526)...
computing neighbors (3000 / 51526)...
computing neighbors (4000 / 51526)...
computing neighbors (5000 / 51526)...
computing neighbors (6000 / 51526)...
computing neighbors (7000 / 51526)...
computing neighbors (8000 / 51526)...
computing neighbors (9000 / 51526)...
computing neighbors (10000 / 51526)...
computing neighbors (11000 / 51526)...
computing neighbors (12000 / 51526)...
computing neighbors (13000 / 51526)...
computing neighbors (14000 / 51526)...
computing neighbors (15000 / 51526)...
computing neighbors (16000 / 51526)...
computing neighbors (17000 / 51526)...
computing neighbors (18000 / 51526)...
computing neighbors (19000 / 51526)...
computing neighbors (20000 / 51526)...
computing neighbors (21000 / 51526)...
computing neighbors (22000 / 51526)...
computing neighbors (23000 / 51526)...
computing neighbors (24000 / 51526)...
computing neighbors (25000 / 51526)...
computing neighbors (26000 / 51526)...
computing neighbors (27000 / 51526)...
computing neighbors (28000 / 51526)...
computing neighbors (29000 / 51526)...
computing neighbors (30000 / 51526)...
computing neighbors (31000 / 51526)...
computing neighbors (32000 / 51526)...
computing neighbors (33000 / 51526)...
computing neighbors (34000 / 51526)...
computing neighbors (35000 / 51526)...
computing neighbors (36000 / 51526)...
computing neighbors (37000 / 51526)...
computing neighbors (38000 / 51526)...
computing neighbors (39000 / 51526)...
computing neighbors (40000 / 51526)...
computing neighbors (41000 / 51526)...
computing neighbors (42000 / 51526)...
computing neighbors (43000 / 51526)...
computing neighbors (44000 / 51526)...
computing neighbors (45000 / 51526)...
computing neighbors (46000 / 51526)...
computing neighbors (47000 / 51526)...
computing neighbors (48000 / 51526)...
computing neighbors (49000 / 51526)...
computing neighbors (50000 / 51526)...
computing neighbors (51000 / 51526)...
colored 1000 / 51526...
colored 2000 / 51526...
colored 3000 / 51526...
colored 4000 / 51526...
colored 5000 / 51526...
colored 6000 / 51526...
colored 7000 / 51526...
colored 8000 / 51526...
colored 9000 / 51526...
colored 10000 / 51526...
colored 11000 / 51526...
colored 12000 / 51526...
colored 13000 / 51526...
colored 14000 / 51526...
colored 15000 / 51526...
colored 16000 / 51526...
colored 17000 / 51526...
colored 18000 / 51526...
colored 19000 / 51526...
colored 20000 / 51526...
colored 21000 / 51526...
colored 22000 / 51526...
colored 23000 / 51526...
colored 24000 / 51526...
colored 25000 / 51526...
colored 26000 / 51526...
colored 27000 / 51526...
colored 28000 / 51526...
colored 29000 / 51526...
colored 30000 / 51526...
colored 31000 / 51526...
colored 32000 / 51526...
colored 33000 / 51526...
colored 34000 / 51526...
colored 35000 / 51526...
colored 36000 / 51526...
colored 37000 / 51526...
colored 38000 / 51526...
colored 39000 / 51526...
colored 40000 / 51526...
colored 41000 / 51526...
colored 42000 / 51526...
colored 43000 / 51526...
colored 44000 / 51526...
colored 45000 / 51526...
colored 46000 / 51526...
colored 47000 / 51526...
colored 48000 / 51526...
colored 49000 / 51526...
colored 50000 / 51526...
colored 51000 / 51526...
greedy found 367 colors in 82.570 seconds
 time (s)      nb nodes       objective      
---------------------------------------------
  16.691                      367            
  16.839       99.0           366            
  17.258       1.2 k          365            
  17.737       3.8 k          364            
  20.100       12.0 k         363            
  22.189       20.8 k         362            
  28.470       41.7 k         361            
  30.563       61.6 k         360            
  32.921       82.1 k         359            
  36.054       105.9 k        358            
  38.920       143.3 k        357            
  41.567       184.3 k        356            
  43.989       224.4 k        355            
  47.285       257.2 k        354            
  52.266       299.7 k        353            
  55.704       334.6 k        352            
  58.125       360.6 k        351            
  61.770       398.8 k        350            
  73.359       439.7 k        349            
  80.511       500.2 k        348            
  86.497       549.9 k        347            
  90.909       594.7 k        346            
  97.838       649.0 k        345            
  101.225      689.1 k        344            
  105.056      721.5 k        343            
  119.640      804.0 k        342            
  125.622      830.5 k        341            
  137.013      900.2 k        340            
  158.001      956.6 k        339            
  170.975      1.0 M          338            
  190.648      1.1 M          337            
  197.142      1.1 M          336            
  218.414      1.2 M          335            
  248.592      1.3 M          334            
  292.257      1.4 M          333            
  311.423      1.5 M          332            
  329.248      1.5 M          331            
  352.101      1.6 M          330            
  391.549      1.8 M          329            
  451.556      1.9 M          328            
  651.253      2.2 M          327            
  812.359      2.5 M          326            
  1284.714     3.2 M          325            
  1773.245     3.9 M          324            
  2004.465     4.3 M          323            
  2513.459     5.0 M          322            
  2831.392     5.5 M          321            
  30649.449    30.4 M         320            
  36753.312    35.0 M         319            
  65589.820    57.0 M         318            
  71300.953    61.0 M         317            

             nb generated         61.6 M
              nb expanded         37.1 M
               nb trashed           0.0 
     avg branching factor           1.7 
                  nb eval         102.0 
                 nb guide         61.6 M
        time searched (s)      71983.305
      generated nodes / s         855.3 
        solutions created           0.0 
