printing solutions in: ./dogs-color/insts/cgshop22/reecn3988.instance.json.solution.json
printing perfs in: ./dogs-color/insts/cgshop22/reecn3988.instance.json.perf.json

CGSHOP Instance: compute neighbors...
computing neighbors (0 / 3988)...
computing neighbors (1000 / 3988)...
computing neighbors (2000 / 3988)...
computing neighbors (3000 / 3988)...
5520       vertices
3988       segments
94         dominations
=======================
CGSHOP Instance: compute neighbors...
computing neighbors (0 / 3988)...
computing neighbors (1000 / 3988)...
computing neighbors (2000 / 3988)...
computing neighbors (3000 / 3988)...
colored 1000 / 3988...
colored 2000 / 3988...
colored 3000 / 3988...
greedy found 79 colors in 0.311 seconds
 time (s)      nb nodes       objective      
---------------------------------------------
  0.107                       79             
  0.110        44.0           78             
  0.114        179.0          77             
  0.126        975.0          76             
  0.134        1.5 k          75             
  0.159        3.3 k          74             
  0.258        9.3 k          73             
  0.284        13.3 k         72             
  0.310        15.9 k         71             
  0.365        22.2 k         70             
  0.454        28.2 k         69             
  0.948        55.5 k         68             
  2.583        141.5 k        67             
  25.372       983.9 k        66             

             nb generated        686.0 M
              nb expanded        648.7 M
               nb trashed           0.0 
     avg branching factor           1.1 
                  nb eval          28.0 
                 nb guide        686.0 M
        time searched (s)      71999.891
      generated nodes / s          9.5 k
        solutions created           0.0 
invalid solution (reason: ConflictingEdge(21, 2557))
