printing solutions in: ./dogs-color/insts/cgshop22/sqrp63650.instance.json.solution.json
printing perfs in: ./dogs-color/insts/cgshop22/sqrp63650.instance.json.perf.json

CGSHOP Instance: compute neighbors...
computing neighbors (0 / 63650)...
computing neighbors (1000 / 63650)...
computing neighbors (2000 / 63650)...
computing neighbors (3000 / 63650)...
computing neighbors (4000 / 63650)...
computing neighbors (5000 / 63650)...
computing neighbors (6000 / 63650)...
computing neighbors (7000 / 63650)...
computing neighbors (8000 / 63650)...
computing neighbors (9000 / 63650)...
computing neighbors (10000 / 63650)...
computing neighbors (11000 / 63650)...
computing neighbors (12000 / 63650)...
computing neighbors (13000 / 63650)...
computing neighbors (14000 / 63650)...
computing neighbors (15000 / 63650)...
computing neighbors (16000 / 63650)...
computing neighbors (17000 / 63650)...
computing neighbors (18000 / 63650)...
computing neighbors (19000 / 63650)...
computing neighbors (20000 / 63650)...
computing neighbors (21000 / 63650)...
computing neighbors (22000 / 63650)...
computing neighbors (23000 / 63650)...
computing neighbors (24000 / 63650)...
computing neighbors (25000 / 63650)...
computing neighbors (26000 / 63650)...
computing neighbors (27000 / 63650)...
computing neighbors (28000 / 63650)...
computing neighbors (29000 / 63650)...
computing neighbors (30000 / 63650)...
computing neighbors (31000 / 63650)...
computing neighbors (32000 / 63650)...
computing neighbors (33000 / 63650)...
computing neighbors (34000 / 63650)...
computing neighbors (35000 / 63650)...
computing neighbors (36000 / 63650)...
computing neighbors (37000 / 63650)...
computing neighbors (38000 / 63650)...
computing neighbors (39000 / 63650)...
computing neighbors (40000 / 63650)...
computing neighbors (41000 / 63650)...
computing neighbors (42000 / 63650)...
computing neighbors (43000 / 63650)...
computing neighbors (44000 / 63650)...
computing neighbors (45000 / 63650)...
computing neighbors (46000 / 63650)...
computing neighbors (47000 / 63650)...
computing neighbors (48000 / 63650)...
computing neighbors (49000 / 63650)...
computing neighbors (50000 / 63650)...
computing neighbors (51000 / 63650)...
computing neighbors (52000 / 63650)...
computing neighbors (53000 / 63650)...
computing neighbors (54000 / 63650)...
computing neighbors (55000 / 63650)...
computing neighbors (56000 / 63650)...
computing neighbors (57000 / 63650)...
computing neighbors (58000 / 63650)...
computing neighbors (59000 / 63650)...
computing neighbors (60000 / 63650)...
computing neighbors (61000 / 63650)...
computing neighbors (62000 / 63650)...
computing neighbors (63000 / 63650)...
673        vertices
63650      segments
12573      dominations
=======================
CGSHOP Instance: compute neighbors...
computing neighbors (0 / 63650)...
computing neighbors (1000 / 63650)...
computing neighbors (2000 / 63650)...
computing neighbors (3000 / 63650)...
computing neighbors (4000 / 63650)...
computing neighbors (5000 / 63650)...
computing neighbors (6000 / 63650)...
computing neighbors (7000 / 63650)...
computing neighbors (8000 / 63650)...
computing neighbors (9000 / 63650)...
computing neighbors (10000 / 63650)...
computing neighbors (11000 / 63650)...
computing neighbors (12000 / 63650)...
computing neighbors (13000 / 63650)...
computing neighbors (14000 / 63650)...
computing neighbors (15000 / 63650)...
computing neighbors (16000 / 63650)...
computing neighbors (17000 / 63650)...
computing neighbors (18000 / 63650)...
computing neighbors (19000 / 63650)...
computing neighbors (20000 / 63650)...
computing neighbors (21000 / 63650)...
computing neighbors (22000 / 63650)...
computing neighbors (23000 / 63650)...
computing neighbors (24000 / 63650)...
computing neighbors (25000 / 63650)...
computing neighbors (26000 / 63650)...
computing neighbors (27000 / 63650)...
computing neighbors (28000 / 63650)...
computing neighbors (29000 / 63650)...
computing neighbors (30000 / 63650)...
computing neighbors (31000 / 63650)...
computing neighbors (32000 / 63650)...
computing neighbors (33000 / 63650)...
computing neighbors (34000 / 63650)...
computing neighbors (35000 / 63650)...
computing neighbors (36000 / 63650)...
computing neighbors (37000 / 63650)...
computing neighbors (38000 / 63650)...
computing neighbors (39000 / 63650)...
computing neighbors (40000 / 63650)...
computing neighbors (41000 / 63650)...
computing neighbors (42000 / 63650)...
computing neighbors (43000 / 63650)...
computing neighbors (44000 / 63650)...
computing neighbors (45000 / 63650)...
computing neighbors (46000 / 63650)...
computing neighbors (47000 / 63650)...
computing neighbors (48000 / 63650)...
computing neighbors (49000 / 63650)...
computing neighbors (50000 / 63650)...
computing neighbors (51000 / 63650)...
computing neighbors (52000 / 63650)...
computing neighbors (53000 / 63650)...
computing neighbors (54000 / 63650)...
computing neighbors (55000 / 63650)...
computing neighbors (56000 / 63650)...
computing neighbors (57000 / 63650)...
computing neighbors (58000 / 63650)...
computing neighbors (59000 / 63650)...
computing neighbors (60000 / 63650)...
computing neighbors (61000 / 63650)...
computing neighbors (62000 / 63650)...
computing neighbors (63000 / 63650)...
colored 1000 / 63650...
colored 2000 / 63650...
colored 3000 / 63650...
colored 4000 / 63650...
colored 5000 / 63650...
colored 6000 / 63650...
colored 7000 / 63650...
colored 8000 / 63650...
colored 9000 / 63650...
colored 10000 / 63650...
colored 11000 / 63650...
colored 12000 / 63650...
colored 13000 / 63650...
colored 14000 / 63650...
colored 15000 / 63650...
colored 16000 / 63650...
colored 17000 / 63650...
colored 18000 / 63650...
colored 19000 / 63650...
colored 20000 / 63650...
colored 21000 / 63650...
colored 22000 / 63650...
colored 23000 / 63650...
colored 24000 / 63650...
colored 25000 / 63650...
colored 26000 / 63650...
colored 27000 / 63650...
colored 28000 / 63650...
colored 29000 / 63650...
colored 30000 / 63650...
colored 31000 / 63650...
colored 32000 / 63650...
colored 33000 / 63650...
colored 34000 / 63650...
colored 35000 / 63650...
colored 36000 / 63650...
colored 37000 / 63650...
colored 38000 / 63650...
colored 39000 / 63650...
colored 40000 / 63650...
colored 41000 / 63650...
colored 42000 / 63650...
colored 43000 / 63650...
colored 44000 / 63650...
colored 45000 / 63650...
colored 46000 / 63650...
colored 47000 / 63650...
colored 48000 / 63650...
colored 49000 / 63650...
colored 50000 / 63650...
colored 51000 / 63650...
colored 52000 / 63650...
colored 53000 / 63650...
colored 54000 / 63650...
colored 55000 / 63650...
colored 56000 / 63650...
colored 57000 / 63650...
colored 58000 / 63650...
colored 59000 / 63650...
colored 60000 / 63650...
colored 61000 / 63650...
colored 62000 / 63650...
colored 63000 / 63650...
greedy found 277 colors in 288.890 seconds
 time (s)      nb nodes       objective      
---------------------------------------------
  35.833                      277            
  35.990       42.0           276            
  39.442       1.5 k          275            
  128.788      33.1 k         274            
  193.448      56.9 k         273            
  414.339      133.7 k        272            
  577.637      188.9 k        271            
  1498.154     560.0 k        270            
  1803.080     685.3 k        269            
  2509.820     939.7 k        268            
  2787.157     1.0 M          267            
  6952.645     2.4 M          266            
  13316.575    4.3 M          265            
  71894.586    21.1 M         264            

             nb generated         21.2 M
              nb expanded         16.0 M
               nb trashed           0.0 
     avg branching factor           1.3 
                  nb eval          28.0 
                 nb guide         21.2 M
        time searched (s)      71964.164
      generated nodes / s         294.1 
        solutions created           0.0 
