printing solutions in: ./dogs-color/insts/cgshop22/vispecn11917.instance.json.solution.json
printing perfs in: ./dogs-color/insts/cgshop22/vispecn11917.instance.json.perf.json

CGSHOP Instance: compute neighbors...
computing neighbors (0 / 11917)...
computing neighbors (1000 / 11917)...
computing neighbors (2000 / 11917)...
computing neighbors (3000 / 11917)...
computing neighbors (4000 / 11917)...
computing neighbors (5000 / 11917)...
computing neighbors (6000 / 11917)...
computing neighbors (7000 / 11917)...
computing neighbors (8000 / 11917)...
computing neighbors (9000 / 11917)...
computing neighbors (10000 / 11917)...
computing neighbors (11000 / 11917)...
17922      vertices
11917      segments
117        dominations
=======================
CGSHOP Instance: compute neighbors...
computing neighbors (0 / 11917)...
computing neighbors (1000 / 11917)...
computing neighbors (2000 / 11917)...
computing neighbors (3000 / 11917)...
computing neighbors (4000 / 11917)...
computing neighbors (5000 / 11917)...
computing neighbors (6000 / 11917)...
computing neighbors (7000 / 11917)...
computing neighbors (8000 / 11917)...
computing neighbors (9000 / 11917)...
computing neighbors (10000 / 11917)...
computing neighbors (11000 / 11917)...
colored 1000 / 11917...
colored 2000 / 11917...
colored 3000 / 11917...
colored 4000 / 11917...
colored 5000 / 11917...
colored 6000 / 11917...
colored 7000 / 11917...
colored 8000 / 11917...
colored 9000 / 11917...
colored 10000 / 11917...
colored 11000 / 11917...
greedy found 185 colors in 1.643 seconds
 time (s)      nb nodes       objective      
---------------------------------------------
  0.553                       185            
  0.573        159.0          184            
  0.582        660.0          183            
  0.588        1.3 k          182            
  0.611        3.7 k          181            
  0.618        4.0 k          180            
  0.654        6.4 k          179            
  0.681        8.7 k          178            
  0.699        10.5 k         177            
  0.747        15.1 k         176            
  0.761        16.7 k         175            
  0.774        17.4 k         174            
  0.858        26.2 k         173            
  0.876        28.0 k         172            
  0.897        29.4 k         171            
  0.963        35.8 k         170            
  1.280        62.1 k         169            
  1.311        63.7 k         168            
  1.712        103.0 k        167            
  1.791        108.8 k        166            
  2.057        128.7 k        165            
  2.252        145.1 k        164            
  2.352        153.0 k        163            
  2.619        166.1 k        162            
  3.092        197.7 k        161            
  3.428        223.0 k        160            
  3.984        254.8 k        159            
  4.245        271.4 k        158            
  4.356        280.3 k        157            
  5.146        334.7 k        156            
  5.393        351.4 k        155            
  5.662        373.1 k        154            
  6.098        399.6 k        153            
  6.699        433.6 k        152            
  10.403       639.2 k        151            
  11.011       675.0 k        150            
  12.104       737.0 k        149            
  15.386       919.3 k        148            
  15.848       943.8 k        147            
  36.456       1.7 M          146            
  41.581       1.9 M          145            
  46.151       2.0 M          144            
  48.683       2.1 M          143            
  129.287      4.3 M          142            
  375.231      9.3 M          141            
  380.338      9.5 M          140            
  1407.836     25.6 M         139            
  13764.279    175.2 M        138            

             nb generated        782.8 M
              nb expanded        542.5 M
               nb trashed           0.0 
     avg branching factor           1.4 
                  nb eval          96.0 
                 nb guide        782.8 M
        time searched (s)      71999.445
      generated nodes / s         10.9 k
        solutions created           0.0 
