printing solutions in: ./dogs-color/insts/cgshop22/vispecn48944.instance.json.solution.json
printing perfs in: ./dogs-color/insts/cgshop22/vispecn48944.instance.json.perf.json

CGSHOP Instance: compute neighbors...
computing neighbors (0 / 48944)...
computing neighbors (1000 / 48944)...
computing neighbors (2000 / 48944)...
computing neighbors (3000 / 48944)...
computing neighbors (4000 / 48944)...
computing neighbors (5000 / 48944)...
computing neighbors (6000 / 48944)...
computing neighbors (7000 / 48944)...
computing neighbors (8000 / 48944)...
computing neighbors (9000 / 48944)...
computing neighbors (10000 / 48944)...
computing neighbors (11000 / 48944)...
computing neighbors (12000 / 48944)...
computing neighbors (13000 / 48944)...
computing neighbors (14000 / 48944)...
computing neighbors (15000 / 48944)...
computing neighbors (16000 / 48944)...
computing neighbors (17000 / 48944)...
computing neighbors (18000 / 48944)...
computing neighbors (19000 / 48944)...
computing neighbors (20000 / 48944)...
computing neighbors (21000 / 48944)...
computing neighbors (22000 / 48944)...
computing neighbors (23000 / 48944)...
computing neighbors (24000 / 48944)...
computing neighbors (25000 / 48944)...
computing neighbors (26000 / 48944)...
computing neighbors (27000 / 48944)...
computing neighbors (28000 / 48944)...
computing neighbors (29000 / 48944)...
computing neighbors (30000 / 48944)...
computing neighbors (31000 / 48944)...
computing neighbors (32000 / 48944)...
computing neighbors (33000 / 48944)...
computing neighbors (34000 / 48944)...
computing neighbors (35000 / 48944)...
computing neighbors (36000 / 48944)...
computing neighbors (37000 / 48944)...
computing neighbors (38000 / 48944)...
computing neighbors (39000 / 48944)...
computing neighbors (40000 / 48944)...
computing neighbors (41000 / 48944)...
computing neighbors (42000 / 48944)...
computing neighbors (43000 / 48944)...
computing neighbors (44000 / 48944)...
computing neighbors (45000 / 48944)...
computing neighbors (46000 / 48944)...
computing neighbors (47000 / 48944)...
computing neighbors (48000 / 48944)...
68562      vertices
48944      segments
366        dominations
=======================
CGSHOP Instance: compute neighbors...
computing neighbors (0 / 48944)...
computing neighbors (1000 / 48944)...
computing neighbors (2000 / 48944)...
computing neighbors (3000 / 48944)...
computing neighbors (4000 / 48944)...
computing neighbors (5000 / 48944)...
computing neighbors (6000 / 48944)...
computing neighbors (7000 / 48944)...
computing neighbors (8000 / 48944)...
computing neighbors (9000 / 48944)...
computing neighbors (10000 / 48944)...
computing neighbors (11000 / 48944)...
computing neighbors (12000 / 48944)...
computing neighbors (13000 / 48944)...
computing neighbors (14000 / 48944)...
computing neighbors (15000 / 48944)...
computing neighbors (16000 / 48944)...
computing neighbors (17000 / 48944)...
computing neighbors (18000 / 48944)...
computing neighbors (19000 / 48944)...
computing neighbors (20000 / 48944)...
computing neighbors (21000 / 48944)...
computing neighbors (22000 / 48944)...
computing neighbors (23000 / 48944)...
computing neighbors (24000 / 48944)...
computing neighbors (25000 / 48944)...
computing neighbors (26000 / 48944)...
computing neighbors (27000 / 48944)...
computing neighbors (28000 / 48944)...
computing neighbors (29000 / 48944)...
computing neighbors (30000 / 48944)...
computing neighbors (31000 / 48944)...
computing neighbors (32000 / 48944)...
computing neighbors (33000 / 48944)...
computing neighbors (34000 / 48944)...
computing neighbors (35000 / 48944)...
computing neighbors (36000 / 48944)...
computing neighbors (37000 / 48944)...
computing neighbors (38000 / 48944)...
computing neighbors (39000 / 48944)...
computing neighbors (40000 / 48944)...
computing neighbors (41000 / 48944)...
computing neighbors (42000 / 48944)...
computing neighbors (43000 / 48944)...
computing neighbors (44000 / 48944)...
computing neighbors (45000 / 48944)...
computing neighbors (46000 / 48944)...
computing neighbors (47000 / 48944)...
computing neighbors (48000 / 48944)...
colored 1000 / 48944...
colored 2000 / 48944...
colored 3000 / 48944...
colored 4000 / 48944...
colored 5000 / 48944...
colored 6000 / 48944...
colored 7000 / 48944...
colored 8000 / 48944...
colored 9000 / 48944...
colored 10000 / 48944...
colored 11000 / 48944...
colored 12000 / 48944...
colored 13000 / 48944...
colored 14000 / 48944...
colored 15000 / 48944...
colored 16000 / 48944...
colored 17000 / 48944...
colored 18000 / 48944...
colored 19000 / 48944...
colored 20000 / 48944...
colored 21000 / 48944...
colored 22000 / 48944...
colored 23000 / 48944...
colored 24000 / 48944...
colored 25000 / 48944...
colored 26000 / 48944...
colored 27000 / 48944...
colored 28000 / 48944...
colored 29000 / 48944...
colored 30000 / 48944...
colored 31000 / 48944...
colored 32000 / 48944...
colored 33000 / 48944...
colored 34000 / 48944...
colored 35000 / 48944...
colored 36000 / 48944...
colored 37000 / 48944...
colored 38000 / 48944...
colored 39000 / 48944...
colored 40000 / 48944...
colored 41000 / 48944...
colored 42000 / 48944...
colored 43000 / 48944...
colored 44000 / 48944...
colored 45000 / 48944...
colored 46000 / 48944...
colored 47000 / 48944...
colored 48000 / 48944...
greedy found 377 colors in 36.216 seconds
 time (s)      nb nodes       objective      
---------------------------------------------
  8.500                       377            
  8.556        4.0            376            
  8.578        6.0            375            
  8.706        9.0            374            
  8.779        11.0           373            
  8.799        35.0           372            
  8.831        292.0          371            
  8.862        474.0          370            
  8.885        529.0          369            
  8.920        794.0          368            
  8.997        1.5 k          367            
  9.020        1.8 k          366            
  9.145        3.2 k          365            
  9.194        3.5 k          364            
  9.228        3.7 k          363            
  9.281        4.3 k          362            
  9.329        4.7 k          361            
  9.360        5.0 k          360            
  9.436        5.7 k          359            
  9.574        7.3 k          358            
  9.773        9.5 k          357            
  9.841        10.1 k         356            
  9.972        11.2 k         355            
  10.150       13.3 k         354            
  10.271       14.1 k         353            
  10.430       15.6 k         352            
  10.616       18.5 k         351            
  10.861       20.8 k         350            
  10.946       21.3 k         349            
  11.229       24.0 k         348            
  11.446       26.3 k         347            
  11.897       30.3 k         346            
  12.474       35.2 k         345            
  12.684       37.6 k         344            
  12.784       38.1 k         343            
  14.793       58.3 k         342            
  14.942       60.1 k         341            
  15.651       66.0 k         340            
  17.128       77.6 k         339            
  18.646       93.6 k         338            
  18.942       97.3 k         337            
  20.635       110.7 k        336            
  21.741       120.5 k        335            
  22.835       130.7 k        334            
  23.610       138.3 k        333            
  24.180       142.7 k        332            
  24.542       147.4 k        331            
  26.041       160.0 k        330            
  27.678       174.6 k        329            
  31.668       205.3 k        328            
  34.673       227.7 k        327            
  36.020       238.3 k        326            
  36.668       243.0 k        325            
  38.970       259.8 k        324            
  41.649       282.9 k        323            
  43.930       304.3 k        322            
  45.816       318.6 k        321            
  46.417       323.0 k        320            
  47.038       328.6 k        319            
  48.670       341.3 k        318            
  49.802       355.7 k        317            
  52.494       376.9 k        316            
  55.384       403.0 k        315            
  57.022       416.6 k        314            
  64.262       471.5 k        313            
  67.872       504.2 k        312            
  72.358       536.1 k        311            
  79.473       595.2 k        310            
  82.879       627.5 k        309            
  83.521       632.2 k        308            
  97.001       730.4 k        307            
  104.455      795.6 k        306            
  108.998      834.4 k        305            
  115.894      892.8 k        304            
  117.252      906.1 k        303            
  124.158      960.8 k        302            
  132.535      1.0 M          301            
  138.881      1.1 M          300            
  143.059      1.1 M          299            
  151.752      1.2 M          298            
  215.058      1.5 M          297            
  223.649      1.6 M          296            
  240.304      1.7 M          295            
  248.844      1.8 M          294            
  289.308      2.1 M          293            
  302.786      2.1 M          292            
  313.656      2.2 M          291            
  343.672      2.4 M          290            
  400.028      2.7 M          289            
  501.311      3.2 M          288            
  538.815      3.5 M          287            
  573.264      3.7 M          286            
  877.937      5.0 M          285            
  982.528      5.5 M          284            
  994.612      5.6 M          283            
  1100.072     6.1 M          282            
  1140.764     6.3 M          281            
  1200.279     6.7 M          280            
  2157.305     10.5 M         279            
  2177.406     10.6 M         278            
  4191.488     17.2 M         277            
  4437.416     18.0 M         276            
  4960.317     19.9 M         275            
  5397.695     21.5 M         274            
  16757.340    50.7 M         273            

             nb generated        179.6 M
              nb expanded         86.5 M
               nb trashed           0.0 
     avg branching factor           2.1 
                  nb eval         210.0 
                 nb guide        179.6 M
        time searched (s)      71991.500
      generated nodes / s          2.5 k
        solutions created           0.0 
