printing solutions in: ./dogs-color/insts/cgshop22/vispecn10178.instance.json.solution.json
printing perfs in: ./dogs-color/insts/cgshop22/vispecn10178.instance.json.perf.json

CGSHOP Instance: compute neighbors...
computing neighbors (0 / 10178)...
computing neighbors (1000 / 10178)...
computing neighbors (2000 / 10178)...
computing neighbors (3000 / 10178)...
computing neighbors (4000 / 10178)...
computing neighbors (5000 / 10178)...
computing neighbors (6000 / 10178)...
computing neighbors (7000 / 10178)...
computing neighbors (8000 / 10178)...
computing neighbors (9000 / 10178)...
computing neighbors (10000 / 10178)...
15196      vertices
10178      segments
149        dominations
=======================
CGSHOP Instance: compute neighbors...
computing neighbors (0 / 10178)...
computing neighbors (1000 / 10178)...
computing neighbors (2000 / 10178)...
computing neighbors (3000 / 10178)...
computing neighbors (4000 / 10178)...
computing neighbors (5000 / 10178)...
computing neighbors (6000 / 10178)...
computing neighbors (7000 / 10178)...
computing neighbors (8000 / 10178)...
computing neighbors (9000 / 10178)...
computing neighbors (10000 / 10178)...
colored 1000 / 10178...
colored 2000 / 10178...
colored 3000 / 10178...
colored 4000 / 10178...
colored 5000 / 10178...
colored 6000 / 10178...
colored 7000 / 10178...
colored 8000 / 10178...
colored 9000 / 10178...
colored 10000 / 10178...
greedy found 148 colors in 1.316 seconds
 time (s)      nb nodes       objective      
---------------------------------------------
  0.400                       148            
  0.406        2.0            147            
  0.407        5.0            146            
  0.412        291.0          145            
  0.416        517.0          144            
  0.419        628.0          143            
  0.426        2.0 k          142            
  0.447        4.4 k          141            
  0.454        5.2 k          140            
  0.466        6.5 k          139            
  0.475        7.3 k          138            
  0.514        11.3 k         137            
  0.554        14.5 k         136            
  0.786        32.1 k         135            
  0.838        36.6 k         134            
  0.895        42.0 k         133            
  1.018        51.3 k         132            
  1.145        63.3 k         131            
  1.364        79.5 k         130            
  1.691        102.7 k        129            
  1.949        121.8 k        128            
  2.237        144.4 k        127            
  2.466        162.0 k        126            
  2.690        177.5 k        125            
  3.187        215.0 k        124            
  4.618        302.9 k        123            
  5.510        363.4 k        122            
  10.337       615.8 k        121            
  12.827       744.8 k        120            
  14.413       832.9 k        119            
  14.818       864.1 k        118            
  57.055       2.4 M          117            
  73.674       2.9 M          116            
  152.673      5.1 M          115            
  2983.563     56.0 M         114            

             nb generated        955.9 M
              nb expanded        587.0 M
               nb trashed           0.0 
     avg branching factor           1.6 
                  nb eval          70.0 
                 nb guide        955.9 M
        time searched (s)      71999.594
      generated nodes / s         13.3 k
        solutions created           0.0 
invalid solution (reason: ConflictingEdge(6405, 9505))
