printing solutions in: ./dogs-color/insts/cgshop22/rvisp8432.instance.json.solution.json
printing perfs in: ./dogs-color/insts/cgshop22/rvisp8432.instance.json.perf.json

CGSHOP Instance: compute neighbors...
computing neighbors (0 / 8432)...
computing neighbors (1000 / 8432)...
computing neighbors (2000 / 8432)...
computing neighbors (3000 / 8432)...
computing neighbors (4000 / 8432)...
computing neighbors (5000 / 8432)...
computing neighbors (6000 / 8432)...
computing neighbors (7000 / 8432)...
computing neighbors (8000 / 8432)...
334        vertices
8432       segments
3997       dominations
=======================
CGSHOP Instance: compute neighbors...
computing neighbors (0 / 8432)...
computing neighbors (1000 / 8432)...
computing neighbors (2000 / 8432)...
computing neighbors (3000 / 8432)...
computing neighbors (4000 / 8432)...
computing neighbors (5000 / 8432)...
computing neighbors (6000 / 8432)...
computing neighbors (7000 / 8432)...
computing neighbors (8000 / 8432)...
colored 1000 / 8432...
colored 2000 / 8432...
colored 3000 / 8432...
colored 4000 / 8432...
colored 5000 / 8432...
colored 6000 / 8432...
colored 7000 / 8432...
colored 8000 / 8432...
greedy found 51 colors in 0.881 seconds
 time (s)      nb nodes       objective      
---------------------------------------------
  0.307                       51             
  0.312        284.0          50             
  0.318        604.0          49             
  0.439        4.4 k          48             
  0.580        8.5 k          47             
  0.608        9.9 k          46             
  1.045        23.3 k         45             
  1.827        60.0 k         44             
  3.165        105.0 k        43             
  4.842        162.5 k        42             
  77.839       1.6 M          41             

             nb generated        671.3 M
              nb expanded        567.0 M
               nb trashed           0.0 
     avg branching factor           1.2 
                  nb eval          22.0 
                 nb guide        671.3 M
        time searched (s)      71999.688
      generated nodes / s          9.3 k
        solutions created           0.0 
invalid solution (reason: ConflictingEdge(317, 433))
