printing solutions in: ./dogs-color/insts/cgshop22/rvisp10374.instance.json.solution.json
printing perfs in: ./dogs-color/insts/cgshop22/rvisp10374.instance.json.perf.json

CGSHOP Instance: compute neighbors...
computing neighbors (0 / 10374)...
computing neighbors (1000 / 10374)...
computing neighbors (2000 / 10374)...
computing neighbors (3000 / 10374)...
computing neighbors (4000 / 10374)...
computing neighbors (5000 / 10374)...
computing neighbors (6000 / 10374)...
computing neighbors (7000 / 10374)...
computing neighbors (8000 / 10374)...
computing neighbors (9000 / 10374)...
computing neighbors (10000 / 10374)...
449        vertices
10374      segments
5078       dominations
=======================
CGSHOP Instance: compute neighbors...
computing neighbors (0 / 10374)...
computing neighbors (1000 / 10374)...
computing neighbors (2000 / 10374)...
computing neighbors (3000 / 10374)...
computing neighbors (4000 / 10374)...
computing neighbors (5000 / 10374)...
computing neighbors (6000 / 10374)...
computing neighbors (7000 / 10374)...
computing neighbors (8000 / 10374)...
computing neighbors (9000 / 10374)...
computing neighbors (10000 / 10374)...
colored 1000 / 10374...
colored 2000 / 10374...
colored 3000 / 10374...
colored 4000 / 10374...
colored 5000 / 10374...
colored 6000 / 10374...
colored 7000 / 10374...
colored 8000 / 10374...
colored 9000 / 10374...
colored 10000 / 10374...
greedy found 62 colors in 1.144 seconds
 time (s)      nb nodes       objective      
---------------------------------------------
  0.416                       62             
  0.419        155.0          61             
  0.519        2.8 k          60             
  0.864        10.0 k         59             
  1.213        16.2 k         58             
  9.356        204.7 k        57             
  59.759       1.1 M          56             
  94.281       1.7 M          55             

             nb generated        962.3 M
              nb expanded        728.7 M
               nb trashed           0.0 
     avg branching factor           1.3 
                  nb eval          16.0 
                 nb guide        962.3 M
        time searched (s)      71999.578
      generated nodes / s         13.4 k
        solutions created           0.0 
invalid solution (reason: ConflictingEdge(2980, 5697))
