printing solutions in: ./dogs-color/insts/cgshop22/rvisp3499.instance.json.solution.json
printing perfs in: ./dogs-color/insts/cgshop22/rvisp3499.instance.json.perf.json

CGSHOP Instance: compute neighbors...
computing neighbors (0 / 3499)...
computing neighbors (1000 / 3499)...
computing neighbors (2000 / 3499)...
computing neighbors (3000 / 3499)...
207        vertices
3499       segments
1667       dominations
=======================
CGSHOP Instance: compute neighbors...
computing neighbors (0 / 3499)...
computing neighbors (1000 / 3499)...
computing neighbors (2000 / 3499)...
computing neighbors (3000 / 3499)...
colored 1000 / 3499...
colored 2000 / 3499...
colored 3000 / 3499...
greedy found 40 colors in 0.230 seconds
 time (s)      nb nodes       objective      
---------------------------------------------
  0.050                       40             
  0.050        5.0            39             
  0.076        1.7 k          38             
  0.090        2.9 k          37             
  0.166        9.4 k          36             
  0.519        38.8 k         35             
  0.821        59.8 k         34             
  3.997        251.3 k        33             

             nb generated        533.8 M
              nb expanded        453.0 M
               nb trashed           0.0 
     avg branching factor           1.2 
                  nb eval          16.0 
                 nb guide        533.8 M
        time searched (s)      71999.945
      generated nodes / s          7.4 k
        solutions created           0.0 
invalid solution (reason: ConflictingEdge(3, 209))
