printing solutions in: ./dogs-color/insts/cgshop22/reecn41237.instance.json.solution.json
printing perfs in: ./dogs-color/insts/cgshop22/reecn41237.instance.json.perf.json

CGSHOP Instance: compute neighbors...
computing neighbors (0 / 41237)...
computing neighbors (1000 / 41237)...
computing neighbors (2000 / 41237)...
computing neighbors (3000 / 41237)...
computing neighbors (4000 / 41237)...
computing neighbors (5000 / 41237)...
computing neighbors (6000 / 41237)...
computing neighbors (7000 / 41237)...
computing neighbors (8000 / 41237)...
computing neighbors (9000 / 41237)...
computing neighbors (10000 / 41237)...
computing neighbors (11000 / 41237)...
computing neighbors (12000 / 41237)...
computing neighbors (13000 / 41237)...
computing neighbors (14000 / 41237)...
computing neighbors (15000 / 41237)...
computing neighbors (16000 / 41237)...
computing neighbors (17000 / 41237)...
computing neighbors (18000 / 41237)...
computing neighbors (19000 / 41237)...
computing neighbors (20000 / 41237)...
computing neighbors (21000 / 41237)...
computing neighbors (22000 / 41237)...
computing neighbors (23000 / 41237)...
computing neighbors (24000 / 41237)...
computing neighbors (25000 / 41237)...
computing neighbors (26000 / 41237)...
computing neighbors (27000 / 41237)...
computing neighbors (28000 / 41237)...
computing neighbors (29000 / 41237)...
computing neighbors (30000 / 41237)...
computing neighbors (31000 / 41237)...
computing neighbors (32000 / 41237)...
computing neighbors (33000 / 41237)...
computing neighbors (34000 / 41237)...
computing neighbors (35000 / 41237)...
computing neighbors (36000 / 41237)...
computing neighbors (37000 / 41237)...
computing neighbors (38000 / 41237)...
computing neighbors (39000 / 41237)...
computing neighbors (40000 / 41237)...
computing neighbors (41000 / 41237)...
57540      vertices
41237      segments
342        dominations
=======================
CGSHOP Instance: compute neighbors...
computing neighbors (0 / 41237)...
computing neighbors (1000 / 41237)...
computing neighbors (2000 / 41237)...
computing neighbors (3000 / 41237)...
computing neighbors (4000 / 41237)...
computing neighbors (5000 / 41237)...
computing neighbors (6000 / 41237)...
computing neighbors (7000 / 41237)...
computing neighbors (8000 / 41237)...
computing neighbors (9000 / 41237)...
computing neighbors (10000 / 41237)...
computing neighbors (11000 / 41237)...
computing neighbors (12000 / 41237)...
computing neighbors (13000 / 41237)...
computing neighbors (14000 / 41237)...
computing neighbors (15000 / 41237)...
computing neighbors (16000 / 41237)...
computing neighbors (17000 / 41237)...
computing neighbors (18000 / 41237)...
computing neighbors (19000 / 41237)...
computing neighbors (20000 / 41237)...
computing neighbors (21000 / 41237)...
computing neighbors (22000 / 41237)...
computing neighbors (23000 / 41237)...
computing neighbors (24000 / 41237)...
computing neighbors (25000 / 41237)...
computing neighbors (26000 / 41237)...
computing neighbors (27000 / 41237)...
computing neighbors (28000 / 41237)...
computing neighbors (29000 / 41237)...
computing neighbors (30000 / 41237)...
computing neighbors (31000 / 41237)...
computing neighbors (32000 / 41237)...
computing neighbors (33000 / 41237)...
computing neighbors (34000 / 41237)...
computing neighbors (35000 / 41237)...
computing neighbors (36000 / 41237)...
computing neighbors (37000 / 41237)...
computing neighbors (38000 / 41237)...
computing neighbors (39000 / 41237)...
computing neighbors (40000 / 41237)...
computing neighbors (41000 / 41237)...
colored 1000 / 41237...
colored 2000 / 41237...
colored 3000 / 41237...
colored 4000 / 41237...
colored 5000 / 41237...
colored 6000 / 41237...
colored 7000 / 41237...
colored 8000 / 41237...
colored 9000 / 41237...
colored 10000 / 41237...
colored 11000 / 41237...
colored 12000 / 41237...
colored 13000 / 41237...
colored 14000 / 41237...
colored 15000 / 41237...
colored 16000 / 41237...
colored 17000 / 41237...
colored 18000 / 41237...
colored 19000 / 41237...
colored 20000 / 41237...
colored 21000 / 41237...
colored 22000 / 41237...
colored 23000 / 41237...
colored 24000 / 41237...
colored 25000 / 41237...
colored 26000 / 41237...
colored 27000 / 41237...
colored 28000 / 41237...
colored 29000 / 41237...
colored 30000 / 41237...
colored 31000 / 41237...
colored 32000 / 41237...
colored 33000 / 41237...
colored 34000 / 41237...
colored 35000 / 41237...
colored 36000 / 41237...
colored 37000 / 41237...
colored 38000 / 41237...
colored 39000 / 41237...
colored 40000 / 41237...
colored 41000 / 41237...
greedy found 415 colors in 49.597 seconds
 time (s)      nb nodes       objective      
---------------------------------------------
  11.740                      415            
  11.787       14.0           414            
  11.875       425.0          413            
  12.134       1.5 k          412            
  12.646       4.2 k          411            
  13.094       8.3 k          410            
  14.527       17.7 k         409            
  16.528       33.2 k         408            
  18.942       49.8 k         407            
  20.139       67.4 k         406            
  21.056       79.3 k         405            
  22.172       93.8 k         404            
  24.553       128.6 k        403            
  25.903       158.0 k        402            
  27.821       178.7 k        401            
  30.423       213.3 k        400            
  32.020       232.8 k        399            
  33.703       264.2 k        398            
  35.312       282.2 k        397            
  37.821       304.2 k        396            
  40.134       339.1 k        395            
  41.837       361.8 k        394            
  43.347       381.8 k        393            
  47.281       425.2 k        392            
  49.539       468.6 k        391            
  54.772       502.1 k        390            
  57.121       520.6 k        389            
  60.550       558.1 k        388            
  63.870       596.8 k        387            
  66.807       631.0 k        386            
  68.525       663.1 k        385            
  70.620       691.8 k        384            
  73.523       728.8 k        383            
  77.557       774.2 k        382            
  83.189       815.5 k        381            
  89.847       866.4 k        380            
  94.115       910.6 k        379            
  101.689      957.0 k        378            
  106.721      994.7 k        377            
  129.988      1.1 M          376            
  142.280      1.2 M          375            
  151.735      1.2 M          374            
  156.052      1.3 M          373            
  167.576      1.3 M          372            
  177.559      1.4 M          371            
  183.237      1.4 M          370            
  192.770      1.5 M          369            
  213.438      1.6 M          368            
  225.686      1.7 M          367            
  237.660      1.7 M          366            
  287.461      1.9 M          365            
  299.668      2.0 M          364            
  329.840      2.1 M          363            
  347.568      2.2 M          362            
  369.427      2.3 M          361            
  398.465      2.4 M          360            
  436.657      2.6 M          359            
  503.051      2.8 M          358            
  617.594      3.2 M          357            
  728.570      3.5 M          356            
  813.398      3.8 M          355            
  866.429      3.9 M          354            
  966.512      4.2 M          353            
  1125.143     4.6 M          352            
  3808.156     9.3 M          351            
  3839.681     9.4 M          350            
  3873.725     9.5 M          349            
  4458.172     10.5 M         348            
  4536.577     10.6 M         347            
  4605.749     10.7 M         346            
  4751.232     11.0 M         345            
  24202.617    34.9 M         344            
  39837.680    51.0 M         343            
  40079.152    51.3 M         342            
  58455.402    69.7 M         341            
  59548.480    70.8 M         340            

             nb generated         83.8 M
              nb expanded         43.4 M
               nb trashed           0.0 
     avg branching factor           1.9 
                  nb eval         152.0 
                 nb guide         83.8 M
        time searched (s)      71988.258
      generated nodes / s          1.2 k
        solutions created           0.0 
