printing solutions in: ./dogs-color/insts/cgshop22/sqrp23758.instance.json.solution.json
printing perfs in: ./dogs-color/insts/cgshop22/sqrp23758.instance.json.perf.json

CGSHOP Instance: compute neighbors...
computing neighbors (0 / 23758)...
computing neighbors (1000 / 23758)...
computing neighbors (2000 / 23758)...
computing neighbors (3000 / 23758)...
computing neighbors (4000 / 23758)...
computing neighbors (5000 / 23758)...
computing neighbors (6000 / 23758)...
computing neighbors (7000 / 23758)...
computing neighbors (8000 / 23758)...
computing neighbors (9000 / 23758)...
computing neighbors (10000 / 23758)...
computing neighbors (11000 / 23758)...
computing neighbors (12000 / 23758)...
computing neighbors (13000 / 23758)...
computing neighbors (14000 / 23758)...
computing neighbors (15000 / 23758)...
computing neighbors (16000 / 23758)...
computing neighbors (17000 / 23758)...
computing neighbors (18000 / 23758)...
computing neighbors (19000 / 23758)...
computing neighbors (20000 / 23758)...
computing neighbors (21000 / 23758)...
computing neighbors (22000 / 23758)...
computing neighbors (23000 / 23758)...
465        vertices
23758      segments
3811       dominations
=======================
CGSHOP Instance: compute neighbors...
computing neighbors (0 / 23758)...
computing neighbors (1000 / 23758)...
computing neighbors (2000 / 23758)...
computing neighbors (3000 / 23758)...
computing neighbors (4000 / 23758)...
computing neighbors (5000 / 23758)...
computing neighbors (6000 / 23758)...
computing neighbors (7000 / 23758)...
computing neighbors (8000 / 23758)...
computing neighbors (9000 / 23758)...
computing neighbors (10000 / 23758)...
computing neighbors (11000 / 23758)...
computing neighbors (12000 / 23758)...
computing neighbors (13000 / 23758)...
computing neighbors (14000 / 23758)...
computing neighbors (15000 / 23758)...
computing neighbors (16000 / 23758)...
computing neighbors (17000 / 23758)...
computing neighbors (18000 / 23758)...
computing neighbors (19000 / 23758)...
computing neighbors (20000 / 23758)...
computing neighbors (21000 / 23758)...
computing neighbors (22000 / 23758)...
computing neighbors (23000 / 23758)...
colored 1000 / 23758...
colored 2000 / 23758...
colored 3000 / 23758...
colored 4000 / 23758...
colored 5000 / 23758...
colored 6000 / 23758...
colored 7000 / 23758...
colored 8000 / 23758...
colored 9000 / 23758...
colored 10000 / 23758...
colored 11000 / 23758...
colored 12000 / 23758...
colored 13000 / 23758...
colored 14000 / 23758...
colored 15000 / 23758...
colored 16000 / 23758...
colored 17000 / 23758...
colored 18000 / 23758...
colored 19000 / 23758...
colored 20000 / 23758...
colored 21000 / 23758...
colored 22000 / 23758...
colored 23000 / 23758...
greedy found 177 colors in 10.969 seconds
 time (s)      nb nodes       objective      
---------------------------------------------
  4.218                       177            
  10.391       18.4 k         176            
  3113.535     5.9 M          175            

             nb generated         97.7 M
              nb expanded         83.7 M
               nb trashed           0.0 
     avg branching factor           1.2 
                  nb eval           6.0 
                 nb guide         97.7 M
        time searched (s)      71995.781
      generated nodes / s          1.4 k
        solutions created           0.0 
