printing solutions in: ./dogs-color/insts/cgshop22/reecn11799.instance.json.solution.json
printing perfs in: ./dogs-color/insts/cgshop22/reecn11799.instance.json.perf.json

CGSHOP Instance: compute neighbors...
computing neighbors (0 / 11799)...
computing neighbors (1000 / 11799)...
computing neighbors (2000 / 11799)...
computing neighbors (3000 / 11799)...
computing neighbors (4000 / 11799)...
computing neighbors (5000 / 11799)...
computing neighbors (6000 / 11799)...
computing neighbors (7000 / 11799)...
computing neighbors (8000 / 11799)...
computing neighbors (9000 / 11799)...
computing neighbors (10000 / 11799)...
computing neighbors (11000 / 11799)...
16464      vertices
11799      segments
197        dominations
=======================
CGSHOP Instance: compute neighbors...
computing neighbors (0 / 11799)...
computing neighbors (1000 / 11799)...
computing neighbors (2000 / 11799)...
computing neighbors (3000 / 11799)...
computing neighbors (4000 / 11799)...
computing neighbors (5000 / 11799)...
computing neighbors (6000 / 11799)...
computing neighbors (7000 / 11799)...
computing neighbors (8000 / 11799)...
computing neighbors (9000 / 11799)...
computing neighbors (10000 / 11799)...
computing neighbors (11000 / 11799)...
colored 1000 / 11799...
colored 2000 / 11799...
colored 3000 / 11799...
colored 4000 / 11799...
colored 5000 / 11799...
colored 6000 / 11799...
colored 7000 / 11799...
colored 8000 / 11799...
colored 9000 / 11799...
colored 10000 / 11799...
colored 11000 / 11799...
greedy found 197 colors in 2.654 seconds
 time (s)      nb nodes       objective      
---------------------------------------------
  0.956                       197            
  0.970        274.0          196            
  1.008        1.1 k          195            
  1.092        3.9 k          194            
  1.205        8.2 k          193            
  1.332        16.3 k         192            
  1.458        24.2 k         191            
  1.583        31.7 k         190            
  1.729        38.2 k         189            
  1.874        47.9 k         188            
  1.979        55.0 k         187            
  2.242        63.5 k         186            
  2.578        76.6 k         185            
  2.839        85.9 k         184            
  2.973        94.0 k         183            
  3.343        106.6 k        182            
  3.644        118.4 k        181            
  4.224        141.8 k        180            
  4.434        156.9 k        179            
  5.080        174.2 k        178            
  5.779        202.5 k        177            
  6.652        228.4 k        176            
  8.029        263.4 k        175            
  8.668        290.2 k        174            
  9.664        317.4 k        173            
  12.003       376.5 k        172            
  13.943       427.8 k        171            
  15.065       455.6 k        170            
  16.712       493.8 k        169            
  26.268       675.5 k        168            
  61.310       1.2 M          167            
  75.281       1.5 M          166            
  137.636      2.3 M          165            
  179.724      2.9 M          164            
  1564.862     12.9 M         163            
  5721.318     36.5 M         162            
  6321.258     40.2 M         161            

             nb generated        333.1 M
              nb expanded        258.8 M
               nb trashed           0.0 
     avg branching factor           1.3 
                  nb eval          74.0 
                 nb guide        333.1 M
        time searched (s)      71999.039
      generated nodes / s          4.6 k
        solutions created           0.0 
