printing solutions in: ./dogs-color/insts/cgshop22/reecn39476.instance.json.solution.json
printing perfs in: ./dogs-color/insts/cgshop22/reecn39476.instance.json.perf.json

CGSHOP Instance: compute neighbors...
computing neighbors (0 / 39476)...
computing neighbors (1000 / 39476)...
computing neighbors (2000 / 39476)...
computing neighbors (3000 / 39476)...
computing neighbors (4000 / 39476)...
computing neighbors (5000 / 39476)...
computing neighbors (6000 / 39476)...
computing neighbors (7000 / 39476)...
computing neighbors (8000 / 39476)...
computing neighbors (9000 / 39476)...
computing neighbors (10000 / 39476)...
computing neighbors (11000 / 39476)...
computing neighbors (12000 / 39476)...
computing neighbors (13000 / 39476)...
computing neighbors (14000 / 39476)...
computing neighbors (15000 / 39476)...
computing neighbors (16000 / 39476)...
computing neighbors (17000 / 39476)...
computing neighbors (18000 / 39476)...
computing neighbors (19000 / 39476)...
computing neighbors (20000 / 39476)...
computing neighbors (21000 / 39476)...
computing neighbors (22000 / 39476)...
computing neighbors (23000 / 39476)...
computing neighbors (24000 / 39476)...
computing neighbors (25000 / 39476)...
computing neighbors (26000 / 39476)...
computing neighbors (27000 / 39476)...
computing neighbors (28000 / 39476)...
computing neighbors (29000 / 39476)...
computing neighbors (30000 / 39476)...
computing neighbors (31000 / 39476)...
computing neighbors (32000 / 39476)...
computing neighbors (33000 / 39476)...
computing neighbors (34000 / 39476)...
computing neighbors (35000 / 39476)...
computing neighbors (36000 / 39476)...
computing neighbors (37000 / 39476)...
computing neighbors (38000 / 39476)...
computing neighbors (39000 / 39476)...
55368      vertices
39476      segments
257        dominations
=======================
CGSHOP Instance: compute neighbors...
computing neighbors (0 / 39476)...
computing neighbors (1000 / 39476)...
computing neighbors (2000 / 39476)...
computing neighbors (3000 / 39476)...
computing neighbors (4000 / 39476)...
computing neighbors (5000 / 39476)...
computing neighbors (6000 / 39476)...
computing neighbors (7000 / 39476)...
computing neighbors (8000 / 39476)...
computing neighbors (9000 / 39476)...
computing neighbors (10000 / 39476)...
computing neighbors (11000 / 39476)...
computing neighbors (12000 / 39476)...
computing neighbors (13000 / 39476)...
computing neighbors (14000 / 39476)...
computing neighbors (15000 / 39476)...
computing neighbors (16000 / 39476)...
computing neighbors (17000 / 39476)...
computing neighbors (18000 / 39476)...
computing neighbors (19000 / 39476)...
computing neighbors (20000 / 39476)...
computing neighbors (21000 / 39476)...
computing neighbors (22000 / 39476)...
computing neighbors (23000 / 39476)...
computing neighbors (24000 / 39476)...
computing neighbors (25000 / 39476)...
computing neighbors (26000 / 39476)...
computing neighbors (27000 / 39476)...
computing neighbors (28000 / 39476)...
computing neighbors (29000 / 39476)...
computing neighbors (30000 / 39476)...
computing neighbors (31000 / 39476)...
computing neighbors (32000 / 39476)...
computing neighbors (33000 / 39476)...
computing neighbors (34000 / 39476)...
computing neighbors (35000 / 39476)...
computing neighbors (36000 / 39476)...
computing neighbors (37000 / 39476)...
computing neighbors (38000 / 39476)...
computing neighbors (39000 / 39476)...
colored 1000 / 39476...
colored 2000 / 39476...
colored 3000 / 39476...
colored 4000 / 39476...
colored 5000 / 39476...
colored 6000 / 39476...
colored 7000 / 39476...
colored 8000 / 39476...
colored 9000 / 39476...
colored 10000 / 39476...
colored 11000 / 39476...
colored 12000 / 39476...
colored 13000 / 39476...
colored 14000 / 39476...
colored 15000 / 39476...
colored 16000 / 39476...
colored 17000 / 39476...
colored 18000 / 39476...
colored 19000 / 39476...
colored 20000 / 39476...
colored 21000 / 39476...
colored 22000 / 39476...
colored 23000 / 39476...
colored 24000 / 39476...
colored 25000 / 39476...
colored 26000 / 39476...
colored 27000 / 39476...
colored 28000 / 39476...
colored 29000 / 39476...
colored 30000 / 39476...
colored 31000 / 39476...
colored 32000 / 39476...
colored 33000 / 39476...
colored 34000 / 39476...
colored 35000 / 39476...
colored 36000 / 39476...
colored 37000 / 39476...
colored 38000 / 39476...
colored 39000 / 39476...
greedy found 280 colors in 32.155 seconds
 time (s)      nb nodes       objective      
---------------------------------------------
  9.374                       280            
  9.508        657.0          279            
  9.752        1.6 k          278            
  9.988        2.9 k          277            
  10.535       5.8 k          276            
  11.643       11.8 k         275            
  14.285       23.4 k         274            
  18.674       41.3 k         273            
  20.131       62.6 k         272            
  21.322       91.6 k         271            
  25.213       107.9 k        270            
  28.011       134.7 k        269            
  36.650       179.9 k        268            
  38.407       220.8 k        267            
  40.125       252.7 k        266            
  45.584       302.2 k        265            
  49.240       344.3 k        264            
  51.905       373.4 k        263            
  60.131       411.1 k        262            
  72.182       468.7 k        261            
  80.127       530.6 k        260            
  91.629       601.3 k        259            
  168.765      832.8 k        258            
  259.849      1.1 M          257            
  513.983      1.7 M          256            
  565.970      1.8 M          255            
  677.037      2.0 M          254            
  832.060      2.3 M          253            
  2684.210     5.5 M          252            
  12965.929    19.2 M         251            
  35376.312    45.4 M         250            

             nb generated         86.0 M
              nb expanded         58.1 M
               nb trashed           0.0 
     avg branching factor           1.5 
                  nb eval          62.0 
                 nb guide         86.0 M
        time searched (s)      71990.625
      generated nodes / s          1.2 k
        solutions created           0.0 
