printing solutions in: ./dogs-color/insts/cgshop22/reecn36204.instance.json.solution.json
printing perfs in: ./dogs-color/insts/cgshop22/reecn36204.instance.json.perf.json

CGSHOP Instance: compute neighbors...
computing neighbors (0 / 36204)...
computing neighbors (1000 / 36204)...
computing neighbors (2000 / 36204)...
computing neighbors (3000 / 36204)...
computing neighbors (4000 / 36204)...
computing neighbors (5000 / 36204)...
computing neighbors (6000 / 36204)...
computing neighbors (7000 / 36204)...
computing neighbors (8000 / 36204)...
computing neighbors (9000 / 36204)...
computing neighbors (10000 / 36204)...
computing neighbors (11000 / 36204)...
computing neighbors (12000 / 36204)...
computing neighbors (13000 / 36204)...
computing neighbors (14000 / 36204)...
computing neighbors (15000 / 36204)...
computing neighbors (16000 / 36204)...
computing neighbors (17000 / 36204)...
computing neighbors (18000 / 36204)...
computing neighbors (19000 / 36204)...
computing neighbors (20000 / 36204)...
computing neighbors (21000 / 36204)...
computing neighbors (22000 / 36204)...
computing neighbors (23000 / 36204)...
computing neighbors (24000 / 36204)...
computing neighbors (25000 / 36204)...
computing neighbors (26000 / 36204)...
computing neighbors (27000 / 36204)...
computing neighbors (28000 / 36204)...
computing neighbors (29000 / 36204)...
computing neighbors (30000 / 36204)...
computing neighbors (31000 / 36204)...
computing neighbors (32000 / 36204)...
computing neighbors (33000 / 36204)...
computing neighbors (34000 / 36204)...
computing neighbors (35000 / 36204)...
computing neighbors (36000 / 36204)...
50806      vertices
36204      segments
355        dominations
=======================
CGSHOP Instance: compute neighbors...
computing neighbors (0 / 36204)...
computing neighbors (1000 / 36204)...
computing neighbors (2000 / 36204)...
computing neighbors (3000 / 36204)...
computing neighbors (4000 / 36204)...
computing neighbors (5000 / 36204)...
computing neighbors (6000 / 36204)...
computing neighbors (7000 / 36204)...
computing neighbors (8000 / 36204)...
computing neighbors (9000 / 36204)...
computing neighbors (10000 / 36204)...
computing neighbors (11000 / 36204)...
computing neighbors (12000 / 36204)...
computing neighbors (13000 / 36204)...
computing neighbors (14000 / 36204)...
computing neighbors (15000 / 36204)...
computing neighbors (16000 / 36204)...
computing neighbors (17000 / 36204)...
computing neighbors (18000 / 36204)...
computing neighbors (19000 / 36204)...
computing neighbors (20000 / 36204)...
computing neighbors (21000 / 36204)...
computing neighbors (22000 / 36204)...
computing neighbors (23000 / 36204)...
computing neighbors (24000 / 36204)...
computing neighbors (25000 / 36204)...
computing neighbors (26000 / 36204)...
computing neighbors (27000 / 36204)...
computing neighbors (28000 / 36204)...
computing neighbors (29000 / 36204)...
computing neighbors (30000 / 36204)...
computing neighbors (31000 / 36204)...
computing neighbors (32000 / 36204)...
computing neighbors (33000 / 36204)...
computing neighbors (34000 / 36204)...
computing neighbors (35000 / 36204)...
computing neighbors (36000 / 36204)...
colored 1000 / 36204...
colored 2000 / 36204...
colored 3000 / 36204...
colored 4000 / 36204...
colored 5000 / 36204...
colored 6000 / 36204...
colored 7000 / 36204...
colored 8000 / 36204...
colored 9000 / 36204...
colored 10000 / 36204...
colored 11000 / 36204...
colored 12000 / 36204...
colored 13000 / 36204...
colored 14000 / 36204...
colored 15000 / 36204...
colored 16000 / 36204...
colored 17000 / 36204...
colored 18000 / 36204...
colored 19000 / 36204...
colored 20000 / 36204...
colored 21000 / 36204...
colored 22000 / 36204...
colored 23000 / 36204...
colored 24000 / 36204...
colored 25000 / 36204...
colored 26000 / 36204...
colored 27000 / 36204...
colored 28000 / 36204...
colored 29000 / 36204...
colored 30000 / 36204...
colored 31000 / 36204...
colored 32000 / 36204...
colored 33000 / 36204...
colored 34000 / 36204...
colored 35000 / 36204...
colored 36000 / 36204...
greedy found 380 colors in 54.951 seconds
 time (s)      nb nodes       objective      
---------------------------------------------
  10.336                      380            
  10.695       74.0           379            
  10.800       189.0          378            
  11.129       1.6 k          377            
  12.139       4.6 k          376            
  13.030       7.2 k          375            
  14.432       13.1 k         374            
  16.370       23.0 k         373            
  18.423       29.9 k         372            
  22.596       44.3 k         371            
  23.816       56.7 k         370            
  25.712       84.6 k         369            
  27.663       100.4 k        368            
  28.713       108.9 k        367            
  29.934       124.4 k        366            
  31.838       144.1 k        365            
  33.404       159.1 k        364            
  34.997       184.5 k        363            
  36.440       200.3 k        362            
  37.925       220.0 k        361            
  40.556       243.1 k        360            
  43.329       262.1 k        359            
  47.706       290.2 k        358            
  50.592       321.9 k        357            
  53.299       341.8 k        356            
  56.542       368.4 k        355            
  59.109       388.9 k        354            
  62.818       417.0 k        353            
  65.479       432.1 k        352            
  70.048       474.0 k        351            
  73.822       501.6 k        350            
  81.604       537.9 k        349            
  91.578       602.0 k        348            
  94.437       630.8 k        347            
  103.490      694.1 k        346            
  117.715      750.6 k        345            
  123.367      787.7 k        344            
  129.930      828.6 k        343            
  140.657      888.3 k        342            
  148.540      935.1 k        341            
  164.204      999.7 k        340            
  172.754      1.1 M          339            
  187.421      1.1 M          338            
  196.347      1.2 M          337            
  209.480      1.2 M          336            
  228.929      1.3 M          335            
  246.637      1.4 M          334            
  296.488      1.5 M          333            
  324.459      1.6 M          332            
  360.746      1.7 M          331            
  403.375      1.9 M          330            
  449.645      2.0 M          329            
  506.375      2.2 M          328            
  575.622      2.3 M          327            
  610.073      2.4 M          326            
  817.100      2.9 M          325            
  854.504      3.0 M          324            
  937.637      3.2 M          323            
  1246.459     3.9 M          322            
  3107.691     7.0 M          321            
  3281.045     7.3 M          320            
  3387.407     7.5 M          319            
  3848.121     8.3 M          318            
  4313.474     9.0 M          317            
  16701.820    23.0 M         316            
  24872.539    31.2 M         315            
  25053.301    31.4 M         314            
  25312.652    31.7 M         313            

             nb generated         72.9 M
              nb expanded         37.0 M
               nb trashed           0.0 
     avg branching factor           2.0 
                  nb eval         136.0 
                 nb guide         72.9 M
        time searched (s)      71989.656
      generated nodes / s          1.0 k
        solutions created           0.0 
