printing solutions in: ./dogs-color/insts/cgshop22/rvisp11339.instance.json.solution.json
printing perfs in: ./dogs-color/insts/cgshop22/rvisp11339.instance.json.perf.json

CGSHOP Instance: compute neighbors...
computing neighbors (0 / 11339)...
computing neighbors (1000 / 11339)...
computing neighbors (2000 / 11339)...
computing neighbors (3000 / 11339)...
computing neighbors (4000 / 11339)...
computing neighbors (5000 / 11339)...
computing neighbors (6000 / 11339)...
computing neighbors (7000 / 11339)...
computing neighbors (8000 / 11339)...
computing neighbors (9000 / 11339)...
computing neighbors (10000 / 11339)...
computing neighbors (11000 / 11339)...
293        vertices
11339      segments
5428       dominations
=======================
CGSHOP Instance: compute neighbors...
computing neighbors (0 / 11339)...
computing neighbors (1000 / 11339)...
computing neighbors (2000 / 11339)...
computing neighbors (3000 / 11339)...
computing neighbors (4000 / 11339)...
computing neighbors (5000 / 11339)...
computing neighbors (6000 / 11339)...
computing neighbors (7000 / 11339)...
computing neighbors (8000 / 11339)...
computing neighbors (9000 / 11339)...
computing neighbors (10000 / 11339)...
computing neighbors (11000 / 11339)...
colored 1000 / 11339...
colored 2000 / 11339...
colored 3000 / 11339...
colored 4000 / 11339...
colored 5000 / 11339...
colored 6000 / 11339...
colored 7000 / 11339...
colored 8000 / 11339...
colored 9000 / 11339...
colored 10000 / 11339...
colored 11000 / 11339...
greedy found 94 colors in 1.656 seconds
 time (s)      nb nodes       objective      
---------------------------------------------
  0.625                       94             
  0.977        6.5 k          93             
  1.167        9.2 k          92             
  1.421        15.2 k         91             
  4.345        60.7 k         90             
  6.355        91.6 k         89             
  7.384        119.3 k        88             
  9.130        149.5 k        87             
  15.151       259.9 k        86             
  16.343       275.1 k        85             
  29.096       433.6 k        84             
  29.431       439.0 k        83             
  33.770       496.7 k        82             
  36.847       536.5 k        81             
  42.556       604.1 k        80             
  53.909       743.8 k        79             
  84.507       1.1 M          78             
  118.914      1.5 M          77             
  190.236      2.2 M          76             
  228.403      2.6 M          75             
  851.091      8.3 M          74             
  1113.857     10.7 M         73             

             nb generated        739.2 M
              nb expanded        538.0 M
               nb trashed           0.0 
     avg branching factor           1.4 
                  nb eval          44.0 
                 nb guide        739.2 M
        time searched (s)      71999.375
      generated nodes / s         10.3 k
        solutions created           0.0 
invalid solution (reason: ConflictingEdge(515, 2097))
