printing solutions in: ./dogs-color/insts/cgshop22/visp45466.instance.json.solution.json
printing perfs in: ./dogs-color/insts/cgshop22/visp45466.instance.json.perf.json

CGSHOP Instance: compute neighbors...
computing neighbors (0 / 45466)...
computing neighbors (1000 / 45466)...
computing neighbors (2000 / 45466)...
computing neighbors (3000 / 45466)...
computing neighbors (4000 / 45466)...
computing neighbors (5000 / 45466)...
computing neighbors (6000 / 45466)...
computing neighbors (7000 / 45466)...
computing neighbors (8000 / 45466)...
computing neighbors (9000 / 45466)...
computing neighbors (10000 / 45466)...
computing neighbors (11000 / 45466)...
computing neighbors (12000 / 45466)...
computing neighbors (13000 / 45466)...
computing neighbors (14000 / 45466)...
computing neighbors (15000 / 45466)...
computing neighbors (16000 / 45466)...
computing neighbors (17000 / 45466)...
computing neighbors (18000 / 45466)...
computing neighbors (19000 / 45466)...
computing neighbors (20000 / 45466)...
computing neighbors (21000 / 45466)...
computing neighbors (22000 / 45466)...
computing neighbors (23000 / 45466)...
computing neighbors (24000 / 45466)...
computing neighbors (25000 / 45466)...
computing neighbors (26000 / 45466)...
computing neighbors (27000 / 45466)...
computing neighbors (28000 / 45466)...
computing neighbors (29000 / 45466)...
computing neighbors (30000 / 45466)...
computing neighbors (31000 / 45466)...
computing neighbors (32000 / 45466)...
computing neighbors (33000 / 45466)...
computing neighbors (34000 / 45466)...
computing neighbors (35000 / 45466)...
computing neighbors (36000 / 45466)...
computing neighbors (37000 / 45466)...
computing neighbors (38000 / 45466)...
computing neighbors (39000 / 45466)...
computing neighbors (40000 / 45466)...
computing neighbors (41000 / 45466)...
computing neighbors (42000 / 45466)...
computing neighbors (43000 / 45466)...
computing neighbors (44000 / 45466)...
computing neighbors (45000 / 45466)...
1008       vertices
45466      segments
21854      dominations
=======================
CGSHOP Instance: compute neighbors...
computing neighbors (0 / 45466)...
computing neighbors (1000 / 45466)...
computing neighbors (2000 / 45466)...
computing neighbors (3000 / 45466)...
computing neighbors (4000 / 45466)...
computing neighbors (5000 / 45466)...
computing neighbors (6000 / 45466)...
computing neighbors (7000 / 45466)...
computing neighbors (8000 / 45466)...
computing neighbors (9000 / 45466)...
computing neighbors (10000 / 45466)...
computing neighbors (11000 / 45466)...
computing neighbors (12000 / 45466)...
computing neighbors (13000 / 45466)...
computing neighbors (14000 / 45466)...
computing neighbors (15000 / 45466)...
computing neighbors (16000 / 45466)...
computing neighbors (17000 / 45466)...
computing neighbors (18000 / 45466)...
computing neighbors (19000 / 45466)...
computing neighbors (20000 / 45466)...
computing neighbors (21000 / 45466)...
computing neighbors (22000 / 45466)...
computing neighbors (23000 / 45466)...
computing neighbors (24000 / 45466)...
computing neighbors (25000 / 45466)...
computing neighbors (26000 / 45466)...
computing neighbors (27000 / 45466)...
computing neighbors (28000 / 45466)...
computing neighbors (29000 / 45466)...
computing neighbors (30000 / 45466)...
computing neighbors (31000 / 45466)...
computing neighbors (32000 / 45466)...
computing neighbors (33000 / 45466)...
computing neighbors (34000 / 45466)...
computing neighbors (35000 / 45466)...
computing neighbors (36000 / 45466)...
computing neighbors (37000 / 45466)...
computing neighbors (38000 / 45466)...
computing neighbors (39000 / 45466)...
computing neighbors (40000 / 45466)...
computing neighbors (41000 / 45466)...
computing neighbors (42000 / 45466)...
computing neighbors (43000 / 45466)...
computing neighbors (44000 / 45466)...
computing neighbors (45000 / 45466)...
colored 1000 / 45466...
colored 2000 / 45466...
colored 3000 / 45466...
colored 4000 / 45466...
colored 5000 / 45466...
colored 6000 / 45466...
colored 7000 / 45466...
colored 8000 / 45466...
colored 9000 / 45466...
colored 10000 / 45466...
colored 11000 / 45466...
colored 12000 / 45466...
colored 13000 / 45466...
colored 14000 / 45466...
colored 15000 / 45466...
colored 16000 / 45466...
colored 17000 / 45466...
colored 18000 / 45466...
colored 19000 / 45466...
colored 20000 / 45466...
colored 21000 / 45466...
colored 22000 / 45466...
colored 23000 / 45466...
colored 24000 / 45466...
colored 25000 / 45466...
colored 26000 / 45466...
colored 27000 / 45466...
colored 28000 / 45466...
colored 29000 / 45466...
colored 30000 / 45466...
colored 31000 / 45466...
colored 32000 / 45466...
colored 33000 / 45466...
colored 34000 / 45466...
colored 35000 / 45466...
colored 36000 / 45466...
colored 37000 / 45466...
colored 38000 / 45466...
colored 39000 / 45466...
colored 40000 / 45466...
colored 41000 / 45466...
colored 42000 / 45466...
colored 43000 / 45466...
colored 44000 / 45466...
colored 45000 / 45466...
greedy found 134 colors in 21.224 seconds
 time (s)      nb nodes       objective      
---------------------------------------------
  6.750                       134            
  7.189        2.0 k          133            
  7.319        2.7 k          132            
  12.173       25.4 k         131            
  22.580       65.0 k         130            
  29.995       87.6 k         129            
  32.518       98.4 k         128            
  34.109       106.8 k        127            
  50.508       169.0 k        126            
  54.334       182.7 k        125            
  66.238       223.9 k        124            
  78.180       271.3 k        123            
  96.052       336.4 k        122            
  110.344      383.9 k        121            
  124.469      443.3 k        120            
  145.297      533.4 k        119            
  361.735      1.4 M          118            
  626.468      2.1 M          117            
  640.870      2.2 M          116            
  741.574      2.5 M          115            
  1163.174     3.7 M          114            
  1215.019     3.9 M          113            
  1383.180     4.4 M          112            
  2059.516     6.6 M          111            
  7864.147     23.0 M         110            
  11805.183    33.9 M         109            

             nb generated        218.8 M
              nb expanded        131.6 M
               nb trashed           0.0 
     avg branching factor           1.7 
                  nb eval          52.0 
                 nb guide        218.8 M
        time searched (s)      71993.250
      generated nodes / s          3.0 k
        solutions created           0.0 
