printing solutions in: ./dogs-color/insts/cgshop22/vispecn45672.instance.json.solution.json
printing perfs in: ./dogs-color/insts/cgshop22/vispecn45672.instance.json.perf.json

CGSHOP Instance: compute neighbors...
computing neighbors (0 / 45672)...
computing neighbors (1000 / 45672)...
computing neighbors (2000 / 45672)...
computing neighbors (3000 / 45672)...
computing neighbors (4000 / 45672)...
computing neighbors (5000 / 45672)...
computing neighbors (6000 / 45672)...
computing neighbors (7000 / 45672)...
computing neighbors (8000 / 45672)...
computing neighbors (9000 / 45672)...
computing neighbors (10000 / 45672)...
computing neighbors (11000 / 45672)...
computing neighbors (12000 / 45672)...
computing neighbors (13000 / 45672)...
computing neighbors (14000 / 45672)...
computing neighbors (15000 / 45672)...
computing neighbors (16000 / 45672)...
computing neighbors (17000 / 45672)...
computing neighbors (18000 / 45672)...
computing neighbors (19000 / 45672)...
computing neighbors (20000 / 45672)...
computing neighbors (21000 / 45672)...
computing neighbors (22000 / 45672)...
computing neighbors (23000 / 45672)...
computing neighbors (24000 / 45672)...
computing neighbors (25000 / 45672)...
computing neighbors (26000 / 45672)...
computing neighbors (27000 / 45672)...
computing neighbors (28000 / 45672)...
computing neighbors (29000 / 45672)...
computing neighbors (30000 / 45672)...
computing neighbors (31000 / 45672)...
computing neighbors (32000 / 45672)...
computing neighbors (33000 / 45672)...
computing neighbors (34000 / 45672)...
computing neighbors (35000 / 45672)...
computing neighbors (36000 / 45672)...
computing neighbors (37000 / 45672)...
computing neighbors (38000 / 45672)...
computing neighbors (39000 / 45672)...
computing neighbors (40000 / 45672)...
computing neighbors (41000 / 45672)...
computing neighbors (42000 / 45672)...
computing neighbors (43000 / 45672)...
computing neighbors (44000 / 45672)...
computing neighbors (45000 / 45672)...
64056      vertices
45672      segments
310        dominations
=======================
CGSHOP Instance: compute neighbors...
computing neighbors (0 / 45672)...
computing neighbors (1000 / 45672)...
computing neighbors (2000 / 45672)...
computing neighbors (3000 / 45672)...
computing neighbors (4000 / 45672)...
computing neighbors (5000 / 45672)...
computing neighbors (6000 / 45672)...
computing neighbors (7000 / 45672)...
computing neighbors (8000 / 45672)...
computing neighbors (9000 / 45672)...
computing neighbors (10000 / 45672)...
computing neighbors (11000 / 45672)...
computing neighbors (12000 / 45672)...
computing neighbors (13000 / 45672)...
computing neighbors (14000 / 45672)...
computing neighbors (15000 / 45672)...
computing neighbors (16000 / 45672)...
computing neighbors (17000 / 45672)...
computing neighbors (18000 / 45672)...
computing neighbors (19000 / 45672)...
computing neighbors (20000 / 45672)...
computing neighbors (21000 / 45672)...
computing neighbors (22000 / 45672)...
computing neighbors (23000 / 45672)...
computing neighbors (24000 / 45672)...
computing neighbors (25000 / 45672)...
computing neighbors (26000 / 45672)...
computing neighbors (27000 / 45672)...
computing neighbors (28000 / 45672)...
computing neighbors (29000 / 45672)...
computing neighbors (30000 / 45672)...
computing neighbors (31000 / 45672)...
computing neighbors (32000 / 45672)...
computing neighbors (33000 / 45672)...
computing neighbors (34000 / 45672)...
computing neighbors (35000 / 45672)...
computing neighbors (36000 / 45672)...
computing neighbors (37000 / 45672)...
computing neighbors (38000 / 45672)...
computing neighbors (39000 / 45672)...
computing neighbors (40000 / 45672)...
computing neighbors (41000 / 45672)...
computing neighbors (42000 / 45672)...
computing neighbors (43000 / 45672)...
computing neighbors (44000 / 45672)...
computing neighbors (45000 / 45672)...
colored 1000 / 45672...
colored 2000 / 45672...
colored 3000 / 45672...
colored 4000 / 45672...
colored 5000 / 45672...
colored 6000 / 45672...
colored 7000 / 45672...
colored 8000 / 45672...
colored 9000 / 45672...
colored 10000 / 45672...
colored 11000 / 45672...
colored 12000 / 45672...
colored 13000 / 45672...
colored 14000 / 45672...
colored 15000 / 45672...
colored 16000 / 45672...
colored 17000 / 45672...
colored 18000 / 45672...
colored 19000 / 45672...
colored 20000 / 45672...
colored 21000 / 45672...
colored 22000 / 45672...
colored 23000 / 45672...
colored 24000 / 45672...
colored 25000 / 45672...
colored 26000 / 45672...
colored 27000 / 45672...
colored 28000 / 45672...
colored 29000 / 45672...
colored 30000 / 45672...
colored 31000 / 45672...
colored 32000 / 45672...
colored 33000 / 45672...
colored 34000 / 45672...
colored 35000 / 45672...
colored 36000 / 45672...
colored 37000 / 45672...
colored 38000 / 45672...
colored 39000 / 45672...
colored 40000 / 45672...
colored 41000 / 45672...
colored 42000 / 45672...
colored 43000 / 45672...
colored 44000 / 45672...
colored 45000 / 45672...
greedy found 344 colors in 39.128 seconds
 time (s)      nb nodes       objective      
---------------------------------------------
  9.260                       344            
  9.500        18.0           343            
  9.640        98.0           342            
  9.771        115.0          341            
  9.789        209.0          340            
  9.811        211.0          339            
  9.858        457.0          338            
  9.887        570.0          337            
  9.959        1.1 k          336            
  9.993        1.5 k          335            
  10.020       1.7 k          334            
  10.079       2.0 k          333            
  10.115       2.2 k          332            
  10.179       3.0 k          331            
  10.227       3.6 k          330            
  10.271       4.1 k          329            
  10.363       5.1 k          328            
  10.562       7.2 k          327            
  10.805       11.0 k         326            
  10.880       11.7 k         325            
  11.028       13.4 k         324            
  11.170       15.6 k         323            
  11.568       19.3 k         322            
  11.656       20.2 k         321            
  12.075       25.5 k         320            
  12.307       28.7 k         319            
  12.611       33.3 k         318            
  12.977       39.5 k         317            
  13.161       42.0 k         316            
  13.416       44.3 k         315            
  13.805       50.1 k         314            
  14.538       57.3 k         313            
  15.382       65.1 k         312            
  16.107       75.2 k         311            
  17.063       85.2 k         310            
  17.542       91.2 k         309            
  18.933       106.7 k        308            
  20.178       117.9 k        307            
  20.963       128.6 k        306            
  22.462       147.7 k        305            
  23.729       159.3 k        304            
  25.244       178.4 k        303            
  27.322       197.5 k        302            
  28.240       209.9 k        301            
  29.610       225.9 k        300            
  30.447       233.9 k        299            
  31.851       248.3 k        298            
  34.797       275.2 k        297            
  37.707       298.4 k        296            
  40.378       319.7 k        295            
  41.956       334.0 k        294            
  43.369       350.1 k        293            
  44.375       365.7 k        292            
  45.618       381.9 k        291            
  49.526       421.9 k        290            
  50.408       434.0 k        289            
  51.649       446.8 k        288            
  54.672       478.4 k        287            
  61.416       542.2 k        286            
  70.526       616.6 k        285            
  73.552       642.3 k        284            
  78.019       675.5 k        283            
  80.029       687.7 k        282            
  82.756       711.4 k        281            
  89.419       772.7 k        280            
  98.083       841.9 k        279            
  103.118      879.5 k        278            
  117.036      996.9 k        277            
  122.896      1.1 M          276            
  131.473      1.1 M          275            
  142.450      1.2 M          274            
  145.253      1.3 M          273            
  149.084      1.3 M          272            
  154.477      1.4 M          271            
  161.122      1.4 M          270            
  164.470      1.4 M          269            
  167.624      1.5 M          268            
  174.484      1.5 M          267            
  192.929      1.6 M          266            
  203.420      1.7 M          265            
  214.716      1.8 M          264            
  227.594      1.9 M          263            
  264.545      2.2 M          262            
  272.592      2.2 M          261            
  297.397      2.4 M          260            
  307.250      2.5 M          259            
  353.247      2.8 M          258            
  372.017      2.9 M          257            
  389.687      3.0 M          256            
  496.042      3.5 M          255            
  529.672      3.7 M          254            
  555.717      3.9 M          253            
  583.092      4.0 M          252            
  601.792      4.2 M          251            
  651.397      4.5 M          250            
  808.064      5.2 M          249            
  811.260      5.2 M          248            
  876.136      5.6 M          247            
  969.492      6.1 M          246            
  1082.534     6.6 M          245            
  1168.599     7.1 M          244            
  1264.729     7.5 M          243            
  1661.990     9.4 M          242            
  1735.898     9.8 M          241            
  2100.444     11.4 M         240            
  2179.223     11.7 M         239            
  2700.081     13.9 M         238            
  5906.464     24.1 M         237            
  6062.617     24.6 M         236            
  7595.867     29.4 M         235            
  9042.928     33.9 M         234            
  14464.315    49.8 M         233            
  64437.691    168.1 M        232            
  65333.453    170.4 M        231            

             nb generated        187.2 M
              nb expanded         90.3 M
               nb trashed           0.0 
     avg branching factor           2.1 
                  nb eval         228.0 
                 nb guide        187.2 M
        time searched (s)      71990.734
      generated nodes / s          2.6 k
        solutions created           0.0 
