printing solutions in: ./dogs-color/insts/cgshop22/reecn71622.instance.json.solution.json
printing perfs in: ./dogs-color/insts/cgshop22/reecn71622.instance.json.perf.json

CGSHOP Instance: compute neighbors...
computing neighbors (0 / 71622)...
computing neighbors (1000 / 71622)...
computing neighbors (2000 / 71622)...
computing neighbors (3000 / 71622)...
computing neighbors (4000 / 71622)...
computing neighbors (5000 / 71622)...
computing neighbors (6000 / 71622)...
computing neighbors (7000 / 71622)...
computing neighbors (8000 / 71622)...
computing neighbors (9000 / 71622)...
computing neighbors (10000 / 71622)...
computing neighbors (11000 / 71622)...
computing neighbors (12000 / 71622)...
computing neighbors (13000 / 71622)...
computing neighbors (14000 / 71622)...
computing neighbors (15000 / 71622)...
computing neighbors (16000 / 71622)...
computing neighbors (17000 / 71622)...
computing neighbors (18000 / 71622)...
computing neighbors (19000 / 71622)...
computing neighbors (20000 / 71622)...
computing neighbors (21000 / 71622)...
computing neighbors (22000 / 71622)...
computing neighbors (23000 / 71622)...
computing neighbors (24000 / 71622)...
computing neighbors (25000 / 71622)...
computing neighbors (26000 / 71622)...
computing neighbors (27000 / 71622)...
computing neighbors (28000 / 71622)...
computing neighbors (29000 / 71622)...
computing neighbors (30000 / 71622)...
computing neighbors (31000 / 71622)...
computing neighbors (32000 / 71622)...
computing neighbors (33000 / 71622)...
computing neighbors (34000 / 71622)...
computing neighbors (35000 / 71622)...
computing neighbors (36000 / 71622)...
computing neighbors (37000 / 71622)...
computing neighbors (38000 / 71622)...
computing neighbors (39000 / 71622)...
computing neighbors (40000 / 71622)...
computing neighbors (41000 / 71622)...
computing neighbors (42000 / 71622)...
computing neighbors (43000 / 71622)...
computing neighbors (44000 / 71622)...
computing neighbors (45000 / 71622)...
computing neighbors (46000 / 71622)...
computing neighbors (47000 / 71622)...
computing neighbors (48000 / 71622)...
computing neighbors (49000 / 71622)...
computing neighbors (50000 / 71622)...
computing neighbors (51000 / 71622)...
computing neighbors (52000 / 71622)...
computing neighbors (53000 / 71622)...
computing neighbors (54000 / 71622)...
computing neighbors (55000 / 71622)...
computing neighbors (56000 / 71622)...
computing neighbors (57000 / 71622)...
computing neighbors (58000 / 71622)...
computing neighbors (59000 / 71622)...
computing neighbors (60000 / 71622)...
computing neighbors (61000 / 71622)...
computing neighbors (62000 / 71622)...
computing neighbors (63000 / 71622)...
computing neighbors (64000 / 71622)...
computing neighbors (65000 / 71622)...
computing neighbors (66000 / 71622)...
computing neighbors (67000 / 71622)...
computing neighbors (68000 / 71622)...
computing neighbors (69000 / 71622)...
computing neighbors (70000 / 71622)...
computing neighbors (71000 / 71622)...
100510     vertices
71622      segments
354        dominations
=======================
CGSHOP Instance: compute neighbors...
computing neighbors (0 / 71622)...
computing neighbors (1000 / 71622)...
computing neighbors (2000 / 71622)...
computing neighbors (3000 / 71622)...
computing neighbors (4000 / 71622)...
computing neighbors (5000 / 71622)...
computing neighbors (6000 / 71622)...
computing neighbors (7000 / 71622)...
computing neighbors (8000 / 71622)...
computing neighbors (9000 / 71622)...
computing neighbors (10000 / 71622)...
computing neighbors (11000 / 71622)...
computing neighbors (12000 / 71622)...
computing neighbors (13000 / 71622)...
computing neighbors (14000 / 71622)...
computing neighbors (15000 / 71622)...
computing neighbors (16000 / 71622)...
computing neighbors (17000 / 71622)...
computing neighbors (18000 / 71622)...
computing neighbors (19000 / 71622)...
computing neighbors (20000 / 71622)...
computing neighbors (21000 / 71622)...
computing neighbors (22000 / 71622)...
computing neighbors (23000 / 71622)...
computing neighbors (24000 / 71622)...
computing neighbors (25000 / 71622)...
computing neighbors (26000 / 71622)...
computing neighbors (27000 / 71622)...
computing neighbors (28000 / 71622)...
computing neighbors (29000 / 71622)...
computing neighbors (30000 / 71622)...
computing neighbors (31000 / 71622)...
computing neighbors (32000 / 71622)...
computing neighbors (33000 / 71622)...
computing neighbors (34000 / 71622)...
computing neighbors (35000 / 71622)...
computing neighbors (36000 / 71622)...
computing neighbors (37000 / 71622)...
computing neighbors (38000 / 71622)...
computing neighbors (39000 / 71622)...
computing neighbors (40000 / 71622)...
computing neighbors (41000 / 71622)...
computing neighbors (42000 / 71622)...
computing neighbors (43000 / 71622)...
computing neighbors (44000 / 71622)...
computing neighbors (45000 / 71622)...
computing neighbors (46000 / 71622)...
computing neighbors (47000 / 71622)...
computing neighbors (48000 / 71622)...
computing neighbors (49000 / 71622)...
computing neighbors (50000 / 71622)...
computing neighbors (51000 / 71622)...
computing neighbors (52000 / 71622)...
computing neighbors (53000 / 71622)...
computing neighbors (54000 / 71622)...
computing neighbors (55000 / 71622)...
computing neighbors (56000 / 71622)...
computing neighbors (57000 / 71622)...
computing neighbors (58000 / 71622)...
computing neighbors (59000 / 71622)...
computing neighbors (60000 / 71622)...
computing neighbors (61000 / 71622)...
computing neighbors (62000 / 71622)...
computing neighbors (63000 / 71622)...
computing neighbors (64000 / 71622)...
computing neighbors (65000 / 71622)...
computing neighbors (66000 / 71622)...
computing neighbors (67000 / 71622)...
computing neighbors (68000 / 71622)...
computing neighbors (69000 / 71622)...
computing neighbors (70000 / 71622)...
computing neighbors (71000 / 71622)...
colored 1000 / 71622...
colored 2000 / 71622...
colored 3000 / 71622...
colored 4000 / 71622...
colored 5000 / 71622...
colored 6000 / 71622...
colored 7000 / 71622...
colored 8000 / 71622...
colored 9000 / 71622...
colored 10000 / 71622...
colored 11000 / 71622...
colored 12000 / 71622...
colored 13000 / 71622...
colored 14000 / 71622...
colored 15000 / 71622...
colored 16000 / 71622...
colored 17000 / 71622...
colored 18000 / 71622...
colored 19000 / 71622...
colored 20000 / 71622...
colored 21000 / 71622...
colored 22000 / 71622...
colored 23000 / 71622...
colored 24000 / 71622...
colored 25000 / 71622...
colored 26000 / 71622...
colored 27000 / 71622...
colored 28000 / 71622...
colored 29000 / 71622...
colored 30000 / 71622...
colored 31000 / 71622...
colored 32000 / 71622...
colored 33000 / 71622...
colored 34000 / 71622...
colored 35000 / 71622...
colored 36000 / 71622...
colored 37000 / 71622...
colored 38000 / 71622...
colored 39000 / 71622...
colored 40000 / 71622...
colored 41000 / 71622...
colored 42000 / 71622...
colored 43000 / 71622...
colored 44000 / 71622...
colored 45000 / 71622...
colored 46000 / 71622...
colored 47000 / 71622...
colored 48000 / 71622...
colored 49000 / 71622...
colored 50000 / 71622...
colored 51000 / 71622...
colored 52000 / 71622...
colored 53000 / 71622...
colored 54000 / 71622...
colored 55000 / 71622...
colored 56000 / 71622...
colored 57000 / 71622...
colored 58000 / 71622...
colored 59000 / 71622...
colored 60000 / 71622...
colored 61000 / 71622...
colored 62000 / 71622...
colored 63000 / 71622...
colored 64000 / 71622...
colored 65000 / 71622...
colored 66000 / 71622...
colored 67000 / 71622...
colored 68000 / 71622...
colored 69000 / 71622...
colored 70000 / 71622...
colored 71000 / 71622...
greedy found 381 colors in 216.962 seconds
 time (s)      nb nodes       objective      
---------------------------------------------
  32.187                      381            
  32.291       88.0           380            
  32.432       193.0          379            
  35.278       3.7 k          378            
  42.506       15.3 k         377            
  50.568       30.2 k         376            
  68.297       56.1 k         375            
  79.687       85.1 k         374            
  96.169       165.4 k        373            
  101.312      201.3 k        372            
  107.916      238.7 k        371            
  116.271      294.8 k        370            
  128.776      354.0 k        369            
  142.444      428.1 k        368            
  156.158      479.3 k        367            
  164.640      527.8 k        366            
  180.771      590.1 k        365            
  207.744      647.1 k        364            
  216.711      699.2 k        363            
  316.401      824.0 k        362            
  338.284      903.9 k        361            
  367.914      982.9 k        360            
  429.020      1.1 M          359            
  506.993      1.2 M          358            
  570.016      1.3 M          357            
  644.116      1.4 M          356            
  822.960      1.6 M          355            
  1009.768     1.8 M          354            
  1100.832     1.9 M          353            
  1239.598     2.1 M          352            
  1433.122     2.3 M          351            
  1799.980     2.6 M          350            
  2278.568     3.0 M          349            
  5085.263     5.0 M          348            
  6235.402     5.8 M          347            
  9290.262     7.9 M          346            

             nb generated         42.4 M
              nb expanded         24.6 M
               nb trashed           0.0 
     avg branching factor           1.7 
                  nb eval          72.0 
                 nb guide         42.4 M
        time searched (s)      71967.812
      generated nodes / s         589.2 
        solutions created           0.0 
