printing solutions in: ./dogs-color/insts/cgshop22/reecn16388.instance.json.solution.json
printing perfs in: ./dogs-color/insts/cgshop22/reecn16388.instance.json.perf.json

CGSHOP Instance: compute neighbors...
computing neighbors (0 / 16388)...
computing neighbors (1000 / 16388)...
computing neighbors (2000 / 16388)...
computing neighbors (3000 / 16388)...
computing neighbors (4000 / 16388)...
computing neighbors (5000 / 16388)...
computing neighbors (6000 / 16388)...
computing neighbors (7000 / 16388)...
computing neighbors (8000 / 16388)...
computing neighbors (9000 / 16388)...
computing neighbors (10000 / 16388)...
computing neighbors (11000 / 16388)...
computing neighbors (12000 / 16388)...
computing neighbors (13000 / 16388)...
computing neighbors (14000 / 16388)...
computing neighbors (15000 / 16388)...
computing neighbors (16000 / 16388)...
22848      vertices
16388      segments
191        dominations
=======================
CGSHOP Instance: compute neighbors...
computing neighbors (0 / 16388)...
computing neighbors (1000 / 16388)...
computing neighbors (2000 / 16388)...
computing neighbors (3000 / 16388)...
computing neighbors (4000 / 16388)...
computing neighbors (5000 / 16388)...
computing neighbors (6000 / 16388)...
computing neighbors (7000 / 16388)...
computing neighbors (8000 / 16388)...
computing neighbors (9000 / 16388)...
computing neighbors (10000 / 16388)...
computing neighbors (11000 / 16388)...
computing neighbors (12000 / 16388)...
computing neighbors (13000 / 16388)...
computing neighbors (14000 / 16388)...
computing neighbors (15000 / 16388)...
computing neighbors (16000 / 16388)...
colored 1000 / 16388...
colored 2000 / 16388...
colored 3000 / 16388...
colored 4000 / 16388...
colored 5000 / 16388...
colored 6000 / 16388...
colored 7000 / 16388...
colored 8000 / 16388...
colored 9000 / 16388...
colored 10000 / 16388...
colored 11000 / 16388...
colored 12000 / 16388...
colored 13000 / 16388...
colored 14000 / 16388...
colored 15000 / 16388...
colored 16000 / 16388...
greedy found 173 colors in 4.573 seconds
 time (s)      nb nodes       objective      
---------------------------------------------
  1.645                       173            
  1.653        28.0           172            
  1.669        173.0          171            
  1.735        998.0          170            
  1.775        1.5 k          169            
  1.974        4.5 k          168            
  2.402        15.2 k         167            
  2.637        25.8 k         166            
  3.000        44.6 k         165            
  3.417        60.7 k         164            
  3.818        72.2 k         163            
  4.297        90.0 k         162            
  5.328        117.1 k        161            
  6.786        141.4 k        160            
  7.747        169.5 k        159            
  9.211        207.3 k        158            
  12.789       259.1 k        157            
  19.362       344.9 k        156            
  27.994       452.4 k        155            
  58.147       789.7 k        154            
  1726.161     10.2 M         153            

             nb generated        285.8 M
              nb expanded        230.6 M
               nb trashed           0.0 
     avg branching factor           1.2 
                  nb eval          42.0 
                 nb guide        285.8 M
        time searched (s)      71998.352
      generated nodes / s          4.0 k
        solutions created           0.0 
