printing solutions in: ./dogs-color/insts/cgshop22/reecn44299.instance.json.solution.json
printing perfs in: ./dogs-color/insts/cgshop22/reecn44299.instance.json.perf.json

CGSHOP Instance: compute neighbors...
computing neighbors (0 / 44299)...
computing neighbors (1000 / 44299)...
computing neighbors (2000 / 44299)...
computing neighbors (3000 / 44299)...
computing neighbors (4000 / 44299)...
computing neighbors (5000 / 44299)...
computing neighbors (6000 / 44299)...
computing neighbors (7000 / 44299)...
computing neighbors (8000 / 44299)...
computing neighbors (9000 / 44299)...
computing neighbors (10000 / 44299)...
computing neighbors (11000 / 44299)...
computing neighbors (12000 / 44299)...
computing neighbors (13000 / 44299)...
computing neighbors (14000 / 44299)...
computing neighbors (15000 / 44299)...
computing neighbors (16000 / 44299)...
computing neighbors (17000 / 44299)...
computing neighbors (18000 / 44299)...
computing neighbors (19000 / 44299)...
computing neighbors (20000 / 44299)...
computing neighbors (21000 / 44299)...
computing neighbors (22000 / 44299)...
computing neighbors (23000 / 44299)...
computing neighbors (24000 / 44299)...
computing neighbors (25000 / 44299)...
computing neighbors (26000 / 44299)...
computing neighbors (27000 / 44299)...
computing neighbors (28000 / 44299)...
computing neighbors (29000 / 44299)...
computing neighbors (30000 / 44299)...
computing neighbors (31000 / 44299)...
computing neighbors (32000 / 44299)...
computing neighbors (33000 / 44299)...
computing neighbors (34000 / 44299)...
computing neighbors (35000 / 44299)...
computing neighbors (36000 / 44299)...
computing neighbors (37000 / 44299)...
computing neighbors (38000 / 44299)...
computing neighbors (39000 / 44299)...
computing neighbors (40000 / 44299)...
computing neighbors (41000 / 44299)...
computing neighbors (42000 / 44299)...
computing neighbors (43000 / 44299)...
computing neighbors (44000 / 44299)...
62040      vertices
44299      segments
376        dominations
=======================
CGSHOP Instance: compute neighbors...
computing neighbors (0 / 44299)...
computing neighbors (1000 / 44299)...
computing neighbors (2000 / 44299)...
computing neighbors (3000 / 44299)...
computing neighbors (4000 / 44299)...
computing neighbors (5000 / 44299)...
computing neighbors (6000 / 44299)...
computing neighbors (7000 / 44299)...
computing neighbors (8000 / 44299)...
computing neighbors (9000 / 44299)...
computing neighbors (10000 / 44299)...
computing neighbors (11000 / 44299)...
computing neighbors (12000 / 44299)...
computing neighbors (13000 / 44299)...
computing neighbors (14000 / 44299)...
computing neighbors (15000 / 44299)...
computing neighbors (16000 / 44299)...
computing neighbors (17000 / 44299)...
computing neighbors (18000 / 44299)...
computing neighbors (19000 / 44299)...
computing neighbors (20000 / 44299)...
computing neighbors (21000 / 44299)...
computing neighbors (22000 / 44299)...
computing neighbors (23000 / 44299)...
computing neighbors (24000 / 44299)...
computing neighbors (25000 / 44299)...
computing neighbors (26000 / 44299)...
computing neighbors (27000 / 44299)...
computing neighbors (28000 / 44299)...
computing neighbors (29000 / 44299)...
computing neighbors (30000 / 44299)...
computing neighbors (31000 / 44299)...
computing neighbors (32000 / 44299)...
computing neighbors (33000 / 44299)...
computing neighbors (34000 / 44299)...
computing neighbors (35000 / 44299)...
computing neighbors (36000 / 44299)...
computing neighbors (37000 / 44299)...
computing neighbors (38000 / 44299)...
computing neighbors (39000 / 44299)...
computing neighbors (40000 / 44299)...
computing neighbors (41000 / 44299)...
computing neighbors (42000 / 44299)...
computing neighbors (43000 / 44299)...
computing neighbors (44000 / 44299)...
colored 1000 / 44299...
colored 2000 / 44299...
colored 3000 / 44299...
colored 4000 / 44299...
colored 5000 / 44299...
colored 6000 / 44299...
colored 7000 / 44299...
colored 8000 / 44299...
colored 9000 / 44299...
colored 10000 / 44299...
colored 11000 / 44299...
colored 12000 / 44299...
colored 13000 / 44299...
colored 14000 / 44299...
colored 15000 / 44299...
colored 16000 / 44299...
colored 17000 / 44299...
colored 18000 / 44299...
colored 19000 / 44299...
colored 20000 / 44299...
colored 21000 / 44299...
colored 22000 / 44299...
colored 23000 / 44299...
colored 24000 / 44299...
colored 25000 / 44299...
colored 26000 / 44299...
colored 27000 / 44299...
colored 28000 / 44299...
colored 29000 / 44299...
colored 30000 / 44299...
colored 31000 / 44299...
colored 32000 / 44299...
colored 33000 / 44299...
colored 34000 / 44299...
colored 35000 / 44299...
colored 36000 / 44299...
colored 37000 / 44299...
colored 38000 / 44299...
colored 39000 / 44299...
colored 40000 / 44299...
colored 41000 / 44299...
colored 42000 / 44299...
colored 43000 / 44299...
colored 44000 / 44299...
greedy found 398 colors in 83.584 seconds
 time (s)      nb nodes       objective      
---------------------------------------------
  15.237                      398            
  15.273       9.0            397            
  15.414       279.0          396            
  15.494       382.0          395            
  15.649       503.0          394            
  16.017       1.3 k          393            
  16.942       4.0 k          392            
  17.849       7.7 k          391            
  19.321       13.6 k         390            
  25.709       37.2 k         389            
  26.583       46.6 k         388            
  28.857       76.8 k         387            
  30.634       94.3 k         386            
  32.592       116.9 k        385            
  34.081       134.9 k        384            
  36.161       153.2 k        383            
  39.786       190.9 k        382            
  42.826       217.7 k        381            
  46.602       252.0 k        380            
  49.815       270.3 k        379            
  52.965       290.9 k        378            
  55.945       328.2 k        377            
  67.496       369.4 k        376            
  71.069       401.1 k        375            
  75.598       437.0 k        374            
  79.589       460.5 k        373            
  84.835       504.6 k        372            
  89.913       544.1 k        371            
  94.615       580.8 k        370            
  102.354      623.5 k        369            
  105.283      660.5 k        368            
  117.829      704.3 k        367            
  123.299      743.6 k        366            
  127.904      779.3 k        365            
  152.546      849.1 k        364            
  158.724      885.5 k        363            
  170.848      953.5 k        362            
  177.678      1.0 M          361            
  188.180      1.1 M          360            
  198.621      1.1 M          359            
  217.914      1.2 M          358            
  225.121      1.2 M          357            
  272.524      1.4 M          356            
  288.598      1.4 M          355            
  311.846      1.5 M          354            
  316.812      1.6 M          353            
  335.874      1.6 M          352            
  352.747      1.7 M          351            
  379.419      1.8 M          350            
  404.843      1.9 M          349            
  449.310      2.0 M          348            
  497.947      2.2 M          347            
  552.577      2.3 M          346            
  718.031      2.6 M          345            
  806.630      2.8 M          344            
  980.517      3.2 M          343            
  1380.005     3.9 M          342            
  1526.880     4.2 M          341            
  1788.254     4.6 M          340            
  2373.248     5.6 M          339            
  2727.079     6.1 M          338            
  7555.549     11.8 M         337            
  7661.948     12.0 M         336            
  8857.960     13.4 M         335            
  9112.680     13.7 M         334            
  39686.809    41.3 M         333            
  40172.418    41.7 M         332            

             nb generated         67.8 M
              nb expanded         33.9 M
               nb trashed           0.0 
     avg branching factor           2.0 
                  nb eval         134.0 
                 nb guide         67.8 M
        time searched (s)      71984.758
      generated nodes / s         941.3 
        solutions created           0.0 
