printing solutions in: ./dogs-color/insts/cgshop22/reecn58325.instance.json.solution.json
printing perfs in: ./dogs-color/insts/cgshop22/reecn58325.instance.json.perf.json

CGSHOP Instance: compute neighbors...
computing neighbors (0 / 58325)...
computing neighbors (1000 / 58325)...
computing neighbors (2000 / 58325)...
computing neighbors (3000 / 58325)...
computing neighbors (4000 / 58325)...
computing neighbors (5000 / 58325)...
computing neighbors (6000 / 58325)...
computing neighbors (7000 / 58325)...
computing neighbors (8000 / 58325)...
computing neighbors (9000 / 58325)...
computing neighbors (10000 / 58325)...
computing neighbors (11000 / 58325)...
computing neighbors (12000 / 58325)...
computing neighbors (13000 / 58325)...
computing neighbors (14000 / 58325)...
computing neighbors (15000 / 58325)...
computing neighbors (16000 / 58325)...
computing neighbors (17000 / 58325)...
computing neighbors (18000 / 58325)...
computing neighbors (19000 / 58325)...
computing neighbors (20000 / 58325)...
computing neighbors (21000 / 58325)...
computing neighbors (22000 / 58325)...
computing neighbors (23000 / 58325)...
computing neighbors (24000 / 58325)...
computing neighbors (25000 / 58325)...
computing neighbors (26000 / 58325)...
computing neighbors (27000 / 58325)...
computing neighbors (28000 / 58325)...
computing neighbors (29000 / 58325)...
computing neighbors (30000 / 58325)...
computing neighbors (31000 / 58325)...
computing neighbors (32000 / 58325)...
computing neighbors (33000 / 58325)...
computing neighbors (34000 / 58325)...
computing neighbors (35000 / 58325)...
computing neighbors (36000 / 58325)...
computing neighbors (37000 / 58325)...
computing neighbors (38000 / 58325)...
computing neighbors (39000 / 58325)...
computing neighbors (40000 / 58325)...
computing neighbors (41000 / 58325)...
computing neighbors (42000 / 58325)...
computing neighbors (43000 / 58325)...
computing neighbors (44000 / 58325)...
computing neighbors (45000 / 58325)...
computing neighbors (46000 / 58325)...
computing neighbors (47000 / 58325)...
computing neighbors (48000 / 58325)...
computing neighbors (49000 / 58325)...
computing neighbors (50000 / 58325)...
computing neighbors (51000 / 58325)...
computing neighbors (52000 / 58325)...
computing neighbors (53000 / 58325)...
computing neighbors (54000 / 58325)...
computing neighbors (55000 / 58325)...
computing neighbors (56000 / 58325)...
computing neighbors (57000 / 58325)...
computing neighbors (58000 / 58325)...
82080      vertices
58325      segments
383        dominations
=======================
CGSHOP Instance: compute neighbors...
computing neighbors (0 / 58325)...
computing neighbors (1000 / 58325)...
computing neighbors (2000 / 58325)...
computing neighbors (3000 / 58325)...
computing neighbors (4000 / 58325)...
computing neighbors (5000 / 58325)...
computing neighbors (6000 / 58325)...
computing neighbors (7000 / 58325)...
computing neighbors (8000 / 58325)...
computing neighbors (9000 / 58325)...
computing neighbors (10000 / 58325)...
computing neighbors (11000 / 58325)...
computing neighbors (12000 / 58325)...
computing neighbors (13000 / 58325)...
computing neighbors (14000 / 58325)...
computing neighbors (15000 / 58325)...
computing neighbors (16000 / 58325)...
computing neighbors (17000 / 58325)...
computing neighbors (18000 / 58325)...
computing neighbors (19000 / 58325)...
computing neighbors (20000 / 58325)...
computing neighbors (21000 / 58325)...
computing neighbors (22000 / 58325)...
computing neighbors (23000 / 58325)...
computing neighbors (24000 / 58325)...
computing neighbors (25000 / 58325)...
computing neighbors (26000 / 58325)...
computing neighbors (27000 / 58325)...
computing neighbors (28000 / 58325)...
computing neighbors (29000 / 58325)...
computing neighbors (30000 / 58325)...
computing neighbors (31000 / 58325)...
computing neighbors (32000 / 58325)...
computing neighbors (33000 / 58325)...
computing neighbors (34000 / 58325)...
computing neighbors (35000 / 58325)...
computing neighbors (36000 / 58325)...
computing neighbors (37000 / 58325)...
computing neighbors (38000 / 58325)...
computing neighbors (39000 / 58325)...
computing neighbors (40000 / 58325)...
computing neighbors (41000 / 58325)...
computing neighbors (42000 / 58325)...
computing neighbors (43000 / 58325)...
computing neighbors (44000 / 58325)...
computing neighbors (45000 / 58325)...
computing neighbors (46000 / 58325)...
computing neighbors (47000 / 58325)...
computing neighbors (48000 / 58325)...
computing neighbors (49000 / 58325)...
computing neighbors (50000 / 58325)...
computing neighbors (51000 / 58325)...
computing neighbors (52000 / 58325)...
computing neighbors (53000 / 58325)...
computing neighbors (54000 / 58325)...
computing neighbors (55000 / 58325)...
computing neighbors (56000 / 58325)...
computing neighbors (57000 / 58325)...
computing neighbors (58000 / 58325)...
colored 1000 / 58325...
colored 2000 / 58325...
colored 3000 / 58325...
colored 4000 / 58325...
colored 5000 / 58325...
colored 6000 / 58325...
colored 7000 / 58325...
colored 8000 / 58325...
colored 9000 / 58325...
colored 10000 / 58325...
colored 11000 / 58325...
colored 12000 / 58325...
colored 13000 / 58325...
colored 14000 / 58325...
colored 15000 / 58325...
colored 16000 / 58325...
colored 17000 / 58325...
colored 18000 / 58325...
colored 19000 / 58325...
colored 20000 / 58325...
colored 21000 / 58325...
colored 22000 / 58325...
colored 23000 / 58325...
colored 24000 / 58325...
colored 25000 / 58325...
colored 26000 / 58325...
colored 27000 / 58325...
colored 28000 / 58325...
colored 29000 / 58325...
colored 30000 / 58325...
colored 31000 / 58325...
colored 32000 / 58325...
colored 33000 / 58325...
colored 34000 / 58325...
colored 35000 / 58325...
colored 36000 / 58325...
colored 37000 / 58325...
colored 38000 / 58325...
colored 39000 / 58325...
colored 40000 / 58325...
colored 41000 / 58325...
colored 42000 / 58325...
colored 43000 / 58325...
colored 44000 / 58325...
colored 45000 / 58325...
colored 46000 / 58325...
colored 47000 / 58325...
colored 48000 / 58325...
colored 49000 / 58325...
colored 50000 / 58325...
colored 51000 / 58325...
colored 52000 / 58325...
colored 53000 / 58325...
colored 54000 / 58325...
colored 55000 / 58325...
colored 56000 / 58325...
colored 57000 / 58325...
colored 58000 / 58325...
greedy found 429 colors in 136.737 seconds
 time (s)      nb nodes       objective      
---------------------------------------------
  22.172                      429            
  22.220       16.0           428            
  22.495       760.0          427            
  22.903       1.8 k          426            
  24.805       6.6 k          425            
  25.970       9.3 k          424            
  28.838       17.8 k         423            
  31.920       26.8 k         422            
  48.676       57.1 k         421            
  50.449       73.4 k         420            
  55.034       119.3 k        419            
  58.311       147.2 k        418            
  60.259       170.4 k        417            
  65.829       197.3 k        416            
  68.149       211.6 k        415            
  71.223       244.5 k        414            
  73.204       269.5 k        413            
  82.246       296.0 k        412            
  88.079       335.6 k        411            
  91.921       369.3 k        410            
  97.683       407.7 k        409            
  104.774      456.7 k        408            
  109.318      508.0 k        407            
  119.743      564.2 k        406            
  127.236      610.3 k        405            
  132.021      635.0 k        404            
  145.386      669.7 k        403            
  157.949      723.7 k        402            
  164.633      766.9 k        401            
  180.348      833.2 k        400            
  195.356      893.3 k        399            
  206.233      931.9 k        398            
  219.864      994.5 k        397            
  230.639      1.0 M          396            
  241.473      1.1 M          395            
  247.153      1.1 M          394            
  280.241      1.2 M          393            
  296.823      1.3 M          392            
  313.693      1.3 M          391            
  344.466      1.4 M          390            
  377.977      1.5 M          389            
  438.298      1.6 M          388            
  466.143      1.7 M          387            
  514.549      1.8 M          386            
  557.143      1.9 M          385            
  581.144      1.9 M          384            
  617.833      2.0 M          383            
  649.642      2.1 M          382            
  688.430      2.2 M          381            
  788.086      2.4 M          380            
  842.802      2.5 M          379            
  972.782      2.7 M          378            
  1098.837     2.9 M          377            
  1213.425     3.1 M          376            
  1382.962     3.3 M          375            
  1471.734     3.5 M          374            
  1658.595     3.8 M          373            
  1970.062     4.2 M          372            
  3142.184     5.4 M          371            
  3468.086     5.8 M          370            
  4979.154     7.4 M          369            
  5633.249     7.9 M          368            
  6355.745     8.6 M          367            
  6957.969     9.3 M          366            

             nb generated         51.3 M
              nb expanded         26.3 M
               nb trashed           0.0 
     avg branching factor           1.9 
                  nb eval         128.0 
                 nb guide         51.3 M
        time searched (s)      71977.820
      generated nodes / s         713.1 
        solutions created           0.0 
