printing solutions in: ./dogs-color/insts/cgshop22/reecn48602.instance.json.solution.json
printing perfs in: ./dogs-color/insts/cgshop22/reecn48602.instance.json.perf.json

CGSHOP Instance: compute neighbors...
computing neighbors (0 / 48602)...
computing neighbors (1000 / 48602)...
computing neighbors (2000 / 48602)...
computing neighbors (3000 / 48602)...
computing neighbors (4000 / 48602)...
computing neighbors (5000 / 48602)...
computing neighbors (6000 / 48602)...
computing neighbors (7000 / 48602)...
computing neighbors (8000 / 48602)...
computing neighbors (9000 / 48602)...
computing neighbors (10000 / 48602)...
computing neighbors (11000 / 48602)...
computing neighbors (12000 / 48602)...
computing neighbors (13000 / 48602)...
computing neighbors (14000 / 48602)...
computing neighbors (15000 / 48602)...
computing neighbors (16000 / 48602)...
computing neighbors (17000 / 48602)...
computing neighbors (18000 / 48602)...
computing neighbors (19000 / 48602)...
computing neighbors (20000 / 48602)...
computing neighbors (21000 / 48602)...
computing neighbors (22000 / 48602)...
computing neighbors (23000 / 48602)...
computing neighbors (24000 / 48602)...
computing neighbors (25000 / 48602)...
computing neighbors (26000 / 48602)...
computing neighbors (27000 / 48602)...
computing neighbors (28000 / 48602)...
computing neighbors (29000 / 48602)...
computing neighbors (30000 / 48602)...
computing neighbors (31000 / 48602)...
computing neighbors (32000 / 48602)...
computing neighbors (33000 / 48602)...
computing neighbors (34000 / 48602)...
computing neighbors (35000 / 48602)...
computing neighbors (36000 / 48602)...
computing neighbors (37000 / 48602)...
computing neighbors (38000 / 48602)...
computing neighbors (39000 / 48602)...
computing neighbors (40000 / 48602)...
computing neighbors (41000 / 48602)...
computing neighbors (42000 / 48602)...
computing neighbors (43000 / 48602)...
computing neighbors (44000 / 48602)...
computing neighbors (45000 / 48602)...
computing neighbors (46000 / 48602)...
computing neighbors (47000 / 48602)...
computing neighbors (48000 / 48602)...
68098      vertices
48602      segments
326        dominations
=======================
CGSHOP Instance: compute neighbors...
computing neighbors (0 / 48602)...
computing neighbors (1000 / 48602)...
computing neighbors (2000 / 48602)...
computing neighbors (3000 / 48602)...
computing neighbors (4000 / 48602)...
computing neighbors (5000 / 48602)...
computing neighbors (6000 / 48602)...
computing neighbors (7000 / 48602)...
computing neighbors (8000 / 48602)...
computing neighbors (9000 / 48602)...
computing neighbors (10000 / 48602)...
computing neighbors (11000 / 48602)...
computing neighbors (12000 / 48602)...
computing neighbors (13000 / 48602)...
computing neighbors (14000 / 48602)...
computing neighbors (15000 / 48602)...
computing neighbors (16000 / 48602)...
computing neighbors (17000 / 48602)...
computing neighbors (18000 / 48602)...
computing neighbors (19000 / 48602)...
computing neighbors (20000 / 48602)...
computing neighbors (21000 / 48602)...
computing neighbors (22000 / 48602)...
computing neighbors (23000 / 48602)...
computing neighbors (24000 / 48602)...
computing neighbors (25000 / 48602)...
computing neighbors (26000 / 48602)...
computing neighbors (27000 / 48602)...
computing neighbors (28000 / 48602)...
computing neighbors (29000 / 48602)...
computing neighbors (30000 / 48602)...
computing neighbors (31000 / 48602)...
computing neighbors (32000 / 48602)...
computing neighbors (33000 / 48602)...
computing neighbors (34000 / 48602)...
computing neighbors (35000 / 48602)...
computing neighbors (36000 / 48602)...
computing neighbors (37000 / 48602)...
computing neighbors (38000 / 48602)...
computing neighbors (39000 / 48602)...
computing neighbors (40000 / 48602)...
computing neighbors (41000 / 48602)...
computing neighbors (42000 / 48602)...
computing neighbors (43000 / 48602)...
computing neighbors (44000 / 48602)...
computing neighbors (45000 / 48602)...
computing neighbors (46000 / 48602)...
computing neighbors (47000 / 48602)...
computing neighbors (48000 / 48602)...
colored 1000 / 48602...
colored 2000 / 48602...
colored 3000 / 48602...
colored 4000 / 48602...
colored 5000 / 48602...
colored 6000 / 48602...
colored 7000 / 48602...
colored 8000 / 48602...
colored 9000 / 48602...
colored 10000 / 48602...
colored 11000 / 48602...
colored 12000 / 48602...
colored 13000 / 48602...
colored 14000 / 48602...
colored 15000 / 48602...
colored 16000 / 48602...
colored 17000 / 48602...
colored 18000 / 48602...
colored 19000 / 48602...
colored 20000 / 48602...
colored 21000 / 48602...
colored 22000 / 48602...
colored 23000 / 48602...
colored 24000 / 48602...
colored 25000 / 48602...
colored 26000 / 48602...
colored 27000 / 48602...
colored 28000 / 48602...
colored 29000 / 48602...
colored 30000 / 48602...
colored 31000 / 48602...
colored 32000 / 48602...
colored 33000 / 48602...
colored 34000 / 48602...
colored 35000 / 48602...
colored 36000 / 48602...
colored 37000 / 48602...
colored 38000 / 48602...
colored 39000 / 48602...
colored 40000 / 48602...
colored 41000 / 48602...
colored 42000 / 48602...
colored 43000 / 48602...
colored 44000 / 48602...
colored 45000 / 48602...
colored 46000 / 48602...
colored 47000 / 48602...
colored 48000 / 48602...
greedy found 383 colors in 99.416 seconds
 time (s)      nb nodes       objective      
---------------------------------------------
  17.988                      383            
  18.112       358.0          382            
  18.555       1.1 k          381            
  18.908       2.7 k          380            
  19.923       7.1 k          379            
  24.008       19.1 k         378            
  28.726       36.6 k         377            
  31.486       44.3 k         376            
  33.354       58.8 k         375            
  35.234       81.6 k         374            
  37.995       107.7 k        373            
  42.000       133.6 k        372            
  44.416       151.5 k        371            
  47.547       177.9 k        370            
  49.117       199.4 k        369            
  52.833       218.0 k        368            
  56.462       256.9 k        367            
  59.165       277.9 k        366            
  62.843       298.5 k        365            
  65.427       331.3 k        364            
  73.717       362.5 k        363            
  77.552       404.5 k        362            
  83.692       445.6 k        361            
  90.426       494.6 k        360            
  98.777       543.1 k        359            
  107.695      578.3 k        358            
  113.294      618.9 k        357            
  119.560      667.5 k        356            
  124.297      694.6 k        355            
  134.423      754.6 k        354            
  141.776      800.7 k        353            
  171.258      874.4 k        352            
  220.422      975.1 k        351            
  230.908      1.0 M          350            
  240.239      1.1 M          349            
  257.142      1.1 M          348            
  272.004      1.2 M          347            
  296.867      1.3 M          346            
  320.598      1.4 M          345            
  343.068      1.4 M          344            
  378.537      1.5 M          343            
  399.924      1.6 M          342            
  437.529      1.7 M          341            
  472.085      1.8 M          340            
  533.773      1.9 M          339            
  578.420      2.0 M          338            
  670.638      2.2 M          337            
  737.010      2.3 M          336            
  821.484      2.4 M          335            
  861.783      2.5 M          334            
  1391.058     3.2 M          333            
  1496.797     3.4 M          332            
  1846.789     3.9 M          331            
  2147.046     4.4 M          330            
  2837.926     5.4 M          329            
  3003.673     5.6 M          328            
  10891.837    13.8 M         327            
  19101.666    20.9 M         326            
  20852.955    22.4 M         325            

             nb generated         60.7 M
              nb expanded         32.6 M
               nb trashed           0.0 
     avg branching factor           1.9 
                  nb eval         118.0 
                 nb guide         60.7 M
        time searched (s)      71982.008
      generated nodes / s         843.1 
        solutions created           0.0 
