printing solutions in: ./dogs-color/insts/cgshop22/reecn34307.instance.json.solution.json
printing perfs in: ./dogs-color/insts/cgshop22/reecn34307.instance.json.perf.json

CGSHOP Instance: compute neighbors...
computing neighbors (0 / 34307)...
computing neighbors (1000 / 34307)...
computing neighbors (2000 / 34307)...
computing neighbors (3000 / 34307)...
computing neighbors (4000 / 34307)...
computing neighbors (5000 / 34307)...
computing neighbors (6000 / 34307)...
computing neighbors (7000 / 34307)...
computing neighbors (8000 / 34307)...
computing neighbors (9000 / 34307)...
computing neighbors (10000 / 34307)...
computing neighbors (11000 / 34307)...
computing neighbors (12000 / 34307)...
computing neighbors (13000 / 34307)...
computing neighbors (14000 / 34307)...
computing neighbors (15000 / 34307)...
computing neighbors (16000 / 34307)...
computing neighbors (17000 / 34307)...
computing neighbors (18000 / 34307)...
computing neighbors (19000 / 34307)...
computing neighbors (20000 / 34307)...
computing neighbors (21000 / 34307)...
computing neighbors (22000 / 34307)...
computing neighbors (23000 / 34307)...
computing neighbors (24000 / 34307)...
computing neighbors (25000 / 34307)...
computing neighbors (26000 / 34307)...
computing neighbors (27000 / 34307)...
computing neighbors (28000 / 34307)...
computing neighbors (29000 / 34307)...
computing neighbors (30000 / 34307)...
computing neighbors (31000 / 34307)...
computing neighbors (32000 / 34307)...
computing neighbors (33000 / 34307)...
computing neighbors (34000 / 34307)...
47880      vertices
34307      segments
320        dominations
=======================
CGSHOP Instance: compute neighbors...
computing neighbors (0 / 34307)...
computing neighbors (1000 / 34307)...
computing neighbors (2000 / 34307)...
computing neighbors (3000 / 34307)...
computing neighbors (4000 / 34307)...
computing neighbors (5000 / 34307)...
computing neighbors (6000 / 34307)...
computing neighbors (7000 / 34307)...
computing neighbors (8000 / 34307)...
computing neighbors (9000 / 34307)...
computing neighbors (10000 / 34307)...
computing neighbors (11000 / 34307)...
computing neighbors (12000 / 34307)...
computing neighbors (13000 / 34307)...
computing neighbors (14000 / 34307)...
computing neighbors (15000 / 34307)...
computing neighbors (16000 / 34307)...
computing neighbors (17000 / 34307)...
computing neighbors (18000 / 34307)...
computing neighbors (19000 / 34307)...
computing neighbors (20000 / 34307)...
computing neighbors (21000 / 34307)...
computing neighbors (22000 / 34307)...
computing neighbors (23000 / 34307)...
computing neighbors (24000 / 34307)...
computing neighbors (25000 / 34307)...
computing neighbors (26000 / 34307)...
computing neighbors (27000 / 34307)...
computing neighbors (28000 / 34307)...
computing neighbors (29000 / 34307)...
computing neighbors (30000 / 34307)...
computing neighbors (31000 / 34307)...
computing neighbors (32000 / 34307)...
computing neighbors (33000 / 34307)...
computing neighbors (34000 / 34307)...
colored 1000 / 34307...
colored 2000 / 34307...
colored 3000 / 34307...
colored 4000 / 34307...
colored 5000 / 34307...
colored 6000 / 34307...
colored 7000 / 34307...
colored 8000 / 34307...
colored 9000 / 34307...
colored 10000 / 34307...
colored 11000 / 34307...
colored 12000 / 34307...
colored 13000 / 34307...
colored 14000 / 34307...
colored 15000 / 34307...
colored 16000 / 34307...
colored 17000 / 34307...
colored 18000 / 34307...
colored 19000 / 34307...
colored 20000 / 34307...
colored 21000 / 34307...
colored 22000 / 34307...
colored 23000 / 34307...
colored 24000 / 34307...
colored 25000 / 34307...
colored 26000 / 34307...
colored 27000 / 34307...
colored 28000 / 34307...
colored 29000 / 34307...
colored 30000 / 34307...
colored 31000 / 34307...
colored 32000 / 34307...
colored 33000 / 34307...
colored 34000 / 34307...
greedy found 359 colors in 44.429 seconds
 time (s)      nb nodes       objective      
---------------------------------------------
  9.225                       359            
  9.275        295.0          358            
  9.517        1.4 k          357            
  9.915        3.5 k          356            
  10.679       8.1 k          355            
  11.620       14.8 k         354            
  13.053       25.6 k         353            
  13.939       41.1 k         352            
  16.526       56.1 k         351            
  17.996       70.9 k         350            
  19.119       86.0 k         349            
  20.024       94.9 k         348            
  21.764       115.7 k        347            
  23.344       136.3 k        346            
  24.560       149.7 k        345            
  27.544       168.9 k        344            
  30.343       189.2 k        343            
  32.264       220.1 k        342            
  35.644       247.3 k        341            
  37.592       270.9 k        340            
  40.848       301.0 k        339            
  47.223       337.1 k        338            
  50.175       374.7 k        337            
  51.938       391.2 k        336            
  55.398       422.2 k        335            
  60.158       462.9 k        334            
  67.884       513.4 k        333            
  72.714       538.1 k        332            
  76.699       572.8 k        331            
  85.273       620.1 k        330            
  90.135       657.6 k        329            
  94.629       704.9 k        328            
  106.049      771.6 k        327            
  110.224      803.2 k        326            
  119.163      844.2 k        325            
  134.484      919.1 k        324            
  139.652      968.9 k        323            
  160.068      1.0 M          322            
  174.209      1.1 M          321            
  183.753      1.2 M          320            
  198.178      1.3 M          319            
  228.386      1.4 M          318            
  242.603      1.4 M          317            
  251.700      1.5 M          316            
  289.385      1.6 M          315            
  338.237      1.8 M          314            
  370.004      1.9 M          313            
  483.845      2.2 M          312            
  535.751      2.4 M          311            
  607.468      2.6 M          310            
  844.783      3.1 M          309            
  1352.911     4.2 M          308            
  1445.174     4.4 M          307            
  1619.585     4.8 M          306            
  1726.278     5.0 M          305            
  4426.403     9.4 M          304            
  8613.593     15.0 M         303            
  8801.323     15.2 M         302            
  9063.741     15.7 M         301            
  9263.755     16.0 M         300            
  32438.580    41.8 M         299            
  33318.824    42.7 M         298            
  33469.445    42.9 M         297            

             nb generated         79.1 M
              nb expanded         41.0 M
               nb trashed           0.0 
     avg branching factor           1.9 
                  nb eval         126.0 
                 nb guide         79.1 M
        time searched (s)      71990.773
      generated nodes / s          1.1 k
        solutions created           0.0 
