printing solutions in: ./dogs-color/insts/cgshop22/rvisp12844.instance.json.solution.json
printing perfs in: ./dogs-color/insts/cgshop22/rvisp12844.instance.json.perf.json

CGSHOP Instance: compute neighbors...
computing neighbors (0 / 12844)...
computing neighbors (1000 / 12844)...
computing neighbors (2000 / 12844)...
computing neighbors (3000 / 12844)...
computing neighbors (4000 / 12844)...
computing neighbors (5000 / 12844)...
computing neighbors (6000 / 12844)...
computing neighbors (7000 / 12844)...
computing neighbors (8000 / 12844)...
computing neighbors (9000 / 12844)...
computing neighbors (10000 / 12844)...
computing neighbors (11000 / 12844)...
computing neighbors (12000 / 12844)...
423        vertices
12844      segments
6157       dominations
=======================
CGSHOP Instance: compute neighbors...
computing neighbors (0 / 12844)...
computing neighbors (1000 / 12844)...
computing neighbors (2000 / 12844)...
computing neighbors (3000 / 12844)...
computing neighbors (4000 / 12844)...
computing neighbors (5000 / 12844)...
computing neighbors (6000 / 12844)...
computing neighbors (7000 / 12844)...
computing neighbors (8000 / 12844)...
computing neighbors (9000 / 12844)...
computing neighbors (10000 / 12844)...
computing neighbors (11000 / 12844)...
computing neighbors (12000 / 12844)...
colored 1000 / 12844...
colored 2000 / 12844...
colored 3000 / 12844...
colored 4000 / 12844...
colored 5000 / 12844...
colored 6000 / 12844...
colored 7000 / 12844...
colored 8000 / 12844...
colored 9000 / 12844...
colored 10000 / 12844...
colored 11000 / 12844...
colored 12000 / 12844...
greedy found 62 colors in 1.629 seconds
 time (s)      nb nodes       objective      
---------------------------------------------
  0.584                       62             
  0.591        316.0          61             
  0.605        597.0          60             
  0.617        826.0          59             
  0.642        1.5 k          58             
  0.722        3.5 k          57             
  0.736        4.0 k          56             
  1.207        25.0 k         55             
  1.605        39.4 k         54             
  2.652        74.7 k         53             
  13.967       341.2 k        52             
  104.091      1.9 M          51             
  5704.632     83.8 M         50             
thread 'main' panicked at 'called `Option::unwrap()` on a `None` value', src/search/conflict_weighting_local_search.rs:191:52
note: run with `RUST_BACKTRACE=1` environment variable to display a backtrace
