printing solutions in: ./dogs-color/insts/cgshop22/rvisp8404.instance.json.solution.json
printing perfs in: ./dogs-color/insts/cgshop22/rvisp8404.instance.json.perf.json

CGSHOP Instance: compute neighbors...
computing neighbors (0 / 8404)...
computing neighbors (1000 / 8404)...
computing neighbors (2000 / 8404)...
computing neighbors (3000 / 8404)...
computing neighbors (4000 / 8404)...
computing neighbors (5000 / 8404)...
computing neighbors (6000 / 8404)...
computing neighbors (7000 / 8404)...
computing neighbors (8000 / 8404)...
268        vertices
8404       segments
4005       dominations
=======================
CGSHOP Instance: compute neighbors...
computing neighbors (0 / 8404)...
computing neighbors (1000 / 8404)...
computing neighbors (2000 / 8404)...
computing neighbors (3000 / 8404)...
computing neighbors (4000 / 8404)...
computing neighbors (5000 / 8404)...
computing neighbors (6000 / 8404)...
computing neighbors (7000 / 8404)...
computing neighbors (8000 / 8404)...
colored 1000 / 8404...
colored 2000 / 8404...
colored 3000 / 8404...
colored 4000 / 8404...
colored 5000 / 8404...
colored 6000 / 8404...
colored 7000 / 8404...
colored 8000 / 8404...
greedy found 58 colors in 0.751 seconds
 time (s)      nb nodes       objective      
---------------------------------------------
  0.279                       58             
  0.287        64.0           57             
  0.290        180.0          56             
  0.366        2.8 k          55             
  0.440        5.6 k          54             
  1.003        34.5 k         53             
  1.659        80.5 k         52             
  7.086        286.7 k        51             
  12.607       433.5 k        50             
  55.282       1.5 M          49             

             nb generated        649.1 M
              nb expanded        578.3 M
               nb trashed           0.0 
     avg branching factor           1.1 
                  nb eval          20.0 
                 nb guide        649.1 M
        time searched (s)      71999.719
      generated nodes / s          9.0 k
        solutions created           0.0 
invalid solution (reason: ConflictingEdge(67, 3212))
