printing solutions in: ./dogs-color/insts/cgshop22/rvisp24116.instance.json.solution.json
printing perfs in: ./dogs-color/insts/cgshop22/rvisp24116.instance.json.perf.json

CGSHOP Instance: compute neighbors...
computing neighbors (0 / 24116)...
computing neighbors (1000 / 24116)...
computing neighbors (2000 / 24116)...
computing neighbors (3000 / 24116)...
computing neighbors (4000 / 24116)...
computing neighbors (5000 / 24116)...
computing neighbors (6000 / 24116)...
computing neighbors (7000 / 24116)...
computing neighbors (8000 / 24116)...
computing neighbors (9000 / 24116)...
computing neighbors (10000 / 24116)...
computing neighbors (11000 / 24116)...
computing neighbors (12000 / 24116)...
computing neighbors (13000 / 24116)...
computing neighbors (14000 / 24116)...
computing neighbors (15000 / 24116)...
computing neighbors (16000 / 24116)...
computing neighbors (17000 / 24116)...
computing neighbors (18000 / 24116)...
computing neighbors (19000 / 24116)...
computing neighbors (20000 / 24116)...
computing neighbors (21000 / 24116)...
computing neighbors (22000 / 24116)...
computing neighbors (23000 / 24116)...
computing neighbors (24000 / 24116)...
497        vertices
24116      segments
11459      dominations
=======================
CGSHOP Instance: compute neighbors...
computing neighbors (0 / 24116)...
computing neighbors (1000 / 24116)...
computing neighbors (2000 / 24116)...
computing neighbors (3000 / 24116)...
computing neighbors (4000 / 24116)...
computing neighbors (5000 / 24116)...
computing neighbors (6000 / 24116)...
computing neighbors (7000 / 24116)...
computing neighbors (8000 / 24116)...
computing neighbors (9000 / 24116)...
computing neighbors (10000 / 24116)...
computing neighbors (11000 / 24116)...
computing neighbors (12000 / 24116)...
computing neighbors (13000 / 24116)...
computing neighbors (14000 / 24116)...
computing neighbors (15000 / 24116)...
computing neighbors (16000 / 24116)...
computing neighbors (17000 / 24116)...
computing neighbors (18000 / 24116)...
computing neighbors (19000 / 24116)...
computing neighbors (20000 / 24116)...
computing neighbors (21000 / 24116)...
computing neighbors (22000 / 24116)...
computing neighbors (23000 / 24116)...
computing neighbors (24000 / 24116)...
colored 1000 / 24116...
colored 2000 / 24116...
colored 3000 / 24116...
colored 4000 / 24116...
colored 5000 / 24116...
colored 6000 / 24116...
colored 7000 / 24116...
colored 8000 / 24116...
colored 9000 / 24116...
colored 10000 / 24116...
colored 11000 / 24116...
colored 12000 / 24116...
colored 13000 / 24116...
colored 14000 / 24116...
colored 15000 / 24116...
colored 16000 / 24116...
colored 17000 / 24116...
colored 18000 / 24116...
colored 19000 / 24116...
colored 20000 / 24116...
colored 21000 / 24116...
colored 22000 / 24116...
colored 23000 / 24116...
colored 24000 / 24116...
greedy found 134 colors in 9.575 seconds
 time (s)      nb nodes       objective      
---------------------------------------------
  3.086                       134            
  3.362        1.2 k          133            
  3.426        1.5 k          132            
  5.006        9.5 k          131            
  10.857       34.1 k         130            
  11.298       35.9 k         129            
  16.376       66.6 k         128            
  23.246       95.5 k         127            
  33.197       140.2 k        126            
  36.493       156.4 k        125            
  40.543       177.8 k        124            
  101.397      410.6 k        123            
  104.165      419.9 k        122            
  255.415      888.5 k        121            
  272.962      935.7 k        120            
  389.255      1.2 M          119            
  424.054      1.3 M          118            
  451.177      1.4 M          117            
  491.391      1.5 M          116            
  524.016      1.6 M          115            
  651.182      2.0 M          114            
  870.567      2.6 M          113            
  997.804      3.0 M          112            
  1585.835     4.6 M          111            
  1862.562     5.4 M          110            
  2731.479     7.8 M          109            
  2942.210     8.3 M          108            
  3723.435     10.6 M         107            
  7784.920     22.2 M         106            
  22321.535    65.1 M         105            

             nb generated        223.8 M
              nb expanded        140.5 M
               nb trashed           0.0 
     avg branching factor           1.6 
                  nb eval          60.0 
                 nb guide        223.8 M
        time searched (s)      71996.906
      generated nodes / s          3.1 k
        solutions created           0.0 
