printing solutions in: ./dogs-color/insts/cgshop22/sqrp56833.instance.json.solution.json
printing perfs in: ./dogs-color/insts/cgshop22/sqrp56833.instance.json.perf.json

CGSHOP Instance: compute neighbors...
computing neighbors (0 / 56833)...
computing neighbors (1000 / 56833)...
computing neighbors (2000 / 56833)...
computing neighbors (3000 / 56833)...
computing neighbors (4000 / 56833)...
computing neighbors (5000 / 56833)...
computing neighbors (6000 / 56833)...
computing neighbors (7000 / 56833)...
computing neighbors (8000 / 56833)...
computing neighbors (9000 / 56833)...
computing neighbors (10000 / 56833)...
computing neighbors (11000 / 56833)...
computing neighbors (12000 / 56833)...
computing neighbors (13000 / 56833)...
computing neighbors (14000 / 56833)...
computing neighbors (15000 / 56833)...
computing neighbors (16000 / 56833)...
computing neighbors (17000 / 56833)...
computing neighbors (18000 / 56833)...
computing neighbors (19000 / 56833)...
computing neighbors (20000 / 56833)...
computing neighbors (21000 / 56833)...
computing neighbors (22000 / 56833)...
computing neighbors (23000 / 56833)...
computing neighbors (24000 / 56833)...
computing neighbors (25000 / 56833)...
computing neighbors (26000 / 56833)...
computing neighbors (27000 / 56833)...
computing neighbors (28000 / 56833)...
computing neighbors (29000 / 56833)...
computing neighbors (30000 / 56833)...
computing neighbors (31000 / 56833)...
computing neighbors (32000 / 56833)...
computing neighbors (33000 / 56833)...
computing neighbors (34000 / 56833)...
computing neighbors (35000 / 56833)...
computing neighbors (36000 / 56833)...
computing neighbors (37000 / 56833)...
computing neighbors (38000 / 56833)...
computing neighbors (39000 / 56833)...
computing neighbors (40000 / 56833)...
computing neighbors (41000 / 56833)...
computing neighbors (42000 / 56833)...
computing neighbors (43000 / 56833)...
computing neighbors (44000 / 56833)...
computing neighbors (45000 / 56833)...
computing neighbors (46000 / 56833)...
computing neighbors (47000 / 56833)...
computing neighbors (48000 / 56833)...
computing neighbors (49000 / 56833)...
computing neighbors (50000 / 56833)...
computing neighbors (51000 / 56833)...
computing neighbors (52000 / 56833)...
computing neighbors (53000 / 56833)...
computing neighbors (54000 / 56833)...
computing neighbors (55000 / 56833)...
computing neighbors (56000 / 56833)...
745        vertices
56833      segments
8972       dominations
=======================
CGSHOP Instance: compute neighbors...
computing neighbors (0 / 56833)...
computing neighbors (1000 / 56833)...
computing neighbors (2000 / 56833)...
computing neighbors (3000 / 56833)...
computing neighbors (4000 / 56833)...
computing neighbors (5000 / 56833)...
computing neighbors (6000 / 56833)...
computing neighbors (7000 / 56833)...
computing neighbors (8000 / 56833)...
computing neighbors (9000 / 56833)...
computing neighbors (10000 / 56833)...
computing neighbors (11000 / 56833)...
computing neighbors (12000 / 56833)...
computing neighbors (13000 / 56833)...
computing neighbors (14000 / 56833)...
computing neighbors (15000 / 56833)...
computing neighbors (16000 / 56833)...
computing neighbors (17000 / 56833)...
computing neighbors (18000 / 56833)...
computing neighbors (19000 / 56833)...
computing neighbors (20000 / 56833)...
computing neighbors (21000 / 56833)...
computing neighbors (22000 / 56833)...
computing neighbors (23000 / 56833)...
computing neighbors (24000 / 56833)...
computing neighbors (25000 / 56833)...
computing neighbors (26000 / 56833)...
computing neighbors (27000 / 56833)...
computing neighbors (28000 / 56833)...
computing neighbors (29000 / 56833)...
computing neighbors (30000 / 56833)...
computing neighbors (31000 / 56833)...
computing neighbors (32000 / 56833)...
computing neighbors (33000 / 56833)...
computing neighbors (34000 / 56833)...
computing neighbors (35000 / 56833)...
computing neighbors (36000 / 56833)...
computing neighbors (37000 / 56833)...
computing neighbors (38000 / 56833)...
computing neighbors (39000 / 56833)...
computing neighbors (40000 / 56833)...
computing neighbors (41000 / 56833)...
computing neighbors (42000 / 56833)...
computing neighbors (43000 / 56833)...
computing neighbors (44000 / 56833)...
computing neighbors (45000 / 56833)...
computing neighbors (46000 / 56833)...
computing neighbors (47000 / 56833)...
computing neighbors (48000 / 56833)...
computing neighbors (49000 / 56833)...
computing neighbors (50000 / 56833)...
computing neighbors (51000 / 56833)...
computing neighbors (52000 / 56833)...
computing neighbors (53000 / 56833)...
computing neighbors (54000 / 56833)...
computing neighbors (55000 / 56833)...
computing neighbors (56000 / 56833)...
colored 1000 / 56833...
colored 2000 / 56833...
colored 3000 / 56833...
colored 4000 / 56833...
colored 5000 / 56833...
colored 6000 / 56833...
colored 7000 / 56833...
colored 8000 / 56833...
colored 9000 / 56833...
colored 10000 / 56833...
colored 11000 / 56833...
colored 12000 / 56833...
colored 13000 / 56833...
colored 14000 / 56833...
colored 15000 / 56833...
colored 16000 / 56833...
colored 17000 / 56833...
colored 18000 / 56833...
colored 19000 / 56833...
colored 20000 / 56833...
colored 21000 / 56833...
colored 22000 / 56833...
colored 23000 / 56833...
colored 24000 / 56833...
colored 25000 / 56833...
colored 26000 / 56833...
colored 27000 / 56833...
colored 28000 / 56833...
colored 29000 / 56833...
colored 30000 / 56833...
colored 31000 / 56833...
colored 32000 / 56833...
colored 33000 / 56833...
colored 34000 / 56833...
colored 35000 / 56833...
colored 36000 / 56833...
colored 37000 / 56833...
colored 38000 / 56833...
colored 39000 / 56833...
colored 40000 / 56833...
colored 41000 / 56833...
colored 42000 / 56833...
colored 43000 / 56833...
colored 44000 / 56833...
colored 45000 / 56833...
colored 46000 / 56833...
colored 47000 / 56833...
colored 48000 / 56833...
colored 49000 / 56833...
colored 50000 / 56833...
colored 51000 / 56833...
colored 52000 / 56833...
colored 53000 / 56833...
colored 54000 / 56833...
colored 55000 / 56833...
colored 56000 / 56833...
greedy found 263 colors in 104.104 seconds
 time (s)      nb nodes       objective      
---------------------------------------------
  24.456                      263            
  24.661       170.0          262            
  63.365       23.8 k         261            
  157.752      77.3 k         260            
  344.580      193.7 k        259            
  605.520      367.3 k        258            
  1336.964     696.4 k        257            
  1534.481     828.6 k        256            
  2367.506     1.3 M          255            
  2751.761     1.5 M          254            
  4399.362     2.2 M          253            
  5367.797     2.6 M          252            

             nb generated         28.0 M
              nb expanded         21.8 M
               nb trashed           0.0 
     avg branching factor           1.3 
                  nb eval          24.0 
                 nb guide         28.0 M
        time searched (s)      71975.539
      generated nodes / s         388.4 
        solutions created           0.0 
