printing solutions in: ./dogs-color/insts/cgshop22/sqrpecn35230.instance.json.solution.json
printing perfs in: ./dogs-color/insts/cgshop22/sqrpecn35230.instance.json.perf.json

CGSHOP Instance: compute neighbors...
computing neighbors (0 / 35230)...
computing neighbors (1000 / 35230)...
computing neighbors (2000 / 35230)...
computing neighbors (3000 / 35230)...
computing neighbors (4000 / 35230)...
computing neighbors (5000 / 35230)...
computing neighbors (6000 / 35230)...
computing neighbors (7000 / 35230)...
computing neighbors (8000 / 35230)...
computing neighbors (9000 / 35230)...
computing neighbors (10000 / 35230)...
computing neighbors (11000 / 35230)...
computing neighbors (12000 / 35230)...
computing neighbors (13000 / 35230)...
computing neighbors (14000 / 35230)...
computing neighbors (15000 / 35230)...
computing neighbors (16000 / 35230)...
computing neighbors (17000 / 35230)...
computing neighbors (18000 / 35230)...
computing neighbors (19000 / 35230)...
computing neighbors (20000 / 35230)...
computing neighbors (21000 / 35230)...
computing neighbors (22000 / 35230)...
computing neighbors (23000 / 35230)...
computing neighbors (24000 / 35230)...
computing neighbors (25000 / 35230)...
computing neighbors (26000 / 35230)...
computing neighbors (27000 / 35230)...
computing neighbors (28000 / 35230)...
computing neighbors (29000 / 35230)...
computing neighbors (30000 / 35230)...
computing neighbors (31000 / 35230)...
computing neighbors (32000 / 35230)...
computing neighbors (33000 / 35230)...
computing neighbors (34000 / 35230)...
computing neighbors (35000 / 35230)...
52954      vertices
35230      segments
393        dominations
=======================
CGSHOP Instance: compute neighbors...
computing neighbors (0 / 35230)...
computing neighbors (1000 / 35230)...
computing neighbors (2000 / 35230)...
computing neighbors (3000 / 35230)...
computing neighbors (4000 / 35230)...
computing neighbors (5000 / 35230)...
computing neighbors (6000 / 35230)...
computing neighbors (7000 / 35230)...
computing neighbors (8000 / 35230)...
computing neighbors (9000 / 35230)...
computing neighbors (10000 / 35230)...
computing neighbors (11000 / 35230)...
computing neighbors (12000 / 35230)...
computing neighbors (13000 / 35230)...
computing neighbors (14000 / 35230)...
computing neighbors (15000 / 35230)...
computing neighbors (16000 / 35230)...
computing neighbors (17000 / 35230)...
computing neighbors (18000 / 35230)...
computing neighbors (19000 / 35230)...
computing neighbors (20000 / 35230)...
computing neighbors (21000 / 35230)...
computing neighbors (22000 / 35230)...
computing neighbors (23000 / 35230)...
computing neighbors (24000 / 35230)...
computing neighbors (25000 / 35230)...
computing neighbors (26000 / 35230)...
computing neighbors (27000 / 35230)...
computing neighbors (28000 / 35230)...
computing neighbors (29000 / 35230)...
computing neighbors (30000 / 35230)...
computing neighbors (31000 / 35230)...
computing neighbors (32000 / 35230)...
computing neighbors (33000 / 35230)...
computing neighbors (34000 / 35230)...
computing neighbors (35000 / 35230)...
colored 1000 / 35230...
colored 2000 / 35230...
colored 3000 / 35230...
colored 4000 / 35230...
colored 5000 / 35230...
colored 6000 / 35230...
colored 7000 / 35230...
colored 8000 / 35230...
colored 9000 / 35230...
colored 10000 / 35230...
colored 11000 / 35230...
colored 12000 / 35230...
colored 13000 / 35230...
colored 14000 / 35230...
colored 15000 / 35230...
colored 16000 / 35230...
colored 17000 / 35230...
colored 18000 / 35230...
colored 19000 / 35230...
colored 20000 / 35230...
colored 21000 / 35230...
colored 22000 / 35230...
colored 23000 / 35230...
colored 24000 / 35230...
colored 25000 / 35230...
colored 26000 / 35230...
colored 27000 / 35230...
colored 28000 / 35230...
colored 29000 / 35230...
colored 30000 / 35230...
colored 31000 / 35230...
colored 32000 / 35230...
colored 33000 / 35230...
colored 34000 / 35230...
colored 35000 / 35230...
greedy found 493 colors in 54.144 seconds
 time (s)      nb nodes       objective      
---------------------------------------------
  11.368                      493            
  11.556       12.0           492            
  11.693       489.0          491            
  12.282       3.1 k          490            
  12.467       4.6 k          489            
  13.251       10.2 k         488            
  14.813       18.7 k         487            
  16.077       25.8 k         486            
  20.232       44.8 k         485            
  32.688       88.1 k         484            
  34.172       108.6 k        483            
  38.623       127.8 k        482            
  44.162       149.6 k        481            
  47.109       179.7 k        480            
  53.732       220.0 k        479            
  55.957       235.0 k        478            
  69.285       300.0 k        477            
  73.367       330.4 k        476            
  81.030       358.3 k        475            
  111.013      431.8 k        474            
  121.803      463.7 k        473            
  126.154      491.9 k        472            
  134.767      535.6 k        471            
  138.876      547.4 k        470            
  141.203      566.1 k        469            
  150.472      606.2 k        468            
  162.988      646.2 k        467            
  178.626      701.0 k        466            
  227.132      838.2 k        465            
  251.322      897.7 k        464            
  261.243      919.5 k        463            
  271.075      952.3 k        462            
  275.740      974.1 k        461            
  306.214      1.0 M          460            
  456.854      1.3 M          459            
  493.147      1.4 M          458            
  527.562      1.4 M          457            
  545.435      1.5 M          456            
  583.992      1.6 M          455            
  630.830      1.6 M          454            
  644.265      1.7 M          453            
  757.197      1.8 M          452            
  832.799      2.0 M          451            
  873.869      2.0 M          450            
  925.412      2.1 M          449            
  1119.631     2.4 M          448            
  1180.457     2.5 M          447            
  1213.686     2.6 M          446            
  1464.176     2.9 M          445            
  2139.012     3.7 M          444            
  2477.568     4.1 M          443            
  2486.999     4.1 M          442            
  2873.983     4.6 M          441            
  3234.075     5.0 M          440            
  4158.257     5.9 M          439            
  4576.017     6.4 M          438            
  4936.941     6.7 M          437            
  6091.401     7.9 M          436            
  70697.320    51.1 M         435            

             nb generated         52.1 M
              nb expanded         29.1 M
               nb trashed           0.0 
     avg branching factor           1.8 
                  nb eval         118.0 
                 nb guide         52.1 M
        time searched (s)      71988.625
      generated nodes / s         723.8 
        solutions created           0.0 
