printing solutions in: ./dogs-color/insts/cgshop22/sqrpecn17395.instance.json.solution.json
printing perfs in: ./dogs-color/insts/cgshop22/sqrpecn17395.instance.json.perf.json

CGSHOP Instance: compute neighbors...
computing neighbors (0 / 17395)...
computing neighbors (1000 / 17395)...
computing neighbors (2000 / 17395)...
computing neighbors (3000 / 17395)...
computing neighbors (4000 / 17395)...
computing neighbors (5000 / 17395)...
computing neighbors (6000 / 17395)...
computing neighbors (7000 / 17395)...
computing neighbors (8000 / 17395)...
computing neighbors (9000 / 17395)...
computing neighbors (10000 / 17395)...
computing neighbors (11000 / 17395)...
computing neighbors (12000 / 17395)...
computing neighbors (13000 / 17395)...
computing neighbors (14000 / 17395)...
computing neighbors (15000 / 17395)...
computing neighbors (16000 / 17395)...
computing neighbors (17000 / 17395)...
27638      vertices
17395      segments
226        dominations
=======================
CGSHOP Instance: compute neighbors...
computing neighbors (0 / 17395)...
computing neighbors (1000 / 17395)...
computing neighbors (2000 / 17395)...
computing neighbors (3000 / 17395)...
computing neighbors (4000 / 17395)...
computing neighbors (5000 / 17395)...
computing neighbors (6000 / 17395)...
computing neighbors (7000 / 17395)...
computing neighbors (8000 / 17395)...
computing neighbors (9000 / 17395)...
computing neighbors (10000 / 17395)...
computing neighbors (11000 / 17395)...
computing neighbors (12000 / 17395)...
computing neighbors (13000 / 17395)...
computing neighbors (14000 / 17395)...
computing neighbors (15000 / 17395)...
computing neighbors (16000 / 17395)...
computing neighbors (17000 / 17395)...
colored 1000 / 17395...
colored 2000 / 17395...
colored 3000 / 17395...
colored 4000 / 17395...
colored 5000 / 17395...
colored 6000 / 17395...
colored 7000 / 17395...
colored 8000 / 17395...
colored 9000 / 17395...
colored 10000 / 17395...
colored 11000 / 17395...
colored 12000 / 17395...
colored 13000 / 17395...
colored 14000 / 17395...
colored 15000 / 17395...
colored 16000 / 17395...
colored 17000 / 17395...
greedy found 384 colors in 6.470 seconds
 time (s)      nb nodes       objective      
---------------------------------------------
  2.646                       384            
  2.718        624.0          383            
  2.756        990.0          382            
  2.890        3.2 k          381            
  3.072        5.4 k          380            
  3.334        10.0 k         379            
  3.502        12.7 k         378            
  4.351        32.6 k         377            
  4.709        44.4 k         376            
  5.237        53.3 k         375            
  5.523        58.5 k         374            
  5.940        68.0 k         373            
  7.246        88.2 k         372            
  8.242        106.3 k        371            
  10.115       140.6 k        370            
  11.708       162.1 k        369            
  13.941       190.2 k        368            
  14.352       198.8 k        367            
  15.326       215.8 k        366            
  15.667       225.2 k        365            
  16.122       234.6 k        364            
  18.127       265.8 k        363            
  18.791       276.7 k        362            
  20.677       302.1 k        361            
  24.620       351.1 k        360            
  26.186       374.0 k        359            
  30.787       425.8 k        358            
  31.964       443.3 k        357            
  33.673       467.2 k        356            
  40.431       535.1 k        355            
  46.447       584.4 k        354            
  49.323       615.3 k        353            
  50.783       633.5 k        352            
  58.896       699.1 k        351            
  61.434       723.0 k        350            
  70.860       813.5 k        349            
  78.230       880.9 k        348            
  90.240       976.4 k        347            
  151.868      1.3 M          346            
  244.104      1.8 M          345            
  251.795      1.8 M          344            
  257.141      1.8 M          343            
  280.109      1.9 M          342            
  294.763      2.0 M          341            
  296.135      2.0 M          340            
  1238.571     5.2 M          339            
  1256.609     5.2 M          338            
  1260.339     5.2 M          337            
  3633.931     11.5 M         336            
  3869.609     12.1 M         335            
  13292.085    34.7 M         334            

             nb generated        150.2 M
              nb expanded        100.8 M
               nb trashed           0.0 
     avg branching factor           1.5 
                  nb eval         102.0 
                 nb guide        150.2 M
        time searched (s)      71997.352
      generated nodes / s          2.1 k
        solutions created           0.0 
