printing solutions in: ./dogs-color/insts/cgshop22/sqrp32894.instance.json.solution.json
printing perfs in: ./dogs-color/insts/cgshop22/sqrp32894.instance.json.perf.json

CGSHOP Instance: compute neighbors...
computing neighbors (0 / 32894)...
computing neighbors (1000 / 32894)...
computing neighbors (2000 / 32894)...
computing neighbors (3000 / 32894)...
computing neighbors (4000 / 32894)...
computing neighbors (5000 / 32894)...
computing neighbors (6000 / 32894)...
computing neighbors (7000 / 32894)...
computing neighbors (8000 / 32894)...
computing neighbors (9000 / 32894)...
computing neighbors (10000 / 32894)...
computing neighbors (11000 / 32894)...
computing neighbors (12000 / 32894)...
computing neighbors (13000 / 32894)...
computing neighbors (14000 / 32894)...
computing neighbors (15000 / 32894)...
computing neighbors (16000 / 32894)...
computing neighbors (17000 / 32894)...
computing neighbors (18000 / 32894)...
computing neighbors (19000 / 32894)...
computing neighbors (20000 / 32894)...
computing neighbors (21000 / 32894)...
computing neighbors (22000 / 32894)...
computing neighbors (23000 / 32894)...
computing neighbors (24000 / 32894)...
computing neighbors (25000 / 32894)...
computing neighbors (26000 / 32894)...
computing neighbors (27000 / 32894)...
computing neighbors (28000 / 32894)...
computing neighbors (29000 / 32894)...
computing neighbors (30000 / 32894)...
computing neighbors (31000 / 32894)...
computing neighbors (32000 / 32894)...
507        vertices
32894      segments
6772       dominations
=======================
CGSHOP Instance: compute neighbors...
computing neighbors (0 / 32894)...
computing neighbors (1000 / 32894)...
computing neighbors (2000 / 32894)...
computing neighbors (3000 / 32894)...
computing neighbors (4000 / 32894)...
computing neighbors (5000 / 32894)...
computing neighbors (6000 / 32894)...
computing neighbors (7000 / 32894)...
computing neighbors (8000 / 32894)...
computing neighbors (9000 / 32894)...
computing neighbors (10000 / 32894)...
computing neighbors (11000 / 32894)...
computing neighbors (12000 / 32894)...
computing neighbors (13000 / 32894)...
computing neighbors (14000 / 32894)...
computing neighbors (15000 / 32894)...
computing neighbors (16000 / 32894)...
computing neighbors (17000 / 32894)...
computing neighbors (18000 / 32894)...
computing neighbors (19000 / 32894)...
computing neighbors (20000 / 32894)...
computing neighbors (21000 / 32894)...
computing neighbors (22000 / 32894)...
computing neighbors (23000 / 32894)...
computing neighbors (24000 / 32894)...
computing neighbors (25000 / 32894)...
computing neighbors (26000 / 32894)...
computing neighbors (27000 / 32894)...
computing neighbors (28000 / 32894)...
computing neighbors (29000 / 32894)...
computing neighbors (30000 / 32894)...
computing neighbors (31000 / 32894)...
computing neighbors (32000 / 32894)...
colored 1000 / 32894...
colored 2000 / 32894...
colored 3000 / 32894...
colored 4000 / 32894...
colored 5000 / 32894...
colored 6000 / 32894...
colored 7000 / 32894...
colored 8000 / 32894...
colored 9000 / 32894...
colored 10000 / 32894...
colored 11000 / 32894...
colored 12000 / 32894...
colored 13000 / 32894...
colored 14000 / 32894...
colored 15000 / 32894...
colored 16000 / 32894...
colored 17000 / 32894...
colored 18000 / 32894...
colored 19000 / 32894...
colored 20000 / 32894...
colored 21000 / 32894...
colored 22000 / 32894...
colored 23000 / 32894...
colored 24000 / 32894...
colored 25000 / 32894...
colored 26000 / 32894...
colored 27000 / 32894...
colored 28000 / 32894...
colored 29000 / 32894...
colored 30000 / 32894...
colored 31000 / 32894...
colored 32000 / 32894...
greedy found 195 colors in 21.355 seconds
 time (s)      nb nodes       objective      
---------------------------------------------
  8.088                       195            
  8.630        685.0          194            
  11.317       6.6 k          193            
  58.955       93.6 k         192            
  171.533      338.5 k        191            
  217.849      419.0 k        190            
  350.410      650.2 k        189            
  506.601      894.7 k        188            
  63476.480    69.9 M         187            

             nb generated         78.9 M
              nb expanded         66.8 M
               nb trashed           0.0 
     avg branching factor           1.2 
                  nb eval          18.0 
                 nb guide         78.9 M
        time searched (s)      71991.906
      generated nodes / s          1.1 k
        solutions created           0.0 
