printing solutions in: ./dogs-color/insts/cgshop22/sqrp41955.instance.json.solution.json
printing perfs in: ./dogs-color/insts/cgshop22/sqrp41955.instance.json.perf.json

CGSHOP Instance: compute neighbors...
computing neighbors (0 / 41955)...
computing neighbors (1000 / 41955)...
computing neighbors (2000 / 41955)...
computing neighbors (3000 / 41955)...
computing neighbors (4000 / 41955)...
computing neighbors (5000 / 41955)...
computing neighbors (6000 / 41955)...
computing neighbors (7000 / 41955)...
computing neighbors (8000 / 41955)...
computing neighbors (9000 / 41955)...
computing neighbors (10000 / 41955)...
computing neighbors (11000 / 41955)...
computing neighbors (12000 / 41955)...
computing neighbors (13000 / 41955)...
computing neighbors (14000 / 41955)...
computing neighbors (15000 / 41955)...
computing neighbors (16000 / 41955)...
computing neighbors (17000 / 41955)...
computing neighbors (18000 / 41955)...
computing neighbors (19000 / 41955)...
computing neighbors (20000 / 41955)...
computing neighbors (21000 / 41955)...
computing neighbors (22000 / 41955)...
computing neighbors (23000 / 41955)...
computing neighbors (24000 / 41955)...
computing neighbors (25000 / 41955)...
computing neighbors (26000 / 41955)...
computing neighbors (27000 / 41955)...
computing neighbors (28000 / 41955)...
computing neighbors (29000 / 41955)...
computing neighbors (30000 / 41955)...
computing neighbors (31000 / 41955)...
computing neighbors (32000 / 41955)...
computing neighbors (33000 / 41955)...
computing neighbors (34000 / 41955)...
computing neighbors (35000 / 41955)...
computing neighbors (36000 / 41955)...
computing neighbors (37000 / 41955)...
computing neighbors (38000 / 41955)...
computing neighbors (39000 / 41955)...
computing neighbors (40000 / 41955)...
computing neighbors (41000 / 41955)...
533        vertices
41955      segments
8823       dominations
=======================
CGSHOP Instance: compute neighbors...
computing neighbors (0 / 41955)...
computing neighbors (1000 / 41955)...
computing neighbors (2000 / 41955)...
computing neighbors (3000 / 41955)...
computing neighbors (4000 / 41955)...
computing neighbors (5000 / 41955)...
computing neighbors (6000 / 41955)...
computing neighbors (7000 / 41955)...
computing neighbors (8000 / 41955)...
computing neighbors (9000 / 41955)...
computing neighbors (10000 / 41955)...
computing neighbors (11000 / 41955)...
computing neighbors (12000 / 41955)...
computing neighbors (13000 / 41955)...
computing neighbors (14000 / 41955)...
computing neighbors (15000 / 41955)...
computing neighbors (16000 / 41955)...
computing neighbors (17000 / 41955)...
computing neighbors (18000 / 41955)...
computing neighbors (19000 / 41955)...
computing neighbors (20000 / 41955)...
computing neighbors (21000 / 41955)...
computing neighbors (22000 / 41955)...
computing neighbors (23000 / 41955)...
computing neighbors (24000 / 41955)...
computing neighbors (25000 / 41955)...
computing neighbors (26000 / 41955)...
computing neighbors (27000 / 41955)...
computing neighbors (28000 / 41955)...
computing neighbors (29000 / 41955)...
computing neighbors (30000 / 41955)...
computing neighbors (31000 / 41955)...
computing neighbors (32000 / 41955)...
computing neighbors (33000 / 41955)...
computing neighbors (34000 / 41955)...
computing neighbors (35000 / 41955)...
computing neighbors (36000 / 41955)...
computing neighbors (37000 / 41955)...
computing neighbors (38000 / 41955)...
computing neighbors (39000 / 41955)...
computing neighbors (40000 / 41955)...
computing neighbors (41000 / 41955)...
colored 1000 / 41955...
colored 2000 / 41955...
colored 3000 / 41955...
colored 4000 / 41955...
colored 5000 / 41955...
colored 6000 / 41955...
colored 7000 / 41955...
colored 8000 / 41955...
colored 9000 / 41955...
colored 10000 / 41955...
colored 11000 / 41955...
colored 12000 / 41955...
colored 13000 / 41955...
colored 14000 / 41955...
colored 15000 / 41955...
colored 16000 / 41955...
colored 17000 / 41955...
colored 18000 / 41955...
colored 19000 / 41955...
colored 20000 / 41955...
colored 21000 / 41955...
colored 22000 / 41955...
colored 23000 / 41955...
colored 24000 / 41955...
colored 25000 / 41955...
colored 26000 / 41955...
colored 27000 / 41955...
colored 28000 / 41955...
colored 29000 / 41955...
colored 30000 / 41955...
colored 31000 / 41955...
colored 32000 / 41955...
colored 33000 / 41955...
colored 34000 / 41955...
colored 35000 / 41955...
colored 36000 / 41955...
colored 37000 / 41955...
colored 38000 / 41955...
colored 39000 / 41955...
colored 40000 / 41955...
colored 41000 / 41955...
greedy found 211 colors in 43.318 seconds
 time (s)      nb nodes       objective      
---------------------------------------------
  13.069                      211            
  13.994       949.0          210            
  37.359       24.5 k         209            
  71.642       57.3 k         208            
  212.946      184.9 k        207            
  702.299      620.1 k        206            
  3158.676     2.2 M          205            

             nb generated         39.9 M
              nb expanded         31.4 M
               nb trashed           0.0 
     avg branching factor           1.3 
                  nb eval          14.0 
                 nb guide         39.9 M
        time searched (s)      71986.930
      generated nodes / s         554.7 
        solutions created           0.0 
