printing solutions in: ./dogs-color/insts/cgshop22/sqrpecn10755.instance.json.solution.json
printing perfs in: ./dogs-color/insts/cgshop22/sqrpecn10755.instance.json.perf.json

CGSHOP Instance: compute neighbors...
computing neighbors (0 / 10755)...
computing neighbors (1000 / 10755)...
computing neighbors (2000 / 10755)...
computing neighbors (3000 / 10755)...
computing neighbors (4000 / 10755)...
computing neighbors (5000 / 10755)...
computing neighbors (6000 / 10755)...
computing neighbors (7000 / 10755)...
computing neighbors (8000 / 10755)...
computing neighbors (9000 / 10755)...
computing neighbors (10000 / 10755)...
17060      vertices
10755      segments
135        dominations
=======================
CGSHOP Instance: compute neighbors...
computing neighbors (0 / 10755)...
computing neighbors (1000 / 10755)...
computing neighbors (2000 / 10755)...
computing neighbors (3000 / 10755)...
computing neighbors (4000 / 10755)...
computing neighbors (5000 / 10755)...
computing neighbors (6000 / 10755)...
computing neighbors (7000 / 10755)...
computing neighbors (8000 / 10755)...
computing neighbors (9000 / 10755)...
computing neighbors (10000 / 10755)...
colored 1000 / 10755...
colored 2000 / 10755...
colored 3000 / 10755...
colored 4000 / 10755...
colored 5000 / 10755...
colored 6000 / 10755...
colored 7000 / 10755...
colored 8000 / 10755...
colored 9000 / 10755...
colored 10000 / 10755...
greedy found 223 colors in 3.131 seconds
 time (s)      nb nodes       objective      
---------------------------------------------
  1.141                       223            
  1.160        234.0          222            
  1.215        1.6 k          221            
  1.284        2.9 k          220            
  1.325        3.5 k          219            
  1.913        12.5 k         218            
  2.150        18.1 k         217            
  2.482        23.9 k         216            
  3.087        34.8 k         215            
  3.804        49.0 k         214            
  4.016        52.7 k         213            
  4.364        58.0 k         212            
  4.713        67.9 k         211            
  5.479        79.6 k         210            
  5.995        88.0 k         209            
  7.134        104.3 k        208            
  7.980        118.7 k        207            
  8.890        131.9 k        206            
  10.260       149.2 k        205            
  14.428       194.9 k        204            
  17.955       235.2 k        203            
  40.819       442.1 k        202            
  65.534       625.2 k        201            
  100.322      858.3 k        200            
  256.997      1.7 M          199            
  782.529      4.1 M          198            
  3691.707     15.1 M         197            
  33298.992    109.2 M        196            

             nb generated        225.8 M
              nb expanded        176.4 M
               nb trashed           0.0 
     avg branching factor           1.3 
                  nb eval          56.0 
                 nb guide        225.8 M
        time searched (s)      71998.852
      generated nodes / s          3.1 k
        solutions created           0.0 
