printing solutions in: ./dogs-color/insts/cgshop22/sqrp55426.instance.json.solution.json
printing perfs in: ./dogs-color/insts/cgshop22/sqrp55426.instance.json.perf.json

CGSHOP Instance: compute neighbors...
computing neighbors (0 / 55426)...
computing neighbors (1000 / 55426)...
computing neighbors (2000 / 55426)...
computing neighbors (3000 / 55426)...
computing neighbors (4000 / 55426)...
computing neighbors (5000 / 55426)...
computing neighbors (6000 / 55426)...
computing neighbors (7000 / 55426)...
computing neighbors (8000 / 55426)...
computing neighbors (9000 / 55426)...
computing neighbors (10000 / 55426)...
computing neighbors (11000 / 55426)...
computing neighbors (12000 / 55426)...
computing neighbors (13000 / 55426)...
computing neighbors (14000 / 55426)...
computing neighbors (15000 / 55426)...
computing neighbors (16000 / 55426)...
computing neighbors (17000 / 55426)...
computing neighbors (18000 / 55426)...
computing neighbors (19000 / 55426)...
computing neighbors (20000 / 55426)...
computing neighbors (21000 / 55426)...
computing neighbors (22000 / 55426)...
computing neighbors (23000 / 55426)...
computing neighbors (24000 / 55426)...
computing neighbors (25000 / 55426)...
computing neighbors (26000 / 55426)...
computing neighbors (27000 / 55426)...
computing neighbors (28000 / 55426)...
computing neighbors (29000 / 55426)...
computing neighbors (30000 / 55426)...
computing neighbors (31000 / 55426)...
computing neighbors (32000 / 55426)...
computing neighbors (33000 / 55426)...
computing neighbors (34000 / 55426)...
computing neighbors (35000 / 55426)...
computing neighbors (36000 / 55426)...
computing neighbors (37000 / 55426)...
computing neighbors (38000 / 55426)...
computing neighbors (39000 / 55426)...
computing neighbors (40000 / 55426)...
computing neighbors (41000 / 55426)...
computing neighbors (42000 / 55426)...
computing neighbors (43000 / 55426)...
computing neighbors (44000 / 55426)...
computing neighbors (45000 / 55426)...
computing neighbors (46000 / 55426)...
computing neighbors (47000 / 55426)...
computing neighbors (48000 / 55426)...
computing neighbors (49000 / 55426)...
computing neighbors (50000 / 55426)...
computing neighbors (51000 / 55426)...
computing neighbors (52000 / 55426)...
computing neighbors (53000 / 55426)...
computing neighbors (54000 / 55426)...
computing neighbors (55000 / 55426)...
664        vertices
55426      segments
11546      dominations
=======================
CGSHOP Instance: compute neighbors...
computing neighbors (0 / 55426)...
computing neighbors (1000 / 55426)...
computing neighbors (2000 / 55426)...
computing neighbors (3000 / 55426)...
computing neighbors (4000 / 55426)...
computing neighbors (5000 / 55426)...
computing neighbors (6000 / 55426)...
computing neighbors (7000 / 55426)...
computing neighbors (8000 / 55426)...
computing neighbors (9000 / 55426)...
computing neighbors (10000 / 55426)...
computing neighbors (11000 / 55426)...
computing neighbors (12000 / 55426)...
computing neighbors (13000 / 55426)...
computing neighbors (14000 / 55426)...
computing neighbors (15000 / 55426)...
computing neighbors (16000 / 55426)...
computing neighbors (17000 / 55426)...
computing neighbors (18000 / 55426)...
computing neighbors (19000 / 55426)...
computing neighbors (20000 / 55426)...
computing neighbors (21000 / 55426)...
computing neighbors (22000 / 55426)...
computing neighbors (23000 / 55426)...
computing neighbors (24000 / 55426)...
computing neighbors (25000 / 55426)...
computing neighbors (26000 / 55426)...
computing neighbors (27000 / 55426)...
computing neighbors (28000 / 55426)...
computing neighbors (29000 / 55426)...
computing neighbors (30000 / 55426)...
computing neighbors (31000 / 55426)...
computing neighbors (32000 / 55426)...
computing neighbors (33000 / 55426)...
computing neighbors (34000 / 55426)...
computing neighbors (35000 / 55426)...
computing neighbors (36000 / 55426)...
computing neighbors (37000 / 55426)...
computing neighbors (38000 / 55426)...
computing neighbors (39000 / 55426)...
computing neighbors (40000 / 55426)...
computing neighbors (41000 / 55426)...
computing neighbors (42000 / 55426)...
computing neighbors (43000 / 55426)...
computing neighbors (44000 / 55426)...
computing neighbors (45000 / 55426)...
computing neighbors (46000 / 55426)...
computing neighbors (47000 / 55426)...
computing neighbors (48000 / 55426)...
computing neighbors (49000 / 55426)...
computing neighbors (50000 / 55426)...
computing neighbors (51000 / 55426)...
computing neighbors (52000 / 55426)...
computing neighbors (53000 / 55426)...
computing neighbors (54000 / 55426)...
computing neighbors (55000 / 55426)...
colored 1000 / 55426...
colored 2000 / 55426...
colored 3000 / 55426...
colored 4000 / 55426...
colored 5000 / 55426...
colored 6000 / 55426...
colored 7000 / 55426...
colored 8000 / 55426...
colored 9000 / 55426...
colored 10000 / 55426...
colored 11000 / 55426...
colored 12000 / 55426...
colored 13000 / 55426...
colored 14000 / 55426...
colored 15000 / 55426...
colored 16000 / 55426...
colored 17000 / 55426...
colored 18000 / 55426...
colored 19000 / 55426...
colored 20000 / 55426...
colored 21000 / 55426...
colored 22000 / 55426...
colored 23000 / 55426...
colored 24000 / 55426...
colored 25000 / 55426...
colored 26000 / 55426...
colored 27000 / 55426...
colored 28000 / 55426...
colored 29000 / 55426...
colored 30000 / 55426...
colored 31000 / 55426...
colored 32000 / 55426...
colored 33000 / 55426...
colored 34000 / 55426...
colored 35000 / 55426...
colored 36000 / 55426...
colored 37000 / 55426...
colored 38000 / 55426...
colored 39000 / 55426...
colored 40000 / 55426...
colored 41000 / 55426...
colored 42000 / 55426...
colored 43000 / 55426...
colored 44000 / 55426...
colored 45000 / 55426...
colored 46000 / 55426...
colored 47000 / 55426...
colored 48000 / 55426...
colored 49000 / 55426...
colored 50000 / 55426...
colored 51000 / 55426...
colored 52000 / 55426...
colored 53000 / 55426...
colored 54000 / 55426...
colored 55000 / 55426...
greedy found 257 colors in 88.757 seconds
 time (s)      nb nodes       objective      
---------------------------------------------
  23.952                      257            
  23.984       5.0            256            
  47.518       17.0 k         255            
  106.708      48.4 k         254            
  374.835      204.1 k        253            
  534.231      319.6 k        252            
  928.648      538.7 k        251            
  2225.448     1.1 M          250            
  30834.551    12.9 M         249            

             nb generated         30.1 M
              nb expanded         22.0 M
               nb trashed           0.0 
     avg branching factor           1.4 
                  nb eval          18.0 
                 nb guide         30.1 M
        time searched (s)      71976.047
      generated nodes / s         417.8 
        solutions created           0.0 
