printing solutions in: ./dogs-color/insts/cgshop22/sqrp36053.instance.json.solution.json
printing perfs in: ./dogs-color/insts/cgshop22/sqrp36053.instance.json.perf.json

CGSHOP Instance: compute neighbors...
computing neighbors (0 / 36053)...
computing neighbors (1000 / 36053)...
computing neighbors (2000 / 36053)...
computing neighbors (3000 / 36053)...
computing neighbors (4000 / 36053)...
computing neighbors (5000 / 36053)...
computing neighbors (6000 / 36053)...
computing neighbors (7000 / 36053)...
computing neighbors (8000 / 36053)...
computing neighbors (9000 / 36053)...
computing neighbors (10000 / 36053)...
computing neighbors (11000 / 36053)...
computing neighbors (12000 / 36053)...
computing neighbors (13000 / 36053)...
computing neighbors (14000 / 36053)...
computing neighbors (15000 / 36053)...
computing neighbors (16000 / 36053)...
computing neighbors (17000 / 36053)...
computing neighbors (18000 / 36053)...
computing neighbors (19000 / 36053)...
computing neighbors (20000 / 36053)...
computing neighbors (21000 / 36053)...
computing neighbors (22000 / 36053)...
computing neighbors (23000 / 36053)...
computing neighbors (24000 / 36053)...
computing neighbors (25000 / 36053)...
computing neighbors (26000 / 36053)...
computing neighbors (27000 / 36053)...
computing neighbors (28000 / 36053)...
computing neighbors (29000 / 36053)...
computing neighbors (30000 / 36053)...
computing neighbors (31000 / 36053)...
computing neighbors (32000 / 36053)...
computing neighbors (33000 / 36053)...
computing neighbors (34000 / 36053)...
computing neighbors (35000 / 36053)...
computing neighbors (36000 / 36053)...
566        vertices
36053      segments
6014       dominations
=======================
CGSHOP Instance: compute neighbors...
computing neighbors (0 / 36053)...
computing neighbors (1000 / 36053)...
computing neighbors (2000 / 36053)...
computing neighbors (3000 / 36053)...
computing neighbors (4000 / 36053)...
computing neighbors (5000 / 36053)...
computing neighbors (6000 / 36053)...
computing neighbors (7000 / 36053)...
computing neighbors (8000 / 36053)...
computing neighbors (9000 / 36053)...
computing neighbors (10000 / 36053)...
computing neighbors (11000 / 36053)...
computing neighbors (12000 / 36053)...
computing neighbors (13000 / 36053)...
computing neighbors (14000 / 36053)...
computing neighbors (15000 / 36053)...
computing neighbors (16000 / 36053)...
computing neighbors (17000 / 36053)...
computing neighbors (18000 / 36053)...
computing neighbors (19000 / 36053)...
computing neighbors (20000 / 36053)...
computing neighbors (21000 / 36053)...
computing neighbors (22000 / 36053)...
computing neighbors (23000 / 36053)...
computing neighbors (24000 / 36053)...
computing neighbors (25000 / 36053)...
computing neighbors (26000 / 36053)...
computing neighbors (27000 / 36053)...
computing neighbors (28000 / 36053)...
computing neighbors (29000 / 36053)...
computing neighbors (30000 / 36053)...
computing neighbors (31000 / 36053)...
computing neighbors (32000 / 36053)...
computing neighbors (33000 / 36053)...
computing neighbors (34000 / 36053)...
computing neighbors (35000 / 36053)...
computing neighbors (36000 / 36053)...
colored 1000 / 36053...
colored 2000 / 36053...
colored 3000 / 36053...
colored 4000 / 36053...
colored 5000 / 36053...
colored 6000 / 36053...
colored 7000 / 36053...
colored 8000 / 36053...
colored 9000 / 36053...
colored 10000 / 36053...
colored 11000 / 36053...
colored 12000 / 36053...
colored 13000 / 36053...
colored 14000 / 36053...
colored 15000 / 36053...
colored 16000 / 36053...
colored 17000 / 36053...
colored 18000 / 36053...
colored 19000 / 36053...
colored 20000 / 36053...
colored 21000 / 36053...
colored 22000 / 36053...
colored 23000 / 36053...
colored 24000 / 36053...
colored 25000 / 36053...
colored 26000 / 36053...
colored 27000 / 36053...
colored 28000 / 36053...
colored 29000 / 36053...
colored 30000 / 36053...
colored 31000 / 36053...
colored 32000 / 36053...
colored 33000 / 36053...
colored 34000 / 36053...
colored 35000 / 36053...
colored 36000 / 36053...
greedy found 206 colors in 26.715 seconds
 time (s)      nb nodes       objective      
---------------------------------------------
  9.548                       206            
  9.818        6.0            205            
  20.944       20.8 k         204            
  92.174       118.1 k        203            
  152.441      212.3 k        202            
  191.855      265.8 k        201            
  301.353      389.3 k        200            
  464.870      573.7 k        199            
  1225.781     1.3 M          198            
  3341.703     3.3 M          197            

             nb generated         50.7 M
              nb expanded         41.0 M
               nb trashed           0.0 
     avg branching factor           1.2 
                  nb eval          20.0 
                 nb guide         50.7 M
        time searched (s)      71990.445
      generated nodes / s         703.7 
        solutions created           0.0 
