printing solutions in: ./dogs-color/insts/cgshop22/sqrpecn19349.instance.json.solution.json
printing perfs in: ./dogs-color/insts/cgshop22/sqrpecn19349.instance.json.perf.json

CGSHOP Instance: compute neighbors...
computing neighbors (0 / 19349)...
computing neighbors (1000 / 19349)...
computing neighbors (2000 / 19349)...
computing neighbors (3000 / 19349)...
computing neighbors (4000 / 19349)...
computing neighbors (5000 / 19349)...
computing neighbors (6000 / 19349)...
computing neighbors (7000 / 19349)...
computing neighbors (8000 / 19349)...
computing neighbors (9000 / 19349)...
computing neighbors (10000 / 19349)...
computing neighbors (11000 / 19349)...
computing neighbors (12000 / 19349)...
computing neighbors (13000 / 19349)...
computing neighbors (14000 / 19349)...
computing neighbors (15000 / 19349)...
computing neighbors (16000 / 19349)...
computing neighbors (17000 / 19349)...
computing neighbors (18000 / 19349)...
computing neighbors (19000 / 19349)...
30948      vertices
19349      segments
253        dominations
=======================
CGSHOP Instance: compute neighbors...
computing neighbors (0 / 19349)...
computing neighbors (1000 / 19349)...
computing neighbors (2000 / 19349)...
computing neighbors (3000 / 19349)...
computing neighbors (4000 / 19349)...
computing neighbors (5000 / 19349)...
computing neighbors (6000 / 19349)...
computing neighbors (7000 / 19349)...
computing neighbors (8000 / 19349)...
computing neighbors (9000 / 19349)...
computing neighbors (10000 / 19349)...
computing neighbors (11000 / 19349)...
computing neighbors (12000 / 19349)...
computing neighbors (13000 / 19349)...
computing neighbors (14000 / 19349)...
computing neighbors (15000 / 19349)...
computing neighbors (16000 / 19349)...
computing neighbors (17000 / 19349)...
computing neighbors (18000 / 19349)...
computing neighbors (19000 / 19349)...
colored 1000 / 19349...
colored 2000 / 19349...
colored 3000 / 19349...
colored 4000 / 19349...
colored 5000 / 19349...
colored 6000 / 19349...
colored 7000 / 19349...
colored 8000 / 19349...
colored 9000 / 19349...
colored 10000 / 19349...
colored 11000 / 19349...
colored 12000 / 19349...
colored 13000 / 19349...
colored 14000 / 19349...
colored 15000 / 19349...
colored 16000 / 19349...
colored 17000 / 19349...
colored 18000 / 19349...
colored 19000 / 19349...
greedy found 449 colors in 8.235 seconds
 time (s)      nb nodes       objective      
---------------------------------------------
  3.373                       449            
  3.385        41.0           448            
  3.723        3.3 k          447            
  4.417        12.3 k         446            
  4.968        20.5 k         445            
  6.432        41.9 k         444            
  6.819        47.2 k         443            
  9.637        81.5 k         442            
  10.082       92.4 k         441            
  12.180       125.5 k        440            
  12.543       134.1 k        439            
  13.658       149.5 k        438            
  15.224       170.8 k        437            
  16.228       184.6 k        436            
  16.790       194.7 k        435            
  18.229       213.9 k        434            
  26.756       293.1 k        433            
  29.522       327.0 k        432            
  37.394       396.6 k        431            
  39.997       413.5 k        430            
  42.888       441.9 k        429            
  50.347       504.6 k        428            
  75.795       700.8 k        427            
  82.625       744.4 k        426            
  91.419       794.7 k        425            
  94.197       811.2 k        424            
  114.952      963.8 k        423            
  127.037      1.0 M          422            
  133.042      1.1 M          421            
  140.153      1.1 M          420            
  142.701      1.1 M          419            
  154.893      1.2 M          418            
  161.131      1.2 M          417            
  180.129      1.3 M          416            
  262.410      1.8 M          415            
  437.922      2.5 M          414            
  454.684      2.5 M          413            
  474.614      2.6 M          412            
  536.113      2.8 M          411            
  1448.239     5.5 M          410            
  1495.452     5.6 M          409            
  1590.034     5.9 M          408            
  2007.390     7.0 M          407            
  4428.593     13.0 M         406            
  6816.267     18.7 M         405            
  6877.063     18.9 M         404            
  6957.858     19.2 M         403            
  27996.424    63.7 M         402            

             nb generated        147.9 M
              nb expanded         90.6 M
               nb trashed           0.0 
     avg branching factor           1.6 
                  nb eval          96.0 
                 nb guide        147.9 M
        time searched (s)      71996.625
      generated nodes / s          2.1 k
        solutions created           0.0 
