printing solutions in: ./dogs-color/insts/cgshop22/sqrpecn31026.instance.json.solution.json
printing perfs in: ./dogs-color/insts/cgshop22/sqrpecn31026.instance.json.perf.json

CGSHOP Instance: compute neighbors...
computing neighbors (0 / 31026)...
computing neighbors (1000 / 31026)...
computing neighbors (2000 / 31026)...
computing neighbors (3000 / 31026)...
computing neighbors (4000 / 31026)...
computing neighbors (5000 / 31026)...
computing neighbors (6000 / 31026)...
computing neighbors (7000 / 31026)...
computing neighbors (8000 / 31026)...
computing neighbors (9000 / 31026)...
computing neighbors (10000 / 31026)...
computing neighbors (11000 / 31026)...
computing neighbors (12000 / 31026)...
computing neighbors (13000 / 31026)...
computing neighbors (14000 / 31026)...
computing neighbors (15000 / 31026)...
computing neighbors (16000 / 31026)...
computing neighbors (17000 / 31026)...
computing neighbors (18000 / 31026)...
computing neighbors (19000 / 31026)...
computing neighbors (20000 / 31026)...
computing neighbors (21000 / 31026)...
computing neighbors (22000 / 31026)...
computing neighbors (23000 / 31026)...
computing neighbors (24000 / 31026)...
computing neighbors (25000 / 31026)...
computing neighbors (26000 / 31026)...
computing neighbors (27000 / 31026)...
computing neighbors (28000 / 31026)...
computing neighbors (29000 / 31026)...
computing neighbors (30000 / 31026)...
computing neighbors (31000 / 31026)...
46234      vertices
31026      segments
346        dominations
=======================
CGSHOP Instance: compute neighbors...
computing neighbors (0 / 31026)...
computing neighbors (1000 / 31026)...
computing neighbors (2000 / 31026)...
computing neighbors (3000 / 31026)...
computing neighbors (4000 / 31026)...
computing neighbors (5000 / 31026)...
computing neighbors (6000 / 31026)...
computing neighbors (7000 / 31026)...
computing neighbors (8000 / 31026)...
computing neighbors (9000 / 31026)...
computing neighbors (10000 / 31026)...
computing neighbors (11000 / 31026)...
computing neighbors (12000 / 31026)...
computing neighbors (13000 / 31026)...
computing neighbors (14000 / 31026)...
computing neighbors (15000 / 31026)...
computing neighbors (16000 / 31026)...
computing neighbors (17000 / 31026)...
computing neighbors (18000 / 31026)...
computing neighbors (19000 / 31026)...
computing neighbors (20000 / 31026)...
computing neighbors (21000 / 31026)...
computing neighbors (22000 / 31026)...
computing neighbors (23000 / 31026)...
computing neighbors (24000 / 31026)...
computing neighbors (25000 / 31026)...
computing neighbors (26000 / 31026)...
computing neighbors (27000 / 31026)...
computing neighbors (28000 / 31026)...
computing neighbors (29000 / 31026)...
computing neighbors (30000 / 31026)...
computing neighbors (31000 / 31026)...
colored 1000 / 31026...
colored 2000 / 31026...
colored 3000 / 31026...
colored 4000 / 31026...
colored 5000 / 31026...
colored 6000 / 31026...
colored 7000 / 31026...
colored 8000 / 31026...
colored 9000 / 31026...
colored 10000 / 31026...
colored 11000 / 31026...
colored 12000 / 31026...
colored 13000 / 31026...
colored 14000 / 31026...
colored 15000 / 31026...
colored 16000 / 31026...
colored 17000 / 31026...
colored 18000 / 31026...
colored 19000 / 31026...
colored 20000 / 31026...
colored 21000 / 31026...
colored 22000 / 31026...
colored 23000 / 31026...
colored 24000 / 31026...
colored 25000 / 31026...
colored 26000 / 31026...
colored 27000 / 31026...
colored 28000 / 31026...
colored 29000 / 31026...
colored 30000 / 31026...
colored 31000 / 31026...
greedy found 469 colors in 46.237 seconds
 time (s)      nb nodes       objective      
---------------------------------------------
  9.808                       469            
  10.529       2.4 k          468            
  11.111       4.5 k          467            
  12.409       9.1 k          466            
  14.156       14.6 k         465            
  16.261       23.8 k         464            
  17.859       40.7 k         463            
  19.327       48.7 k         462            
  23.487       62.7 k         461            
  25.843       88.4 k         460            
  27.633       116.0 k        459            
  30.720       137.0 k        458            
  32.648       151.2 k        457            
  37.371       178.8 k        456            
  40.026       194.0 k        455            
  43.860       210.6 k        454            
  46.562       232.7 k        453            
  52.714       264.6 k        452            
  57.635       283.9 k        451            
  68.908       324.7 k        450            
  76.490       352.8 k        449            
  84.237       373.5 k        448            
  90.981       410.1 k        447            
  92.417       424.6 k        446            
  105.748      472.0 k        445            
  122.774      521.2 k        444            
  135.568      560.3 k        443            
  159.696      622.4 k        442            
  166.335      646.6 k        441            
  210.349      722.0 k        440            
  212.980      741.6 k        439            
  216.745      755.0 k        438            
  224.567      778.3 k        437            
  288.223      897.1 k        436            
  311.032      950.2 k        435            
  359.378      1.0 M          434            
  379.430      1.1 M          433            
  401.554      1.1 M          432            
  422.926      1.2 M          431            
  480.443      1.3 M          430            
  491.653      1.3 M          429            
  508.848      1.3 M          428            
  521.376      1.4 M          427            
  535.362      1.4 M          426            
  567.406      1.5 M          425            
  986.188      2.0 M          424            
  1175.738     2.2 M          423            
  1205.030     2.3 M          422            
  1383.045     2.5 M          421            
  1478.240     2.6 M          420            
  1651.027     2.8 M          419            
  1872.599     3.1 M          418            
  2198.320     3.5 M          417            
  2203.202     3.5 M          416            
  2227.166     3.5 M          415            
  2338.377     3.6 M          414            
  2442.631     3.8 M          413            
  2601.030     3.9 M          412            
  2692.726     4.1 M          411            
  2878.292     4.3 M          410            
  3042.697     4.5 M          409            
  3072.955     4.5 M          408            
  3147.447     4.6 M          407            
  3352.271     4.8 M          406            
  6744.812     8.1 M          405            
  7373.937     8.7 M          404            
  11336.217    12.0 M         403            
  11366.284    12.0 M         402            
  11660.237    12.3 M         401            
  12013.650    12.6 M         400            
  12472.257    13.1 M         399            

             nb generated         56.8 M
              nb expanded         34.1 M
               nb trashed           0.0 
     avg branching factor           1.7 
                  nb eval         142.0 
                 nb guide         56.8 M
        time searched (s)      71990.188
      generated nodes / s         788.5 
        solutions created           0.0 
