printing solutions in: ./dogs-color/insts/cgshop22/vispecn58391.instance.json.solution.json
printing perfs in: ./dogs-color/insts/cgshop22/vispecn58391.instance.json.perf.json

CGSHOP Instance: compute neighbors...
computing neighbors (0 / 58391)...
computing neighbors (1000 / 58391)...
computing neighbors (2000 / 58391)...
computing neighbors (3000 / 58391)...
computing neighbors (4000 / 58391)...
computing neighbors (5000 / 58391)...
computing neighbors (6000 / 58391)...
computing neighbors (7000 / 58391)...
computing neighbors (8000 / 58391)...
computing neighbors (9000 / 58391)...
computing neighbors (10000 / 58391)...
computing neighbors (11000 / 58391)...
computing neighbors (12000 / 58391)...
computing neighbors (13000 / 58391)...
computing neighbors (14000 / 58391)...
computing neighbors (15000 / 58391)...
computing neighbors (16000 / 58391)...
computing neighbors (17000 / 58391)...
computing neighbors (18000 / 58391)...
computing neighbors (19000 / 58391)...
computing neighbors (20000 / 58391)...
computing neighbors (21000 / 58391)...
computing neighbors (22000 / 58391)...
computing neighbors (23000 / 58391)...
computing neighbors (24000 / 58391)...
computing neighbors (25000 / 58391)...
computing neighbors (26000 / 58391)...
computing neighbors (27000 / 58391)...
computing neighbors (28000 / 58391)...
computing neighbors (29000 / 58391)...
computing neighbors (30000 / 58391)...
computing neighbors (31000 / 58391)...
computing neighbors (32000 / 58391)...
computing neighbors (33000 / 58391)...
computing neighbors (34000 / 58391)...
computing neighbors (35000 / 58391)...
computing neighbors (36000 / 58391)...
computing neighbors (37000 / 58391)...
computing neighbors (38000 / 58391)...
computing neighbors (39000 / 58391)...
computing neighbors (40000 / 58391)...
computing neighbors (41000 / 58391)...
computing neighbors (42000 / 58391)...
computing neighbors (43000 / 58391)...
computing neighbors (44000 / 58391)...
computing neighbors (45000 / 58391)...
computing neighbors (46000 / 58391)...
computing neighbors (47000 / 58391)...
computing neighbors (48000 / 58391)...
computing neighbors (49000 / 58391)...
computing neighbors (50000 / 58391)...
computing neighbors (51000 / 58391)...
computing neighbors (52000 / 58391)...
computing neighbors (53000 / 58391)...
computing neighbors (54000 / 58391)...
computing neighbors (55000 / 58391)...
computing neighbors (56000 / 58391)...
computing neighbors (57000 / 58391)...
computing neighbors (58000 / 58391)...
81528      vertices
58391      segments
350        dominations
=======================
CGSHOP Instance: compute neighbors...
computing neighbors (0 / 58391)...
computing neighbors (1000 / 58391)...
computing neighbors (2000 / 58391)...
computing neighbors (3000 / 58391)...
computing neighbors (4000 / 58391)...
computing neighbors (5000 / 58391)...
computing neighbors (6000 / 58391)...
computing neighbors (7000 / 58391)...
computing neighbors (8000 / 58391)...
computing neighbors (9000 / 58391)...
computing neighbors (10000 / 58391)...
computing neighbors (11000 / 58391)...
computing neighbors (12000 / 58391)...
computing neighbors (13000 / 58391)...
computing neighbors (14000 / 58391)...
computing neighbors (15000 / 58391)...
computing neighbors (16000 / 58391)...
computing neighbors (17000 / 58391)...
computing neighbors (18000 / 58391)...
computing neighbors (19000 / 58391)...
computing neighbors (20000 / 58391)...
computing neighbors (21000 / 58391)...
computing neighbors (22000 / 58391)...
computing neighbors (23000 / 58391)...
computing neighbors (24000 / 58391)...
computing neighbors (25000 / 58391)...
computing neighbors (26000 / 58391)...
computing neighbors (27000 / 58391)...
computing neighbors (28000 / 58391)...
computing neighbors (29000 / 58391)...
computing neighbors (30000 / 58391)...
computing neighbors (31000 / 58391)...
computing neighbors (32000 / 58391)...
computing neighbors (33000 / 58391)...
computing neighbors (34000 / 58391)...
computing neighbors (35000 / 58391)...
computing neighbors (36000 / 58391)...
computing neighbors (37000 / 58391)...
computing neighbors (38000 / 58391)...
computing neighbors (39000 / 58391)...
computing neighbors (40000 / 58391)...
computing neighbors (41000 / 58391)...
computing neighbors (42000 / 58391)...
computing neighbors (43000 / 58391)...
computing neighbors (44000 / 58391)...
computing neighbors (45000 / 58391)...
computing neighbors (46000 / 58391)...
computing neighbors (47000 / 58391)...
computing neighbors (48000 / 58391)...
computing neighbors (49000 / 58391)...
computing neighbors (50000 / 58391)...
computing neighbors (51000 / 58391)...
computing neighbors (52000 / 58391)...
computing neighbors (53000 / 58391)...
computing neighbors (54000 / 58391)...
computing neighbors (55000 / 58391)...
computing neighbors (56000 / 58391)...
computing neighbors (57000 / 58391)...
computing neighbors (58000 / 58391)...
colored 1000 / 58391...
colored 2000 / 58391...
colored 3000 / 58391...
colored 4000 / 58391...
colored 5000 / 58391...
colored 6000 / 58391...
colored 7000 / 58391...
colored 8000 / 58391...
colored 9000 / 58391...
colored 10000 / 58391...
colored 11000 / 58391...
colored 12000 / 58391...
colored 13000 / 58391...
colored 14000 / 58391...
colored 15000 / 58391...
colored 16000 / 58391...
colored 17000 / 58391...
colored 18000 / 58391...
colored 19000 / 58391...
colored 20000 / 58391...
colored 21000 / 58391...
colored 22000 / 58391...
colored 23000 / 58391...
colored 24000 / 58391...
colored 25000 / 58391...
colored 26000 / 58391...
colored 27000 / 58391...
colored 28000 / 58391...
colored 29000 / 58391...
colored 30000 / 58391...
colored 31000 / 58391...
colored 32000 / 58391...
colored 33000 / 58391...
colored 34000 / 58391...
colored 35000 / 58391...
colored 36000 / 58391...
colored 37000 / 58391...
colored 38000 / 58391...
colored 39000 / 58391...
colored 40000 / 58391...
colored 41000 / 58391...
colored 42000 / 58391...
colored 43000 / 58391...
colored 44000 / 58391...
colored 45000 / 58391...
colored 46000 / 58391...
colored 47000 / 58391...
colored 48000 / 58391...
colored 49000 / 58391...
colored 50000 / 58391...
colored 51000 / 58391...
colored 52000 / 58391...
colored 53000 / 58391...
colored 54000 / 58391...
colored 55000 / 58391...
colored 56000 / 58391...
colored 57000 / 58391...
colored 58000 / 58391...
greedy found 507 colors in 106.362 seconds
 time (s)      nb nodes       objective      
---------------------------------------------
  18.381                      507            
  18.844       21.0           506            
  19.051       895.0          505            
  19.330       1.9 k          504            
  19.646       3.2 k          503            
  19.838       3.9 k          502            
  19.988       4.5 k          501            
  20.113       4.8 k          500            
  20.208       5.2 k          499            
  20.484       5.8 k          498            
  20.770       7.4 k          497            
  21.000       9.2 k          496            
  22.198       13.0 k         495            
  22.485       14.5 k         494            
  23.393       17.4 k         493            
  23.803       18.9 k         492            
  26.341       25.0 k         491            
  26.871       28.0 k         490            
  27.084       29.1 k         489            
  27.417       30.3 k         488            
  27.943       33.1 k         487            
  28.312       34.9 k         486            
  29.387       39.1 k         485            
  29.562       39.4 k         484            
  30.211       43.3 k         483            
  30.790       45.2 k         482            
  32.860       53.4 k         481            
  33.473       55.4 k         480            
  38.328       70.8 k         479            
  39.912       75.7 k         478            
  40.468       78.1 k         477            
  42.738       85.2 k         476            
  46.382       96.6 k         475            
  54.756       114.6 k        474            
  56.643       121.2 k        473            
  58.208       126.0 k        472            
  60.724       134.8 k        471            
  63.872       145.7 k        470            
  65.678       153.1 k        469            
  68.147       160.8 k        468            
  68.810       165.0 k        467            
  70.440       173.3 k        466            
  73.474       181.9 k        465            
  75.632       191.4 k        464            
  80.859       210.7 k        463            
  86.953       233.3 k        462            
  89.657       244.4 k        461            
  90.985       255.5 k        460            
  94.281       268.6 k        459            
  103.696      295.7 k        458            
  109.558      313.9 k        457            
  115.241      337.2 k        456            
  117.870      348.8 k        455            
  124.127      370.9 k        454            
  130.497      396.1 k        453            
  133.482      410.9 k        452            
  137.744      432.7 k        451            
  148.758      458.0 k        450            
  159.500      484.3 k        449            
  163.983      498.6 k        448            
  173.082      522.9 k        447            
  180.476      545.5 k        446            
  187.252      562.3 k        445            
  194.200      588.7 k        444            
  208.558      618.4 k        443            
  213.651      631.6 k        442            
  223.655      664.5 k        441            
  233.244      697.5 k        440            
  247.066      742.1 k        439            
  254.232      770.5 k        438            
  269.360      821.5 k        437            
  287.425      860.2 k        436            
  294.982      885.6 k        435            
  300.422      901.7 k        434            
  307.712      927.9 k        433            
  327.004      988.4 k        432            
  362.262      1.1 M          431            
  380.596      1.1 M          430            
  395.438      1.2 M          429            
  437.210      1.3 M          428            
  444.559      1.3 M          427            
  457.306      1.3 M          426            
  471.917      1.4 M          425            
  493.431      1.4 M          424            
  507.993      1.5 M          423            
  527.578      1.5 M          422            
  586.021      1.7 M          421            
  622.625      1.8 M          420            
  690.290      1.9 M          419            
  706.311      1.9 M          418            
  720.939      2.0 M          417            
  792.036      2.1 M          416            
  896.424      2.3 M          415            
  918.402      2.4 M          414            
  975.581      2.5 M          413            
  1007.480     2.6 M          412            
  1042.182     2.7 M          411            
  1077.917     2.8 M          410            
  1095.428     2.8 M          409            
  1326.388     3.2 M          408            
  1462.365     3.5 M          407            
  1491.420     3.6 M          406            
  1827.366     4.2 M          405            
  1974.256     4.5 M          404            
  2292.919     5.0 M          403            
  2493.345     5.3 M          402            
  2521.568     5.3 M          401            
  2548.605     5.4 M          400            
  4353.746     8.0 M          399            
  4391.947     8.1 M          398            
  4407.071     8.1 M          397            
  4434.931     8.1 M          396            
  4509.577     8.3 M          395            
  4624.740     8.5 M          394            
  7305.580     12.2 M         393            
  7336.364     12.3 M         392            
  7361.733     12.3 M         391            
  7476.832     12.5 M         390            
  7860.854     13.0 M         389            
  7925.536     13.1 M         388            
  19564.307    27.2 M         387            
  20800.227    28.6 M         386            
  21170.648    29.1 M         385            
  21825.824    29.9 M         384            
  22529.789    30.6 M         383            
  22725.264    30.9 M         382            
  23976.561    32.6 M         381            
  69757.680    81.7 M         380            
  71074.047    83.0 M         379            

             nb generated         84.2 M
              nb expanded         36.5 M
               nb trashed           0.0 
     avg branching factor           2.3 
                  nb eval         258.0 
                 nb guide         84.2 M
        time searched (s)      71981.617
      generated nodes / s          1.2 k
        solutions created           0.0 
