printing solutions in: ./dogs-color/insts/cgshop22/vispecn26025.instance.json.solution.json
printing perfs in: ./dogs-color/insts/cgshop22/vispecn26025.instance.json.perf.json

CGSHOP Instance: compute neighbors...
computing neighbors (0 / 26025)...
computing neighbors (1000 / 26025)...
computing neighbors (2000 / 26025)...
computing neighbors (3000 / 26025)...
computing neighbors (4000 / 26025)...
computing neighbors (5000 / 26025)...
computing neighbors (6000 / 26025)...
computing neighbors (7000 / 26025)...
computing neighbors (8000 / 26025)...
computing neighbors (9000 / 26025)...
computing neighbors (10000 / 26025)...
computing neighbors (11000 / 26025)...
computing neighbors (12000 / 26025)...
computing neighbors (13000 / 26025)...
computing neighbors (14000 / 26025)...
computing neighbors (15000 / 26025)...
computing neighbors (16000 / 26025)...
computing neighbors (17000 / 26025)...
computing neighbors (18000 / 26025)...
computing neighbors (19000 / 26025)...
computing neighbors (20000 / 26025)...
computing neighbors (21000 / 26025)...
computing neighbors (22000 / 26025)...
computing neighbors (23000 / 26025)...
computing neighbors (24000 / 26025)...
computing neighbors (25000 / 26025)...
computing neighbors (26000 / 26025)...
36348      vertices
26025      segments
263        dominations
=======================
CGSHOP Instance: compute neighbors...
computing neighbors (0 / 26025)...
computing neighbors (1000 / 26025)...
computing neighbors (2000 / 26025)...
computing neighbors (3000 / 26025)...
computing neighbors (4000 / 26025)...
computing neighbors (5000 / 26025)...
computing neighbors (6000 / 26025)...
computing neighbors (7000 / 26025)...
computing neighbors (8000 / 26025)...
computing neighbors (9000 / 26025)...
computing neighbors (10000 / 26025)...
computing neighbors (11000 / 26025)...
computing neighbors (12000 / 26025)...
computing neighbors (13000 / 26025)...
computing neighbors (14000 / 26025)...
computing neighbors (15000 / 26025)...
computing neighbors (16000 / 26025)...
computing neighbors (17000 / 26025)...
computing neighbors (18000 / 26025)...
computing neighbors (19000 / 26025)...
computing neighbors (20000 / 26025)...
computing neighbors (21000 / 26025)...
computing neighbors (22000 / 26025)...
computing neighbors (23000 / 26025)...
computing neighbors (24000 / 26025)...
computing neighbors (25000 / 26025)...
computing neighbors (26000 / 26025)...
colored 1000 / 26025...
colored 2000 / 26025...
colored 3000 / 26025...
colored 4000 / 26025...
colored 5000 / 26025...
colored 6000 / 26025...
colored 7000 / 26025...
colored 8000 / 26025...
colored 9000 / 26025...
colored 10000 / 26025...
colored 11000 / 26025...
colored 12000 / 26025...
colored 13000 / 26025...
colored 14000 / 26025...
colored 15000 / 26025...
colored 16000 / 26025...
colored 17000 / 26025...
colored 18000 / 26025...
colored 19000 / 26025...
colored 20000 / 26025...
colored 21000 / 26025...
colored 22000 / 26025...
colored 23000 / 26025...
colored 24000 / 26025...
colored 25000 / 26025...
colored 26000 / 26025...
greedy found 279 colors in 11.243 seconds
 time (s)      nb nodes       objective      
---------------------------------------------
  3.071                       279            
  3.143        2.0            278            
  3.168        463.0          277            
  3.180        625.0          276            
  3.236        2.0 k          275            
  3.258        2.3 k          274            
  3.278        2.4 k          273            
  3.342        3.6 k          272            
  3.415        4.9 k          271            
  3.482        6.1 k          270            
  3.558        8.4 k          269            
  3.640        10.7 k         268            
  3.728        13.3 k         267            
  3.835        15.1 k         266            
  4.273        25.9 k         265            
  4.418        29.4 k         264            
  4.456        30.0 k         263            
  4.663        34.7 k         262            
  4.898        40.2 k         261            
  5.403        51.0 k         260            
  5.604        54.9 k         259            
  6.221        66.3 k         258            
  6.557        73.3 k         257            
  7.000        81.4 k         256            
  7.396        91.8 k         255            
  7.681        96.5 k         254            
  7.912        101.7 k        253            
  8.041        104.7 k        252            
  8.444        114.4 k        251            
  8.905        127.7 k        250            
  9.552        141.0 k        249            
  10.308       155.6 k        248            
  12.231       193.3 k        247            
  12.545       200.9 k        246            
  14.035       225.5 k        245            
  15.071       240.5 k        244            
  15.848       254.2 k        243            
  17.355       279.5 k        242            
  18.140       297.0 k        241            
  20.612       339.7 k        240            
  21.798       360.9 k        239            
  22.343       370.3 k        238            
  23.772       401.4 k        237            
  26.531       446.6 k        236            
  29.673       497.7 k        235            
  34.713       571.4 k        234            
  35.524       587.8 k        233            
  38.593       642.5 k        232            
  42.666       704.0 k        231            
  44.139       730.2 k        230            
  50.007       828.3 k        229            
  52.237       867.9 k        228            
  61.230       994.8 k        227            
  67.514       1.1 M          226            
  87.464       1.3 M          225            
  92.611       1.4 M          224            
  111.839      1.6 M          223            
  122.770      1.7 M          222            
  185.944      2.4 M          221            
  188.213      2.4 M          220            
  210.806      2.6 M          219            
  283.573      3.3 M          218            
  314.420      3.5 M          217            
  477.578      4.9 M          216            
  679.170      6.3 M          215            
  686.620      6.4 M          214            
  725.617      6.8 M          213            
  1076.585     9.3 M          212            
  1235.737     10.4 M         211            
  1330.347     11.0 M         210            
  5340.177     33.3 M         209            
  16458.666    90.6 M         208            
  34124.332    178.9 M        207            

             nb generated        357.4 M
              nb expanded        174.7 M
               nb trashed           0.0 
     avg branching factor           2.0 
                  nb eval         146.0 
                 nb guide        357.4 M
        time searched (s)      71996.922
      generated nodes / s          5.0 k
        solutions created           0.0 
