printing solutions in: ./dogs-color/insts/cgshop22/visp41039.instance.json.solution.json
printing perfs in: ./dogs-color/insts/cgshop22/visp41039.instance.json.perf.json

CGSHOP Instance: compute neighbors...
computing neighbors (0 / 41039)...
computing neighbors (1000 / 41039)...
computing neighbors (2000 / 41039)...
computing neighbors (3000 / 41039)...
computing neighbors (4000 / 41039)...
computing neighbors (5000 / 41039)...
computing neighbors (6000 / 41039)...
computing neighbors (7000 / 41039)...
computing neighbors (8000 / 41039)...
computing neighbors (9000 / 41039)...
computing neighbors (10000 / 41039)...
computing neighbors (11000 / 41039)...
computing neighbors (12000 / 41039)...
computing neighbors (13000 / 41039)...
computing neighbors (14000 / 41039)...
computing neighbors (15000 / 41039)...
computing neighbors (16000 / 41039)...
computing neighbors (17000 / 41039)...
computing neighbors (18000 / 41039)...
computing neighbors (19000 / 41039)...
computing neighbors (20000 / 41039)...
computing neighbors (21000 / 41039)...
computing neighbors (22000 / 41039)...
computing neighbors (23000 / 41039)...
computing neighbors (24000 / 41039)...
computing neighbors (25000 / 41039)...
computing neighbors (26000 / 41039)...
computing neighbors (27000 / 41039)...
computing neighbors (28000 / 41039)...
computing neighbors (29000 / 41039)...
computing neighbors (30000 / 41039)...
computing neighbors (31000 / 41039)...
computing neighbors (32000 / 41039)...
computing neighbors (33000 / 41039)...
computing neighbors (34000 / 41039)...
computing neighbors (35000 / 41039)...
computing neighbors (36000 / 41039)...
computing neighbors (37000 / 41039)...
computing neighbors (38000 / 41039)...
computing neighbors (39000 / 41039)...
computing neighbors (40000 / 41039)...
computing neighbors (41000 / 41039)...
607        vertices
41039      segments
18957      dominations
=======================
CGSHOP Instance: compute neighbors...
computing neighbors (0 / 41039)...
computing neighbors (1000 / 41039)...
computing neighbors (2000 / 41039)...
computing neighbors (3000 / 41039)...
computing neighbors (4000 / 41039)...
computing neighbors (5000 / 41039)...
computing neighbors (6000 / 41039)...
computing neighbors (7000 / 41039)...
computing neighbors (8000 / 41039)...
computing neighbors (9000 / 41039)...
computing neighbors (10000 / 41039)...
computing neighbors (11000 / 41039)...
computing neighbors (12000 / 41039)...
computing neighbors (13000 / 41039)...
computing neighbors (14000 / 41039)...
computing neighbors (15000 / 41039)...
computing neighbors (16000 / 41039)...
computing neighbors (17000 / 41039)...
computing neighbors (18000 / 41039)...
computing neighbors (19000 / 41039)...
computing neighbors (20000 / 41039)...
computing neighbors (21000 / 41039)...
computing neighbors (22000 / 41039)...
computing neighbors (23000 / 41039)...
computing neighbors (24000 / 41039)...
computing neighbors (25000 / 41039)...
computing neighbors (26000 / 41039)...
computing neighbors (27000 / 41039)...
computing neighbors (28000 / 41039)...
computing neighbors (29000 / 41039)...
computing neighbors (30000 / 41039)...
computing neighbors (31000 / 41039)...
computing neighbors (32000 / 41039)...
computing neighbors (33000 / 41039)...
computing neighbors (34000 / 41039)...
computing neighbors (35000 / 41039)...
computing neighbors (36000 / 41039)...
computing neighbors (37000 / 41039)...
computing neighbors (38000 / 41039)...
computing neighbors (39000 / 41039)...
computing neighbors (40000 / 41039)...
computing neighbors (41000 / 41039)...
colored 1000 / 41039...
colored 2000 / 41039...
colored 3000 / 41039...
colored 4000 / 41039...
colored 5000 / 41039...
colored 6000 / 41039...
colored 7000 / 41039...
colored 8000 / 41039...
colored 9000 / 41039...
colored 10000 / 41039...
colored 11000 / 41039...
colored 12000 / 41039...
colored 13000 / 41039...
colored 14000 / 41039...
colored 15000 / 41039...
colored 16000 / 41039...
colored 17000 / 41039...
colored 18000 / 41039...
colored 19000 / 41039...
colored 20000 / 41039...
colored 21000 / 41039...
colored 22000 / 41039...
colored 23000 / 41039...
colored 24000 / 41039...
colored 25000 / 41039...
colored 26000 / 41039...
colored 27000 / 41039...
colored 28000 / 41039...
colored 29000 / 41039...
colored 30000 / 41039...
colored 31000 / 41039...
colored 32000 / 41039...
colored 33000 / 41039...
colored 34000 / 41039...
colored 35000 / 41039...
colored 36000 / 41039...
colored 37000 / 41039...
colored 38000 / 41039...
colored 39000 / 41039...
colored 40000 / 41039...
colored 41000 / 41039...
greedy found 151 colors in 25.232 seconds
 time (s)      nb nodes       objective      
---------------------------------------------
  7.641                       151            
  8.157        372.0          150            
  18.093       31.6 k         149            
  30.375       73.2 k         148            
  54.769       146.5 k        147            
  142.892      361.1 k        146            
  261.359      626.2 k        145            
  429.661      994.3 k        144            
  669.422      1.4 M          143            
  822.258      1.8 M          142            
  1272.202     2.6 M          141            
  3290.744     6.0 M          140            
  3648.684     6.6 M          139            
  9625.938     16.2 M         138            
  13443.291    22.0 M         137            
  21783.877    35.1 M         136            
  63906.668    101.9 M        135            

             nb generated        115.6 M
              nb expanded         82.3 M
               nb trashed           0.0 
     avg branching factor           1.4 
                  nb eval          34.0 
                 nb guide        115.6 M
        time searched (s)      71992.352
      generated nodes / s          1.6 k
        solutions created           0.0 
