printing solutions in: ./dogs-color/insts/cgshop22/visp26405.instance.json.solution.json
printing perfs in: ./dogs-color/insts/cgshop22/visp26405.instance.json.perf.json

CGSHOP Instance: compute neighbors...
computing neighbors (0 / 26405)...
computing neighbors (1000 / 26405)...
computing neighbors (2000 / 26405)...
computing neighbors (3000 / 26405)...
computing neighbors (4000 / 26405)...
computing neighbors (5000 / 26405)...
computing neighbors (6000 / 26405)...
computing neighbors (7000 / 26405)...
computing neighbors (8000 / 26405)...
computing neighbors (9000 / 26405)...
computing neighbors (10000 / 26405)...
computing neighbors (11000 / 26405)...
computing neighbors (12000 / 26405)...
computing neighbors (13000 / 26405)...
computing neighbors (14000 / 26405)...
computing neighbors (15000 / 26405)...
computing neighbors (16000 / 26405)...
computing neighbors (17000 / 26405)...
computing neighbors (18000 / 26405)...
computing neighbors (19000 / 26405)...
computing neighbors (20000 / 26405)...
computing neighbors (21000 / 26405)...
computing neighbors (22000 / 26405)...
computing neighbors (23000 / 26405)...
computing neighbors (24000 / 26405)...
computing neighbors (25000 / 26405)...
computing neighbors (26000 / 26405)...
729        vertices
26405      segments
12902      dominations
=======================
CGSHOP Instance: compute neighbors...
computing neighbors (0 / 26405)...
computing neighbors (1000 / 26405)...
computing neighbors (2000 / 26405)...
computing neighbors (3000 / 26405)...
computing neighbors (4000 / 26405)...
computing neighbors (5000 / 26405)...
computing neighbors (6000 / 26405)...
computing neighbors (7000 / 26405)...
computing neighbors (8000 / 26405)...
computing neighbors (9000 / 26405)...
computing neighbors (10000 / 26405)...
computing neighbors (11000 / 26405)...
computing neighbors (12000 / 26405)...
computing neighbors (13000 / 26405)...
computing neighbors (14000 / 26405)...
computing neighbors (15000 / 26405)...
computing neighbors (16000 / 26405)...
computing neighbors (17000 / 26405)...
computing neighbors (18000 / 26405)...
computing neighbors (19000 / 26405)...
computing neighbors (20000 / 26405)...
computing neighbors (21000 / 26405)...
computing neighbors (22000 / 26405)...
computing neighbors (23000 / 26405)...
computing neighbors (24000 / 26405)...
computing neighbors (25000 / 26405)...
computing neighbors (26000 / 26405)...
colored 1000 / 26405...
colored 2000 / 26405...
colored 3000 / 26405...
colored 4000 / 26405...
colored 5000 / 26405...
colored 6000 / 26405...
colored 7000 / 26405...
colored 8000 / 26405...
colored 9000 / 26405...
colored 10000 / 26405...
colored 11000 / 26405...
colored 12000 / 26405...
colored 13000 / 26405...
colored 14000 / 26405...
colored 15000 / 26405...
colored 16000 / 26405...
colored 17000 / 26405...
colored 18000 / 26405...
colored 19000 / 26405...
colored 20000 / 26405...
colored 21000 / 26405...
colored 22000 / 26405...
colored 23000 / 26405...
colored 24000 / 26405...
colored 25000 / 26405...
colored 26000 / 26405...
greedy found 98 colors in 7.134 seconds
 time (s)      nb nodes       objective      
---------------------------------------------
  2.436                       98             
  2.446        2.0            97             
  2.489        80.0           96             
  2.507        241.0          95             
  2.574        1.2 k          94             
  2.654        2.1 k          93             
  3.254        9.3 k          92             
  3.762        15.1 k         91             
  6.497        43.7 k         90             
  10.703       137.7 k        89             
  15.730       204.4 k        88             
  42.189       490.0 k        87             
  143.721      1.3 M          86             
  168.021      1.5 M          85             
  639.584      4.6 M          84             
  710.873      5.1 M          83             
  2376.262     15.7 M         82             
  26385.082    160.5 M        81             

             nb generated        956.8 M
              nb expanded        264.1 M
               nb trashed           0.0 
     avg branching factor           3.6 
                  nb eval          36.0 
                 nb guide        956.8 M
        time searched (s)      71997.562
      generated nodes / s         13.3 k
        solutions created           0.0 
invalid solution (reason: ConflictingEdge(3828, 25770))
