printing solutions in: ./dogs-color/insts/cgshop22/visp40191.instance.json.solution.json
printing perfs in: ./dogs-color/insts/cgshop22/visp40191.instance.json.perf.json

CGSHOP Instance: compute neighbors...
computing neighbors (0 / 40191)...
computing neighbors (1000 / 40191)...
computing neighbors (2000 / 40191)...
computing neighbors (3000 / 40191)...
computing neighbors (4000 / 40191)...
computing neighbors (5000 / 40191)...
computing neighbors (6000 / 40191)...
computing neighbors (7000 / 40191)...
computing neighbors (8000 / 40191)...
computing neighbors (9000 / 40191)...
computing neighbors (10000 / 40191)...
computing neighbors (11000 / 40191)...
computing neighbors (12000 / 40191)...
computing neighbors (13000 / 40191)...
computing neighbors (14000 / 40191)...
computing neighbors (15000 / 40191)...
computing neighbors (16000 / 40191)...
computing neighbors (17000 / 40191)...
computing neighbors (18000 / 40191)...
computing neighbors (19000 / 40191)...
computing neighbors (20000 / 40191)...
computing neighbors (21000 / 40191)...
computing neighbors (22000 / 40191)...
computing neighbors (23000 / 40191)...
computing neighbors (24000 / 40191)...
computing neighbors (25000 / 40191)...
computing neighbors (26000 / 40191)...
computing neighbors (27000 / 40191)...
computing neighbors (28000 / 40191)...
computing neighbors (29000 / 40191)...
computing neighbors (30000 / 40191)...
computing neighbors (31000 / 40191)...
computing neighbors (32000 / 40191)...
computing neighbors (33000 / 40191)...
computing neighbors (34000 / 40191)...
computing neighbors (35000 / 40191)...
computing neighbors (36000 / 40191)...
computing neighbors (37000 / 40191)...
computing neighbors (38000 / 40191)...
computing neighbors (39000 / 40191)...
computing neighbors (40000 / 40191)...
795        vertices
40191      segments
19062      dominations
=======================
CGSHOP Instance: compute neighbors...
computing neighbors (0 / 40191)...
computing neighbors (1000 / 40191)...
computing neighbors (2000 / 40191)...
computing neighbors (3000 / 40191)...
computing neighbors (4000 / 40191)...
computing neighbors (5000 / 40191)...
computing neighbors (6000 / 40191)...
computing neighbors (7000 / 40191)...
computing neighbors (8000 / 40191)...
computing neighbors (9000 / 40191)...
computing neighbors (10000 / 40191)...
computing neighbors (11000 / 40191)...
computing neighbors (12000 / 40191)...
computing neighbors (13000 / 40191)...
computing neighbors (14000 / 40191)...
computing neighbors (15000 / 40191)...
computing neighbors (16000 / 40191)...
computing neighbors (17000 / 40191)...
computing neighbors (18000 / 40191)...
computing neighbors (19000 / 40191)...
computing neighbors (20000 / 40191)...
computing neighbors (21000 / 40191)...
computing neighbors (22000 / 40191)...
computing neighbors (23000 / 40191)...
computing neighbors (24000 / 40191)...
computing neighbors (25000 / 40191)...
computing neighbors (26000 / 40191)...
computing neighbors (27000 / 40191)...
computing neighbors (28000 / 40191)...
computing neighbors (29000 / 40191)...
computing neighbors (30000 / 40191)...
computing neighbors (31000 / 40191)...
computing neighbors (32000 / 40191)...
computing neighbors (33000 / 40191)...
computing neighbors (34000 / 40191)...
computing neighbors (35000 / 40191)...
computing neighbors (36000 / 40191)...
computing neighbors (37000 / 40191)...
computing neighbors (38000 / 40191)...
computing neighbors (39000 / 40191)...
computing neighbors (40000 / 40191)...
colored 1000 / 40191...
colored 2000 / 40191...
colored 3000 / 40191...
colored 4000 / 40191...
colored 5000 / 40191...
colored 6000 / 40191...
colored 7000 / 40191...
colored 8000 / 40191...
colored 9000 / 40191...
colored 10000 / 40191...
colored 11000 / 40191...
colored 12000 / 40191...
colored 13000 / 40191...
colored 14000 / 40191...
colored 15000 / 40191...
colored 16000 / 40191...
colored 17000 / 40191...
colored 18000 / 40191...
colored 19000 / 40191...
colored 20000 / 40191...
colored 21000 / 40191...
colored 22000 / 40191...
colored 23000 / 40191...
colored 24000 / 40191...
colored 25000 / 40191...
colored 26000 / 40191...
colored 27000 / 40191...
colored 28000 / 40191...
colored 29000 / 40191...
colored 30000 / 40191...
colored 31000 / 40191...
colored 32000 / 40191...
colored 33000 / 40191...
colored 34000 / 40191...
colored 35000 / 40191...
colored 36000 / 40191...
colored 37000 / 40191...
colored 38000 / 40191...
colored 39000 / 40191...
colored 40000 / 40191...
greedy found 125 colors in 18.083 seconds
 time (s)      nb nodes       objective      
---------------------------------------------
  5.592                       125            
  5.748        96.0           124            
  5.805        225.0          123            
  5.852        407.0          122            
  5.973        970.0          121            
  7.479        9.5 k          120            
  8.659        14.4 k         119            
  9.868        20.0 k         118            
  10.602       23.5 k         117            
  13.272       36.5 k         116            
  16.060       49.3 k         115            
  21.532       70.7 k         114            
  25.111       88.2 k         113            
  45.019       270.2 k        112            
  124.930      687.5 k        111            
  353.351      1.9 M          110            
  593.839      2.7 M          109            
  698.228      3.0 M          108            
  1051.589     4.1 M          107            
  3031.596     10.3 M         106            
  8614.058     27.4 M         105            
  55833.441    180.5 M        104            

             nb generated          4.5 B
              nb expanded        132.0 M
               nb trashed           0.0 
     avg branching factor          33.8 
                  nb eval          44.0 
                 nb guide          4.5 B
        time searched (s)      71994.406
      generated nodes / s         62.0 k
        solutions created           0.0 
invalid solution (reason: ConflictingEdge(6546, 18042))
