printing solutions in: ./dogs-color/insts/cgshop22/visp64932.instance.json.solution.json
printing perfs in: ./dogs-color/insts/cgshop22/visp64932.instance.json.perf.json

CGSHOP Instance: compute neighbors...
computing neighbors (0 / 64932)...
computing neighbors (1000 / 64932)...
computing neighbors (2000 / 64932)...
computing neighbors (3000 / 64932)...
computing neighbors (4000 / 64932)...
computing neighbors (5000 / 64932)...
computing neighbors (6000 / 64932)...
computing neighbors (7000 / 64932)...
computing neighbors (8000 / 64932)...
computing neighbors (9000 / 64932)...
computing neighbors (10000 / 64932)...
computing neighbors (11000 / 64932)...
computing neighbors (12000 / 64932)...
computing neighbors (13000 / 64932)...
computing neighbors (14000 / 64932)...
computing neighbors (15000 / 64932)...
computing neighbors (16000 / 64932)...
computing neighbors (17000 / 64932)...
computing neighbors (18000 / 64932)...
computing neighbors (19000 / 64932)...
computing neighbors (20000 / 64932)...
computing neighbors (21000 / 64932)...
computing neighbors (22000 / 64932)...
computing neighbors (23000 / 64932)...
computing neighbors (24000 / 64932)...
computing neighbors (25000 / 64932)...
computing neighbors (26000 / 64932)...
computing neighbors (27000 / 64932)...
computing neighbors (28000 / 64932)...
computing neighbors (29000 / 64932)...
computing neighbors (30000 / 64932)...
computing neighbors (31000 / 64932)...
computing neighbors (32000 / 64932)...
computing neighbors (33000 / 64932)...
computing neighbors (34000 / 64932)...
computing neighbors (35000 / 64932)...
computing neighbors (36000 / 64932)...
computing neighbors (37000 / 64932)...
computing neighbors (38000 / 64932)...
computing neighbors (39000 / 64932)...
computing neighbors (40000 / 64932)...
computing neighbors (41000 / 64932)...
computing neighbors (42000 / 64932)...
computing neighbors (43000 / 64932)...
computing neighbors (44000 / 64932)...
computing neighbors (45000 / 64932)...
computing neighbors (46000 / 64932)...
computing neighbors (47000 / 64932)...
computing neighbors (48000 / 64932)...
computing neighbors (49000 / 64932)...
computing neighbors (50000 / 64932)...
computing neighbors (51000 / 64932)...
computing neighbors (52000 / 64932)...
computing neighbors (53000 / 64932)...
computing neighbors (54000 / 64932)...
computing neighbors (55000 / 64932)...
computing neighbors (56000 / 64932)...
computing neighbors (57000 / 64932)...
computing neighbors (58000 / 64932)...
computing neighbors (59000 / 64932)...
computing neighbors (60000 / 64932)...
computing neighbors (61000 / 64932)...
computing neighbors (62000 / 64932)...
computing neighbors (63000 / 64932)...
computing neighbors (64000 / 64932)...
492        vertices
64932      segments
29977      dominations
=======================
CGSHOP Instance: compute neighbors...
computing neighbors (0 / 64932)...
computing neighbors (1000 / 64932)...
computing neighbors (2000 / 64932)...
computing neighbors (3000 / 64932)...
computing neighbors (4000 / 64932)...
computing neighbors (5000 / 64932)...
computing neighbors (6000 / 64932)...
computing neighbors (7000 / 64932)...
computing neighbors (8000 / 64932)...
computing neighbors (9000 / 64932)...
computing neighbors (10000 / 64932)...
computing neighbors (11000 / 64932)...
computing neighbors (12000 / 64932)...
computing neighbors (13000 / 64932)...
computing neighbors (14000 / 64932)...
computing neighbors (15000 / 64932)...
computing neighbors (16000 / 64932)...
computing neighbors (17000 / 64932)...
computing neighbors (18000 / 64932)...
computing neighbors (19000 / 64932)...
computing neighbors (20000 / 64932)...
computing neighbors (21000 / 64932)...
computing neighbors (22000 / 64932)...
computing neighbors (23000 / 64932)...
computing neighbors (24000 / 64932)...
computing neighbors (25000 / 64932)...
computing neighbors (26000 / 64932)...
computing neighbors (27000 / 64932)...
computing neighbors (28000 / 64932)...
computing neighbors (29000 / 64932)...
computing neighbors (30000 / 64932)...
computing neighbors (31000 / 64932)...
computing neighbors (32000 / 64932)...
computing neighbors (33000 / 64932)...
computing neighbors (34000 / 64932)...
computing neighbors (35000 / 64932)...
computing neighbors (36000 / 64932)...
computing neighbors (37000 / 64932)...
computing neighbors (38000 / 64932)...
computing neighbors (39000 / 64932)...
computing neighbors (40000 / 64932)...
computing neighbors (41000 / 64932)...
computing neighbors (42000 / 64932)...
computing neighbors (43000 / 64932)...
computing neighbors (44000 / 64932)...
computing neighbors (45000 / 64932)...
computing neighbors (46000 / 64932)...
computing neighbors (47000 / 64932)...
computing neighbors (48000 / 64932)...
computing neighbors (49000 / 64932)...
computing neighbors (50000 / 64932)...
computing neighbors (51000 / 64932)...
computing neighbors (52000 / 64932)...
computing neighbors (53000 / 64932)...
computing neighbors (54000 / 64932)...
computing neighbors (55000 / 64932)...
computing neighbors (56000 / 64932)...
computing neighbors (57000 / 64932)...
computing neighbors (58000 / 64932)...
computing neighbors (59000 / 64932)...
computing neighbors (60000 / 64932)...
computing neighbors (61000 / 64932)...
computing neighbors (62000 / 64932)...
computing neighbors (63000 / 64932)...
computing neighbors (64000 / 64932)...
colored 1000 / 64932...
colored 2000 / 64932...
colored 3000 / 64932...
colored 4000 / 64932...
colored 5000 / 64932...
colored 6000 / 64932...
colored 7000 / 64932...
colored 8000 / 64932...
colored 9000 / 64932...
colored 10000 / 64932...
colored 11000 / 64932...
colored 12000 / 64932...
colored 13000 / 64932...
colored 14000 / 64932...
colored 15000 / 64932...
colored 16000 / 64932...
colored 17000 / 64932...
colored 18000 / 64932...
colored 19000 / 64932...
colored 20000 / 64932...
colored 21000 / 64932...
colored 22000 / 64932...
colored 23000 / 64932...
colored 24000 / 64932...
colored 25000 / 64932...
colored 26000 / 64932...
colored 27000 / 64932...
colored 28000 / 64932...
colored 29000 / 64932...
colored 30000 / 64932...
colored 31000 / 64932...
colored 32000 / 64932...
colored 33000 / 64932...
colored 34000 / 64932...
colored 35000 / 64932...
colored 36000 / 64932...
colored 37000 / 64932...
colored 38000 / 64932...
colored 39000 / 64932...
colored 40000 / 64932...
colored 41000 / 64932...
colored 42000 / 64932...
colored 43000 / 64932...
colored 44000 / 64932...
colored 45000 / 64932...
colored 46000 / 64932...
colored 47000 / 64932...
colored 48000 / 64932...
colored 49000 / 64932...
colored 50000 / 64932...
colored 51000 / 64932...
colored 52000 / 64932...
colored 53000 / 64932...
colored 54000 / 64932...
colored 55000 / 64932...
colored 56000 / 64932...
colored 57000 / 64932...
colored 58000 / 64932...
colored 59000 / 64932...
colored 60000 / 64932...
colored 61000 / 64932...
colored 62000 / 64932...
colored 63000 / 64932...
colored 64000 / 64932...
greedy found 226 colors in 183.559 seconds
 time (s)      nb nodes       objective      
---------------------------------------------
  29.932                      226            
  31.630       13.0           225            
  36.132       3.5 k          224            
  133.775      57.5 k         223            
  204.285      96.7 k         222            
  243.380      116.6 k        221            
  385.732      180.4 k        220            
  445.477      228.2 k        219            
  751.903      359.3 k        218            
  801.367      395.4 k        217            
  1169.943     667.7 k        216            
  1364.878     921.7 k        215            
  1828.919     1.1 M          214            
  2082.844     1.2 M          213            
  2301.632     1.4 M          212            
  7118.782     3.6 M          211            
  9218.234     4.4 M          210            
  17874.021    8.4 M          209            
  18727.137    8.7 M          208            
  19832.609    9.2 M          207            
  22712.502    10.4 M         206            
  26751.934    12.2 M         205            

             nb generated         32.2 M
              nb expanded         22.2 M
               nb trashed           0.0 
     avg branching factor           1.4 
                  nb eval          44.0 
                 nb guide         32.2 M
        time searched (s)      71970.062
      generated nodes / s         447.7 
        solutions created           0.0 
