printing solutions in: ./dogs-color/insts/cgshop22/visp34162.instance.json.solution.json
printing perfs in: ./dogs-color/insts/cgshop22/visp34162.instance.json.perf.json

CGSHOP Instance: compute neighbors...
computing neighbors (0 / 34162)...
computing neighbors (1000 / 34162)...
computing neighbors (2000 / 34162)...
computing neighbors (3000 / 34162)...
computing neighbors (4000 / 34162)...
computing neighbors (5000 / 34162)...
computing neighbors (6000 / 34162)...
computing neighbors (7000 / 34162)...
computing neighbors (8000 / 34162)...
computing neighbors (9000 / 34162)...
computing neighbors (10000 / 34162)...
computing neighbors (11000 / 34162)...
computing neighbors (12000 / 34162)...
computing neighbors (13000 / 34162)...
computing neighbors (14000 / 34162)...
computing neighbors (15000 / 34162)...
computing neighbors (16000 / 34162)...
computing neighbors (17000 / 34162)...
computing neighbors (18000 / 34162)...
computing neighbors (19000 / 34162)...
computing neighbors (20000 / 34162)...
computing neighbors (21000 / 34162)...
computing neighbors (22000 / 34162)...
computing neighbors (23000 / 34162)...
computing neighbors (24000 / 34162)...
computing neighbors (25000 / 34162)...
computing neighbors (26000 / 34162)...
computing neighbors (27000 / 34162)...
computing neighbors (28000 / 34162)...
computing neighbors (29000 / 34162)...
computing neighbors (30000 / 34162)...
computing neighbors (31000 / 34162)...
computing neighbors (32000 / 34162)...
computing neighbors (33000 / 34162)...
computing neighbors (34000 / 34162)...
484        vertices
34162      segments
15879      dominations
=======================
CGSHOP Instance: compute neighbors...
computing neighbors (0 / 34162)...
computing neighbors (1000 / 34162)...
computing neighbors (2000 / 34162)...
computing neighbors (3000 / 34162)...
computing neighbors (4000 / 34162)...
computing neighbors (5000 / 34162)...
computing neighbors (6000 / 34162)...
computing neighbors (7000 / 34162)...
computing neighbors (8000 / 34162)...
computing neighbors (9000 / 34162)...
computing neighbors (10000 / 34162)...
computing neighbors (11000 / 34162)...
computing neighbors (12000 / 34162)...
computing neighbors (13000 / 34162)...
computing neighbors (14000 / 34162)...
computing neighbors (15000 / 34162)...
computing neighbors (16000 / 34162)...
computing neighbors (17000 / 34162)...
computing neighbors (18000 / 34162)...
computing neighbors (19000 / 34162)...
computing neighbors (20000 / 34162)...
computing neighbors (21000 / 34162)...
computing neighbors (22000 / 34162)...
computing neighbors (23000 / 34162)...
computing neighbors (24000 / 34162)...
computing neighbors (25000 / 34162)...
computing neighbors (26000 / 34162)...
computing neighbors (27000 / 34162)...
computing neighbors (28000 / 34162)...
computing neighbors (29000 / 34162)...
computing neighbors (30000 / 34162)...
computing neighbors (31000 / 34162)...
computing neighbors (32000 / 34162)...
computing neighbors (33000 / 34162)...
computing neighbors (34000 / 34162)...
colored 1000 / 34162...
colored 2000 / 34162...
colored 3000 / 34162...
colored 4000 / 34162...
colored 5000 / 34162...
colored 6000 / 34162...
colored 7000 / 34162...
colored 8000 / 34162...
colored 9000 / 34162...
colored 10000 / 34162...
colored 11000 / 34162...
colored 12000 / 34162...
colored 13000 / 34162...
colored 14000 / 34162...
colored 15000 / 34162...
colored 16000 / 34162...
colored 17000 / 34162...
colored 18000 / 34162...
colored 19000 / 34162...
colored 20000 / 34162...
colored 21000 / 34162...
colored 22000 / 34162...
colored 23000 / 34162...
colored 24000 / 34162...
colored 25000 / 34162...
colored 26000 / 34162...
colored 27000 / 34162...
colored 28000 / 34162...
colored 29000 / 34162...
colored 30000 / 34162...
colored 31000 / 34162...
colored 32000 / 34162...
colored 33000 / 34162...
colored 34000 / 34162...
greedy found 150 colors in 23.044 seconds
 time (s)      nb nodes       objective      
---------------------------------------------
  6.720                       150            
  6.772        302.0          149            
  11.167       14.5 k         148            
  15.081       27.6 k         147            
  18.352       40.8 k         146            
  18.954       47.1 k         145            
  24.135       62.7 k         144            
  82.440       256.3 k        143            
  125.146      319.5 k        142            
  294.413      688.4 k        141            
  410.502      891.2 k        140            
  434.865      954.8 k        139            
  531.610      1.2 M          138            
  658.759      1.3 M          137            
  788.950      1.6 M          136            
  889.069      1.7 M          135            
  1000.452     2.0 M          134            
  1399.279     2.6 M          133            
  2886.118     5.2 M          132            
  3189.032     5.6 M          131            
  3394.439     5.9 M          130            
  12296.120    18.2 M         129            
  36331.848    50.9 M         128            

             nb generated        102.7 M
              nb expanded         70.2 M
               nb trashed           0.0 
     avg branching factor           1.5 
                  nb eval          46.0 
                 nb guide        102.7 M
        time searched (s)      71993.273
      generated nodes / s          1.4 k
        solutions created           0.0 
