printing solutions in: ./dogs-color/insts/cgshop22/vispecn46968.instance.json.solution.json
printing perfs in: ./dogs-color/insts/cgshop22/vispecn46968.instance.json.perf.json

CGSHOP Instance: compute neighbors...
computing neighbors (0 / 46968)...
computing neighbors (1000 / 46968)...
computing neighbors (2000 / 46968)...
computing neighbors (3000 / 46968)...
computing neighbors (4000 / 46968)...
computing neighbors (5000 / 46968)...
computing neighbors (6000 / 46968)...
computing neighbors (7000 / 46968)...
computing neighbors (8000 / 46968)...
computing neighbors (9000 / 46968)...
computing neighbors (10000 / 46968)...
computing neighbors (11000 / 46968)...
computing neighbors (12000 / 46968)...
computing neighbors (13000 / 46968)...
computing neighbors (14000 / 46968)...
computing neighbors (15000 / 46968)...
computing neighbors (16000 / 46968)...
computing neighbors (17000 / 46968)...
computing neighbors (18000 / 46968)...
computing neighbors (19000 / 46968)...
computing neighbors (20000 / 46968)...
computing neighbors (21000 / 46968)...
computing neighbors (22000 / 46968)...
computing neighbors (23000 / 46968)...
computing neighbors (24000 / 46968)...
computing neighbors (25000 / 46968)...
computing neighbors (26000 / 46968)...
computing neighbors (27000 / 46968)...
computing neighbors (28000 / 46968)...
computing neighbors (29000 / 46968)...
computing neighbors (30000 / 46968)...
computing neighbors (31000 / 46968)...
computing neighbors (32000 / 46968)...
computing neighbors (33000 / 46968)...
computing neighbors (34000 / 46968)...
computing neighbors (35000 / 46968)...
computing neighbors (36000 / 46968)...
computing neighbors (37000 / 46968)...
computing neighbors (38000 / 46968)...
computing neighbors (39000 / 46968)...
computing neighbors (40000 / 46968)...
computing neighbors (41000 / 46968)...
computing neighbors (42000 / 46968)...
computing neighbors (43000 / 46968)...
computing neighbors (44000 / 46968)...
computing neighbors (45000 / 46968)...
computing neighbors (46000 / 46968)...
65808      vertices
46968      segments
284        dominations
=======================
CGSHOP Instance: compute neighbors...
computing neighbors (0 / 46968)...
computing neighbors (1000 / 46968)...
computing neighbors (2000 / 46968)...
computing neighbors (3000 / 46968)...
computing neighbors (4000 / 46968)...
computing neighbors (5000 / 46968)...
computing neighbors (6000 / 46968)...
computing neighbors (7000 / 46968)...
computing neighbors (8000 / 46968)...
computing neighbors (9000 / 46968)...
computing neighbors (10000 / 46968)...
computing neighbors (11000 / 46968)...
computing neighbors (12000 / 46968)...
computing neighbors (13000 / 46968)...
computing neighbors (14000 / 46968)...
computing neighbors (15000 / 46968)...
computing neighbors (16000 / 46968)...
computing neighbors (17000 / 46968)...
computing neighbors (18000 / 46968)...
computing neighbors (19000 / 46968)...
computing neighbors (20000 / 46968)...
computing neighbors (21000 / 46968)...
computing neighbors (22000 / 46968)...
computing neighbors (23000 / 46968)...
computing neighbors (24000 / 46968)...
computing neighbors (25000 / 46968)...
computing neighbors (26000 / 46968)...
computing neighbors (27000 / 46968)...
computing neighbors (28000 / 46968)...
computing neighbors (29000 / 46968)...
computing neighbors (30000 / 46968)...
computing neighbors (31000 / 46968)...
computing neighbors (32000 / 46968)...
computing neighbors (33000 / 46968)...
computing neighbors (34000 / 46968)...
computing neighbors (35000 / 46968)...
computing neighbors (36000 / 46968)...
computing neighbors (37000 / 46968)...
computing neighbors (38000 / 46968)...
computing neighbors (39000 / 46968)...
computing neighbors (40000 / 46968)...
computing neighbors (41000 / 46968)...
computing neighbors (42000 / 46968)...
computing neighbors (43000 / 46968)...
computing neighbors (44000 / 46968)...
computing neighbors (45000 / 46968)...
computing neighbors (46000 / 46968)...
colored 1000 / 46968...
colored 2000 / 46968...
colored 3000 / 46968...
colored 4000 / 46968...
colored 5000 / 46968...
colored 6000 / 46968...
colored 7000 / 46968...
colored 8000 / 46968...
colored 9000 / 46968...
colored 10000 / 46968...
colored 11000 / 46968...
colored 12000 / 46968...
colored 13000 / 46968...
colored 14000 / 46968...
colored 15000 / 46968...
colored 16000 / 46968...
colored 17000 / 46968...
colored 18000 / 46968...
colored 19000 / 46968...
colored 20000 / 46968...
colored 21000 / 46968...
colored 22000 / 46968...
colored 23000 / 46968...
colored 24000 / 46968...
colored 25000 / 46968...
colored 26000 / 46968...
colored 27000 / 46968...
colored 28000 / 46968...
colored 29000 / 46968...
colored 30000 / 46968...
colored 31000 / 46968...
colored 32000 / 46968...
colored 33000 / 46968...
colored 34000 / 46968...
colored 35000 / 46968...
colored 36000 / 46968...
colored 37000 / 46968...
colored 38000 / 46968...
colored 39000 / 46968...
colored 40000 / 46968...
colored 41000 / 46968...
colored 42000 / 46968...
colored 43000 / 46968...
colored 44000 / 46968...
colored 45000 / 46968...
colored 46000 / 46968...
greedy found 364 colors in 40.339 seconds
 time (s)      nb nodes       objective      
---------------------------------------------
  8.217                       364            
  8.356        23.0           363            
  8.394        452.0          362            
  8.473        1.5 k          361            
  8.501        1.8 k          360            
  8.539        2.0 k          359            
  8.577        2.2 k          358            
  8.604        2.2 k          357            
  8.676        3.1 k          356            
  8.883        5.3 k          355            
  8.982        6.8 k          354            
  9.064        7.7 k          353            
  9.349        10.4 k         352            
  9.489        11.4 k         351            
  9.673        13.4 k         350            
  9.858        16.0 k         349            
  9.987        17.1 k         348            
  10.113       18.6 k         347            
  10.502       24.2 k         346            
  11.108       29.8 k         345            
  11.509       34.1 k         344            
  12.604       44.1 k         343            
  13.133       48.6 k         342            
  13.762       54.7 k         341            
  14.896       64.8 k         340            
  15.403       70.4 k         339            
  16.184       81.2 k         338            
  16.501       85.7 k         337            
  16.694       87.1 k         336            
  16.946       91.9 k         335            
  18.005       101.3 k        334            
  18.918       111.3 k        333            
  19.344       116.1 k        332            
  19.977       123.2 k        331            
  20.827       131.2 k        330            
  21.291       134.7 k        329            
  22.405       148.2 k        328            
  22.587       150.4 k        327            
  24.439       169.4 k        326            
  27.137       193.0 k        325            
  27.392       196.6 k        324            
  28.519       208.7 k        323            
  29.873       224.8 k        322            
  31.100       237.1 k        321            
  33.488       258.5 k        320            
  35.994       283.3 k        319            
  36.873       291.6 k        318            
  37.389       301.8 k        317            
  40.725       331.9 k        316            
  41.123       338.7 k        315            
  42.244       354.3 k        314            
  46.190       393.1 k        313            
  54.052       466.1 k        312            
  56.120       488.6 k        311            
  60.072       526.5 k        310            
  64.996       561.0 k        309            
  69.277       603.6 k        308            
  70.709       619.7 k        307            
  74.684       652.8 k        306            
  77.261       678.5 k        305            
  78.497       692.5 k        304            
  85.405       746.5 k        303            
  90.933       787.9 k        302            
  95.327       832.4 k        301            
  97.843       865.1 k        300            
  104.887      927.6 k        299            
  112.798      996.7 k        298            
  114.202      1.0 M          297            
  121.029      1.1 M          296            
  129.954      1.2 M          295            
  138.358      1.2 M          294            
  141.736      1.3 M          293            
  146.064      1.3 M          292            
  152.612      1.4 M          291            
  157.266      1.4 M          290            
  175.199      1.6 M          289            
  201.077      1.7 M          288            
  216.473      1.9 M          287            
  243.730      2.1 M          286            
  257.607      2.2 M          285            
  265.042      2.2 M          284            
  315.479      2.6 M          283            
  353.811      2.8 M          282            
  384.239      3.0 M          281            
  400.663      3.2 M          280            
  426.649      3.3 M          279            
  513.549      3.8 M          278            
  570.213      4.1 M          277            
  651.205      4.6 M          276            
  695.032      4.9 M          275            
  792.100      5.4 M          274            
  896.242      6.0 M          273            
  937.373      6.2 M          272            
  1012.117     6.6 M          271            
  1594.835     9.2 M          270            
  1671.770     9.5 M          269            
  1693.301     9.6 M          268            
  1719.490     9.7 M          267            
  1940.242     10.8 M         266            
  2019.417     11.2 M         265            
  6281.694     25.3 M         264            
  8833.112     32.8 M         263            
  9206.943     34.1 M         262            
  9309.497     34.4 M         261            
  25825.016    77.1 M         260            
  64221.449    172.0 M        259            

             nb generated        192.0 M
              nb expanded         95.1 M
               nb trashed           0.0 
     avg branching factor           2.0 
                  nb eval         212.0 
                 nb guide        192.0 M
        time searched (s)      71991.781
      generated nodes / s          2.7 k
        solutions created           0.0 
