printing solutions in: ./dogs-color/insts/cgshop22/vispecn27222.instance.json.solution.json
printing perfs in: ./dogs-color/insts/cgshop22/vispecn27222.instance.json.perf.json

CGSHOP Instance: compute neighbors...
computing neighbors (0 / 27222)...
computing neighbors (1000 / 27222)...
computing neighbors (2000 / 27222)...
computing neighbors (3000 / 27222)...
computing neighbors (4000 / 27222)...
computing neighbors (5000 / 27222)...
computing neighbors (6000 / 27222)...
computing neighbors (7000 / 27222)...
computing neighbors (8000 / 27222)...
computing neighbors (9000 / 27222)...
computing neighbors (10000 / 27222)...
computing neighbors (11000 / 27222)...
computing neighbors (12000 / 27222)...
computing neighbors (13000 / 27222)...
computing neighbors (14000 / 27222)...
computing neighbors (15000 / 27222)...
computing neighbors (16000 / 27222)...
computing neighbors (17000 / 27222)...
computing neighbors (18000 / 27222)...
computing neighbors (19000 / 27222)...
computing neighbors (20000 / 27222)...
computing neighbors (21000 / 27222)...
computing neighbors (22000 / 27222)...
computing neighbors (23000 / 27222)...
computing neighbors (24000 / 27222)...
computing neighbors (25000 / 27222)...
computing neighbors (26000 / 27222)...
computing neighbors (27000 / 27222)...
38210      vertices
27222      segments
266        dominations
=======================
CGSHOP Instance: compute neighbors...
computing neighbors (0 / 27222)...
computing neighbors (1000 / 27222)...
computing neighbors (2000 / 27222)...
computing neighbors (3000 / 27222)...
computing neighbors (4000 / 27222)...
computing neighbors (5000 / 27222)...
computing neighbors (6000 / 27222)...
computing neighbors (7000 / 27222)...
computing neighbors (8000 / 27222)...
computing neighbors (9000 / 27222)...
computing neighbors (10000 / 27222)...
computing neighbors (11000 / 27222)...
computing neighbors (12000 / 27222)...
computing neighbors (13000 / 27222)...
computing neighbors (14000 / 27222)...
computing neighbors (15000 / 27222)...
computing neighbors (16000 / 27222)...
computing neighbors (17000 / 27222)...
computing neighbors (18000 / 27222)...
computing neighbors (19000 / 27222)...
computing neighbors (20000 / 27222)...
computing neighbors (21000 / 27222)...
computing neighbors (22000 / 27222)...
computing neighbors (23000 / 27222)...
computing neighbors (24000 / 27222)...
computing neighbors (25000 / 27222)...
computing neighbors (26000 / 27222)...
computing neighbors (27000 / 27222)...
colored 1000 / 27222...
colored 2000 / 27222...
colored 3000 / 27222...
colored 4000 / 27222...
colored 5000 / 27222...
colored 6000 / 27222...
colored 7000 / 27222...
colored 8000 / 27222...
colored 9000 / 27222...
colored 10000 / 27222...
colored 11000 / 27222...
colored 12000 / 27222...
colored 13000 / 27222...
colored 14000 / 27222...
colored 15000 / 27222...
colored 16000 / 27222...
colored 17000 / 27222...
colored 18000 / 27222...
colored 19000 / 27222...
colored 20000 / 27222...
colored 21000 / 27222...
colored 22000 / 27222...
colored 23000 / 27222...
colored 24000 / 27222...
colored 25000 / 27222...
colored 26000 / 27222...
colored 27000 / 27222...
greedy found 251 colors in 9.259 seconds
 time (s)      nb nodes       objective      
---------------------------------------------
  2.651                       251            
  2.708        4.0            250            
  2.738        90.0           249            
  2.748        175.0          248            
  2.765        540.0          247            
  2.781        704.0          246            
  2.794        1.0 k          245            
  2.810        1.4 k          244            
  2.839        1.9 k          243            
  2.890        3.3 k          242            
  2.914        3.7 k          241            
  2.999        5.7 k          240            
  3.056        7.3 k          239            
  3.117        9.3 k          238            
  3.163        11.0 k         237            
  3.212        12.0 k         236            
  3.335        16.6 k         235            
  3.428        19.1 k         234            
  3.567        23.3 k         233            
  3.875        32.9 k         232            
  4.118        39.2 k         231            
  4.224        42.5 k         230            
  4.336        45.1 k         229            
  4.799        56.2 k         228            
  5.342        68.2 k         227            
  6.097        83.6 k         226            
  6.642        94.9 k         225            
  7.539        121.6 k        224            
  8.890        156.1 k        223            
  9.388        169.7 k        222            
  10.030       186.9 k        221            
  10.559       202.6 k        220            
  11.088       217.0 k        219            
  11.869       236.9 k        218            
  12.497       254.3 k        217            
  13.752       288.2 k        216            
  15.195       322.9 k        215            
  16.538       357.3 k        214            
  18.207       388.2 k        213            
  20.526       438.6 k        212            
  24.116       504.6 k        211            
  25.939       537.0 k        210            
  27.156       562.1 k        209            
  28.987       602.8 k        208            
  31.385       652.8 k        207            
  39.171       791.6 k        206            
  40.333       817.8 k        205            
  45.273       910.1 k        204            
  47.861       958.4 k        203            
  51.452       1.0 M          202            
  56.803       1.1 M          201            
  63.281       1.2 M          200            
  92.292       1.6 M          199            
  121.782      2.0 M          198            
  125.903      2.1 M          197            
  145.358      2.3 M          196            
  165.439      2.6 M          195            
  216.479      3.2 M          194            
  447.955      5.4 M          193            
  460.757      5.5 M          192            
  483.393      5.7 M          191            
  2105.034     16.3 M         190            
  2167.708     16.7 M         189            
  2584.485     19.3 M         188            
  25176.207    124.1 M        187            

             nb generated        319.4 M
              nb expanded        177.0 M
               nb trashed           0.0 
     avg branching factor           1.8 
                  nb eval         130.0 
                 nb guide        319.4 M
        time searched (s)      71997.344
      generated nodes / s          4.4 k
        solutions created           0.0 
