printing solutions in: ./dogs-color/insts/cgshop22/vispecn2518.instance.json.solution.json
printing perfs in: ./dogs-color/insts/cgshop22/vispecn2518.instance.json.perf.json

CGSHOP Instance: compute neighbors...
computing neighbors (0 / 2518)...
computing neighbors (1000 / 2518)...
computing neighbors (2000 / 2518)...
3562       vertices
2518       segments
58         dominations
=======================
CGSHOP Instance: compute neighbors...
computing neighbors (0 / 2518)...
computing neighbors (1000 / 2518)...
computing neighbors (2000 / 2518)...
colored 1000 / 2518...
colored 2000 / 2518...
greedy found 67 colors in 0.100 seconds
 time (s)      nb nodes       objective      
---------------------------------------------
  0.033                       67             
  0.052        3.4 k          66             
  0.076        9.3 k          65             
  0.089        12.6 k         64             
  0.200        37.3 k         63             
  0.214        41.2 k         62             
  0.700        134.2 k        61             
  0.978        177.5 k        60             
  5.250        631.1 k        59             
  124.034      8.1 M          58             

             nb generated          1.1 B
              nb expanded        745.2 M
               nb trashed           0.0 
     avg branching factor           1.5 
                  nb eval          20.0 
                 nb guide          1.1 B
        time searched (s)      71999.961
      generated nodes / s         15.6 k
        solutions created           0.0 
invalid solution (reason: ConflictingEdge(287, 1846))
