printing solutions in: ./dogs-color/insts/cgshop22/vispecn35198.instance.json.solution.json
printing perfs in: ./dogs-color/insts/cgshop22/vispecn35198.instance.json.perf.json

CGSHOP Instance: compute neighbors...
computing neighbors (0 / 35198)...
computing neighbors (1000 / 35198)...
computing neighbors (2000 / 35198)...
computing neighbors (3000 / 35198)...
computing neighbors (4000 / 35198)...
computing neighbors (5000 / 35198)...
computing neighbors (6000 / 35198)...
computing neighbors (7000 / 35198)...
computing neighbors (8000 / 35198)...
computing neighbors (9000 / 35198)...
computing neighbors (10000 / 35198)...
computing neighbors (11000 / 35198)...
computing neighbors (12000 / 35198)...
computing neighbors (13000 / 35198)...
computing neighbors (14000 / 35198)...
computing neighbors (15000 / 35198)...
computing neighbors (16000 / 35198)...
computing neighbors (17000 / 35198)...
computing neighbors (18000 / 35198)...
computing neighbors (19000 / 35198)...
computing neighbors (20000 / 35198)...
computing neighbors (21000 / 35198)...
computing neighbors (22000 / 35198)...
computing neighbors (23000 / 35198)...
computing neighbors (24000 / 35198)...
computing neighbors (25000 / 35198)...
computing neighbors (26000 / 35198)...
computing neighbors (27000 / 35198)...
computing neighbors (28000 / 35198)...
computing neighbors (29000 / 35198)...
computing neighbors (30000 / 35198)...
computing neighbors (31000 / 35198)...
computing neighbors (32000 / 35198)...
computing neighbors (33000 / 35198)...
computing neighbors (34000 / 35198)...
computing neighbors (35000 / 35198)...
49440      vertices
35198      segments
271        dominations
=======================
CGSHOP Instance: compute neighbors...
computing neighbors (0 / 35198)...
computing neighbors (1000 / 35198)...
computing neighbors (2000 / 35198)...
computing neighbors (3000 / 35198)...
computing neighbors (4000 / 35198)...
computing neighbors (5000 / 35198)...
computing neighbors (6000 / 35198)...
computing neighbors (7000 / 35198)...
computing neighbors (8000 / 35198)...
computing neighbors (9000 / 35198)...
computing neighbors (10000 / 35198)...
computing neighbors (11000 / 35198)...
computing neighbors (12000 / 35198)...
computing neighbors (13000 / 35198)...
computing neighbors (14000 / 35198)...
computing neighbors (15000 / 35198)...
computing neighbors (16000 / 35198)...
computing neighbors (17000 / 35198)...
computing neighbors (18000 / 35198)...
computing neighbors (19000 / 35198)...
computing neighbors (20000 / 35198)...
computing neighbors (21000 / 35198)...
computing neighbors (22000 / 35198)...
computing neighbors (23000 / 35198)...
computing neighbors (24000 / 35198)...
computing neighbors (25000 / 35198)...
computing neighbors (26000 / 35198)...
computing neighbors (27000 / 35198)...
computing neighbors (28000 / 35198)...
computing neighbors (29000 / 35198)...
computing neighbors (30000 / 35198)...
computing neighbors (31000 / 35198)...
computing neighbors (32000 / 35198)...
computing neighbors (33000 / 35198)...
computing neighbors (34000 / 35198)...
computing neighbors (35000 / 35198)...
colored 1000 / 35198...
colored 2000 / 35198...
colored 3000 / 35198...
colored 4000 / 35198...
colored 5000 / 35198...
colored 6000 / 35198...
colored 7000 / 35198...
colored 8000 / 35198...
colored 9000 / 35198...
colored 10000 / 35198...
colored 11000 / 35198...
colored 12000 / 35198...
colored 13000 / 35198...
colored 14000 / 35198...
colored 15000 / 35198...
colored 16000 / 35198...
colored 17000 / 35198...
colored 18000 / 35198...
colored 19000 / 35198...
colored 20000 / 35198...
colored 21000 / 35198...
colored 22000 / 35198...
colored 23000 / 35198...
colored 24000 / 35198...
colored 25000 / 35198...
colored 26000 / 35198...
colored 27000 / 35198...
colored 28000 / 35198...
colored 29000 / 35198...
colored 30000 / 35198...
colored 31000 / 35198...
colored 32000 / 35198...
colored 33000 / 35198...
colored 34000 / 35198...
colored 35000 / 35198...
greedy found 358 colors in 26.481 seconds
 time (s)      nb nodes       objective      
---------------------------------------------
  6.034                       358            
  6.238        58.0           357            
  6.272        500.0          356            
  6.320        963.0          355            
  6.342        1.3 k          354            
  6.368        1.5 k          353            
  6.404        1.9 k          352            
  6.442        2.0 k          351            
  6.510        2.7 k          350            
  6.593        3.9 k          349            
  6.655        5.1 k          348            
  6.794        9.5 k          347            
  6.869        10.5 k         346            
  6.904        10.9 k         345            
  6.953        11.4 k         344            
  7.046        12.9 k         343            
  7.102        14.7 k         342            
  7.409        20.5 k         341            
  7.613        25.0 k         340            
  7.682        26.1 k         339            
  7.931        29.7 k         338            
  8.091        33.1 k         337            
  8.329        37.3 k         336            
  8.450        38.5 k         335            
  9.025        48.5 k         334            
  9.511        57.5 k         333            
  9.934        66.4 k         332            
  10.466       76.4 k         331            
  11.074       89.5 k         330            
  11.329       92.7 k         329            
  11.784       96.2 k         328            
  12.538       109.3 k        327            
  12.699       111.0 k        326            
  14.148       132.4 k        325            
  14.558       138.0 k        324            
  16.325       171.1 k        323            
  16.560       175.1 k        322            
  18.177       197.0 k        321            
  19.163       210.0 k        320            
  20.343       223.7 k        319            
  22.562       256.6 k        318            
  24.320       294.8 k        317            
  27.698       338.5 k        316            
  27.855       340.8 k        315            
  28.571       352.0 k        314            
  35.349       429.7 k        313            
  37.651       448.2 k        312            
  38.415       456.9 k        311            
  39.709       469.4 k        310            
  41.732       488.4 k        309            
  42.344       497.7 k        308            
  44.014       515.0 k        307            
  46.236       534.2 k        306            
  47.231       542.9 k        305            
  47.874       553.2 k        304            
  48.623       564.3 k        303            
  54.048       610.5 k        302            
  66.213       704.4 k        301            
  69.533       731.4 k        300            
  71.861       750.3 k        299            
  76.332       788.5 k        298            
  77.939       805.0 k        297            
  81.725       833.5 k        296            
  84.805       873.7 k        295            
  85.815       881.7 k        294            
  89.843       922.3 k        293            
  93.023       949.0 k        292            
  112.353      1.1 M          291            
  125.524      1.2 M          290            
  130.512      1.2 M          289            
  141.597      1.3 M          288            
  143.094      1.3 M          287            
  146.864      1.3 M          286            
  154.257      1.4 M          285            
  156.884      1.4 M          284            
  160.010      1.5 M          283            
  163.764      1.5 M          282            
  172.654      1.6 M          281            
  183.917      1.7 M          280            
  193.620      1.8 M          279            
  205.084      1.8 M          278            
  207.554      1.9 M          277            
  236.451      2.1 M          276            
  255.042      2.2 M          275            
  269.865      2.3 M          274            
  304.532      2.4 M          273            
  314.005      2.5 M          272            
  325.121      2.6 M          271            
  335.043      2.6 M          270            
  371.080      2.8 M          269            
  382.814      2.9 M          268            
  405.113      3.0 M          267            
  433.332      3.2 M          266            
  454.334      3.4 M          265            
  504.576      3.7 M          264            
  519.537      3.8 M          263            
  605.471      4.3 M          262            
  680.341      4.7 M          261            
  687.851      4.7 M          260            
  900.987      5.8 M          259            
  988.955      6.3 M          258            
  1054.152     6.7 M          257            
  1310.305     7.9 M          256            
  1753.945     9.8 M          255            
  3002.279     14.3 M         254            
  3059.020     14.6 M         253            
  3999.677     18.0 M         252            
  7874.171     30.6 M         251            
  10993.566    39.7 M         250            
  11574.523    41.6 M         249            
  14214.005    50.0 M         248            
  62511.617    167.7 M        247            

             nb generated        192.4 M
              nb expanded         91.5 M
               nb trashed           0.0 
     avg branching factor           2.1 
                  nb eval         224.0 
                 nb guide        192.4 M
        time searched (s)      71993.961
      generated nodes / s          2.7 k
        solutions created           0.0 
