printing solutions in: ./dogs-color/insts/cgshop22/reecn66642.instance.json.solution.json
printing perfs in: ./dogs-color/insts/cgshop22/reecn66642.instance.json.perf.json

CGSHOP Instance: compute neighbors...
computing neighbors (0 / 66642)...
computing neighbors (1000 / 66642)...
computing neighbors (2000 / 66642)...
computing neighbors (3000 / 66642)...
computing neighbors (4000 / 66642)...
computing neighbors (5000 / 66642)...
computing neighbors (6000 / 66642)...
computing neighbors (7000 / 66642)...
computing neighbors (8000 / 66642)...
computing neighbors (9000 / 66642)...
computing neighbors (10000 / 66642)...
computing neighbors (11000 / 66642)...
computing neighbors (12000 / 66642)...
computing neighbors (13000 / 66642)...
computing neighbors (14000 / 66642)...
computing neighbors (15000 / 66642)...
computing neighbors (16000 / 66642)...
computing neighbors (17000 / 66642)...
computing neighbors (18000 / 66642)...
computing neighbors (19000 / 66642)...
computing neighbors (20000 / 66642)...
computing neighbors (21000 / 66642)...
computing neighbors (22000 / 66642)...
computing neighbors (23000 / 66642)...
computing neighbors (24000 / 66642)...
computing neighbors (25000 / 66642)...
computing neighbors (26000 / 66642)...
computing neighbors (27000 / 66642)...
computing neighbors (28000 / 66642)...
computing neighbors (29000 / 66642)...
computing neighbors (30000 / 66642)...
computing neighbors (31000 / 66642)...
computing neighbors (32000 / 66642)...
computing neighbors (33000 / 66642)...
computing neighbors (34000 / 66642)...
computing neighbors (35000 / 66642)...
computing neighbors (36000 / 66642)...
computing neighbors (37000 / 66642)...
computing neighbors (38000 / 66642)...
computing neighbors (39000 / 66642)...
computing neighbors (40000 / 66642)...
computing neighbors (41000 / 66642)...
computing neighbors (42000 / 66642)...
computing neighbors (43000 / 66642)...
computing neighbors (44000 / 66642)...
computing neighbors (45000 / 66642)...
computing neighbors (46000 / 66642)...
computing neighbors (47000 / 66642)...
computing neighbors (48000 / 66642)...
computing neighbors (49000 / 66642)...
computing neighbors (50000 / 66642)...
computing neighbors (51000 / 66642)...
computing neighbors (52000 / 66642)...
computing neighbors (53000 / 66642)...
computing neighbors (54000 / 66642)...
computing neighbors (55000 / 66642)...
computing neighbors (56000 / 66642)...
computing neighbors (57000 / 66642)...
computing neighbors (58000 / 66642)...
computing neighbors (59000 / 66642)...
computing neighbors (60000 / 66642)...
computing neighbors (61000 / 66642)...
computing neighbors (62000 / 66642)...
computing neighbors (63000 / 66642)...
computing neighbors (64000 / 66642)...
computing neighbors (65000 / 66642)...
computing neighbors (66000 / 66642)...
93440      vertices
66642      segments
371        dominations
=======================
greedy clique: 185
greedy found 185 vertices in 0.158 seconds
 time (s)      nb expanded    nb generated   objective      
------------------------------------------------------------
  0.588                                      -185           
  0.594        4.0            354.0          -186           
  0.595        5.0            355.0          -187           
  0.596        6.0            523.0          -188           
  0.599        8.0            689.0          -189           
  0.602        10.0           854.0          -190           
  0.605        12.0           879.0          -191           
  0.607        13.0           888.0          -192           
  0.608        14.0           893.0          -193           
  0.609        15.0           897.0          -194           
  0.610        16.0           900.0          -195           
  0.611        17.0           902.0          -196           
  0.613        18.0           903.0          -197           
  0.614        19.0           1.1 k          -198           
  0.619        22.0           1.2 k          -199           
  0.620        23.0           1.2 k          -200           
  0.622        24.0           1.2 k          -201           
  0.623        25.0           1.2 k          -202           
  0.624        26.0           1.2 k          -203           
  0.625        27.0           1.2 k          -204           
  0.626        28.0           1.4 k          -205           
  0.631        31.0           1.5 k          -206           
  0.632        32.0           1.5 k          -207           
  0.633        33.0           1.6 k          -208           
  0.639        36.0           1.7 k          -209           
  0.640        37.0           1.7 k          -210           
  0.641        38.0           1.7 k          -211           
  0.642        39.0           1.7 k          -212           
  0.644        40.0           1.9 k          -213           
  0.657        47.0           2.4 k          -214           
  0.658        48.0           2.5 k          -215           
  0.665        52.0           2.8 k          -216           
  0.668        54.0           2.9 k          -217           
  0.671        56.0           3.0 k          -218           
  0.674        58.0           3.1 k          -219           
  0.677        60.0           3.2 k          -220           
  0.682        63.0           3.3 k          -221           
  0.683        64.0           3.4 k          -222           
  0.687        66.0           3.5 k          -223           
  0.695        71.0           3.9 k          -224           
  0.699        73.0           4.0 k          -225           
  0.702        75.0           4.0 k          -226           
  0.703        76.0           4.0 k          -227           
  0.710        80.0           4.3 k          -228           
  0.720        85.0           4.6 k          -229           
  0.721        86.0           4.7 k          -230           
  0.724        88.0           4.8 k          -231           
  0.731        92.0           5.0 k          -232           
  0.733        93.0           5.0 k          -233           
  0.734        94.0           5.0 k          -234           
  0.737        96.0           5.0 k          -235           
  0.738        97.0           5.1 k          -236           
  0.742        99.0           5.1 k          -237           
  0.743        100.0          5.2 k          -238           
  0.753        106.0          5.5 k          -239           
  0.754        107.0          5.6 k          -240           
  0.762        111.0          5.8 k          -241           
  0.768        115.0          6.0 k          -242           
  0.777        120.0          6.3 k          -243           
  0.782        123.0          6.5 k          -244           
  0.789        127.0          6.6 k          -245           
  0.790        128.0          6.6 k          -246           
  0.794        129.0          6.6 k          -247           
  0.796        130.0          6.7 k          -248           
  0.801        133.0          6.8 k          -249           
  0.802        134.0          6.8 k          -250           
  0.814        141.0          7.1 k          -251           
  0.816        142.0          7.2 k          -252           
  0.822        146.0          7.3 k          -253           
  0.824        147.0          7.4 k          -254           
  0.836        154.0          7.7 k          -255           
  0.861        167.0          8.3 k          -256           
  0.872        173.0          8.5 k          -257           
  0.877        176.0          8.6 k          -258           
  0.880        178.0          8.6 k          -259           
  0.881        179.0          8.7 k          -260           
  0.896        187.0          8.9 k          -261           
  0.897        188.0          8.9 k          -262           
  0.923        202.0          9.4 k          -263           
  0.930        206.0          9.4 k          -264           
  0.931        207.0          9.4 k          -265           
  0.938        211.0          9.5 k          -266           
  0.939        212.0          9.5 k          -267           
  0.941        213.0          9.5 k          -268           
  0.945        216.0          9.6 k          -269           
  0.948        218.0          9.6 k          -270           
  0.955        222.0          9.7 k          -271           
  0.968        229.0          9.8 k          -272           
  0.969        230.0          9.8 k          -273           
  0.981        237.0          9.8 k          -274           
  1.151        324.0          11.0 k         -275           
  1.153        325.0          11.0 k         -276           
  1.154        326.0          11.0 k         -277           
  1.301        404.0          11.9 k         -278           
  1.312        410.0          11.9 k         -279           
  1.315        412.0          11.9 k         -280           
  1.331        421.0          12.1 k         -281           
  1.404        459.0          12.6 k         -282           
  1.405        460.0          12.6 k         -283           
  1.407        461.0          12.6 k         -284           
  1.408        462.0          12.6 k         -285           
  1.435        477.0          12.7 k         -286           
  1.509        515.0          13.0 k         -287           
  1.518        520.0          13.0 k         -288           
  1.527        525.0          13.0 k         -289           
  1.538        531.0          13.0 k         -290           
  1.554        540.0          13.0 k         -291           
  1.555        541.0          13.1 k         -292           
  2.182        868.0          15.6 k         -293           
  2.359        962.0          15.9 k         -294           
  3.003        1.3 k          17.3 k         -295           
  3.044        1.3 k          17.4 k         -296           
  3.047        1.3 k          17.4 k         -297           
  3.050        1.3 k          17.4 k         -298           
  3.099        1.4 k          17.5 k         -299           
  3.101        1.4 k          17.5 k         -300           
  3.334        1.5 k          18.1 k         -301           
  3.336        1.5 k          18.1 k         -302           
  3.339        1.5 k          18.1 k         -303           
  3.340        1.5 k          18.1 k         -304           
  3.343        1.5 k          18.1 k         -305           
  3.404        1.5 k          18.2 k         -306           
  3.408        1.5 k          18.2 k         -307           
  3.413        1.5 k          18.2 k         -308           
  3.414        1.5 k          18.2 k         -309           
  3.431        1.5 k          18.3 k         -310           
  5.293        2.5 k          21.3 k         -311           
  5.360        2.5 k          21.4 k         -312           
  5.361        2.5 k          21.4 k         -313           
  5.366        2.5 k          21.4 k         -314           
  5.385        2.6 k          21.4 k         -315           
  5.392        2.6 k          21.4 k         -316           
  5.397        2.6 k          21.4 k         -317           
  10.816       5.4 k          27.9 k         -318           
  12.868       6.4 k          30.5 k         -319           
  13.848       6.9 k          31.7 k         -320           
  18.924       9.5 k          37.7 k         -321           
  24.785       12.5 k         44.6 k         -322           
  24.828       12.6 k         44.6 k         -323           
  24.900       12.6 k         44.7 k         -324           
  26.022       13.2 k         46.0 k         -325           
  26.095       13.2 k         46.1 k         -326           
  26.410       13.4 k         46.5 k         -327           
  26.428       13.4 k         46.5 k         -328           
  26.435       13.4 k         46.5 k         -329           
  27.656       14.0 k         48.1 k         -330           
  27.659       14.0 k         48.1 k         -331           
  27.730       14.1 k         48.2 k         -332           
  39.973       20.4 k         63.1 k         -333           
  41.472       21.2 k         64.7 k         -334           
  41.477       21.2 k         64.8 k         -335           
  41.488       21.2 k         64.8 k         -336           
  195.894      99.1 k         241.6 k        -337           
  360.064      181.8 k        427.8 k        -338           
  743.941      371.9 k        856.1 k        -339           
  743.944      371.9 k        856.1 k        -340           
  14591.339    7.0 M          15.7 M         -341           
  14591.347    7.0 M          15.7 M         -342           
