printing solutions in: ./dogs-color/insts/cgshop22/reecn71622.instance.json.solution.json
printing perfs in: ./dogs-color/insts/cgshop22/reecn71622.instance.json.perf.json

CGSHOP Instance: compute neighbors...
computing neighbors (0 / 71622)...
computing neighbors (1000 / 71622)...
computing neighbors (2000 / 71622)...
computing neighbors (3000 / 71622)...
computing neighbors (4000 / 71622)...
computing neighbors (5000 / 71622)...
computing neighbors (6000 / 71622)...
computing neighbors (7000 / 71622)...
computing neighbors (8000 / 71622)...
computing neighbors (9000 / 71622)...
computing neighbors (10000 / 71622)...
computing neighbors (11000 / 71622)...
computing neighbors (12000 / 71622)...
computing neighbors (13000 / 71622)...
computing neighbors (14000 / 71622)...
computing neighbors (15000 / 71622)...
computing neighbors (16000 / 71622)...
computing neighbors (17000 / 71622)...
computing neighbors (18000 / 71622)...
computing neighbors (19000 / 71622)...
computing neighbors (20000 / 71622)...
computing neighbors (21000 / 71622)...
computing neighbors (22000 / 71622)...
computing neighbors (23000 / 71622)...
computing neighbors (24000 / 71622)...
computing neighbors (25000 / 71622)...
computing neighbors (26000 / 71622)...
computing neighbors (27000 / 71622)...
computing neighbors (28000 / 71622)...
computing neighbors (29000 / 71622)...
computing neighbors (30000 / 71622)...
computing neighbors (31000 / 71622)...
computing neighbors (32000 / 71622)...
computing neighbors (33000 / 71622)...
computing neighbors (34000 / 71622)...
computing neighbors (35000 / 71622)...
computing neighbors (36000 / 71622)...
computing neighbors (37000 / 71622)...
computing neighbors (38000 / 71622)...
computing neighbors (39000 / 71622)...
computing neighbors (40000 / 71622)...
computing neighbors (41000 / 71622)...
computing neighbors (42000 / 71622)...
computing neighbors (43000 / 71622)...
computing neighbors (44000 / 71622)...
computing neighbors (45000 / 71622)...
computing neighbors (46000 / 71622)...
computing neighbors (47000 / 71622)...
computing neighbors (48000 / 71622)...
computing neighbors (49000 / 71622)...
computing neighbors (50000 / 71622)...
computing neighbors (51000 / 71622)...
computing neighbors (52000 / 71622)...
computing neighbors (53000 / 71622)...
computing neighbors (54000 / 71622)...
computing neighbors (55000 / 71622)...
computing neighbors (56000 / 71622)...
computing neighbors (57000 / 71622)...
computing neighbors (58000 / 71622)...
computing neighbors (59000 / 71622)...
computing neighbors (60000 / 71622)...
computing neighbors (61000 / 71622)...
computing neighbors (62000 / 71622)...
computing neighbors (63000 / 71622)...
computing neighbors (64000 / 71622)...
computing neighbors (65000 / 71622)...
computing neighbors (66000 / 71622)...
computing neighbors (67000 / 71622)...
computing neighbors (68000 / 71622)...
computing neighbors (69000 / 71622)...
computing neighbors (70000 / 71622)...
computing neighbors (71000 / 71622)...
100510     vertices
71622      segments
354        dominations
=======================
greedy clique: 175
greedy found 175 vertices in 0.162 seconds
 time (s)      nb expanded    nb generated   objective      
------------------------------------------------------------
  0.601                                      -175           
  0.605        3.0            375.0          -176           
  0.606        4.0            398.0          -177           
  0.607        5.0            413.0          -178           
  0.609        6.0            426.0          -179           
  0.610        7.0            438.0          -180           
  0.611        8.0            447.0          -181           
  0.613        9.0            454.0          -182           
  0.614        10.0           459.0          -183           
  0.615        11.0           461.0          -184           
  0.617        12.0           462.0          -185           
  0.618        13.0           659.0          -186           
  0.621        15.0           671.0          -187           
  0.622        16.0           674.0          -188           
  0.623        17.0           676.0          -189           
  0.625        18.0           677.0          -190           
  0.626        19.0           857.0          -191           
  0.629        21.0           1.0 k          -192           
  0.633        23.0           1.2 k          -193           
  0.636        25.0           1.2 k          -194           
  0.637        26.0           1.4 k          -195           
  0.640        28.0           1.5 k          -196           
  0.646        31.0           1.7 k          -197           
  0.647        32.0           1.8 k          -198           
  0.652        35.0           2.0 k          -199           
  0.653        36.0           2.0 k          -200           
  0.655        37.0           2.0 k          -201           
  0.656        38.0           2.0 k          -202           
  0.657        39.0           2.1 k          -203           
  0.660        41.0           2.3 k          -204           
  0.664        43.0           2.4 k          -205           
  0.667        45.0           2.5 k          -206           
  0.672        48.0           2.7 k          -207           
  0.673        49.0           2.8 k          -208           
  0.677        51.0           2.9 k          -209           
  0.680        53.0           3.0 k          -210           
  0.686        56.0           3.1 k          -211           
  0.687        57.0           3.2 k          -212           
  0.692        60.0           3.5 k          -213           
  0.702        65.0           3.8 k          -214           
  0.703        66.0           3.9 k          -215           
  0.727        78.0           4.9 k          -216           
  0.728        79.0           4.9 k          -217           
  0.729        80.0           5.0 k          -218           
  0.735        83.0           5.1 k          -219           
  0.736        84.0           5.2 k          -220           
  0.739        86.0           5.3 k          -221           
  0.742        88.0           5.4 k          -222           
  0.747        91.0           5.5 k          -223           
  0.748        92.0           5.6 k          -224           
  0.751        94.0           5.6 k          -225           
  0.752        95.0           5.6 k          -226           
  0.753        96.0           5.7 k          -227           
  0.759        99.0           5.8 k          -228           
  0.760        100.0          5.8 k          -229           
  0.767        104.0          6.0 k          -230           
  0.768        105.0          6.1 k          -231           
  0.781        112.0          6.5 k          -232           
  0.794        119.0          6.9 k          -233           
  0.802        123.0          7.1 k          -234           
  0.807        126.0          7.3 k          -235           
  0.810        128.0          7.3 k          -236           
  0.832        139.0          7.9 k          -237           
  0.852        150.0          8.5 k          -238           
  0.875        161.0          9.0 k          -239           
  0.876        162.0          9.0 k          -240           
  0.879        164.0          9.1 k          -241           
  0.884        167.0          9.2 k          -242           
  0.915        180.0          9.7 k          -243           
  0.929        187.0          9.9 k          -244           
  0.934        190.0          10.0 k         -245           
  0.937        192.0          10.1 k         -246           
  0.941        194.0          10.1 k         -247           
  0.942        195.0          10.1 k         -248           
  0.943        196.0          10.1 k         -249           
  0.948        199.0          10.1 k         -250           
  0.949        200.0          10.1 k         -251           
  0.962        207.0          10.3 k         -252           
  0.965        209.0          10.3 k         -253           
  1.007        230.0          10.6 k         -254           
  1.008        231.0          10.7 k         -255           
  1.034        244.0          10.7 k         -256           
  1.081        268.0          11.3 k         -257           
  1.276        367.0          12.7 k         -258           
  1.281        370.0          12.7 k         -259           
  1.292        376.0          12.8 k         -260           
  1.294        377.0          12.8 k         -261           
  1.438        446.0          13.4 k         -262           
  1.463        459.0          13.4 k         -263           
  1.482        469.0          13.5 k         -264           
  1.531        494.0          13.8 k         -265           
  1.650        555.0          14.3 k         -266           
  1.661        561.0          14.3 k         -267           
  1.706        584.0          14.5 k         -268           
  1.715        589.0          14.6 k         -269           
  1.730        597.0          14.6 k         -270           
  1.731        598.0          14.7 k         -271           
  1.776        622.0          14.9 k         -272           
  1.790        629.0          14.9 k         -273           
  1.840        656.0          15.2 k         -274           
  1.856        662.0          15.2 k         -275           
  1.860        664.0          15.2 k         -276           
  1.878        674.0          15.3 k         -277           
  1.879        675.0          15.3 k         -278           
  1.882        677.0          15.3 k         -279           
  2.327        901.0          16.6 k         -280           
  2.385        932.0          16.8 k         -281           
  2.390        935.0          16.8 k         -282           
  2.545        1.0 k          17.1 k         -283           
  2.600        1.0 k          17.2 k         -284           
  3.462        1.5 k          18.4 k         -285           
  4.111        1.8 k          19.5 k         -286           
  4.114        1.8 k          19.5 k         -287           
  6.125        2.8 k          21.9 k         -288           
  6.128        2.8 k          21.9 k         -289           
  6.159        2.8 k          21.9 k         -290           
  6.663        3.1 k          22.6 k         -291           
  6.673        3.1 k          22.6 k         -292           
  7.665        3.6 k          23.9 k         -293           
  10.621       5.1 k          27.8 k         -294           
  10.648       5.1 k          27.8 k         -295           
  10.663       5.1 k          27.8 k         -296           
  10.665       5.1 k          27.8 k         -297           
  10.666       5.1 k          27.8 k         -298           
  10.677       5.1 k          27.8 k         -299           
  18.995       9.2 k          37.0 k         -300           
  19.323       9.3 k          37.3 k         -301           
  19.409       9.4 k          37.4 k         -302           
  19.427       9.4 k          37.5 k         -303           
  20.944       10.1 k         39.1 k         -304           
  20.945       10.1 k         39.1 k         -305           
  20.946       10.1 k         39.1 k         -306           
  51.162       25.1 k         72.2 k         -307           
  51.164       25.1 k         72.2 k         -308           
  51.217       25.1 k         72.3 k         -309           
  258.471      125.2 k        308.7 k        -310           
  258.605      125.2 k        308.8 k        -311           
  1295.075     613.6 k        1.5 M          -312           
  1295.094     613.7 k        1.5 M          -313           
  6815.302     3.2 M          7.4 M          -314           
  6815.303     3.2 M          7.4 M          -315           
  20779.762    9.5 M          22.5 M         -316           
  20779.779    9.5 M          22.5 M         -317           
  20779.797    9.5 M          22.5 M         -318           
  21618.225    9.9 M          23.3 M         -319           
  21887.391    10.0 M         23.6 M         -320           
  26887.680    12.3 M         28.7 M         -321           
  26888.318    12.3 M         28.7 M         -322           
  26888.459    12.3 M         28.7 M         -323           
  26888.459    12.3 M         28.7 M         -324           
  28407.254    13.0 M         30.2 M         -325           
  30737.975    14.1 M         32.6 M         -326           
  30737.992    14.1 M         32.6 M         -327           
  60995.672    27.6 M         63.1 M         -328           
  60995.684    27.6 M         63.1 M         -329           
