printing solutions in: ./dogs-color/insts/cgshop22/reecn68262.instance.json.solution.json
printing perfs in: ./dogs-color/insts/cgshop22/reecn68262.instance.json.perf.json

CGSHOP Instance: compute neighbors...
computing neighbors (0 / 68262)...
computing neighbors (1000 / 68262)...
computing neighbors (2000 / 68262)...
computing neighbors (3000 / 68262)...
computing neighbors (4000 / 68262)...
computing neighbors (5000 / 68262)...
computing neighbors (6000 / 68262)...
computing neighbors (7000 / 68262)...
computing neighbors (8000 / 68262)...
computing neighbors (9000 / 68262)...
computing neighbors (10000 / 68262)...
computing neighbors (11000 / 68262)...
computing neighbors (12000 / 68262)...
computing neighbors (13000 / 68262)...
computing neighbors (14000 / 68262)...
computing neighbors (15000 / 68262)...
computing neighbors (16000 / 68262)...
computing neighbors (17000 / 68262)...
computing neighbors (18000 / 68262)...
computing neighbors (19000 / 68262)...
computing neighbors (20000 / 68262)...
computing neighbors (21000 / 68262)...
computing neighbors (22000 / 68262)...
computing neighbors (23000 / 68262)...
computing neighbors (24000 / 68262)...
computing neighbors (25000 / 68262)...
computing neighbors (26000 / 68262)...
computing neighbors (27000 / 68262)...
computing neighbors (28000 / 68262)...
computing neighbors (29000 / 68262)...
computing neighbors (30000 / 68262)...
computing neighbors (31000 / 68262)...
computing neighbors (32000 / 68262)...
computing neighbors (33000 / 68262)...
computing neighbors (34000 / 68262)...
computing neighbors (35000 / 68262)...
computing neighbors (36000 / 68262)...
computing neighbors (37000 / 68262)...
computing neighbors (38000 / 68262)...
computing neighbors (39000 / 68262)...
computing neighbors (40000 / 68262)...
computing neighbors (41000 / 68262)...
computing neighbors (42000 / 68262)...
computing neighbors (43000 / 68262)...
computing neighbors (44000 / 68262)...
computing neighbors (45000 / 68262)...
computing neighbors (46000 / 68262)...
computing neighbors (47000 / 68262)...
computing neighbors (48000 / 68262)...
computing neighbors (49000 / 68262)...
computing neighbors (50000 / 68262)...
computing neighbors (51000 / 68262)...
computing neighbors (52000 / 68262)...
computing neighbors (53000 / 68262)...
computing neighbors (54000 / 68262)...
computing neighbors (55000 / 68262)...
computing neighbors (56000 / 68262)...
computing neighbors (57000 / 68262)...
computing neighbors (58000 / 68262)...
computing neighbors (59000 / 68262)...
computing neighbors (60000 / 68262)...
computing neighbors (61000 / 68262)...
computing neighbors (62000 / 68262)...
computing neighbors (63000 / 68262)...
computing neighbors (64000 / 68262)...
computing neighbors (65000 / 68262)...
computing neighbors (66000 / 68262)...
computing neighbors (67000 / 68262)...
computing neighbors (68000 / 68262)...
95282      vertices
68262      segments
370        dominations
=======================
greedy clique: 173
greedy found 173 vertices in 0.149 seconds
 time (s)      nb expanded    nb generated   objective      
------------------------------------------------------------
  0.567                                      -173           
  0.571        3.0            205.0          -174           
  0.572        4.0            207.0          -175           
  0.574        5.0            208.0          -176           
  0.575        6.0            392.0          -177           
  0.580        9.0            758.0          -178           
  0.584        11.0           771.0          -179           
  0.585        12.0           774.0          -180           
  0.586        13.0           776.0          -181           
  0.587        14.0           777.0          -182           
  0.589        15.0           955.0          -183           
  0.592        17.0           976.0          -184           
  0.593        18.0           985.0          -185           
  0.594        19.0           990.0          -186           
  0.595        20.0           994.0          -187           
  0.597        21.0           997.0          -188           
  0.598        22.0           999.0          -189           
  0.599        23.0           1.0 k          -190           
  0.600        24.0           1.2 k          -191           
  0.603        26.0           1.2 k          -192           
  0.605        27.0           1.3 k          -193           
  0.608        29.0           1.3 k          -194           
  0.609        30.0           1.3 k          -195           
  0.611        31.0           1.4 k          -196           
  0.614        33.0           1.5 k          -197           
  0.615        34.0           1.6 k          -198           
  0.618        36.0           1.6 k          -199           
  0.619        37.0           1.7 k          -200           
  0.624        40.0           1.9 k          -201           
  0.626        41.0           2.0 k          -202           
  0.629        43.0           2.0 k          -203           
  0.630        44.0           2.0 k          -204           
  0.631        45.0           2.0 k          -205           
  0.632        46.0           2.1 k          -206           
  0.636        48.0           2.1 k          -207           
  0.637        49.0           2.1 k          -208           
  0.638        50.0           2.1 k          -209           
  0.640        51.0           2.1 k          -210           
  0.641        52.0           2.3 k          -211           
  0.644        54.0           2.3 k          -212           
  0.645        55.0           2.3 k          -213           
  0.647        56.0           2.3 k          -214           
  0.648        57.0           2.3 k          -215           
  0.649        58.0           2.3 k          -216           
  0.650        59.0           2.3 k          -217           
  0.652        60.0           2.4 k          -218           
  0.659        64.0           2.6 k          -219           
  0.660        65.0           2.6 k          -220           
  0.661        66.0           2.7 k          -221           
  0.665        68.0           2.7 k          -222           
  0.666        69.0           2.8 k          -223           
  0.670        71.0           2.8 k          -224           
  0.671        72.0           2.8 k          -225           
  0.672        73.0           2.9 k          -226           
  0.682        78.0           3.2 k          -227           
  0.683        79.0           3.3 k          -228           
  0.686        81.0           3.3 k          -229           
  0.691        84.0           3.4 k          -230           
  0.692        85.0           3.4 k          -231           
  0.694        86.0           3.4 k          -232           
  0.695        87.0           3.5 k          -233           
  0.701        91.0           3.8 k          -234           
  0.715        98.0           4.2 k          -235           
  0.726        104.0          4.6 k          -236           
  0.737        110.0          4.9 k          -237           
  0.754        119.0          5.4 k          -238           
  0.755        120.0          5.4 k          -239           
  0.757        121.0          5.4 k          -240           
  0.758        122.0          5.4 k          -241           
  0.762        124.0          5.5 k          -242           
  0.767        127.0          5.6 k          -243           
  0.772        130.0          5.7 k          -244           
  0.773        131.0          5.7 k          -245           
  0.775        132.0          5.7 k          -246           
  0.780        135.0          5.8 k          -247           
  0.786        138.0          5.9 k          -248           
  0.792        142.0          6.0 k          -249           
  0.798        145.0          6.1 k          -250           
  0.801        147.0          6.1 k          -251           
  0.802        148.0          6.1 k          -252           
  0.803        149.0          6.1 k          -253           
  0.805        150.0          6.2 k          -254           
  0.819        158.0          6.4 k          -255           
  0.821        159.0          6.4 k          -256           
  0.824        161.0          6.5 k          -257           
  0.846        172.0          6.8 k          -258           
  0.852        175.0          6.9 k          -259           
  0.859        179.0          7.0 k          -260           
  0.860        180.0          7.0 k          -261           
  0.861        181.0          7.0 k          -262           
  0.862        182.0          7.0 k          -263           
  0.926        214.0          7.7 k          -264           
  0.927        215.0          7.7 k          -265           
  0.930        217.0          7.7 k          -266           
  0.933        219.0          7.7 k          -267           
  0.936        221.0          7.7 k          -268           
  0.941        224.0          7.8 k          -269           
  0.958        231.0          7.9 k          -270           
  0.967        236.0          8.0 k          -271           
  0.968        237.0          8.0 k          -272           
  0.973        240.0          8.0 k          -273           
  0.982        245.0          8.0 k          -274           
  1.037        273.0          8.3 k          -275           
  1.041        275.0          8.4 k          -276           
  1.123        317.0          8.9 k          -277           
  1.136        324.0          9.0 k          -278           
  1.145        329.0          9.1 k          -279           
  1.408        460.0          11.4 k         -280           
  1.417        465.0          11.5 k         -281           
  1.420        467.0          11.5 k         -282           
  1.439        477.0          11.5 k         -283           
  1.441        478.0          11.6 k         -284           
  1.442        479.0          11.6 k         -285           
  1.473        495.0          11.7 k         -286           
  1.474        496.0          11.7 k         -287           
  1.475        497.0          11.7 k         -288           
  1.476        498.0          11.7 k         -289           
  1.482        501.0          11.8 k         -290           
  1.485        503.0          11.8 k         -291           
  1.494        508.0          11.8 k         -292           
  1.495        509.0          11.8 k         -293           
  1.506        515.0          11.8 k         -294           
  1.517        521.0          11.9 k         -295           
  1.559        543.0          12.1 k         -296           
  1.561        544.0          12.1 k         -297           
  1.570        549.0          12.1 k         -298           
  1.572        550.0          12.1 k         -299           
  1.586        558.0          12.1 k         -300           
  1.611        571.0          12.2 k         -301           
  1.673        603.0          12.4 k         -302           
  3.490        1.5 k          16.4 k         -303           
  3.501        1.5 k          16.4 k         -304           
  4.026        1.8 k          17.4 k         -305           
  4.031        1.8 k          17.4 k         -306           
  5.001        2.3 k          18.7 k         -307           
  9.925        4.8 k          24.6 k         -308           
  15.569       7.6 k          31.4 k         -309           
  35.535       17.5 k         54.6 k         -310           
  35.546       17.5 k         54.6 k         -311           
  36.911       18.2 k         56.1 k         -312           
  47.119       23.2 k         67.9 k         -313           
  48.071       23.7 k         69.0 k         -314           
  63.848       31.4 k         86.4 k         -315           
  63.849       31.4 k         86.4 k         -316           
  82.959       40.8 k         107.3 k        -317           
  82.960       40.8 k         107.3 k        -318           
  82.962       40.8 k         107.3 k        -319           
  82.969       40.8 k         107.3 k        -320           
  133.415      65.0 k         161.7 k        -321           
  136.555      66.5 k         164.8 k        -322           
  140.241      68.3 k         168.6 k        -323           
  140.243      68.3 k         168.6 k        -324           
  439.213      212.4 k        491.3 k        -325           
  439.243      212.4 k        491.4 k        -326           
  439.300      212.4 k        491.4 k        -327           
  501.120      242.2 k        560.6 k        -328           
  505.516      244.3 k        565.6 k        -329           
  505.517      244.3 k        565.6 k        -330           
  1740.028     833.8 k        1.9 M          -331           
  1743.422     835.4 k        1.9 M          -332           
  1743.441     835.4 k        1.9 M          -333           
  15311.044    7.2 M          16.1 M         -334           
  15518.766    7.3 M          16.3 M         -335           
