printing solutions in: ./dogs-color/insts/cgshop22/reecn44299.instance.json.solution.json
printing perfs in: ./dogs-color/insts/cgshop22/reecn44299.instance.json.perf.json

CGSHOP Instance: compute neighbors...
computing neighbors (0 / 44299)...
computing neighbors (1000 / 44299)...
computing neighbors (2000 / 44299)...
computing neighbors (3000 / 44299)...
computing neighbors (4000 / 44299)...
computing neighbors (5000 / 44299)...
computing neighbors (6000 / 44299)...
computing neighbors (7000 / 44299)...
computing neighbors (8000 / 44299)...
computing neighbors (9000 / 44299)...
computing neighbors (10000 / 44299)...
computing neighbors (11000 / 44299)...
computing neighbors (12000 / 44299)...
computing neighbors (13000 / 44299)...
computing neighbors (14000 / 44299)...
computing neighbors (15000 / 44299)...
computing neighbors (16000 / 44299)...
computing neighbors (17000 / 44299)...
computing neighbors (18000 / 44299)...
computing neighbors (19000 / 44299)...
computing neighbors (20000 / 44299)...
computing neighbors (21000 / 44299)...
computing neighbors (22000 / 44299)...
computing neighbors (23000 / 44299)...
computing neighbors (24000 / 44299)...
computing neighbors (25000 / 44299)...
computing neighbors (26000 / 44299)...
computing neighbors (27000 / 44299)...
computing neighbors (28000 / 44299)...
computing neighbors (29000 / 44299)...
computing neighbors (30000 / 44299)...
computing neighbors (31000 / 44299)...
computing neighbors (32000 / 44299)...
computing neighbors (33000 / 44299)...
computing neighbors (34000 / 44299)...
computing neighbors (35000 / 44299)...
computing neighbors (36000 / 44299)...
computing neighbors (37000 / 44299)...
computing neighbors (38000 / 44299)...
computing neighbors (39000 / 44299)...
computing neighbors (40000 / 44299)...
computing neighbors (41000 / 44299)...
computing neighbors (42000 / 44299)...
computing neighbors (43000 / 44299)...
computing neighbors (44000 / 44299)...
62040      vertices
44299      segments
376        dominations
=======================
greedy clique: 167
greedy found 167 vertices in 0.119 seconds
 time (s)      nb expanded    nb generated   objective      
------------------------------------------------------------
  0.375                                      -167           
  0.379        4.0            352.0          -168           
  0.381        6.0            466.0          -169           
  0.384        8.0            473.0          -170           
  0.385        9.0            475.0          -171           
  0.386        10.0           476.0          -172           
  0.387        11.0           584.0          -173           
  0.389        13.0           589.0          -174           
  0.390        14.0           590.0          -175           
  0.391        15.0           688.0          -176           
  0.395        18.0           790.0          -177           
  0.395        19.0           791.0          -178           
  0.396        20.0           886.0          -179           
  0.400        23.0           983.0          -180           
  0.401        24.0           1.1 k          -181           
  0.405        27.0           1.2 k          -182           
  0.406        28.0           1.2 k          -183           
  0.408        30.0           1.3 k          -184           
  0.411        32.0           1.3 k          -185           
  0.412        33.0           1.3 k          -186           
  0.413        34.0           1.3 k          -187           
  0.413        35.0           1.4 k          -188           
  0.420        40.0           1.6 k          -189           
  0.421        41.0           1.7 k          -190           
  0.425        44.0           1.9 k          -191           
  0.429        47.0           1.9 k          -192           
  0.430        48.0           1.9 k          -193           
  0.431        49.0           2.0 k          -194           
  0.442        57.0           2.4 k          -195           
  0.443        58.0           2.4 k          -196           
  0.444        59.0           2.4 k          -197           
  0.450        64.0           2.7 k          -198           
  0.454        67.0           2.8 k          -199           
  0.457        69.0           2.8 k          -200           
  0.461        72.0           2.9 k          -201           
  0.462        73.0           2.9 k          -202           
  0.468        78.0           3.1 k          -203           
  0.469        79.0           3.1 k          -204           
  0.470        80.0           3.1 k          -205           
  0.472        82.0           3.1 k          -206           
  0.480        88.0           3.4 k          -207           
  0.490        95.0           3.7 k          -208           
  0.492        97.0           3.7 k          -209           
  0.501        103.0          3.9 k          -210           
  0.504        106.0          4.0 k          -211           
  0.509        110.0          4.1 k          -212           
  0.512        112.0          4.1 k          -213           
  0.513        113.0          4.2 k          -214           
  0.525        122.0          4.5 k          -215           
  0.527        124.0          4.6 k          -216           
  0.533        128.0          4.7 k          -217           
  0.539        133.0          4.8 k          -218           
  0.544        137.0          5.0 k          -219           
  0.548        140.0          5.0 k          -220           
  0.549        141.0          5.0 k          -221           
  0.566        153.0          5.4 k          -222           
  0.569        156.0          5.5 k          -223           
  0.573        159.0          5.5 k          -224           
  0.578        163.0          5.6 k          -225           
  0.591        172.0          5.8 k          -226           
  0.591        173.0          5.8 k          -227           
  0.592        174.0          5.8 k          -228           
  0.596        177.0          5.8 k          -229           
  0.599        179.0          5.9 k          -230           
  0.604        183.0          5.9 k          -231           
  0.667        228.0          6.3 k          -232           
  0.678        236.0          6.3 k          -233           
  0.695        248.0          6.5 k          -234           
  0.696        249.0          6.5 k          -235           
  0.713        262.0          6.6 k          -236           
  0.721        268.0          6.7 k          -237           
  0.728        273.0          6.7 k          -238           
  0.746        284.0          6.8 k          -239           
  0.782        310.0          7.0 k          -240           
  0.849        357.0          7.5 k          -241           
  0.887        384.0          7.8 k          -242           
  0.896        391.0          7.8 k          -243           
  0.949        429.0          8.2 k          -244           
  0.953        432.0          8.2 k          -245           
  0.961        438.0          8.2 k          -246           
  0.964        441.0          8.3 k          -247           
  0.974        448.0          8.3 k          -248           
  0.975        449.0          8.3 k          -249           
  0.981        454.0          8.3 k          -250           
  1.128        558.0          9.2 k          -251           
  1.141        568.0          9.2 k          -252           
  1.146        572.0          9.2 k          -253           
  1.198        609.0          9.5 k          -254           
  1.201        611.0          9.5 k          -255           
  1.203        613.0          9.5 k          -256           
  1.208        617.0          9.5 k          -257           
  1.209        618.0          9.5 k          -258           
  1.212        621.0          9.5 k          -259           
  1.607        902.0          10.8 k         -260           
  2.157        1.3 k          12.0 k         -261           
  2.708        1.7 k          13.0 k         -262           
  2.710        1.7 k          13.0 k         -263           
  3.062        1.9 k          13.8 k         -264           
  3.064        1.9 k          13.8 k         -265           
  3.074        1.9 k          13.8 k         -266           
  3.098        1.9 k          13.8 k         -267           
  3.786        2.4 k          15.0 k         -268           
  5.309        3.5 k          17.7 k         -269           
  5.309        3.5 k          17.7 k         -270           
  5.312        3.5 k          17.7 k         -271           
  5.454        3.6 k          17.9 k         -272           
  5.578        3.7 k          18.2 k         -273           
  5.586        3.7 k          18.2 k         -274           
  5.593        3.7 k          18.2 k         -275           
  5.637        3.7 k          18.3 k         -276           
  6.297        4.2 k          19.4 k         -277           
  6.309        4.2 k          19.4 k         -278           
  7.066        4.7 k          20.7 k         -279           
  49.896       33.2 k         89.4 k         -280           
  49.900       33.2 k         89.4 k         -281           
  54.986       36.5 k         96.8 k         -282           
  55.082       36.6 k         97.0 k         -283           
  244.041      155.3 k        381.0 k        -284           
  258.372      164.1 k        402.2 k        -285           
  258.502      164.2 k        402.4 k        -286           
  266.146      168.9 k        413.5 k        -287           
  1150.438     707.2 k        1.7 M          -288           
  2470.757     1.5 M          3.7 M          -289           
  7078.871     4.2 M          10.2 M         -290           
  22417.312    12.9 M         30.5 M         -291           
  30341.156    17.3 M         40.6 M         -292           
  30367.924    17.3 M         40.6 M         -293           
  30367.926    17.3 M         40.6 M         -294           
  30367.932    17.3 M         40.6 M         -295           
  86491.992    47.8 M         110.7 M        -296           
