printing solutions in: ./dogs-color/insts/cgshop22/rvisp5013.instance.json.solution.json
printing perfs in: ./dogs-color/insts/cgshop22/rvisp5013.instance.json.perf.json

CGSHOP Instance: compute neighbors...
computing neighbors (0 / 5013)...
computing neighbors (1000 / 5013)...
computing neighbors (2000 / 5013)...
computing neighbors (3000 / 5013)...
computing neighbors (4000 / 5013)...
computing neighbors (5000 / 5013)...
161        vertices
5013       segments
2420       dominations
=======================
greedy clique: 33
greedy found 33 vertices in 0.002 seconds
 time (s)      nb expanded    nb generated   objective      
------------------------------------------------------------
  0.002                                      -33            
  0.003        3.0            137.0          -34            
  0.003        9.0            430.0          -35            
  0.004        17.0           835.0          -36            
  0.005        20.0           946.0          -37            
  0.006        26.0           1.2 k          -38            
  0.006        27.0           1.2 k          -39            
  0.008        45.0           1.9 k          -40            
  0.011        64.0           2.4 k          -41            
  0.012        75.0           2.6 k          -42            
  0.013        79.0           2.7 k          -43            
  0.018        117.0          3.0 k          -44            
  0.434        3.1 k          17.8 k         -45            
  1.868        13.2 k         66.8 k         -46            
