printing solutions in: ./dogs-color/insts/cgshop22/rvisp7648.instance.json.solution.json
printing perfs in: ./dogs-color/insts/cgshop22/rvisp7648.instance.json.perf.json

CGSHOP Instance: compute neighbors...
computing neighbors (0 / 7648)...
computing neighbors (1000 / 7648)...
computing neighbors (2000 / 7648)...
computing neighbors (3000 / 7648)...
computing neighbors (4000 / 7648)...
computing neighbors (5000 / 7648)...
computing neighbors (6000 / 7648)...
computing neighbors (7000 / 7648)...
319        vertices
7648       segments
3819       dominations
=======================
greedy clique: 32
greedy found 32 vertices in 0.003 seconds
 time (s)      nb expanded    nb generated   objective      
------------------------------------------------------------
  0.005                                      -32            
  0.005        6.0            315.0          -33            
  0.008        21.0           988.0          -34            
  0.009        30.0           1.4 k          -35            
  0.010        38.0           1.6 k          -36            
  0.015        72.0           2.4 k          -37            
  0.020        101.0          2.8 k          -38            
  0.024        124.0          3.0 k          -39            
  0.187        1.2 k          8.1 k          -40            
  5.673        33.8 k         183.4 k        -41            
