printing solutions in: ./dogs-color/insts/cgshop22/sqrpecn71571.instance.json.solution.json
printing perfs in: ./dogs-color/insts/cgshop22/sqrpecn71571.instance.json.perf.json

CGSHOP Instance: compute neighbors...
computing neighbors (0 / 71571)...
computing neighbors (1000 / 71571)...
computing neighbors (2000 / 71571)...
computing neighbors (3000 / 71571)...
computing neighbors (4000 / 71571)...
computing neighbors (5000 / 71571)...
computing neighbors (6000 / 71571)...
computing neighbors (7000 / 71571)...
computing neighbors (8000 / 71571)...
computing neighbors (9000 / 71571)...
computing neighbors (10000 / 71571)...
computing neighbors (11000 / 71571)...
computing neighbors (12000 / 71571)...
computing neighbors (13000 / 71571)...
computing neighbors (14000 / 71571)...
computing neighbors (15000 / 71571)...
computing neighbors (16000 / 71571)...
computing neighbors (17000 / 71571)...
computing neighbors (18000 / 71571)...
computing neighbors (19000 / 71571)...
computing neighbors (20000 / 71571)...
computing neighbors (21000 / 71571)...
computing neighbors (22000 / 71571)...
computing neighbors (23000 / 71571)...
computing neighbors (24000 / 71571)...
computing neighbors (25000 / 71571)...
computing neighbors (26000 / 71571)...
computing neighbors (27000 / 71571)...
computing neighbors (28000 / 71571)...
computing neighbors (29000 / 71571)...
computing neighbors (30000 / 71571)...
computing neighbors (31000 / 71571)...
computing neighbors (32000 / 71571)...
computing neighbors (33000 / 71571)...
computing neighbors (34000 / 71571)...
computing neighbors (35000 / 71571)...
computing neighbors (36000 / 71571)...
computing neighbors (37000 / 71571)...
computing neighbors (38000 / 71571)...
computing neighbors (39000 / 71571)...
computing neighbors (40000 / 71571)...
computing neighbors (41000 / 71571)...
computing neighbors (42000 / 71571)...
computing neighbors (43000 / 71571)...
computing neighbors (44000 / 71571)...
computing neighbors (45000 / 71571)...
computing neighbors (46000 / 71571)...
computing neighbors (47000 / 71571)...
computing neighbors (48000 / 71571)...
computing neighbors (49000 / 71571)...
computing neighbors (50000 / 71571)...
computing neighbors (51000 / 71571)...
computing neighbors (52000 / 71571)...
computing neighbors (53000 / 71571)...
computing neighbors (54000 / 71571)...
computing neighbors (55000 / 71571)...
computing neighbors (56000 / 71571)...
computing neighbors (57000 / 71571)...
computing neighbors (58000 / 71571)...
computing neighbors (59000 / 71571)...
computing neighbors (60000 / 71571)...
computing neighbors (61000 / 71571)...
computing neighbors (62000 / 71571)...
computing neighbors (63000 / 71571)...
computing neighbors (64000 / 71571)...
computing neighbors (65000 / 71571)...
computing neighbors (66000 / 71571)...
computing neighbors (67000 / 71571)...
computing neighbors (68000 / 71571)...
computing neighbors (69000 / 71571)...
computing neighbors (70000 / 71571)...
computing neighbors (71000 / 71571)...
107391     vertices
71571      segments
614        dominations
=======================
greedy clique: 291
greedy found 291 vertices in 0.369 seconds
 time (s)      nb expanded    nb generated   objective      
------------------------------------------------------------
  1.029                                      -291           
  1.034        3.0            357.0          -292           
  1.036        4.0            363.0          -293           
  1.037        5.0            366.0          -294           
  1.039        6.0            368.0          -295           
  1.041        7.0            369.0          -296           
  1.042        8.0            684.0          -297           
  1.046        10.0           689.0          -298           
  1.048        11.0           690.0          -299           
  1.049        12.0           1.0 k          -300           
  1.053        14.0           1.3 k          -301           
  1.062        18.0           1.9 k          -302           
  1.063        19.0           1.9 k          -303           
  1.065        20.0           1.9 k          -304           
  1.067        21.0           2.2 k          -305           
  1.073        24.0           2.5 k          -306           
  1.074        25.0           2.8 k          -307           
  1.080        28.0           3.1 k          -308           
  1.082        29.0           3.1 k          -309           
  1.084        30.0           3.1 k          -310           
  1.085        31.0           3.2 k          -311           
  1.087        32.0           3.2 k          -312           
  1.088        33.0           3.2 k          -313           
  1.090        34.0           3.2 k          -314           
  1.092        35.0           3.2 k          -315           
  1.093        36.0           3.2 k          -316           
  1.095        37.0           3.2 k          -317           
  1.096        38.0           3.2 k          -318           
  1.098        39.0           3.2 k          -319           
  1.100        40.0           3.2 k          -320           
  1.101        41.0           3.2 k          -321           
  1.103        42.0           3.5 k          -322           
  1.107        44.0           3.5 k          -323           
  1.108        45.0           3.5 k          -324           
  1.110        46.0           3.5 k          -325           
  1.111        47.0           3.5 k          -326           
  1.113        48.0           3.5 k          -327           
  1.115        49.0           3.7 k          -328           
  1.119        51.0           3.8 k          -329           
  1.120        52.0           3.8 k          -330           
  1.122        53.0           3.8 k          -331           
  1.123        54.0           3.8 k          -332           
  1.125        55.0           3.8 k          -333           
  1.126        56.0           3.8 k          -334           
  1.128        57.0           3.8 k          -335           
  1.130        58.0           4.0 k          -336           
  1.134        60.0           4.0 k          -337           
  1.135        61.0           4.0 k          -338           
  1.137        62.0           4.0 k          -339           
  1.138        63.0           4.0 k          -340           
  1.140        64.0           4.0 k          -341           
  1.142        65.0           4.2 k          -342           
  1.148        68.0           4.4 k          -343           
  1.149        69.0           4.4 k          -344           
  1.151        70.0           4.4 k          -345           
  1.152        71.0           4.6 k          -346           
  1.156        73.0           4.8 k          -347           
  1.160        75.0           4.8 k          -348           
  1.162        76.0           4.8 k          -349           
  1.163        77.0           4.9 k          -350           
  1.170        80.0           5.1 k          -351           
  1.171        81.0           5.1 k          -352           
  1.173        82.0           5.1 k          -353           
  1.174        83.0           5.1 k          -354           
  1.176        84.0           5.3 k          -355           
  1.182        87.0           5.6 k          -356           
  1.188        90.0           5.9 k          -357           
  1.192        92.0           6.1 k          -358           
  1.196        94.0           6.1 k          -359           
  1.198        95.0           6.1 k          -360           
  1.199        96.0           6.1 k          -361           
  1.201        97.0           6.2 k          -362           
  1.207        100.0          6.4 k          -363           
  1.209        101.0          6.5 k          -364           
  1.215        104.0          6.8 k          -365           
  1.221        107.0          7.1 k          -366           
  1.227        110.0          7.3 k          -367           
  1.229        111.0          7.3 k          -368           
  1.231        112.0          7.4 k          -369           
  1.239        115.0          7.7 k          -370           
  1.245        118.0          7.8 k          -371           
  1.247        119.0          8.0 k          -372           
  1.251        121.0          8.0 k          -373           
  1.252        122.0          8.0 k          -374           
  1.254        123.0          8.1 k          -375           
  1.260        126.0          8.3 k          -376           
  1.262        127.0          8.4 k          -377           
  1.266        129.0          8.5 k          -378           
  1.272        132.0          8.7 k          -379           
  1.274        133.0          8.8 k          -380           
  1.277        135.0          9.0 k          -381           
  1.281        137.0          9.1 k          -382           
  1.287        140.0          9.3 k          -383           
  1.291        142.0          9.3 k          -384           
  1.293        143.0          9.3 k          -385           
  1.295        144.0          9.5 k          -386           
  1.298        146.0          9.6 k          -387           
  1.305        149.0          9.8 k          -388           
  1.309        151.0          10.0 k         -389           
  1.315        154.0          10.2 k         -390           
  1.319        156.0          10.2 k         -391           
  1.320        157.0          10.2 k         -392           
  1.322        158.0          10.2 k         -393           
  1.323        159.0          10.2 k         -394           
  1.325        160.0          10.2 k         -395           
  1.327        161.0          10.3 k         -396           
  1.333        164.0          10.5 k         -397           
  1.334        165.0          10.5 k         -398           
  1.336        166.0          10.6 k         -399           
  1.345        170.0          10.9 k         -400           
  1.348        172.0          10.9 k         -401           
  1.350        173.0          10.9 k         -402           
  1.352        174.0          10.9 k         -403           
  1.353        175.0          11.0 k         -404           
  1.364        180.0          11.4 k         -405           
  1.368        182.0          11.5 k         -406           
  1.379        187.0          11.8 k         -407           
  1.385        190.0          11.9 k         -408           
  1.387        191.0          12.0 k         -409           
  1.395        195.0          12.2 k         -410           
  1.397        196.0          12.2 k         -411           
  1.398        197.0          12.3 k         -412           
  1.407        201.0          12.5 k         -413           
  1.429        211.0          13.3 k         -414           
  1.441        216.0          13.5 k         -415           
  1.442        217.0          13.6 k         -416           
  1.448        220.0          13.8 k         -417           
  1.454        223.0          13.9 k         -418           
  1.465        228.0          14.3 k         -419           
  1.488        238.0          15.0 k         -420           
  1.492        240.0          15.1 k         -421           
  1.500        244.0          15.4 k         -422           
  1.506        247.0          15.5 k         -423           
  1.527        256.0          16.2 k         -424           
  1.533        259.0          16.3 k         -425           
  1.551        267.0          16.9 k         -426           
  1.557        270.0          17.0 k         -427           
  1.573        277.0          17.4 k         -428           
  1.588        283.0          17.7 k         -429           
  1.613        294.0          18.3 k         -430           
  1.615        295.0          18.3 k         -431           
  1.621        298.0          18.4 k         -432           
  1.622        299.0          18.5 k         -433           
  1.654        313.0          19.1 k         -434           
  1.668        319.0          19.3 k         -435           
  1.683        326.0          19.5 k         -436           
  1.692        330.0          19.6 k         -437           
  1.694        331.0          19.6 k         -438           
  1.698        333.0          19.6 k         -439           
  1.739        351.0          20.1 k         -440           
  1.757        359.0          20.3 k         -441           
  1.758        360.0          20.3 k         -442           
  1.760        361.0          20.3 k         -443           
  1.804        380.0          20.6 k         -444           
  1.805        381.0          20.6 k         -445           
  1.809        383.0          20.6 k         -446           
  1.830        392.0          20.7 k         -447           
  1.843        398.0          20.7 k         -448           
  1.844        399.0          20.7 k         -449           
  1.848        401.0          20.7 k         -450           
  1.859        406.0          20.7 k         -451           
  1.885        417.0          20.9 k         -452           
  1.893        421.0          20.9 k         -453           
  1.895        422.0          20.9 k         -454           
  1.910        429.0          21.0 k         -455           
  1.912        430.0          21.0 k         -456           
  1.913        431.0          21.0 k         -457           
  1.915        432.0          21.0 k         -458           
  1.917        433.0          21.0 k         -459           
  1.918        434.0          21.0 k         -460           
  1.920        435.0          21.0 k         -461           
  1.924        436.0          21.0 k         -462           
  1.937        442.0          21.2 k         -463           
  1.939        443.0          21.2 k         -464           
  1.940        444.0          21.2 k         -465           
  1.949        448.0          21.2 k         -466           
  1.953        450.0          21.2 k         -467           
  1.961        454.0          21.2 k         -468           
  1.963        455.0          21.2 k         -469           
  2.076        504.0          22.0 k         -470           
  2.077        505.0          22.0 k         -471           
  2.084        508.0          22.0 k         -472           
  2.088        510.0          22.0 k         -473           
  2.136        531.0          22.3 k         -474           
  2.147        536.0          22.4 k         -475           
  2.160        542.0          22.4 k         -476           
  2.180        551.0          22.5 k         -477           
  2.184        553.0          22.5 k         -478           
  2.209        564.0          22.8 k         -479           
  2.220        569.0          22.9 k         -480           
  2.221        570.0          22.9 k         -481           
  2.242        579.0          23.3 k         -482           
  2.267        589.0          23.4 k         -483           
  2.457        671.0          24.5 k         -484           
  2.461        673.0          24.5 k         -485           
  2.507        693.0          24.8 k         -486           
  2.513        696.0          24.8 k         -487           
  2.648        753.0          25.5 k         -488           
  2.705        778.0          25.7 k         -489           
  2.707        779.0          25.7 k         -490           
  2.716        783.0          25.7 k         -491           
  2.720        785.0          25.7 k         -492           
  2.747        797.0          25.9 k         -493           
  2.830        832.0          26.5 k         -494           
  2.841        837.0          26.5 k         -495           
  3.002        905.0          27.1 k         -496           
  3.035        919.0          27.3 k         -497           
  3.088        942.0          27.6 k         -498           
  3.094        945.0          27.6 k         -499           
  3.168        977.0          27.9 k         -500           
  3.217        998.0          28.1 k         -501           
  3.258        1.0 k          28.3 k         -502           
  3.294        1.0 k          28.3 k         -503           
  3.541        1.1 k          29.3 k         -504           
  3.648        1.2 k          29.6 k         -505           
  3.664        1.2 k          29.7 k         -506           
  3.670        1.2 k          29.7 k         -507           
  3.679        1.2 k          29.7 k         -508           
  3.680        1.2 k          29.7 k         -509           
  3.682        1.2 k          29.7 k         -510           
  3.686        1.2 k          29.7 k         -511           
  3.720        1.2 k          29.8 k         -512           
  3.736        1.2 k          29.8 k         -513           
  3.938        1.3 k          30.6 k         -514           
  3.940        1.3 k          30.6 k         -515           
  3.944        1.3 k          30.6 k         -516           
  3.945        1.3 k          30.6 k         -517           
  4.220        1.4 k          31.3 k         -518           
  4.254        1.4 k          31.3 k         -519           
  4.846        1.7 k          32.6 k         -520           
  5.148        1.8 k          33.3 k         -521           
  5.162        1.8 k          33.3 k         -522           
  5.166        1.8 k          33.3 k         -523           
  5.168        1.8 k          33.3 k         -524           
  5.782        2.1 k          34.2 k         -525           
  5.788        2.1 k          34.2 k         -526           
  5.793        2.1 k          34.2 k         -527           
  5.809        2.1 k          34.2 k         -528           
  5.813        2.1 k          34.2 k         -529           
  6.648        2.5 k          35.3 k         -530           
  6.652        2.5 k          35.4 k         -531           
  6.663        2.5 k          35.4 k         -532           
  6.714        2.5 k          35.5 k         -533           
  6.741        2.5 k          35.5 k         -534           
  7.956        3.0 k          37.2 k         -535           
  12.280       4.8 k          42.7 k         -536           
  12.296       4.8 k          42.7 k         -537           
  14.944       5.9 k          46.1 k         -538           
  15.739       6.3 k          47.1 k         -539           
  15.756       6.3 k          47.1 k         -540           
  15.783       6.3 k          47.2 k         -541           
  15.911       6.3 k          47.4 k         -542           
  15.994       6.4 k          47.5 k         -543           
  16.655       6.6 k          48.4 k         -544           
  17.492       7.0 k          49.4 k         -545           
  17.496       7.0 k          49.4 k         -546           
  17.517       7.0 k          49.4 k         -547           
  22.063       8.9 k          54.9 k         -548           
  22.129       8.9 k          54.9 k         -549           
  27.262       11.1 k         61.4 k         -550           
  29.240       11.9 k         63.7 k         -551           
  29.610       12.0 k         64.1 k         -552           
  29.614       12.0 k         64.2 k         -553           
  30.857       12.6 k         65.6 k         -554           
  30.907       12.6 k         65.6 k         -555           
  30.926       12.6 k         65.7 k         -556           
  31.383       12.8 k         66.2 k         -557           
  38.240       15.6 k         74.6 k         -558           
  38.244       15.6 k         74.6 k         -559           
  38.748       15.8 k         75.2 k         -560           
  38.759       15.8 k         75.2 k         -561           
  38.780       15.9 k         75.3 k         -562           
  53.592       22.0 k         92.7 k         -563           
  53.628       22.0 k         92.7 k         -564           
  53.687       22.0 k         92.8 k         -565           
  53.750       22.1 k         92.9 k         -566           
  53.806       22.1 k         93.0 k         -567           
  53.810       22.1 k         93.0 k         -568           
  53.815       22.1 k         93.0 k         -569           
  54.053       22.2 k         93.3 k         -570           
  54.060       22.2 k         93.3 k         -571           
  54.604       22.4 k         94.0 k         -572           
  57.041       23.4 k         96.8 k         -573           
  62.178       25.5 k         103.5 k        -574           
  63.015       25.9 k         104.7 k        -575           
  63.055       25.9 k         104.7 k        -576           
  63.430       26.1 k         105.2 k        -577           
  69.320       28.5 k         112.4 k        -578           
  70.577       29.0 k         113.8 k        -579           
  70.591       29.0 k         113.8 k        -580           
  70.604       29.0 k         113.9 k        -581           
  150.934      62.2 k         212.4 k        -582           
  151.228      62.3 k         212.8 k        -583           
  151.278      62.3 k         212.9 k        -584           
  206.767      85.2 k         282.9 k        -585           
  437.829      180.2 k        573.4 k        -586           
  534.997      220.0 k        696.9 k        -587           
  535.020      220.1 k        696.9 k        -588           
  539.234      221.8 k        702.5 k        -589           
  539.323      221.8 k        702.6 k        -590           
  632.947      260.2 k        820.7 k        -591           
  56054.031    22.9 M         63.9 M         -592           
  56091.926    22.9 M         64.0 M         -593           
  56092.145    22.9 M         64.0 M         -594           
  56244.199    22.9 M         64.1 M         -595           
  56338.500    23.0 M         64.2 M         -596           
  56338.508    23.0 M         64.2 M         -597           
  56428.344    23.0 M         64.3 M         -598           
  56428.426    23.0 M         64.3 M         -599           
  57291.754    23.4 M         65.3 M         -600           
  57632.180    23.5 M         65.6 M         -601           
