printing solutions in: ./dogs-color/insts/cgshop22/sqrp49981.instance.json.solution.json
printing perfs in: ./dogs-color/insts/cgshop22/sqrp49981.instance.json.perf.json

CGSHOP Instance: compute neighbors...
computing neighbors (0 / 49981)...
computing neighbors (1000 / 49981)...
computing neighbors (2000 / 49981)...
computing neighbors (3000 / 49981)...
computing neighbors (4000 / 49981)...
computing neighbors (5000 / 49981)...
computing neighbors (6000 / 49981)...
computing neighbors (7000 / 49981)...
computing neighbors (8000 / 49981)...
computing neighbors (9000 / 49981)...
computing neighbors (10000 / 49981)...
computing neighbors (11000 / 49981)...
computing neighbors (12000 / 49981)...
computing neighbors (13000 / 49981)...
computing neighbors (14000 / 49981)...
computing neighbors (15000 / 49981)...
computing neighbors (16000 / 49981)...
computing neighbors (17000 / 49981)...
computing neighbors (18000 / 49981)...
computing neighbors (19000 / 49981)...
computing neighbors (20000 / 49981)...
computing neighbors (21000 / 49981)...
computing neighbors (22000 / 49981)...
computing neighbors (23000 / 49981)...
computing neighbors (24000 / 49981)...
computing neighbors (25000 / 49981)...
computing neighbors (26000 / 49981)...
computing neighbors (27000 / 49981)...
computing neighbors (28000 / 49981)...
computing neighbors (29000 / 49981)...
computing neighbors (30000 / 49981)...
computing neighbors (31000 / 49981)...
computing neighbors (32000 / 49981)...
computing neighbors (33000 / 49981)...
computing neighbors (34000 / 49981)...
computing neighbors (35000 / 49981)...
computing neighbors (36000 / 49981)...
computing neighbors (37000 / 49981)...
computing neighbors (38000 / 49981)...
computing neighbors (39000 / 49981)...
computing neighbors (40000 / 49981)...
computing neighbors (41000 / 49981)...
computing neighbors (42000 / 49981)...
computing neighbors (43000 / 49981)...
computing neighbors (44000 / 49981)...
computing neighbors (45000 / 49981)...
computing neighbors (46000 / 49981)...
computing neighbors (47000 / 49981)...
computing neighbors (48000 / 49981)...
computing neighbors (49000 / 49981)...
975        vertices
49981      segments
6570       dominations
=======================
greedy clique: 139
greedy found 139 vertices in 0.094 seconds
 time (s)      nb expanded    nb generated   objective      
------------------------------------------------------------
  0.205                                      -139           
  0.211        5.0            1.6 k          -140           
  0.214        8.0            2.0 k          -141           
  0.215        9.0            2.4 k          -142           
  0.219        12.0           3.2 k          -143           
  0.221        14.0           3.6 k          -144           
  0.224        16.0           4.0 k          -145           
  0.226        18.0           4.0 k          -146           
  0.227        19.0           4.4 k          -147           
  0.229        21.0           4.7 k          -148           
  0.234        25.0           5.5 k          -149           
  0.235        26.0           5.9 k          -150           
  0.238        28.0           5.9 k          -151           
  0.239        29.0           5.9 k          -152           
  0.239        30.0           5.9 k          -153           
  0.240        31.0           5.9 k          -154           
  0.241        32.0           6.2 k          -155           
  0.244        34.0           6.6 k          -156           
  0.249        38.0           7.2 k          -157           
  0.250        39.0           7.5 k          -158           
  0.253        42.0           7.9 k          -159           
  0.254        43.0           7.9 k          -160           
  0.255        44.0           8.2 k          -161           
  0.259        47.0           8.8 k          -162           
  0.263        50.0           9.4 k          -163           
  0.265        52.0           9.5 k          -164           
  0.266        53.0           9.8 k          -165           
  0.268        55.0           10.1 k         -166           
  0.273        59.0           10.6 k         -167           
  0.274        60.0           10.6 k         -168           
  0.275        61.0           10.6 k         -169           
  0.276        62.0           10.9 k         -170           
  0.281        66.0           11.7 k         -171           
  0.284        68.0           11.8 k         -172           
  0.285        69.0           11.8 k         -173           
  0.286        70.0           12.0 k         -174           
  0.288        72.0           12.2 k         -175           
  0.297        79.0           13.7 k         -176           
  0.312        90.0           16.1 k         -177           
  0.314        92.0           16.3 k         -178           
  0.321        97.0           17.0 k         -179           
  0.322        98.0           17.2 k         -180           
  0.330        104.0          18.3 k         -181           
  0.335        108.0          18.7 k         -182           
  0.336        109.0          18.9 k         -183           
  0.341        113.0          19.5 k         -184           
  0.345        116.0          19.9 k         -185           
  0.351        121.0          20.7 k         -186           
  0.367        133.0          22.7 k         -187           
  0.375        139.0          23.6 k         -188           
  0.380        143.0          24.1 k         -189           
  0.390        150.0          24.9 k         -190           
  0.391        151.0          25.1 k         -191           
  0.421        173.0          28.3 k         -192           
  0.442        189.0          30.5 k         -193           
  0.448        193.0          30.9 k         -194           
  0.467        207.0          32.7 k         -195           
  0.484        219.0          34.2 k         -196           
  0.486        221.0          34.3 k         -197           
  0.514        241.0          36.6 k         -198           
  0.516        243.0          36.7 k         -199           
  0.528        252.0          37.6 k         -200           
  0.543        263.0          38.7 k         -201           
  0.555        272.0          39.5 k         -202           
  0.573        285.0          40.6 k         -203           
  0.579        290.0          41.0 k         -204           
  0.586        295.0          41.3 k         -205           
  0.605        309.0          42.4 k         -206           
  0.608        311.0          42.4 k         -207           
  0.625        324.0          43.3 k         -208           
  0.632        329.0          43.6 k         -209           
  0.642        337.0          44.0 k         -210           
  0.647        341.0          44.2 k         -211           
  0.669        357.0          44.9 k         -212           
  0.712        388.0          45.9 k         -213           
  0.731        402.0          46.2 k         -214           
  0.746        413.0          46.5 k         -215           
  0.764        426.0          46.7 k         -216           
  0.769        430.0          46.8 k         -217           
  0.796        450.0          47.1 k         -218           
  0.842        483.0          47.6 k         -219           
  0.871        504.0          47.9 k         -220           
  0.872        505.0          47.9 k         -221           
  0.875        508.0          48.0 k         -222           
  0.882        513.0          48.0 k         -223           
  0.887        517.0          48.1 k         -224           
  0.941        556.0          48.3 k         -225           
  0.972        578.0          48.4 k         -226           
  1.638        1.1 k          53.5 k         -227           
  1.830        1.2 k          55.2 k         -228           
  1.834        1.2 k          55.2 k         -229           
  1.875        1.2 k          55.5 k         -230           
  1.883        1.2 k          55.5 k         -231           
  2.263        1.5 k          57.5 k         -232           
  2.330        1.5 k          58.0 k         -233           
  2.423        1.6 k          58.6 k         -234           
  3.144        2.1 k          61.9 k         -235           
  4.019        2.7 k          66.0 k         -236           
  4.027        2.7 k          66.0 k         -237           
  4.493        3.1 k          68.0 k         -238           
  4.494        3.1 k          68.0 k         -239           
  5.034        3.5 k          69.9 k         -240           
  5.412        3.7 k          71.6 k         -241           
  5.665        3.9 k          72.6 k         -242           
  15.490       10.8 k         108.7 k        -243           
  15.580       10.8 k         109.0 k        -244           
  15.583       10.8 k         109.0 k        -245           
  22.506       15.6 k         133.7 k        -246           
  23.127       16.1 k         135.8 k        -247           
  30.371       21.1 k         161.6 k        -248           
  31.942       22.2 k         167.1 k        -249           
  33.120       23.0 k         171.3 k        -250           
  33.135       23.0 k         171.3 k        -251           
  42.274       29.3 k         204.2 k        -252           
  51.647       35.7 k         238.0 k        -253           
  53.589       37.0 k         244.8 k        -254           
  57.767       39.8 k         259.4 k        -255           
  64.043       44.1 k         280.9 k        -256           
  106.431      72.6 k         425.7 k        -257           
  200.314      134.9 k        754.1 k        -258           
  200.342      134.9 k        754.2 k        -259           
  243.766      163.6 k        903.4 k        -260           
  243.770      163.6 k        903.4 k        -261           
  243.842      163.7 k        903.6 k        -262           
  483.573      320.8 k        1.7 M          -263           
  535.527      354.7 k        1.8 M          -264           
  536.590      355.4 k        1.9 M          -265           
  599.406      396.3 k        2.0 M          -266           
  619.896      409.7 k        2.1 M          -267           
  4956.052     3.2 M          15.7 M         -268           
