printing solutions in: ./dogs-color/insts/cgshop22/sqrpecn65041.instance.json.solution.json
printing perfs in: ./dogs-color/insts/cgshop22/sqrpecn65041.instance.json.perf.json

CGSHOP Instance: compute neighbors...
computing neighbors (0 / 65041)...
computing neighbors (1000 / 65041)...
computing neighbors (2000 / 65041)...
computing neighbors (3000 / 65041)...
computing neighbors (4000 / 65041)...
computing neighbors (5000 / 65041)...
computing neighbors (6000 / 65041)...
computing neighbors (7000 / 65041)...
computing neighbors (8000 / 65041)...
computing neighbors (9000 / 65041)...
computing neighbors (10000 / 65041)...
computing neighbors (11000 / 65041)...
computing neighbors (12000 / 65041)...
computing neighbors (13000 / 65041)...
computing neighbors (14000 / 65041)...
computing neighbors (15000 / 65041)...
computing neighbors (16000 / 65041)...
computing neighbors (17000 / 65041)...
computing neighbors (18000 / 65041)...
computing neighbors (19000 / 65041)...
computing neighbors (20000 / 65041)...
computing neighbors (21000 / 65041)...
computing neighbors (22000 / 65041)...
computing neighbors (23000 / 65041)...
computing neighbors (24000 / 65041)...
computing neighbors (25000 / 65041)...
computing neighbors (26000 / 65041)...
computing neighbors (27000 / 65041)...
computing neighbors (28000 / 65041)...
computing neighbors (29000 / 65041)...
computing neighbors (30000 / 65041)...
computing neighbors (31000 / 65041)...
computing neighbors (32000 / 65041)...
computing neighbors (33000 / 65041)...
computing neighbors (34000 / 65041)...
computing neighbors (35000 / 65041)...
computing neighbors (36000 / 65041)...
computing neighbors (37000 / 65041)...
computing neighbors (38000 / 65041)...
computing neighbors (39000 / 65041)...
computing neighbors (40000 / 65041)...
computing neighbors (41000 / 65041)...
computing neighbors (42000 / 65041)...
computing neighbors (43000 / 65041)...
computing neighbors (44000 / 65041)...
computing neighbors (45000 / 65041)...
computing neighbors (46000 / 65041)...
computing neighbors (47000 / 65041)...
computing neighbors (48000 / 65041)...
computing neighbors (49000 / 65041)...
computing neighbors (50000 / 65041)...
computing neighbors (51000 / 65041)...
computing neighbors (52000 / 65041)...
computing neighbors (53000 / 65041)...
computing neighbors (54000 / 65041)...
computing neighbors (55000 / 65041)...
computing neighbors (56000 / 65041)...
computing neighbors (57000 / 65041)...
computing neighbors (58000 / 65041)...
computing neighbors (59000 / 65041)...
computing neighbors (60000 / 65041)...
computing neighbors (61000 / 65041)...
computing neighbors (62000 / 65041)...
computing neighbors (63000 / 65041)...
computing neighbors (64000 / 65041)...
computing neighbors (65000 / 65041)...
97553      vertices
65041      segments
564        dominations
=======================
greedy clique: 294
greedy found 294 vertices in 0.260 seconds
 time (s)      nb expanded    nb generated   objective      
------------------------------------------------------------
  0.598                                      -294           
  0.602        3.0            495.0          -295           
  0.603        4.0            513.0          -296           
  0.604        5.0            530.0          -297           
  0.606        6.0            546.0          -298           
  0.607        7.0            561.0          -299           
  0.608        8.0            574.0          -300           
  0.609        9.0            586.0          -301           
  0.611        10.0           597.0          -302           
  0.612        11.0           607.0          -303           
  0.613        12.0           615.0          -304           
  0.615        13.0           622.0          -305           
  0.616        14.0           628.0          -306           
  0.617        15.0           633.0          -307           
  0.618        16.0           637.0          -308           
  0.620        17.0           640.0          -309           
  0.621        18.0           642.0          -310           
  0.622        19.0           643.0          -311           
  0.623        20.0           879.0          -312           
  0.627        22.0           894.0          -313           
  0.628        23.0           899.0          -314           
  0.629        24.0           903.0          -315           
  0.630        25.0           906.0          -316           
  0.632        26.0           908.0          -317           
  0.633        27.0           909.0          -318           
  0.634        28.0           1.1 k          -319           
  0.637        30.0           1.2 k          -320           
  0.639        31.0           1.2 k          -321           
  0.640        32.0           1.2 k          -322           
  0.641        33.0           1.2 k          -323           
  0.642        34.0           1.2 k          -324           
  0.644        35.0           1.2 k          -325           
  0.645        36.0           1.2 k          -326           
  0.646        37.0           1.2 k          -327           
  0.648        38.0           1.4 k          -328           
  0.655        42.0           1.8 k          -329           
  0.656        43.0           2.0 k          -330           
  0.659        45.0           2.2 k          -331           
  0.662        47.0           2.2 k          -332           
  0.664        48.0           2.2 k          -333           
  0.665        49.0           2.2 k          -334           
  0.666        50.0           2.4 k          -335           
  0.671        53.0           2.8 k          -336           
  0.675        55.0           2.8 k          -337           
  0.676        56.0           2.8 k          -338           
  0.677        57.0           2.8 k          -339           
  0.678        58.0           2.8 k          -340           
  0.680        59.0           3.0 k          -341           
  0.685        62.0           3.3 k          -342           
  0.688        64.0           3.3 k          -343           
  0.689        65.0           3.3 k          -344           
  0.690        66.0           3.3 k          -345           
  0.692        67.0           3.5 k          -346           
  0.695        69.0           3.5 k          -347           
  0.696        70.0           3.5 k          -348           
  0.697        71.0           3.5 k          -349           
  0.699        72.0           3.7 k          -350           
  0.702        74.0           3.7 k          -351           
  0.703        75.0           3.8 k          -352           
  0.706        77.0           3.9 k          -353           
  0.708        78.0           3.9 k          -354           
  0.709        79.0           3.9 k          -355           
  0.710        80.0           4.0 k          -356           
  0.715        83.0           4.2 k          -357           
  0.717        84.0           4.3 k          -358           
  0.724        88.0           4.8 k          -359           
  0.729        91.0           5.1 k          -360           
  0.732        93.0           5.1 k          -361           
  0.733        94.0           5.1 k          -362           
  0.734        95.0           5.2 k          -363           
  0.741        99.0           5.7 k          -364           
  0.745        101.0          5.8 k          -365           
  0.752        105.0          6.1 k          -366           
  0.753        106.0          6.2 k          -367           
  0.758        109.0          6.5 k          -368           
  0.761        111.0          6.6 k          -369           
  0.768        115.0          7.0 k          -370           
  0.772        117.0          7.0 k          -371           
  0.773        118.0          7.2 k          -372           
  0.776        120.0          7.2 k          -373           
  0.777        121.0          7.2 k          -374           
  0.779        122.0          7.2 k          -375           
  0.780        123.0          7.2 k          -376           
  0.781        124.0          7.3 k          -377           
  0.784        126.0          7.3 k          -378           
  0.786        127.0          7.3 k          -379           
  0.787        128.0          7.4 k          -380           
  0.797        132.0          7.8 k          -381           
  0.803        135.0          8.0 k          -382           
  0.804        136.0          8.1 k          -383           
  0.807        138.0          8.2 k          -384           
  0.814        142.0          8.5 k          -385           
  0.827        149.0          9.2 k          -386           
  0.832        152.0          9.5 k          -387           
  0.835        154.0          9.6 k          -388           
  0.844        159.0          10.1 k         -389           
  0.847        161.0          10.1 k         -390           
  0.849        162.0          10.1 k         -391           
  0.850        163.0          10.2 k         -392           
  0.863        170.0          10.8 k         -393           
  0.864        171.0          10.9 k         -394           
  0.873        176.0          11.3 k         -395           
  0.876        178.0          11.3 k         -396           
  0.878        179.0          11.5 k         -397           
  0.881        181.0          11.6 k         -398           
  0.884        183.0          11.7 k         -399           
  0.891        187.0          12.0 k         -400           
  0.896        190.0          12.1 k         -401           
  0.897        191.0          12.2 k         -402           
  0.901        193.0          12.2 k         -403           
  0.902        194.0          12.2 k         -404           
  0.903        195.0          12.2 k         -405           
  0.904        196.0          12.3 k         -406           
  0.915        202.0          12.7 k         -407           
  0.917        203.0          12.7 k         -408           
  0.918        204.0          12.8 k         -409           
  0.947        219.0          14.2 k         -410           
  0.948        220.0          14.3 k         -411           
  0.959        226.0          14.7 k         -412           
  0.964        229.0          14.9 k         -413           
  0.985        240.0          15.8 k         -414           
  1.000        248.0          16.4 k         -415           
  1.015        256.0          17.0 k         -416           
  1.020        259.0          17.1 k         -417           
  1.021        260.0          17.2 k         -418           
  1.030        265.0          17.5 k         -419           
  1.049        275.0          18.3 k         -420           
  1.078        290.0          19.2 k         -421           
  1.079        291.0          19.3 k         -422           
  1.084        294.0          19.4 k         -423           
  1.087        296.0          19.5 k         -424           
  1.095        300.0          19.7 k         -425           
  1.114        310.0          20.3 k         -426           
  1.117        312.0          20.4 k         -427           
  1.155        330.0          21.5 k         -428           
  1.166        336.0          21.9 k         -429           
  1.181        344.0          22.3 k         -430           
  1.212        360.0          23.2 k         -431           
  1.219        364.0          23.4 k         -432           
  1.224        367.0          23.5 k         -433           
  1.255        383.0          24.2 k         -434           
  1.256        384.0          24.2 k         -435           
  1.267        390.0          24.4 k         -436           
  1.269        391.0          24.4 k         -437           
  1.270        392.0          24.4 k         -438           
  1.271        393.0          24.4 k         -439           
  1.272        394.0          24.4 k         -440           
  1.274        395.0          24.4 k         -441           
  1.277        397.0          24.5 k         -442           
  1.284        401.0          24.6 k         -443           
  1.315        417.0          25.1 k         -444           
  1.354        437.0          25.5 k         -445           
  1.399        460.0          25.7 k         -446           
  1.424        473.0          25.8 k         -447           
  1.428        475.0          25.8 k         -448           
  1.466        495.0          26.1 k         -449           
  1.505        513.0          26.3 k         -450           
  1.685        605.0          27.4 k         -451           
  1.686        606.0          27.4 k         -452           
  1.711        619.0          27.5 k         -453           
  1.853        690.0          28.2 k         -454           
  1.902        715.0          28.4 k         -455           
  1.903        716.0          28.4 k         -456           
  1.909        719.0          28.5 k         -457           
  1.931        731.0          28.5 k         -458           
  1.934        733.0          28.5 k         -459           
  1.991        762.0          28.7 k         -460           
  1.998        766.0          28.8 k         -461           
  2.003        769.0          28.8 k         -462           
  2.007        771.0          28.8 k         -463           
  2.016        776.0          28.9 k         -464           
  2.039        788.0          28.9 k         -465           
  2.309        925.0          30.1 k         -466           
  2.437        991.0          30.7 k         -467           
  2.441        993.0          30.7 k         -468           
  2.444        995.0          30.7 k         -469           
  2.445        996.0          30.7 k         -470           
  2.504        1.0 k          30.9 k         -471           
  2.507        1.0 k          30.9 k         -472           
  2.613        1.1 k          31.5 k         -473           
  2.822        1.2 k          32.1 k         -474           
  2.910        1.2 k          32.4 k         -475           
  2.912        1.2 k          32.4 k         -476           
  2.978        1.3 k          32.6 k         -477           
  2.986        1.3 k          32.7 k         -478           
  2.987        1.3 k          32.7 k         -479           
  2.990        1.3 k          32.7 k         -480           
  2.995        1.3 k          32.7 k         -481           
  3.054        1.3 k          32.9 k         -482           
  3.061        1.3 k          33.0 k         -483           
  3.072        1.3 k          33.0 k         -484           
  3.073        1.3 k          33.0 k         -485           
  3.664        1.6 k          34.6 k         -486           
  3.782        1.7 k          35.0 k         -487           
  3.792        1.7 k          35.0 k         -488           
  3.880        1.7 k          35.3 k         -489           
  3.881        1.7 k          35.3 k         -490           
  3.978        1.8 k          35.5 k         -491           
  3.981        1.8 k          35.5 k         -492           
  4.095        1.8 k          35.8 k         -493           
  4.114        1.8 k          35.8 k         -494           
  4.159        1.9 k          36.0 k         -495           
  4.226        1.9 k          36.2 k         -496           
  4.239        1.9 k          36.2 k         -497           
  4.661        2.1 k          37.3 k         -498           
  4.666        2.1 k          37.3 k         -499           
  5.055        2.3 k          38.1 k         -500           
  5.060        2.3 k          38.1 k         -501           
  5.069        2.3 k          38.1 k         -502           
  5.624        2.6 k          39.2 k         -503           
  8.096        3.9 k          44.0 k         -504           
  12.066       5.9 k          51.3 k         -505           
  12.179       5.9 k          51.5 k         -506           
  12.529       6.1 k          52.1 k         -507           
  19.339       9.5 k          62.5 k         -508           
  20.172       9.9 k          63.7 k         -509           
  21.275       10.5 k         65.5 k         -510           
  27.132       13.4 k         75.2 k         -511           
  27.133       13.4 k         75.2 k         -512           
  27.138       13.4 k         75.2 k         -513           
  30.252       14.9 k         80.0 k         -514           
  65.622       32.5 k         140.0 k        -515           
  86.374       42.8 k         173.9 k        -516           
  114.293      56.6 k         219.7 k        -517           
  145.471      71.9 k         270.5 k        -518           
  148.350      73.3 k         275.3 k        -519           
  149.118      73.7 k         276.5 k        -520           
  149.127      73.7 k         276.5 k        -521           
  187.361      92.4 k         339.4 k        -522           
  396.556      194.9 k        676.4 k        -523           
  450.971      221.5 k        761.4 k        -524           
  456.718      224.3 k        770.8 k        -525           
  457.121      224.5 k        771.4 k        -526           
  672.629      329.8 k        1.1 M          -527           
  682.197      334.5 k        1.1 M          -528           
  739.791      362.4 k        1.2 M          -529           
  751.499      368.1 k        1.2 M          -530           
  806.365      394.8 k        1.3 M          -531           
  806.389      394.8 k        1.3 M          -532           
  1080.227     528.0 k        1.7 M          -533           
  21542.482    10.4 M         29.9 M         -534           
  21620.963    10.4 M         30.0 M         -535           
  23005.668    11.1 M         31.8 M         -536           
  23006.326    11.1 M         31.8 M         -537           
  25637.551    12.4 M         35.5 M         -538           
  25638.439    12.4 M         35.5 M         -539           
  25723.975    12.4 M         35.6 M         -540           
  25723.979    12.4 M         35.6 M         -541           
  25742.809    12.4 M         35.7 M         -542           
  26633.184    12.8 M         36.9 M         -543           
  26752.307    12.9 M         37.0 M         -544           
  31572.211    15.2 M         43.5 M         -545           
  38047.281    18.3 M         52.1 M         -546           
  38047.289    18.3 M         52.1 M         -547           
  102553.875   48.9 M         137.9 M        -548           
  102622.086   48.9 M         138.0 M        -549           
  102622.094   48.9 M         138.0 M        -550           
  105124.156   50.1 M         141.3 M        -551           
