printing solutions in: ./dogs-color/insts/cgshop22/sqrp43759.instance.json.solution.json
printing perfs in: ./dogs-color/insts/cgshop22/sqrp43759.instance.json.perf.json

CGSHOP Instance: compute neighbors...
computing neighbors (0 / 43759)...
computing neighbors (1000 / 43759)...
computing neighbors (2000 / 43759)...
computing neighbors (3000 / 43759)...
computing neighbors (4000 / 43759)...
computing neighbors (5000 / 43759)...
computing neighbors (6000 / 43759)...
computing neighbors (7000 / 43759)...
computing neighbors (8000 / 43759)...
computing neighbors (9000 / 43759)...
computing neighbors (10000 / 43759)...
computing neighbors (11000 / 43759)...
computing neighbors (12000 / 43759)...
computing neighbors (13000 / 43759)...
computing neighbors (14000 / 43759)...
computing neighbors (15000 / 43759)...
computing neighbors (16000 / 43759)...
computing neighbors (17000 / 43759)...
computing neighbors (18000 / 43759)...
computing neighbors (19000 / 43759)...
computing neighbors (20000 / 43759)...
computing neighbors (21000 / 43759)...
computing neighbors (22000 / 43759)...
computing neighbors (23000 / 43759)...
computing neighbors (24000 / 43759)...
computing neighbors (25000 / 43759)...
computing neighbors (26000 / 43759)...
computing neighbors (27000 / 43759)...
computing neighbors (28000 / 43759)...
computing neighbors (29000 / 43759)...
computing neighbors (30000 / 43759)...
computing neighbors (31000 / 43759)...
computing neighbors (32000 / 43759)...
computing neighbors (33000 / 43759)...
computing neighbors (34000 / 43759)...
computing neighbors (35000 / 43759)...
computing neighbors (36000 / 43759)...
computing neighbors (37000 / 43759)...
computing neighbors (38000 / 43759)...
computing neighbors (39000 / 43759)...
computing neighbors (40000 / 43759)...
computing neighbors (41000 / 43759)...
computing neighbors (42000 / 43759)...
computing neighbors (43000 / 43759)...
742        vertices
43759      segments
7226       dominations
=======================
greedy clique: 94
greedy found 94 vertices in 0.057 seconds
 time (s)      nb expanded    nb generated   objective      
------------------------------------------------------------
  0.130                                      -94            
  0.133        3.0            445.0          -95            
  0.133        4.0            451.0          -96            
  0.134        5.0            453.0          -97            
  0.135        6.0            802.0          -98            
  0.138        9.0            1.4 k          -99            
  0.142        12.0           1.7 k          -100           
  0.142        13.0           1.9 k          -101           
  0.144        15.0           2.0 k          -102           
  0.145        16.0           2.0 k          -103           
  0.146        17.0           2.0 k          -104           
  0.147        18.0           2.0 k          -105           
  0.147        19.0           2.0 k          -106           
  0.148        20.0           2.0 k          -107           
  0.149        21.0           2.2 k          -108           
  0.155        26.0           3.1 k          -109           
  0.167        36.0           4.9 k          -110           
  0.173        41.0           5.5 k          -111           
  0.173        42.0           5.6 k          -112           
  0.177        45.0           6.0 k          -113           
  0.180        48.0           6.4 k          -114           
  0.183        51.0           6.6 k          -115           
  0.184        52.0           6.8 k          -116           
  0.190        57.0           7.6 k          -117           
  0.192        59.0           7.8 k          -118           
  0.194        61.0           7.8 k          -119           
  0.195        62.0           8.0 k          -120           
  0.198        65.0           8.2 k          -121           
  0.199        66.0           8.2 k          -122           
  0.200        67.0           8.2 k          -123           
  0.201        68.0           8.4 k          -124           
  0.208        74.0           9.1 k          -125           
  0.211        77.0           9.5 k          -126           
  0.216        81.0           9.9 k          -127           
  0.218        83.0           10.1 k         -128           
  0.220        85.0           10.2 k         -129           
  0.229        93.0           11.3 k         -130           
  0.234        97.0           11.8 k         -131           
  0.237        100.0          11.9 k         -132           
  0.238        101.0          12.1 k         -133           
  0.245        107.0          12.8 k         -134           
  0.251        112.0          13.4 k         -135           
  0.255        116.0          13.8 k         -136           
  0.257        118.0          13.9 k         -137           
  0.282        138.0          16.3 k         -138           
  0.295        149.0          17.3 k         -139           
  0.296        150.0          17.4 k         -140           
  0.298        152.0          17.5 k         -141           
  0.305        158.0          18.2 k         -142           
  0.307        160.0          18.3 k         -143           
  0.311        164.0          18.6 k         -144           
  0.325        175.0          19.7 k         -145           
  0.325        176.0          19.8 k         -146           
  0.339        187.0          20.9 k         -147           
  0.346        193.0          21.4 k         -148           
  0.351        198.0          21.8 k         -149           
  0.355        201.0          22.0 k         -150           
  0.377        219.0          23.3 k         -151           
  0.378        220.0          23.4 k         -152           
  0.409        245.0          25.0 k         -153           
  0.444        274.0          26.5 k         -154           
  0.471        296.0          27.2 k         -155           
  0.510        327.0          27.7 k         -156           
  0.592        393.0          28.7 k         -157           
  0.604        403.0          28.7 k         -158           
  0.607        406.0          28.7 k         -159           
  0.660        449.0          29.2 k         -160           
  0.661        450.0          29.2 k         -161           
  0.670        458.0          29.2 k         -162           
  0.683        469.0          29.3 k         -163           
  0.705        487.0          29.4 k         -164           
  0.707        489.0          29.4 k         -165           
  0.718        498.0          29.5 k         -166           
  0.731        509.0          29.6 k         -167           
  0.732        510.0          29.6 k         -168           
  0.795        561.0          29.9 k         -169           
  0.797        563.0          30.1 k         -170           
  0.965        696.0          30.9 k         -171           
  1.023        742.0          31.4 k         -172           
  1.066        777.0          31.8 k         -173           
  1.249        922.0          33.2 k         -174           
  1.293        957.0          33.6 k         -175           
  1.294        958.0          33.6 k         -176           
  1.301        964.0          33.6 k         -177           
  1.328        986.0          33.7 k         -178           
  1.842        1.4 k          37.0 k         -179           
  1.847        1.4 k          37.0 k         -180           
  1.848        1.4 k          37.0 k         -181           
  1.869        1.4 k          37.1 k         -182           
  1.901        1.4 k          37.1 k         -183           
  1.938        1.5 k          37.3 k         -184           
  1.946        1.5 k          37.3 k         -185           
  3.104        2.4 k          43.2 k         -186           
  3.107        2.4 k          43.2 k         -187           
  3.121        2.4 k          43.3 k         -188           
  3.122        2.4 k          43.3 k         -189           
  3.226        2.5 k          43.7 k         -190           
  3.622        2.8 k          45.5 k         -191           
  5.554        4.3 k          53.1 k         -192           
  5.628        4.4 k          53.4 k         -193           
  5.631        4.4 k          53.4 k         -194           
  8.329        6.5 k          62.7 k         -195           
  8.332        6.5 k          62.7 k         -196           
  8.339        6.5 k          62.8 k         -197           
  28.360       21.9 k         136.5 k        -198           
  43.853       33.6 k         192.2 k        -199           
  43.877       33.6 k         192.3 k        -200           
  43.880       33.6 k         192.3 k        -201           
  156.136      118.0 k        591.9 k        -202           
  160.956      121.5 k        608.2 k        -203           
  741.834      545.9 k        2.6 M          -204           
  31691.891    21.3 M         99.6 M         -205           
