printing solutions in: ./dogs-color/insts/cgshop22/vispecn71708.instance.json.solution.json
printing perfs in: ./dogs-color/insts/cgshop22/vispecn71708.instance.json.perf.json

CGSHOP Instance: compute neighbors...
computing neighbors (0 / 71708)...
computing neighbors (1000 / 71708)...
computing neighbors (2000 / 71708)...
computing neighbors (3000 / 71708)...
computing neighbors (4000 / 71708)...
computing neighbors (5000 / 71708)...
computing neighbors (6000 / 71708)...
computing neighbors (7000 / 71708)...
computing neighbors (8000 / 71708)...
computing neighbors (9000 / 71708)...
computing neighbors (10000 / 71708)...
computing neighbors (11000 / 71708)...
computing neighbors (12000 / 71708)...
computing neighbors (13000 / 71708)...
computing neighbors (14000 / 71708)...
computing neighbors (15000 / 71708)...
computing neighbors (16000 / 71708)...
computing neighbors (17000 / 71708)...
computing neighbors (18000 / 71708)...
computing neighbors (19000 / 71708)...
computing neighbors (20000 / 71708)...
computing neighbors (21000 / 71708)...
computing neighbors (22000 / 71708)...
computing neighbors (23000 / 71708)...
computing neighbors (24000 / 71708)...
computing neighbors (25000 / 71708)...
computing neighbors (26000 / 71708)...
computing neighbors (27000 / 71708)...
computing neighbors (28000 / 71708)...
computing neighbors (29000 / 71708)...
computing neighbors (30000 / 71708)...
computing neighbors (31000 / 71708)...
computing neighbors (32000 / 71708)...
computing neighbors (33000 / 71708)...
computing neighbors (34000 / 71708)...
computing neighbors (35000 / 71708)...
computing neighbors (36000 / 71708)...
computing neighbors (37000 / 71708)...
computing neighbors (38000 / 71708)...
computing neighbors (39000 / 71708)...
computing neighbors (40000 / 71708)...
computing neighbors (41000 / 71708)...
computing neighbors (42000 / 71708)...
computing neighbors (43000 / 71708)...
computing neighbors (44000 / 71708)...
computing neighbors (45000 / 71708)...
computing neighbors (46000 / 71708)...
computing neighbors (47000 / 71708)...
computing neighbors (48000 / 71708)...
computing neighbors (49000 / 71708)...
computing neighbors (50000 / 71708)...
computing neighbors (51000 / 71708)...
computing neighbors (52000 / 71708)...
computing neighbors (53000 / 71708)...
computing neighbors (54000 / 71708)...
computing neighbors (55000 / 71708)...
computing neighbors (56000 / 71708)...
computing neighbors (57000 / 71708)...
computing neighbors (58000 / 71708)...
computing neighbors (59000 / 71708)...
computing neighbors (60000 / 71708)...
computing neighbors (61000 / 71708)...
computing neighbors (62000 / 71708)...
computing neighbors (63000 / 71708)...
computing neighbors (64000 / 71708)...
computing neighbors (65000 / 71708)...
computing neighbors (66000 / 71708)...
computing neighbors (67000 / 71708)...
computing neighbors (68000 / 71708)...
computing neighbors (69000 / 71708)...
computing neighbors (70000 / 71708)...
computing neighbors (71000 / 71708)...
100324     vertices
71708      segments
331        dominations
=======================
greedy clique: 132
greedy found 132 vertices in 0.113 seconds
 time (s)      nb expanded    nb generated   objective      
------------------------------------------------------------
  0.467                                      -132           
  0.471        3.0            180.0          -133           
  0.472        4.0            182.0          -134           
  0.473        5.0            183.0          -135           
  0.474        6.0            348.0          -136           
  0.477        8.0            353.0          -137           
  0.478        9.0            354.0          -138           
  0.479        10.0           521.0          -139           
  0.482        12.0           525.0          -140           
  0.483        13.0           685.0          -141           
  0.486        15.0           690.0          -142           
  0.487        16.0           691.0          -143           
  0.488        17.0           846.0          -144           
  0.491        19.0           851.0          -145           
  0.492        20.0           852.0          -146           
  0.493        21.0           1.0 k          -147           
  0.498        24.0           1.2 k          -148           
  0.499        25.0           1.2 k          -149           
  0.500        26.0           1.2 k          -150           
  0.501        27.0           1.2 k          -151           
  0.503        28.0           1.2 k          -152           
  0.504        29.0           1.2 k          -153           
  0.505        30.0           1.3 k          -154           
  0.506        31.0           1.3 k          -155           
  0.507        32.0           1.3 k          -156           
  0.508        33.0           1.4 k          -157           
  0.511        35.0           1.4 k          -158           
  0.512        36.0           1.4 k          -159           
  0.513        37.0           1.4 k          -160           
  0.514        38.0           1.4 k          -161           
  0.515        39.0           1.5 k          -162           
  0.519        42.0           1.6 k          -163           
  0.521        43.0           1.7 k          -164           
  0.526        46.0           1.8 k          -165           
  0.528        48.0           1.9 k          -166           
  0.535        52.0           2.1 k          -167           
  0.536        53.0           2.1 k          -168           
  0.537        54.0           2.2 k          -169           
  0.544        58.0           2.4 k          -170           
  0.546        59.0           2.4 k          -171           
  0.547        60.0           2.5 k          -172           
  0.552        63.0           2.6 k          -173           
  0.553        64.0           2.6 k          -174           
  0.554        65.0           2.6 k          -175           
  0.555        66.0           2.6 k          -176           
  0.556        67.0           2.7 k          -177           
  0.559        69.0           2.7 k          -178           
  0.560        70.0           2.7 k          -179           
  0.562        72.0           2.7 k          -180           
  0.563        73.0           2.8 k          -181           
  0.577        81.0           3.3 k          -182           
  0.588        87.0           3.6 k          -183           
  0.591        89.0           3.7 k          -184           
  0.598        93.0           3.8 k          -185           
  0.599        94.0           3.8 k          -186           
  0.600        95.0           3.9 k          -187           
  0.603        97.0           3.9 k          -188           
  0.604        98.0           4.0 k          -189           
  0.608        101.0          4.1 k          -190           
  0.611        103.0          4.1 k          -191           
  0.623        110.0          4.5 k          -192           
  0.624        111.0          4.5 k          -193           
  0.625        112.0          4.5 k          -194           
  0.626        113.0          4.5 k          -195           
  0.627        114.0          4.5 k          -196           
  0.628        115.0          4.6 k          -197           
  0.629        116.0          4.6 k          -198           
  0.630        117.0          4.6 k          -199           
  0.631        118.0          4.6 k          -200           
  0.632        119.0          4.6 k          -201           
  0.634        120.0          4.6 k          -202           
  0.644        126.0          5.0 k          -203           
  0.649        129.0          5.1 k          -204           
  0.652        131.0          5.1 k          -205           
  0.653        132.0          5.1 k          -206           
  0.654        133.0          5.2 k          -207           
  0.655        134.0          5.2 k          -208           
  0.656        135.0          5.2 k          -209           
  0.657        136.0          5.2 k          -210           
  0.658        137.0          5.2 k          -211           
  0.661        139.0          5.3 k          -212           
  0.665        141.0          5.3 k          -213           
  0.668        143.0          5.4 k          -214           
  0.674        147.0          5.5 k          -215           
  0.675        148.0          5.5 k          -216           
  0.683        153.0          5.7 k          -217           
  0.703        164.0          6.1 k          -218           
  0.708        167.0          6.2 k          -219           
  0.731        180.0          6.6 k          -220           
  0.732        181.0          6.7 k          -221           
  0.754        193.0          7.0 k          -222           
  0.755        194.0          7.0 k          -223           
  0.771        203.0          7.2 k          -224           
  0.819        230.0          7.8 k          -225           
  0.820        231.0          7.8 k          -226           
  0.825        234.0          7.9 k          -227           
  0.830        237.0          7.9 k          -228           
  0.883        264.0          8.2 k          -229           
  0.884        265.0          8.2 k          -230           
  0.885        266.0          8.2 k          -231           
  0.892        270.0          8.3 k          -232           
  0.893        271.0          8.3 k          -233           
  0.894        272.0          8.3 k          -234           
  0.895        273.0          8.3 k          -235           
  1.000        332.0          9.0 k          -236           
  1.003        334.0          9.0 k          -237           
  1.010        338.0          9.1 k          -238           
  1.023        346.0          9.1 k          -239           
  1.032        351.0          9.1 k          -240           
  1.045        359.0          9.1 k          -241           
  1.047        361.0          9.1 k          -242           
  1.152        421.0          9.6 k          -243           
  1.220        460.0          9.9 k          -244           
  1.275        491.0          10.1 k         -245           
  1.298        504.0          10.1 k         -246           
  1.360        540.0          10.4 k         -247           
  1.379        551.0          10.5 k         -248           
  1.398        562.0          10.6 k         -249           
  1.415        572.0          10.7 k         -250           
  1.446        590.0          10.7 k         -251           
  1.480        610.0          10.8 k         -252           
  1.892        840.0          12.2 k         -253           
  1.900        845.0          12.2 k         -254           
  1.903        847.0          12.2 k         -255           
  1.904        848.0          12.2 k         -256           
  2.059        937.0          12.7 k         -257           
  2.062        939.0          12.7 k         -258           
  2.476        1.2 k          13.9 k         -259           
  2.479        1.2 k          13.9 k         -260           
  2.480        1.2 k          13.9 k         -261           
  2.643        1.3 k          14.3 k         -262           
  2.648        1.3 k          14.3 k         -263           
  3.352        1.7 k          15.8 k         -264           
  3.364        1.7 k          15.8 k         -265           
  3.374        1.7 k          15.8 k         -266           
  3.637        1.8 k          16.3 k         -267           
  3.653        1.8 k          16.4 k         -268           
  3.695        1.9 k          16.5 k         -269           
  3.700        1.9 k          16.5 k         -270           
  3.776        1.9 k          16.6 k         -271           
  3.784        1.9 k          16.7 k         -272           
  3.874        2.0 k          16.9 k         -273           
  3.875        2.0 k          16.9 k         -274           
  3.881        2.0 k          16.9 k         -275           
  3.890        2.0 k          16.9 k         -276           
  3.913        2.0 k          17.0 k         -277           
  3.932        2.0 k          17.0 k         -278           
  3.945        2.0 k          17.0 k         -279           
  3.950        2.0 k          17.1 k         -280           
  3.995        2.0 k          17.2 k         -281           
  4.583        2.4 k          18.4 k         -282           
  5.853        3.1 k          20.8 k         -283           
  5.861        3.1 k          20.8 k         -284           
  5.866        3.1 k          20.8 k         -285           
  5.867        3.1 k          20.8 k         -286           
  5.869        3.1 k          20.8 k         -287           
  5.870        3.1 k          20.8 k         -288           
  5.875        3.1 k          20.8 k         -289           
  5.949        3.1 k          20.9 k         -290           
  6.027        3.2 k          21.1 k         -291           
  9.020        4.9 k          25.4 k         -292           
  9.030        4.9 k          25.5 k         -293           
  11.211       6.1 k          28.5 k         -294           
  15.018       8.2 k          33.6 k         -295           
  15.020       8.2 k          33.6 k         -296           
  15.024       8.2 k          33.6 k         -297           
  15.285       8.4 k          34.1 k         -298           
  15.286       8.4 k          34.1 k         -299           
  20.506       11.2 k         42.6 k         -300           
  20.531       11.2 k         42.6 k         -301           
  20.534       11.2 k         42.6 k         -302           
  20.537       11.2 k         42.6 k         -303           
  20.538       11.2 k         42.6 k         -304           
  22.095       12.1 k         45.4 k         -305           
  22.101       12.1 k         45.4 k         -306           
  33.607       18.4 k         62.8 k         -307           
  86.963       47.2 k         140.5 k        -308           
  87.211       47.4 k         140.9 k        -309           
  123.106      66.3 k         189.6 k        -310           
  205.889      109.3 k        300.3 k        -311           
  205.898      109.3 k        300.3 k        -312           
  209.101      110.9 k        304.3 k        -313           
  1891.705     973.6 k        2.6 M          -314           
  1891.713     973.6 k        2.6 M          -315           
  1891.724     973.6 k        2.6 M          -316           
  2664.652     1.4 M          3.6 M          -317           
  2767.741     1.4 M          3.7 M          -318           
  3335.506     1.7 M          4.5 M          -319           
  3335.513     1.7 M          4.5 M          -320           
  14489.155    7.2 M          18.9 M         -321           
