printing solutions in: ./dogs-color/insts/cgshop22/vispecn19370.instance.json.solution.json
printing perfs in: ./dogs-color/insts/cgshop22/vispecn19370.instance.json.perf.json

CGSHOP Instance: compute neighbors...
computing neighbors (0 / 19370)...
computing neighbors (1000 / 19370)...
computing neighbors (2000 / 19370)...
computing neighbors (3000 / 19370)...
computing neighbors (4000 / 19370)...
computing neighbors (5000 / 19370)...
computing neighbors (6000 / 19370)...
computing neighbors (7000 / 19370)...
computing neighbors (8000 / 19370)...
computing neighbors (9000 / 19370)...
computing neighbors (10000 / 19370)...
computing neighbors (11000 / 19370)...
computing neighbors (12000 / 19370)...
computing neighbors (13000 / 19370)...
computing neighbors (14000 / 19370)...
computing neighbors (15000 / 19370)...
computing neighbors (16000 / 19370)...
computing neighbors (17000 / 19370)...
computing neighbors (18000 / 19370)...
computing neighbors (19000 / 19370)...
29067      vertices
19370      segments
336        dominations
=======================
greedy clique: 47
greedy found 47 vertices in 0.010 seconds
 time (s)      nb expanded    nb generated   objective      
------------------------------------------------------------
  0.024                                      -47            
  0.025        3.0            188.0          -48            
  0.026        4.0            204.0          -49            
  0.026        5.0            215.0          -50            
  0.026        6.0            225.0          -51            
  0.026        7.0            230.0          -52            
  0.027        8.0            234.0          -53            
  0.027        9.0            237.0          -54            
  0.027        10.0           239.0          -55            
  0.027        11.0           240.0          -56            
  0.028        12.0           321.0          -57            
  0.028        14.0           338.0          -58            
  0.028        15.0           342.0          -59            
  0.029        16.0           345.0          -60            
  0.029        17.0           347.0          -61            
  0.029        18.0           348.0          -62            
  0.029        19.0           425.0          -63            
  0.030        21.0           436.0          -64            
  0.030        22.0           439.0          -65            
  0.030        23.0           441.0          -66            
  0.031        24.0           442.0          -67            
  0.031        25.0           503.0          -68            
  0.031        27.0           561.0          -69            
  0.032        29.0           584.0          -70            
  0.032        30.0           594.0          -71            
  0.033        31.0           603.0          -72            
  0.033        32.0           611.0          -73            
  0.033        33.0           618.0          -74            
  0.033        34.0           624.0          -75            
  0.034        35.0           629.0          -76            
  0.034        36.0           632.0          -77            
  0.034        37.0           634.0          -78            
  0.034        38.0           635.0          -79            
  0.035        39.0           677.0          -80            
  0.035        41.0           680.0          -81            
  0.035        42.0           720.0          -82            
  0.037        47.0           841.0          -83            
  0.037        48.0           875.0          -84            
  0.039        52.0           977.0          -85            
  0.039        54.0           1.0 k          -86            
  0.041        57.0           1.1 k          -87            
  0.042        60.0           1.1 k          -88            
  0.044        65.0           1.2 k          -89            
  0.044        66.0           1.2 k          -90            
  0.044        67.0           1.3 k          -91            
  0.045        69.0           1.3 k          -92            
  0.045        70.0           1.3 k          -93            
  0.047        75.0           1.4 k          -94            
  0.051        84.0           1.6 k          -95            
  0.051        86.0           1.6 k          -96            
  0.052        89.0           1.7 k          -97            
  0.052        90.0           1.7 k          -98            
  0.053        91.0           1.7 k          -99            
  0.053        92.0           1.7 k          -100           
  0.053        93.0           1.7 k          -101           
  0.054        96.0           1.7 k          -102           
  0.054        97.0           1.7 k          -103           
  0.058        105.0          1.9 k          -104           
  0.059        109.0          1.9 k          -105           
  0.059        110.0          1.9 k          -106           
  0.059        111.0          1.9 k          -107           
  0.060        112.0          1.9 k          -108           
  0.060        113.0          1.9 k          -109           
  0.060        114.0          1.9 k          -110           
  0.061        116.0          1.9 k          -111           
  0.067        132.0          2.1 k          -112           
  0.068        134.0          2.1 k          -113           
  0.068        135.0          2.1 k          -114           
  0.069        137.0          2.2 k          -115           
  0.069        138.0          2.2 k          -116           
  0.070        141.0          2.2 k          -117           
  0.071        143.0          2.2 k          -118           
  0.076        158.0          2.3 k          -119           
  0.079        166.0          2.4 k          -120           
  0.080        167.0          2.4 k          -121           
  0.083        175.0          2.4 k          -122           
  0.083        176.0          2.4 k          -123           
  0.089        193.0          2.5 k          -124           
  0.100        221.0          2.6 k          -125           
  0.127        290.0          3.0 k          -126           
  0.132        304.0          3.0 k          -127           
  0.191        457.0          3.7 k          -128           
  0.334        822.0          5.3 k          -129           
  0.366        899.0          5.5 k          -130           
  0.378        929.0          5.6 k          -131           
  0.435        1.1 k          6.2 k          -132           
  3.853        9.5 k          29.1 k         -133           
  3.854        9.5 k          29.1 k         -134           
  4.503        11.0 k         33.0 k         -135           
  5.002        12.2 k         36.0 k         -136           
  5.024        12.3 k         36.1 k         -137           
  5.035        12.3 k         36.2 k         -138           
  5.037        12.3 k         36.2 k         -139           
  5.040        12.3 k         36.2 k         -140           
  134.640      299.5 k        727.9 k        -141           
  697.279      1.5 M          3.6 M          -142           
  697.282      1.5 M          3.6 M          -143           
  697.282      1.5 M          3.6 M          -144           
  697.287      1.5 M          3.6 M          -145           
  697.467      1.5 M          3.7 M          -146           
  697.469      1.5 M          3.7 M          -147           
  697.472      1.5 M          3.7 M          -148           
  697.586      1.5 M          3.7 M          -149           
  697.593      1.5 M          3.7 M          -150           
  698.119      1.5 M          3.7 M          -151           
  700.449      1.5 M          3.7 M          -152           
  700.579      1.5 M          3.7 M          -153           
  701.692      1.5 M          3.7 M          -154           
  704.600      1.5 M          3.7 M          -155           
  704.600      1.5 M          3.7 M          -156           
  704.602      1.5 M          3.7 M          -157           
  704.605      1.5 M          3.7 M          -158           
  704.605      1.5 M          3.7 M          -159           
  704.606      1.5 M          3.7 M          -160           
  704.608      1.5 M          3.7 M          -161           
  704.609      1.5 M          3.7 M          -162           
  706.062      1.5 M          3.7 M          -163           
  724.081      1.6 M          3.8 M          -164           
  732.032      1.6 M          3.8 M          -165           
  826.235      1.8 M          4.2 M          -166           
  826.236      1.8 M          4.2 M          -167           
  1000.215     2.3 M          5.1 M          -168           
  6320.020     15.6 M         30.1 M         -169           
