printing solutions in: ./dogs-color/insts/cgshop22/vispecn70501.instance.json.solution.json
printing perfs in: ./dogs-color/insts/cgshop22/vispecn70501.instance.json.perf.json

CGSHOP Instance: compute neighbors...
computing neighbors (0 / 70501)...
computing neighbors (1000 / 70501)...
computing neighbors (2000 / 70501)...
computing neighbors (3000 / 70501)...
computing neighbors (4000 / 70501)...
computing neighbors (5000 / 70501)...
computing neighbors (6000 / 70501)...
computing neighbors (7000 / 70501)...
computing neighbors (8000 / 70501)...
computing neighbors (9000 / 70501)...
computing neighbors (10000 / 70501)...
computing neighbors (11000 / 70501)...
computing neighbors (12000 / 70501)...
computing neighbors (13000 / 70501)...
computing neighbors (14000 / 70501)...
computing neighbors (15000 / 70501)...
computing neighbors (16000 / 70501)...
computing neighbors (17000 / 70501)...
computing neighbors (18000 / 70501)...
computing neighbors (19000 / 70501)...
computing neighbors (20000 / 70501)...
computing neighbors (21000 / 70501)...
computing neighbors (22000 / 70501)...
computing neighbors (23000 / 70501)...
computing neighbors (24000 / 70501)...
computing neighbors (25000 / 70501)...
computing neighbors (26000 / 70501)...
computing neighbors (27000 / 70501)...
computing neighbors (28000 / 70501)...
computing neighbors (29000 / 70501)...
computing neighbors (30000 / 70501)...
computing neighbors (31000 / 70501)...
computing neighbors (32000 / 70501)...
computing neighbors (33000 / 70501)...
computing neighbors (34000 / 70501)...
computing neighbors (35000 / 70501)...
computing neighbors (36000 / 70501)...
computing neighbors (37000 / 70501)...
computing neighbors (38000 / 70501)...
computing neighbors (39000 / 70501)...
computing neighbors (40000 / 70501)...
computing neighbors (41000 / 70501)...
computing neighbors (42000 / 70501)...
computing neighbors (43000 / 70501)...
computing neighbors (44000 / 70501)...
computing neighbors (45000 / 70501)...
computing neighbors (46000 / 70501)...
computing neighbors (47000 / 70501)...
computing neighbors (48000 / 70501)...
computing neighbors (49000 / 70501)...
computing neighbors (50000 / 70501)...
computing neighbors (51000 / 70501)...
computing neighbors (52000 / 70501)...
computing neighbors (53000 / 70501)...
computing neighbors (54000 / 70501)...
computing neighbors (55000 / 70501)...
computing neighbors (56000 / 70501)...
computing neighbors (57000 / 70501)...
computing neighbors (58000 / 70501)...
computing neighbors (59000 / 70501)...
computing neighbors (60000 / 70501)...
computing neighbors (61000 / 70501)...
computing neighbors (62000 / 70501)...
computing neighbors (63000 / 70501)...
computing neighbors (64000 / 70501)...
computing neighbors (65000 / 70501)...
computing neighbors (66000 / 70501)...
computing neighbors (67000 / 70501)...
computing neighbors (68000 / 70501)...
computing neighbors (69000 / 70501)...
computing neighbors (70000 / 70501)...
98914      vertices
70501      segments
376        dominations
=======================
greedy clique: 165
greedy found 165 vertices in 0.122 seconds
 time (s)      nb expanded    nb generated   objective      
------------------------------------------------------------
  0.581                                      -165           
  0.586        4.0            263.0          -166           
  0.595        9.0            556.0          -167           
  0.596        10.0           565.0          -168           
  0.597        11.0           573.0          -169           
  0.598        12.0           580.0          -170           
  0.599        13.0           586.0          -171           
  0.600        14.0           591.0          -172           
  0.601        15.0           595.0          -173           
  0.602        16.0           598.0          -174           
  0.603        17.0           600.0          -175           
  0.604        18.0           601.0          -176           
  0.605        19.0           681.0          -177           
  0.609        22.0           762.0          -178           
  0.611        23.0           763.0          -179           
  0.612        24.0           836.0          -180           
  0.623        31.0           1.2 k          -181           
  0.624        32.0           1.3 k          -182           
  0.629        35.0           1.4 k          -183           
  0.630        36.0           1.5 k          -184           
  0.636        40.0           1.7 k          -185           
  0.641        43.0           1.8 k          -186           
  0.649        48.0           2.1 k          -187           
  0.662        56.0           2.6 k          -188           
  0.667        59.0           2.8 k          -189           
  0.689        72.0           3.6 k          -190           
  0.699        78.0           3.9 k          -191           
  0.709        84.0           4.2 k          -192           
  0.757        112.0          5.9 k          -193           
  0.775        123.0          6.4 k          -194           
  0.811        142.0          7.1 k          -195           
  0.812        143.0          7.2 k          -196           
  0.815        145.0          7.2 k          -197           
  0.816        146.0          7.2 k          -198           
  0.817        147.0          7.2 k          -199           
  0.818        148.0          7.2 k          -200           
  0.819        149.0          7.2 k          -201           
  0.820        150.0          7.2 k          -202           
  0.821        151.0          7.3 k          -203           
  0.831        157.0          7.4 k          -204           
  0.858        173.0          7.9 k          -205           
  0.862        176.0          8.0 k          -206           
  0.865        178.0          8.0 k          -207           
  0.866        179.0          8.0 k          -208           
  0.867        180.0          8.0 k          -209           
  0.868        181.0          8.0 k          -210           
  0.869        182.0          8.0 k          -211           
  0.879        188.0          8.2 k          -212           
  0.909        206.0          8.6 k          -213           
  0.910        207.0          8.6 k          -214           
  0.941        225.0          8.9 k          -215           
  0.942        226.0          8.9 k          -216           
  0.943        227.0          8.9 k          -217           
  0.946        229.0          8.9 k          -218           
  0.947        230.0          8.9 k          -219           
  0.948        231.0          8.9 k          -220           
  0.949        232.0          8.9 k          -221           
  0.951        234.0          8.9 k          -222           
  0.963        241.0          9.0 k          -223           
  0.986        255.0          9.2 k          -224           
  0.987        256.0          9.2 k          -225           
  0.988        257.0          9.2 k          -226           
  0.989        258.0          9.2 k          -227           
  0.989        259.0          9.2 k          -228           
  0.990        260.0          9.2 k          -229           
  0.991        261.0          9.2 k          -230           
  0.995        264.0          9.2 k          -231           
  0.997        265.0          9.2 k          -232           
  0.997        266.0          9.2 k          -233           
  0.998        267.0          9.2 k          -234           
  1.008        273.0          9.3 k          -235           
  1.101        328.0          9.7 k          -236           
  1.108        332.0          9.7 k          -237           
  1.114        336.0          9.8 k          -238           
  1.152        356.0          9.9 k          -239           
  1.153        357.0          9.9 k          -240           
  1.157        360.0          9.9 k          -241           
  1.185        376.0          10.1 k         -242           
  1.186        377.0          10.1 k         -243           
  1.187        378.0          10.1 k         -244           
  1.189        380.0          10.1 k         -245           
  1.190        381.0          10.1 k         -246           
  1.193        383.0          10.1 k         -247           
  1.217        397.0          10.3 k         -248           
  1.217        398.0          10.3 k         -249           
  1.218        399.0          10.4 k         -250           
  1.219        400.0          10.4 k         -251           
  1.220        401.0          10.4 k         -252           
  1.221        402.0          10.4 k         -253           
  1.222        403.0          10.4 k         -254           
  1.223        404.0          10.4 k         -255           
  1.224        405.0          10.4 k         -256           
  1.224        406.0          10.4 k         -257           
  1.225        407.0          10.4 k         -258           
  1.226        408.0          10.4 k         -259           
  1.229        410.0          10.4 k         -260           
  1.230        411.0          10.4 k         -261           
  1.231        412.0          10.4 k         -262           
  1.231        413.0          10.4 k         -263           
  1.234        415.0          10.4 k         -264           
  1.235        416.0          10.4 k         -265           
  1.240        420.0          10.5 k         -266           
  1.243        422.0          10.5 k         -267           
  1.244        423.0          10.5 k         -268           
  1.246        425.0          10.5 k         -269           
  1.249        427.0          10.5 k         -270           
  1.276        444.0          10.6 k         -271           
  1.277        445.0          10.6 k         -272           
  1.283        449.0          10.6 k         -273           
  1.299        459.0          10.7 k         -274           
  1.335        480.0          10.9 k         -275           
  1.389        511.0          11.1 k         -276           
  1.390        512.0          11.1 k         -277           
  1.394        515.0          11.1 k         -278           
  1.395        516.0          11.1 k         -279           
  1.396        517.0          11.1 k         -280           
  1.399        519.0          11.1 k         -281           
  1.405        523.0          11.1 k         -282           
  1.428        537.0          11.2 k         -283           
  1.429        538.0          11.2 k         -284           
  1.432        540.0          11.2 k         -285           
  1.433        541.0          11.2 k         -286           
  1.456        555.0          11.3 k         -287           
  1.460        558.0          11.3 k         -288           
  1.490        574.0          11.4 k         -289           
  1.746        724.0          12.3 k         -290           
  1.755        730.0          12.4 k         -291           
  1.793        752.0          12.4 k         -292           
  2.020        884.0          13.0 k         -293           
  2.028        889.0          13.0 k         -294           
  2.094        928.0          13.2 k         -295           
  2.099        931.0          13.2 k         -296           
  3.945        2.0 k          16.1 k         -297           
  3.970        2.0 k          16.1 k         -298           
  3.978        2.0 k          16.2 k         -299           
  4.015        2.0 k          16.2 k         -300           
  4.267        2.2 k          16.6 k         -301           
  4.268        2.2 k          16.7 k         -302           
  4.839        2.5 k          17.5 k         -303           
  5.118        2.7 k          18.1 k         -304           
  5.135        2.7 k          18.1 k         -305           
  5.195        2.7 k          18.2 k         -306           
  5.558        2.9 k          18.8 k         -307           
  5.702        3.0 k          19.1 k         -308           
  5.727        3.0 k          19.1 k         -309           
  6.367        3.4 k          20.4 k         -310           
  7.557        4.1 k          22.7 k         -311           
  7.561        4.1 k          22.7 k         -312           
  7.656        4.2 k          22.9 k         -313           
  8.422        4.6 k          24.0 k         -314           
  10.388       5.7 k          26.8 k         -315           
  10.405       5.8 k          26.8 k         -316           
  10.406       5.8 k          26.9 k         -317           
  10.831       6.0 k          27.5 k         -318           
  10.950       6.1 k          27.7 k         -319           
  11.593       6.4 k          28.6 k         -320           
  11.595       6.4 k          28.6 k         -321           
  13.623       7.6 k          31.4 k         -322           
  13.623       7.6 k          31.4 k         -323           
  13.624       7.6 k          31.4 k         -324           
  13.625       7.6 k          31.4 k         -325           
  13.637       7.6 k          31.4 k         -326           
  13.646       7.6 k          31.4 k         -327           
  13.665       7.6 k          31.5 k         -328           
  13.666       7.6 k          31.5 k         -329           
  13.938       7.8 k          32.0 k         -330           
  13.946       7.8 k          32.0 k         -331           
  13.950       7.8 k          32.0 k         -332           
  13.952       7.8 k          32.0 k         -333           
  13.956       7.8 k          32.0 k         -334           
  16.116       9.1 k          35.0 k         -335           
  16.125       9.1 k          35.1 k         -336           
  16.128       9.1 k          35.1 k         -337           
  16.137       9.1 k          35.1 k         -338           
  16.280       9.2 k          35.3 k         -339           
  16.306       9.2 k          35.4 k         -340           
  16.410       9.2 k          35.6 k         -341           
  16.418       9.2 k          35.6 k         -342           
  16.572       9.3 k          35.8 k         -343           
  17.572       9.9 k          37.0 k         -344           
  17.611       9.9 k          37.0 k         -345           
  17.612       9.9 k          37.1 k         -346           
  17.659       10.0 k         37.1 k         -347           
  17.678       10.0 k         37.2 k         -348           
  17.681       10.0 k         37.2 k         -349           
  17.697       10.0 k         37.2 k         -350           
  17.698       10.0 k         37.2 k         -351           
  18.820       10.6 k         38.8 k         -352           
  18.822       10.6 k         38.8 k         -353           
  18.823       10.6 k         38.8 k         -354           
  18.832       10.6 k         38.8 k         -355           
  18.835       10.6 k         38.8 k         -356           
  18.836       10.6 k         38.8 k         -357           
  18.839       10.6 k         38.8 k         -358           
  18.840       10.6 k         38.8 k         -359           
  18.841       10.6 k         38.8 k         -360           
  18.846       10.6 k         38.9 k         -361           
  19.452       11.0 k         39.7 k         -362           
  19.468       11.0 k         39.7 k         -363           
  19.469       11.0 k         39.7 k         -364           
  19.486       11.0 k         39.8 k         -365           
  19.498       11.0 k         39.8 k         -366           
  19.502       11.0 k         39.8 k         -367           
  19.507       11.0 k         39.8 k         -368           
  19.527       11.0 k         39.8 k         -369           
  19.867       11.2 k         40.4 k         -370           
  19.875       11.2 k         40.5 k         -371           
  20.368       11.5 k         41.1 k         -372           
  21.547       12.2 k         43.2 k         -373           
  21.740       12.3 k         43.5 k         -374           
  22.472       12.7 k         44.4 k         -375           
  24.417       13.8 k         47.5 k         -376           
  50.701       28.5 k         85.7 k         -377           
  50.709       28.5 k         85.7 k         -378           
  50.731       28.5 k         85.7 k         -379           
  55.844       31.4 k         93.5 k         -380           
  55.847       31.4 k         93.5 k         -381           
  78.308       43.8 k         127.6 k        -382           
  79.250       44.3 k         129.0 k        -383           
  79.273       44.4 k         129.0 k        -384           
  79.352       44.4 k         129.1 k        -385           
  80.618       45.1 k         130.9 k        -386           
  81.134       45.4 k         131.5 k        -387           
  108.137      60.3 k         171.7 k        -388           
  111.228      62.0 k         176.0 k        -389           
  111.242      62.0 k         176.0 k        -390           
  111.268      62.0 k         176.1 k        -391           
  114.166      63.6 k         179.9 k        -392           
  114.855      64.0 k         180.8 k        -393           
  115.296      64.2 k         181.4 k        -394           
  467.399      256.2 k        695.4 k        -395           
  1123.149     612.4 k        1.7 M          -396           
  1123.159     612.4 k        1.7 M          -397           
  1123.174     612.4 k        1.7 M          -398           
  1123.188     612.4 k        1.7 M          -399           
  14793.289    8.0 M          21.6 M         -400           
