printing solutions in: ./dogs-color/insts/cgshop22/visp68333.instance.json.solution.json
printing perfs in: ./dogs-color/insts/cgshop22/visp68333.instance.json.perf.json

CGSHOP Instance: compute neighbors...
computing neighbors (0 / 68333)...
computing neighbors (1000 / 68333)...
computing neighbors (2000 / 68333)...
computing neighbors (3000 / 68333)...
computing neighbors (4000 / 68333)...
computing neighbors (5000 / 68333)...
computing neighbors (6000 / 68333)...
computing neighbors (7000 / 68333)...
computing neighbors (8000 / 68333)...
computing neighbors (9000 / 68333)...
computing neighbors (10000 / 68333)...
computing neighbors (11000 / 68333)...
computing neighbors (12000 / 68333)...
computing neighbors (13000 / 68333)...
computing neighbors (14000 / 68333)...
computing neighbors (15000 / 68333)...
computing neighbors (16000 / 68333)...
computing neighbors (17000 / 68333)...
computing neighbors (18000 / 68333)...
computing neighbors (19000 / 68333)...
computing neighbors (20000 / 68333)...
computing neighbors (21000 / 68333)...
computing neighbors (22000 / 68333)...
computing neighbors (23000 / 68333)...
computing neighbors (24000 / 68333)...
computing neighbors (25000 / 68333)...
computing neighbors (26000 / 68333)...
computing neighbors (27000 / 68333)...
computing neighbors (28000 / 68333)...
computing neighbors (29000 / 68333)...
computing neighbors (30000 / 68333)...
computing neighbors (31000 / 68333)...
computing neighbors (32000 / 68333)...
computing neighbors (33000 / 68333)...
computing neighbors (34000 / 68333)...
computing neighbors (35000 / 68333)...
computing neighbors (36000 / 68333)...
computing neighbors (37000 / 68333)...
computing neighbors (38000 / 68333)...
computing neighbors (39000 / 68333)...
computing neighbors (40000 / 68333)...
computing neighbors (41000 / 68333)...
computing neighbors (42000 / 68333)...
computing neighbors (43000 / 68333)...
computing neighbors (44000 / 68333)...
computing neighbors (45000 / 68333)...
computing neighbors (46000 / 68333)...
computing neighbors (47000 / 68333)...
computing neighbors (48000 / 68333)...
computing neighbors (49000 / 68333)...
computing neighbors (50000 / 68333)...
computing neighbors (51000 / 68333)...
computing neighbors (52000 / 68333)...
computing neighbors (53000 / 68333)...
computing neighbors (54000 / 68333)...
computing neighbors (55000 / 68333)...
computing neighbors (56000 / 68333)...
computing neighbors (57000 / 68333)...
computing neighbors (58000 / 68333)...
computing neighbors (59000 / 68333)...
computing neighbors (60000 / 68333)...
computing neighbors (61000 / 68333)...
computing neighbors (62000 / 68333)...
computing neighbors (63000 / 68333)...
computing neighbors (64000 / 68333)...
computing neighbors (65000 / 68333)...
computing neighbors (66000 / 68333)...
computing neighbors (67000 / 68333)...
computing neighbors (68000 / 68333)...
755        vertices
68333      segments
31408      dominations
=======================
greedy clique: 64
greedy found 64 vertices in 0.058 seconds
 time (s)      nb expanded    nb generated   objective      
------------------------------------------------------------
  0.281                                      -64            
  0.286        4.0            823.0          -65            
  0.287        5.0            1.2 k          -66            
  0.298        12.0           3.3 k          -67            
  0.301        14.0           3.7 k          -68            
  0.304        16.0           3.7 k          -69            
  0.305        17.0           4.1 k          -70            
  0.307        19.0           4.4 k          -71            
  0.319        26.0           5.9 k          -72            
  0.320        27.0           6.2 k          -73            
  0.328        32.0           7.1 k          -74            
  0.329        33.0           7.4 k          -75            
  0.335        37.0           8.2 k          -76            
  0.337        39.0           8.3 k          -77            
  0.338        40.0           8.5 k          -78            
  0.344        44.0           9.3 k          -79            
  0.365        57.0           12.5 k         -80            
  0.368        59.0           12.8 k         -81            
  0.400        78.0           16.7 k         -82            
  0.413        86.0           18.2 k         -83            
  0.416        88.0           18.2 k         -84            
  0.417        89.0           18.4 k         -85            
  0.425        94.0           19.2 k         -86            
  0.428        96.0           19.4 k         -87            
  0.452        111.0          22.0 k         -88            
  0.455        113.0          22.2 k         -89            
  0.514        149.0          28.0 k         -90            
  0.520        153.0          28.5 k         -91            
  0.532        160.0          29.2 k         -92            
  0.533        161.0          29.3 k         -93            
  0.569        183.0          32.0 k         -94            
  0.588        194.0          33.2 k         -95            
  0.609        204.0          34.3 k         -96            
  0.616        209.0          34.7 k         -97            
  0.619        211.0          34.8 k         -98            
  0.641        224.0          36.1 k         -99            
  0.716        269.0          40.0 k         -100           
  0.749        289.0          41.4 k         -101           
  0.757        294.0          41.7 k         -102           
  0.869        361.0          45.1 k         -103           
  0.935        401.0          46.9 k         -104           
  1.051        470.0          49.6 k         -105           
  1.091        491.0          50.1 k         -106           
  1.106        500.0          50.2 k         -107           
  1.215        565.0          50.9 k         -108           
  1.234        577.0          51.1 k         -109           
  1.235        578.0          51.1 k         -110           
  1.287        609.0          51.5 k         -111           
  1.291        612.0          51.6 k         -112           
  1.393        672.0          52.4 k         -113           
  1.674        837.0          53.5 k         -114           
  1.679        841.0          53.6 k         -115           
  1.734        875.0          53.8 k         -116           
  1.747        883.0          53.8 k         -117           
  1.815        924.0          54.1 k         -118           
  1.816        925.0          54.1 k         -119           
  3.287        1.8 k          60.5 k         -120           
  3.360        1.8 k          60.8 k         -121           
  3.700        2.0 k          62.0 k         -122           
  3.875        2.1 k          62.8 k         -123           
  3.878        2.1 k          62.9 k         -124           
  3.950        2.2 k          63.1 k         -125           
  3.953        2.2 k          63.1 k         -126           
  3.969        2.2 k          63.2 k         -127           
  4.008        2.2 k          63.3 k         -128           
  4.879        2.7 k          66.5 k         -129           
  22.599       13.0 k         121.7 k        -130           
  186.540      102.2 k        594.7 k        -131           
  475.300      254.0 k        1.4 M          -132           
  808.885      426.8 k        2.3 M          -133           
  808.934      426.9 k        2.3 M          -134           
  1031.993     542.0 k        2.9 M          -135           
  5795.376     3.0 M          15.8 M         -136           
  29581.418    15.1 M         79.8 M         -137           
  75390.664    38.5 M         203.0 M        -138           
  75390.750    38.5 M         203.0 M        -139           
  75390.773    38.5 M         203.0 M        -140           
