printing solutions in: ./dogs-color/insts/cgshop22/visp41039.instance.json.solution.json
printing perfs in: ./dogs-color/insts/cgshop22/visp41039.instance.json.perf.json

CGSHOP Instance: compute neighbors...
computing neighbors (0 / 41039)...
computing neighbors (1000 / 41039)...
computing neighbors (2000 / 41039)...
computing neighbors (3000 / 41039)...
computing neighbors (4000 / 41039)...
computing neighbors (5000 / 41039)...
computing neighbors (6000 / 41039)...
computing neighbors (7000 / 41039)...
computing neighbors (8000 / 41039)...
computing neighbors (9000 / 41039)...
computing neighbors (10000 / 41039)...
computing neighbors (11000 / 41039)...
computing neighbors (12000 / 41039)...
computing neighbors (13000 / 41039)...
computing neighbors (14000 / 41039)...
computing neighbors (15000 / 41039)...
computing neighbors (16000 / 41039)...
computing neighbors (17000 / 41039)...
computing neighbors (18000 / 41039)...
computing neighbors (19000 / 41039)...
computing neighbors (20000 / 41039)...
computing neighbors (21000 / 41039)...
computing neighbors (22000 / 41039)...
computing neighbors (23000 / 41039)...
computing neighbors (24000 / 41039)...
computing neighbors (25000 / 41039)...
computing neighbors (26000 / 41039)...
computing neighbors (27000 / 41039)...
computing neighbors (28000 / 41039)...
computing neighbors (29000 / 41039)...
computing neighbors (30000 / 41039)...
computing neighbors (31000 / 41039)...
computing neighbors (32000 / 41039)...
computing neighbors (33000 / 41039)...
computing neighbors (34000 / 41039)...
computing neighbors (35000 / 41039)...
computing neighbors (36000 / 41039)...
computing neighbors (37000 / 41039)...
computing neighbors (38000 / 41039)...
computing neighbors (39000 / 41039)...
computing neighbors (40000 / 41039)...
computing neighbors (41000 / 41039)...
607        vertices
41039      segments
18957      dominations
=======================
greedy clique: 70
greedy found 70 vertices in 0.041 seconds
 time (s)      nb expanded    nb generated   objective      
------------------------------------------------------------
  0.149                                      -70            
  0.156        8.0            1.5 k          -71            
  0.157        9.0            1.5 k          -72            
  0.158        10.0           1.5 k          -73            
  0.158        11.0           1.8 k          -74            
  0.166        18.0           2.9 k          -75            
  0.166        19.0           3.2 k          -76            
  0.168        21.0           3.4 k          -77            
  0.170        23.0           3.4 k          -78            
  0.171        24.0           3.6 k          -79            
  0.176        29.0           4.3 k          -80            
  0.181        34.0           4.9 k          -81            
  0.188        41.0           5.7 k          -82            
  0.189        42.0           5.9 k          -83            
  0.191        44.0           6.0 k          -84            
  0.195        48.0           6.4 k          -85            
  0.201        54.0           7.0 k          -86            
  0.208        61.0           7.6 k          -87            
  0.209        62.0           7.7 k          -88            
  0.212        65.0           8.0 k          -89            
  0.218        71.0           8.5 k          -90            
  0.243        94.0           10.5 k         -91            
  0.249        100.0          11.0 k         -92            
  0.326        171.0          15.8 k         -93            
  0.379        219.0          18.0 k         -94            
  0.399        237.0          18.4 k         -95            
  0.399        238.0          18.5 k         -96            
  0.469        303.0          19.2 k         -97            
  0.474        308.0          19.3 k         -98            
  0.477        311.0          19.3 k         -99            
  0.500        333.0          19.4 k         -100           
  0.584        412.0          19.8 k         -101           
  0.990        782.0          22.8 k         -102           
  1.060        847.0          23.2 k         -103           
  1.540        1.3 k          26.2 k         -104           
  1.542        1.3 k          26.2 k         -105           
  1.650        1.4 k          27.2 k         -106           
  1.680        1.4 k          27.3 k         -107           
  1.705        1.4 k          27.5 k         -108           
  1.767        1.5 k          27.8 k         -109           
  2.818        2.4 k          34.1 k         -110           
  8.846        7.7 k          61.9 k         -111           
  8.886        7.8 k          62.1 k         -112           
  10.989       9.6 k          71.0 k         -113           
  1685.976     1.3 M          6.7 M          -114           
  1685.987     1.3 M          6.7 M          -115           
  2024.439     1.5 M          8.0 M          -116           
