printing solutions in: ./dogs-color/insts/cgshop22/visp60660.instance.json.solution.json
printing perfs in: ./dogs-color/insts/cgshop22/visp60660.instance.json.perf.json

CGSHOP Instance: compute neighbors...
computing neighbors (0 / 60660)...
computing neighbors (1000 / 60660)...
computing neighbors (2000 / 60660)...
computing neighbors (3000 / 60660)...
computing neighbors (4000 / 60660)...
computing neighbors (5000 / 60660)...
computing neighbors (6000 / 60660)...
computing neighbors (7000 / 60660)...
computing neighbors (8000 / 60660)...
computing neighbors (9000 / 60660)...
computing neighbors (10000 / 60660)...
computing neighbors (11000 / 60660)...
computing neighbors (12000 / 60660)...
computing neighbors (13000 / 60660)...
computing neighbors (14000 / 60660)...
computing neighbors (15000 / 60660)...
computing neighbors (16000 / 60660)...
computing neighbors (17000 / 60660)...
computing neighbors (18000 / 60660)...
computing neighbors (19000 / 60660)...
computing neighbors (20000 / 60660)...
computing neighbors (21000 / 60660)...
computing neighbors (22000 / 60660)...
computing neighbors (23000 / 60660)...
computing neighbors (24000 / 60660)...
computing neighbors (25000 / 60660)...
computing neighbors (26000 / 60660)...
computing neighbors (27000 / 60660)...
computing neighbors (28000 / 60660)...
computing neighbors (29000 / 60660)...
computing neighbors (30000 / 60660)...
computing neighbors (31000 / 60660)...
computing neighbors (32000 / 60660)...
computing neighbors (33000 / 60660)...
computing neighbors (34000 / 60660)...
computing neighbors (35000 / 60660)...
computing neighbors (36000 / 60660)...
computing neighbors (37000 / 60660)...
computing neighbors (38000 / 60660)...
computing neighbors (39000 / 60660)...
computing neighbors (40000 / 60660)...
computing neighbors (41000 / 60660)...
computing neighbors (42000 / 60660)...
computing neighbors (43000 / 60660)...
computing neighbors (44000 / 60660)...
computing neighbors (45000 / 60660)...
computing neighbors (46000 / 60660)...
computing neighbors (47000 / 60660)...
computing neighbors (48000 / 60660)...
computing neighbors (49000 / 60660)...
computing neighbors (50000 / 60660)...
computing neighbors (51000 / 60660)...
computing neighbors (52000 / 60660)...
computing neighbors (53000 / 60660)...
computing neighbors (54000 / 60660)...
computing neighbors (55000 / 60660)...
computing neighbors (56000 / 60660)...
computing neighbors (57000 / 60660)...
computing neighbors (58000 / 60660)...
computing neighbors (59000 / 60660)...
computing neighbors (60000 / 60660)...
1427       vertices
60660      segments
29078      dominations
=======================
greedy clique: 54
greedy found 54 vertices in 0.026 seconds
 time (s)      nb expanded    nb generated   objective      
------------------------------------------------------------
  0.092                                      -54            
  0.095        3.0            578.0          -55            
  0.097        6.0            1.1 k          -56            
  0.101        10.0           1.8 k          -57            
  0.103        12.0           1.8 k          -58            
  0.103        13.0           2.0 k          -59            
  0.107        17.0           2.6 k          -60            
  0.112        23.0           3.6 k          -61            
  0.115        27.0           4.2 k          -62            
  0.124        36.0           5.5 k          -63            
  0.125        37.0           5.5 k          -64            
  0.125        38.0           5.7 k          -65            
  0.127        40.0           5.7 k          -66            
  0.127        41.0           5.7 k          -67            
  0.128        42.0           5.9 k          -68            
  0.130        45.0           6.3 k          -69            
  0.132        47.0           6.3 k          -70            
  0.132        48.0           6.4 k          -71            
  0.136        52.0           6.8 k          -72            
  0.136        53.0           6.9 k          -73            
  0.141        58.0           7.5 k          -74            
  0.146        64.0           8.3 k          -75            
  0.157        76.0           9.7 k          -76            
  0.157        77.0           9.8 k          -77            
  0.171        91.0           11.4 k         -78            
  0.171        92.0           11.5 k         -79            
  0.179        100.0          12.3 k         -80            
  0.193        114.0          13.7 k         -81            
  0.200        122.0          14.4 k         -82            
  0.215        138.0          15.8 k         -83            
  0.236        160.0          17.5 k         -84            
  0.246        170.0          18.1 k         -85            
  0.255        180.0          18.8 k         -86            
  0.306        226.0          21.5 k         -87            
  0.313        234.0          21.9 k         -88            
  0.324        245.0          22.4 k         -89            
  0.342        264.0          23.1 k         -90            
  0.364        285.0          23.7 k         -91            
  9.547        9.4 k          70.2 k         -92            
  41.653       39.6 k         207.4 k        -93            
  41.655       39.6 k         207.5 k        -94            
  690.980      627.9 k        2.9 M          -95            
  2131.281     1.9 M          8.9 M          -96            
  23665.695    21.2 M         96.2 M         -97            
  45085.891    40.4 M         183.7 M        -98            
