printing solutions in: ./dogs-color/insts/cgshop22/visp43093.instance.json.solution.json
printing perfs in: ./dogs-color/insts/cgshop22/visp43093.instance.json.perf.json

CGSHOP Instance: compute neighbors...
computing neighbors (0 / 43093)...
computing neighbors (1000 / 43093)...
computing neighbors (2000 / 43093)...
computing neighbors (3000 / 43093)...
computing neighbors (4000 / 43093)...
computing neighbors (5000 / 43093)...
computing neighbors (6000 / 43093)...
computing neighbors (7000 / 43093)...
computing neighbors (8000 / 43093)...
computing neighbors (9000 / 43093)...
computing neighbors (10000 / 43093)...
computing neighbors (11000 / 43093)...
computing neighbors (12000 / 43093)...
computing neighbors (13000 / 43093)...
computing neighbors (14000 / 43093)...
computing neighbors (15000 / 43093)...
computing neighbors (16000 / 43093)...
computing neighbors (17000 / 43093)...
computing neighbors (18000 / 43093)...
computing neighbors (19000 / 43093)...
computing neighbors (20000 / 43093)...
computing neighbors (21000 / 43093)...
computing neighbors (22000 / 43093)...
computing neighbors (23000 / 43093)...
computing neighbors (24000 / 43093)...
computing neighbors (25000 / 43093)...
computing neighbors (26000 / 43093)...
computing neighbors (27000 / 43093)...
computing neighbors (28000 / 43093)...
computing neighbors (29000 / 43093)...
computing neighbors (30000 / 43093)...
computing neighbors (31000 / 43093)...
computing neighbors (32000 / 43093)...
computing neighbors (33000 / 43093)...
computing neighbors (34000 / 43093)...
computing neighbors (35000 / 43093)...
computing neighbors (36000 / 43093)...
computing neighbors (37000 / 43093)...
computing neighbors (38000 / 43093)...
computing neighbors (39000 / 43093)...
computing neighbors (40000 / 43093)...
computing neighbors (41000 / 43093)...
computing neighbors (42000 / 43093)...
computing neighbors (43000 / 43093)...
743        vertices
43093      segments
20371      dominations
=======================
greedy clique: 47
greedy found 47 vertices in 0.024 seconds
 time (s)      nb expanded    nb generated   objective      
------------------------------------------------------------
  0.100                                      -47            
  0.102        3.0            741.0          -48            
  0.104        5.0            1.1 k          -49            
  0.105        7.0            1.4 k          -50            
  0.107        9.0            1.5 k          -51            
  0.107        10.0           1.5 k          -52            
  0.108        11.0           1.5 k          -53            
  0.108        12.0           1.5 k          -54            
  0.109        13.0           1.5 k          -55            
  0.109        14.0           1.7 k          -56            
  0.114        19.0           2.7 k          -57            
  0.116        22.0           3.1 k          -58            
  0.119        25.0           3.5 k          -59            
  0.125        32.0           4.7 k          -60            
  0.131        39.0           5.7 k          -61            
  0.133        41.0           5.9 k          -62            
  0.136        45.0           6.4 k          -63            
  0.143        53.0           7.6 k          -64            
  0.149        60.0           8.5 k          -65            
  0.162        74.0           10.3 k         -66            
  0.164        77.0           10.6 k         -67            
  0.166        79.0           10.7 k         -68            
  0.169        83.0           11.0 k         -69            
  0.173        87.0           11.4 k         -70            
  0.174        89.0           11.5 k         -71            
  0.177        92.0           11.7 k         -72            
  0.180        96.0           12.0 k         -73            
  0.181        98.0           12.1 k         -74            
  0.186        103.0          12.5 k         -75            
  0.188        106.0          12.7 k         -76            
  0.198        116.0          13.4 k         -77            
  0.219        139.0          14.8 k         -78            
  0.240        162.0          16.0 k         -79            
  0.247        170.0          16.4 k         -80            
  0.276        202.0          17.6 k         -81            
  0.309        237.0          18.5 k         -82            
  0.325        255.0          18.8 k         -83            
  0.348        279.0          19.4 k         -84            
  0.373        307.0          19.9 k         -85            
  0.374        308.0          20.0 k         -86            
  0.489        432.0          20.9 k         -87            
  0.600        551.0          21.7 k         -88            
  0.641        596.0          21.9 k         -89            
  5.294        5.4 k          47.7 k         -90            
  5.300        5.4 k          47.7 k         -91            
  83.316       76.6 k         413.8 k        -92            
  83.328       76.6 k         413.9 k        -93            
  24086.189    19.7 M         101.7 M        -94            
  88048.922    71.7 M         369.5 M        -95            
