printing solutions in: ./dogs-color/insts/cgshop22/visp32354.instance.json.solution.json
printing perfs in: ./dogs-color/insts/cgshop22/visp32354.instance.json.perf.json

CGSHOP Instance: compute neighbors...
computing neighbors (0 / 32354)...
computing neighbors (1000 / 32354)...
computing neighbors (2000 / 32354)...
computing neighbors (3000 / 32354)...
computing neighbors (4000 / 32354)...
computing neighbors (5000 / 32354)...
computing neighbors (6000 / 32354)...
computing neighbors (7000 / 32354)...
computing neighbors (8000 / 32354)...
computing neighbors (9000 / 32354)...
computing neighbors (10000 / 32354)...
computing neighbors (11000 / 32354)...
computing neighbors (12000 / 32354)...
computing neighbors (13000 / 32354)...
computing neighbors (14000 / 32354)...
computing neighbors (15000 / 32354)...
computing neighbors (16000 / 32354)...
computing neighbors (17000 / 32354)...
computing neighbors (18000 / 32354)...
computing neighbors (19000 / 32354)...
computing neighbors (20000 / 32354)...
computing neighbors (21000 / 32354)...
computing neighbors (22000 / 32354)...
computing neighbors (23000 / 32354)...
computing neighbors (24000 / 32354)...
computing neighbors (25000 / 32354)...
computing neighbors (26000 / 32354)...
computing neighbors (27000 / 32354)...
computing neighbors (28000 / 32354)...
computing neighbors (29000 / 32354)...
computing neighbors (30000 / 32354)...
computing neighbors (31000 / 32354)...
computing neighbors (32000 / 32354)...
590        vertices
32354      segments
15018      dominations
=======================
greedy clique: 34
greedy found 34 vertices in 0.010 seconds
 time (s)      nb expanded    nb generated   objective      
------------------------------------------------------------
  0.031                                      -34            
  0.033        4.0            433.0          -35            
  0.033        5.0            631.0          -36            
  0.034        7.0            816.0          -37            
  0.036        10.0           1.2 k          -38            
  0.037        12.0           1.3 k          -39            
  0.043        24.0           2.7 k          -40            
  0.044        25.0           2.9 k          -41            
  0.055        45.0           5.3 k          -42            
  0.057        49.0           5.7 k          -43            
  0.060        53.0           6.0 k          -44            
  0.063        59.0           6.6 k          -45            
  0.066        65.0           7.1 k          -46            
  0.066        66.0           7.2 k          -47            
  0.069        72.0           7.7 k          -48            
  0.102        128.0          11.4 k         -49            
  0.112        145.0          12.2 k         -50            
  0.117        154.0          12.5 k         -51            
  0.143        199.0          13.9 k         -52            
  0.197        292.0          16.5 k         -53            
  0.344        550.0          19.8 k         -54            
  0.446        731.0          21.3 k         -55            
  0.599        999.0          23.1 k         -56            
  0.951        1.6 k          26.7 k         -57            
  1.106        1.9 k          28.2 k         -58            
  4.896        8.4 k          61.6 k         -59            
  5.004        8.6 k          62.3 k         -60            
  1042.875     1.7 M          8.6 M          -61            
